[0.070s] Invoking command in '/home/matthew/nav2_ws/build/nav2_behavior_tree': AMENT_PREFIX_PATH=/home/matthew/nav2_ws/install/nav2_util:/home/matthew/nav2_ws/install/nav2_msgs:/home/matthew/nav2_ws/install/nav2_common:${AMENT_PREFIX_PATH} CMAKE_PREFIX_PATH=/home/matthew/nav2_ws/install/nav2_util:/home/matthew/nav2_ws/install/nav2_msgs:/home/matthew/nav2_ws/install/nav2_common:/home/matthew/ros2_ws/install/ros2_laser_scan_matcher:/home/matthew/ros2_ws/install/opennav_docking_core:/home/matthew/ros2_ws/install/my_robot_description:/home/matthew/ros2_ws/install/map_msgs:/home/matthew/ros2_ws/install/fake_odometry:/home/matthew/ros2_ws/install/dwb_msgs:/home/matthew/ros2_ws/install/csm:/opt/ros/iron LD_LIBRARY_PATH=/home/matthew/nav2_ws/install/nav2_util/lib:/home/matthew/nav2_ws/install/nav2_msgs/lib:${LD_LIBRARY_PATH} PYTHONPATH=/home/matthew/nav2_ws/install/nav2_msgs/lib/python3.10/site-packages:/home/matthew/nav2_ws/install/nav2_common/lib/python3.10/site-packages:${PYTHONPATH} /usr/bin/cmake --build /home/matthew/nav2_ws/build/nav2_behavior_tree -- -j6 -l6
[0.294s] [  1%] Built target nav2_compute_path_to_pose_action_bt_node
[0.300s] [  2%] Built target nav2_behavior_tree
[0.357s] [  3%] Built target nav2_controller_cancel_bt_node
[0.390s] [  4%] Built target nav2_compute_path_through_poses_action_bt_node
[0.400s] [  6%] Built target nav2_wait_cancel_bt_node
[0.407s] [  6%] Built target nav2_spin_cancel_bt_node
[0.478s] [  7%] Built target nav2_back_up_cancel_bt_node
[0.524s] [  8%] Built target nav2_assisted_teleop_cancel_bt_node
[0.549s] [  9%] Built target nav2_drive_on_heading_cancel_bt_node
[0.575s] [  9%] Built target nav2_follow_path_action_bt_node
[0.587s] [  9%] Built target nav2_smooth_path_action_bt_node
[0.601s] [ 10%] Built target nav2_back_up_action_bt_node
[0.638s] [ 11%] Built target nav2_drive_on_heading_bt_node
[0.689s] [ 12%] Built target nav2_spin_action_bt_node
[0.703s] [ 13%] Built target nav2_assisted_teleop_action_bt_node
[0.706s] [ 13%] Built target nav2_wait_action_bt_node
[0.718s] [ 13%] Built target nav2_clear_costmap_service_bt_node
[0.747s] [ 14%] Built target nav2_is_stuck_condition_bt_node
[0.781s] [ 15%] Built target nav2_transform_available_condition_bt_node
[0.811s] [ 16%] Built target nav2_goal_updated_condition_bt_node
[0.812s] [ 17%] Built target nav2_goal_reached_condition_bt_node
[0.812s] [ 18%] Built target nav2_globally_updated_goal_condition_bt_node
[0.853s] [ 19%] Built target nav2_time_expired_condition_bt_node
[0.872s] [ 20%] Built target nav2_is_path_valid_condition_bt_node
[0.901s] [ 21%] Built target nav2_path_expiring_timer_condition
[0.909s] [ 22%] Built target nav2_distance_traveled_condition_bt_node
[0.914s] [ 23%] Built target nav2_initial_pose_received_condition_bt_node
[0.936s] [ 23%] Built target nav2_is_battery_charging_condition_bt_node
[0.955s] [ 24%] Built target nav2_is_battery_low_condition_bt_node
[0.992s] [ 25%] Built target nav2_are_error_codes_active_condition_bt_node
[1.020s] [ 26%] Built target nav2_would_a_controller_recovery_help_condition_bt_node
[1.022s] [ 27%] Built target nav2_would_a_planner_recovery_help_condition_bt_node
[1.027s] [ 28%] Built target nav2_reinitialize_global_localization_service_bt_node
[1.045s] [ 29%] Built target nav2_rate_controller_bt_node
[1.046s] [ 30%] Built target nav2_would_a_smoother_recovery_help_condition_bt_node
[1.109s] [ 31%] Built target nav2_distance_controller_bt_node
[1.129s] [ 32%] Built target nav2_truncate_path_action_bt_node
[1.134s] [ 33%] Built target nav2_truncate_path_local_action_bt_node
[1.134s] [ 34%] Built target nav2_speed_controller_bt_node
[1.153s] [ 35%] Built target nav2_goal_updater_node_bt_node
[1.172s] [ 36%] Built target nav2_path_longer_on_approach_bt_node
[1.256s] [ 37%] Built target nav2_navigate_to_pose_action_bt_node
[1.256s] [ 38%] Built target nav2_recovery_node_bt_node
[1.272s] [ 39%] Built target nav2_pipeline_sequence_bt_node
[1.274s] [ 39%] Built target nav2_navigate_through_poses_action_bt_node
[1.284s] [ 40%] Built target nav2_get_pose_from_path_action_bt_node
[1.291s] [ 41%] Built target nav2_remove_passed_goals_action_bt_node
[1.338s] [ 42%] Built target nav2_round_robin_node_bt_node
[1.363s] [ 43%] Built target nav2_single_trigger_bt_node
[1.385s] [ 44%] Built target nav2_smoother_selector_bt_node
[1.392s] [ 45%] Built target nav2_planner_selector_bt_node
[1.406s] [ 46%] Built target nav2_controller_selector_bt_node
[1.415s] [ 47%] Built target nav2_goal_checker_selector_bt_node
[1.432s] [ 48%] Built target nav2_progress_checker_selector_bt_node
[1.454s] [ 49%] Built target gtest_main
[1.461s] [ 50%] Built target nav2_goal_updated_controller_bt_node
[1.465s] [ 50%] Built target gtest
[1.583s] [ 50%] Built target test_bt_conversions
[1.635s] [ 51%] Built target test_condition_goal_reached
[1.643s] [ 52%] Built target test_condition_time_expired
[1.645s] [ 53%] Built target test_condition_goal_updated
[1.647s] [ 54%] Built target test_condition_distance_traveled
[1.671s] [ 55%] Built target test_condition_path_expiring_timer
[1.759s] [ 56%] Built target test_condition_transform_available
[1.767s] [ 58%] Built target test_condition_initial_pose_received
[1.767s] [ 58%] Built target test_condition_globally_updated_goal
[1.782s] [ 59%] Built target test_condition_is_stuck
[1.839s] [ 60%] Built target test_condition_is_battery_charging
[1.842s] [ 61%] Built target test_condition_is_battery_low
[1.856s] [ 61%] Built target test_condition_is_path_valid
[1.883s] [ 62%] Built target test_are_error_codes_present
[1.891s] [ 63%] Built target test_would_a_controller_recovery_help
[1.908s] [ 64%] Built target test_would_a_planner_recovery_help
[2.013s] [ 65%] Built target test_decorator_speed_controller
[2.040s] [ 65%] Built target test_decorator_distance_controller
[2.052s] [ 66%] Built target test_decorator_rate_controller
[2.057s] [ 67%] Built target test_single_trigger_node
[2.062s] [ 68%] Built target test_would_a_smoother_recovery_help
[2.066s] [ 69%] Built target test_goal_updater_node
[2.167s] [ 70%] Built target test_goal_updated_controller
[2.177s] [ 71%] Built target test_control_recovery_node
[2.214s] [ 72%] Built target test_control_pipeline_sequence
[2.223s] [ 73%] Built target test_bt_action_node
[2.228s] [ 74%] Built target test_decorator_path_longer_on_approach
[2.240s] [ 75%] Built target test_control_round_robin_node
[2.319s] [ 76%] Built target test_action_spin_action
[2.354s] [ 77%] Built target test_action_back_up_action
[2.365s] [ 78%] Built target test_action_drive_on_heading
[2.373s] [ 79%] Built target test_action_assisted_teleop_action
[2.379s] [ 80%] Built target test_action_controller_cancel_action
[2.401s] [ 81%] Built target test_action_wait_action
[2.442s] [ 81%] Built target test_action_back_up_cancel_action
[2.450s] [ 82%] Built target test_action_wait_cancel_action
[2.457s] [ 83%] Built target test_action_spin_cancel_action
[2.459s] [ 84%] Built target test_action_assisted_teleop_cancel_action
[2.505s] [ 85%] Built target test_action_drive_on_heading_cancel_action
[2.522s] [ 86%] Built target test_action_clear_costmap_service
[2.538s] [ 87%] Built target test_action_reinitialize_global_localization_service
[2.545s] [ 89%] Built target test_action_compute_path_to_pose_action
[2.545s] [ 89%] Built target test_action_smooth_path_action
[2.554s] [ 90%] Built target test_action_compute_path_through_poses_action
[2.595s] [ 90%] Built target test_action_navigate_to_pose_action
[2.628s] [ 91%] Built target test_action_follow_path_action
[2.643s] [ 93%] Built target test_truncate_path_action
[2.643s] [ 93%] Built target test_action_navigate_through_poses_action
[2.648s] [ 95%] Built target test_truncate_path_local_action
[2.654s] [ 95%] Built target test_remove_passed_goals_action
[2.728s] [ 96%] Built target test_get_pose_from_path_action
[2.737s] [ 97%] Built target test_planner_selector_node
[2.756s] [ 98%] Built target test_smoother_selector_node
[2.764s] [ 99%] Built target test_goal_checker_selector_node
[2.769s] [ 99%] Built target test_progress_checker_selector_node
[2.778s] [100%] Built target test_controller_selector_node
[2.819s] Invoked command in '/home/matthew/nav2_ws/build/nav2_behavior_tree' returned '0': AMENT_PREFIX_PATH=/home/matthew/nav2_ws/install/nav2_util:/home/matthew/nav2_ws/install/nav2_msgs:/home/matthew/nav2_ws/install/nav2_common:${AMENT_PREFIX_PATH} CMAKE_PREFIX_PATH=/home/matthew/nav2_ws/install/nav2_util:/home/matthew/nav2_ws/install/nav2_msgs:/home/matthew/nav2_ws/install/nav2_common:/home/matthew/ros2_ws/install/ros2_laser_scan_matcher:/home/matthew/ros2_ws/install/opennav_docking_core:/home/matthew/ros2_ws/install/my_robot_description:/home/matthew/ros2_ws/install/map_msgs:/home/matthew/ros2_ws/install/fake_odometry:/home/matthew/ros2_ws/install/dwb_msgs:/home/matthew/ros2_ws/install/csm:/opt/ros/iron LD_LIBRARY_PATH=/home/matthew/nav2_ws/install/nav2_util/lib:/home/matthew/nav2_ws/install/nav2_msgs/lib:${LD_LIBRARY_PATH} PYTHONPATH=/home/matthew/nav2_ws/install/nav2_msgs/lib/python3.10/site-packages:/home/matthew/nav2_ws/install/nav2_common/lib/python3.10/site-packages:${PYTHONPATH} /usr/bin/cmake --build /home/matthew/nav2_ws/build/nav2_behavior_tree -- -j6 -l6
[2.828s] Invoking command in '/home/matthew/nav2_ws/build/nav2_behavior_tree': AMENT_PREFIX_PATH=/home/matthew/nav2_ws/install/nav2_util:/home/matthew/nav2_ws/install/nav2_msgs:/home/matthew/nav2_ws/install/nav2_common:${AMENT_PREFIX_PATH} CMAKE_PREFIX_PATH=/home/matthew/nav2_ws/install/nav2_util:/home/matthew/nav2_ws/install/nav2_msgs:/home/matthew/nav2_ws/install/nav2_common:/home/matthew/ros2_ws/install/ros2_laser_scan_matcher:/home/matthew/ros2_ws/install/opennav_docking_core:/home/matthew/ros2_ws/install/my_robot_description:/home/matthew/ros2_ws/install/map_msgs:/home/matthew/ros2_ws/install/fake_odometry:/home/matthew/ros2_ws/install/dwb_msgs:/home/matthew/ros2_ws/install/csm:/opt/ros/iron LD_LIBRARY_PATH=/home/matthew/nav2_ws/install/nav2_util/lib:/home/matthew/nav2_ws/install/nav2_msgs/lib:${LD_LIBRARY_PATH} PYTHONPATH=/home/matthew/nav2_ws/install/nav2_msgs/lib/python3.10/site-packages:/home/matthew/nav2_ws/install/nav2_common/lib/python3.10/site-packages:${PYTHONPATH} /usr/bin/cmake --install /home/matthew/nav2_ws/build/nav2_behavior_tree
[2.847s] -- Install configuration: "Release"
[2.848s] -- Execute custom install script
[2.849s] -- Up-to-date symlink: /home/matthew/nav2_ws/install/nav2_behavior_tree/lib/libnav2_behavior_tree.so
[2.849s] -- Up-to-date symlink: /home/matthew/nav2_ws/install/nav2_behavior_tree/lib/libnav2_compute_path_to_pose_action_bt_node.so
[2.849s] -- Up-to-date symlink: /home/matthew/nav2_ws/install/nav2_behavior_tree/lib/libnav2_compute_path_through_poses_action_bt_node.so
[2.849s] -- Up-to-date symlink: /home/matthew/nav2_ws/install/nav2_behavior_tree/lib/libnav2_controller_cancel_bt_node.so
[2.850s] -- Up-to-date symlink: /home/matthew/nav2_ws/install/nav2_behavior_tree/lib/libnav2_wait_cancel_bt_node.so
[2.850s] -- Up-to-date symlink: /home/matthew/nav2_ws/install/nav2_behavior_tree/lib/libnav2_spin_cancel_bt_node.so
[2.850s] -- Up-to-date symlink: /home/matthew/nav2_ws/install/nav2_behavior_tree/lib/libnav2_back_up_cancel_bt_node.so
[2.851s] -- Up-to-date symlink: /home/matthew/nav2_ws/install/nav2_behavior_tree/lib/libnav2_assisted_teleop_cancel_bt_node.so
[2.851s] -- Up-to-date symlink: /home/matthew/nav2_ws/install/nav2_behavior_tree/lib/libnav2_drive_on_heading_cancel_bt_node.so
[2.851s] -- Up-to-date symlink: /home/matthew/nav2_ws/install/nav2_behavior_tree/lib/libnav2_smooth_path_action_bt_node.so
[2.851s] -- Up-to-date symlink: /home/matthew/nav2_ws/install/nav2_behavior_tree/lib/libnav2_follow_path_action_bt_node.so
[2.851s] -- Up-to-date symlink: /home/matthew/nav2_ws/install/nav2_behavior_tree/lib/libnav2_back_up_action_bt_node.so
[2.852s] -- Up-to-date symlink: /home/matthew/nav2_ws/install/nav2_behavior_tree/lib/libnav2_drive_on_heading_bt_node.so
[2.852s] -- Up-to-date symlink: /home/matthew/nav2_ws/install/nav2_behavior_tree/lib/libnav2_spin_action_bt_node.so
[2.852s] -- Up-to-date symlink: /home/matthew/nav2_ws/install/nav2_behavior_tree/lib/libnav2_wait_action_bt_node.so
[2.852s] -- Up-to-date symlink: /home/matthew/nav2_ws/install/nav2_behavior_tree/lib/libnav2_assisted_teleop_action_bt_node.so
[2.853s] -- Up-to-date symlink: /home/matthew/nav2_ws/install/nav2_behavior_tree/lib/libnav2_clear_costmap_service_bt_node.so
[2.853s] -- Up-to-date symlink: /home/matthew/nav2_ws/install/nav2_behavior_tree/lib/libnav2_is_stuck_condition_bt_node.so
[2.854s] -- Up-to-date symlink: /home/matthew/nav2_ws/install/nav2_behavior_tree/lib/libnav2_transform_available_condition_bt_node.so
[2.855s] -- Up-to-date symlink: /home/matthew/nav2_ws/install/nav2_behavior_tree/lib/libnav2_goal_reached_condition_bt_node.so
[2.855s] -- Up-to-date symlink: /home/matthew/nav2_ws/install/nav2_behavior_tree/lib/libnav2_globally_updated_goal_condition_bt_node.so
[2.855s] -- Up-to-date symlink: /home/matthew/nav2_ws/install/nav2_behavior_tree/lib/libnav2_goal_updated_condition_bt_node.so
[2.855s] -- Up-to-date symlink: /home/matthew/nav2_ws/install/nav2_behavior_tree/lib/libnav2_is_path_valid_condition_bt_node.so
[2.855s] -- Up-to-date symlink: /home/matthew/nav2_ws/install/nav2_behavior_tree/lib/libnav2_time_expired_condition_bt_node.so
[2.856s] -- Up-to-date symlink: /home/matthew/nav2_ws/install/nav2_behavior_tree/lib/libnav2_path_expiring_timer_condition.so
[2.856s] -- Up-to-date symlink: /home/matthew/nav2_ws/install/nav2_behavior_tree/lib/libnav2_distance_traveled_condition_bt_node.so
[2.856s] -- Up-to-date symlink: /home/matthew/nav2_ws/install/nav2_behavior_tree/lib/libnav2_initial_pose_received_condition_bt_node.so
[2.857s] -- Up-to-date symlink: /home/matthew/nav2_ws/install/nav2_behavior_tree/lib/libnav2_is_battery_charging_condition_bt_node.so
[2.857s] -- Up-to-date symlink: /home/matthew/nav2_ws/install/nav2_behavior_tree/lib/libnav2_is_battery_low_condition_bt_node.so
[2.857s] -- Up-to-date symlink: /home/matthew/nav2_ws/install/nav2_behavior_tree/lib/libnav2_are_error_codes_active_condition_bt_node.so
[2.857s] -- Up-to-date symlink: /home/matthew/nav2_ws/install/nav2_behavior_tree/lib/libnav2_would_a_controller_recovery_help_condition_bt_node.so
[2.858s] -- Up-to-date symlink: /home/matthew/nav2_ws/install/nav2_behavior_tree/lib/libnav2_would_a_planner_recovery_help_condition_bt_node.so
[2.858s] -- Up-to-date symlink: /home/matthew/nav2_ws/install/nav2_behavior_tree/lib/libnav2_would_a_smoother_recovery_help_condition_bt_node.so
[2.858s] -- Up-to-date symlink: /home/matthew/nav2_ws/install/nav2_behavior_tree/lib/libnav2_reinitialize_global_localization_service_bt_node.so
[2.858s] -- Up-to-date symlink: /home/matthew/nav2_ws/install/nav2_behavior_tree/lib/libnav2_rate_controller_bt_node.so
[2.858s] -- Up-to-date symlink: /home/matthew/nav2_ws/install/nav2_behavior_tree/lib/libnav2_distance_controller_bt_node.so
[2.859s] -- Up-to-date symlink: /home/matthew/nav2_ws/install/nav2_behavior_tree/lib/libnav2_speed_controller_bt_node.so
[2.859s] -- Up-to-date symlink: /home/matthew/nav2_ws/install/nav2_behavior_tree/lib/libnav2_truncate_path_action_bt_node.so
[2.859s] -- Up-to-date symlink: /home/matthew/nav2_ws/install/nav2_behavior_tree/lib/libnav2_truncate_path_local_action_bt_node.so
[2.859s] -- Up-to-date symlink: /home/matthew/nav2_ws/install/nav2_behavior_tree/lib/libnav2_goal_updater_node_bt_node.so
[2.860s] -- Up-to-date symlink: /home/matthew/nav2_ws/install/nav2_behavior_tree/lib/libnav2_path_longer_on_approach_bt_node.so
[2.860s] -- Up-to-date symlink: /home/matthew/nav2_ws/install/nav2_behavior_tree/lib/libnav2_recovery_node_bt_node.so
[2.860s] -- Up-to-date symlink: /home/matthew/nav2_ws/install/nav2_behavior_tree/lib/libnav2_navigate_to_pose_action_bt_node.so
[2.860s] -- Up-to-date symlink: /home/matthew/nav2_ws/install/nav2_behavior_tree/lib/libnav2_navigate_through_poses_action_bt_node.so
[2.861s] -- Up-to-date symlink: /home/matthew/nav2_ws/install/nav2_behavior_tree/lib/libnav2_remove_passed_goals_action_bt_node.so
[2.861s] -- Up-to-date symlink: /home/matthew/nav2_ws/install/nav2_behavior_tree/lib/libnav2_get_pose_from_path_action_bt_node.so
[2.861s] -- Up-to-date symlink: /home/matthew/nav2_ws/install/nav2_behavior_tree/lib/libnav2_pipeline_sequence_bt_node.so
[2.862s] -- Up-to-date symlink: /home/matthew/nav2_ws/install/nav2_behavior_tree/lib/libnav2_round_robin_node_bt_node.so
[2.862s] -- Up-to-date symlink: /home/matthew/nav2_ws/install/nav2_behavior_tree/lib/libnav2_single_trigger_bt_node.so
[2.862s] -- Up-to-date symlink: /home/matthew/nav2_ws/install/nav2_behavior_tree/lib/libnav2_planner_selector_bt_node.so
[2.863s] -- Up-to-date symlink: /home/matthew/nav2_ws/install/nav2_behavior_tree/lib/libnav2_controller_selector_bt_node.so
[2.863s] -- Up-to-date symlink: /home/matthew/nav2_ws/install/nav2_behavior_tree/lib/libnav2_smoother_selector_bt_node.so
[2.863s] -- Up-to-date symlink: /home/matthew/nav2_ws/install/nav2_behavior_tree/lib/libnav2_goal_checker_selector_bt_node.so
[2.864s] -- Up-to-date symlink: /home/matthew/nav2_ws/install/nav2_behavior_tree/lib/libnav2_progress_checker_selector_bt_node.so
[2.864s] -- Up-to-date symlink: /home/matthew/nav2_ws/install/nav2_behavior_tree/lib/libnav2_goal_updated_controller_bt_node.so
[2.868s] -- Up-to-date symlink: /home/matthew/nav2_ws/install/nav2_behavior_tree/include//nav2_behavior_tree/behavior_tree_engine.hpp
[2.868s] -- Up-to-date symlink: /home/matthew/nav2_ws/install/nav2_behavior_tree/include//nav2_behavior_tree/bt_action_node.hpp
[2.868s] -- Up-to-date symlink: /home/matthew/nav2_ws/install/nav2_behavior_tree/include//nav2_behavior_tree/bt_action_server.hpp
[2.868s] -- Up-to-date symlink: /home/matthew/nav2_ws/install/nav2_behavior_tree/include//nav2_behavior_tree/bt_action_server_impl.hpp
[2.869s] -- Up-to-date symlink: /home/matthew/nav2_ws/install/nav2_behavior_tree/include//nav2_behavior_tree/bt_cancel_action_node.hpp
[2.869s] -- Up-to-date symlink: /home/matthew/nav2_ws/install/nav2_behavior_tree/include//nav2_behavior_tree/bt_conversions.hpp
[2.869s] -- Up-to-date symlink: /home/matthew/nav2_ws/install/nav2_behavior_tree/include//nav2_behavior_tree/bt_service_node.hpp
[2.869s] -- Up-to-date symlink: /home/matthew/nav2_ws/install/nav2_behavior_tree/include//nav2_behavior_tree/plugins/action/assisted_teleop_action.hpp
[2.870s] -- Up-to-date symlink: /home/matthew/nav2_ws/install/nav2_behavior_tree/include//nav2_behavior_tree/plugins/action/assisted_teleop_cancel_node.hpp
[2.870s] -- Up-to-date symlink: /home/matthew/nav2_ws/install/nav2_behavior_tree/include//nav2_behavior_tree/plugins/action/back_up_action.hpp
[2.870s] -- Up-to-date symlink: /home/matthew/nav2_ws/install/nav2_behavior_tree/include//nav2_behavior_tree/plugins/action/back_up_cancel_node.hpp
[2.871s] -- Up-to-date symlink: /home/matthew/nav2_ws/install/nav2_behavior_tree/include//nav2_behavior_tree/plugins/action/clear_costmap_service.hpp
[2.871s] -- Up-to-date symlink: /home/matthew/nav2_ws/install/nav2_behavior_tree/include//nav2_behavior_tree/plugins/action/compute_path_through_poses_action.hpp
[2.871s] -- Up-to-date symlink: /home/matthew/nav2_ws/install/nav2_behavior_tree/include//nav2_behavior_tree/plugins/action/compute_path_to_pose_action.hpp
[2.871s] -- Up-to-date symlink: /home/matthew/nav2_ws/install/nav2_behavior_tree/include//nav2_behavior_tree/plugins/action/controller_cancel_node.hpp
[2.872s] -- Up-to-date symlink: /home/matthew/nav2_ws/install/nav2_behavior_tree/include//nav2_behavior_tree/plugins/action/controller_selector_node.hpp
[2.872s] -- Up-to-date symlink: /home/matthew/nav2_ws/install/nav2_behavior_tree/include//nav2_behavior_tree/plugins/action/drive_on_heading_action.hpp
[2.872s] -- Up-to-date symlink: /home/matthew/nav2_ws/install/nav2_behavior_tree/include//nav2_behavior_tree/plugins/action/drive_on_heading_cancel_node.hpp
[2.872s] -- Up-to-date symlink: /home/matthew/nav2_ws/install/nav2_behavior_tree/include//nav2_behavior_tree/plugins/action/follow_path_action.hpp
[2.872s] -- Up-to-date symlink: /home/matthew/nav2_ws/install/nav2_behavior_tree/include//nav2_behavior_tree/plugins/action/get_pose_from_path_action.hpp
[2.873s] -- Up-to-date symlink: /home/matthew/nav2_ws/install/nav2_behavior_tree/include//nav2_behavior_tree/plugins/action/goal_checker_selector_node.hpp
[2.873s] -- Up-to-date symlink: /home/matthew/nav2_ws/install/nav2_behavior_tree/include//nav2_behavior_tree/plugins/action/navigate_through_poses_action.hpp
[2.873s] -- Up-to-date symlink: /home/matthew/nav2_ws/install/nav2_behavior_tree/include//nav2_behavior_tree/plugins/action/navigate_to_pose_action.hpp
[2.873s] -- Up-to-date symlink: /home/matthew/nav2_ws/install/nav2_behavior_tree/include//nav2_behavior_tree/plugins/action/planner_selector_node.hpp
[2.874s] -- Up-to-date symlink: /home/matthew/nav2_ws/install/nav2_behavior_tree/include//nav2_behavior_tree/plugins/action/progress_checker_selector_node.hpp
[2.874s] -- Up-to-date symlink: /home/matthew/nav2_ws/install/nav2_behavior_tree/include//nav2_behavior_tree/plugins/action/reinitialize_global_localization_service.hpp
[2.874s] -- Up-to-date symlink: /home/matthew/nav2_ws/install/nav2_behavior_tree/include//nav2_behavior_tree/plugins/action/remove_passed_goals_action.hpp
[2.874s] -- Up-to-date symlink: /home/matthew/nav2_ws/install/nav2_behavior_tree/include//nav2_behavior_tree/plugins/action/smooth_path_action.hpp
[2.875s] -- Up-to-date symlink: /home/matthew/nav2_ws/install/nav2_behavior_tree/include//nav2_behavior_tree/plugins/action/smoother_selector_node.hpp
[2.875s] -- Up-to-date symlink: /home/matthew/nav2_ws/install/nav2_behavior_tree/include//nav2_behavior_tree/plugins/action/spin_action.hpp
[2.875s] -- Up-to-date symlink: /home/matthew/nav2_ws/install/nav2_behavior_tree/include//nav2_behavior_tree/plugins/action/spin_cancel_node.hpp
[2.875s] -- Up-to-date symlink: /home/matthew/nav2_ws/install/nav2_behavior_tree/include//nav2_behavior_tree/plugins/action/truncate_path_action.hpp
[2.875s] -- Up-to-date symlink: /home/matthew/nav2_ws/install/nav2_behavior_tree/include//nav2_behavior_tree/plugins/action/truncate_path_local_action.hpp
[2.876s] -- Up-to-date symlink: /home/matthew/nav2_ws/install/nav2_behavior_tree/include//nav2_behavior_tree/plugins/action/wait_action.hpp
[2.876s] -- Up-to-date symlink: /home/matthew/nav2_ws/install/nav2_behavior_tree/include//nav2_behavior_tree/plugins/action/wait_cancel_node.hpp
[2.876s] -- Up-to-date symlink: /home/matthew/nav2_ws/install/nav2_behavior_tree/include//nav2_behavior_tree/plugins/condition/are_error_codes_present_condition.hpp
[2.876s] -- Up-to-date symlink: /home/matthew/nav2_ws/install/nav2_behavior_tree/include//nav2_behavior_tree/plugins/condition/distance_traveled_condition.hpp
[2.877s] -- Up-to-date symlink: /home/matthew/nav2_ws/install/nav2_behavior_tree/include//nav2_behavior_tree/plugins/condition/globally_updated_goal_condition.hpp
[2.877s] -- Up-to-date symlink: /home/matthew/nav2_ws/install/nav2_behavior_tree/include//nav2_behavior_tree/plugins/condition/goal_reached_condition.hpp
[2.877s] -- Up-to-date symlink: /home/matthew/nav2_ws/install/nav2_behavior_tree/include//nav2_behavior_tree/plugins/condition/goal_updated_condition.hpp
[2.877s] -- Up-to-date symlink: /home/matthew/nav2_ws/install/nav2_behavior_tree/include//nav2_behavior_tree/plugins/condition/initial_pose_received_condition.hpp
[2.878s] -- Up-to-date symlink: /home/matthew/nav2_ws/install/nav2_behavior_tree/include//nav2_behavior_tree/plugins/condition/is_battery_charging_condition.hpp
[2.878s] -- Up-to-date symlink: /home/matthew/nav2_ws/install/nav2_behavior_tree/include//nav2_behavior_tree/plugins/condition/is_battery_low_condition.hpp
[2.878s] -- Up-to-date symlink: /home/matthew/nav2_ws/install/nav2_behavior_tree/include//nav2_behavior_tree/plugins/condition/is_path_valid_condition.hpp
[2.878s] -- Up-to-date symlink: /home/matthew/nav2_ws/install/nav2_behavior_tree/include//nav2_behavior_tree/plugins/condition/is_stuck_condition.hpp
[2.879s] -- Up-to-date symlink: /home/matthew/nav2_ws/install/nav2_behavior_tree/include//nav2_behavior_tree/plugins/condition/path_expiring_timer_condition.hpp
[2.879s] -- Up-to-date symlink: /home/matthew/nav2_ws/install/nav2_behavior_tree/include//nav2_behavior_tree/plugins/condition/time_expired_condition.hpp
[2.879s] -- Up-to-date symlink: /home/matthew/nav2_ws/install/nav2_behavior_tree/include//nav2_behavior_tree/plugins/condition/transform_available_condition.hpp
[2.880s] -- Up-to-date symlink: /home/matthew/nav2_ws/install/nav2_behavior_tree/include//nav2_behavior_tree/plugins/condition/would_a_controller_recovery_help_condition.hpp
[2.880s] -- Up-to-date symlink: /home/matthew/nav2_ws/install/nav2_behavior_tree/include//nav2_behavior_tree/plugins/condition/would_a_planner_recovery_help_condition.hpp
[2.880s] -- Up-to-date symlink: /home/matthew/nav2_ws/install/nav2_behavior_tree/include//nav2_behavior_tree/plugins/condition/would_a_smoother_recovery_help_condition.hpp
[2.881s] -- Up-to-date symlink: /home/matthew/nav2_ws/install/nav2_behavior_tree/include//nav2_behavior_tree/plugins/control/pipeline_sequence.hpp
[2.881s] -- Up-to-date symlink: /home/matthew/nav2_ws/install/nav2_behavior_tree/include//nav2_behavior_tree/plugins/control/recovery_node.hpp
[2.881s] -- Up-to-date symlink: /home/matthew/nav2_ws/install/nav2_behavior_tree/include//nav2_behavior_tree/plugins/control/round_robin_node.hpp
[2.882s] -- Up-to-date symlink: /home/matthew/nav2_ws/install/nav2_behavior_tree/include//nav2_behavior_tree/plugins/decorator/distance_controller.hpp
[2.882s] -- Up-to-date symlink: /home/matthew/nav2_ws/install/nav2_behavior_tree/include//nav2_behavior_tree/plugins/decorator/goal_updated_controller.hpp
[2.882s] -- Up-to-date symlink: /home/matthew/nav2_ws/install/nav2_behavior_tree/include//nav2_behavior_tree/plugins/decorator/goal_updater_node.hpp
[2.883s] -- Up-to-date symlink: /home/matthew/nav2_ws/install/nav2_behavior_tree/include//nav2_behavior_tree/plugins/decorator/path_longer_on_approach.hpp
[2.883s] -- Up-to-date symlink: /home/matthew/nav2_ws/install/nav2_behavior_tree/include//nav2_behavior_tree/plugins/decorator/rate_controller.hpp
[2.884s] -- Up-to-date symlink: /home/matthew/nav2_ws/install/nav2_behavior_tree/include//nav2_behavior_tree/plugins/decorator/single_trigger_node.hpp
[2.884s] -- Up-to-date symlink: /home/matthew/nav2_ws/install/nav2_behavior_tree/include//nav2_behavior_tree/plugins/decorator/speed_controller.hpp
[2.884s] -- Up-to-date symlink: /home/matthew/nav2_ws/install/nav2_behavior_tree/include//nav2_behavior_tree/ros_topic_logger.hpp
[2.886s] -- Up-to-date symlink: /home/matthew/nav2_ws/install/nav2_behavior_tree/include/nav2_behavior_tree/utils//test_action_server.hpp
[2.886s] -- Up-to-date symlink: /home/matthew/nav2_ws/install/nav2_behavior_tree/include/nav2_behavior_tree/utils//test_behavior_tree_fixture.hpp
[2.886s] -- Up-to-date symlink: /home/matthew/nav2_ws/install/nav2_behavior_tree/include/nav2_behavior_tree/utils//test_dummy_tree_node.hpp
[2.887s] -- Up-to-date symlink: /home/matthew/nav2_ws/install/nav2_behavior_tree/include/nav2_behavior_tree/utils//test_service.hpp
[2.887s] -- Up-to-date symlink: /home/matthew/nav2_ws/install/nav2_behavior_tree/include/nav2_behavior_tree/utils//test_transform_handler.hpp
[2.887s] -- Up-to-date symlink: /home/matthew/nav2_ws/install/nav2_behavior_tree/share/nav2_behavior_tree/nav2_tree_nodes.xml
[2.887s] -- Up-to-date symlink: /home/matthew/nav2_ws/install/nav2_behavior_tree/share/nav2_behavior_tree/environment/library_path.sh
[2.888s] -- Up-to-date symlink: /home/matthew/nav2_ws/install/nav2_behavior_tree/share/nav2_behavior_tree/environment/library_path.dsv
[2.888s] -- Up-to-date symlink: /home/matthew/nav2_ws/install/nav2_behavior_tree/share/ament_index/resource_index/package_run_dependencies/nav2_behavior_tree
[2.888s] -- Up-to-date symlink: /home/matthew/nav2_ws/install/nav2_behavior_tree/share/ament_index/resource_index/parent_prefix_path/nav2_behavior_tree
[2.889s] -- Up-to-date symlink: /home/matthew/nav2_ws/install/nav2_behavior_tree/share/nav2_behavior_tree/environment/ament_prefix_path.sh
[2.889s] -- Up-to-date symlink: /home/matthew/nav2_ws/install/nav2_behavior_tree/share/nav2_behavior_tree/environment/ament_prefix_path.dsv
[2.889s] -- Up-to-date symlink: /home/matthew/nav2_ws/install/nav2_behavior_tree/share/nav2_behavior_tree/environment/path.sh
[2.890s] -- Up-to-date symlink: /home/matthew/nav2_ws/install/nav2_behavior_tree/share/nav2_behavior_tree/environment/path.dsv
[2.891s] -- Up-to-date symlink: /home/matthew/nav2_ws/install/nav2_behavior_tree/share/nav2_behavior_tree/local_setup.bash
[2.892s] -- Up-to-date symlink: /home/matthew/nav2_ws/install/nav2_behavior_tree/share/nav2_behavior_tree/local_setup.sh
[2.893s] -- Up-to-date symlink: /home/matthew/nav2_ws/install/nav2_behavior_tree/share/nav2_behavior_tree/local_setup.zsh
[2.893s] -- Up-to-date symlink: /home/matthew/nav2_ws/install/nav2_behavior_tree/share/nav2_behavior_tree/local_setup.dsv
[2.893s] -- Symlinking: /home/matthew/nav2_ws/install/nav2_behavior_tree/share/nav2_behavior_tree/package.dsv
[2.914s] -- Up-to-date symlink: /home/matthew/nav2_ws/install/nav2_behavior_tree/share/ament_index/resource_index/packages/nav2_behavior_tree
[2.915s] -- Up-to-date symlink: /home/matthew/nav2_ws/install/nav2_behavior_tree/share/nav2_behavior_tree/cmake/ament_cmake_export_include_directories-extras.cmake
[2.915s] -- Up-to-date symlink: /home/matthew/nav2_ws/install/nav2_behavior_tree/share/nav2_behavior_tree/cmake/ament_cmake_export_libraries-extras.cmake
[2.916s] -- Up-to-date symlink: /home/matthew/nav2_ws/install/nav2_behavior_tree/share/nav2_behavior_tree/cmake/ament_cmake_export_dependencies-extras.cmake
[2.917s] -- Up-to-date symlink: /home/matthew/nav2_ws/install/nav2_behavior_tree/share/nav2_behavior_tree/cmake/nav2_behavior_treeConfig.cmake
[2.918s] -- Up-to-date symlink: /home/matthew/nav2_ws/install/nav2_behavior_tree/share/nav2_behavior_tree/cmake/nav2_behavior_treeConfig-version.cmake
[2.918s] -- Up-to-date symlink: /home/matthew/nav2_ws/install/nav2_behavior_tree/share/nav2_behavior_tree/package.xml
[2.930s] Invoked command in '/home/matthew/nav2_ws/build/nav2_behavior_tree' returned '0': AMENT_PREFIX_PATH=/home/matthew/nav2_ws/install/nav2_util:/home/matthew/nav2_ws/install/nav2_msgs:/home/matthew/nav2_ws/install/nav2_common:${AMENT_PREFIX_PATH} CMAKE_PREFIX_PATH=/home/matthew/nav2_ws/install/nav2_util:/home/matthew/nav2_ws/install/nav2_msgs:/home/matthew/nav2_ws/install/nav2_common:/home/matthew/ros2_ws/install/ros2_laser_scan_matcher:/home/matthew/ros2_ws/install/opennav_docking_core:/home/matthew/ros2_ws/install/my_robot_description:/home/matthew/ros2_ws/install/map_msgs:/home/matthew/ros2_ws/install/fake_odometry:/home/matthew/ros2_ws/install/dwb_msgs:/home/matthew/ros2_ws/install/csm:/opt/ros/iron LD_LIBRARY_PATH=/home/matthew/nav2_ws/install/nav2_util/lib:/home/matthew/nav2_ws/install/nav2_msgs/lib:${LD_LIBRARY_PATH} PYTHONPATH=/home/matthew/nav2_ws/install/nav2_msgs/lib/python3.10/site-packages:/home/matthew/nav2_ws/install/nav2_common/lib/python3.10/site-packages:${PYTHONPATH} /usr/bin/cmake --install /home/matthew/nav2_ws/build/nav2_behavior_tree
