[0.054s] Invoking command in '/home/matthew/nav2_ws/build/nav2_map_server': AMENT_PREFIX_PATH=/home/matthew/nav2_ws/install/nav2_util:/home/matthew/nav2_ws/install/nav2_msgs:/home/matthew/nav2_ws/install/nav2_common:${AMENT_PREFIX_PATH} CMAKE_PREFIX_PATH=/home/matthew/nav2_ws/install/nav2_util:/home/matthew/nav2_ws/install/nav2_msgs:/home/matthew/nav2_ws/install/nav2_common:/home/matthew/ros2_ws/install/ros2_laser_scan_matcher:/home/matthew/ros2_ws/install/opennav_docking_core:/home/matthew/ros2_ws/install/my_robot_description:/home/matthew/ros2_ws/install/map_msgs:/home/matthew/ros2_ws/install/fake_odometry:/home/matthew/ros2_ws/install/dwb_msgs:/home/matthew/ros2_ws/install/csm:/opt/ros/iron LD_LIBRARY_PATH=/home/matthew/nav2_ws/install/nav2_util/lib:/home/matthew/nav2_ws/install/nav2_msgs/lib:${LD_LIBRARY_PATH} PYTHONPATH=/home/matthew/nav2_ws/install/nav2_msgs/lib/python3.10/site-packages:/home/matthew/nav2_ws/install/nav2_common/lib/python3.10/site-packages:${PYTHONPATH} /usr/bin/cmake --build /home/matthew/nav2_ws/build/nav2_map_server -- -j6 -l6
[0.271s] [  8%] Built target map_io
[0.289s] [ 13%] Built target gtest
[0.300s] [ 19%] Built target gtest_main
[0.487s] [ 27%] Built target test_map_saver_cli
[0.510s] [ 38%] Built target map_server_core
[0.521s] [ 47%] Built target test_map_saver_publisher
[0.646s] [ 55%] Built target test_map_io
[0.685s] [ 61%] Built target test_costmap_filter_info_server
[0.706s] [ 66%] Built target map_saver_cli
[0.713s] [ 72%] Built target costmap_filter_info_server
[0.730s] [ 83%] Built target map_server
[0.731s] [ 83%] Built target map_saver_server
[0.824s] [ 91%] Built target test_map_saver_node
[0.836s] [100%] Built target test_map_server_node
[0.925s] Invoked command in '/home/matthew/nav2_ws/build/nav2_map_server' returned '0': AMENT_PREFIX_PATH=/home/matthew/nav2_ws/install/nav2_util:/home/matthew/nav2_ws/install/nav2_msgs:/home/matthew/nav2_ws/install/nav2_common:${AMENT_PREFIX_PATH} CMAKE_PREFIX_PATH=/home/matthew/nav2_ws/install/nav2_util:/home/matthew/nav2_ws/install/nav2_msgs:/home/matthew/nav2_ws/install/nav2_common:/home/matthew/ros2_ws/install/ros2_laser_scan_matcher:/home/matthew/ros2_ws/install/opennav_docking_core:/home/matthew/ros2_ws/install/my_robot_description:/home/matthew/ros2_ws/install/map_msgs:/home/matthew/ros2_ws/install/fake_odometry:/home/matthew/ros2_ws/install/dwb_msgs:/home/matthew/ros2_ws/install/csm:/opt/ros/iron LD_LIBRARY_PATH=/home/matthew/nav2_ws/install/nav2_util/lib:/home/matthew/nav2_ws/install/nav2_msgs/lib:${LD_LIBRARY_PATH} PYTHONPATH=/home/matthew/nav2_ws/install/nav2_msgs/lib/python3.10/site-packages:/home/matthew/nav2_ws/install/nav2_common/lib/python3.10/site-packages:${PYTHONPATH} /usr/bin/cmake --build /home/matthew/nav2_ws/build/nav2_map_server -- -j6 -l6
[0.933s] Invoking command in '/home/matthew/nav2_ws/build/nav2_map_server': AMENT_PREFIX_PATH=/home/matthew/nav2_ws/install/nav2_util:/home/matthew/nav2_ws/install/nav2_msgs:/home/matthew/nav2_ws/install/nav2_common:${AMENT_PREFIX_PATH} CMAKE_PREFIX_PATH=/home/matthew/nav2_ws/install/nav2_util:/home/matthew/nav2_ws/install/nav2_msgs:/home/matthew/nav2_ws/install/nav2_common:/home/matthew/ros2_ws/install/ros2_laser_scan_matcher:/home/matthew/ros2_ws/install/opennav_docking_core:/home/matthew/ros2_ws/install/my_robot_description:/home/matthew/ros2_ws/install/map_msgs:/home/matthew/ros2_ws/install/fake_odometry:/home/matthew/ros2_ws/install/dwb_msgs:/home/matthew/ros2_ws/install/csm:/opt/ros/iron LD_LIBRARY_PATH=/home/matthew/nav2_ws/install/nav2_util/lib:/home/matthew/nav2_ws/install/nav2_msgs/lib:${LD_LIBRARY_PATH} PYTHONPATH=/home/matthew/nav2_ws/install/nav2_msgs/lib/python3.10/site-packages:/home/matthew/nav2_ws/install/nav2_common/lib/python3.10/site-packages:${PYTHONPATH} /usr/bin/cmake --install /home/matthew/nav2_ws/build/nav2_map_server
[0.954s] -- Install configuration: "Release"
[0.956s] -- Execute custom install script
[0.957s] -- Up-to-date symlink: /home/matthew/nav2_ws/install/nav2_map_server/lib/libmap_server_core.so
[0.957s] -- Up-to-date symlink: /home/matthew/nav2_ws/install/nav2_map_server/lib/libmap_io.so
[0.958s] -- Up-to-date symlink: /home/matthew/nav2_ws/install/nav2_map_server/lib/nav2_map_server/map_server
[0.959s] -- Up-to-date symlink: /home/matthew/nav2_ws/install/nav2_map_server/lib/nav2_map_server/map_saver_cli
[0.959s] -- Up-to-date symlink: /home/matthew/nav2_ws/install/nav2_map_server/lib/nav2_map_server/map_saver_server
[0.959s] -- Up-to-date symlink: /home/matthew/nav2_ws/install/nav2_map_server/lib/nav2_map_server/costmap_filter_info_server
[0.960s] -- Up-to-date symlink: /home/matthew/nav2_ws/install/nav2_map_server/include//nav2_map_server/costmap_filter_info_server.hpp
[0.960s] -- Up-to-date symlink: /home/matthew/nav2_ws/install/nav2_map_server/include//nav2_map_server/map_io.hpp
[0.960s] -- Up-to-date symlink: /home/matthew/nav2_ws/install/nav2_map_server/include//nav2_map_server/map_mode.hpp
[0.961s] -- Up-to-date symlink: /home/matthew/nav2_ws/install/nav2_map_server/include//nav2_map_server/map_saver.hpp
[0.961s] -- Up-to-date symlink: /home/matthew/nav2_ws/install/nav2_map_server/include//nav2_map_server/map_server.hpp
[0.961s] -- Up-to-date symlink: /home/matthew/nav2_ws/install/nav2_map_server/share/nav2_map_server/launch/map_saver_server.launch.py
[0.962s] -- Up-to-date symlink: /home/matthew/nav2_ws/install/nav2_map_server/share/nav2_map_server/environment/library_path.sh
[0.962s] -- Up-to-date symlink: /home/matthew/nav2_ws/install/nav2_map_server/share/nav2_map_server/environment/library_path.dsv
[0.963s] -- Up-to-date symlink: /home/matthew/nav2_ws/install/nav2_map_server/share/ament_index/resource_index/package_run_dependencies/nav2_map_server
[0.963s] -- Up-to-date symlink: /home/matthew/nav2_ws/install/nav2_map_server/share/ament_index/resource_index/parent_prefix_path/nav2_map_server
[0.963s] -- Up-to-date symlink: /home/matthew/nav2_ws/install/nav2_map_server/share/nav2_map_server/environment/ament_prefix_path.sh
[0.963s] -- Up-to-date symlink: /home/matthew/nav2_ws/install/nav2_map_server/share/nav2_map_server/environment/ament_prefix_path.dsv
[0.964s] -- Up-to-date symlink: /home/matthew/nav2_ws/install/nav2_map_server/share/nav2_map_server/environment/path.sh
[0.964s] -- Up-to-date symlink: /home/matthew/nav2_ws/install/nav2_map_server/share/nav2_map_server/environment/path.dsv
[0.964s] -- Up-to-date symlink: /home/matthew/nav2_ws/install/nav2_map_server/share/nav2_map_server/local_setup.bash
[0.965s] -- Up-to-date symlink: /home/matthew/nav2_ws/install/nav2_map_server/share/nav2_map_server/local_setup.sh
[0.965s] -- Up-to-date symlink: /home/matthew/nav2_ws/install/nav2_map_server/share/nav2_map_server/local_setup.zsh
[0.965s] -- Up-to-date symlink: /home/matthew/nav2_ws/install/nav2_map_server/share/nav2_map_server/local_setup.dsv
[0.965s] -- Symlinking: /home/matthew/nav2_ws/install/nav2_map_server/share/nav2_map_server/package.dsv
[1.021s] -- Up-to-date symlink: /home/matthew/nav2_ws/install/nav2_map_server/share/ament_index/resource_index/packages/nav2_map_server
[1.021s] -- Up-to-date symlink: /home/matthew/nav2_ws/install/nav2_map_server/share/ament_index/resource_index/rclcpp_components/nav2_map_server
[1.021s] -- Up-to-date symlink: /home/matthew/nav2_ws/install/nav2_map_server/share/nav2_map_server/cmake/ament_cmake_export_include_directories-extras.cmake
[1.021s] -- Up-to-date symlink: /home/matthew/nav2_ws/install/nav2_map_server/share/nav2_map_server/cmake/ament_cmake_export_libraries-extras.cmake
[1.022s] -- Up-to-date symlink: /home/matthew/nav2_ws/install/nav2_map_server/share/nav2_map_server/cmake/ament_cmake_export_dependencies-extras.cmake
[1.022s] -- Up-to-date symlink: /home/matthew/nav2_ws/install/nav2_map_server/share/nav2_map_server/cmake/nav2_map_serverConfig.cmake
[1.022s] -- Up-to-date symlink: /home/matthew/nav2_ws/install/nav2_map_server/share/nav2_map_server/cmake/nav2_map_serverConfig-version.cmake
[1.022s] -- Up-to-date symlink: /home/matthew/nav2_ws/install/nav2_map_server/share/nav2_map_server/package.xml
[1.033s] Invoked command in '/home/matthew/nav2_ws/build/nav2_map_server' returned '0': AMENT_PREFIX_PATH=/home/matthew/nav2_ws/install/nav2_util:/home/matthew/nav2_ws/install/nav2_msgs:/home/matthew/nav2_ws/install/nav2_common:${AMENT_PREFIX_PATH} CMAKE_PREFIX_PATH=/home/matthew/nav2_ws/install/nav2_util:/home/matthew/nav2_ws/install/nav2_msgs:/home/matthew/nav2_ws/install/nav2_common:/home/matthew/ros2_ws/install/ros2_laser_scan_matcher:/home/matthew/ros2_ws/install/opennav_docking_core:/home/matthew/ros2_ws/install/my_robot_description:/home/matthew/ros2_ws/install/map_msgs:/home/matthew/ros2_ws/install/fake_odometry:/home/matthew/ros2_ws/install/dwb_msgs:/home/matthew/ros2_ws/install/csm:/opt/ros/iron LD_LIBRARY_PATH=/home/matthew/nav2_ws/install/nav2_util/lib:/home/matthew/nav2_ws/install/nav2_msgs/lib:${LD_LIBRARY_PATH} PYTHONPATH=/home/matthew/nav2_ws/install/nav2_msgs/lib/python3.10/site-packages:/home/matthew/nav2_ws/install/nav2_common/lib/python3.10/site-packages:${PYTHONPATH} /usr/bin/cmake --install /home/matthew/nav2_ws/build/nav2_map_server
