[0.042s] Invoking command in '/home/matthew/ros2_ws/src/build/fake_odometry': CMAKE_PREFIX_PATH=/opt/ros/iron /usr/bin/cmake /home/matthew/ros2_ws/src/fake_odometry -DAMENT_CMAKE_SYMLINK_INSTALL=1 -DCMAKE_INSTALL_PREFIX=/home/matthew/ros2_ws/src/install/fake_odometry
[0.649s] -- The C compiler identification is GNU 11.4.0
[0.650s] -- The CXX compiler identification is GNU 11.4.0
[0.651s] -- Detecting C compiler ABI info
[0.651s] -- Detecting C compiler ABI info - done
[0.651s] -- Check for working C compiler: /usr/bin/cc - skipped
[0.651s] -- Detecting C compile features
[0.651s] -- Detecting C compile features - done
[0.651s] -- Detecting CXX compiler ABI info
[0.651s] -- Detecting CXX compiler ABI info - done
[0.651s] -- Check for working CXX compiler: /usr/bin/c++ - skipped
[0.652s] -- Detecting CXX compile features
[0.652s] -- Detecting CXX compile features - done
[0.652s] -- Found ament_cmake: 2.0.7 (/opt/ros/iron/share/ament_cmake/cmake)
[1.029s] -- Found Python3: /usr/bin/python3.10 (found version "3.10.12") found components: Interpreter 
[1.194s] -- Override CMake install command with custom implementation using symlinks instead of copying resources
[1.250s] -- Found rclcpp: 21.0.8 (/opt/ros/iron/share/rclcpp/cmake)
[1.338s] -- Found rosidl_generator_c: 4.0.1 (/opt/ros/iron/share/rosidl_generator_c/cmake)
[1.364s] -- Found rosidl_generator_cpp: 4.0.1 (/opt/ros/iron/share/rosidl_generator_cpp/cmake)
[1.399s] -- Using all available rosidl_typesupport_c: rosidl_typesupport_fastrtps_c;rosidl_typesupport_introspection_c
[1.440s] -- Using all available rosidl_typesupport_cpp: rosidl_typesupport_fastrtps_cpp;rosidl_typesupport_introspection_cpp
[1.772s] -- Found rmw_implementation_cmake: 7.1.0 (/opt/ros/iron/share/rmw_implementation_cmake/cmake)
[1.776s] -- Found rmw_fastrtps_cpp: 7.1.4 (/opt/ros/iron/share/rmw_fastrtps_cpp/cmake)
[2.004s] -- Found OpenSSL: /usr/lib/aarch64-linux-gnu/libcrypto.so (found version "3.0.2")  
[2.063s] -- Found FastRTPS: /opt/ros/iron/include  
[2.155s] -- Using RMW implementation 'rmw_fastrtps_cpp' as default
[2.492s] -- Found tf2_ros: 0.31.8 (/opt/ros/iron/share/tf2_ros/cmake)
[3.573s] -- Found nav_msgs: 5.0.1 (/opt/ros/iron/share/nav_msgs/cmake)
[3.872s] -- Found ament_lint_auto: 0.14.4 (/opt/ros/iron/share/ament_lint_auto/cmake)
[4.112s] -- Added test 'cppcheck' to perform static code analysis on C / C++ code
[4.113s] -- Configured cppcheck include dirs: 
[4.119s] -- Configured cppcheck exclude dirs and/or files: 
[4.125s] -- Added test 'lint_cmake' to check CMake code style
[4.127s] -- Added test 'uncrustify' to check C / C++ code style
[4.127s] -- Configured uncrustify additional arguments: 
[4.128s] -- Added test 'xmllint' to check XML markup files
[4.140s] -- Configuring done
[4.201s] -- Generating done
[4.218s] -- Build files have been written to: /home/matthew/ros2_ws/src/build/fake_odometry
[4.284s] Invoked command in '/home/matthew/ros2_ws/src/build/fake_odometry' returned '0': CMAKE_PREFIX_PATH=/opt/ros/iron /usr/bin/cmake /home/matthew/ros2_ws/src/fake_odometry -DAMENT_CMAKE_SYMLINK_INSTALL=1 -DCMAKE_INSTALL_PREFIX=/home/matthew/ros2_ws/src/install/fake_odometry
[4.285s] Invoking command in '/home/matthew/ros2_ws/src/build/fake_odometry': CMAKE_PREFIX_PATH=/opt/ros/iron /usr/bin/cmake --build /home/matthew/ros2_ws/src/build/fake_odometry -- -j6 -l6
[4.514s] [ 50%] [32mBuilding CXX object CMakeFiles/fake_odometry_publisher.dir/src/fake_odometry_publisher.cpp.o[0m
[5.131s] gmake[2]: *** wait: No child processes.  Stop.
[5.132s] gmake[2]: *** Waiting for unfinished jobs....
[5.132s] gmake[2]: *** wait: No child processes.  Stop.
[5.138s] gmake[1]: *** wait: No child processes.  Stop.
[5.139s] gmake[1]: *** Waiting for unfinished jobs....
[5.139s] gmake[1]: *** wait: No child processes.  Stop.
[5.139s] gmake: *** [Makefile:146: all] Error 2
[5.143s] Invoked command in '/home/matthew/ros2_ws/src/build/fake_odometry' returned '-2': CMAKE_PREFIX_PATH=/opt/ros/iron /usr/bin/cmake --build /home/matthew/ros2_ws/src/build/fake_odometry -- -j6 -l6
