[0.209s] Invoking command in '/home/matthew/nav2_ws/build/nav2_rviz_plugins': AMENT_PREFIX_PATH=/home/matthew/nav2_ws/install/nav2_lifecycle_manager:/home/matthew/nav2_ws/install/nav2_util:/home/matthew/nav2_ws/install/nav2_msgs:/home/matthew/nav2_ws/install/nav2_common:${AMENT_PREFIX_PATH} CMAKE_PREFIX_PATH=/home/matthew/nav2_ws/install/nav2_lifecycle_manager:/home/matthew/nav2_ws/install/nav2_util:/home/matthew/nav2_ws/install/nav2_msgs:/home/matthew/nav2_ws/install/nav2_common:/opt/ros/iron LD_LIBRARY_PATH=/home/matthew/nav2_ws/install/nav2_lifecycle_manager/lib:/home/matthew/nav2_ws/install/nav2_util/lib:/home/matthew/nav2_ws/install/nav2_msgs/lib:${LD_LIBRARY_PATH} PYTHONPATH=/home/matthew/nav2_ws/install/nav2_msgs/lib/python3.10/site-packages:/home/matthew/nav2_ws/install/nav2_common/lib/python3.10/site-packages:${PYTHONPATH} /usr/bin/cmake --build /home/matthew/nav2_ws/build/nav2_rviz_plugins -- -j6 -l6
[0.696s] [ 14%] [34m[1mAutomatic MOC for target nav2_rviz_plugins[0m
[0.973s] [ 14%] Built target nav2_rviz_plugins_autogen
[1.057s] [35m[1mConsolidate compiler generated dependencies of target nav2_rviz_plugins[0m
[1.255s] [100%] Built target nav2_rviz_plugins
[1.312s] Invoked command in '/home/matthew/nav2_ws/build/nav2_rviz_plugins' returned '0': AMENT_PREFIX_PATH=/home/matthew/nav2_ws/install/nav2_lifecycle_manager:/home/matthew/nav2_ws/install/nav2_util:/home/matthew/nav2_ws/install/nav2_msgs:/home/matthew/nav2_ws/install/nav2_common:${AMENT_PREFIX_PATH} CMAKE_PREFIX_PATH=/home/matthew/nav2_ws/install/nav2_lifecycle_manager:/home/matthew/nav2_ws/install/nav2_util:/home/matthew/nav2_ws/install/nav2_msgs:/home/matthew/nav2_ws/install/nav2_common:/opt/ros/iron LD_LIBRARY_PATH=/home/matthew/nav2_ws/install/nav2_lifecycle_manager/lib:/home/matthew/nav2_ws/install/nav2_util/lib:/home/matthew/nav2_ws/install/nav2_msgs/lib:${LD_LIBRARY_PATH} PYTHONPATH=/home/matthew/nav2_ws/install/nav2_msgs/lib/python3.10/site-packages:/home/matthew/nav2_ws/install/nav2_common/lib/python3.10/site-packages:${PYTHONPATH} /usr/bin/cmake --build /home/matthew/nav2_ws/build/nav2_rviz_plugins -- -j6 -l6
[1.320s] Invoking command in '/home/matthew/nav2_ws/build/nav2_rviz_plugins': AMENT_PREFIX_PATH=/home/matthew/nav2_ws/install/nav2_lifecycle_manager:/home/matthew/nav2_ws/install/nav2_util:/home/matthew/nav2_ws/install/nav2_msgs:/home/matthew/nav2_ws/install/nav2_common:${AMENT_PREFIX_PATH} CMAKE_PREFIX_PATH=/home/matthew/nav2_ws/install/nav2_lifecycle_manager:/home/matthew/nav2_ws/install/nav2_util:/home/matthew/nav2_ws/install/nav2_msgs:/home/matthew/nav2_ws/install/nav2_common:/opt/ros/iron LD_LIBRARY_PATH=/home/matthew/nav2_ws/install/nav2_lifecycle_manager/lib:/home/matthew/nav2_ws/install/nav2_util/lib:/home/matthew/nav2_ws/install/nav2_msgs/lib:${LD_LIBRARY_PATH} PYTHONPATH=/home/matthew/nav2_ws/install/nav2_msgs/lib/python3.10/site-packages:/home/matthew/nav2_ws/install/nav2_common/lib/python3.10/site-packages:${PYTHONPATH} /usr/bin/cmake --install /home/matthew/nav2_ws/build/nav2_rviz_plugins
[1.403s] -- Install configuration: ""
[1.412s] -- Execute custom install script
[1.413s] -- Up-to-date symlink: /home/matthew/nav2_ws/install/nav2_rviz_plugins/share/nav2_rviz_plugins//plugins_description.xml
[1.430s] -- Up-to-date symlink: /home/matthew/nav2_ws/install/nav2_rviz_plugins/include//nav2_rviz_plugins/goal_common.hpp
[1.432s] -- Up-to-date symlink: /home/matthew/nav2_ws/install/nav2_rviz_plugins/include//nav2_rviz_plugins/goal_pose_updater.hpp
[1.432s] -- Up-to-date symlink: /home/matthew/nav2_ws/install/nav2_rviz_plugins/include//nav2_rviz_plugins/goal_tool.hpp
[1.432s] -- Up-to-date symlink: /home/matthew/nav2_ws/install/nav2_rviz_plugins/include//nav2_rviz_plugins/nav2_panel.hpp
[1.433s] -- Up-to-date symlink: /home/matthew/nav2_ws/install/nav2_rviz_plugins/include//nav2_rviz_plugins/particle_cloud_display/flat_weighted_arrows_array.hpp
[1.433s] -- Up-to-date symlink: /home/matthew/nav2_ws/install/nav2_rviz_plugins/include//nav2_rviz_plugins/particle_cloud_display/particle_cloud_display.hpp
[1.434s] -- Up-to-date symlink: /home/matthew/nav2_ws/install/nav2_rviz_plugins/include//nav2_rviz_plugins/ros_action_qevent.hpp
[1.435s] -- Up-to-date symlink: /home/matthew/nav2_ws/install/nav2_rviz_plugins/share/nav2_rviz_plugins/environment/library_path.sh
[1.435s] -- Up-to-date symlink: /home/matthew/nav2_ws/install/nav2_rviz_plugins/share/nav2_rviz_plugins/environment/library_path.dsv
[1.441s] -- Up-to-date symlink: /home/matthew/nav2_ws/install/nav2_rviz_plugins/share/ament_index/resource_index/package_run_dependencies/nav2_rviz_plugins
[1.442s] -- Up-to-date symlink: /home/matthew/nav2_ws/install/nav2_rviz_plugins/share/ament_index/resource_index/parent_prefix_path/nav2_rviz_plugins
[1.442s] -- Up-to-date symlink: /home/matthew/nav2_ws/install/nav2_rviz_plugins/share/nav2_rviz_plugins/environment/ament_prefix_path.sh
[1.446s] -- Up-to-date symlink: /home/matthew/nav2_ws/install/nav2_rviz_plugins/share/nav2_rviz_plugins/environment/ament_prefix_path.dsv
[1.446s] -- Up-to-date symlink: /home/matthew/nav2_ws/install/nav2_rviz_plugins/share/nav2_rviz_plugins/environment/path.sh
[1.446s] -- Up-to-date symlink: /home/matthew/nav2_ws/install/nav2_rviz_plugins/share/nav2_rviz_plugins/environment/path.dsv
[1.446s] -- Up-to-date symlink: /home/matthew/nav2_ws/install/nav2_rviz_plugins/share/nav2_rviz_plugins/local_setup.bash
[1.446s] -- Up-to-date symlink: /home/matthew/nav2_ws/install/nav2_rviz_plugins/share/nav2_rviz_plugins/local_setup.sh
[1.447s] -- Up-to-date symlink: /home/matthew/nav2_ws/install/nav2_rviz_plugins/share/nav2_rviz_plugins/local_setup.zsh
[1.449s] -- Up-to-date symlink: /home/matthew/nav2_ws/install/nav2_rviz_plugins/share/nav2_rviz_plugins/local_setup.dsv
[1.450s] -- Symlinking: /home/matthew/nav2_ws/install/nav2_rviz_plugins/share/nav2_rviz_plugins/package.dsv
[1.551s] -- Up-to-date symlink: /home/matthew/nav2_ws/install/nav2_rviz_plugins/share/ament_index/resource_index/packages/nav2_rviz_plugins
[1.558s] -- Up-to-date symlink: /home/matthew/nav2_ws/install/nav2_rviz_plugins/share/ament_index/resource_index/rviz_common__pluginlib__plugin/nav2_rviz_plugins
[1.564s] -- Up-to-date symlink: /home/matthew/nav2_ws/install/nav2_rviz_plugins/share/nav2_rviz_plugins/cmake/ament_cmake_export_include_directories-extras.cmake
[1.565s] -- Up-to-date symlink: /home/matthew/nav2_ws/install/nav2_rviz_plugins/share/nav2_rviz_plugins/cmake/ament_cmake_export_targets-extras.cmake
[1.573s] -- Up-to-date symlink: /home/matthew/nav2_ws/install/nav2_rviz_plugins/share/nav2_rviz_plugins/cmake/ament_cmake_export_dependencies-extras.cmake
[1.576s] -- Up-to-date symlink: /home/matthew/nav2_ws/install/nav2_rviz_plugins/share/nav2_rviz_plugins/cmake/nav2_rviz_pluginsConfig.cmake
[1.581s] -- Up-to-date symlink: /home/matthew/nav2_ws/install/nav2_rviz_plugins/share/nav2_rviz_plugins/cmake/nav2_rviz_pluginsConfig-version.cmake
[1.583s] -- Up-to-date symlink: /home/matthew/nav2_ws/install/nav2_rviz_plugins/share/nav2_rviz_plugins/package.xml
[1.585s] -- Up-to-date: /home/matthew/nav2_ws/install/nav2_rviz_plugins/lib/libnav2_rviz_plugins.so
[1.590s] -- Up-to-date: /home/matthew/nav2_ws/install/nav2_rviz_plugins/share/nav2_rviz_plugins/cmake/nav2_rviz_pluginsExport.cmake
[1.591s] -- Up-to-date: /home/matthew/nav2_ws/install/nav2_rviz_plugins/share/nav2_rviz_plugins/cmake/nav2_rviz_pluginsExport-noconfig.cmake
[1.599s] Invoked command in '/home/matthew/nav2_ws/build/nav2_rviz_plugins' returned '0': AMENT_PREFIX_PATH=/home/matthew/nav2_ws/install/nav2_lifecycle_manager:/home/matthew/nav2_ws/install/nav2_util:/home/matthew/nav2_ws/install/nav2_msgs:/home/matthew/nav2_ws/install/nav2_common:${AMENT_PREFIX_PATH} CMAKE_PREFIX_PATH=/home/matthew/nav2_ws/install/nav2_lifecycle_manager:/home/matthew/nav2_ws/install/nav2_util:/home/matthew/nav2_ws/install/nav2_msgs:/home/matthew/nav2_ws/install/nav2_common:/opt/ros/iron LD_LIBRARY_PATH=/home/matthew/nav2_ws/install/nav2_lifecycle_manager/lib:/home/matthew/nav2_ws/install/nav2_util/lib:/home/matthew/nav2_ws/install/nav2_msgs/lib:${LD_LIBRARY_PATH} PYTHONPATH=/home/matthew/nav2_ws/install/nav2_msgs/lib/python3.10/site-packages:/home/matthew/nav2_ws/install/nav2_common/lib/python3.10/site-packages:${PYTHONPATH} /usr/bin/cmake --install /home/matthew/nav2_ws/build/nav2_rviz_plugins
