-- Found ament_cmake: 2.0.7 (/opt/ros/iron/share/ament_cmake/cmake)
-- Override CMake install command with custom implementation using symlinks instead of copying resources
-- Found ament_lint_auto: 0.14.4 (/opt/ros/iron/share/ament_lint_auto/cmake)
-- Found rosidl_default_generators: 1.5.0 (/opt/ros/iron/share/rosidl_default_generators/cmake)
-- Using all available rosidl_typesupport_c: rosidl_typesupport_fastrtps_c;rosidl_typesupport_introspection_c
-- Using all available rosidl_typesupport_cpp: rosidl_typesupport_fastrtps_cpp;rosidl_typesupport_introspection_cpp
-- Found rosidl_adapter: 4.0.1 (/opt/ros/iron/share/rosidl_adapter/cmake)
-- Found ament_cmake_ros: 0.11.2 (/opt/ros/iron/share/ament_cmake_ros/cmake)
-- Using all available rosidl_typesupport_c: rosidl_typesupport_fastrtps_c;rosidl_typesupport_introspection_c
-- Using all available rosidl_typesupport_cpp: rosidl_typesupport_fastrtps_cpp;rosidl_typesupport_introspection_cpp
-- Found python_cmake_module: 0.10.2 (/opt/ros/iron/share/python_cmake_module/cmake)
-- Using PYTHON_EXECUTABLE: /usr/bin/python3
-- Using PYTHON_INCLUDE_DIRS: /usr/include/python3.10
-- Using PYTHON_LIBRARIES: /usr/lib/aarch64-linux-gnu/libpython3.10.so
-- Added test 'lint_cmake' to check CMake code style
-- Added test 'xmllint' to check XML markup files
-- Configuring done
-- Generating done
-- Build files have been written to: /home/matthew/ros2_ws/build/status_display_msgs
[  2%] Built target status_display_msgs__rosidl_generator_type_description
[  2%] Built target ament_cmake_python_symlink_status_display_msgs
[35m[1mConsolidate compiler generated dependencies of target status_display_msgs__rosidl_generator_c[0m
[  5%] Built target status_display_msgs__cpp
[ 20%] Built target status_display_msgs__rosidl_generator_c
[35m[1mConsolidate compiler generated dependencies of target status_display_msgs__rosidl_typesupport_cpp[0m
[35m[1mConsolidate compiler generated dependencies of target status_display_msgs__rosidl_typesupport_fastrtps_cpp[0m
[35m[1mConsolidate compiler generated dependencies of target status_display_msgs__rosidl_typesupport_fastrtps_c[0m
[ 29%] Built target status_display_msgs__rosidl_typesupport_cpp
[35m[1mConsolidate compiler generated dependencies of target status_display_msgs__rosidl_typesupport_introspection_c[0m
[35m[1mConsolidate compiler generated dependencies of target status_display_msgs__rosidl_typesupport_introspection_cpp[0m
[ 38%] Built target status_display_msgs__rosidl_typesupport_fastrtps_cpp
[ 47%] Built target status_display_msgs__rosidl_typesupport_fastrtps_c
[ 55%] Built target status_display_msgs__rosidl_typesupport_introspection_c
[ 64%] Built target status_display_msgs__rosidl_typesupport_introspection_cpp
[35m[1mConsolidate compiler generated dependencies of target status_display_msgs__rosidl_typesupport_c[0m
[ 73%] Built target status_display_msgs__rosidl_typesupport_c
[ 73%] Built target status_display_msgs
[ 76%] Built target status_display_msgs__py
[35m[1mConsolidate compiler generated dependencies of target status_display_msgs__rosidl_generator_py[0m
[ 82%] Built target status_display_msgs__rosidl_generator_py
[35m[1mConsolidate compiler generated dependencies of target status_display_msgs__rosidl_typesupport_introspection_c__pyext[0m
[35m[1mConsolidate compiler generated dependencies of target status_display_msgs__rosidl_typesupport_fastrtps_c__pyext[0m
[35m[1mConsolidate compiler generated dependencies of target status_display_msgs__rosidl_typesupport_c__pyext[0m
[ 88%] Built target status_display_msgs__rosidl_typesupport_fastrtps_c__pyext
[ 94%] Built target status_display_msgs__rosidl_typesupport_introspection_c__pyext
[100%] Built target status_display_msgs__rosidl_typesupport_c__pyext
running egg_info
writing status_display_msgs.egg-info/PKG-INFO
writing dependency_links to status_display_msgs.egg-info/dependency_links.txt
writing top-level names to status_display_msgs.egg-info/top_level.txt
reading manifest file 'status_display_msgs.egg-info/SOURCES.txt'
writing manifest file 'status_display_msgs.egg-info/SOURCES.txt'
[100%] Built target ament_cmake_python_build_status_display_msgs_egg
-- Install configuration: ""
-- Execute custom install script
-- Up-to-date symlink: /home/matthew/ros2_ws/install/status_display_msgs/share/ament_index/resource_index/rosidl_interfaces/status_display_msgs
-- Up-to-date symlink: /home/matthew/ros2_ws/install/status_display_msgs/share/status_display_msgs/msg/StatusDisplay.json
-- Up-to-date symlink: /home/matthew/ros2_ws/install/status_display_msgs/include/status_display_msgs/status_display_msgs/msg/detail/status_display__functions.h
-- Up-to-date symlink: /home/matthew/ros2_ws/install/status_display_msgs/include/status_display_msgs/status_display_msgs/msg/detail/status_display__struct.h
-- Up-to-date symlink: /home/matthew/ros2_ws/install/status_display_msgs/include/status_display_msgs/status_display_msgs/msg/detail/status_display__type_support.h
-- Up-to-date symlink: /home/matthew/ros2_ws/install/status_display_msgs/include/status_display_msgs/status_display_msgs/msg/rosidl_generator_c__visibility_control.h
-- Up-to-date symlink: /home/matthew/ros2_ws/install/status_display_msgs/include/status_display_msgs/status_display_msgs/msg/status_display.h
-- Up-to-date symlink: /home/matthew/ros2_ws/install/status_display_msgs/share/status_display_msgs/environment/library_path.sh
-- Up-to-date symlink: /home/matthew/ros2_ws/install/status_display_msgs/share/status_display_msgs/environment/library_path.dsv
-- Up-to-date symlink: /home/matthew/ros2_ws/install/status_display_msgs/include/status_display_msgs/status_display_msgs/msg/detail/status_display__rosidl_typesupport_fastrtps_c.h
-- Up-to-date symlink: /home/matthew/ros2_ws/install/status_display_msgs/include/status_display_msgs/status_display_msgs/msg/rosidl_typesupport_fastrtps_c__visibility_control.h
-- Up-to-date symlink: /home/matthew/ros2_ws/install/status_display_msgs/include/status_display_msgs/status_display_msgs/msg/detail/status_display__rosidl_typesupport_introspection_c.h
-- Up-to-date symlink: /home/matthew/ros2_ws/install/status_display_msgs/include/status_display_msgs/status_display_msgs/msg/rosidl_typesupport_introspection_c__visibility_control.h
-- Up-to-date symlink: /home/matthew/ros2_ws/install/status_display_msgs/include/status_display_msgs/status_display_msgs/msg/detail/status_display__builder.hpp
-- Up-to-date symlink: /home/matthew/ros2_ws/install/status_display_msgs/include/status_display_msgs/status_display_msgs/msg/detail/status_display__struct.hpp
-- Up-to-date symlink: /home/matthew/ros2_ws/install/status_display_msgs/include/status_display_msgs/status_display_msgs/msg/detail/status_display__traits.hpp
-- Up-to-date symlink: /home/matthew/ros2_ws/install/status_display_msgs/include/status_display_msgs/status_display_msgs/msg/status_display.hpp
-- Up-to-date symlink: /home/matthew/ros2_ws/install/status_display_msgs/include/status_display_msgs/status_display_msgs/msg/detail/status_display__rosidl_typesupport_fastrtps_cpp.hpp
-- Up-to-date symlink: /home/matthew/ros2_ws/install/status_display_msgs/include/status_display_msgs/status_display_msgs/msg/rosidl_typesupport_fastrtps_cpp__visibility_control.h
-- Up-to-date symlink: /home/matthew/ros2_ws/install/status_display_msgs/include/status_display_msgs/status_display_msgs/msg/detail/status_display__rosidl_typesupport_introspection_cpp.hpp
-- Up-to-date symlink: /home/matthew/ros2_ws/install/status_display_msgs/share/status_display_msgs/environment/pythonpath.sh
-- Up-to-date symlink: /home/matthew/ros2_ws/install/status_display_msgs/share/status_display_msgs/environment/pythonpath.dsv
-- Up-to-date symlink: /home/matthew/ros2_ws/install/status_display_msgs/lib/python3.10/site-packages/status_display_msgs-0.0.0-py3.10.egg-info/PKG-INFO
-- Up-to-date symlink: /home/matthew/ros2_ws/install/status_display_msgs/lib/python3.10/site-packages/status_display_msgs-0.0.0-py3.10.egg-info/SOURCES.txt
-- Up-to-date symlink: /home/matthew/ros2_ws/install/status_display_msgs/lib/python3.10/site-packages/status_display_msgs-0.0.0-py3.10.egg-info/dependency_links.txt
-- Up-to-date symlink: /home/matthew/ros2_ws/install/status_display_msgs/lib/python3.10/site-packages/status_display_msgs-0.0.0-py3.10.egg-info/top_level.txt
-- Up-to-date symlink: /home/matthew/ros2_ws/install/status_display_msgs/lib/python3.10/site-packages/status_display_msgs/__init__.py
-- Up-to-date symlink: /home/matthew/ros2_ws/install/status_display_msgs/lib/python3.10/site-packages/status_display_msgs/_status_display_msgs_s.ep.rosidl_typesupport_c.c
-- Up-to-date symlink: /home/matthew/ros2_ws/install/status_display_msgs/lib/python3.10/site-packages/status_display_msgs/_status_display_msgs_s.ep.rosidl_typesupport_fastrtps_c.c
-- Up-to-date symlink: /home/matthew/ros2_ws/install/status_display_msgs/lib/python3.10/site-packages/status_display_msgs/_status_display_msgs_s.ep.rosidl_typesupport_introspection_c.c
-- Up-to-date symlink: /home/matthew/ros2_ws/install/status_display_msgs/lib/python3.10/site-packages/status_display_msgs/libstatus_display_msgs__rosidl_generator_py.so
-- Up-to-date symlink: /home/matthew/ros2_ws/install/status_display_msgs/lib/python3.10/site-packages/status_display_msgs/msg/__init__.py
-- Up-to-date symlink: /home/matthew/ros2_ws/install/status_display_msgs/lib/python3.10/site-packages/status_display_msgs/msg/_status_display.py
-- Up-to-date symlink: /home/matthew/ros2_ws/install/status_display_msgs/lib/python3.10/site-packages/status_display_msgs/msg/_status_display_s.c
-- Up-to-date symlink: /home/matthew/ros2_ws/install/status_display_msgs/lib/python3.10/site-packages/status_display_msgs/status_display_msgs_s__rosidl_typesupport_c.cpython-310-aarch64-linux-gnu.so
-- Up-to-date symlink: /home/matthew/ros2_ws/install/status_display_msgs/lib/python3.10/site-packages/status_display_msgs/status_display_msgs_s__rosidl_typesupport_fastrtps_c.cpython-310-aarch64-linux-gnu.so
-- Up-to-date symlink: /home/matthew/ros2_ws/install/status_display_msgs/lib/python3.10/site-packages/status_display_msgs/status_display_msgs_s__rosidl_typesupport_introspection_c.cpython-310-aarch64-linux-gnu.so
-- Up-to-date symlink: /home/matthew/ros2_ws/install/status_display_msgs/lib/python3.10/site-packages/status_display_msgs/status_display_msgs_s__rosidl_typesupport_fastrtps_c.cpython-310-aarch64-linux-gnu.so
-- Up-to-date symlink: /home/matthew/ros2_ws/install/status_display_msgs/lib/python3.10/site-packages/status_display_msgs/status_display_msgs_s__rosidl_typesupport_introspection_c.cpython-310-aarch64-linux-gnu.so
-- Up-to-date symlink: /home/matthew/ros2_ws/install/status_display_msgs/lib/python3.10/site-packages/status_display_msgs/status_display_msgs_s__rosidl_typesupport_c.cpython-310-aarch64-linux-gnu.so
-- Up-to-date symlink: /home/matthew/ros2_ws/install/status_display_msgs/share/status_display_msgs/msg/StatusDisplay.idl
-- Up-to-date symlink: /home/matthew/ros2_ws/install/status_display_msgs/share/status_display_msgs/msg/StatusDisplay.msg
-- Up-to-date symlink: /home/matthew/ros2_ws/install/status_display_msgs/share/ament_index/resource_index/package_run_dependencies/status_display_msgs
-- Up-to-date symlink: /home/matthew/ros2_ws/install/status_display_msgs/share/ament_index/resource_index/parent_prefix_path/status_display_msgs
-- Up-to-date symlink: /home/matthew/ros2_ws/install/status_display_msgs/share/status_display_msgs/environment/ament_prefix_path.sh
-- Up-to-date symlink: /home/matthew/ros2_ws/install/status_display_msgs/share/status_display_msgs/environment/ament_prefix_path.dsv
-- Up-to-date symlink: /home/matthew/ros2_ws/install/status_display_msgs/share/status_display_msgs/environment/path.sh
-- Up-to-date symlink: /home/matthew/ros2_ws/install/status_display_msgs/share/status_display_msgs/environment/path.dsv
-- Up-to-date symlink: /home/matthew/ros2_ws/install/status_display_msgs/share/status_display_msgs/local_setup.bash
-- Up-to-date symlink: /home/matthew/ros2_ws/install/status_display_msgs/share/status_display_msgs/local_setup.sh
-- Up-to-date symlink: /home/matthew/ros2_ws/install/status_display_msgs/share/status_display_msgs/local_setup.zsh
-- Up-to-date symlink: /home/matthew/ros2_ws/install/status_display_msgs/share/status_display_msgs/local_setup.dsv
-- Symlinking: /home/matthew/ros2_ws/install/status_display_msgs/share/status_display_msgs/package.dsv
-- Up-to-date symlink: /home/matthew/ros2_ws/install/status_display_msgs/share/ament_index/resource_index/packages/status_display_msgs
-- Up-to-date symlink: /home/matthew/ros2_ws/install/status_display_msgs/share/status_display_msgs/cmake/rosidl_cmake-extras.cmake
-- Up-to-date symlink: /home/matthew/ros2_ws/install/status_display_msgs/share/status_display_msgs/cmake/ament_cmake_export_include_directories-extras.cmake
-- Up-to-date symlink: /home/matthew/ros2_ws/install/status_display_msgs/share/status_display_msgs/cmake/ament_cmake_export_libraries-extras.cmake
-- Up-to-date symlink: /home/matthew/ros2_ws/install/status_display_msgs/share/status_display_msgs/cmake/ament_cmake_export_targets-extras.cmake
-- Up-to-date symlink: /home/matthew/ros2_ws/install/status_display_msgs/share/status_display_msgs/cmake/rosidl_cmake_export_typesupport_targets-extras.cmake
-- Up-to-date symlink: /home/matthew/ros2_ws/install/status_display_msgs/share/status_display_msgs/cmake/ament_cmake_export_dependencies-extras.cmake
-- Up-to-date symlink: /home/matthew/ros2_ws/install/status_display_msgs/share/status_display_msgs/cmake/rosidl_cmake_export_typesupport_libraries-extras.cmake
-- Up-to-date symlink: /home/matthew/ros2_ws/install/status_display_msgs/share/status_display_msgs/cmake/status_display_msgsConfig.cmake
-- Up-to-date symlink: /home/matthew/ros2_ws/install/status_display_msgs/share/status_display_msgs/cmake/status_display_msgsConfig-version.cmake
-- Up-to-date symlink: /home/matthew/ros2_ws/install/status_display_msgs/share/status_display_msgs/package.xml
-- Up-to-date: /home/matthew/ros2_ws/install/status_display_msgs/lib/libstatus_display_msgs__rosidl_generator_c.so
-- Up-to-date: /home/matthew/ros2_ws/install/status_display_msgs/lib/libstatus_display_msgs__rosidl_typesupport_fastrtps_c.so
-- Up-to-date: /home/matthew/ros2_ws/install/status_display_msgs/lib/libstatus_display_msgs__rosidl_typesupport_introspection_c.so
-- Up-to-date: /home/matthew/ros2_ws/install/status_display_msgs/lib/libstatus_display_msgs__rosidl_typesupport_c.so
-- Up-to-date: /home/matthew/ros2_ws/install/status_display_msgs/lib/libstatus_display_msgs__rosidl_typesupport_fastrtps_cpp.so
-- Up-to-date: /home/matthew/ros2_ws/install/status_display_msgs/lib/libstatus_display_msgs__rosidl_typesupport_introspection_cpp.so
-- Up-to-date: /home/matthew/ros2_ws/install/status_display_msgs/lib/libstatus_display_msgs__rosidl_typesupport_cpp.so
Listing '/home/matthew/ros2_ws/install/status_display_msgs/lib/python3.10/site-packages/status_display_msgs'...
Compiling '/home/matthew/ros2_ws/install/status_display_msgs/lib/python3.10/site-packages/status_display_msgs/__init__.py'...
Listing '/home/matthew/ros2_ws/install/status_display_msgs/lib/python3.10/site-packages/status_display_msgs/msg'...
-- Up-to-date: /home/matthew/ros2_ws/install/status_display_msgs/lib/libstatus_display_msgs__rosidl_generator_py.so
-- Up-to-date: /home/matthew/ros2_ws/install/status_display_msgs/share/status_display_msgs/cmake/export_status_display_msgs__rosidl_generator_cExport.cmake
-- Up-to-date: /home/matthew/ros2_ws/install/status_display_msgs/share/status_display_msgs/cmake/export_status_display_msgs__rosidl_generator_cExport-noconfig.cmake
-- Up-to-date: /home/matthew/ros2_ws/install/status_display_msgs/share/status_display_msgs/cmake/export_status_display_msgs__rosidl_typesupport_fastrtps_cExport.cmake
-- Up-to-date: /home/matthew/ros2_ws/install/status_display_msgs/share/status_display_msgs/cmake/export_status_display_msgs__rosidl_typesupport_fastrtps_cExport-noconfig.cmake
-- Up-to-date: /home/matthew/ros2_ws/install/status_display_msgs/share/status_display_msgs/cmake/status_display_msgs__rosidl_typesupport_introspection_cExport.cmake
-- Up-to-date: /home/matthew/ros2_ws/install/status_display_msgs/share/status_display_msgs/cmake/status_display_msgs__rosidl_typesupport_introspection_cExport-noconfig.cmake
-- Up-to-date: /home/matthew/ros2_ws/install/status_display_msgs/share/status_display_msgs/cmake/status_display_msgs__rosidl_typesupport_cExport.cmake
-- Up-to-date: /home/matthew/ros2_ws/install/status_display_msgs/share/status_display_msgs/cmake/status_display_msgs__rosidl_typesupport_cExport-noconfig.cmake
-- Up-to-date: /home/matthew/ros2_ws/install/status_display_msgs/share/status_display_msgs/cmake/export_status_display_msgs__rosidl_generator_cppExport.cmake
-- Up-to-date: /home/matthew/ros2_ws/install/status_display_msgs/share/status_display_msgs/cmake/export_status_display_msgs__rosidl_typesupport_fastrtps_cppExport.cmake
-- Up-to-date: /home/matthew/ros2_ws/install/status_display_msgs/share/status_display_msgs/cmake/export_status_display_msgs__rosidl_typesupport_fastrtps_cppExport-noconfig.cmake
-- Up-to-date: /home/matthew/ros2_ws/install/status_display_msgs/share/status_display_msgs/cmake/status_display_msgs__rosidl_typesupport_introspection_cppExport.cmake
-- Up-to-date: /home/matthew/ros2_ws/install/status_display_msgs/share/status_display_msgs/cmake/status_display_msgs__rosidl_typesupport_introspection_cppExport-noconfig.cmake
-- Up-to-date: /home/matthew/ros2_ws/install/status_display_msgs/share/status_display_msgs/cmake/status_display_msgs__rosidl_typesupport_cppExport.cmake
-- Up-to-date: /home/matthew/ros2_ws/install/status_display_msgs/share/status_display_msgs/cmake/status_display_msgs__rosidl_typesupport_cppExport-noconfig.cmake
-- Up-to-date: /home/matthew/ros2_ws/install/status_display_msgs/share/status_display_msgs/cmake/export_status_display_msgs__rosidl_generator_pyExport.cmake
-- Up-to-date: /home/matthew/ros2_ws/install/status_display_msgs/share/status_display_msgs/cmake/export_status_display_msgs__rosidl_generator_pyExport-noconfig.cmake
