[0.028s] Invoking command in '/home/matthew/ros2_ws/build/urdf_example': CMAKE_PREFIX_PATH=/opt/ros/iron /usr/bin/cmake /home/matthew/ros2_ws/urdf_example -DCMAKE_INSTALL_PREFIX=/home/matthew/ros2_ws/install/urdf_example
[0.449s] -- The C compiler identification is GNU 11.4.0
[0.592s] -- The CXX compiler identification is GNU 11.4.0
[0.621s] -- Detecting C compiler ABI info
[0.789s] -- Detecting C compiler ABI info - done
[0.814s] -- Check for working C compiler: /usr/bin/cc - skipped
[0.817s] -- Detecting C compile features
[0.819s] -- Detecting C compile features - done
[0.831s] -- Detecting CXX compiler ABI info
[1.000s] -- Detecting CXX compiler ABI info - done
[1.024s] -- Check for working CXX compiler: /usr/bin/c++ - skipped
[1.025s] -- Detecting CXX compile features
[1.027s] -- Detecting CXX compile features - done
[1.048s] -- Found ament_cmake: 2.0.7 (/opt/ros/iron/share/ament_cmake/cmake)
[1.413s] -- Found Python3: /usr/bin/python3.10 (found version "3.10.12") found components: Interpreter 
[1.633s] -- Found ament_lint_auto: 0.14.4 (/opt/ros/iron/share/ament_lint_auto/cmake)
[1.844s] -- Added test 'copyright' to check source files copyright and LICENSE
[1.865s] -- Added test 'flake8' to check Python code syntax and style conventions
[1.865s] -- Configured 'flake8' exclude dirs and/or files: 
[1.868s] -- Added test 'lint_cmake' to check CMake code style
[1.871s] -- Added test 'pep257' to check Python code against some of the docstring style conventions in PEP 257
[1.880s] -- Added test 'xmllint' to check XML markup files
[1.888s] -- Configuring done
[1.898s] -- Generating done
[1.903s] -- Build files have been written to: /home/matthew/ros2_ws/build/urdf_example
[1.920s] Invoked command in '/home/matthew/ros2_ws/build/urdf_example' returned '0': CMAKE_PREFIX_PATH=/opt/ros/iron /usr/bin/cmake /home/matthew/ros2_ws/urdf_example -DCMAKE_INSTALL_PREFIX=/home/matthew/ros2_ws/install/urdf_example
[1.926s] Invoking command in '/home/matthew/ros2_ws/build/urdf_example': CMAKE_PREFIX_PATH=/opt/ros/iron /usr/bin/cmake --build /home/matthew/ros2_ws/build/urdf_example -- -j6 -l6
[2.006s] Invoked command in '/home/matthew/ros2_ws/build/urdf_example' returned '0': CMAKE_PREFIX_PATH=/opt/ros/iron /usr/bin/cmake --build /home/matthew/ros2_ws/build/urdf_example -- -j6 -l6
[2.032s] Invoking command in '/home/matthew/ros2_ws/build/urdf_example': CMAKE_PREFIX_PATH=/opt/ros/iron /usr/bin/cmake --install /home/matthew/ros2_ws/build/urdf_example
[2.050s] -- Install configuration: ""
[2.051s] -- Installing: /home/matthew/ros2_ws/install/urdf_example/share/urdf_example/description
[2.051s] -- Installing: /home/matthew/ros2_ws/install/urdf_example/share/urdf_example/description/example_robot.urdf.xacro
[2.053s] -- Installing: /home/matthew/ros2_ws/install/urdf_example/share/urdf_example/description/example_include.xacro
[2.053s] -- Installing: /home/matthew/ros2_ws/install/urdf_example/share/urdf_example/description/example_gazebo.xacro
[2.053s] -- Installing: /home/matthew/ros2_ws/install/urdf_example/share/urdf_example/launch
[2.054s] -- Installing: /home/matthew/ros2_ws/install/urdf_example/share/urdf_example/launch/rsp_sim.launch.py
[2.054s] -- Installing: /home/matthew/ros2_ws/install/urdf_example/share/urdf_example/launch/rsp.launch.py
[2.055s] -- Installing: /home/matthew/ros2_ws/install/urdf_example/share/urdf_example/worlds
[2.055s] -- Installing: /home/matthew/ros2_ws/install/urdf_example/share/urdf_example/worlds/test_world.world
[2.056s] -- Installing: /home/matthew/ros2_ws/install/urdf_example/share/ament_index/resource_index/package_run_dependencies/urdf_example
[2.056s] -- Installing: /home/matthew/ros2_ws/install/urdf_example/share/ament_index/resource_index/parent_prefix_path/urdf_example
[2.057s] -- Installing: /home/matthew/ros2_ws/install/urdf_example/share/urdf_example/environment/ament_prefix_path.sh
[2.057s] -- Installing: /home/matthew/ros2_ws/install/urdf_example/share/urdf_example/environment/ament_prefix_path.dsv
[2.057s] -- Installing: /home/matthew/ros2_ws/install/urdf_example/share/urdf_example/environment/path.sh
[2.058s] -- Installing: /home/matthew/ros2_ws/install/urdf_example/share/urdf_example/environment/path.dsv
[2.058s] -- Installing: /home/matthew/ros2_ws/install/urdf_example/share/urdf_example/local_setup.bash
[2.058s] -- Installing: /home/matthew/ros2_ws/install/urdf_example/share/urdf_example/local_setup.sh
[2.059s] -- Installing: /home/matthew/ros2_ws/install/urdf_example/share/urdf_example/local_setup.zsh
[2.059s] -- Installing: /home/matthew/ros2_ws/install/urdf_example/share/urdf_example/local_setup.dsv
[2.060s] -- Installing: /home/matthew/ros2_ws/install/urdf_example/share/urdf_example/package.dsv
[2.060s] -- Installing: /home/matthew/ros2_ws/install/urdf_example/share/ament_index/resource_index/packages/urdf_example
[2.061s] -- Installing: /home/matthew/ros2_ws/install/urdf_example/share/urdf_example/cmake/urdf_exampleConfig.cmake
[2.061s] -- Installing: /home/matthew/ros2_ws/install/urdf_example/share/urdf_example/cmake/urdf_exampleConfig-version.cmake
[2.061s] -- Installing: /home/matthew/ros2_ws/install/urdf_example/share/urdf_example/package.xml
[2.070s] Invoked command in '/home/matthew/ros2_ws/build/urdf_example' returned '0': CMAKE_PREFIX_PATH=/opt/ros/iron /usr/bin/cmake --install /home/matthew/ros2_ws/build/urdf_example
