[0.046s] Invoking command in '/home/matthew/nav2_ws/build/nav2_amcl': AMENT_PREFIX_PATH=/home/matthew/nav2_ws/install/nav2_util:/home/matthew/nav2_ws/install/nav2_msgs:/home/matthew/nav2_ws/install/nav2_common:${AMENT_PREFIX_PATH} CMAKE_PREFIX_PATH=/home/matthew/nav2_ws/install/nav2_util:/home/matthew/nav2_ws/install/nav2_msgs:/home/matthew/nav2_ws/install/nav2_common:/opt/ros/iron LD_LIBRARY_PATH=/home/matthew/nav2_ws/install/nav2_util/lib:/home/matthew/nav2_ws/install/nav2_msgs/lib:${LD_LIBRARY_PATH} PYTHONPATH=/home/matthew/nav2_ws/install/nav2_msgs/lib/python3.10/site-packages:/home/matthew/nav2_ws/install/nav2_common/lib/python3.10/site-packages:${PYTHONPATH} /usr/bin/cmake /home/matthew/nav2_ws/src/navigation2/nav2_amcl -DAMENT_CMAKE_SYMLINK_INSTALL=1 -DCMAKE_INSTALL_PREFIX=/home/matthew/nav2_ws/install/nav2_amcl
[0.430s] -- The C compiler identification is GNU 11.4.0
[0.576s] -- The CXX compiler identification is GNU 11.4.0
[0.602s] -- Detecting C compiler ABI info
[0.747s] -- Detecting C compiler ABI info - done
[0.773s] -- Check for working C compiler: /usr/bin/cc - skipped
[0.774s] -- Detecting C compile features
[0.776s] -- Detecting C compile features - done
[0.787s] -- Detecting CXX compiler ABI info
[0.957s] -- Detecting CXX compiler ABI info - done
[0.988s] -- Check for working CXX compiler: /usr/bin/c++ - skipped
[0.990s] -- Detecting CXX compile features
[0.993s] -- Detecting CXX compile features - done
[1.001s] -- Found ament_cmake: 2.0.7 (/opt/ros/iron/share/ament_cmake/cmake)
[1.416s] -- Found Python3: /usr/bin/python3.10 (found version "3.10.12") found components: Interpreter 
[1.586s] -- Override CMake install command with custom implementation using symlinks instead of copying resources
[1.641s] -- Found nav2_common: 1.2.10 (/home/matthew/nav2_ws/install/nav2_common/share/nav2_common/cmake)
[1.645s] -- Found rclcpp: 21.0.8 (/opt/ros/iron/share/rclcpp/cmake)
[1.736s] -- Found rosidl_generator_c: 4.0.1 (/opt/ros/iron/share/rosidl_generator_c/cmake)
[1.763s] -- Found rosidl_generator_cpp: 4.0.1 (/opt/ros/iron/share/rosidl_generator_cpp/cmake)
[1.798s] -- Using all available rosidl_typesupport_c: rosidl_typesupport_fastrtps_c;rosidl_typesupport_introspection_c
[1.839s] -- Using all available rosidl_typesupport_cpp: rosidl_typesupport_fastrtps_cpp;rosidl_typesupport_introspection_cpp
[2.162s] -- Found rmw_implementation_cmake: 7.1.0 (/opt/ros/iron/share/rmw_implementation_cmake/cmake)
[2.168s] -- Found rmw_fastrtps_cpp: 7.1.4 (/opt/ros/iron/share/rmw_fastrtps_cpp/cmake)
[2.434s] -- Found OpenSSL: /usr/lib/aarch64-linux-gnu/libcrypto.so (found version "3.0.2")  
[2.498s] -- Found FastRTPS: /opt/ros/iron/include  
[2.604s] -- Using RMW implementation 'rmw_fastrtps_cpp' as default
[2.959s] -- Found rclcpp_lifecycle: 21.0.8 (/opt/ros/iron/share/rclcpp_lifecycle/cmake)
[3.178s] -- Found rclcpp_components: 21.0.8 (/opt/ros/iron/share/rclcpp_components/cmake)
[3.381s] -- Found message_filters: 4.7.1 (/opt/ros/iron/share/message_filters/cmake)
[3.406s] -- Found tf2_geometry_msgs: 0.31.8 (/opt/ros/iron/share/tf2_geometry_msgs/cmake)
[3.635s] -- Found eigen3_cmake_module: 0.2.2 (/opt/ros/iron/share/eigen3_cmake_module/cmake)
[3.637s] -- Found Eigen3: TRUE (found version "3.4.0") 
[3.637s] -- Ensuring Eigen3 include directory is part of orocos-kdl CMake target
[4.351s] -- Found nav_msgs: 5.0.1 (/opt/ros/iron/share/nav_msgs/cmake)
[4.584s] -- Found sensor_msgs: 5.0.1 (/opt/ros/iron/share/sensor_msgs/cmake)
[4.796s] -- Found std_srvs: 5.0.1 (/opt/ros/iron/share/std_srvs/cmake)
[4.901s] -- Found nav2_util: 1.2.10 (/home/matthew/nav2_ws/install/nav2_util/share/nav2_util/cmake)
[6.701s] -- Found pluginlib: 5.2.2 (/opt/ros/iron/share/pluginlib/cmake)
[6.741s] -- Setting build type to Release as none was specified.
[6.743s] -- Looking for drand48
[6.898s] -- Looking for drand48 - found
[17.632s] -- Found ament_lint_auto: 0.14.4 (/opt/ros/iron/share/ament_lint_auto/cmake)
[18.344s] -- Added test 'cppcheck' to perform static code analysis on C / C++ code
[18.345s] -- Configured cppcheck include dirs: /home/matthew/nav2_ws/src/navigation2/nav2_amcl/include;/home/matthew/nav2_ws/src/navigation2/nav2_amcl/src/include
[18.345s] -- Configured cppcheck exclude dirs and/or files: 
[18.348s] -- Added test 'lint_cmake' to check CMake code style
[18.354s] -- Added test 'uncrustify' to check C / C++ code style
[18.365s] -- Configured uncrustify additional arguments: 
[18.368s] -- Added test 'xmllint' to check XML markup files
[18.377s] -- Configuring done
[18.956s] -- Generating done
[19.013s] -- Build files have been written to: /home/matthew/nav2_ws/build/nav2_amcl
[19.070s] Invoked command in '/home/matthew/nav2_ws/build/nav2_amcl' returned '0': AMENT_PREFIX_PATH=/home/matthew/nav2_ws/install/nav2_util:/home/matthew/nav2_ws/install/nav2_msgs:/home/matthew/nav2_ws/install/nav2_common:${AMENT_PREFIX_PATH} CMAKE_PREFIX_PATH=/home/matthew/nav2_ws/install/nav2_util:/home/matthew/nav2_ws/install/nav2_msgs:/home/matthew/nav2_ws/install/nav2_common:/opt/ros/iron LD_LIBRARY_PATH=/home/matthew/nav2_ws/install/nav2_util/lib:/home/matthew/nav2_ws/install/nav2_msgs/lib:${LD_LIBRARY_PATH} PYTHONPATH=/home/matthew/nav2_ws/install/nav2_msgs/lib/python3.10/site-packages:/home/matthew/nav2_ws/install/nav2_common/lib/python3.10/site-packages:${PYTHONPATH} /usr/bin/cmake /home/matthew/nav2_ws/src/navigation2/nav2_amcl -DAMENT_CMAKE_SYMLINK_INSTALL=1 -DCMAKE_INSTALL_PREFIX=/home/matthew/nav2_ws/install/nav2_amcl
[19.071s] Invoking command in '/home/matthew/nav2_ws/build/nav2_amcl': AMENT_PREFIX_PATH=/home/matthew/nav2_ws/install/nav2_util:/home/matthew/nav2_ws/install/nav2_msgs:/home/matthew/nav2_ws/install/nav2_common:${AMENT_PREFIX_PATH} CMAKE_PREFIX_PATH=/home/matthew/nav2_ws/install/nav2_util:/home/matthew/nav2_ws/install/nav2_msgs:/home/matthew/nav2_ws/install/nav2_common:/opt/ros/iron LD_LIBRARY_PATH=/home/matthew/nav2_ws/install/nav2_util/lib:/home/matthew/nav2_ws/install/nav2_msgs/lib:${LD_LIBRARY_PATH} PYTHONPATH=/home/matthew/nav2_ws/install/nav2_msgs/lib/python3.10/site-packages:/home/matthew/nav2_ws/install/nav2_common/lib/python3.10/site-packages:${PYTHONPATH} /usr/bin/cmake --build /home/matthew/nav2_ws/build/nav2_amcl -- -j6 -l6
[99.196s] [  4%] [32mBuilding C object src/pf/CMakeFiles/pf_lib.dir/pf.c.o[0m
[99.197s] [  8%] [32mBuilding C object src/pf/CMakeFiles/pf_lib.dir/pf_pdf.c.o[0m
[99.197s] [ 12%] [32mBuilding C object src/pf/CMakeFiles/pf_lib.dir/pf_kdtree.c.o[0m
[99.197s] [ 16%] [32mBuilding C object src/map/CMakeFiles/map_lib.dir/map.c.o[0m
[99.198s] [ 20%] [32mBuilding C object src/map/CMakeFiles/map_lib.dir/map_range.c.o[0m
[99.198s] [ 25%] [32mBuilding C object src/map/CMakeFiles/map_lib.dir/map_draw.c.o[0m
[99.198s] [ 29%] [32mBuilding C object src/pf/CMakeFiles/pf_lib.dir/pf_vector.c.o[0m
[99.198s] [ 33%] [32mBuilding CXX object src/map/CMakeFiles/map_lib.dir/map_cspace.cpp.o[0m
[99.198s] [ 37%] [32mBuilding C object src/pf/CMakeFiles/pf_lib.dir/pf_draw.c.o[0m
[99.198s] [ 41%] [32mBuilding C object src/pf/CMakeFiles/pf_lib.dir/eig3.c.o[0m
[99.198s] [ 45%] [32m[1mLinking C shared library libpf_lib.so[0m
[99.198s] [ 45%] Built target pf_lib
[99.199s] [ 50%] [32mBuilding CXX object src/motion_model/CMakeFiles/motions_lib.dir/omni_motion_model.cpp.o[0m
[99.199s] [ 54%] [32mBuilding CXX object src/motion_model/CMakeFiles/motions_lib.dir/differential_motion_model.cpp.o[0m
[99.199s] [ 58%] [32m[1mLinking CXX shared library libmap_lib.so[0m
[99.199s] [ 58%] Built target map_lib
[99.199s] [ 62%] [32mBuilding CXX object src/sensors/CMakeFiles/sensors_lib.dir/laser/laser.cpp.o[0m
[99.199s] [ 66%] [32mBuilding CXX object src/sensors/CMakeFiles/sensors_lib.dir/laser/likelihood_field_model_prob.cpp.o[0m
[99.199s] [ 70%] [32mBuilding CXX object src/sensors/CMakeFiles/sensors_lib.dir/laser/likelihood_field_model.cpp.o[0m
[99.199s] [ 75%] [32m[1mLinking CXX shared library libmotions_lib.so[0m
[99.200s] [ 75%] Built target motions_lib
[99.200s] [ 79%] [32mBuilding CXX object src/sensors/CMakeFiles/sensors_lib.dir/laser/beam_model.cpp.o[0m
[99.200s] [ 83%] [32m[1mLinking CXX shared library libsensors_lib.so[0m
[99.200s] [ 83%] Built target sensors_lib
[99.200s] [ 87%] [32mBuilding CXX object CMakeFiles/amcl_core.dir/src/amcl_node.cpp.o[0m
[120.468s] [ 91%] [32m[1mLinking CXX shared library libamcl_core.so[0m
[121.592s] [ 91%] Built target amcl_core
[121.636s] [ 95%] [32mBuilding CXX object CMakeFiles/amcl.dir/src/main.cpp.o[0m
[134.321s] [100%] [32m[1mLinking CXX executable amcl[0m
[135.180s] [100%] Built target amcl
[135.205s] Invoked command in '/home/matthew/nav2_ws/build/nav2_amcl' returned '0': AMENT_PREFIX_PATH=/home/matthew/nav2_ws/install/nav2_util:/home/matthew/nav2_ws/install/nav2_msgs:/home/matthew/nav2_ws/install/nav2_common:${AMENT_PREFIX_PATH} CMAKE_PREFIX_PATH=/home/matthew/nav2_ws/install/nav2_util:/home/matthew/nav2_ws/install/nav2_msgs:/home/matthew/nav2_ws/install/nav2_common:/opt/ros/iron LD_LIBRARY_PATH=/home/matthew/nav2_ws/install/nav2_util/lib:/home/matthew/nav2_ws/install/nav2_msgs/lib:${LD_LIBRARY_PATH} PYTHONPATH=/home/matthew/nav2_ws/install/nav2_msgs/lib/python3.10/site-packages:/home/matthew/nav2_ws/install/nav2_common/lib/python3.10/site-packages:${PYTHONPATH} /usr/bin/cmake --build /home/matthew/nav2_ws/build/nav2_amcl -- -j6 -l6
[135.211s] Invoking command in '/home/matthew/nav2_ws/build/nav2_amcl': AMENT_PREFIX_PATH=/home/matthew/nav2_ws/install/nav2_util:/home/matthew/nav2_ws/install/nav2_msgs:/home/matthew/nav2_ws/install/nav2_common:${AMENT_PREFIX_PATH} CMAKE_PREFIX_PATH=/home/matthew/nav2_ws/install/nav2_util:/home/matthew/nav2_ws/install/nav2_msgs:/home/matthew/nav2_ws/install/nav2_common:/opt/ros/iron LD_LIBRARY_PATH=/home/matthew/nav2_ws/install/nav2_util/lib:/home/matthew/nav2_ws/install/nav2_msgs/lib:${LD_LIBRARY_PATH} PYTHONPATH=/home/matthew/nav2_ws/install/nav2_msgs/lib/python3.10/site-packages:/home/matthew/nav2_ws/install/nav2_common/lib/python3.10/site-packages:${PYTHONPATH} /usr/bin/cmake --install /home/matthew/nav2_ws/build/nav2_amcl
[135.226s] -- Install configuration: "Release"
[135.228s] -- Execute custom install script
[135.229s] -- Symlinking: /home/matthew/nav2_ws/install/nav2_amcl/lib/libpf_lib.so
[135.248s] -- Symlinking: /home/matthew/nav2_ws/install/nav2_amcl/lib/libmap_lib.so
[135.266s] -- Symlinking: /home/matthew/nav2_ws/install/nav2_amcl/lib/libmotions_lib.so
[135.286s] -- Symlinking: /home/matthew/nav2_ws/install/nav2_amcl/lib/libsensors_lib.so
[135.306s] -- Symlinking: /home/matthew/nav2_ws/install/nav2_amcl/lib/libamcl_core.so
[135.324s] -- Symlinking: /home/matthew/nav2_ws/install/nav2_amcl/lib/nav2_amcl/amcl
[135.343s] -- Symlinking: /home/matthew/nav2_ws/install/nav2_amcl/include//nav2_amcl/amcl_node.hpp
[135.361s] -- Symlinking: /home/matthew/nav2_ws/install/nav2_amcl/include//nav2_amcl/angleutils.hpp
[135.380s] -- Symlinking: /home/matthew/nav2_ws/install/nav2_amcl/include//nav2_amcl/map/map.hpp
[135.399s] -- Symlinking: /home/matthew/nav2_ws/install/nav2_amcl/include//nav2_amcl/motion_model/differential_motion_model.hpp
[135.418s] -- Symlinking: /home/matthew/nav2_ws/install/nav2_amcl/include//nav2_amcl/motion_model/motion_model.hpp
[135.436s] -- Symlinking: /home/matthew/nav2_ws/install/nav2_amcl/include//nav2_amcl/motion_model/omni_motion_model.hpp
[135.453s] -- Symlinking: /home/matthew/nav2_ws/install/nav2_amcl/include//nav2_amcl/pf/eig3.hpp
[135.470s] -- Symlinking: /home/matthew/nav2_ws/install/nav2_amcl/include//nav2_amcl/pf/pf.hpp
[135.489s] -- Symlinking: /home/matthew/nav2_ws/install/nav2_amcl/include//nav2_amcl/pf/pf_kdtree.hpp
[135.507s] -- Symlinking: /home/matthew/nav2_ws/install/nav2_amcl/include//nav2_amcl/pf/pf_pdf.hpp
[135.524s] -- Symlinking: /home/matthew/nav2_ws/install/nav2_amcl/include//nav2_amcl/pf/pf_vector.hpp
[135.541s] -- Symlinking: /home/matthew/nav2_ws/install/nav2_amcl/include//nav2_amcl/portable_utils.hpp
[135.558s] -- Symlinking: /home/matthew/nav2_ws/install/nav2_amcl/include//nav2_amcl/sensors/laser/laser.hpp
[135.576s] -- Symlinking: /home/matthew/nav2_ws/install/nav2_amcl/share/nav2_amcl/environment/library_path.sh
[135.597s] -- Symlinking: /home/matthew/nav2_ws/install/nav2_amcl/share/nav2_amcl/environment/library_path.dsv
[135.615s] -- Symlinking: /home/matthew/nav2_ws/install/nav2_amcl/share/nav2_amcl//plugins.xml
[135.633s] -- Symlinking: /home/matthew/nav2_ws/install/nav2_amcl/share/ament_index/resource_index/package_run_dependencies/nav2_amcl
[135.653s] -- Symlinking: /home/matthew/nav2_ws/install/nav2_amcl/share/ament_index/resource_index/parent_prefix_path/nav2_amcl
[135.668s] -- Symlinking: /home/matthew/nav2_ws/install/nav2_amcl/share/nav2_amcl/environment/ament_prefix_path.sh
[135.685s] -- Symlinking: /home/matthew/nav2_ws/install/nav2_amcl/share/nav2_amcl/environment/ament_prefix_path.dsv
[135.702s] -- Symlinking: /home/matthew/nav2_ws/install/nav2_amcl/share/nav2_amcl/environment/path.sh
[135.721s] -- Symlinking: /home/matthew/nav2_ws/install/nav2_amcl/share/nav2_amcl/environment/path.dsv
[135.739s] -- Symlinking: /home/matthew/nav2_ws/install/nav2_amcl/share/nav2_amcl/local_setup.bash
[135.757s] -- Symlinking: /home/matthew/nav2_ws/install/nav2_amcl/share/nav2_amcl/local_setup.sh
[135.775s] -- Symlinking: /home/matthew/nav2_ws/install/nav2_amcl/share/nav2_amcl/local_setup.zsh
[135.795s] -- Symlinking: /home/matthew/nav2_ws/install/nav2_amcl/share/nav2_amcl/local_setup.dsv
[135.814s] -- Symlinking: /home/matthew/nav2_ws/install/nav2_amcl/share/nav2_amcl/package.dsv
[135.832s] -- Symlinking: /home/matthew/nav2_ws/install/nav2_amcl/share/ament_index/resource_index/packages/nav2_amcl
[135.849s] -- Symlinking: /home/matthew/nav2_ws/install/nav2_amcl/share/ament_index/resource_index/nav2_amcl__pluginlib__plugin/nav2_amcl
[135.867s] -- Symlinking: /home/matthew/nav2_ws/install/nav2_amcl/share/ament_index/resource_index/rclcpp_components/nav2_amcl
[135.887s] -- Symlinking: /home/matthew/nav2_ws/install/nav2_amcl/share/nav2_amcl/cmake/ament_cmake_export_include_directories-extras.cmake
[135.904s] -- Symlinking: /home/matthew/nav2_ws/install/nav2_amcl/share/nav2_amcl/cmake/ament_cmake_export_libraries-extras.cmake
[135.921s] -- Symlinking: /home/matthew/nav2_ws/install/nav2_amcl/share/nav2_amcl/cmake/ament_cmake_export_dependencies-extras.cmake
[135.939s] -- Symlinking: /home/matthew/nav2_ws/install/nav2_amcl/share/nav2_amcl/cmake/nav2_amclConfig.cmake
[135.956s] -- Symlinking: /home/matthew/nav2_ws/install/nav2_amcl/share/nav2_amcl/cmake/nav2_amclConfig-version.cmake
[135.974s] -- Symlinking: /home/matthew/nav2_ws/install/nav2_amcl/share/nav2_amcl/package.xml
[135.999s] Invoked command in '/home/matthew/nav2_ws/build/nav2_amcl' returned '0': AMENT_PREFIX_PATH=/home/matthew/nav2_ws/install/nav2_util:/home/matthew/nav2_ws/install/nav2_msgs:/home/matthew/nav2_ws/install/nav2_common:${AMENT_PREFIX_PATH} CMAKE_PREFIX_PATH=/home/matthew/nav2_ws/install/nav2_util:/home/matthew/nav2_ws/install/nav2_msgs:/home/matthew/nav2_ws/install/nav2_common:/opt/ros/iron LD_LIBRARY_PATH=/home/matthew/nav2_ws/install/nav2_util/lib:/home/matthew/nav2_ws/install/nav2_msgs/lib:${LD_LIBRARY_PATH} PYTHONPATH=/home/matthew/nav2_ws/install/nav2_msgs/lib/python3.10/site-packages:/home/matthew/nav2_ws/install/nav2_common/lib/python3.10/site-packages:${PYTHONPATH} /usr/bin/cmake --install /home/matthew/nav2_ws/build/nav2_amcl
