[2.144s] Invoking command in '/home/matthew/ros2_ws/build/static_tf': PYTHONPATH=/home/matthew/ros2_ws/build/static_tf/prefix_override:/usr/lib/python3/dist-packages/colcon_core/task/python/colcon_distutils_commands:/home/matthew/ros2_ws/install/static_tf/lib/python3.10/site-packages:${PYTHONPATH} /usr/bin/python3 -W ignore:setup.py install is deprecated -W ignore:easy_install command is deprecated setup.py develop --uninstall --editable --build-directory /home/matthew/ros2_ws/build/static_tf/build
[2.735s] running develop
[3.220s] Removing /home/matthew/ros2_ws/install/static_tf/lib/python3.10/site-packages/static-tf.egg-link (link to .)
[3.331s] Invoked command in '/home/matthew/ros2_ws/build/static_tf' returned '0': PYTHONPATH=/home/matthew/ros2_ws/build/static_tf/prefix_override:/usr/lib/python3/dist-packages/colcon_core/task/python/colcon_distutils_commands:/home/matthew/ros2_ws/install/static_tf/lib/python3.10/site-packages:${PYTHONPATH} /usr/bin/python3 -W ignore:setup.py install is deprecated -W ignore:easy_install command is deprecated setup.py develop --uninstall --editable --build-directory /home/matthew/ros2_ws/build/static_tf/build
[3.332s] Invoking command in '/home/matthew/ros2_ws/src/static_tf': PYTHONPATH=/home/matthew/ros2_ws/build/static_tf/prefix_override:/usr/lib/python3/dist-packages/colcon_core/task/python/colcon_distutils_commands:/home/matthew/ros2_ws/install/static_tf/lib/python3.10/site-packages:${PYTHONPATH} /usr/bin/python3 -W ignore:setup.py install is deprecated -W ignore:easy_install command is deprecated setup.py egg_info --egg-base ../../build/static_tf build --build-base /home/matthew/ros2_ws/build/static_tf/build install --record /home/matthew/ros2_ws/build/static_tf/install.log --single-version-externally-managed install_data --force
[3.874s] running egg_info
[3.875s] writing ../../build/static_tf/static_tf.egg-info/PKG-INFO
[3.876s] writing dependency_links to ../../build/static_tf/static_tf.egg-info/dependency_links.txt
[3.876s] writing entry points to ../../build/static_tf/static_tf.egg-info/entry_points.txt
[3.877s] writing requirements to ../../build/static_tf/static_tf.egg-info/requires.txt
[3.877s] writing top-level names to ../../build/static_tf/static_tf.egg-info/top_level.txt
[3.881s] reading manifest file '../../build/static_tf/static_tf.egg-info/SOURCES.txt'
[3.883s] writing manifest file '../../build/static_tf/static_tf.egg-info/SOURCES.txt'
[3.883s] running build
[3.884s] running build_py
[3.884s] running install
[3.885s] running install_lib
[3.889s] creating /home/matthew/ros2_ws/install/static_tf/lib/python3.10/site-packages/static_tf
[3.890s] copying /home/matthew/ros2_ws/build/static_tf/build/lib/static_tf/__init__.py -> /home/matthew/ros2_ws/install/static_tf/lib/python3.10/site-packages/static_tf
[3.890s] copying /home/matthew/ros2_ws/build/static_tf/build/lib/static_tf/static_tf_node.py -> /home/matthew/ros2_ws/install/static_tf/lib/python3.10/site-packages/static_tf
[3.891s] byte-compiling /home/matthew/ros2_ws/install/static_tf/lib/python3.10/site-packages/static_tf/__init__.py to __init__.cpython-310.pyc
[3.891s] byte-compiling /home/matthew/ros2_ws/install/static_tf/lib/python3.10/site-packages/static_tf/static_tf_node.py to static_tf_node.cpython-310.pyc
[3.893s] running install_data
[3.893s] copying resource/static_tf -> /home/matthew/ros2_ws/install/static_tf/share/ament_index/resource_index/packages
[3.893s] copying package.xml -> /home/matthew/ros2_ws/install/static_tf/share/static_tf
[3.893s] running install_egg_info
[3.897s] Copying ../../build/static_tf/static_tf.egg-info to /home/matthew/ros2_ws/install/static_tf/lib/python3.10/site-packages/static_tf-0.0.0-py3.10.egg-info
[3.900s] running install_scripts
[3.944s] Installing static_tf_node script to /home/matthew/ros2_ws/install/static_tf/lib/static_tf
[3.945s] writing list of installed files to '/home/matthew/ros2_ws/build/static_tf/install.log'
[4.233s] Invoked command in '/home/matthew/ros2_ws/src/static_tf' returned '0': PYTHONPATH=/home/matthew/ros2_ws/build/static_tf/prefix_override:/usr/lib/python3/dist-packages/colcon_core/task/python/colcon_distutils_commands:/home/matthew/ros2_ws/install/static_tf/lib/python3.10/site-packages:${PYTHONPATH} /usr/bin/python3 -W ignore:setup.py install is deprecated -W ignore:easy_install command is deprecated setup.py egg_info --egg-base ../../build/static_tf build --build-base /home/matthew/ros2_ws/build/static_tf/build install --record /home/matthew/ros2_ws/build/static_tf/install.log --single-version-externally-managed install_data --force
