[0.056s] Invoking command in '/home/matthew/ros2_ws/build/status_display_msgs': CMAKE_PREFIX_PATH=/opt/ros/iron /usr/bin/cmake /home/matthew/ros2_ws/src/status_display_msgs -DAMENT_CMAKE_SYMLINK_INSTALL=1 -DCMAKE_INSTALL_PREFIX=/home/matthew/ros2_ws/install/status_display_msgs
[1.217s] -- The C compiler identification is GNU 11.4.0
[1.217s] -- The CXX compiler identification is GNU 11.4.0
[1.218s] -- Detecting C compiler ABI info
[1.219s] -- Detecting C compiler ABI info - done
[1.219s] -- Check for working C compiler: /usr/bin/cc - skipped
[1.220s] -- Detecting C compile features
[1.222s] -- Detecting C compile features - done
[1.223s] -- Detecting CXX compiler ABI info
[1.224s] -- Detecting CXX compiler ABI info - done
[1.224s] -- Check for working CXX compiler: /usr/bin/c++ - skipped
[1.224s] -- Detecting CXX compile features
[1.224s] -- Detecting CXX compile features - done
[1.224s] -- Found ament_cmake: 2.0.7 (/opt/ros/iron/share/ament_cmake/cmake)
[1.225s] -- Found Python3: /usr/bin/python3.10 (found version "3.10.12") found components: Interpreter 
[1.225s] -- Override CMake install command with custom implementation using symlinks instead of copying resources
[1.225s] -- Found ament_lint_auto: 0.14.4 (/opt/ros/iron/share/ament_lint_auto/cmake)
[1.374s] -- Found rosidl_default_generators: 1.5.0 (/opt/ros/iron/share/rosidl_default_generators/cmake)
[1.383s] -- Using all available rosidl_typesupport_c: rosidl_typesupport_fastrtps_c;rosidl_typesupport_introspection_c
[1.489s] -- Using all available rosidl_typesupport_cpp: rosidl_typesupport_fastrtps_cpp;rosidl_typesupport_introspection_cpp
[1.565s] -- Found rosidl_adapter: 4.0.1 (/opt/ros/iron/share/rosidl_adapter/cmake)
[2.107s] -- Found ament_cmake_ros: 0.11.2 (/opt/ros/iron/share/ament_cmake_ros/cmake)
[2.469s] -- Using all available rosidl_typesupport_c: rosidl_typesupport_fastrtps_c;rosidl_typesupport_introspection_c
[2.942s] -- Using all available rosidl_typesupport_cpp: rosidl_typesupport_fastrtps_cpp;rosidl_typesupport_introspection_cpp
[2.992s] -- Found PythonInterp: /usr/bin/python3 (found suitable version "3.10.12", minimum required is "3.6") 
[2.995s] -- Found python_cmake_module: 0.10.2 (/opt/ros/iron/share/python_cmake_module/cmake)
[3.056s] -- Found PythonLibs: /usr/lib/aarch64-linux-gnu/libpython3.10.so (found suitable version "3.10.12", minimum required is "3.5") 
[3.056s] -- Using PYTHON_EXECUTABLE: /usr/bin/python3
[3.056s] -- Using PYTHON_INCLUDE_DIRS: /usr/include/python3.10
[3.057s] -- Using PYTHON_LIBRARIES: /usr/lib/aarch64-linux-gnu/libpython3.10.so
[3.106s] -- Found PythonExtra: .so  
[3.203s] -- Added test 'lint_cmake' to check CMake code style
[3.205s] -- Added test 'xmllint' to check XML markup files
[3.221s] -- Configuring done
[3.282s] -- Generating done
[3.302s] -- Build files have been written to: /home/matthew/ros2_ws/build/status_display_msgs
[3.319s] Invoked command in '/home/matthew/ros2_ws/build/status_display_msgs' returned '0': CMAKE_PREFIX_PATH=/opt/ros/iron /usr/bin/cmake /home/matthew/ros2_ws/src/status_display_msgs -DAMENT_CMAKE_SYMLINK_INSTALL=1 -DCMAKE_INSTALL_PREFIX=/home/matthew/ros2_ws/install/status_display_msgs
[3.322s] Invoking command in '/home/matthew/ros2_ws/build/status_display_msgs': CMAKE_PREFIX_PATH=/opt/ros/iron /usr/bin/cmake --build /home/matthew/ros2_ws/build/status_display_msgs -- -j6 -l6
[3.428s] [  2%] [34m[1mGenerating type hashes for ROS interfaces[0m
[3.451s] [  2%] Built target ament_cmake_python_symlink_status_display_msgs
[3.842s] [  2%] Built target status_display_msgs__rosidl_generator_type_description
[3.860s] [  5%] [34m[1mGenerating C code for ROS interfaces[0m
[3.881s] [  8%] [34m[1mGenerating C++ code for ROS interfaces[0m
[3.961s] running egg_info
[3.962s] creating status_display_msgs.egg-info
[3.962s] writing status_display_msgs.egg-info/PKG-INFO
[3.963s] writing dependency_links to status_display_msgs.egg-info/dependency_links.txt
[3.963s] writing top-level names to status_display_msgs.egg-info/top_level.txt
[3.964s] writing manifest file 'status_display_msgs.egg-info/SOURCES.txt'
[3.968s] reading manifest file 'status_display_msgs.egg-info/SOURCES.txt'
[3.969s] writing manifest file 'status_display_msgs.egg-info/SOURCES.txt'
[4.044s] [  8%] Built target ament_cmake_python_build_status_display_msgs_egg
[4.377s] [  8%] Built target status_display_msgs__cpp
[4.448s] [ 14%] [32mBuilding C object CMakeFiles/status_display_msgs__rosidl_generator_c.dir/rosidl_generator_c/status_display_msgs/msg/detail/status_display__type_support.c.o[0m
[4.448s] [ 14%] [32mBuilding C object CMakeFiles/status_display_msgs__rosidl_generator_c.dir/rosidl_generator_c/status_display_msgs/msg/detail/status_display__description.c.o[0m
[4.448s] [ 17%] [32mBuilding C object CMakeFiles/status_display_msgs__rosidl_generator_c.dir/rosidl_generator_c/status_display_msgs/msg/detail/status_display__functions.c.o[0m
[4.564s] [ 20%] [32m[1mLinking C shared library libstatus_display_msgs__rosidl_generator_c.so[0m
[4.646s] [ 20%] Built target status_display_msgs__rosidl_generator_c
[4.667s] [ 38%] [34m[1mGenerating C type support for eProsima Fast-RTPS[0m
[4.667s] [ 38%] [34m[1mGenerating C++ type support dispatch for ROS interfaces[0m
[4.667s] [ 38%] [34m[1mGenerating C++ introspection for ROS interfaces[0m
[4.668s] [ 38%] [34m[1mGenerating C type support dispatch for ROS interfaces[0m
[4.668s] [ 38%] [34m[1mGenerating C introspection for ROS interfaces[0m
[4.668s] [ 38%] [34m[1mGenerating C++ type support for eProsima Fast-RTPS[0m
[5.169s] [ 41%] [32mBuilding CXX object CMakeFiles/status_display_msgs__rosidl_typesupport_introspection_cpp.dir/rosidl_typesupport_introspection_cpp/status_display_msgs/msg/detail/status_display__type_support.cpp.o[0m
[5.180s] [ 44%] [32mBuilding C object CMakeFiles/status_display_msgs__rosidl_typesupport_introspection_c.dir/rosidl_typesupport_introspection_c/status_display_msgs/msg/detail/status_display__type_support.c.o[0m
[5.212s] [ 50%] [32mBuilding CXX object CMakeFiles/status_display_msgs__rosidl_typesupport_c.dir/rosidl_typesupport_c/status_display_msgs/msg/status_display__type_support.cpp.o[0m
[5.212s] [ 50%] [32mBuilding CXX object CMakeFiles/status_display_msgs__rosidl_typesupport_cpp.dir/rosidl_typesupport_cpp/status_display_msgs/msg/status_display__type_support.cpp.o[0m
[5.217s] [ 52%] [32mBuilding CXX object CMakeFiles/status_display_msgs__rosidl_typesupport_fastrtps_cpp.dir/rosidl_typesupport_fastrtps_cpp/status_display_msgs/msg/detail/dds_fastrtps/status_display__type_support.cpp.o[0m
[5.234s] [ 55%] [32mBuilding CXX object CMakeFiles/status_display_msgs__rosidl_typesupport_fastrtps_c.dir/rosidl_typesupport_fastrtps_c/status_display_msgs/msg/detail/status_display__type_support_c.cpp.o[0m
[5.270s] [ 58%] [32m[1mLinking C shared library libstatus_display_msgs__rosidl_typesupport_introspection_c.so[0m
[5.313s] [ 61%] [32m[1mLinking CXX shared library libstatus_display_msgs__rosidl_typesupport_c.so[0m
[5.328s] [ 61%] Built target status_display_msgs__rosidl_typesupport_introspection_c
[5.388s] [ 61%] Built target status_display_msgs__rosidl_typesupport_c
[5.972s] [ 64%] [32m[1mLinking CXX shared library libstatus_display_msgs__rosidl_typesupport_fastrtps_c.so[0m
[6.000s] [ 67%] [32m[1mLinking CXX shared library libstatus_display_msgs__rosidl_typesupport_introspection_cpp.so[0m
[6.060s] [ 70%] [32m[1mLinking CXX shared library libstatus_display_msgs__rosidl_typesupport_cpp.so[0m
[6.081s] [ 70%] Built target status_display_msgs__rosidl_typesupport_introspection_cpp
[6.133s] [ 70%] Built target status_display_msgs__rosidl_typesupport_fastrtps_c
[6.138s] [ 70%] Built target status_display_msgs__rosidl_typesupport_cpp
[6.362s] [ 73%] [32m[1mLinking CXX shared library libstatus_display_msgs__rosidl_typesupport_fastrtps_cpp.so[0m
[6.521s] [ 73%] Built target status_display_msgs__rosidl_typesupport_fastrtps_cpp
[6.571s] [ 73%] Built target status_display_msgs
[6.691s] [ 76%] [34m[1mGenerating Python code for ROS interfaces[0m
[7.297s] [ 76%] Built target status_display_msgs__py
[7.346s] [ 79%] [32mBuilding C object CMakeFiles/status_display_msgs__rosidl_generator_py.dir/rosidl_generator_py/status_display_msgs/msg/_status_display_s.c.o[0m
[7.618s] [ 82%] [32m[1mLinking C shared library rosidl_generator_py/status_display_msgs/libstatus_display_msgs__rosidl_generator_py.so[0m
[7.702s] [ 82%] Built target status_display_msgs__rosidl_generator_py
[7.744s] [ 88%] [32mBuilding C object CMakeFiles/status_display_msgs__rosidl_typesupport_introspection_c__pyext.dir/rosidl_generator_py/status_display_msgs/_status_display_msgs_s.ep.rosidl_typesupport_introspection_c.c.o[0m
[7.745s] [ 88%] [32mBuilding C object CMakeFiles/status_display_msgs__rosidl_typesupport_c__pyext.dir/rosidl_generator_py/status_display_msgs/_status_display_msgs_s.ep.rosidl_typesupport_c.c.o[0m
[7.745s] [ 91%] [32mBuilding C object CMakeFiles/status_display_msgs__rosidl_typesupport_fastrtps_c__pyext.dir/rosidl_generator_py/status_display_msgs/_status_display_msgs_s.ep.rosidl_typesupport_fastrtps_c.c.o[0m
[7.932s] [ 94%] [32m[1mLinking C shared library rosidl_generator_py/status_display_msgs/status_display_msgs_s__rosidl_typesupport_introspection_c.cpython-310-aarch64-linux-gnu.so[0m
[7.933s] [ 97%] [32m[1mLinking C shared library rosidl_generator_py/status_display_msgs/status_display_msgs_s__rosidl_typesupport_c.cpython-310-aarch64-linux-gnu.so[0m
[7.935s] [100%] [32m[1mLinking C shared library rosidl_generator_py/status_display_msgs/status_display_msgs_s__rosidl_typesupport_fastrtps_c.cpython-310-aarch64-linux-gnu.so[0m
[7.998s] [100%] Built target status_display_msgs__rosidl_typesupport_introspection_c__pyext
[7.998s] [100%] Built target status_display_msgs__rosidl_typesupport_c__pyext
[8.010s] [100%] Built target status_display_msgs__rosidl_typesupport_fastrtps_c__pyext
[8.042s] Invoked command in '/home/matthew/ros2_ws/build/status_display_msgs' returned '0': CMAKE_PREFIX_PATH=/opt/ros/iron /usr/bin/cmake --build /home/matthew/ros2_ws/build/status_display_msgs -- -j6 -l6
[8.048s] Invoking command in '/home/matthew/ros2_ws/build/status_display_msgs': CMAKE_PREFIX_PATH=/opt/ros/iron /usr/bin/cmake --install /home/matthew/ros2_ws/build/status_display_msgs
[8.067s] -- Install configuration: ""
[8.068s] -- Execute custom install script
[8.069s] -- Symlinking: /home/matthew/ros2_ws/install/status_display_msgs/share/ament_index/resource_index/rosidl_interfaces/status_display_msgs
[8.090s] -- Symlinking: /home/matthew/ros2_ws/install/status_display_msgs/share/status_display_msgs/msg/StatusDisplay.json
[8.110s] -- Symlinking: /home/matthew/ros2_ws/install/status_display_msgs/include/status_display_msgs/status_display_msgs/msg/detail/status_display__functions.h
[8.129s] -- Symlinking: /home/matthew/ros2_ws/install/status_display_msgs/include/status_display_msgs/status_display_msgs/msg/detail/status_display__struct.h
[8.150s] -- Symlinking: /home/matthew/ros2_ws/install/status_display_msgs/include/status_display_msgs/status_display_msgs/msg/detail/status_display__type_support.h
[8.168s] -- Symlinking: /home/matthew/ros2_ws/install/status_display_msgs/include/status_display_msgs/status_display_msgs/msg/rosidl_generator_c__visibility_control.h
[8.186s] -- Symlinking: /home/matthew/ros2_ws/install/status_display_msgs/include/status_display_msgs/status_display_msgs/msg/status_display.h
[8.206s] -- Symlinking: /home/matthew/ros2_ws/install/status_display_msgs/share/status_display_msgs/environment/library_path.sh
[8.226s] -- Symlinking: /home/matthew/ros2_ws/install/status_display_msgs/share/status_display_msgs/environment/library_path.dsv
[8.247s] -- Symlinking: /home/matthew/ros2_ws/install/status_display_msgs/include/status_display_msgs/status_display_msgs/msg/detail/status_display__rosidl_typesupport_fastrtps_c.h
[8.267s] -- Symlinking: /home/matthew/ros2_ws/install/status_display_msgs/include/status_display_msgs/status_display_msgs/msg/rosidl_typesupport_fastrtps_c__visibility_control.h
[8.288s] -- Symlinking: /home/matthew/ros2_ws/install/status_display_msgs/include/status_display_msgs/status_display_msgs/msg/detail/status_display__rosidl_typesupport_introspection_c.h
[8.308s] -- Symlinking: /home/matthew/ros2_ws/install/status_display_msgs/include/status_display_msgs/status_display_msgs/msg/rosidl_typesupport_introspection_c__visibility_control.h
[8.330s] -- Symlinking: /home/matthew/ros2_ws/install/status_display_msgs/include/status_display_msgs/status_display_msgs/msg/detail/status_display__builder.hpp
[8.350s] -- Symlinking: /home/matthew/ros2_ws/install/status_display_msgs/include/status_display_msgs/status_display_msgs/msg/detail/status_display__struct.hpp
[8.371s] -- Symlinking: /home/matthew/ros2_ws/install/status_display_msgs/include/status_display_msgs/status_display_msgs/msg/detail/status_display__traits.hpp
[8.392s] -- Symlinking: /home/matthew/ros2_ws/install/status_display_msgs/include/status_display_msgs/status_display_msgs/msg/status_display.hpp
[8.412s] -- Symlinking: /home/matthew/ros2_ws/install/status_display_msgs/include/status_display_msgs/status_display_msgs/msg/detail/status_display__rosidl_typesupport_fastrtps_cpp.hpp
[8.433s] -- Symlinking: /home/matthew/ros2_ws/install/status_display_msgs/include/status_display_msgs/status_display_msgs/msg/rosidl_typesupport_fastrtps_cpp__visibility_control.h
[8.454s] -- Symlinking: /home/matthew/ros2_ws/install/status_display_msgs/include/status_display_msgs/status_display_msgs/msg/detail/status_display__rosidl_typesupport_introspection_cpp.hpp
[8.472s] -- Symlinking: /home/matthew/ros2_ws/install/status_display_msgs/share/status_display_msgs/environment/pythonpath.sh
[8.490s] -- Symlinking: /home/matthew/ros2_ws/install/status_display_msgs/share/status_display_msgs/environment/pythonpath.dsv
[8.512s] -- Symlinking: /home/matthew/ros2_ws/install/status_display_msgs/lib/python3.10/site-packages/status_display_msgs-0.0.0-py3.10.egg-info/PKG-INFO
[8.534s] -- Symlinking: /home/matthew/ros2_ws/install/status_display_msgs/lib/python3.10/site-packages/status_display_msgs-0.0.0-py3.10.egg-info/SOURCES.txt
[8.556s] -- Symlinking: /home/matthew/ros2_ws/install/status_display_msgs/lib/python3.10/site-packages/status_display_msgs-0.0.0-py3.10.egg-info/dependency_links.txt
[8.574s] -- Symlinking: /home/matthew/ros2_ws/install/status_display_msgs/lib/python3.10/site-packages/status_display_msgs-0.0.0-py3.10.egg-info/top_level.txt
[8.595s] -- Symlinking: /home/matthew/ros2_ws/install/status_display_msgs/lib/python3.10/site-packages/status_display_msgs/__init__.py
[8.617s] -- Symlinking: /home/matthew/ros2_ws/install/status_display_msgs/lib/python3.10/site-packages/status_display_msgs/_status_display_msgs_s.ep.rosidl_typesupport_c.c
[8.640s] -- Symlinking: /home/matthew/ros2_ws/install/status_display_msgs/lib/python3.10/site-packages/status_display_msgs/_status_display_msgs_s.ep.rosidl_typesupport_fastrtps_c.c
[8.662s] -- Symlinking: /home/matthew/ros2_ws/install/status_display_msgs/lib/python3.10/site-packages/status_display_msgs/_status_display_msgs_s.ep.rosidl_typesupport_introspection_c.c
[8.680s] -- Symlinking: /home/matthew/ros2_ws/install/status_display_msgs/lib/python3.10/site-packages/status_display_msgs/libstatus_display_msgs__rosidl_generator_py.so
[8.699s] -- Symlinking: /home/matthew/ros2_ws/install/status_display_msgs/lib/python3.10/site-packages/status_display_msgs/msg/__init__.py
[8.719s] -- Symlinking: /home/matthew/ros2_ws/install/status_display_msgs/lib/python3.10/site-packages/status_display_msgs/msg/_status_display.py
[8.739s] -- Symlinking: /home/matthew/ros2_ws/install/status_display_msgs/lib/python3.10/site-packages/status_display_msgs/msg/_status_display_s.c
[8.761s] -- Symlinking: /home/matthew/ros2_ws/install/status_display_msgs/lib/python3.10/site-packages/status_display_msgs/status_display_msgs_s__rosidl_typesupport_c.cpython-310-aarch64-linux-gnu.so
[8.779s] -- Symlinking: /home/matthew/ros2_ws/install/status_display_msgs/lib/python3.10/site-packages/status_display_msgs/status_display_msgs_s__rosidl_typesupport_fastrtps_c.cpython-310-aarch64-linux-gnu.so
[8.797s] -- Symlinking: /home/matthew/ros2_ws/install/status_display_msgs/lib/python3.10/site-packages/status_display_msgs/status_display_msgs_s__rosidl_typesupport_introspection_c.cpython-310-aarch64-linux-gnu.so
[8.817s] -- Up-to-date symlink: /home/matthew/ros2_ws/install/status_display_msgs/lib/python3.10/site-packages/status_display_msgs/status_display_msgs_s__rosidl_typesupport_fastrtps_c.cpython-310-aarch64-linux-gnu.so
[8.818s] -- Up-to-date symlink: /home/matthew/ros2_ws/install/status_display_msgs/lib/python3.10/site-packages/status_display_msgs/status_display_msgs_s__rosidl_typesupport_introspection_c.cpython-310-aarch64-linux-gnu.so
[8.818s] -- Up-to-date symlink: /home/matthew/ros2_ws/install/status_display_msgs/lib/python3.10/site-packages/status_display_msgs/status_display_msgs_s__rosidl_typesupport_c.cpython-310-aarch64-linux-gnu.so
[8.819s] -- Symlinking: /home/matthew/ros2_ws/install/status_display_msgs/share/status_display_msgs/msg/StatusDisplay.idl
[8.841s] -- Symlinking: /home/matthew/ros2_ws/install/status_display_msgs/share/status_display_msgs/msg/StatusDisplay.msg
[8.863s] -- Symlinking: /home/matthew/ros2_ws/install/status_display_msgs/share/ament_index/resource_index/package_run_dependencies/status_display_msgs
[8.880s] -- Symlinking: /home/matthew/ros2_ws/install/status_display_msgs/share/ament_index/resource_index/parent_prefix_path/status_display_msgs
[8.902s] -- Symlinking: /home/matthew/ros2_ws/install/status_display_msgs/share/status_display_msgs/environment/ament_prefix_path.sh
[8.925s] -- Symlinking: /home/matthew/ros2_ws/install/status_display_msgs/share/status_display_msgs/environment/ament_prefix_path.dsv
[8.948s] -- Symlinking: /home/matthew/ros2_ws/install/status_display_msgs/share/status_display_msgs/environment/path.sh
[8.968s] -- Symlinking: /home/matthew/ros2_ws/install/status_display_msgs/share/status_display_msgs/environment/path.dsv
[8.986s] -- Symlinking: /home/matthew/ros2_ws/install/status_display_msgs/share/status_display_msgs/local_setup.bash
[9.007s] -- Symlinking: /home/matthew/ros2_ws/install/status_display_msgs/share/status_display_msgs/local_setup.sh
[9.028s] -- Symlinking: /home/matthew/ros2_ws/install/status_display_msgs/share/status_display_msgs/local_setup.zsh
[9.048s] -- Symlinking: /home/matthew/ros2_ws/install/status_display_msgs/share/status_display_msgs/local_setup.dsv
[9.067s] -- Symlinking: /home/matthew/ros2_ws/install/status_display_msgs/share/status_display_msgs/package.dsv
[9.084s] -- Symlinking: /home/matthew/ros2_ws/install/status_display_msgs/share/ament_index/resource_index/packages/status_display_msgs
[9.105s] -- Symlinking: /home/matthew/ros2_ws/install/status_display_msgs/share/status_display_msgs/cmake/rosidl_cmake-extras.cmake
[9.126s] -- Symlinking: /home/matthew/ros2_ws/install/status_display_msgs/share/status_display_msgs/cmake/ament_cmake_export_include_directories-extras.cmake
[9.146s] -- Symlinking: /home/matthew/ros2_ws/install/status_display_msgs/share/status_display_msgs/cmake/ament_cmake_export_libraries-extras.cmake
[9.167s] -- Symlinking: /home/matthew/ros2_ws/install/status_display_msgs/share/status_display_msgs/cmake/ament_cmake_export_targets-extras.cmake
[9.183s] -- Symlinking: /home/matthew/ros2_ws/install/status_display_msgs/share/status_display_msgs/cmake/rosidl_cmake_export_typesupport_targets-extras.cmake
[9.204s] -- Symlinking: /home/matthew/ros2_ws/install/status_display_msgs/share/status_display_msgs/cmake/ament_cmake_export_dependencies-extras.cmake
[9.224s] -- Symlinking: /home/matthew/ros2_ws/install/status_display_msgs/share/status_display_msgs/cmake/rosidl_cmake_export_typesupport_libraries-extras.cmake
[9.244s] -- Symlinking: /home/matthew/ros2_ws/install/status_display_msgs/share/status_display_msgs/cmake/status_display_msgsConfig.cmake
[9.263s] -- Symlinking: /home/matthew/ros2_ws/install/status_display_msgs/share/status_display_msgs/cmake/status_display_msgsConfig-version.cmake
[9.280s] -- Symlinking: /home/matthew/ros2_ws/install/status_display_msgs/share/status_display_msgs/package.xml
[9.298s] -- Installing: /home/matthew/ros2_ws/install/status_display_msgs/lib/libstatus_display_msgs__rosidl_generator_c.so
[9.299s] -- Set runtime path of "/home/matthew/ros2_ws/install/status_display_msgs/lib/libstatus_display_msgs__rosidl_generator_c.so" to ""
[9.299s] -- Installing: /home/matthew/ros2_ws/install/status_display_msgs/lib/libstatus_display_msgs__rosidl_typesupport_fastrtps_c.so
[9.300s] -- Set runtime path of "/home/matthew/ros2_ws/install/status_display_msgs/lib/libstatus_display_msgs__rosidl_typesupport_fastrtps_c.so" to ""
[9.300s] -- Installing: /home/matthew/ros2_ws/install/status_display_msgs/lib/libstatus_display_msgs__rosidl_typesupport_introspection_c.so
[9.300s] -- Set runtime path of "/home/matthew/ros2_ws/install/status_display_msgs/lib/libstatus_display_msgs__rosidl_typesupport_introspection_c.so" to ""
[9.300s] -- Installing: /home/matthew/ros2_ws/install/status_display_msgs/lib/libstatus_display_msgs__rosidl_typesupport_c.so
[9.301s] -- Set runtime path of "/home/matthew/ros2_ws/install/status_display_msgs/lib/libstatus_display_msgs__rosidl_typesupport_c.so" to ""
[9.301s] -- Installing: /home/matthew/ros2_ws/install/status_display_msgs/lib/libstatus_display_msgs__rosidl_typesupport_fastrtps_cpp.so
[9.301s] -- Set runtime path of "/home/matthew/ros2_ws/install/status_display_msgs/lib/libstatus_display_msgs__rosidl_typesupport_fastrtps_cpp.so" to ""
[9.302s] -- Installing: /home/matthew/ros2_ws/install/status_display_msgs/lib/libstatus_display_msgs__rosidl_typesupport_introspection_cpp.so
[9.302s] -- Set runtime path of "/home/matthew/ros2_ws/install/status_display_msgs/lib/libstatus_display_msgs__rosidl_typesupport_introspection_cpp.so" to ""
[9.303s] -- Installing: /home/matthew/ros2_ws/install/status_display_msgs/lib/libstatus_display_msgs__rosidl_typesupport_cpp.so
[9.303s] -- Set runtime path of "/home/matthew/ros2_ws/install/status_display_msgs/lib/libstatus_display_msgs__rosidl_typesupport_cpp.so" to ""
[9.378s] Listing '/home/matthew/ros2_ws/install/status_display_msgs/lib/python3.10/site-packages/status_display_msgs'...
[9.378s] Compiling '/home/matthew/ros2_ws/install/status_display_msgs/lib/python3.10/site-packages/status_display_msgs/__init__.py'...
[9.378s] Listing '/home/matthew/ros2_ws/install/status_display_msgs/lib/python3.10/site-packages/status_display_msgs/msg'...
[9.378s] Compiling '/home/matthew/ros2_ws/install/status_display_msgs/lib/python3.10/site-packages/status_display_msgs/msg/__init__.py'...
[9.379s] Compiling '/home/matthew/ros2_ws/install/status_display_msgs/lib/python3.10/site-packages/status_display_msgs/msg/_status_display.py'...
[9.390s] -- Installing: /home/matthew/ros2_ws/install/status_display_msgs/lib/libstatus_display_msgs__rosidl_generator_py.so
[9.390s] -- Set runtime path of "/home/matthew/ros2_ws/install/status_display_msgs/lib/libstatus_display_msgs__rosidl_generator_py.so" to ""
[9.391s] -- Installing: /home/matthew/ros2_ws/install/status_display_msgs/share/status_display_msgs/cmake/export_status_display_msgs__rosidl_generator_cExport.cmake
[9.391s] -- Installing: /home/matthew/ros2_ws/install/status_display_msgs/share/status_display_msgs/cmake/export_status_display_msgs__rosidl_generator_cExport-noconfig.cmake
[9.391s] -- Installing: /home/matthew/ros2_ws/install/status_display_msgs/share/status_display_msgs/cmake/export_status_display_msgs__rosidl_typesupport_fastrtps_cExport.cmake
[9.391s] -- Installing: /home/matthew/ros2_ws/install/status_display_msgs/share/status_display_msgs/cmake/export_status_display_msgs__rosidl_typesupport_fastrtps_cExport-noconfig.cmake
[9.392s] -- Installing: /home/matthew/ros2_ws/install/status_display_msgs/share/status_display_msgs/cmake/status_display_msgs__rosidl_typesupport_introspection_cExport.cmake
[9.393s] -- Installing: /home/matthew/ros2_ws/install/status_display_msgs/share/status_display_msgs/cmake/status_display_msgs__rosidl_typesupport_introspection_cExport-noconfig.cmake
[9.393s] -- Installing: /home/matthew/ros2_ws/install/status_display_msgs/share/status_display_msgs/cmake/status_display_msgs__rosidl_typesupport_cExport.cmake
[9.394s] -- Installing: /home/matthew/ros2_ws/install/status_display_msgs/share/status_display_msgs/cmake/status_display_msgs__rosidl_typesupport_cExport-noconfig.cmake
[9.394s] -- Installing: /home/matthew/ros2_ws/install/status_display_msgs/share/status_display_msgs/cmake/export_status_display_msgs__rosidl_generator_cppExport.cmake
[9.395s] -- Installing: /home/matthew/ros2_ws/install/status_display_msgs/share/status_display_msgs/cmake/export_status_display_msgs__rosidl_typesupport_fastrtps_cppExport.cmake
[9.395s] -- Installing: /home/matthew/ros2_ws/install/status_display_msgs/share/status_display_msgs/cmake/export_status_display_msgs__rosidl_typesupport_fastrtps_cppExport-noconfig.cmake
[9.396s] -- Installing: /home/matthew/ros2_ws/install/status_display_msgs/share/status_display_msgs/cmake/status_display_msgs__rosidl_typesupport_introspection_cppExport.cmake
[9.396s] -- Installing: /home/matthew/ros2_ws/install/status_display_msgs/share/status_display_msgs/cmake/status_display_msgs__rosidl_typesupport_introspection_cppExport-noconfig.cmake
[9.397s] -- Installing: /home/matthew/ros2_ws/install/status_display_msgs/share/status_display_msgs/cmake/status_display_msgs__rosidl_typesupport_cppExport.cmake
[9.397s] -- Installing: /home/matthew/ros2_ws/install/status_display_msgs/share/status_display_msgs/cmake/status_display_msgs__rosidl_typesupport_cppExport-noconfig.cmake
[9.398s] -- Installing: /home/matthew/ros2_ws/install/status_display_msgs/share/status_display_msgs/cmake/export_status_display_msgs__rosidl_generator_pyExport.cmake
[9.398s] -- Installing: /home/matthew/ros2_ws/install/status_display_msgs/share/status_display_msgs/cmake/export_status_display_msgs__rosidl_generator_pyExport-noconfig.cmake
[9.410s] Invoked command in '/home/matthew/ros2_ws/build/status_display_msgs' returned '0': CMAKE_PREFIX_PATH=/opt/ros/iron /usr/bin/cmake --install /home/matthew/ros2_ws/build/status_display_msgs
