[0.072s] Invoking command in '/home/matthew/nav2_ws/build/nav2_lifecycle_manager': AMENT_PREFIX_PATH=/home/matthew/nav2_ws/install/nav2_util:/home/matthew/nav2_ws/install/nav2_msgs:/home/matthew/nav2_ws/install/nav2_common:${AMENT_PREFIX_PATH} CMAKE_PREFIX_PATH=/home/matthew/nav2_ws/install/nav2_util:/home/matthew/nav2_ws/install/nav2_msgs:/home/matthew/nav2_ws/install/nav2_common:/opt/ros/iron LD_LIBRARY_PATH=/home/matthew/nav2_ws/install/nav2_util/lib:/home/matthew/nav2_ws/install/nav2_msgs/lib:${LD_LIBRARY_PATH} PYTHONPATH=/home/matthew/nav2_ws/install/nav2_msgs/lib/python3.10/site-packages:/home/matthew/nav2_ws/install/nav2_common/lib/python3.10/site-packages:${PYTHONPATH} /usr/bin/cmake --build /home/matthew/nav2_ws/build/nav2_lifecycle_manager -- -j6 -l6
[0.193s] [35m[1mConsolidate compiler generated dependencies of target gtest[0m
[0.198s] [35m[1mConsolidate compiler generated dependencies of target nav2_lifecycle_manager_core[0m
[0.209s] [35m[1mConsolidate compiler generated dependencies of target gtest_main[0m
[0.226s] [ 15%] Built target gtest
[0.261s] [ 30%] Built target gtest_main
[0.277s] [ 53%] Built target nav2_lifecycle_manager_core
[0.364s] [35m[1mConsolidate compiler generated dependencies of target lifecycle_manager[0m
[0.396s] [35m[1mConsolidate compiler generated dependencies of target test_lifecycle_gtest[0m
[0.402s] [35m[1mConsolidate compiler generated dependencies of target test_bond_gtest[0m
[0.467s] [ 69%] Built target test_bond_gtest
[0.528s] [ 84%] Built target lifecycle_manager
[0.562s] [100%] Built target test_lifecycle_gtest
[0.628s] Invoked command in '/home/matthew/nav2_ws/build/nav2_lifecycle_manager' returned '0': AMENT_PREFIX_PATH=/home/matthew/nav2_ws/install/nav2_util:/home/matthew/nav2_ws/install/nav2_msgs:/home/matthew/nav2_ws/install/nav2_common:${AMENT_PREFIX_PATH} CMAKE_PREFIX_PATH=/home/matthew/nav2_ws/install/nav2_util:/home/matthew/nav2_ws/install/nav2_msgs:/home/matthew/nav2_ws/install/nav2_common:/opt/ros/iron LD_LIBRARY_PATH=/home/matthew/nav2_ws/install/nav2_util/lib:/home/matthew/nav2_ws/install/nav2_msgs/lib:${LD_LIBRARY_PATH} PYTHONPATH=/home/matthew/nav2_ws/install/nav2_msgs/lib/python3.10/site-packages:/home/matthew/nav2_ws/install/nav2_common/lib/python3.10/site-packages:${PYTHONPATH} /usr/bin/cmake --build /home/matthew/nav2_ws/build/nav2_lifecycle_manager -- -j6 -l6
[0.647s] Invoking command in '/home/matthew/nav2_ws/build/nav2_lifecycle_manager': AMENT_PREFIX_PATH=/home/matthew/nav2_ws/install/nav2_util:/home/matthew/nav2_ws/install/nav2_msgs:/home/matthew/nav2_ws/install/nav2_common:${AMENT_PREFIX_PATH} CMAKE_PREFIX_PATH=/home/matthew/nav2_ws/install/nav2_util:/home/matthew/nav2_ws/install/nav2_msgs:/home/matthew/nav2_ws/install/nav2_common:/opt/ros/iron LD_LIBRARY_PATH=/home/matthew/nav2_ws/install/nav2_util/lib:/home/matthew/nav2_ws/install/nav2_msgs/lib:${LD_LIBRARY_PATH} PYTHONPATH=/home/matthew/nav2_ws/install/nav2_msgs/lib/python3.10/site-packages:/home/matthew/nav2_ws/install/nav2_common/lib/python3.10/site-packages:${PYTHONPATH} /usr/bin/cmake --install /home/matthew/nav2_ws/build/nav2_lifecycle_manager
[0.669s] -- Install configuration: "Release"
[0.669s] -- Execute custom install script
[0.669s] -- Up-to-date symlink: /home/matthew/nav2_ws/install/nav2_lifecycle_manager/lib/libnav2_lifecycle_manager_core.so
[0.669s] -- Up-to-date symlink: /home/matthew/nav2_ws/install/nav2_lifecycle_manager/lib/nav2_lifecycle_manager/lifecycle_manager
[0.674s] -- Up-to-date symlink: /home/matthew/nav2_ws/install/nav2_lifecycle_manager/include//nav2_lifecycle_manager/lifecycle_manager.hpp
[0.674s] -- Up-to-date symlink: /home/matthew/nav2_ws/install/nav2_lifecycle_manager/include//nav2_lifecycle_manager/lifecycle_manager_client.hpp
[0.675s] -- Up-to-date symlink: /home/matthew/nav2_ws/install/nav2_lifecycle_manager/share/nav2_lifecycle_manager/environment/library_path.sh
[0.683s] -- Up-to-date symlink: /home/matthew/nav2_ws/install/nav2_lifecycle_manager/share/nav2_lifecycle_manager/environment/library_path.dsv
[0.685s] -- Up-to-date symlink: /home/matthew/nav2_ws/install/nav2_lifecycle_manager/share/ament_index/resource_index/package_run_dependencies/nav2_lifecycle_manager
[0.691s] -- Up-to-date symlink: /home/matthew/nav2_ws/install/nav2_lifecycle_manager/share/ament_index/resource_index/parent_prefix_path/nav2_lifecycle_manager
[0.691s] -- Up-to-date symlink: /home/matthew/nav2_ws/install/nav2_lifecycle_manager/share/nav2_lifecycle_manager/environment/ament_prefix_path.sh
[0.692s] -- Up-to-date symlink: /home/matthew/nav2_ws/install/nav2_lifecycle_manager/share/nav2_lifecycle_manager/environment/ament_prefix_path.dsv
[0.692s] -- Up-to-date symlink: /home/matthew/nav2_ws/install/nav2_lifecycle_manager/share/nav2_lifecycle_manager/environment/path.sh
[0.692s] -- Up-to-date symlink: /home/matthew/nav2_ws/install/nav2_lifecycle_manager/share/nav2_lifecycle_manager/environment/path.dsv
[0.695s] -- Up-to-date symlink: /home/matthew/nav2_ws/install/nav2_lifecycle_manager/share/nav2_lifecycle_manager/local_setup.bash
[0.695s] -- Up-to-date symlink: /home/matthew/nav2_ws/install/nav2_lifecycle_manager/share/nav2_lifecycle_manager/local_setup.sh
[0.696s] -- Up-to-date symlink: /home/matthew/nav2_ws/install/nav2_lifecycle_manager/share/nav2_lifecycle_manager/local_setup.zsh
[0.697s] -- Up-to-date symlink: /home/matthew/nav2_ws/install/nav2_lifecycle_manager/share/nav2_lifecycle_manager/local_setup.dsv
[0.697s] -- Symlinking: /home/matthew/nav2_ws/install/nav2_lifecycle_manager/share/nav2_lifecycle_manager/package.dsv
[0.739s] -- Up-to-date symlink: /home/matthew/nav2_ws/install/nav2_lifecycle_manager/share/ament_index/resource_index/packages/nav2_lifecycle_manager
[0.740s] -- Up-to-date symlink: /home/matthew/nav2_ws/install/nav2_lifecycle_manager/share/ament_index/resource_index/rclcpp_components/nav2_lifecycle_manager
[0.741s] -- Up-to-date symlink: /home/matthew/nav2_ws/install/nav2_lifecycle_manager/share/nav2_lifecycle_manager/cmake/ament_cmake_export_include_directories-extras.cmake
[0.741s] -- Up-to-date symlink: /home/matthew/nav2_ws/install/nav2_lifecycle_manager/share/nav2_lifecycle_manager/cmake/ament_cmake_export_libraries-extras.cmake
[0.742s] -- Up-to-date symlink: /home/matthew/nav2_ws/install/nav2_lifecycle_manager/share/nav2_lifecycle_manager/cmake/ament_cmake_export_dependencies-extras.cmake
[0.743s] -- Up-to-date symlink: /home/matthew/nav2_ws/install/nav2_lifecycle_manager/share/nav2_lifecycle_manager/cmake/nav2_lifecycle_managerConfig.cmake
[0.743s] -- Up-to-date symlink: /home/matthew/nav2_ws/install/nav2_lifecycle_manager/share/nav2_lifecycle_manager/cmake/nav2_lifecycle_managerConfig-version.cmake
[0.745s] -- Up-to-date symlink: /home/matthew/nav2_ws/install/nav2_lifecycle_manager/share/nav2_lifecycle_manager/package.xml
[0.755s] Invoked command in '/home/matthew/nav2_ws/build/nav2_lifecycle_manager' returned '0': AMENT_PREFIX_PATH=/home/matthew/nav2_ws/install/nav2_util:/home/matthew/nav2_ws/install/nav2_msgs:/home/matthew/nav2_ws/install/nav2_common:${AMENT_PREFIX_PATH} CMAKE_PREFIX_PATH=/home/matthew/nav2_ws/install/nav2_util:/home/matthew/nav2_ws/install/nav2_msgs:/home/matthew/nav2_ws/install/nav2_common:/opt/ros/iron LD_LIBRARY_PATH=/home/matthew/nav2_ws/install/nav2_util/lib:/home/matthew/nav2_ws/install/nav2_msgs/lib:${LD_LIBRARY_PATH} PYTHONPATH=/home/matthew/nav2_ws/install/nav2_msgs/lib/python3.10/site-packages:/home/matthew/nav2_ws/install/nav2_common/lib/python3.10/site-packages:${PYTHONPATH} /usr/bin/cmake --install /home/matthew/nav2_ws/build/nav2_lifecycle_manager
