[0.328s] Invoking command in '/home/matthew/nav2_ws/build/dwb_plugins': AMENT_PREFIX_PATH=/home/matthew/nav2_ws/install/dwb_core:/home/matthew/nav2_ws/install/nav2_core:/home/matthew/nav2_ws/install/nav2_costmap_2d:/home/matthew/nav2_ws/install/nav_2d_utils:/home/matthew/nav2_ws/install/nav2_map_server:/home/matthew/nav2_ws/install/nav2_lifecycle_manager:/home/matthew/nav2_ws/install/nav2_behavior_tree:/home/matthew/nav2_ws/install/nav2_util:/home/matthew/nav2_ws/install/nav2_voxel_grid:/home/matthew/nav2_ws/install/nav2_msgs:/home/matthew/nav2_ws/install/dwb_msgs:/home/matthew/nav2_ws/install/nav_2d_msgs:/home/matthew/nav2_ws/install/nav2_common:${AMENT_PREFIX_PATH} CMAKE_PREFIX_PATH=/home/matthew/nav2_ws/install/dwb_core:/home/matthew/nav2_ws/install/nav2_core:/home/matthew/nav2_ws/install/nav2_costmap_2d:/home/matthew/nav2_ws/install/nav_2d_utils:/home/matthew/nav2_ws/install/nav2_map_server:/home/matthew/nav2_ws/install/nav2_lifecycle_manager:/home/matthew/nav2_ws/install/nav2_behavior_tree:/home/matthew/nav2_ws/install/nav2_util:/home/matthew/nav2_ws/install/nav2_voxel_grid:/home/matthew/nav2_ws/install/nav2_msgs:/home/matthew/nav2_ws/install/dwb_msgs:/home/matthew/nav2_ws/install/nav_2d_msgs:/home/matthew/nav2_ws/install/nav2_common:/opt/ros/iron LD_LIBRARY_PATH=/home/matthew/nav2_ws/install/dwb_core/lib:/home/matthew/nav2_ws/install/nav2_costmap_2d/lib:/home/matthew/nav2_ws/install/nav_2d_utils/lib:/home/matthew/nav2_ws/install/nav2_map_server/lib:/home/matthew/nav2_ws/install/nav2_lifecycle_manager/lib:/home/matthew/nav2_ws/install/nav2_behavior_tree/lib:/home/matthew/nav2_ws/install/nav2_util/lib:/home/matthew/nav2_ws/install/nav2_voxel_grid/lib:/home/matthew/nav2_ws/install/nav2_msgs/lib:/home/matthew/nav2_ws/install/dwb_msgs/lib:/home/matthew/nav2_ws/install/nav_2d_msgs/lib:${LD_LIBRARY_PATH} PYTHONPATH=/home/matthew/nav2_ws/install/nav2_msgs/lib/python3.10/site-packages:/home/matthew/nav2_ws/install/dwb_msgs/lib/python3.10/site-packages:/home/matthew/nav2_ws/install/nav_2d_msgs/lib/python3.10/site-packages:/home/matthew/nav2_ws/install/nav2_common/lib/python3.10/site-packages:${PYTHONPATH} /usr/bin/cmake --build /home/matthew/nav2_ws/build/dwb_plugins -- -j6 -l6
[0.511s] [35m[1mConsolidate compiler generated dependencies of target gtest_main[0m
[0.550s] [35m[1mConsolidate compiler generated dependencies of target gtest[0m
[0.554s] [35m[1mConsolidate compiler generated dependencies of target standard_traj_generator[0m
[0.591s] [ 11%] Built target gtest
[0.596s] [ 23%] Built target gtest_main
[0.638s] [ 52%] Built target standard_traj_generator
[0.701s] [35m[1mConsolidate compiler generated dependencies of target vtest[0m
[0.738s] [35m[1mConsolidate compiler generated dependencies of target kinematic_parameters_test[0m
[0.746s] [35m[1mConsolidate compiler generated dependencies of target twist_gen_test[0m
[0.793s] [35m[1mConsolidate compiler generated dependencies of target speed_limit_test[0m
[0.817s] [ 64%] Built target vtest
[0.924s] [ 76%] Built target kinematic_parameters_test
[0.943s] [ 88%] Built target twist_gen_test
[1.033s] [100%] Built target speed_limit_test
[1.104s] Invoked command in '/home/matthew/nav2_ws/build/dwb_plugins' returned '0': AMENT_PREFIX_PATH=/home/matthew/nav2_ws/install/dwb_core:/home/matthew/nav2_ws/install/nav2_core:/home/matthew/nav2_ws/install/nav2_costmap_2d:/home/matthew/nav2_ws/install/nav_2d_utils:/home/matthew/nav2_ws/install/nav2_map_server:/home/matthew/nav2_ws/install/nav2_lifecycle_manager:/home/matthew/nav2_ws/install/nav2_behavior_tree:/home/matthew/nav2_ws/install/nav2_util:/home/matthew/nav2_ws/install/nav2_voxel_grid:/home/matthew/nav2_ws/install/nav2_msgs:/home/matthew/nav2_ws/install/dwb_msgs:/home/matthew/nav2_ws/install/nav_2d_msgs:/home/matthew/nav2_ws/install/nav2_common:${AMENT_PREFIX_PATH} CMAKE_PREFIX_PATH=/home/matthew/nav2_ws/install/dwb_core:/home/matthew/nav2_ws/install/nav2_core:/home/matthew/nav2_ws/install/nav2_costmap_2d:/home/matthew/nav2_ws/install/nav_2d_utils:/home/matthew/nav2_ws/install/nav2_map_server:/home/matthew/nav2_ws/install/nav2_lifecycle_manager:/home/matthew/nav2_ws/install/nav2_behavior_tree:/home/matthew/nav2_ws/install/nav2_util:/home/matthew/nav2_ws/install/nav2_voxel_grid:/home/matthew/nav2_ws/install/nav2_msgs:/home/matthew/nav2_ws/install/dwb_msgs:/home/matthew/nav2_ws/install/nav_2d_msgs:/home/matthew/nav2_ws/install/nav2_common:/opt/ros/iron LD_LIBRARY_PATH=/home/matthew/nav2_ws/install/dwb_core/lib:/home/matthew/nav2_ws/install/nav2_costmap_2d/lib:/home/matthew/nav2_ws/install/nav_2d_utils/lib:/home/matthew/nav2_ws/install/nav2_map_server/lib:/home/matthew/nav2_ws/install/nav2_lifecycle_manager/lib:/home/matthew/nav2_ws/install/nav2_behavior_tree/lib:/home/matthew/nav2_ws/install/nav2_util/lib:/home/matthew/nav2_ws/install/nav2_voxel_grid/lib:/home/matthew/nav2_ws/install/nav2_msgs/lib:/home/matthew/nav2_ws/install/dwb_msgs/lib:/home/matthew/nav2_ws/install/nav_2d_msgs/lib:${LD_LIBRARY_PATH} PYTHONPATH=/home/matthew/nav2_ws/install/nav2_msgs/lib/python3.10/site-packages:/home/matthew/nav2_ws/install/dwb_msgs/lib/python3.10/site-packages:/home/matthew/nav2_ws/install/nav_2d_msgs/lib/python3.10/site-packages:/home/matthew/nav2_ws/install/nav2_common/lib/python3.10/site-packages:${PYTHONPATH} /usr/bin/cmake --build /home/matthew/nav2_ws/build/dwb_plugins -- -j6 -l6
[1.132s] Invoking command in '/home/matthew/nav2_ws/build/dwb_plugins': AMENT_PREFIX_PATH=/home/matthew/nav2_ws/install/dwb_core:/home/matthew/nav2_ws/install/nav2_core:/home/matthew/nav2_ws/install/nav2_costmap_2d:/home/matthew/nav2_ws/install/nav_2d_utils:/home/matthew/nav2_ws/install/nav2_map_server:/home/matthew/nav2_ws/install/nav2_lifecycle_manager:/home/matthew/nav2_ws/install/nav2_behavior_tree:/home/matthew/nav2_ws/install/nav2_util:/home/matthew/nav2_ws/install/nav2_voxel_grid:/home/matthew/nav2_ws/install/nav2_msgs:/home/matthew/nav2_ws/install/dwb_msgs:/home/matthew/nav2_ws/install/nav_2d_msgs:/home/matthew/nav2_ws/install/nav2_common:${AMENT_PREFIX_PATH} CMAKE_PREFIX_PATH=/home/matthew/nav2_ws/install/dwb_core:/home/matthew/nav2_ws/install/nav2_core:/home/matthew/nav2_ws/install/nav2_costmap_2d:/home/matthew/nav2_ws/install/nav_2d_utils:/home/matthew/nav2_ws/install/nav2_map_server:/home/matthew/nav2_ws/install/nav2_lifecycle_manager:/home/matthew/nav2_ws/install/nav2_behavior_tree:/home/matthew/nav2_ws/install/nav2_util:/home/matthew/nav2_ws/install/nav2_voxel_grid:/home/matthew/nav2_ws/install/nav2_msgs:/home/matthew/nav2_ws/install/dwb_msgs:/home/matthew/nav2_ws/install/nav_2d_msgs:/home/matthew/nav2_ws/install/nav2_common:/opt/ros/iron LD_LIBRARY_PATH=/home/matthew/nav2_ws/install/dwb_core/lib:/home/matthew/nav2_ws/install/nav2_costmap_2d/lib:/home/matthew/nav2_ws/install/nav_2d_utils/lib:/home/matthew/nav2_ws/install/nav2_map_server/lib:/home/matthew/nav2_ws/install/nav2_lifecycle_manager/lib:/home/matthew/nav2_ws/install/nav2_behavior_tree/lib:/home/matthew/nav2_ws/install/nav2_util/lib:/home/matthew/nav2_ws/install/nav2_voxel_grid/lib:/home/matthew/nav2_ws/install/nav2_msgs/lib:/home/matthew/nav2_ws/install/dwb_msgs/lib:/home/matthew/nav2_ws/install/nav_2d_msgs/lib:${LD_LIBRARY_PATH} PYTHONPATH=/home/matthew/nav2_ws/install/nav2_msgs/lib/python3.10/site-packages:/home/matthew/nav2_ws/install/dwb_msgs/lib/python3.10/site-packages:/home/matthew/nav2_ws/install/nav_2d_msgs/lib/python3.10/site-packages:/home/matthew/nav2_ws/install/nav2_common/lib/python3.10/site-packages:${PYTHONPATH} /usr/bin/cmake --install /home/matthew/nav2_ws/build/dwb_plugins
[1.210s] -- Install configuration: "Release"
[1.272s] -- Execute custom install script
[1.294s] -- Up-to-date symlink: /home/matthew/nav2_ws/install/dwb_plugins/lib/libstandard_traj_generator.so
[1.315s] -- Up-to-date symlink: /home/matthew/nav2_ws/install/dwb_plugins/include//dwb_plugins/kinematic_parameters.hpp
[1.315s] -- Up-to-date symlink: /home/matthew/nav2_ws/install/dwb_plugins/include//dwb_plugins/limited_accel_generator.hpp
[1.315s] -- Up-to-date symlink: /home/matthew/nav2_ws/install/dwb_plugins/include//dwb_plugins/one_d_velocity_iterator.hpp
[1.315s] -- Up-to-date symlink: /home/matthew/nav2_ws/install/dwb_plugins/include//dwb_plugins/standard_traj_generator.hpp
[1.315s] -- Up-to-date symlink: /home/matthew/nav2_ws/install/dwb_plugins/include//dwb_plugins/velocity_iterator.hpp
[1.315s] -- Up-to-date symlink: /home/matthew/nav2_ws/install/dwb_plugins/include//dwb_plugins/xy_theta_iterator.hpp
[1.316s] -- Up-to-date symlink: /home/matthew/nav2_ws/install/dwb_plugins/share/dwb_plugins/plugins.xml
[1.316s] -- Up-to-date symlink: /home/matthew/nav2_ws/install/dwb_plugins/share/dwb_plugins/environment/library_path.sh
[1.316s] -- Up-to-date symlink: /home/matthew/nav2_ws/install/dwb_plugins/share/dwb_plugins/environment/library_path.dsv
[1.316s] -- Up-to-date symlink: /home/matthew/nav2_ws/install/dwb_plugins/share/dwb_plugins//plugins.xml
[1.316s] -- Up-to-date symlink: /home/matthew/nav2_ws/install/dwb_plugins/share/ament_index/resource_index/package_run_dependencies/dwb_plugins
[1.316s] -- Up-to-date symlink: /home/matthew/nav2_ws/install/dwb_plugins/share/ament_index/resource_index/parent_prefix_path/dwb_plugins
[1.317s] -- Up-to-date symlink: /home/matthew/nav2_ws/install/dwb_plugins/share/dwb_plugins/environment/ament_prefix_path.sh
[1.317s] -- Up-to-date symlink: /home/matthew/nav2_ws/install/dwb_plugins/share/dwb_plugins/environment/ament_prefix_path.dsv
[1.318s] -- Up-to-date symlink: /home/matthew/nav2_ws/install/dwb_plugins/share/dwb_plugins/environment/path.sh
[1.322s] -- Up-to-date symlink: /home/matthew/nav2_ws/install/dwb_plugins/share/dwb_plugins/environment/path.dsv
[1.323s] -- Up-to-date symlink: /home/matthew/nav2_ws/install/dwb_plugins/share/dwb_plugins/local_setup.bash
[1.323s] -- Up-to-date symlink: /home/matthew/nav2_ws/install/dwb_plugins/share/dwb_plugins/local_setup.sh
[1.324s] -- Up-to-date symlink: /home/matthew/nav2_ws/install/dwb_plugins/share/dwb_plugins/local_setup.zsh
[1.325s] -- Up-to-date symlink: /home/matthew/nav2_ws/install/dwb_plugins/share/dwb_plugins/local_setup.dsv
[1.325s] -- Symlinking: /home/matthew/nav2_ws/install/dwb_plugins/share/dwb_plugins/package.dsv
[1.430s] -- Up-to-date symlink: /home/matthew/nav2_ws/install/dwb_plugins/share/ament_index/resource_index/packages/dwb_plugins
[1.430s] -- Up-to-date symlink: /home/matthew/nav2_ws/install/dwb_plugins/share/ament_index/resource_index/dwb_core__pluginlib__plugin/dwb_plugins
[1.430s] -- Up-to-date symlink: /home/matthew/nav2_ws/install/dwb_plugins/share/dwb_plugins/cmake/ament_cmake_export_include_directories-extras.cmake
[1.431s] -- Up-to-date symlink: /home/matthew/nav2_ws/install/dwb_plugins/share/dwb_plugins/cmake/ament_cmake_export_libraries-extras.cmake
[1.431s] -- Up-to-date symlink: /home/matthew/nav2_ws/install/dwb_plugins/share/dwb_plugins/cmake/dwb_pluginsConfig.cmake
[1.431s] -- Up-to-date symlink: /home/matthew/nav2_ws/install/dwb_plugins/share/dwb_plugins/cmake/dwb_pluginsConfig-version.cmake
[1.432s] -- Up-to-date symlink: /home/matthew/nav2_ws/install/dwb_plugins/share/dwb_plugins/package.xml
[1.546s] Invoked command in '/home/matthew/nav2_ws/build/dwb_plugins' returned '0': AMENT_PREFIX_PATH=/home/matthew/nav2_ws/install/dwb_core:/home/matthew/nav2_ws/install/nav2_core:/home/matthew/nav2_ws/install/nav2_costmap_2d:/home/matthew/nav2_ws/install/nav_2d_utils:/home/matthew/nav2_ws/install/nav2_map_server:/home/matthew/nav2_ws/install/nav2_lifecycle_manager:/home/matthew/nav2_ws/install/nav2_behavior_tree:/home/matthew/nav2_ws/install/nav2_util:/home/matthew/nav2_ws/install/nav2_voxel_grid:/home/matthew/nav2_ws/install/nav2_msgs:/home/matthew/nav2_ws/install/dwb_msgs:/home/matthew/nav2_ws/install/nav_2d_msgs:/home/matthew/nav2_ws/install/nav2_common:${AMENT_PREFIX_PATH} CMAKE_PREFIX_PATH=/home/matthew/nav2_ws/install/dwb_core:/home/matthew/nav2_ws/install/nav2_core:/home/matthew/nav2_ws/install/nav2_costmap_2d:/home/matthew/nav2_ws/install/nav_2d_utils:/home/matthew/nav2_ws/install/nav2_map_server:/home/matthew/nav2_ws/install/nav2_lifecycle_manager:/home/matthew/nav2_ws/install/nav2_behavior_tree:/home/matthew/nav2_ws/install/nav2_util:/home/matthew/nav2_ws/install/nav2_voxel_grid:/home/matthew/nav2_ws/install/nav2_msgs:/home/matthew/nav2_ws/install/dwb_msgs:/home/matthew/nav2_ws/install/nav_2d_msgs:/home/matthew/nav2_ws/install/nav2_common:/opt/ros/iron LD_LIBRARY_PATH=/home/matthew/nav2_ws/install/dwb_core/lib:/home/matthew/nav2_ws/install/nav2_costmap_2d/lib:/home/matthew/nav2_ws/install/nav_2d_utils/lib:/home/matthew/nav2_ws/install/nav2_map_server/lib:/home/matthew/nav2_ws/install/nav2_lifecycle_manager/lib:/home/matthew/nav2_ws/install/nav2_behavior_tree/lib:/home/matthew/nav2_ws/install/nav2_util/lib:/home/matthew/nav2_ws/install/nav2_voxel_grid/lib:/home/matthew/nav2_ws/install/nav2_msgs/lib:/home/matthew/nav2_ws/install/dwb_msgs/lib:/home/matthew/nav2_ws/install/nav_2d_msgs/lib:${LD_LIBRARY_PATH} PYTHONPATH=/home/matthew/nav2_ws/install/nav2_msgs/lib/python3.10/site-packages:/home/matthew/nav2_ws/install/dwb_msgs/lib/python3.10/site-packages:/home/matthew/nav2_ws/install/nav_2d_msgs/lib/python3.10/site-packages:/home/matthew/nav2_ws/install/nav2_common/lib/python3.10/site-packages:${PYTHONPATH} /usr/bin/cmake --install /home/matthew/nav2_ws/build/dwb_plugins
