[0.027s] Invoking command in '/home/matthew/nav2_ws/build/nav2_voxel_grid': AMENT_PREFIX_PATH=/home/matthew/nav2_ws/install/nav2_common:${AMENT_PREFIX_PATH} CMAKE_PREFIX_PATH=/home/matthew/nav2_ws/install/nav2_common:/home/matthew/ros2_ws/install/ros2_laser_scan_matcher:/home/matthew/ros2_ws/install/opennav_docking_core:/home/matthew/ros2_ws/install/my_robot_description:/home/matthew/ros2_ws/install/map_msgs:/home/matthew/ros2_ws/install/fake_odometry:/home/matthew/ros2_ws/install/dwb_msgs:/home/matthew/ros2_ws/install/csm:/opt/ros/iron PYTHONPATH=/home/matthew/nav2_ws/install/nav2_common/lib/python3.10/site-packages:${PYTHONPATH} /usr/bin/cmake --build /home/matthew/nav2_ws/build/nav2_voxel_grid -- -j6 -l6
[0.140s] [ 40%] Built target gtest_main
[0.140s] [ 40%] Built target gtest
[0.154s] [ 60%] Built target voxel_grid
[0.225s] [100%] Built target voxel_grid_bresenham_3d
[0.225s] [100%] Built target voxel_grid_tests
[0.253s] Invoked command in '/home/matthew/nav2_ws/build/nav2_voxel_grid' returned '0': AMENT_PREFIX_PATH=/home/matthew/nav2_ws/install/nav2_common:${AMENT_PREFIX_PATH} CMAKE_PREFIX_PATH=/home/matthew/nav2_ws/install/nav2_common:/home/matthew/ros2_ws/install/ros2_laser_scan_matcher:/home/matthew/ros2_ws/install/opennav_docking_core:/home/matthew/ros2_ws/install/my_robot_description:/home/matthew/ros2_ws/install/map_msgs:/home/matthew/ros2_ws/install/fake_odometry:/home/matthew/ros2_ws/install/dwb_msgs:/home/matthew/ros2_ws/install/csm:/opt/ros/iron PYTHONPATH=/home/matthew/nav2_ws/install/nav2_common/lib/python3.10/site-packages:${PYTHONPATH} /usr/bin/cmake --build /home/matthew/nav2_ws/build/nav2_voxel_grid -- -j6 -l6
[0.254s] Invoking command in '/home/matthew/nav2_ws/build/nav2_voxel_grid': AMENT_PREFIX_PATH=/home/matthew/nav2_ws/install/nav2_common:${AMENT_PREFIX_PATH} CMAKE_PREFIX_PATH=/home/matthew/nav2_ws/install/nav2_common:/home/matthew/ros2_ws/install/ros2_laser_scan_matcher:/home/matthew/ros2_ws/install/opennav_docking_core:/home/matthew/ros2_ws/install/my_robot_description:/home/matthew/ros2_ws/install/map_msgs:/home/matthew/ros2_ws/install/fake_odometry:/home/matthew/ros2_ws/install/dwb_msgs:/home/matthew/ros2_ws/install/csm:/opt/ros/iron PYTHONPATH=/home/matthew/nav2_ws/install/nav2_common/lib/python3.10/site-packages:${PYTHONPATH} /usr/bin/cmake --install /home/matthew/nav2_ws/build/nav2_voxel_grid
[0.275s] -- Install configuration: "Release"
[0.276s] -- Execute custom install script
[0.276s] -- Up-to-date symlink: /home/matthew/nav2_ws/install/nav2_voxel_grid/lib/libvoxel_grid.so
[0.277s] -- Up-to-date symlink: /home/matthew/nav2_ws/install/nav2_voxel_grid/include/nav2_voxel_grid/voxel_grid.hpp
[0.277s] -- Up-to-date symlink: /home/matthew/nav2_ws/install/nav2_voxel_grid/share/nav2_voxel_grid/environment/library_path.sh
[0.278s] -- Up-to-date symlink: /home/matthew/nav2_ws/install/nav2_voxel_grid/share/nav2_voxel_grid/environment/library_path.dsv
[0.278s] -- Up-to-date symlink: /home/matthew/nav2_ws/install/nav2_voxel_grid/share/ament_index/resource_index/package_run_dependencies/nav2_voxel_grid
[0.278s] -- Up-to-date symlink: /home/matthew/nav2_ws/install/nav2_voxel_grid/share/ament_index/resource_index/parent_prefix_path/nav2_voxel_grid
[0.279s] -- Up-to-date symlink: /home/matthew/nav2_ws/install/nav2_voxel_grid/share/nav2_voxel_grid/environment/ament_prefix_path.sh
[0.279s] -- Up-to-date symlink: /home/matthew/nav2_ws/install/nav2_voxel_grid/share/nav2_voxel_grid/environment/ament_prefix_path.dsv
[0.279s] -- Up-to-date symlink: /home/matthew/nav2_ws/install/nav2_voxel_grid/share/nav2_voxel_grid/environment/path.sh
[0.279s] -- Up-to-date symlink: /home/matthew/nav2_ws/install/nav2_voxel_grid/share/nav2_voxel_grid/environment/path.dsv
[0.280s] -- Up-to-date symlink: /home/matthew/nav2_ws/install/nav2_voxel_grid/share/nav2_voxel_grid/local_setup.bash
[0.280s] -- Up-to-date symlink: /home/matthew/nav2_ws/install/nav2_voxel_grid/share/nav2_voxel_grid/local_setup.sh
[0.280s] -- Up-to-date symlink: /home/matthew/nav2_ws/install/nav2_voxel_grid/share/nav2_voxel_grid/local_setup.zsh
[0.280s] -- Up-to-date symlink: /home/matthew/nav2_ws/install/nav2_voxel_grid/share/nav2_voxel_grid/local_setup.dsv
[0.281s] -- Symlinking: /home/matthew/nav2_ws/install/nav2_voxel_grid/share/nav2_voxel_grid/package.dsv
[0.308s] -- Up-to-date symlink: /home/matthew/nav2_ws/install/nav2_voxel_grid/share/ament_index/resource_index/packages/nav2_voxel_grid
[0.309s] -- Up-to-date symlink: /home/matthew/nav2_ws/install/nav2_voxel_grid/share/nav2_voxel_grid/cmake/ament_cmake_export_dependencies-extras.cmake
[0.309s] -- Up-to-date symlink: /home/matthew/nav2_ws/install/nav2_voxel_grid/share/nav2_voxel_grid/cmake/ament_cmake_export_include_directories-extras.cmake
[0.309s] -- Up-to-date symlink: /home/matthew/nav2_ws/install/nav2_voxel_grid/share/nav2_voxel_grid/cmake/ament_cmake_export_libraries-extras.cmake
[0.310s] -- Up-to-date symlink: /home/matthew/nav2_ws/install/nav2_voxel_grid/share/nav2_voxel_grid/cmake/nav2_voxel_gridConfig.cmake
[0.310s] -- Up-to-date symlink: /home/matthew/nav2_ws/install/nav2_voxel_grid/share/nav2_voxel_grid/cmake/nav2_voxel_gridConfig-version.cmake
[0.310s] -- Up-to-date symlink: /home/matthew/nav2_ws/install/nav2_voxel_grid/share/nav2_voxel_grid/package.xml
[0.316s] Invoked command in '/home/matthew/nav2_ws/build/nav2_voxel_grid' returned '0': AMENT_PREFIX_PATH=/home/matthew/nav2_ws/install/nav2_common:${AMENT_PREFIX_PATH} CMAKE_PREFIX_PATH=/home/matthew/nav2_ws/install/nav2_common:/home/matthew/ros2_ws/install/ros2_laser_scan_matcher:/home/matthew/ros2_ws/install/opennav_docking_core:/home/matthew/ros2_ws/install/my_robot_description:/home/matthew/ros2_ws/install/map_msgs:/home/matthew/ros2_ws/install/fake_odometry:/home/matthew/ros2_ws/install/dwb_msgs:/home/matthew/ros2_ws/install/csm:/opt/ros/iron PYTHONPATH=/home/matthew/nav2_ws/install/nav2_common/lib/python3.10/site-packages:${PYTHONPATH} /usr/bin/cmake --install /home/matthew/nav2_ws/build/nav2_voxel_grid
