[0.245s] DEBUG:colcon:Command line arguments: ['/usr/bin/colcon', 'build', '--symlink-install']
[0.245s] DEBUG:colcon:Parsed command line arguments: Namespace(log_base=None, log_level=None, verb_name='build', build_base='build', install_base='install', merge_install=False, symlink_install=True, test_result_base=None, continue_on_error=False, executor='parallel', parallel_workers=6, event_handlers=None, ignore_user_meta=False, metas=['./colcon.meta'], base_paths=['.'], packages_ignore=None, packages_ignore_regex=None, paths=None, packages_up_to=None, packages_up_to_regex=None, packages_above=None, packages_above_and_dependencies=None, packages_above_depth=None, packages_select_by_dep=None, packages_skip_by_dep=None, packages_skip_up_to=None, packages_select_build_failed=False, packages_skip_build_finished=False, packages_select_test_failures=False, packages_skip_test_passed=False, packages_select=None, packages_skip=None, packages_select_regex=None, packages_skip_regex=None, packages_start=None, packages_end=None, allow_overriding=[], cmake_args=None, cmake_target=None, cmake_target_skip_unavailable=False, cmake_clean_cache=False, cmake_clean_first=False, cmake_force_configure=False, ament_cmake_args=None, catkin_cmake_args=None, catkin_skip_building_tests=False, mixin_files=None, mixin=None, verb_parser=<colcon_mixin.mixin.mixin_argument.MixinArgumentDecorator object at 0xffffbca311b0>, verb_extension=<colcon_core.verb.build.BuildVerb object at 0xffffbca30760>, main=<bound method BuildVerb.main of <colcon_core.verb.build.BuildVerb object at 0xffffbca30760>>, mixin_verb=('build',))
[0.625s] Level 1:colcon.colcon_core.package_discovery:discover_packages(colcon_meta) check parameters
[0.626s] Level 1:colcon.colcon_core.package_discovery:discover_packages(recursive) check parameters
[0.626s] Level 1:colcon.colcon_core.package_discovery:discover_packages(ignore) check parameters
[0.626s] Level 1:colcon.colcon_core.package_discovery:discover_packages(path) check parameters
[0.626s] Level 1:colcon.colcon_core.package_discovery:discover_packages(colcon_meta) discover
[0.626s] Level 1:colcon.colcon_core.package_discovery:discover_packages(recursive) discover
[0.626s] INFO:colcon.colcon_core.package_discovery:Crawling recursively for packages in '/home/matthew/ros2_ws'
[0.626s] Level 1:colcon.colcon_core.package_identification:_identify(.) by extensions ['ignore', 'ignore_ament_install']
[0.627s] Level 1:colcon.colcon_core.package_identification:_identify(.) by extension 'ignore'
[0.627s] Level 1:colcon.colcon_core.package_identification:_identify(.) by extension 'ignore_ament_install'
[0.627s] Level 1:colcon.colcon_core.package_identification:_identify(.) by extensions ['colcon_pkg']
[0.627s] Level 1:colcon.colcon_core.package_identification:_identify(.) by extension 'colcon_pkg'
[0.627s] Level 1:colcon.colcon_core.package_identification:_identify(.) by extensions ['colcon_meta']
[0.627s] Level 1:colcon.colcon_core.package_identification:_identify(.) by extension 'colcon_meta'
[0.627s] Level 1:colcon.colcon_core.package_identification:_identify(.) by extensions ['ros']
[0.627s] Level 1:colcon.colcon_core.package_identification:_identify(.) by extension 'ros'
[0.649s] Level 1:colcon.colcon_core.package_identification:_identify(.) by extensions ['cmake', 'python']
[0.650s] Level 1:colcon.colcon_core.package_identification:_identify(.) by extension 'cmake'
[0.650s] Level 1:colcon.colcon_core.package_identification:_identify(.) by extension 'python'
[0.650s] Level 1:colcon.colcon_core.package_identification:_identify(.) by extensions ['python_setup_py']
[0.650s] Level 1:colcon.colcon_core.package_identification:_identify(.) by extension 'python_setup_py'
[0.650s] Level 1:colcon.colcon_core.package_identification:_identify(build) by extensions ['ignore', 'ignore_ament_install']
[0.650s] Level 1:colcon.colcon_core.package_identification:_identify(build) by extension 'ignore'
[0.651s] Level 1:colcon.colcon_core.package_identification:_identify(build) ignored
[0.651s] Level 1:colcon.colcon_core.package_identification:_identify(install) by extensions ['ignore', 'ignore_ament_install']
[0.651s] Level 1:colcon.colcon_core.package_identification:_identify(install) by extension 'ignore'
[0.651s] Level 1:colcon.colcon_core.package_identification:_identify(install) ignored
[0.651s] Level 1:colcon.colcon_core.package_identification:_identify(log) by extensions ['ignore', 'ignore_ament_install']
[0.652s] Level 1:colcon.colcon_core.package_identification:_identify(log) by extension 'ignore'
[0.652s] Level 1:colcon.colcon_core.package_identification:_identify(log) ignored
[0.652s] Level 1:colcon.colcon_core.package_identification:_identify(src) by extensions ['ignore', 'ignore_ament_install']
[0.652s] Level 1:colcon.colcon_core.package_identification:_identify(src) by extension 'ignore'
[0.652s] Level 1:colcon.colcon_core.package_identification:_identify(src) by extension 'ignore_ament_install'
[0.652s] Level 1:colcon.colcon_core.package_identification:_identify(src) by extensions ['colcon_pkg']
[0.652s] Level 1:colcon.colcon_core.package_identification:_identify(src) by extension 'colcon_pkg'
[0.652s] Level 1:colcon.colcon_core.package_identification:_identify(src) by extensions ['colcon_meta']
[0.652s] Level 1:colcon.colcon_core.package_identification:_identify(src) by extension 'colcon_meta'
[0.653s] Level 1:colcon.colcon_core.package_identification:_identify(src) by extensions ['ros']
[0.653s] Level 1:colcon.colcon_core.package_identification:_identify(src) by extension 'ros'
[0.653s] Level 1:colcon.colcon_core.package_identification:_identify(src) by extensions ['cmake', 'python']
[0.653s] Level 1:colcon.colcon_core.package_identification:_identify(src) by extension 'cmake'
[0.653s] Level 1:colcon.colcon_core.package_identification:_identify(src) by extension 'python'
[0.653s] Level 1:colcon.colcon_core.package_identification:_identify(src) by extensions ['python_setup_py']
[0.653s] Level 1:colcon.colcon_core.package_identification:_identify(src) by extension 'python_setup_py'
[0.653s] Level 1:colcon.colcon_core.package_identification:_identify(src/build) by extensions ['ignore', 'ignore_ament_install']
[0.654s] Level 1:colcon.colcon_core.package_identification:_identify(src/build) by extension 'ignore'
[0.654s] Level 1:colcon.colcon_core.package_identification:_identify(src/build) ignored
[0.654s] Level 1:colcon.colcon_core.package_identification:_identify(src/csm) by extensions ['ignore', 'ignore_ament_install']
[0.654s] Level 1:colcon.colcon_core.package_identification:_identify(src/csm) by extension 'ignore'
[0.654s] Level 1:colcon.colcon_core.package_identification:_identify(src/csm) by extension 'ignore_ament_install'
[0.654s] Level 1:colcon.colcon_core.package_identification:_identify(src/csm) by extensions ['colcon_pkg']
[0.654s] Level 1:colcon.colcon_core.package_identification:_identify(src/csm) by extension 'colcon_pkg'
[0.654s] Level 1:colcon.colcon_core.package_identification:_identify(src/csm) by extensions ['colcon_meta']
[0.654s] Level 1:colcon.colcon_core.package_identification:_identify(src/csm) by extension 'colcon_meta'
[0.654s] Level 1:colcon.colcon_core.package_identification:_identify(src/csm) by extensions ['ros']
[0.655s] Level 1:colcon.colcon_core.package_identification:_identify(src/csm) by extension 'ros'
[0.660s] DEBUG:colcon.colcon_core.package_identification:Package 'src/csm' with type 'ros.ament_cmake' and name 'csm'
[0.660s] Level 1:colcon.colcon_core.package_identification:_identify(src/install) by extensions ['ignore', 'ignore_ament_install']
[0.660s] Level 1:colcon.colcon_core.package_identification:_identify(src/install) by extension 'ignore'
[0.660s] Level 1:colcon.colcon_core.package_identification:_identify(src/install) ignored
[0.661s] Level 1:colcon.colcon_core.package_identification:_identify(src/log) by extensions ['ignore', 'ignore_ament_install']
[0.661s] Level 1:colcon.colcon_core.package_identification:_identify(src/log) by extension 'ignore'
[0.661s] Level 1:colcon.colcon_core.package_identification:_identify(src/log) ignored
[0.661s] Level 1:colcon.colcon_core.package_identification:_identify(src/motorcontrol) by extensions ['ignore', 'ignore_ament_install']
[0.661s] Level 1:colcon.colcon_core.package_identification:_identify(src/motorcontrol) by extension 'ignore'
[0.661s] Level 1:colcon.colcon_core.package_identification:_identify(src/motorcontrol) by extension 'ignore_ament_install'
[0.662s] Level 1:colcon.colcon_core.package_identification:_identify(src/motorcontrol) by extensions ['colcon_pkg']
[0.662s] Level 1:colcon.colcon_core.package_identification:_identify(src/motorcontrol) by extension 'colcon_pkg'
[0.662s] Level 1:colcon.colcon_core.package_identification:_identify(src/motorcontrol) by extensions ['colcon_meta']
[0.662s] Level 1:colcon.colcon_core.package_identification:_identify(src/motorcontrol) by extension 'colcon_meta'
[0.662s] Level 1:colcon.colcon_core.package_identification:_identify(src/motorcontrol) by extensions ['ros']
[0.662s] Level 1:colcon.colcon_core.package_identification:_identify(src/motorcontrol) by extension 'ros'
[0.663s] DEBUG:colcon.colcon_core.package_identification:Package 'src/motorcontrol' with type 'ros.ament_python' and name 'motorcontrol'
[0.663s] Level 1:colcon.colcon_core.package_identification:_identify(src/my_robot_description) by extensions ['ignore', 'ignore_ament_install']
[0.663s] Level 1:colcon.colcon_core.package_identification:_identify(src/my_robot_description) by extension 'ignore'
[0.663s] Level 1:colcon.colcon_core.package_identification:_identify(src/my_robot_description) by extension 'ignore_ament_install'
[0.664s] Level 1:colcon.colcon_core.package_identification:_identify(src/my_robot_description) by extensions ['colcon_pkg']
[0.664s] Level 1:colcon.colcon_core.package_identification:_identify(src/my_robot_description) by extension 'colcon_pkg'
[0.664s] Level 1:colcon.colcon_core.package_identification:_identify(src/my_robot_description) by extensions ['colcon_meta']
[0.664s] Level 1:colcon.colcon_core.package_identification:_identify(src/my_robot_description) by extension 'colcon_meta'
[0.664s] Level 1:colcon.colcon_core.package_identification:_identify(src/my_robot_description) by extensions ['ros']
[0.664s] Level 1:colcon.colcon_core.package_identification:_identify(src/my_robot_description) by extension 'ros'
[0.665s] DEBUG:colcon.colcon_core.package_identification:Package 'src/my_robot_description' with type 'ros.ament_cmake' and name 'my_robot_description'
[0.665s] Level 1:colcon.colcon_core.package_identification:_identify(src/ros2_laser_scan_matcher) by extensions ['ignore', 'ignore_ament_install']
[0.666s] Level 1:colcon.colcon_core.package_identification:_identify(src/ros2_laser_scan_matcher) by extension 'ignore'
[0.666s] Level 1:colcon.colcon_core.package_identification:_identify(src/ros2_laser_scan_matcher) by extension 'ignore_ament_install'
[0.666s] Level 1:colcon.colcon_core.package_identification:_identify(src/ros2_laser_scan_matcher) by extensions ['colcon_pkg']
[0.666s] Level 1:colcon.colcon_core.package_identification:_identify(src/ros2_laser_scan_matcher) by extension 'colcon_pkg'
[0.666s] Level 1:colcon.colcon_core.package_identification:_identify(src/ros2_laser_scan_matcher) by extensions ['colcon_meta']
[0.666s] Level 1:colcon.colcon_core.package_identification:_identify(src/ros2_laser_scan_matcher) by extension 'colcon_meta'
[0.666s] Level 1:colcon.colcon_core.package_identification:_identify(src/ros2_laser_scan_matcher) by extensions ['ros']
[0.666s] Level 1:colcon.colcon_core.package_identification:_identify(src/ros2_laser_scan_matcher) by extension 'ros'
[0.668s] DEBUG:colcon.colcon_core.package_identification:Package 'src/ros2_laser_scan_matcher' with type 'ros.ament_cmake' and name 'ros2_laser_scan_matcher'
[0.668s] Level 1:colcon.colcon_core.package_identification:_identify(src/rviz) by extensions ['ignore', 'ignore_ament_install']
[0.668s] Level 1:colcon.colcon_core.package_identification:_identify(src/rviz) by extension 'ignore'
[0.668s] Level 1:colcon.colcon_core.package_identification:_identify(src/rviz) by extension 'ignore_ament_install'
[0.668s] Level 1:colcon.colcon_core.package_identification:_identify(src/rviz) by extensions ['colcon_pkg']
[0.668s] Level 1:colcon.colcon_core.package_identification:_identify(src/rviz) by extension 'colcon_pkg'
[0.668s] Level 1:colcon.colcon_core.package_identification:_identify(src/rviz) by extensions ['colcon_meta']
[0.668s] Level 1:colcon.colcon_core.package_identification:_identify(src/rviz) by extension 'colcon_meta'
[0.668s] Level 1:colcon.colcon_core.package_identification:_identify(src/rviz) by extensions ['ros']
[0.669s] Level 1:colcon.colcon_core.package_identification:_identify(src/rviz) by extension 'ros'
[0.669s] Level 1:colcon.colcon_core.package_identification:_identify(src/rviz) by extensions ['cmake', 'python']
[0.669s] Level 1:colcon.colcon_core.package_identification:_identify(src/rviz) by extension 'cmake'
[0.669s] Level 1:colcon.colcon_core.package_identification:_identify(src/rviz) by extension 'python'
[0.669s] Level 1:colcon.colcon_core.package_identification:_identify(src/rviz) by extensions ['python_setup_py']
[0.669s] Level 1:colcon.colcon_core.package_identification:_identify(src/rviz) by extension 'python_setup_py'
[0.669s] Level 1:colcon.colcon_core.package_identification:_identify(src/static_tf) by extensions ['ignore', 'ignore_ament_install']
[0.669s] Level 1:colcon.colcon_core.package_identification:_identify(src/static_tf) by extension 'ignore'
[0.670s] Level 1:colcon.colcon_core.package_identification:_identify(src/static_tf) by extension 'ignore_ament_install'
[0.670s] Level 1:colcon.colcon_core.package_identification:_identify(src/static_tf) by extensions ['colcon_pkg']
[0.670s] Level 1:colcon.colcon_core.package_identification:_identify(src/static_tf) by extension 'colcon_pkg'
[0.670s] Level 1:colcon.colcon_core.package_identification:_identify(src/static_tf) by extensions ['colcon_meta']
[0.670s] Level 1:colcon.colcon_core.package_identification:_identify(src/static_tf) by extension 'colcon_meta'
[0.670s] Level 1:colcon.colcon_core.package_identification:_identify(src/static_tf) by extensions ['ros']
[0.670s] Level 1:colcon.colcon_core.package_identification:_identify(src/static_tf) by extension 'ros'
[0.674s] DEBUG:colcon.colcon_core.package_identification:Package 'src/static_tf' with type 'ros.ament_python' and name 'static_tf'
[0.674s] Level 1:colcon.colcon_core.package_identification:_identify(src/status_display) by extensions ['ignore', 'ignore_ament_install']
[0.674s] Level 1:colcon.colcon_core.package_identification:_identify(src/status_display) by extension 'ignore'
[0.674s] Level 1:colcon.colcon_core.package_identification:_identify(src/status_display) by extension 'ignore_ament_install'
[0.674s] Level 1:colcon.colcon_core.package_identification:_identify(src/status_display) by extensions ['colcon_pkg']
[0.675s] Level 1:colcon.colcon_core.package_identification:_identify(src/status_display) by extension 'colcon_pkg'
[0.675s] Level 1:colcon.colcon_core.package_identification:_identify(src/status_display) by extensions ['colcon_meta']
[0.675s] Level 1:colcon.colcon_core.package_identification:_identify(src/status_display) by extension 'colcon_meta'
[0.675s] Level 1:colcon.colcon_core.package_identification:_identify(src/status_display) by extensions ['ros']
[0.675s] Level 1:colcon.colcon_core.package_identification:_identify(src/status_display) by extension 'ros'
[0.676s] DEBUG:colcon.colcon_core.package_identification:Package 'src/status_display' with type 'ros.ament_python' and name 'status_display'
[0.676s] Level 1:colcon.colcon_core.package_identification:_identify(src/status_display_msgs) by extensions ['ignore', 'ignore_ament_install']
[0.676s] Level 1:colcon.colcon_core.package_identification:_identify(src/status_display_msgs) by extension 'ignore'
[0.676s] Level 1:colcon.colcon_core.package_identification:_identify(src/status_display_msgs) by extension 'ignore_ament_install'
[0.676s] Level 1:colcon.colcon_core.package_identification:_identify(src/status_display_msgs) by extensions ['colcon_pkg']
[0.677s] Level 1:colcon.colcon_core.package_identification:_identify(src/status_display_msgs) by extension 'colcon_pkg'
[0.677s] Level 1:colcon.colcon_core.package_identification:_identify(src/status_display_msgs) by extensions ['colcon_meta']
[0.677s] Level 1:colcon.colcon_core.package_identification:_identify(src/status_display_msgs) by extension 'colcon_meta'
[0.677s] Level 1:colcon.colcon_core.package_identification:_identify(src/status_display_msgs) by extensions ['ros']
[0.677s] Level 1:colcon.colcon_core.package_identification:_identify(src/status_display_msgs) by extension 'ros'
[0.678s] DEBUG:colcon.colcon_core.package_identification:Package 'src/status_display_msgs' with type 'ros.ament_cmake' and name 'status_display_msgs'
[0.678s] Level 1:colcon.colcon_core.package_discovery:discover_packages(recursive) using defaults
[0.678s] Level 1:colcon.colcon_core.package_discovery:discover_packages(ignore) discover
[0.678s] Level 1:colcon.colcon_core.package_discovery:discover_packages(ignore) using defaults
[0.678s] Level 1:colcon.colcon_core.package_discovery:discover_packages(path) discover
[0.678s] Level 1:colcon.colcon_core.package_discovery:discover_packages(path) using defaults
[0.754s] Level 1:colcon.colcon_core.package_discovery:discover_packages(prefix_path) check parameters
[0.755s] Level 1:colcon.colcon_core.package_discovery:discover_packages(prefix_path) discover
[0.760s] DEBUG:colcon.colcon_installed_package_information.package_discovery:Found 349 installed packages in /opt/ros/iron
[0.763s] Level 1:colcon.colcon_core.package_discovery:discover_packages(prefix_path) using defaults
[0.862s] Level 5:colcon.colcon_core.verb:set package 'csm' build argument 'cmake_args' from command line to 'None'
[0.863s] Level 5:colcon.colcon_core.verb:set package 'csm' build argument 'cmake_target' from command line to 'None'
[0.863s] Level 5:colcon.colcon_core.verb:set package 'csm' build argument 'cmake_target_skip_unavailable' from command line to 'False'
[0.863s] Level 5:colcon.colcon_core.verb:set package 'csm' build argument 'cmake_clean_cache' from command line to 'False'
[0.863s] Level 5:colcon.colcon_core.verb:set package 'csm' build argument 'cmake_clean_first' from command line to 'False'
[0.863s] Level 5:colcon.colcon_core.verb:set package 'csm' build argument 'cmake_force_configure' from command line to 'False'
[0.863s] Level 5:colcon.colcon_core.verb:set package 'csm' build argument 'ament_cmake_args' from command line to 'None'
[0.863s] Level 5:colcon.colcon_core.verb:set package 'csm' build argument 'catkin_cmake_args' from command line to 'None'
[0.863s] Level 5:colcon.colcon_core.verb:set package 'csm' build argument 'catkin_skip_building_tests' from command line to 'False'
[0.863s] DEBUG:colcon.colcon_core.verb:Building package 'csm' with the following arguments: {'ament_cmake_args': None, 'build_base': '/home/matthew/ros2_ws/build/csm', 'catkin_cmake_args': None, 'catkin_skip_building_tests': False, 'cmake_args': None, 'cmake_clean_cache': False, 'cmake_clean_first': False, 'cmake_force_configure': False, 'cmake_target': None, 'cmake_target_skip_unavailable': False, 'install_base': '/home/matthew/ros2_ws/install/csm', 'merge_install': False, 'path': '/home/matthew/ros2_ws/src/csm', 'symlink_install': True, 'test_result_base': None}
[0.864s] Level 5:colcon.colcon_core.verb:set package 'motorcontrol' build argument 'cmake_args' from command line to 'None'
[0.864s] Level 5:colcon.colcon_core.verb:set package 'motorcontrol' build argument 'cmake_target' from command line to 'None'
[0.864s] Level 5:colcon.colcon_core.verb:set package 'motorcontrol' build argument 'cmake_target_skip_unavailable' from command line to 'False'
[0.864s] Level 5:colcon.colcon_core.verb:set package 'motorcontrol' build argument 'cmake_clean_cache' from command line to 'False'
[0.864s] Level 5:colcon.colcon_core.verb:set package 'motorcontrol' build argument 'cmake_clean_first' from command line to 'False'
[0.864s] Level 5:colcon.colcon_core.verb:set package 'motorcontrol' build argument 'cmake_force_configure' from command line to 'False'
[0.864s] Level 5:colcon.colcon_core.verb:set package 'motorcontrol' build argument 'ament_cmake_args' from command line to 'None'
[0.864s] Level 5:colcon.colcon_core.verb:set package 'motorcontrol' build argument 'catkin_cmake_args' from command line to 'None'
[0.864s] Level 5:colcon.colcon_core.verb:set package 'motorcontrol' build argument 'catkin_skip_building_tests' from command line to 'False'
[0.864s] DEBUG:colcon.colcon_core.verb:Building package 'motorcontrol' with the following arguments: {'ament_cmake_args': None, 'build_base': '/home/matthew/ros2_ws/build/motorcontrol', 'catkin_cmake_args': None, 'catkin_skip_building_tests': False, 'cmake_args': None, 'cmake_clean_cache': False, 'cmake_clean_first': False, 'cmake_force_configure': False, 'cmake_target': None, 'cmake_target_skip_unavailable': False, 'install_base': '/home/matthew/ros2_ws/install/motorcontrol', 'merge_install': False, 'path': '/home/matthew/ros2_ws/src/motorcontrol', 'symlink_install': True, 'test_result_base': None}
[0.865s] Level 5:colcon.colcon_core.verb:set package 'my_robot_description' build argument 'cmake_args' from command line to 'None'
[0.865s] Level 5:colcon.colcon_core.verb:set package 'my_robot_description' build argument 'cmake_target' from command line to 'None'
[0.865s] Level 5:colcon.colcon_core.verb:set package 'my_robot_description' build argument 'cmake_target_skip_unavailable' from command line to 'False'
[0.865s] Level 5:colcon.colcon_core.verb:set package 'my_robot_description' build argument 'cmake_clean_cache' from command line to 'False'
[0.865s] Level 5:colcon.colcon_core.verb:set package 'my_robot_description' build argument 'cmake_clean_first' from command line to 'False'
[0.865s] Level 5:colcon.colcon_core.verb:set package 'my_robot_description' build argument 'cmake_force_configure' from command line to 'False'
[0.865s] Level 5:colcon.colcon_core.verb:set package 'my_robot_description' build argument 'ament_cmake_args' from command line to 'None'
[0.865s] Level 5:colcon.colcon_core.verb:set package 'my_robot_description' build argument 'catkin_cmake_args' from command line to 'None'
[0.865s] Level 5:colcon.colcon_core.verb:set package 'my_robot_description' build argument 'catkin_skip_building_tests' from command line to 'False'
[0.866s] DEBUG:colcon.colcon_core.verb:Building package 'my_robot_description' with the following arguments: {'ament_cmake_args': None, 'build_base': '/home/matthew/ros2_ws/build/my_robot_description', 'catkin_cmake_args': None, 'catkin_skip_building_tests': False, 'cmake_args': None, 'cmake_clean_cache': False, 'cmake_clean_first': False, 'cmake_force_configure': False, 'cmake_target': None, 'cmake_target_skip_unavailable': False, 'install_base': '/home/matthew/ros2_ws/install/my_robot_description', 'merge_install': False, 'path': '/home/matthew/ros2_ws/src/my_robot_description', 'symlink_install': True, 'test_result_base': None}
[0.866s] Level 5:colcon.colcon_core.verb:set package 'static_tf' build argument 'cmake_args' from command line to 'None'
[0.866s] Level 5:colcon.colcon_core.verb:set package 'static_tf' build argument 'cmake_target' from command line to 'None'
[0.866s] Level 5:colcon.colcon_core.verb:set package 'static_tf' build argument 'cmake_target_skip_unavailable' from command line to 'False'
[0.866s] Level 5:colcon.colcon_core.verb:set package 'static_tf' build argument 'cmake_clean_cache' from command line to 'False'
[0.866s] Level 5:colcon.colcon_core.verb:set package 'static_tf' build argument 'cmake_clean_first' from command line to 'False'
[0.866s] Level 5:colcon.colcon_core.verb:set package 'static_tf' build argument 'cmake_force_configure' from command line to 'False'
[0.866s] Level 5:colcon.colcon_core.verb:set package 'static_tf' build argument 'ament_cmake_args' from command line to 'None'
[0.867s] Level 5:colcon.colcon_core.verb:set package 'static_tf' build argument 'catkin_cmake_args' from command line to 'None'
[0.867s] Level 5:colcon.colcon_core.verb:set package 'static_tf' build argument 'catkin_skip_building_tests' from command line to 'False'
[0.867s] DEBUG:colcon.colcon_core.verb:Building package 'static_tf' with the following arguments: {'ament_cmake_args': None, 'build_base': '/home/matthew/ros2_ws/build/static_tf', 'catkin_cmake_args': None, 'catkin_skip_building_tests': False, 'cmake_args': None, 'cmake_clean_cache': False, 'cmake_clean_first': False, 'cmake_force_configure': False, 'cmake_target': None, 'cmake_target_skip_unavailable': False, 'install_base': '/home/matthew/ros2_ws/install/static_tf', 'merge_install': False, 'path': '/home/matthew/ros2_ws/src/static_tf', 'symlink_install': True, 'test_result_base': None}
[0.867s] Level 5:colcon.colcon_core.verb:set package 'status_display_msgs' build argument 'cmake_args' from command line to 'None'
[0.867s] Level 5:colcon.colcon_core.verb:set package 'status_display_msgs' build argument 'cmake_target' from command line to 'None'
[0.867s] Level 5:colcon.colcon_core.verb:set package 'status_display_msgs' build argument 'cmake_target_skip_unavailable' from command line to 'False'
[0.867s] Level 5:colcon.colcon_core.verb:set package 'status_display_msgs' build argument 'cmake_clean_cache' from command line to 'False'
[0.867s] Level 5:colcon.colcon_core.verb:set package 'status_display_msgs' build argument 'cmake_clean_first' from command line to 'False'
[0.868s] Level 5:colcon.colcon_core.verb:set package 'status_display_msgs' build argument 'cmake_force_configure' from command line to 'False'
[0.868s] Level 5:colcon.colcon_core.verb:set package 'status_display_msgs' build argument 'ament_cmake_args' from command line to 'None'
[0.868s] Level 5:colcon.colcon_core.verb:set package 'status_display_msgs' build argument 'catkin_cmake_args' from command line to 'None'
[0.868s] Level 5:colcon.colcon_core.verb:set package 'status_display_msgs' build argument 'catkin_skip_building_tests' from command line to 'False'
[0.868s] DEBUG:colcon.colcon_core.verb:Building package 'status_display_msgs' with the following arguments: {'ament_cmake_args': None, 'build_base': '/home/matthew/ros2_ws/build/status_display_msgs', 'catkin_cmake_args': None, 'catkin_skip_building_tests': False, 'cmake_args': None, 'cmake_clean_cache': False, 'cmake_clean_first': False, 'cmake_force_configure': False, 'cmake_target': None, 'cmake_target_skip_unavailable': False, 'install_base': '/home/matthew/ros2_ws/install/status_display_msgs', 'merge_install': False, 'path': '/home/matthew/ros2_ws/src/status_display_msgs', 'symlink_install': True, 'test_result_base': None}
[0.868s] Level 5:colcon.colcon_core.verb:set package 'ros2_laser_scan_matcher' build argument 'cmake_args' from command line to 'None'
[0.868s] Level 5:colcon.colcon_core.verb:set package 'ros2_laser_scan_matcher' build argument 'cmake_target' from command line to 'None'
[0.868s] Level 5:colcon.colcon_core.verb:set package 'ros2_laser_scan_matcher' build argument 'cmake_target_skip_unavailable' from command line to 'False'
[0.868s] Level 5:colcon.colcon_core.verb:set package 'ros2_laser_scan_matcher' build argument 'cmake_clean_cache' from command line to 'False'
[0.869s] Level 5:colcon.colcon_core.verb:set package 'ros2_laser_scan_matcher' build argument 'cmake_clean_first' from command line to 'False'
[0.869s] Level 5:colcon.colcon_core.verb:set package 'ros2_laser_scan_matcher' build argument 'cmake_force_configure' from command line to 'False'
[0.869s] Level 5:colcon.colcon_core.verb:set package 'ros2_laser_scan_matcher' build argument 'ament_cmake_args' from command line to 'None'
[0.869s] Level 5:colcon.colcon_core.verb:set package 'ros2_laser_scan_matcher' build argument 'catkin_cmake_args' from command line to 'None'
[0.869s] Level 5:colcon.colcon_core.verb:set package 'ros2_laser_scan_matcher' build argument 'catkin_skip_building_tests' from command line to 'False'
[0.869s] DEBUG:colcon.colcon_core.verb:Building package 'ros2_laser_scan_matcher' with the following arguments: {'ament_cmake_args': None, 'build_base': '/home/matthew/ros2_ws/build/ros2_laser_scan_matcher', 'catkin_cmake_args': None, 'catkin_skip_building_tests': False, 'cmake_args': None, 'cmake_clean_cache': False, 'cmake_clean_first': False, 'cmake_force_configure': False, 'cmake_target': None, 'cmake_target_skip_unavailable': False, 'install_base': '/home/matthew/ros2_ws/install/ros2_laser_scan_matcher', 'merge_install': False, 'path': '/home/matthew/ros2_ws/src/ros2_laser_scan_matcher', 'symlink_install': True, 'test_result_base': None}
[0.869s] Level 5:colcon.colcon_core.verb:set package 'status_display' build argument 'cmake_args' from command line to 'None'
[0.870s] Level 5:colcon.colcon_core.verb:set package 'status_display' build argument 'cmake_target' from command line to 'None'
[0.870s] Level 5:colcon.colcon_core.verb:set package 'status_display' build argument 'cmake_target_skip_unavailable' from command line to 'False'
[0.870s] Level 5:colcon.colcon_core.verb:set package 'status_display' build argument 'cmake_clean_cache' from command line to 'False'
[0.870s] Level 5:colcon.colcon_core.verb:set package 'status_display' build argument 'cmake_clean_first' from command line to 'False'
[0.870s] Level 5:colcon.colcon_core.verb:set package 'status_display' build argument 'cmake_force_configure' from command line to 'False'
[0.870s] Level 5:colcon.colcon_core.verb:set package 'status_display' build argument 'ament_cmake_args' from command line to 'None'
[0.870s] Level 5:colcon.colcon_core.verb:set package 'status_display' build argument 'catkin_cmake_args' from command line to 'None'
[0.870s] Level 5:colcon.colcon_core.verb:set package 'status_display' build argument 'catkin_skip_building_tests' from command line to 'False'
[0.870s] DEBUG:colcon.colcon_core.verb:Building package 'status_display' with the following arguments: {'ament_cmake_args': None, 'build_base': '/home/matthew/ros2_ws/build/status_display', 'catkin_cmake_args': None, 'catkin_skip_building_tests': False, 'cmake_args': None, 'cmake_clean_cache': False, 'cmake_clean_first': False, 'cmake_force_configure': False, 'cmake_target': None, 'cmake_target_skip_unavailable': False, 'install_base': '/home/matthew/ros2_ws/install/status_display', 'merge_install': False, 'path': '/home/matthew/ros2_ws/src/status_display', 'symlink_install': True, 'test_result_base': None}
[0.870s] INFO:colcon.colcon_core.executor:Executing jobs using 'parallel' executor
[0.872s] DEBUG:colcon.colcon_parallel_executor.executor.parallel:run_until_complete
[0.873s] INFO:colcon.colcon_ros.task.ament_cmake.build:Building ROS package in '/home/matthew/ros2_ws/src/csm' with build type 'ament_cmake'
[0.873s] INFO:colcon.colcon_cmake.task.cmake.build:Building CMake package in '/home/matthew/ros2_ws/src/csm'
[0.877s] INFO:colcon.colcon_core.plugin_system:Skipping extension 'colcon_core.shell.bat': Not used on non-Windows systems
[0.877s] INFO:colcon.colcon_core.shell:Skip shell extension 'powershell' for command environment: Not usable outside of PowerShell
[0.877s] DEBUG:colcon.colcon_core.shell:Skip shell extension 'dsv' for command environment
[0.883s] INFO:colcon.colcon_ros.task.ament_cmake.build:Building ROS package in '/home/matthew/ros2_ws/src/status_display_msgs' with build type 'ament_cmake'
[0.883s] INFO:colcon.colcon_cmake.task.cmake.build:Building CMake package in '/home/matthew/ros2_ws/src/status_display_msgs'
[0.884s] INFO:colcon.colcon_core.shell:Skip shell extension 'powershell' for command environment: Not usable outside of PowerShell
[0.884s] DEBUG:colcon.colcon_core.shell:Skip shell extension 'dsv' for command environment
[0.889s] INFO:colcon.colcon_ros.task.ament_python.build:Building ROS package in '/home/matthew/ros2_ws/src/motorcontrol' with build type 'ament_python'
[0.889s] Level 1:colcon.colcon_core.shell:create_environment_hook('motorcontrol', 'ament_prefix_path')
[0.890s] INFO:colcon.colcon_core.shell:Creating environment hook '/home/matthew/ros2_ws/install/motorcontrol/share/motorcontrol/hook/ament_prefix_path.ps1'
[0.891s] INFO:colcon.colcon_core.shell:Creating environment descriptor '/home/matthew/ros2_ws/install/motorcontrol/share/motorcontrol/hook/ament_prefix_path.dsv'
[0.892s] INFO:colcon.colcon_core.shell:Creating environment hook '/home/matthew/ros2_ws/install/motorcontrol/share/motorcontrol/hook/ament_prefix_path.sh'
[0.893s] INFO:colcon.colcon_core.shell:Skip shell extension 'powershell' for command environment: Not usable outside of PowerShell
[0.894s] DEBUG:colcon.colcon_core.shell:Skip shell extension 'dsv' for command environment
[0.898s] INFO:colcon.colcon_ros.task.ament_cmake.build:Building ROS package in '/home/matthew/ros2_ws/src/my_robot_description' with build type 'ament_cmake'
[0.899s] INFO:colcon.colcon_cmake.task.cmake.build:Building CMake package in '/home/matthew/ros2_ws/src/my_robot_description'
[0.899s] INFO:colcon.colcon_core.shell:Skip shell extension 'powershell' for command environment: Not usable outside of PowerShell
[0.899s] DEBUG:colcon.colcon_core.shell:Skip shell extension 'dsv' for command environment
[0.904s] INFO:colcon.colcon_ros.task.ament_python.build:Building ROS package in '/home/matthew/ros2_ws/src/static_tf' with build type 'ament_python'
[0.904s] Level 1:colcon.colcon_core.shell:create_environment_hook('static_tf', 'ament_prefix_path')
[0.905s] INFO:colcon.colcon_core.shell:Creating environment hook '/home/matthew/ros2_ws/install/static_tf/share/static_tf/hook/ament_prefix_path.ps1'
[0.905s] INFO:colcon.colcon_core.shell:Creating environment descriptor '/home/matthew/ros2_ws/install/static_tf/share/static_tf/hook/ament_prefix_path.dsv'
[0.906s] INFO:colcon.colcon_core.shell:Creating environment hook '/home/matthew/ros2_ws/install/static_tf/share/static_tf/hook/ament_prefix_path.sh'
[0.907s] INFO:colcon.colcon_core.shell:Skip shell extension 'powershell' for command environment: Not usable outside of PowerShell
[0.907s] DEBUG:colcon.colcon_core.shell:Skip shell extension 'dsv' for command environment
[0.921s] DEBUG:colcon.colcon_core.event_handler.log_command:Invoking command in '/home/matthew/ros2_ws/build/csm': CMAKE_PREFIX_PATH=/opt/ros/iron /usr/bin/cmake /home/matthew/ros2_ws/src/csm -DAMENT_CMAKE_SYMLINK_INSTALL=1 -DCMAKE_INSTALL_PREFIX=/home/matthew/ros2_ws/install/csm
[0.928s] DEBUG:colcon.colcon_core.event_handler.log_command:Invoking command in '/home/matthew/ros2_ws/build/status_display_msgs': CMAKE_PREFIX_PATH=/opt/ros/iron /usr/bin/cmake /home/matthew/ros2_ws/src/status_display_msgs -DAMENT_CMAKE_SYMLINK_INSTALL=1 -DCMAKE_INSTALL_PREFIX=/home/matthew/ros2_ws/install/status_display_msgs
[1.482s] INFO:colcon.colcon_core.task.python.build:Building Python package in '/home/matthew/ros2_ws/src/motorcontrol'
[1.483s] INFO:colcon.colcon_core.shell:Skip shell extension 'powershell' for command environment: Not usable outside of PowerShell
[1.483s] DEBUG:colcon.colcon_core.shell:Skip shell extension 'dsv' for command environment
[1.497s] DEBUG:colcon.colcon_core.event_handler.log_command:Invoking command in '/home/matthew/ros2_ws/build/my_robot_description': CMAKE_PREFIX_PATH=/opt/ros/iron /usr/bin/cmake /home/matthew/ros2_ws/src/my_robot_description -DAMENT_CMAKE_SYMLINK_INSTALL=1 -DCMAKE_INSTALL_PREFIX=/home/matthew/ros2_ws/install/my_robot_description
[2.078s] INFO:colcon.colcon_core.task.python.build:Building Python package in '/home/matthew/ros2_ws/src/static_tf'
[2.078s] INFO:colcon.colcon_core.shell:Skip shell extension 'powershell' for command environment: Not usable outside of PowerShell
[2.079s] DEBUG:colcon.colcon_core.shell:Skip shell extension 'dsv' for command environment
[2.484s] DEBUG:colcon.colcon_core.event_handler.log_command:Invoked command in '/home/matthew/ros2_ws/build/csm' returned '0': CMAKE_PREFIX_PATH=/opt/ros/iron /usr/bin/cmake /home/matthew/ros2_ws/src/csm -DAMENT_CMAKE_SYMLINK_INSTALL=1 -DCMAKE_INSTALL_PREFIX=/home/matthew/ros2_ws/install/csm
[2.488s] DEBUG:colcon.colcon_core.event_handler.log_command:Invoking command in '/home/matthew/ros2_ws/build/csm': CMAKE_PREFIX_PATH=/opt/ros/iron /usr/bin/cmake --build /home/matthew/ros2_ws/build/csm -- -j6 -l6
[2.735s] DEBUG:colcon.colcon_core.event_handler.log_command:Invoked command in '/home/matthew/ros2_ws/build/csm' returned '0': CMAKE_PREFIX_PATH=/opt/ros/iron /usr/bin/cmake --build /home/matthew/ros2_ws/build/csm -- -j6 -l6
[2.758s] DEBUG:colcon.colcon_core.event_handler.log_command:Invoking command in '/home/matthew/ros2_ws/build/csm': CMAKE_PREFIX_PATH=/opt/ros/iron /usr/bin/cmake --install /home/matthew/ros2_ws/build/csm
[2.806s] Level 1:colcon.colcon_core.environment:create_environment_scripts_only(csm)
[2.811s] Level 1:colcon.colcon_core.environment:checking '/home/matthew/ros2_ws/install/csm' for CMake module files
[2.812s] Level 1:colcon.colcon_core.environment:checking '/home/matthew/ros2_ws/install/csm' for CMake config files
[2.813s] Level 1:colcon.colcon_core.shell:create_environment_hook('csm', 'cmake_prefix_path')
[2.813s] INFO:colcon.colcon_core.shell:Creating environment hook '/home/matthew/ros2_ws/install/csm/share/csm/hook/cmake_prefix_path.ps1'
[2.814s] DEBUG:colcon.colcon_core.event_handler.log_command:Invoked command in '/home/matthew/ros2_ws/build/csm' returned '0': CMAKE_PREFIX_PATH=/opt/ros/iron /usr/bin/cmake --install /home/matthew/ros2_ws/build/csm
[2.815s] INFO:colcon.colcon_core.shell:Creating environment descriptor '/home/matthew/ros2_ws/install/csm/share/csm/hook/cmake_prefix_path.dsv'
[2.816s] INFO:colcon.colcon_core.shell:Creating environment hook '/home/matthew/ros2_ws/install/csm/share/csm/hook/cmake_prefix_path.sh'
[2.818s] Level 1:colcon.colcon_core.environment:checking '/home/matthew/ros2_ws/install/csm/lib'
[2.818s] Level 1:colcon.colcon_core.shell:create_environment_hook('csm', 'ld_library_path_lib')
[2.819s] INFO:colcon.colcon_core.shell:Creating environment hook '/home/matthew/ros2_ws/install/csm/share/csm/hook/ld_library_path_lib.ps1'
[2.820s] INFO:colcon.colcon_core.shell:Creating environment descriptor '/home/matthew/ros2_ws/install/csm/share/csm/hook/ld_library_path_lib.dsv'
[2.821s] INFO:colcon.colcon_core.shell:Creating environment hook '/home/matthew/ros2_ws/install/csm/share/csm/hook/ld_library_path_lib.sh'
[2.822s] Level 1:colcon.colcon_core.environment:checking '/home/matthew/ros2_ws/install/csm/bin'
[2.822s] Level 1:colcon.colcon_core.environment:checking '/home/matthew/ros2_ws/install/csm/lib/pkgconfig/csm.pc'
[2.822s] Level 1:colcon.colcon_core.environment:checking '/home/matthew/ros2_ws/install/csm/lib/python3.10/site-packages'
[2.823s] Level 1:colcon.colcon_core.environment:checking '/home/matthew/ros2_ws/install/csm/bin'
[2.823s] INFO:colcon.colcon_core.shell:Creating package script '/home/matthew/ros2_ws/install/csm/share/csm/package.ps1'
[2.825s] INFO:colcon.colcon_core.shell:Creating package descriptor '/home/matthew/ros2_ws/install/csm/share/csm/package.dsv'
[2.827s] INFO:colcon.colcon_core.shell:Creating package script '/home/matthew/ros2_ws/install/csm/share/csm/package.sh'
[2.828s] INFO:colcon.colcon_core.shell:Creating package script '/home/matthew/ros2_ws/install/csm/share/csm/package.bash'
[2.830s] INFO:colcon.colcon_core.shell:Creating package script '/home/matthew/ros2_ws/install/csm/share/csm/package.zsh'
[2.831s] Level 1:colcon.colcon_core.environment:create_file_with_runtime_dependencies(/home/matthew/ros2_ws/install/csm/share/colcon-core/packages/csm)
[2.833s] Level 1:colcon.colcon_core.environment:create_environment_scripts_only(csm)
[2.833s] Level 1:colcon.colcon_core.environment:checking '/home/matthew/ros2_ws/install/csm' for CMake module files
[2.834s] Level 1:colcon.colcon_core.environment:checking '/home/matthew/ros2_ws/install/csm' for CMake config files
[2.835s] Level 1:colcon.colcon_core.shell:create_environment_hook('csm', 'cmake_prefix_path')
[2.835s] INFO:colcon.colcon_core.shell:Creating environment hook '/home/matthew/ros2_ws/install/csm/share/csm/hook/cmake_prefix_path.ps1'
[2.836s] INFO:colcon.colcon_core.shell:Creating environment descriptor '/home/matthew/ros2_ws/install/csm/share/csm/hook/cmake_prefix_path.dsv'
[2.837s] INFO:colcon.colcon_core.shell:Creating environment hook '/home/matthew/ros2_ws/install/csm/share/csm/hook/cmake_prefix_path.sh'
[2.838s] Level 1:colcon.colcon_core.environment:checking '/home/matthew/ros2_ws/install/csm/lib'
[2.839s] Level 1:colcon.colcon_core.shell:create_environment_hook('csm', 'ld_library_path_lib')
[2.839s] INFO:colcon.colcon_core.shell:Creating environment hook '/home/matthew/ros2_ws/install/csm/share/csm/hook/ld_library_path_lib.ps1'
[2.840s] INFO:colcon.colcon_core.shell:Creating environment descriptor '/home/matthew/ros2_ws/install/csm/share/csm/hook/ld_library_path_lib.dsv'
[2.841s] INFO:colcon.colcon_core.shell:Creating environment hook '/home/matthew/ros2_ws/install/csm/share/csm/hook/ld_library_path_lib.sh'
[2.841s] Level 1:colcon.colcon_core.environment:checking '/home/matthew/ros2_ws/install/csm/bin'
[2.842s] Level 1:colcon.colcon_core.environment:checking '/home/matthew/ros2_ws/install/csm/lib/pkgconfig/csm.pc'
[2.842s] Level 1:colcon.colcon_core.environment:checking '/home/matthew/ros2_ws/install/csm/lib/python3.10/site-packages'
[2.843s] Level 1:colcon.colcon_core.environment:checking '/home/matthew/ros2_ws/install/csm/bin'
[2.843s] INFO:colcon.colcon_core.shell:Creating package script '/home/matthew/ros2_ws/install/csm/share/csm/package.ps1'
[2.844s] INFO:colcon.colcon_core.shell:Creating package descriptor '/home/matthew/ros2_ws/install/csm/share/csm/package.dsv'
[2.846s] INFO:colcon.colcon_core.shell:Creating package script '/home/matthew/ros2_ws/install/csm/share/csm/package.sh'
[2.847s] INFO:colcon.colcon_core.shell:Creating package script '/home/matthew/ros2_ws/install/csm/share/csm/package.bash'
[2.848s] INFO:colcon.colcon_core.shell:Creating package script '/home/matthew/ros2_ws/install/csm/share/csm/package.zsh'
[2.849s] Level 1:colcon.colcon_core.environment:create_file_with_runtime_dependencies(/home/matthew/ros2_ws/install/csm/share/colcon-core/packages/csm)
[2.851s] INFO:colcon.colcon_ros.task.ament_cmake.build:Building ROS package in '/home/matthew/ros2_ws/src/ros2_laser_scan_matcher' with build type 'ament_cmake'
[2.851s] INFO:colcon.colcon_cmake.task.cmake.build:Building CMake package in '/home/matthew/ros2_ws/src/ros2_laser_scan_matcher'
[2.852s] INFO:colcon.colcon_core.shell:Skip shell extension 'powershell' for command environment: Not usable outside of PowerShell
[2.852s] DEBUG:colcon.colcon_core.shell:Skip shell extension 'dsv' for command environment
[2.872s] DEBUG:colcon.colcon_core.event_handler.log_command:Invoking command in '/home/matthew/ros2_ws/build/ros2_laser_scan_matcher': AMENT_PREFIX_PATH=/home/matthew/ros2_ws/install/csm:${AMENT_PREFIX_PATH} CMAKE_PREFIX_PATH=/home/matthew/ros2_ws/install/csm:/opt/ros/iron LD_LIBRARY_PATH=/home/matthew/ros2_ws/install/csm/lib:${LD_LIBRARY_PATH} /usr/bin/cmake /home/matthew/ros2_ws/src/ros2_laser_scan_matcher -DAMENT_CMAKE_SYMLINK_INSTALL=1 -DCMAKE_INSTALL_PREFIX=/home/matthew/ros2_ws/install/ros2_laser_scan_matcher
[2.953s] DEBUG:colcon.colcon_core.task.python.build:While undoing a previous installation files outside the Python library path are being ignored: /home/matthew/ros2_ws/install/static_tf/share/ament_index/resource_index/packages/static_tf
[2.953s] DEBUG:colcon.colcon_core.task.python.build:While undoing a previous installation files outside the Python library path are being ignored: /home/matthew/ros2_ws/install/static_tf/share/static_tf/package.xml
[2.953s] DEBUG:colcon.colcon_core.task.python.build:While undoing a previous installation files outside the Python library path are being ignored: /home/matthew/ros2_ws/install/static_tf/lib/static_tf/static_tf_node
[2.957s] DEBUG:colcon.colcon_core.event_handler.log_command:Invoking command in '/home/matthew/ros2_ws/build/static_tf': PYTHONPATH=/home/matthew/ros2_ws/build/static_tf/prefix_override:/usr/lib/python3/dist-packages/colcon_core/task/python/colcon_distutils_commands:/home/matthew/ros2_ws/install/static_tf/lib/python3.10/site-packages:${PYTHONPATH} /usr/bin/python3 -W ignore:setup.py install is deprecated -W ignore:easy_install command is deprecated setup.py develop --editable --build-directory /home/matthew/ros2_ws/build/static_tf/build --no-deps symlink_data --force
[2.960s] DEBUG:colcon.colcon_core.task.python.build:While undoing a previous installation files outside the Python library path are being ignored: /home/matthew/ros2_ws/install/motorcontrol/share/ament_index/resource_index/packages/motorcontrol
[2.961s] DEBUG:colcon.colcon_core.task.python.build:While undoing a previous installation files outside the Python library path are being ignored: /home/matthew/ros2_ws/install/motorcontrol/share/motorcontrol/package.xml
[2.964s] DEBUG:colcon.colcon_core.event_handler.log_command:Invoking command in '/home/matthew/ros2_ws/build/motorcontrol': PYTHONPATH=/home/matthew/ros2_ws/build/motorcontrol/prefix_override:/usr/lib/python3/dist-packages/colcon_core/task/python/colcon_distutils_commands:/home/matthew/ros2_ws/install/motorcontrol/lib/python3.10/site-packages:${PYTHONPATH} /usr/bin/python3 -W ignore:setup.py install is deprecated -W ignore:easy_install command is deprecated setup.py develop --editable --build-directory /home/matthew/ros2_ws/build/motorcontrol/build --no-deps symlink_data --force
[3.182s] DEBUG:colcon.colcon_core.event_handler.log_command:Invoked command in '/home/matthew/ros2_ws/build/my_robot_description' returned '0': CMAKE_PREFIX_PATH=/opt/ros/iron /usr/bin/cmake /home/matthew/ros2_ws/src/my_robot_description -DAMENT_CMAKE_SYMLINK_INSTALL=1 -DCMAKE_INSTALL_PREFIX=/home/matthew/ros2_ws/install/my_robot_description
[3.183s] DEBUG:colcon.colcon_core.event_handler.log_command:Invoking command in '/home/matthew/ros2_ws/build/my_robot_description': CMAKE_PREFIX_PATH=/opt/ros/iron /usr/bin/cmake --build /home/matthew/ros2_ws/build/my_robot_description -- -j6 -l6
[3.261s] DEBUG:colcon.colcon_core.event_handler.log_command:Invoked command in '/home/matthew/ros2_ws/build/my_robot_description' returned '0': CMAKE_PREFIX_PATH=/opt/ros/iron /usr/bin/cmake --build /home/matthew/ros2_ws/build/my_robot_description -- -j6 -l6
[3.262s] DEBUG:colcon.colcon_core.event_handler.log_command:Invoking command in '/home/matthew/ros2_ws/build/my_robot_description': CMAKE_PREFIX_PATH=/opt/ros/iron /usr/bin/cmake --install /home/matthew/ros2_ws/build/my_robot_description
[3.322s] Level 1:colcon.colcon_core.environment:create_environment_scripts_only(my_robot_description)
[3.323s] Level 1:colcon.colcon_core.environment:checking '/home/matthew/ros2_ws/install/my_robot_description' for CMake module files
[3.325s] DEBUG:colcon.colcon_core.event_handler.log_command:Invoked command in '/home/matthew/ros2_ws/build/my_robot_description' returned '0': CMAKE_PREFIX_PATH=/opt/ros/iron /usr/bin/cmake --install /home/matthew/ros2_ws/build/my_robot_description
[3.325s] Level 1:colcon.colcon_core.environment:checking '/home/matthew/ros2_ws/install/my_robot_description' for CMake config files
[3.325s] Level 1:colcon.colcon_core.shell:create_environment_hook('my_robot_description', 'cmake_prefix_path')
[3.326s] INFO:colcon.colcon_core.shell:Creating environment hook '/home/matthew/ros2_ws/install/my_robot_description/share/my_robot_description/hook/cmake_prefix_path.ps1'
[3.328s] INFO:colcon.colcon_core.shell:Creating environment descriptor '/home/matthew/ros2_ws/install/my_robot_description/share/my_robot_description/hook/cmake_prefix_path.dsv'
[3.329s] INFO:colcon.colcon_core.shell:Creating environment hook '/home/matthew/ros2_ws/install/my_robot_description/share/my_robot_description/hook/cmake_prefix_path.sh'
[3.331s] Level 1:colcon.colcon_core.environment:checking '/home/matthew/ros2_ws/install/my_robot_description/bin'
[3.331s] Level 1:colcon.colcon_core.environment:checking '/home/matthew/ros2_ws/install/my_robot_description/lib/pkgconfig/my_robot_description.pc'
[3.332s] Level 1:colcon.colcon_core.environment:checking '/home/matthew/ros2_ws/install/my_robot_description/lib/python3.10/site-packages'
[3.332s] Level 1:colcon.colcon_core.environment:checking '/home/matthew/ros2_ws/install/my_robot_description/bin'
[3.333s] INFO:colcon.colcon_core.shell:Creating package script '/home/matthew/ros2_ws/install/my_robot_description/share/my_robot_description/package.ps1'
[3.334s] INFO:colcon.colcon_core.shell:Creating package descriptor '/home/matthew/ros2_ws/install/my_robot_description/share/my_robot_description/package.dsv'
[3.335s] INFO:colcon.colcon_core.shell:Creating package script '/home/matthew/ros2_ws/install/my_robot_description/share/my_robot_description/package.sh'
[3.336s] INFO:colcon.colcon_core.shell:Creating package script '/home/matthew/ros2_ws/install/my_robot_description/share/my_robot_description/package.bash'
[3.337s] INFO:colcon.colcon_core.shell:Creating package script '/home/matthew/ros2_ws/install/my_robot_description/share/my_robot_description/package.zsh'
[3.338s] Level 1:colcon.colcon_core.environment:create_file_with_runtime_dependencies(/home/matthew/ros2_ws/install/my_robot_description/share/colcon-core/packages/my_robot_description)
[3.339s] Level 1:colcon.colcon_core.environment:create_environment_scripts_only(my_robot_description)
[3.340s] Level 1:colcon.colcon_core.environment:checking '/home/matthew/ros2_ws/install/my_robot_description' for CMake module files
[3.342s] Level 1:colcon.colcon_core.environment:checking '/home/matthew/ros2_ws/install/my_robot_description' for CMake config files
[3.342s] Level 1:colcon.colcon_core.shell:create_environment_hook('my_robot_description', 'cmake_prefix_path')
[3.343s] INFO:colcon.colcon_core.shell:Creating environment hook '/home/matthew/ros2_ws/install/my_robot_description/share/my_robot_description/hook/cmake_prefix_path.ps1'
[3.344s] INFO:colcon.colcon_core.shell:Creating environment descriptor '/home/matthew/ros2_ws/install/my_robot_description/share/my_robot_description/hook/cmake_prefix_path.dsv'
[3.345s] INFO:colcon.colcon_core.shell:Creating environment hook '/home/matthew/ros2_ws/install/my_robot_description/share/my_robot_description/hook/cmake_prefix_path.sh'
[3.346s] Level 1:colcon.colcon_core.environment:checking '/home/matthew/ros2_ws/install/my_robot_description/bin'
[3.347s] Level 1:colcon.colcon_core.environment:checking '/home/matthew/ros2_ws/install/my_robot_description/lib/pkgconfig/my_robot_description.pc'
[3.347s] Level 1:colcon.colcon_core.environment:checking '/home/matthew/ros2_ws/install/my_robot_description/lib/python3.10/site-packages'
[3.348s] Level 1:colcon.colcon_core.environment:checking '/home/matthew/ros2_ws/install/my_robot_description/bin'
[3.348s] INFO:colcon.colcon_core.shell:Creating package script '/home/matthew/ros2_ws/install/my_robot_description/share/my_robot_description/package.ps1'
[3.350s] INFO:colcon.colcon_core.shell:Creating package descriptor '/home/matthew/ros2_ws/install/my_robot_description/share/my_robot_description/package.dsv'
[3.351s] INFO:colcon.colcon_core.shell:Creating package script '/home/matthew/ros2_ws/install/my_robot_description/share/my_robot_description/package.sh'
[3.352s] INFO:colcon.colcon_core.shell:Creating package script '/home/matthew/ros2_ws/install/my_robot_description/share/my_robot_description/package.bash'
[3.353s] INFO:colcon.colcon_core.shell:Creating package script '/home/matthew/ros2_ws/install/my_robot_description/share/my_robot_description/package.zsh'
[3.354s] Level 1:colcon.colcon_core.environment:create_file_with_runtime_dependencies(/home/matthew/ros2_ws/install/my_robot_description/share/colcon-core/packages/my_robot_description)
[3.361s] DEBUG:colcon.colcon_core.event_handler.log_command:Invoked command in '/home/matthew/ros2_ws/build/status_display_msgs' returned '0': CMAKE_PREFIX_PATH=/opt/ros/iron /usr/bin/cmake /home/matthew/ros2_ws/src/status_display_msgs -DAMENT_CMAKE_SYMLINK_INSTALL=1 -DCMAKE_INSTALL_PREFIX=/home/matthew/ros2_ws/install/status_display_msgs
[3.364s] DEBUG:colcon.colcon_core.event_handler.log_command:Invoking command in '/home/matthew/ros2_ws/build/status_display_msgs': CMAKE_PREFIX_PATH=/opt/ros/iron /usr/bin/cmake --build /home/matthew/ros2_ws/build/status_display_msgs -- -j6 -l6
[4.054s] Level 1:colcon.colcon_core.shell:create_environment_hook('motorcontrol', 'pythonpath_develop')
[4.055s] INFO:colcon.colcon_core.shell:Creating environment hook '/home/matthew/ros2_ws/build/motorcontrol/share/motorcontrol/hook/pythonpath_develop.ps1'
[4.057s] DEBUG:colcon.colcon_core.event_handler.log_command:Invoked command in '/home/matthew/ros2_ws/build/motorcontrol' returned '0': PYTHONPATH=/home/matthew/ros2_ws/build/motorcontrol/prefix_override:/usr/lib/python3/dist-packages/colcon_core/task/python/colcon_distutils_commands:/home/matthew/ros2_ws/install/motorcontrol/lib/python3.10/site-packages:${PYTHONPATH} /usr/bin/python3 -W ignore:setup.py install is deprecated -W ignore:easy_install command is deprecated setup.py develop --editable --build-directory /home/matthew/ros2_ws/build/motorcontrol/build --no-deps symlink_data --force
[4.058s] INFO:colcon.colcon_core.shell:Creating environment descriptor '/home/matthew/ros2_ws/build/motorcontrol/share/motorcontrol/hook/pythonpath_develop.dsv'
[4.059s] INFO:colcon.colcon_core.shell:Creating environment hook '/home/matthew/ros2_ws/build/motorcontrol/share/motorcontrol/hook/pythonpath_develop.sh'
[4.061s] Level 1:colcon.colcon_core.environment:checking '/home/matthew/ros2_ws/install/motorcontrol' for CMake module files
[4.062s] Level 1:colcon.colcon_core.environment:checking '/home/matthew/ros2_ws/install/motorcontrol' for CMake config files
[4.063s] Level 1:colcon.colcon_core.environment:checking '/home/matthew/ros2_ws/install/motorcontrol/lib'
[4.063s] Level 1:colcon.colcon_core.environment:checking '/home/matthew/ros2_ws/install/motorcontrol/bin'
[4.064s] Level 1:colcon.colcon_core.environment:checking '/home/matthew/ros2_ws/install/motorcontrol/lib/pkgconfig/motorcontrol.pc'
[4.064s] Level 1:colcon.colcon_core.environment:checking '/home/matthew/ros2_ws/install/motorcontrol/lib/python3.10/site-packages'
[4.064s] Level 1:colcon.colcon_core.shell:create_environment_hook('motorcontrol', 'pythonpath')
[4.065s] INFO:colcon.colcon_core.shell:Creating environment hook '/home/matthew/ros2_ws/install/motorcontrol/share/motorcontrol/hook/pythonpath.ps1'
[4.066s] INFO:colcon.colcon_core.shell:Creating environment descriptor '/home/matthew/ros2_ws/install/motorcontrol/share/motorcontrol/hook/pythonpath.dsv'
[4.067s] INFO:colcon.colcon_core.shell:Creating environment hook '/home/matthew/ros2_ws/install/motorcontrol/share/motorcontrol/hook/pythonpath.sh'
[4.069s] Level 1:colcon.colcon_core.environment:checking '/home/matthew/ros2_ws/install/motorcontrol/bin'
[4.069s] Level 1:colcon.colcon_core.environment:create_environment_scripts_only(motorcontrol)
[4.070s] INFO:colcon.colcon_core.shell:Creating package script '/home/matthew/ros2_ws/install/motorcontrol/share/motorcontrol/package.ps1'
[4.072s] INFO:colcon.colcon_core.shell:Creating package descriptor '/home/matthew/ros2_ws/install/motorcontrol/share/motorcontrol/package.dsv'
[4.073s] INFO:colcon.colcon_core.shell:Creating package script '/home/matthew/ros2_ws/install/motorcontrol/share/motorcontrol/package.sh'
[4.074s] INFO:colcon.colcon_core.shell:Creating package script '/home/matthew/ros2_ws/install/motorcontrol/share/motorcontrol/package.bash'
[4.075s] INFO:colcon.colcon_core.shell:Creating package script '/home/matthew/ros2_ws/install/motorcontrol/share/motorcontrol/package.zsh'
[4.075s] Level 1:colcon.colcon_core.environment:create_file_with_runtime_dependencies(/home/matthew/ros2_ws/install/motorcontrol/share/colcon-core/packages/motorcontrol)
[4.078s] Level 1:colcon.colcon_core.shell:create_environment_hook('static_tf', 'pythonpath_develop')
[4.078s] INFO:colcon.colcon_core.shell:Creating environment hook '/home/matthew/ros2_ws/build/static_tf/share/static_tf/hook/pythonpath_develop.ps1'
[4.080s] DEBUG:colcon.colcon_core.event_handler.log_command:Invoked command in '/home/matthew/ros2_ws/build/static_tf' returned '0': PYTHONPATH=/home/matthew/ros2_ws/build/static_tf/prefix_override:/usr/lib/python3/dist-packages/colcon_core/task/python/colcon_distutils_commands:/home/matthew/ros2_ws/install/static_tf/lib/python3.10/site-packages:${PYTHONPATH} /usr/bin/python3 -W ignore:setup.py install is deprecated -W ignore:easy_install command is deprecated setup.py develop --editable --build-directory /home/matthew/ros2_ws/build/static_tf/build --no-deps symlink_data --force
[4.080s] INFO:colcon.colcon_core.shell:Creating environment descriptor '/home/matthew/ros2_ws/build/static_tf/share/static_tf/hook/pythonpath_develop.dsv'
[4.082s] INFO:colcon.colcon_core.shell:Creating environment hook '/home/matthew/ros2_ws/build/static_tf/share/static_tf/hook/pythonpath_develop.sh'
[4.083s] Level 1:colcon.colcon_core.environment:checking '/home/matthew/ros2_ws/install/static_tf' for CMake module files
[4.084s] Level 1:colcon.colcon_core.environment:checking '/home/matthew/ros2_ws/install/static_tf' for CMake config files
[4.086s] Level 1:colcon.colcon_core.environment:checking '/home/matthew/ros2_ws/install/static_tf/lib'
[4.086s] Level 1:colcon.colcon_core.environment:checking '/home/matthew/ros2_ws/install/static_tf/bin'
[4.087s] Level 1:colcon.colcon_core.environment:checking '/home/matthew/ros2_ws/install/static_tf/lib/pkgconfig/static_tf.pc'
[4.087s] Level 1:colcon.colcon_core.environment:checking '/home/matthew/ros2_ws/install/static_tf/lib/python3.10/site-packages'
[4.087s] Level 1:colcon.colcon_core.shell:create_environment_hook('static_tf', 'pythonpath')
[4.088s] INFO:colcon.colcon_core.shell:Creating environment hook '/home/matthew/ros2_ws/install/static_tf/share/static_tf/hook/pythonpath.ps1'
[4.089s] INFO:colcon.colcon_core.shell:Creating environment descriptor '/home/matthew/ros2_ws/install/static_tf/share/static_tf/hook/pythonpath.dsv'
[4.091s] INFO:colcon.colcon_core.shell:Creating environment hook '/home/matthew/ros2_ws/install/static_tf/share/static_tf/hook/pythonpath.sh'
[4.092s] Level 1:colcon.colcon_core.environment:checking '/home/matthew/ros2_ws/install/static_tf/bin'
[4.093s] Level 1:colcon.colcon_core.environment:create_environment_scripts_only(static_tf)
[4.094s] INFO:colcon.colcon_core.shell:Creating package script '/home/matthew/ros2_ws/install/static_tf/share/static_tf/package.ps1'
[4.096s] INFO:colcon.colcon_core.shell:Creating package descriptor '/home/matthew/ros2_ws/install/static_tf/share/static_tf/package.dsv'
[4.098s] INFO:colcon.colcon_core.shell:Creating package script '/home/matthew/ros2_ws/install/static_tf/share/static_tf/package.sh'
[4.099s] INFO:colcon.colcon_core.shell:Creating package script '/home/matthew/ros2_ws/install/static_tf/share/static_tf/package.bash'
[4.101s] INFO:colcon.colcon_core.shell:Creating package script '/home/matthew/ros2_ws/install/static_tf/share/static_tf/package.zsh'
[4.102s] Level 1:colcon.colcon_core.environment:create_file_with_runtime_dependencies(/home/matthew/ros2_ws/install/static_tf/share/colcon-core/packages/static_tf)
[4.197s] DEBUG:colcon.colcon_core.event_handler.log_command:Invoked command in '/home/matthew/ros2_ws/build/status_display_msgs' returned '0': CMAKE_PREFIX_PATH=/opt/ros/iron /usr/bin/cmake --build /home/matthew/ros2_ws/build/status_display_msgs -- -j6 -l6
[4.201s] DEBUG:colcon.colcon_core.event_handler.log_command:Invoking command in '/home/matthew/ros2_ws/build/status_display_msgs': CMAKE_PREFIX_PATH=/opt/ros/iron /usr/bin/cmake --install /home/matthew/ros2_ws/build/status_display_msgs
[4.357s] Level 1:colcon.colcon_core.environment:create_environment_scripts_only(status_display_msgs)
[4.359s] Level 1:colcon.colcon_core.environment:checking '/home/matthew/ros2_ws/install/status_display_msgs' for CMake module files
[4.360s] DEBUG:colcon.colcon_core.event_handler.log_command:Invoked command in '/home/matthew/ros2_ws/build/status_display_msgs' returned '0': CMAKE_PREFIX_PATH=/opt/ros/iron /usr/bin/cmake --install /home/matthew/ros2_ws/build/status_display_msgs
[4.362s] Level 1:colcon.colcon_core.environment:checking '/home/matthew/ros2_ws/install/status_display_msgs' for CMake config files
[4.364s] Level 1:colcon.colcon_core.shell:create_environment_hook('status_display_msgs', 'cmake_prefix_path')
[4.365s] INFO:colcon.colcon_core.shell:Creating environment hook '/home/matthew/ros2_ws/install/status_display_msgs/share/status_display_msgs/hook/cmake_prefix_path.ps1'
[4.367s] INFO:colcon.colcon_core.shell:Creating environment descriptor '/home/matthew/ros2_ws/install/status_display_msgs/share/status_display_msgs/hook/cmake_prefix_path.dsv'
[4.368s] INFO:colcon.colcon_core.shell:Creating environment hook '/home/matthew/ros2_ws/install/status_display_msgs/share/status_display_msgs/hook/cmake_prefix_path.sh'
[4.371s] Level 1:colcon.colcon_core.environment:checking '/home/matthew/ros2_ws/install/status_display_msgs/lib'
[4.371s] Level 1:colcon.colcon_core.shell:create_environment_hook('status_display_msgs', 'ld_library_path_lib')
[4.372s] INFO:colcon.colcon_core.shell:Creating environment hook '/home/matthew/ros2_ws/install/status_display_msgs/share/status_display_msgs/hook/ld_library_path_lib.ps1'
[4.374s] INFO:colcon.colcon_core.shell:Creating environment descriptor '/home/matthew/ros2_ws/install/status_display_msgs/share/status_display_msgs/hook/ld_library_path_lib.dsv'
[4.375s] INFO:colcon.colcon_core.shell:Creating environment hook '/home/matthew/ros2_ws/install/status_display_msgs/share/status_display_msgs/hook/ld_library_path_lib.sh'
[4.377s] Level 1:colcon.colcon_core.environment:checking '/home/matthew/ros2_ws/install/status_display_msgs/bin'
[4.377s] Level 1:colcon.colcon_core.environment:checking '/home/matthew/ros2_ws/install/status_display_msgs/lib/pkgconfig/status_display_msgs.pc'
[4.378s] Level 1:colcon.colcon_core.environment:checking '/home/matthew/ros2_ws/install/status_display_msgs/lib/python3.10/site-packages'
[4.378s] Level 1:colcon.colcon_core.shell:create_environment_hook('status_display_msgs', 'pythonpath')
[4.379s] INFO:colcon.colcon_core.shell:Creating environment hook '/home/matthew/ros2_ws/install/status_display_msgs/share/status_display_msgs/hook/pythonpath.ps1'
[4.380s] INFO:colcon.colcon_core.shell:Creating environment descriptor '/home/matthew/ros2_ws/install/status_display_msgs/share/status_display_msgs/hook/pythonpath.dsv'
[4.382s] INFO:colcon.colcon_core.shell:Creating environment hook '/home/matthew/ros2_ws/install/status_display_msgs/share/status_display_msgs/hook/pythonpath.sh'
[4.384s] Level 1:colcon.colcon_core.environment:checking '/home/matthew/ros2_ws/install/status_display_msgs/bin'
[4.386s] INFO:colcon.colcon_core.shell:Creating package script '/home/matthew/ros2_ws/install/status_display_msgs/share/status_display_msgs/package.ps1'
[4.388s] INFO:colcon.colcon_core.shell:Creating package descriptor '/home/matthew/ros2_ws/install/status_display_msgs/share/status_display_msgs/package.dsv'
[4.391s] INFO:colcon.colcon_core.shell:Creating package script '/home/matthew/ros2_ws/install/status_display_msgs/share/status_display_msgs/package.sh'
[4.393s] INFO:colcon.colcon_core.shell:Creating package script '/home/matthew/ros2_ws/install/status_display_msgs/share/status_display_msgs/package.bash'
[4.394s] INFO:colcon.colcon_core.shell:Creating package script '/home/matthew/ros2_ws/install/status_display_msgs/share/status_display_msgs/package.zsh'
[4.396s] Level 1:colcon.colcon_core.environment:create_file_with_runtime_dependencies(/home/matthew/ros2_ws/install/status_display_msgs/share/colcon-core/packages/status_display_msgs)
[4.398s] Level 1:colcon.colcon_core.environment:create_environment_scripts_only(status_display_msgs)
[4.399s] Level 1:colcon.colcon_core.environment:checking '/home/matthew/ros2_ws/install/status_display_msgs' for CMake module files
[4.402s] Level 1:colcon.colcon_core.environment:checking '/home/matthew/ros2_ws/install/status_display_msgs' for CMake config files
[4.403s] Level 1:colcon.colcon_core.shell:create_environment_hook('status_display_msgs', 'cmake_prefix_path')
[4.404s] INFO:colcon.colcon_core.shell:Creating environment hook '/home/matthew/ros2_ws/install/status_display_msgs/share/status_display_msgs/hook/cmake_prefix_path.ps1'
[4.406s] INFO:colcon.colcon_core.shell:Creating environment descriptor '/home/matthew/ros2_ws/install/status_display_msgs/share/status_display_msgs/hook/cmake_prefix_path.dsv'
[4.407s] INFO:colcon.colcon_core.shell:Creating environment hook '/home/matthew/ros2_ws/install/status_display_msgs/share/status_display_msgs/hook/cmake_prefix_path.sh'
[4.410s] Level 1:colcon.colcon_core.environment:checking '/home/matthew/ros2_ws/install/status_display_msgs/lib'
[4.410s] Level 1:colcon.colcon_core.shell:create_environment_hook('status_display_msgs', 'ld_library_path_lib')
[4.411s] INFO:colcon.colcon_core.shell:Creating environment hook '/home/matthew/ros2_ws/install/status_display_msgs/share/status_display_msgs/hook/ld_library_path_lib.ps1'
[4.413s] INFO:colcon.colcon_core.shell:Creating environment descriptor '/home/matthew/ros2_ws/install/status_display_msgs/share/status_display_msgs/hook/ld_library_path_lib.dsv'
[4.415s] INFO:colcon.colcon_core.shell:Creating environment hook '/home/matthew/ros2_ws/install/status_display_msgs/share/status_display_msgs/hook/ld_library_path_lib.sh'
[4.417s] Level 1:colcon.colcon_core.environment:checking '/home/matthew/ros2_ws/install/status_display_msgs/bin'
[4.417s] Level 1:colcon.colcon_core.environment:checking '/home/matthew/ros2_ws/install/status_display_msgs/lib/pkgconfig/status_display_msgs.pc'
[4.418s] Level 1:colcon.colcon_core.environment:checking '/home/matthew/ros2_ws/install/status_display_msgs/lib/python3.10/site-packages'
[4.418s] Level 1:colcon.colcon_core.shell:create_environment_hook('status_display_msgs', 'pythonpath')
[4.419s] INFO:colcon.colcon_core.shell:Creating environment hook '/home/matthew/ros2_ws/install/status_display_msgs/share/status_display_msgs/hook/pythonpath.ps1'
[4.420s] INFO:colcon.colcon_core.shell:Creating environment descriptor '/home/matthew/ros2_ws/install/status_display_msgs/share/status_display_msgs/hook/pythonpath.dsv'
[4.421s] INFO:colcon.colcon_core.shell:Creating environment hook '/home/matthew/ros2_ws/install/status_display_msgs/share/status_display_msgs/hook/pythonpath.sh'
[4.423s] Level 1:colcon.colcon_core.environment:checking '/home/matthew/ros2_ws/install/status_display_msgs/bin'
[4.424s] INFO:colcon.colcon_core.shell:Creating package script '/home/matthew/ros2_ws/install/status_display_msgs/share/status_display_msgs/package.ps1'
[4.426s] INFO:colcon.colcon_core.shell:Creating package descriptor '/home/matthew/ros2_ws/install/status_display_msgs/share/status_display_msgs/package.dsv'
[4.428s] INFO:colcon.colcon_core.shell:Creating package script '/home/matthew/ros2_ws/install/status_display_msgs/share/status_display_msgs/package.sh'
[4.430s] INFO:colcon.colcon_core.shell:Creating package script '/home/matthew/ros2_ws/install/status_display_msgs/share/status_display_msgs/package.bash'
[4.431s] INFO:colcon.colcon_core.shell:Creating package script '/home/matthew/ros2_ws/install/status_display_msgs/share/status_display_msgs/package.zsh'
[4.432s] Level 1:colcon.colcon_core.environment:create_file_with_runtime_dependencies(/home/matthew/ros2_ws/install/status_display_msgs/share/colcon-core/packages/status_display_msgs)
[4.433s] INFO:colcon.colcon_ros.task.ament_python.build:Building ROS package in '/home/matthew/ros2_ws/src/status_display' with build type 'ament_python'
[4.434s] Level 1:colcon.colcon_core.shell:create_environment_hook('status_display', 'ament_prefix_path')
[4.435s] INFO:colcon.colcon_core.shell:Creating environment hook '/home/matthew/ros2_ws/install/status_display/share/status_display/hook/ament_prefix_path.ps1'
[4.437s] INFO:colcon.colcon_core.shell:Creating environment descriptor '/home/matthew/ros2_ws/install/status_display/share/status_display/hook/ament_prefix_path.dsv'
[4.439s] INFO:colcon.colcon_core.shell:Creating environment hook '/home/matthew/ros2_ws/install/status_display/share/status_display/hook/ament_prefix_path.sh'
[4.441s] INFO:colcon.colcon_core.shell:Skip shell extension 'powershell' for command environment: Not usable outside of PowerShell
[4.441s] DEBUG:colcon.colcon_core.shell:Skip shell extension 'dsv' for command environment
[5.080s] INFO:colcon.colcon_core.task.python.build:Building Python package in '/home/matthew/ros2_ws/src/status_display'
[5.081s] INFO:colcon.colcon_core.shell:Skip shell extension 'powershell' for command environment: Not usable outside of PowerShell
[5.081s] DEBUG:colcon.colcon_core.shell:Skip shell extension 'dsv' for command environment
[5.811s] DEBUG:colcon.colcon_core.task.python.build:While undoing a previous installation files outside the Python library path are being ignored: /home/matthew/ros2_ws/install/status_display/share/ament_index/resource_index/packages/status_display
[5.811s] DEBUG:colcon.colcon_core.task.python.build:While undoing a previous installation files outside the Python library path are being ignored: /home/matthew/ros2_ws/install/status_display/share/status_display/package.xml
[5.811s] DEBUG:colcon.colcon_core.task.python.build:While undoing a previous installation files outside the Python library path are being ignored: /home/matthew/ros2_ws/install/status_display/lib/status_display/status_display
[5.816s] DEBUG:colcon.colcon_core.event_handler.log_command:Invoking command in '/home/matthew/ros2_ws/build/status_display': AMENT_PREFIX_PATH=/home/matthew/ros2_ws/install/status_display_msgs:${AMENT_PREFIX_PATH} CMAKE_PREFIX_PATH=/home/matthew/ros2_ws/install/status_display_msgs LD_LIBRARY_PATH=/home/matthew/ros2_ws/install/status_display_msgs/lib:${LD_LIBRARY_PATH} PYTHONPATH=/home/matthew/ros2_ws/build/status_display/prefix_override:/usr/lib/python3/dist-packages/colcon_core/task/python/colcon_distutils_commands:/home/matthew/ros2_ws/install/status_display/lib/python3.10/site-packages:/home/matthew/ros2_ws/install/status_display_msgs/lib/python3.10/site-packages:${PYTHONPATH} /usr/bin/python3 -W ignore:setup.py install is deprecated -W ignore:easy_install command is deprecated setup.py develop --editable --build-directory /home/matthew/ros2_ws/build/status_display/build --no-deps symlink_data --force
[5.921s] DEBUG:colcon.colcon_core.event_handler.log_command:Invoked command in '/home/matthew/ros2_ws/build/ros2_laser_scan_matcher' returned '0': AMENT_PREFIX_PATH=/home/matthew/ros2_ws/install/csm:${AMENT_PREFIX_PATH} CMAKE_PREFIX_PATH=/home/matthew/ros2_ws/install/csm:/opt/ros/iron LD_LIBRARY_PATH=/home/matthew/ros2_ws/install/csm/lib:${LD_LIBRARY_PATH} /usr/bin/cmake /home/matthew/ros2_ws/src/ros2_laser_scan_matcher -DAMENT_CMAKE_SYMLINK_INSTALL=1 -DCMAKE_INSTALL_PREFIX=/home/matthew/ros2_ws/install/ros2_laser_scan_matcher
[5.924s] DEBUG:colcon.colcon_core.event_handler.log_command:Invoking command in '/home/matthew/ros2_ws/build/ros2_laser_scan_matcher': AMENT_PREFIX_PATH=/home/matthew/ros2_ws/install/csm:${AMENT_PREFIX_PATH} CMAKE_PREFIX_PATH=/home/matthew/ros2_ws/install/csm:/opt/ros/iron LD_LIBRARY_PATH=/home/matthew/ros2_ws/install/csm/lib:${LD_LIBRARY_PATH} /usr/bin/cmake --build /home/matthew/ros2_ws/build/ros2_laser_scan_matcher -- -j6 -l6
[6.079s] DEBUG:colcon.colcon_core.event_handler.log_command:Invoked command in '/home/matthew/ros2_ws/build/ros2_laser_scan_matcher' returned '0': AMENT_PREFIX_PATH=/home/matthew/ros2_ws/install/csm:${AMENT_PREFIX_PATH} CMAKE_PREFIX_PATH=/home/matthew/ros2_ws/install/csm:/opt/ros/iron LD_LIBRARY_PATH=/home/matthew/ros2_ws/install/csm/lib:${LD_LIBRARY_PATH} /usr/bin/cmake --build /home/matthew/ros2_ws/build/ros2_laser_scan_matcher -- -j6 -l6
[6.082s] DEBUG:colcon.colcon_core.event_handler.log_command:Invoking command in '/home/matthew/ros2_ws/build/ros2_laser_scan_matcher': AMENT_PREFIX_PATH=/home/matthew/ros2_ws/install/csm:${AMENT_PREFIX_PATH} CMAKE_PREFIX_PATH=/home/matthew/ros2_ws/install/csm:/opt/ros/iron LD_LIBRARY_PATH=/home/matthew/ros2_ws/install/csm/lib:${LD_LIBRARY_PATH} /usr/bin/cmake --install /home/matthew/ros2_ws/build/ros2_laser_scan_matcher
[6.124s] Level 1:colcon.colcon_core.environment:create_environment_scripts_only(ros2_laser_scan_matcher)
[6.125s] Level 1:colcon.colcon_core.environment:checking '/home/matthew/ros2_ws/install/ros2_laser_scan_matcher' for CMake module files
[6.126s] DEBUG:colcon.colcon_core.event_handler.log_command:Invoked command in '/home/matthew/ros2_ws/build/ros2_laser_scan_matcher' returned '0': AMENT_PREFIX_PATH=/home/matthew/ros2_ws/install/csm:${AMENT_PREFIX_PATH} CMAKE_PREFIX_PATH=/home/matthew/ros2_ws/install/csm:/opt/ros/iron LD_LIBRARY_PATH=/home/matthew/ros2_ws/install/csm/lib:${LD_LIBRARY_PATH} /usr/bin/cmake --install /home/matthew/ros2_ws/build/ros2_laser_scan_matcher
[6.127s] Level 1:colcon.colcon_core.environment:checking '/home/matthew/ros2_ws/install/ros2_laser_scan_matcher' for CMake config files
[6.127s] Level 1:colcon.colcon_core.shell:create_environment_hook('ros2_laser_scan_matcher', 'cmake_prefix_path')
[6.127s] INFO:colcon.colcon_core.shell:Creating environment hook '/home/matthew/ros2_ws/install/ros2_laser_scan_matcher/share/ros2_laser_scan_matcher/hook/cmake_prefix_path.ps1'
[6.129s] INFO:colcon.colcon_core.shell:Creating environment descriptor '/home/matthew/ros2_ws/install/ros2_laser_scan_matcher/share/ros2_laser_scan_matcher/hook/cmake_prefix_path.dsv'
[6.130s] INFO:colcon.colcon_core.shell:Creating environment hook '/home/matthew/ros2_ws/install/ros2_laser_scan_matcher/share/ros2_laser_scan_matcher/hook/cmake_prefix_path.sh'
[6.131s] Level 1:colcon.colcon_core.environment:checking '/home/matthew/ros2_ws/install/ros2_laser_scan_matcher/lib'
[6.131s] Level 1:colcon.colcon_core.environment:checking '/home/matthew/ros2_ws/install/ros2_laser_scan_matcher/bin'
[6.131s] Level 1:colcon.colcon_core.environment:checking '/home/matthew/ros2_ws/install/ros2_laser_scan_matcher/lib/pkgconfig/ros2_laser_scan_matcher.pc'
[6.132s] Level 1:colcon.colcon_core.environment:checking '/home/matthew/ros2_ws/install/ros2_laser_scan_matcher/lib/python3.10/site-packages'
[6.132s] Level 1:colcon.colcon_core.environment:checking '/home/matthew/ros2_ws/install/ros2_laser_scan_matcher/bin'
[6.133s] INFO:colcon.colcon_core.shell:Creating package script '/home/matthew/ros2_ws/install/ros2_laser_scan_matcher/share/ros2_laser_scan_matcher/package.ps1'
[6.134s] INFO:colcon.colcon_core.shell:Creating package descriptor '/home/matthew/ros2_ws/install/ros2_laser_scan_matcher/share/ros2_laser_scan_matcher/package.dsv'
[6.135s] INFO:colcon.colcon_core.shell:Creating package script '/home/matthew/ros2_ws/install/ros2_laser_scan_matcher/share/ros2_laser_scan_matcher/package.sh'
[6.136s] INFO:colcon.colcon_core.shell:Creating package script '/home/matthew/ros2_ws/install/ros2_laser_scan_matcher/share/ros2_laser_scan_matcher/package.bash'
[6.137s] INFO:colcon.colcon_core.shell:Creating package script '/home/matthew/ros2_ws/install/ros2_laser_scan_matcher/share/ros2_laser_scan_matcher/package.zsh'
[6.137s] Level 1:colcon.colcon_core.environment:create_file_with_runtime_dependencies(/home/matthew/ros2_ws/install/ros2_laser_scan_matcher/share/colcon-core/packages/ros2_laser_scan_matcher)
[6.139s] Level 1:colcon.colcon_core.environment:create_environment_scripts_only(ros2_laser_scan_matcher)
[6.139s] Level 1:colcon.colcon_core.environment:checking '/home/matthew/ros2_ws/install/ros2_laser_scan_matcher' for CMake module files
[6.140s] Level 1:colcon.colcon_core.environment:checking '/home/matthew/ros2_ws/install/ros2_laser_scan_matcher' for CMake config files
[6.140s] Level 1:colcon.colcon_core.shell:create_environment_hook('ros2_laser_scan_matcher', 'cmake_prefix_path')
[6.141s] INFO:colcon.colcon_core.shell:Creating environment hook '/home/matthew/ros2_ws/install/ros2_laser_scan_matcher/share/ros2_laser_scan_matcher/hook/cmake_prefix_path.ps1'
[6.142s] INFO:colcon.colcon_core.shell:Creating environment descriptor '/home/matthew/ros2_ws/install/ros2_laser_scan_matcher/share/ros2_laser_scan_matcher/hook/cmake_prefix_path.dsv'
[6.142s] INFO:colcon.colcon_core.shell:Creating environment hook '/home/matthew/ros2_ws/install/ros2_laser_scan_matcher/share/ros2_laser_scan_matcher/hook/cmake_prefix_path.sh'
[6.144s] Level 1:colcon.colcon_core.environment:checking '/home/matthew/ros2_ws/install/ros2_laser_scan_matcher/lib'
[6.144s] Level 1:colcon.colcon_core.environment:checking '/home/matthew/ros2_ws/install/ros2_laser_scan_matcher/bin'
[6.144s] Level 1:colcon.colcon_core.environment:checking '/home/matthew/ros2_ws/install/ros2_laser_scan_matcher/lib/pkgconfig/ros2_laser_scan_matcher.pc'
[6.144s] Level 1:colcon.colcon_core.environment:checking '/home/matthew/ros2_ws/install/ros2_laser_scan_matcher/lib/python3.10/site-packages'
[6.145s] Level 1:colcon.colcon_core.environment:checking '/home/matthew/ros2_ws/install/ros2_laser_scan_matcher/bin'
[6.145s] INFO:colcon.colcon_core.shell:Creating package script '/home/matthew/ros2_ws/install/ros2_laser_scan_matcher/share/ros2_laser_scan_matcher/package.ps1'
[6.146s] INFO:colcon.colcon_core.shell:Creating package descriptor '/home/matthew/ros2_ws/install/ros2_laser_scan_matcher/share/ros2_laser_scan_matcher/package.dsv'
[6.147s] INFO:colcon.colcon_core.shell:Creating package script '/home/matthew/ros2_ws/install/ros2_laser_scan_matcher/share/ros2_laser_scan_matcher/package.sh'
[6.148s] INFO:colcon.colcon_core.shell:Creating package script '/home/matthew/ros2_ws/install/ros2_laser_scan_matcher/share/ros2_laser_scan_matcher/package.bash'
[6.149s] INFO:colcon.colcon_core.shell:Creating package script '/home/matthew/ros2_ws/install/ros2_laser_scan_matcher/share/ros2_laser_scan_matcher/package.zsh'
[6.150s] Level 1:colcon.colcon_core.environment:create_file_with_runtime_dependencies(/home/matthew/ros2_ws/install/ros2_laser_scan_matcher/share/colcon-core/packages/ros2_laser_scan_matcher)
[6.807s] Level 1:colcon.colcon_core.shell:create_environment_hook('status_display', 'pythonpath_develop')
[6.808s] INFO:colcon.colcon_core.shell:Creating environment hook '/home/matthew/ros2_ws/build/status_display/share/status_display/hook/pythonpath_develop.ps1'
[6.809s] DEBUG:colcon.colcon_core.event_handler.log_command:Invoked command in '/home/matthew/ros2_ws/build/status_display' returned '0': AMENT_PREFIX_PATH=/home/matthew/ros2_ws/install/status_display_msgs:${AMENT_PREFIX_PATH} CMAKE_PREFIX_PATH=/home/matthew/ros2_ws/install/status_display_msgs LD_LIBRARY_PATH=/home/matthew/ros2_ws/install/status_display_msgs/lib:${LD_LIBRARY_PATH} PYTHONPATH=/home/matthew/ros2_ws/build/status_display/prefix_override:/usr/lib/python3/dist-packages/colcon_core/task/python/colcon_distutils_commands:/home/matthew/ros2_ws/install/status_display/lib/python3.10/site-packages:/home/matthew/ros2_ws/install/status_display_msgs/lib/python3.10/site-packages:${PYTHONPATH} /usr/bin/python3 -W ignore:setup.py install is deprecated -W ignore:easy_install command is deprecated setup.py develop --editable --build-directory /home/matthew/ros2_ws/build/status_display/build --no-deps symlink_data --force
[6.811s] INFO:colcon.colcon_core.shell:Creating environment descriptor '/home/matthew/ros2_ws/build/status_display/share/status_display/hook/pythonpath_develop.dsv'
[6.812s] INFO:colcon.colcon_core.shell:Creating environment hook '/home/matthew/ros2_ws/build/status_display/share/status_display/hook/pythonpath_develop.sh'
[6.815s] Level 1:colcon.colcon_core.environment:checking '/home/matthew/ros2_ws/install/status_display' for CMake module files
[6.817s] Level 1:colcon.colcon_core.environment:checking '/home/matthew/ros2_ws/install/status_display' for CMake config files
[6.819s] Level 1:colcon.colcon_core.environment:checking '/home/matthew/ros2_ws/install/status_display/lib'
[6.819s] Level 1:colcon.colcon_core.environment:checking '/home/matthew/ros2_ws/install/status_display/bin'
[6.819s] Level 1:colcon.colcon_core.environment:checking '/home/matthew/ros2_ws/install/status_display/lib/pkgconfig/status_display.pc'
[6.820s] Level 1:colcon.colcon_core.environment:checking '/home/matthew/ros2_ws/install/status_display/lib/python3.10/site-packages'
[6.820s] Level 1:colcon.colcon_core.shell:create_environment_hook('status_display', 'pythonpath')
[6.821s] INFO:colcon.colcon_core.shell:Creating environment hook '/home/matthew/ros2_ws/install/status_display/share/status_display/hook/pythonpath.ps1'
[6.823s] INFO:colcon.colcon_core.shell:Creating environment descriptor '/home/matthew/ros2_ws/install/status_display/share/status_display/hook/pythonpath.dsv'
[6.825s] INFO:colcon.colcon_core.shell:Creating environment hook '/home/matthew/ros2_ws/install/status_display/share/status_display/hook/pythonpath.sh'
[6.827s] Level 1:colcon.colcon_core.environment:checking '/home/matthew/ros2_ws/install/status_display/bin'
[6.827s] Level 1:colcon.colcon_core.environment:create_environment_scripts_only(status_display)
[6.829s] INFO:colcon.colcon_core.shell:Creating package script '/home/matthew/ros2_ws/install/status_display/share/status_display/package.ps1'
[6.830s] INFO:colcon.colcon_core.shell:Creating package descriptor '/home/matthew/ros2_ws/install/status_display/share/status_display/package.dsv'
[6.832s] INFO:colcon.colcon_core.shell:Creating package script '/home/matthew/ros2_ws/install/status_display/share/status_display/package.sh'
[6.833s] INFO:colcon.colcon_core.shell:Creating package script '/home/matthew/ros2_ws/install/status_display/share/status_display/package.bash'
[6.833s] INFO:colcon.colcon_core.shell:Creating package script '/home/matthew/ros2_ws/install/status_display/share/status_display/package.zsh'
[6.834s] Level 1:colcon.colcon_core.environment:create_file_with_runtime_dependencies(/home/matthew/ros2_ws/install/status_display/share/colcon-core/packages/status_display)
[6.835s] DEBUG:colcon.colcon_parallel_executor.executor.parallel:closing loop
[6.836s] DEBUG:colcon.colcon_parallel_executor.executor.parallel:loop closed
[6.836s] DEBUG:colcon.colcon_parallel_executor.executor.parallel:run_until_complete finished with '0'
[6.836s] DEBUG:colcon.colcon_core.event_reactor:joining thread
[6.857s] INFO:colcon.colcon_core.plugin_system:Skipping extension 'colcon_notification.desktop_notification.terminal_notifier': Not used on non-Darwin systems
[6.858s] INFO:colcon.colcon_core.plugin_system:Skipping extension 'colcon_notification.desktop_notification.win32': Not used on non-Windows systems
[6.858s] INFO:colcon.colcon_notification.desktop_notification:Sending desktop notification using 'notify2'
[6.904s] DEBUG:colcon.colcon_core.event_reactor:joined thread
[6.905s] INFO:colcon.colcon_core.shell:Creating prefix script '/home/matthew/ros2_ws/install/local_setup.ps1'
[6.910s] INFO:colcon.colcon_core.shell:Creating prefix util module '/home/matthew/ros2_ws/install/_local_setup_util_ps1.py'
[6.916s] INFO:colcon.colcon_core.shell:Creating prefix chain script '/home/matthew/ros2_ws/install/setup.ps1'
[6.918s] INFO:colcon.colcon_core.shell:Creating prefix script '/home/matthew/ros2_ws/install/local_setup.sh'
[6.919s] INFO:colcon.colcon_core.shell:Creating prefix util module '/home/matthew/ros2_ws/install/_local_setup_util_sh.py'
[6.922s] INFO:colcon.colcon_core.shell:Creating prefix chain script '/home/matthew/ros2_ws/install/setup.sh'
[6.924s] INFO:colcon.colcon_core.shell:Creating prefix script '/home/matthew/ros2_ws/install/local_setup.bash'
[6.926s] INFO:colcon.colcon_core.shell:Creating prefix chain script '/home/matthew/ros2_ws/install/setup.bash'
[6.929s] INFO:colcon.colcon_core.shell:Creating prefix script '/home/matthew/ros2_ws/install/local_setup.zsh'
[6.931s] INFO:colcon.colcon_core.shell:Creating prefix chain script '/home/matthew/ros2_ws/install/setup.zsh'
