[0.592s] Invoking command in '/home/matthew/ros2_ws/build/my_robot_description': CMAKE_PREFIX_PATH=/opt/ros/iron /usr/bin/cmake --build /home/matthew/ros2_ws/build/my_robot_description -- -j6 -l6
[1.198s] Invoked command in '/home/matthew/ros2_ws/build/my_robot_description' returned '0': CMAKE_PREFIX_PATH=/opt/ros/iron /usr/bin/cmake --build /home/matthew/ros2_ws/build/my_robot_description -- -j6 -l6
[1.201s] Invoking command in '/home/matthew/ros2_ws/build/my_robot_description': CMAKE_PREFIX_PATH=/opt/ros/iron /usr/bin/cmake --install /home/matthew/ros2_ws/build/my_robot_description
[1.222s] -- Install configuration: ""
[1.222s] -- Execute custom install script
[1.224s] -- Up-to-date symlink: /home/matthew/ros2_ws/install/my_robot_description/share/ament_index/resource_index/package_run_dependencies/my_robot_description
[1.224s] -- Up-to-date symlink: /home/matthew/ros2_ws/install/my_robot_description/share/ament_index/resource_index/parent_prefix_path/my_robot_description
[1.225s] -- Up-to-date symlink: /home/matthew/ros2_ws/install/my_robot_description/share/my_robot_description/environment/ament_prefix_path.sh
[1.225s] -- Up-to-date symlink: /home/matthew/ros2_ws/install/my_robot_description/share/my_robot_description/environment/ament_prefix_path.dsv
[1.225s] -- Up-to-date symlink: /home/matthew/ros2_ws/install/my_robot_description/share/my_robot_description/environment/path.sh
[1.226s] -- Up-to-date symlink: /home/matthew/ros2_ws/install/my_robot_description/share/my_robot_description/environment/path.dsv
[1.226s] -- Up-to-date symlink: /home/matthew/ros2_ws/install/my_robot_description/share/my_robot_description/local_setup.bash
[1.226s] -- Up-to-date symlink: /home/matthew/ros2_ws/install/my_robot_description/share/my_robot_description/local_setup.sh
[1.226s] -- Up-to-date symlink: /home/matthew/ros2_ws/install/my_robot_description/share/my_robot_description/local_setup.zsh
[1.227s] -- Up-to-date symlink: /home/matthew/ros2_ws/install/my_robot_description/share/my_robot_description/local_setup.dsv
[1.227s] -- Symlinking: /home/matthew/ros2_ws/install/my_robot_description/share/my_robot_description/package.dsv
[1.247s] -- Up-to-date symlink: /home/matthew/ros2_ws/install/my_robot_description/share/ament_index/resource_index/packages/my_robot_description
[1.250s] -- Up-to-date symlink: /home/matthew/ros2_ws/install/my_robot_description/share/my_robot_description/cmake/my_robot_descriptionConfig.cmake
[1.250s] -- Up-to-date symlink: /home/matthew/ros2_ws/install/my_robot_description/share/my_robot_description/cmake/my_robot_descriptionConfig-version.cmake
[1.251s] -- Up-to-date symlink: /home/matthew/ros2_ws/install/my_robot_description/share/my_robot_description/package.xml
[1.309s] Invoked command in '/home/matthew/ros2_ws/build/my_robot_description' returned '0': CMAKE_PREFIX_PATH=/opt/ros/iron /usr/bin/cmake --install /home/matthew/ros2_ws/build/my_robot_description
