[0.106s] Invoking command in '/home/matthew/nav2_ws/build/nav2_controller': AMENT_PREFIX_PATH=/home/matthew/nav2_ws/install/nav2_core:/home/matthew/nav2_ws/install/nav2_costmap_2d:/home/matthew/nav2_ws/install/nav_2d_utils:/home/matthew/nav2_ws/install/nav2_map_server:/home/matthew/nav2_ws/install/nav2_lifecycle_manager:/home/matthew/nav2_ws/install/nav2_behavior_tree:/home/matthew/nav2_ws/install/nav2_util:/home/matthew/nav2_ws/install/nav2_voxel_grid:/home/matthew/nav2_ws/install/nav2_msgs:/home/matthew/nav2_ws/install/nav_2d_msgs:/home/matthew/nav2_ws/install/nav2_common:${AMENT_PREFIX_PATH} CMAKE_PREFIX_PATH=/home/matthew/nav2_ws/install/nav2_core:/home/matthew/nav2_ws/install/nav2_costmap_2d:/home/matthew/nav2_ws/install/nav_2d_utils:/home/matthew/nav2_ws/install/nav2_map_server:/home/matthew/nav2_ws/install/nav2_lifecycle_manager:/home/matthew/nav2_ws/install/nav2_behavior_tree:/home/matthew/nav2_ws/install/nav2_util:/home/matthew/nav2_ws/install/nav2_voxel_grid:/home/matthew/nav2_ws/install/nav2_msgs:/home/matthew/nav2_ws/install/nav_2d_msgs:/home/matthew/nav2_ws/install/nav2_common:/home/matthew/ros2_ws/install/ros2_laser_scan_matcher:/home/matthew/ros2_ws/install/opennav_docking_core:/home/matthew/ros2_ws/install/my_robot_description:/home/matthew/ros2_ws/install/map_msgs:/home/matthew/ros2_ws/install/fake_odometry:/home/matthew/ros2_ws/install/dwb_msgs:/home/matthew/ros2_ws/install/csm:/opt/ros/iron LD_LIBRARY_PATH=/home/matthew/nav2_ws/install/nav2_costmap_2d/lib:/home/matthew/nav2_ws/install/nav_2d_utils/lib:/home/matthew/nav2_ws/install/nav2_map_server/lib:/home/matthew/nav2_ws/install/nav2_lifecycle_manager/lib:/home/matthew/nav2_ws/install/nav2_behavior_tree/lib:/home/matthew/nav2_ws/install/nav2_util/lib:/home/matthew/nav2_ws/install/nav2_voxel_grid/lib:/home/matthew/nav2_ws/install/nav2_msgs/lib:/home/matthew/nav2_ws/install/nav_2d_msgs/lib:${LD_LIBRARY_PATH} PYTHONPATH=/home/matthew/nav2_ws/install/nav2_msgs/lib/python3.10/site-packages:/home/matthew/nav2_ws/install/nav_2d_msgs/lib/python3.10/site-packages:/home/matthew/nav2_ws/install/nav2_common/lib/python3.10/site-packages:${PYTHONPATH} /usr/bin/cmake --build /home/matthew/nav2_ws/build/nav2_controller -- -j6 -l6
[0.381s] [  9%] Built target simple_goal_checker
[0.389s] [ 18%] Built target controller_server_core
[0.396s] [ 27%] Built target gtest_main
[0.425s] [ 36%] Built target simple_progress_checker
[0.445s] [ 45%] Built target gtest
[0.548s] [ 54%] Built target stopped_goal_checker
[0.566s] [ 63%] Built target controller_server
[0.599s] [ 72%] Built target pose_progress_checker
[0.608s] [ 81%] Built target test_dynamic_parameters
[0.671s] [ 90%] Built target gctest
[0.692s] [100%] Built target pctest
[0.785s] Invoked command in '/home/matthew/nav2_ws/build/nav2_controller' returned '0': AMENT_PREFIX_PATH=/home/matthew/nav2_ws/install/nav2_core:/home/matthew/nav2_ws/install/nav2_costmap_2d:/home/matthew/nav2_ws/install/nav_2d_utils:/home/matthew/nav2_ws/install/nav2_map_server:/home/matthew/nav2_ws/install/nav2_lifecycle_manager:/home/matthew/nav2_ws/install/nav2_behavior_tree:/home/matthew/nav2_ws/install/nav2_util:/home/matthew/nav2_ws/install/nav2_voxel_grid:/home/matthew/nav2_ws/install/nav2_msgs:/home/matthew/nav2_ws/install/nav_2d_msgs:/home/matthew/nav2_ws/install/nav2_common:${AMENT_PREFIX_PATH} CMAKE_PREFIX_PATH=/home/matthew/nav2_ws/install/nav2_core:/home/matthew/nav2_ws/install/nav2_costmap_2d:/home/matthew/nav2_ws/install/nav_2d_utils:/home/matthew/nav2_ws/install/nav2_map_server:/home/matthew/nav2_ws/install/nav2_lifecycle_manager:/home/matthew/nav2_ws/install/nav2_behavior_tree:/home/matthew/nav2_ws/install/nav2_util:/home/matthew/nav2_ws/install/nav2_voxel_grid:/home/matthew/nav2_ws/install/nav2_msgs:/home/matthew/nav2_ws/install/nav_2d_msgs:/home/matthew/nav2_ws/install/nav2_common:/home/matthew/ros2_ws/install/ros2_laser_scan_matcher:/home/matthew/ros2_ws/install/opennav_docking_core:/home/matthew/ros2_ws/install/my_robot_description:/home/matthew/ros2_ws/install/map_msgs:/home/matthew/ros2_ws/install/fake_odometry:/home/matthew/ros2_ws/install/dwb_msgs:/home/matthew/ros2_ws/install/csm:/opt/ros/iron LD_LIBRARY_PATH=/home/matthew/nav2_ws/install/nav2_costmap_2d/lib:/home/matthew/nav2_ws/install/nav_2d_utils/lib:/home/matthew/nav2_ws/install/nav2_map_server/lib:/home/matthew/nav2_ws/install/nav2_lifecycle_manager/lib:/home/matthew/nav2_ws/install/nav2_behavior_tree/lib:/home/matthew/nav2_ws/install/nav2_util/lib:/home/matthew/nav2_ws/install/nav2_voxel_grid/lib:/home/matthew/nav2_ws/install/nav2_msgs/lib:/home/matthew/nav2_ws/install/nav_2d_msgs/lib:${LD_LIBRARY_PATH} PYTHONPATH=/home/matthew/nav2_ws/install/nav2_msgs/lib/python3.10/site-packages:/home/matthew/nav2_ws/install/nav_2d_msgs/lib/python3.10/site-packages:/home/matthew/nav2_ws/install/nav2_common/lib/python3.10/site-packages:${PYTHONPATH} /usr/bin/cmake --build /home/matthew/nav2_ws/build/nav2_controller -- -j6 -l6
[0.791s] Invoking command in '/home/matthew/nav2_ws/build/nav2_controller': AMENT_PREFIX_PATH=/home/matthew/nav2_ws/install/nav2_core:/home/matthew/nav2_ws/install/nav2_costmap_2d:/home/matthew/nav2_ws/install/nav_2d_utils:/home/matthew/nav2_ws/install/nav2_map_server:/home/matthew/nav2_ws/install/nav2_lifecycle_manager:/home/matthew/nav2_ws/install/nav2_behavior_tree:/home/matthew/nav2_ws/install/nav2_util:/home/matthew/nav2_ws/install/nav2_voxel_grid:/home/matthew/nav2_ws/install/nav2_msgs:/home/matthew/nav2_ws/install/nav_2d_msgs:/home/matthew/nav2_ws/install/nav2_common:${AMENT_PREFIX_PATH} CMAKE_PREFIX_PATH=/home/matthew/nav2_ws/install/nav2_core:/home/matthew/nav2_ws/install/nav2_costmap_2d:/home/matthew/nav2_ws/install/nav_2d_utils:/home/matthew/nav2_ws/install/nav2_map_server:/home/matthew/nav2_ws/install/nav2_lifecycle_manager:/home/matthew/nav2_ws/install/nav2_behavior_tree:/home/matthew/nav2_ws/install/nav2_util:/home/matthew/nav2_ws/install/nav2_voxel_grid:/home/matthew/nav2_ws/install/nav2_msgs:/home/matthew/nav2_ws/install/nav_2d_msgs:/home/matthew/nav2_ws/install/nav2_common:/home/matthew/ros2_ws/install/ros2_laser_scan_matcher:/home/matthew/ros2_ws/install/opennav_docking_core:/home/matthew/ros2_ws/install/my_robot_description:/home/matthew/ros2_ws/install/map_msgs:/home/matthew/ros2_ws/install/fake_odometry:/home/matthew/ros2_ws/install/dwb_msgs:/home/matthew/ros2_ws/install/csm:/opt/ros/iron LD_LIBRARY_PATH=/home/matthew/nav2_ws/install/nav2_costmap_2d/lib:/home/matthew/nav2_ws/install/nav_2d_utils/lib:/home/matthew/nav2_ws/install/nav2_map_server/lib:/home/matthew/nav2_ws/install/nav2_lifecycle_manager/lib:/home/matthew/nav2_ws/install/nav2_behavior_tree/lib:/home/matthew/nav2_ws/install/nav2_util/lib:/home/matthew/nav2_ws/install/nav2_voxel_grid/lib:/home/matthew/nav2_ws/install/nav2_msgs/lib:/home/matthew/nav2_ws/install/nav_2d_msgs/lib:${LD_LIBRARY_PATH} PYTHONPATH=/home/matthew/nav2_ws/install/nav2_msgs/lib/python3.10/site-packages:/home/matthew/nav2_ws/install/nav_2d_msgs/lib/python3.10/site-packages:/home/matthew/nav2_ws/install/nav2_common/lib/python3.10/site-packages:${PYTHONPATH} /usr/bin/cmake --install /home/matthew/nav2_ws/build/nav2_controller
[0.853s] -- Install configuration: "Release"
[0.853s] -- Execute custom install script
[0.853s] -- Up-to-date symlink: /home/matthew/nav2_ws/install/nav2_controller/lib/libsimple_progress_checker.so
[0.854s] -- Up-to-date symlink: /home/matthew/nav2_ws/install/nav2_controller/lib/libpose_progress_checker.so
[0.854s] -- Up-to-date symlink: /home/matthew/nav2_ws/install/nav2_controller/lib/libsimple_goal_checker.so
[0.854s] -- Up-to-date symlink: /home/matthew/nav2_ws/install/nav2_controller/lib/libstopped_goal_checker.so
[0.854s] -- Up-to-date symlink: /home/matthew/nav2_ws/install/nav2_controller/lib/libcontroller_server_core.so
[0.855s] -- Up-to-date symlink: /home/matthew/nav2_ws/install/nav2_controller/lib/nav2_controller/controller_server
[0.855s] -- Up-to-date symlink: /home/matthew/nav2_ws/install/nav2_controller/include//nav2_controller/controller_server.hpp
[0.855s] -- Up-to-date symlink: /home/matthew/nav2_ws/install/nav2_controller/include//nav2_controller/plugins/pose_progress_checker.hpp
[0.855s] -- Up-to-date symlink: /home/matthew/nav2_ws/install/nav2_controller/include//nav2_controller/plugins/simple_goal_checker.hpp
[0.856s] -- Up-to-date symlink: /home/matthew/nav2_ws/install/nav2_controller/include//nav2_controller/plugins/simple_progress_checker.hpp
[0.857s] -- Up-to-date symlink: /home/matthew/nav2_ws/install/nav2_controller/include//nav2_controller/plugins/stopped_goal_checker.hpp
[0.860s] -- Up-to-date symlink: /home/matthew/nav2_ws/install/nav2_controller/share/nav2_controller/environment/library_path.sh
[0.861s] -- Up-to-date symlink: /home/matthew/nav2_ws/install/nav2_controller/share/nav2_controller/environment/library_path.dsv
[0.861s] -- Up-to-date symlink: /home/matthew/nav2_ws/install/nav2_controller/share/nav2_controller//plugins.xml
[0.861s] -- Up-to-date symlink: /home/matthew/nav2_ws/install/nav2_controller/share/ament_index/resource_index/package_run_dependencies/nav2_controller
[0.862s] -- Up-to-date symlink: /home/matthew/nav2_ws/install/nav2_controller/share/ament_index/resource_index/parent_prefix_path/nav2_controller
[0.862s] -- Up-to-date symlink: /home/matthew/nav2_ws/install/nav2_controller/share/nav2_controller/environment/ament_prefix_path.sh
[0.862s] -- Up-to-date symlink: /home/matthew/nav2_ws/install/nav2_controller/share/nav2_controller/environment/ament_prefix_path.dsv
[0.863s] -- Up-to-date symlink: /home/matthew/nav2_ws/install/nav2_controller/share/nav2_controller/environment/path.sh
[0.863s] -- Up-to-date symlink: /home/matthew/nav2_ws/install/nav2_controller/share/nav2_controller/environment/path.dsv
[0.864s] -- Up-to-date symlink: /home/matthew/nav2_ws/install/nav2_controller/share/nav2_controller/local_setup.bash
[0.864s] -- Up-to-date symlink: /home/matthew/nav2_ws/install/nav2_controller/share/nav2_controller/local_setup.sh
[0.864s] -- Up-to-date symlink: /home/matthew/nav2_ws/install/nav2_controller/share/nav2_controller/local_setup.zsh
[0.864s] -- Up-to-date symlink: /home/matthew/nav2_ws/install/nav2_controller/share/nav2_controller/local_setup.dsv
[0.865s] -- Symlinking: /home/matthew/nav2_ws/install/nav2_controller/share/nav2_controller/package.dsv
[0.869s] -- Up-to-date symlink: /home/matthew/nav2_ws/install/nav2_controller/share/ament_index/resource_index/packages/nav2_controller
[0.869s] -- Up-to-date symlink: /home/matthew/nav2_ws/install/nav2_controller/share/ament_index/resource_index/nav2_core__pluginlib__plugin/nav2_controller
[0.869s] -- Up-to-date symlink: /home/matthew/nav2_ws/install/nav2_controller/share/ament_index/resource_index/rclcpp_components/nav2_controller
[0.869s] -- Up-to-date symlink: /home/matthew/nav2_ws/install/nav2_controller/share/nav2_controller/cmake/ament_cmake_export_include_directories-extras.cmake
[0.869s] -- Up-to-date symlink: /home/matthew/nav2_ws/install/nav2_controller/share/nav2_controller/cmake/ament_cmake_export_libraries-extras.cmake
[0.871s] -- Up-to-date symlink: /home/matthew/nav2_ws/install/nav2_controller/share/nav2_controller/cmake/ament_cmake_export_dependencies-extras.cmake
[0.872s] -- Up-to-date symlink: /home/matthew/nav2_ws/install/nav2_controller/share/nav2_controller/cmake/nav2_controllerConfig.cmake
[0.872s] -- Up-to-date symlink: /home/matthew/nav2_ws/install/nav2_controller/share/nav2_controller/cmake/nav2_controllerConfig-version.cmake
[0.872s] -- Up-to-date symlink: /home/matthew/nav2_ws/install/nav2_controller/share/nav2_controller/package.xml
[0.940s] Invoked command in '/home/matthew/nav2_ws/build/nav2_controller' returned '0': AMENT_PREFIX_PATH=/home/matthew/nav2_ws/install/nav2_core:/home/matthew/nav2_ws/install/nav2_costmap_2d:/home/matthew/nav2_ws/install/nav_2d_utils:/home/matthew/nav2_ws/install/nav2_map_server:/home/matthew/nav2_ws/install/nav2_lifecycle_manager:/home/matthew/nav2_ws/install/nav2_behavior_tree:/home/matthew/nav2_ws/install/nav2_util:/home/matthew/nav2_ws/install/nav2_voxel_grid:/home/matthew/nav2_ws/install/nav2_msgs:/home/matthew/nav2_ws/install/nav_2d_msgs:/home/matthew/nav2_ws/install/nav2_common:${AMENT_PREFIX_PATH} CMAKE_PREFIX_PATH=/home/matthew/nav2_ws/install/nav2_core:/home/matthew/nav2_ws/install/nav2_costmap_2d:/home/matthew/nav2_ws/install/nav_2d_utils:/home/matthew/nav2_ws/install/nav2_map_server:/home/matthew/nav2_ws/install/nav2_lifecycle_manager:/home/matthew/nav2_ws/install/nav2_behavior_tree:/home/matthew/nav2_ws/install/nav2_util:/home/matthew/nav2_ws/install/nav2_voxel_grid:/home/matthew/nav2_ws/install/nav2_msgs:/home/matthew/nav2_ws/install/nav_2d_msgs:/home/matthew/nav2_ws/install/nav2_common:/home/matthew/ros2_ws/install/ros2_laser_scan_matcher:/home/matthew/ros2_ws/install/opennav_docking_core:/home/matthew/ros2_ws/install/my_robot_description:/home/matthew/ros2_ws/install/map_msgs:/home/matthew/ros2_ws/install/fake_odometry:/home/matthew/ros2_ws/install/dwb_msgs:/home/matthew/ros2_ws/install/csm:/opt/ros/iron LD_LIBRARY_PATH=/home/matthew/nav2_ws/install/nav2_costmap_2d/lib:/home/matthew/nav2_ws/install/nav_2d_utils/lib:/home/matthew/nav2_ws/install/nav2_map_server/lib:/home/matthew/nav2_ws/install/nav2_lifecycle_manager/lib:/home/matthew/nav2_ws/install/nav2_behavior_tree/lib:/home/matthew/nav2_ws/install/nav2_util/lib:/home/matthew/nav2_ws/install/nav2_voxel_grid/lib:/home/matthew/nav2_ws/install/nav2_msgs/lib:/home/matthew/nav2_ws/install/nav_2d_msgs/lib:${LD_LIBRARY_PATH} PYTHONPATH=/home/matthew/nav2_ws/install/nav2_msgs/lib/python3.10/site-packages:/home/matthew/nav2_ws/install/nav_2d_msgs/lib/python3.10/site-packages:/home/matthew/nav2_ws/install/nav2_common/lib/python3.10/site-packages:${PYTHONPATH} /usr/bin/cmake --install /home/matthew/nav2_ws/build/nav2_controller
