[0.056s] Invoking command in '/home/matthew/nav2_ws/build/nav2_lifecycle_manager': AMENT_PREFIX_PATH=/home/matthew/nav2_ws/install/nav2_util:/home/matthew/nav2_ws/install/nav2_msgs:/home/matthew/nav2_ws/install/nav2_common:${AMENT_PREFIX_PATH} CMAKE_PREFIX_PATH=/home/matthew/nav2_ws/install/nav2_util:/home/matthew/nav2_ws/install/nav2_msgs:/home/matthew/nav2_ws/install/nav2_common:/home/matthew/ros2_ws/install/ros2_laser_scan_matcher:/home/matthew/ros2_ws/install/opennav_docking_core:/home/matthew/ros2_ws/install/my_robot_description:/home/matthew/ros2_ws/install/map_msgs:/home/matthew/ros2_ws/install/fake_odometry:/home/matthew/ros2_ws/install/dwb_msgs:/home/matthew/ros2_ws/install/csm:/opt/ros/iron LD_LIBRARY_PATH=/home/matthew/nav2_ws/install/nav2_util/lib:/home/matthew/nav2_ws/install/nav2_msgs/lib:${LD_LIBRARY_PATH} PYTHONPATH=/home/matthew/nav2_ws/install/nav2_msgs/lib/python3.10/site-packages:/home/matthew/nav2_ws/install/nav2_common/lib/python3.10/site-packages:${PYTHONPATH} /usr/bin/cmake --build /home/matthew/nav2_ws/build/nav2_lifecycle_manager -- -j6 -l6
[0.265s] [ 15%] Built target gtest_main
[0.280s] [ 30%] Built target gtest
[0.285s] [ 53%] Built target nav2_lifecycle_manager_core
[0.409s] [ 69%] Built target lifecycle_manager
[0.481s] [ 84%] Built target test_lifecycle_gtest
[0.496s] [100%] Built target test_bond_gtest
[0.540s] Invoked command in '/home/matthew/nav2_ws/build/nav2_lifecycle_manager' returned '0': AMENT_PREFIX_PATH=/home/matthew/nav2_ws/install/nav2_util:/home/matthew/nav2_ws/install/nav2_msgs:/home/matthew/nav2_ws/install/nav2_common:${AMENT_PREFIX_PATH} CMAKE_PREFIX_PATH=/home/matthew/nav2_ws/install/nav2_util:/home/matthew/nav2_ws/install/nav2_msgs:/home/matthew/nav2_ws/install/nav2_common:/home/matthew/ros2_ws/install/ros2_laser_scan_matcher:/home/matthew/ros2_ws/install/opennav_docking_core:/home/matthew/ros2_ws/install/my_robot_description:/home/matthew/ros2_ws/install/map_msgs:/home/matthew/ros2_ws/install/fake_odometry:/home/matthew/ros2_ws/install/dwb_msgs:/home/matthew/ros2_ws/install/csm:/opt/ros/iron LD_LIBRARY_PATH=/home/matthew/nav2_ws/install/nav2_util/lib:/home/matthew/nav2_ws/install/nav2_msgs/lib:${LD_LIBRARY_PATH} PYTHONPATH=/home/matthew/nav2_ws/install/nav2_msgs/lib/python3.10/site-packages:/home/matthew/nav2_ws/install/nav2_common/lib/python3.10/site-packages:${PYTHONPATH} /usr/bin/cmake --build /home/matthew/nav2_ws/build/nav2_lifecycle_manager -- -j6 -l6
[0.557s] Invoking command in '/home/matthew/nav2_ws/build/nav2_lifecycle_manager': AMENT_PREFIX_PATH=/home/matthew/nav2_ws/install/nav2_util:/home/matthew/nav2_ws/install/nav2_msgs:/home/matthew/nav2_ws/install/nav2_common:${AMENT_PREFIX_PATH} CMAKE_PREFIX_PATH=/home/matthew/nav2_ws/install/nav2_util:/home/matthew/nav2_ws/install/nav2_msgs:/home/matthew/nav2_ws/install/nav2_common:/home/matthew/ros2_ws/install/ros2_laser_scan_matcher:/home/matthew/ros2_ws/install/opennav_docking_core:/home/matthew/ros2_ws/install/my_robot_description:/home/matthew/ros2_ws/install/map_msgs:/home/matthew/ros2_ws/install/fake_odometry:/home/matthew/ros2_ws/install/dwb_msgs:/home/matthew/ros2_ws/install/csm:/opt/ros/iron LD_LIBRARY_PATH=/home/matthew/nav2_ws/install/nav2_util/lib:/home/matthew/nav2_ws/install/nav2_msgs/lib:${LD_LIBRARY_PATH} PYTHONPATH=/home/matthew/nav2_ws/install/nav2_msgs/lib/python3.10/site-packages:/home/matthew/nav2_ws/install/nav2_common/lib/python3.10/site-packages:${PYTHONPATH} /usr/bin/cmake --install /home/matthew/nav2_ws/build/nav2_lifecycle_manager
[0.581s] -- Install configuration: "Release"
[0.583s] -- Execute custom install script
[0.585s] -- Up-to-date symlink: /home/matthew/nav2_ws/install/nav2_lifecycle_manager/lib/libnav2_lifecycle_manager_core.so
[0.586s] -- Up-to-date symlink: /home/matthew/nav2_ws/install/nav2_lifecycle_manager/lib/nav2_lifecycle_manager/lifecycle_manager
[0.586s] -- Up-to-date symlink: /home/matthew/nav2_ws/install/nav2_lifecycle_manager/include//nav2_lifecycle_manager/lifecycle_manager.hpp
[0.587s] -- Up-to-date symlink: /home/matthew/nav2_ws/install/nav2_lifecycle_manager/include//nav2_lifecycle_manager/lifecycle_manager_client.hpp
[0.587s] -- Up-to-date symlink: /home/matthew/nav2_ws/install/nav2_lifecycle_manager/share/nav2_lifecycle_manager/environment/library_path.sh
[0.587s] -- Up-to-date symlink: /home/matthew/nav2_ws/install/nav2_lifecycle_manager/share/nav2_lifecycle_manager/environment/library_path.dsv
[0.587s] -- Up-to-date symlink: /home/matthew/nav2_ws/install/nav2_lifecycle_manager/share/ament_index/resource_index/package_run_dependencies/nav2_lifecycle_manager
[0.588s] -- Up-to-date symlink: /home/matthew/nav2_ws/install/nav2_lifecycle_manager/share/ament_index/resource_index/parent_prefix_path/nav2_lifecycle_manager
[0.588s] -- Up-to-date symlink: /home/matthew/nav2_ws/install/nav2_lifecycle_manager/share/nav2_lifecycle_manager/environment/ament_prefix_path.sh
[0.588s] -- Up-to-date symlink: /home/matthew/nav2_ws/install/nav2_lifecycle_manager/share/nav2_lifecycle_manager/environment/ament_prefix_path.dsv
[0.589s] -- Up-to-date symlink: /home/matthew/nav2_ws/install/nav2_lifecycle_manager/share/nav2_lifecycle_manager/environment/path.sh
[0.589s] -- Up-to-date symlink: /home/matthew/nav2_ws/install/nav2_lifecycle_manager/share/nav2_lifecycle_manager/environment/path.dsv
[0.589s] -- Up-to-date symlink: /home/matthew/nav2_ws/install/nav2_lifecycle_manager/share/nav2_lifecycle_manager/local_setup.bash
[0.589s] -- Up-to-date symlink: /home/matthew/nav2_ws/install/nav2_lifecycle_manager/share/nav2_lifecycle_manager/local_setup.sh
[0.590s] -- Up-to-date symlink: /home/matthew/nav2_ws/install/nav2_lifecycle_manager/share/nav2_lifecycle_manager/local_setup.zsh
[0.590s] -- Up-to-date symlink: /home/matthew/nav2_ws/install/nav2_lifecycle_manager/share/nav2_lifecycle_manager/local_setup.dsv
[0.590s] -- Symlinking: /home/matthew/nav2_ws/install/nav2_lifecycle_manager/share/nav2_lifecycle_manager/package.dsv
[0.626s] -- Up-to-date symlink: /home/matthew/nav2_ws/install/nav2_lifecycle_manager/share/ament_index/resource_index/packages/nav2_lifecycle_manager
[0.627s] -- Up-to-date symlink: /home/matthew/nav2_ws/install/nav2_lifecycle_manager/share/ament_index/resource_index/rclcpp_components/nav2_lifecycle_manager
[0.627s] -- Up-to-date symlink: /home/matthew/nav2_ws/install/nav2_lifecycle_manager/share/nav2_lifecycle_manager/cmake/ament_cmake_export_include_directories-extras.cmake
[0.627s] -- Up-to-date symlink: /home/matthew/nav2_ws/install/nav2_lifecycle_manager/share/nav2_lifecycle_manager/cmake/ament_cmake_export_libraries-extras.cmake
[0.628s] -- Up-to-date symlink: /home/matthew/nav2_ws/install/nav2_lifecycle_manager/share/nav2_lifecycle_manager/cmake/ament_cmake_export_dependencies-extras.cmake
[0.628s] -- Up-to-date symlink: /home/matthew/nav2_ws/install/nav2_lifecycle_manager/share/nav2_lifecycle_manager/cmake/nav2_lifecycle_managerConfig.cmake
[0.628s] -- Up-to-date symlink: /home/matthew/nav2_ws/install/nav2_lifecycle_manager/share/nav2_lifecycle_manager/cmake/nav2_lifecycle_managerConfig-version.cmake
[0.628s] -- Up-to-date symlink: /home/matthew/nav2_ws/install/nav2_lifecycle_manager/share/nav2_lifecycle_manager/package.xml
[0.636s] Invoked command in '/home/matthew/nav2_ws/build/nav2_lifecycle_manager' returned '0': AMENT_PREFIX_PATH=/home/matthew/nav2_ws/install/nav2_util:/home/matthew/nav2_ws/install/nav2_msgs:/home/matthew/nav2_ws/install/nav2_common:${AMENT_PREFIX_PATH} CMAKE_PREFIX_PATH=/home/matthew/nav2_ws/install/nav2_util:/home/matthew/nav2_ws/install/nav2_msgs:/home/matthew/nav2_ws/install/nav2_common:/home/matthew/ros2_ws/install/ros2_laser_scan_matcher:/home/matthew/ros2_ws/install/opennav_docking_core:/home/matthew/ros2_ws/install/my_robot_description:/home/matthew/ros2_ws/install/map_msgs:/home/matthew/ros2_ws/install/fake_odometry:/home/matthew/ros2_ws/install/dwb_msgs:/home/matthew/ros2_ws/install/csm:/opt/ros/iron LD_LIBRARY_PATH=/home/matthew/nav2_ws/install/nav2_util/lib:/home/matthew/nav2_ws/install/nav2_msgs/lib:${LD_LIBRARY_PATH} PYTHONPATH=/home/matthew/nav2_ws/install/nav2_msgs/lib/python3.10/site-packages:/home/matthew/nav2_ws/install/nav2_common/lib/python3.10/site-packages:${PYTHONPATH} /usr/bin/cmake --install /home/matthew/nav2_ws/build/nav2_lifecycle_manager
