[0.102s] Invoking command in '/home/matthew/build/csm': CMAKE_PREFIX_PATH=/opt/ros/iron /usr/bin/cmake /home/matthew/ros2_ws/src/csm -DCMAKE_INSTALL_PREFIX=/home/matthew/install/csm
[0.182s] -- Found ament_cmake: 2.0.7 (/opt/ros/iron/share/ament_cmake/cmake)
[0.537s] -- Override CMake install command with custom implementation using symlinks instead of copying resources
[0.603s] -- Found rclcpp: 21.0.8 (/opt/ros/iron/share/rclcpp/cmake)
[0.704s] -- Found rosidl_generator_c: 4.0.1 (/opt/ros/iron/share/rosidl_generator_c/cmake)
[0.732s] -- Found rosidl_generator_cpp: 4.0.1 (/opt/ros/iron/share/rosidl_generator_cpp/cmake)
[0.780s] -- Using all available rosidl_typesupport_c: rosidl_typesupport_fastrtps_c;rosidl_typesupport_introspection_c
[0.829s] -- Using all available rosidl_typesupport_cpp: rosidl_typesupport_fastrtps_cpp;rosidl_typesupport_introspection_cpp
[1.335s] -- Found rmw_implementation_cmake: 7.1.0 (/opt/ros/iron/share/rmw_implementation_cmake/cmake)
[1.343s] -- Found rmw_fastrtps_cpp: 7.1.4 (/opt/ros/iron/share/rmw_fastrtps_cpp/cmake)
[1.727s] -- Using RMW implementation 'rmw_fastrtps_cpp' as default
[2.291s] -- Configuring done
[2.340s] -- Generating done
[2.353s] -- Build files have been written to: /home/matthew/build/csm
[2.375s] Invoked command in '/home/matthew/build/csm' returned '0': CMAKE_PREFIX_PATH=/opt/ros/iron /usr/bin/cmake /home/matthew/ros2_ws/src/csm -DCMAKE_INSTALL_PREFIX=/home/matthew/install/csm
[2.377s] Invoking command in '/home/matthew/build/csm': CMAKE_PREFIX_PATH=/opt/ros/iron /usr/bin/cmake --build /home/matthew/build/csm -- -j6 -l6
[2.483s] [  4%] [32mBuilding CXX object CMakeFiles/csm.dir/src/csm/utils.cpp.o[0m
[2.486s] [  8%] [32mBuilding CXX object CMakeFiles/csm.dir/src/csm/laser_data.cpp.o[0m
[2.497s] [ 12%] [32mBuilding CXX object CMakeFiles/csm.dir/src/csm/math_utils.cpp.o[0m
[2.501s] [ 16%] [32mBuilding CXX object CMakeFiles/csm.dir/src/csm/math_utils_gsl.cpp.o[0m
[2.503s] [ 20%] [32mBuilding CXX object CMakeFiles/csm.dir/src/csm/logging.cpp.o[0m
[2.505s] [ 25%] [32mBuilding CXX object CMakeFiles/csm.dir/src/csm/sm_options.cpp.o[0m
[8.210s] [ 37%] [32mBuilding CXX object CMakeFiles/csm.dir/src/egsl/egsl.cpp.o[0m
[8.211s] [ 37%] [32mBuilding CXX object CMakeFiles/csm.dir/src/csm/clustering.cpp.o[0m
[8.211s] [ 37%] [32mBuilding CXX object CMakeFiles/csm.dir/src/csm/orientation.cpp.o[0m
[8.227s] [ 45%] [32mBuilding CXX object CMakeFiles/csm.dir/src/egsl/egsl_misc.cpp.o[0m
[8.227s] [ 45%] [32mBuilding CXX object CMakeFiles/csm.dir/src/egsl/egsl_conversions.cpp.o[0m
[8.329s] [ 50%] [32mBuilding CXX object CMakeFiles/csm.dir/src/egsl/egsl_ops.cpp.o[0m
[11.921s] [ 54%] [32mBuilding CXX object CMakeFiles/csm.dir/src/gpc/gpc.cpp.o[0m
[11.929s] [ 58%] [32mBuilding CXX object CMakeFiles/csm.dir/src/gpc/gpc_utils.cpp.o[0m
[12.141s] [ 62%] [32mBuilding CXX object CMakeFiles/csm.dir/src/icp/icp.cpp.o[0m
[12.163s] [ 66%] [32mBuilding CXX object CMakeFiles/csm.dir/src/icp/icp_corr_dumb.cpp.o[0m
[12.422s] [ 70%] [32mBuilding CXX object CMakeFiles/csm.dir/src/icp/icp_corr_tricks.cpp.o[0m
[16.259s] [ 75%] [32mBuilding CXX object CMakeFiles/csm.dir/src/icp/icp_covariance.cpp.o[0m
[16.282s] [ 79%] [32mBuilding CXX object CMakeFiles/csm.dir/src/icp/icp_debug.cpp.o[0m
[16.325s] [ 83%] [32mBuilding CXX object CMakeFiles/csm.dir/src/icp/icp_loop.cpp.o[0m
[16.467s] [ 87%] [32mBuilding CXX object CMakeFiles/csm.dir/src/icp/icp_outliers.cpp.o[0m
[18.871s] [ 91%] [32mBuilding CXX object CMakeFiles/csm.dir/src/options/options.cpp.o[0m
[19.945s] [ 95%] [32mBuilding CXX object CMakeFiles/csm.dir/src/options/options_interface.cpp.o[0m
[43.270s] [100%] [32m[1mLinking CXX shared library libcsm.so[0m
[44.214s] [100%] Built target csm
