[0.093s] Invoking command in '/home/matthew/nav2_ws/build/nav2_navfn_planner': AMENT_PREFIX_PATH=/home/matthew/nav2_ws/install/nav2_core:/home/matthew/nav2_ws/install/nav2_costmap_2d:/home/matthew/nav2_ws/install/nav2_map_server:/home/matthew/nav2_ws/install/nav2_lifecycle_manager:/home/matthew/nav2_ws/install/nav2_behavior_tree:/home/matthew/nav2_ws/install/nav2_util:/home/matthew/nav2_ws/install/nav2_voxel_grid:/home/matthew/nav2_ws/install/nav2_msgs:/home/matthew/nav2_ws/install/nav2_common:${AMENT_PREFIX_PATH} CMAKE_PREFIX_PATH=/home/matthew/nav2_ws/install/nav2_core:/home/matthew/nav2_ws/install/nav2_costmap_2d:/home/matthew/nav2_ws/install/nav2_map_server:/home/matthew/nav2_ws/install/nav2_lifecycle_manager:/home/matthew/nav2_ws/install/nav2_behavior_tree:/home/matthew/nav2_ws/install/nav2_util:/home/matthew/nav2_ws/install/nav2_voxel_grid:/home/matthew/nav2_ws/install/nav2_msgs:/home/matthew/nav2_ws/install/nav2_common:/opt/ros/iron LD_LIBRARY_PATH=/home/matthew/nav2_ws/install/nav2_costmap_2d/lib:/home/matthew/nav2_ws/install/nav2_map_server/lib:/home/matthew/nav2_ws/install/nav2_lifecycle_manager/lib:/home/matthew/nav2_ws/install/nav2_behavior_tree/lib:/home/matthew/nav2_ws/install/nav2_util/lib:/home/matthew/nav2_ws/install/nav2_voxel_grid/lib:/home/matthew/nav2_ws/install/nav2_msgs/lib:${LD_LIBRARY_PATH} PYTHONPATH=/home/matthew/nav2_ws/install/nav2_msgs/lib/python3.10/site-packages:/home/matthew/nav2_ws/install/nav2_common/lib/python3.10/site-packages:${PYTHONPATH} /usr/bin/cmake /home/matthew/nav2_ws/src/navigation2/nav2_navfn_planner -DAMENT_CMAKE_SYMLINK_INSTALL=1 -DCMAKE_INSTALL_PREFIX=/home/matthew/nav2_ws/install/nav2_navfn_planner
[0.664s] -- The C compiler identification is GNU 11.4.0
[0.665s] -- The CXX compiler identification is GNU 11.4.0
[0.665s] -- Detecting C compiler ABI info
[0.665s] -- Detecting C compiler ABI info - done
[0.665s] -- Check for working C compiler: /usr/bin/cc - skipped
[0.665s] -- Detecting C compile features
[0.665s] -- Detecting C compile features - done
[0.665s] -- Detecting CXX compiler ABI info
[0.837s] -- Detecting CXX compiler ABI info - done
[0.850s] -- Check for working CXX compiler: /usr/bin/c++ - skipped
[0.852s] -- Detecting CXX compile features
[0.854s] -- Detecting CXX compile features - done
[0.861s] -- Found ament_cmake: 2.0.7 (/opt/ros/iron/share/ament_cmake/cmake)
[1.339s] -- Found Python3: /usr/bin/python3.10 (found version "3.10.12") found components: Interpreter 
[1.543s] -- Override CMake install command with custom implementation using symlinks instead of copying resources
[1.635s] -- Found nav2_common: 1.2.10 (/home/matthew/nav2_ws/install/nav2_common/share/nav2_common/cmake)
[1.641s] -- Found rclcpp: 21.0.8 (/opt/ros/iron/share/rclcpp/cmake)
[1.779s] -- Found rosidl_generator_c: 4.0.1 (/opt/ros/iron/share/rosidl_generator_c/cmake)
[1.811s] -- Found rosidl_generator_cpp: 4.0.1 (/opt/ros/iron/share/rosidl_generator_cpp/cmake)
[1.855s] -- Using all available rosidl_typesupport_c: rosidl_typesupport_fastrtps_c;rosidl_typesupport_introspection_c
[1.916s] -- Using all available rosidl_typesupport_cpp: rosidl_typesupport_fastrtps_cpp;rosidl_typesupport_introspection_cpp
[2.288s] -- Found rmw_implementation_cmake: 7.1.0 (/opt/ros/iron/share/rmw_implementation_cmake/cmake)
[2.295s] -- Found rmw_fastrtps_cpp: 7.1.4 (/opt/ros/iron/share/rmw_fastrtps_cpp/cmake)
[2.533s] -- Found OpenSSL: /usr/lib/aarch64-linux-gnu/libcrypto.so (found version "3.0.2")  
[2.603s] -- Found FastRTPS: /opt/ros/iron/include  
[2.714s] -- Using RMW implementation 'rmw_fastrtps_cpp' as default
[3.085s] -- Found rclcpp_action: 21.0.8 (/opt/ros/iron/share/rclcpp_action/cmake)
[3.365s] -- Found rclcpp_lifecycle: 21.0.8 (/opt/ros/iron/share/rclcpp_lifecycle/cmake)
[3.584s] -- Found std_msgs: 5.0.1 (/opt/ros/iron/share/std_msgs/cmake)
[3.651s] -- Found visualization_msgs: 5.0.1 (/opt/ros/iron/share/visualization_msgs/cmake)
[4.288s] -- Found nav2_util: 1.2.10 (/home/matthew/nav2_ws/install/nav2_util/share/nav2_util/cmake)
[6.292s] -- Found eigen3_cmake_module: 0.2.2 (/opt/ros/iron/share/eigen3_cmake_module/cmake)
[6.296s] -- Found Eigen3: TRUE (found version "3.4.0") 
[6.296s] -- Ensuring Eigen3 include directory is part of orocos-kdl CMake target
[6.701s] -- Found nav2_core: 1.2.10 (/home/matthew/nav2_ws/install/nav2_core/share/nav2_core/cmake)
[16.111s] -- Setting build type to Release as none was specified.
[23.362s] -- Found ament_lint_auto: 0.14.4 (/opt/ros/iron/share/ament_lint_auto/cmake)
[23.370s] -- Found ament_cmake_gtest: 2.0.7 (/opt/ros/iron/share/ament_cmake_gtest/cmake)
[23.618s] -- Found gtest sources under '/opt/ros/iron/src/gtest_vendor': C++ tests using 'Google Test' will be built
[23.625s] -- Looking for pthread.h
[23.817s] -- Looking for pthread.h - found
[23.818s] -- Performing Test CMAKE_HAVE_LIBC_PTHREAD
[23.995s] -- Performing Test CMAKE_HAVE_LIBC_PTHREAD - Success
[23.997s] -- Found Threads: TRUE  
[30.958s] -- Added test 'copyright' to check source files copyright and LICENSE
[30.963s] -- Added test 'cppcheck' to perform static code analysis on C / C++ code
[30.965s] -- Configured cppcheck include dirs: /home/matthew/nav2_ws/src/navigation2/nav2_navfn_planner/include
[30.965s] -- Configured cppcheck exclude dirs and/or files: 
[30.968s] -- Added test 'cpplint' to check C / C++ code against the Google style
[30.968s] -- Configured cpplint exclude dirs and/or files: 
[30.970s] -- Added test 'lint_cmake' to check CMake code style
[30.974s] -- Added test 'uncrustify' to check C / C++ code style
[30.974s] -- Configured uncrustify additional arguments: 
[30.976s] -- Added test 'xmllint' to check XML markup files
[30.984s] -- Configuring done
[31.321s] -- Generating done
[31.368s] -- Build files have been written to: /home/matthew/nav2_ws/build/nav2_navfn_planner
[31.439s] Invoked command in '/home/matthew/nav2_ws/build/nav2_navfn_planner' returned '0': AMENT_PREFIX_PATH=/home/matthew/nav2_ws/install/nav2_core:/home/matthew/nav2_ws/install/nav2_costmap_2d:/home/matthew/nav2_ws/install/nav2_map_server:/home/matthew/nav2_ws/install/nav2_lifecycle_manager:/home/matthew/nav2_ws/install/nav2_behavior_tree:/home/matthew/nav2_ws/install/nav2_util:/home/matthew/nav2_ws/install/nav2_voxel_grid:/home/matthew/nav2_ws/install/nav2_msgs:/home/matthew/nav2_ws/install/nav2_common:${AMENT_PREFIX_PATH} CMAKE_PREFIX_PATH=/home/matthew/nav2_ws/install/nav2_core:/home/matthew/nav2_ws/install/nav2_costmap_2d:/home/matthew/nav2_ws/install/nav2_map_server:/home/matthew/nav2_ws/install/nav2_lifecycle_manager:/home/matthew/nav2_ws/install/nav2_behavior_tree:/home/matthew/nav2_ws/install/nav2_util:/home/matthew/nav2_ws/install/nav2_voxel_grid:/home/matthew/nav2_ws/install/nav2_msgs:/home/matthew/nav2_ws/install/nav2_common:/opt/ros/iron LD_LIBRARY_PATH=/home/matthew/nav2_ws/install/nav2_costmap_2d/lib:/home/matthew/nav2_ws/install/nav2_map_server/lib:/home/matthew/nav2_ws/install/nav2_lifecycle_manager/lib:/home/matthew/nav2_ws/install/nav2_behavior_tree/lib:/home/matthew/nav2_ws/install/nav2_util/lib:/home/matthew/nav2_ws/install/nav2_voxel_grid/lib:/home/matthew/nav2_ws/install/nav2_msgs/lib:${LD_LIBRARY_PATH} PYTHONPATH=/home/matthew/nav2_ws/install/nav2_msgs/lib/python3.10/site-packages:/home/matthew/nav2_ws/install/nav2_common/lib/python3.10/site-packages:${PYTHONPATH} /usr/bin/cmake /home/matthew/nav2_ws/src/navigation2/nav2_navfn_planner -DAMENT_CMAKE_SYMLINK_INSTALL=1 -DCMAKE_INSTALL_PREFIX=/home/matthew/nav2_ws/install/nav2_navfn_planner
[31.441s] Invoking command in '/home/matthew/nav2_ws/build/nav2_navfn_planner': AMENT_PREFIX_PATH=/home/matthew/nav2_ws/install/nav2_core:/home/matthew/nav2_ws/install/nav2_costmap_2d:/home/matthew/nav2_ws/install/nav2_map_server:/home/matthew/nav2_ws/install/nav2_lifecycle_manager:/home/matthew/nav2_ws/install/nav2_behavior_tree:/home/matthew/nav2_ws/install/nav2_util:/home/matthew/nav2_ws/install/nav2_voxel_grid:/home/matthew/nav2_ws/install/nav2_msgs:/home/matthew/nav2_ws/install/nav2_common:${AMENT_PREFIX_PATH} CMAKE_PREFIX_PATH=/home/matthew/nav2_ws/install/nav2_core:/home/matthew/nav2_ws/install/nav2_costmap_2d:/home/matthew/nav2_ws/install/nav2_map_server:/home/matthew/nav2_ws/install/nav2_lifecycle_manager:/home/matthew/nav2_ws/install/nav2_behavior_tree:/home/matthew/nav2_ws/install/nav2_util:/home/matthew/nav2_ws/install/nav2_voxel_grid:/home/matthew/nav2_ws/install/nav2_msgs:/home/matthew/nav2_ws/install/nav2_common:/opt/ros/iron LD_LIBRARY_PATH=/home/matthew/nav2_ws/install/nav2_costmap_2d/lib:/home/matthew/nav2_ws/install/nav2_map_server/lib:/home/matthew/nav2_ws/install/nav2_lifecycle_manager/lib:/home/matthew/nav2_ws/install/nav2_behavior_tree/lib:/home/matthew/nav2_ws/install/nav2_util/lib:/home/matthew/nav2_ws/install/nav2_voxel_grid/lib:/home/matthew/nav2_ws/install/nav2_msgs/lib:${LD_LIBRARY_PATH} PYTHONPATH=/home/matthew/nav2_ws/install/nav2_msgs/lib/python3.10/site-packages:/home/matthew/nav2_ws/install/nav2_common/lib/python3.10/site-packages:${PYTHONPATH} /usr/bin/cmake --build /home/matthew/nav2_ws/build/nav2_navfn_planner -- -j6 -l6
[38.086s] [ 11%] [32mBuilding CXX object CMakeFiles/nav2_navfn_planner.dir/src/navfn_planner.cpp.o[0m
[49.660s] [ 22%] [32mBuilding CXX object CMakeFiles/nav2_navfn_planner.dir/src/navfn.cpp.o[0m
[60.058s] [ 33%] [32m[1mLinking CXX shared library libnav2_navfn_planner.so[0m
[61.425s] [ 33%] Built target nav2_navfn_planner
[61.573s] [ 44%] [32mBuilding CXX object gtest/CMakeFiles/gtest.dir/src/gtest-all.cc.o[0m
[85.256s] [ 55%] [32m[1mLinking CXX static library libgtest.a[0m
[85.673s] [ 55%] Built target gtest
[85.829s] [ 66%] [32mBuilding CXX object gtest/CMakeFiles/gtest_main.dir/src/gtest_main.cc.o[0m
[88.560s] [ 77%] [32m[1mLinking CXX static library libgtest_main.a[0m
[88.781s] [ 77%] Built target gtest_main
[88.920s] [ 88%] [32mBuilding CXX object test/CMakeFiles/test_dynamic_parameters.dir/test_dynamic_parameters.cpp.o[0m
[107.339s] [100%] [32m[1mLinking CXX executable test_dynamic_parameters[0m
[109.059s] [100%] Built target test_dynamic_parameters
[109.096s] Invoked command in '/home/matthew/nav2_ws/build/nav2_navfn_planner' returned '0': AMENT_PREFIX_PATH=/home/matthew/nav2_ws/install/nav2_core:/home/matthew/nav2_ws/install/nav2_costmap_2d:/home/matthew/nav2_ws/install/nav2_map_server:/home/matthew/nav2_ws/install/nav2_lifecycle_manager:/home/matthew/nav2_ws/install/nav2_behavior_tree:/home/matthew/nav2_ws/install/nav2_util:/home/matthew/nav2_ws/install/nav2_voxel_grid:/home/matthew/nav2_ws/install/nav2_msgs:/home/matthew/nav2_ws/install/nav2_common:${AMENT_PREFIX_PATH} CMAKE_PREFIX_PATH=/home/matthew/nav2_ws/install/nav2_core:/home/matthew/nav2_ws/install/nav2_costmap_2d:/home/matthew/nav2_ws/install/nav2_map_server:/home/matthew/nav2_ws/install/nav2_lifecycle_manager:/home/matthew/nav2_ws/install/nav2_behavior_tree:/home/matthew/nav2_ws/install/nav2_util:/home/matthew/nav2_ws/install/nav2_voxel_grid:/home/matthew/nav2_ws/install/nav2_msgs:/home/matthew/nav2_ws/install/nav2_common:/opt/ros/iron LD_LIBRARY_PATH=/home/matthew/nav2_ws/install/nav2_costmap_2d/lib:/home/matthew/nav2_ws/install/nav2_map_server/lib:/home/matthew/nav2_ws/install/nav2_lifecycle_manager/lib:/home/matthew/nav2_ws/install/nav2_behavior_tree/lib:/home/matthew/nav2_ws/install/nav2_util/lib:/home/matthew/nav2_ws/install/nav2_voxel_grid/lib:/home/matthew/nav2_ws/install/nav2_msgs/lib:${LD_LIBRARY_PATH} PYTHONPATH=/home/matthew/nav2_ws/install/nav2_msgs/lib/python3.10/site-packages:/home/matthew/nav2_ws/install/nav2_common/lib/python3.10/site-packages:${PYTHONPATH} /usr/bin/cmake --build /home/matthew/nav2_ws/build/nav2_navfn_planner -- -j6 -l6
[109.097s] Invoking command in '/home/matthew/nav2_ws/build/nav2_navfn_planner': AMENT_PREFIX_PATH=/home/matthew/nav2_ws/install/nav2_core:/home/matthew/nav2_ws/install/nav2_costmap_2d:/home/matthew/nav2_ws/install/nav2_map_server:/home/matthew/nav2_ws/install/nav2_lifecycle_manager:/home/matthew/nav2_ws/install/nav2_behavior_tree:/home/matthew/nav2_ws/install/nav2_util:/home/matthew/nav2_ws/install/nav2_voxel_grid:/home/matthew/nav2_ws/install/nav2_msgs:/home/matthew/nav2_ws/install/nav2_common:${AMENT_PREFIX_PATH} CMAKE_PREFIX_PATH=/home/matthew/nav2_ws/install/nav2_core:/home/matthew/nav2_ws/install/nav2_costmap_2d:/home/matthew/nav2_ws/install/nav2_map_server:/home/matthew/nav2_ws/install/nav2_lifecycle_manager:/home/matthew/nav2_ws/install/nav2_behavior_tree:/home/matthew/nav2_ws/install/nav2_util:/home/matthew/nav2_ws/install/nav2_voxel_grid:/home/matthew/nav2_ws/install/nav2_msgs:/home/matthew/nav2_ws/install/nav2_common:/opt/ros/iron LD_LIBRARY_PATH=/home/matthew/nav2_ws/install/nav2_costmap_2d/lib:/home/matthew/nav2_ws/install/nav2_map_server/lib:/home/matthew/nav2_ws/install/nav2_lifecycle_manager/lib:/home/matthew/nav2_ws/install/nav2_behavior_tree/lib:/home/matthew/nav2_ws/install/nav2_util/lib:/home/matthew/nav2_ws/install/nav2_voxel_grid/lib:/home/matthew/nav2_ws/install/nav2_msgs/lib:${LD_LIBRARY_PATH} PYTHONPATH=/home/matthew/nav2_ws/install/nav2_msgs/lib/python3.10/site-packages:/home/matthew/nav2_ws/install/nav2_common/lib/python3.10/site-packages:${PYTHONPATH} /usr/bin/cmake --install /home/matthew/nav2_ws/build/nav2_navfn_planner
[162.800s] -- Install configuration: "Release"
[162.800s] -- Execute custom install script
[162.801s] -- Symlinking: /home/matthew/nav2_ws/install/nav2_navfn_planner/share/nav2_navfn_planner//global_planner_plugin.xml
[162.802s] -- Symlinking: /home/matthew/nav2_ws/install/nav2_navfn_planner/lib/libnav2_navfn_planner.so
[162.813s] -- Symlinking: /home/matthew/nav2_ws/install/nav2_navfn_planner/include//nav2_navfn_planner/navfn.hpp
[162.813s] -- Symlinking: /home/matthew/nav2_ws/install/nav2_navfn_planner/include//nav2_navfn_planner/navfn_planner.hpp
[162.814s] -- Up-to-date symlink: /home/matthew/nav2_ws/install/nav2_navfn_planner/share/nav2_navfn_planner/global_planner_plugin.xml
[162.814s] -- Symlinking: /home/matthew/nav2_ws/install/nav2_navfn_planner/share/nav2_navfn_planner/environment/library_path.sh
[162.814s] -- Symlinking: /home/matthew/nav2_ws/install/nav2_navfn_planner/share/nav2_navfn_planner/environment/library_path.dsv
[162.814s] -- Symlinking: /home/matthew/nav2_ws/install/nav2_navfn_planner/share/ament_index/resource_index/package_run_dependencies/nav2_navfn_planner
[162.814s] -- Symlinking: /home/matthew/nav2_ws/install/nav2_navfn_planner/share/ament_index/resource_index/parent_prefix_path/nav2_navfn_planner
[162.814s] -- Symlinking: /home/matthew/nav2_ws/install/nav2_navfn_planner/share/nav2_navfn_planner/environment/ament_prefix_path.sh
[162.814s] -- Symlinking: /home/matthew/nav2_ws/install/nav2_navfn_planner/share/nav2_navfn_planner/environment/ament_prefix_path.dsv
[162.814s] -- Symlinking: /home/matthew/nav2_ws/install/nav2_navfn_planner/share/nav2_navfn_planner/environment/path.sh
[162.815s] -- Symlinking: /home/matthew/nav2_ws/install/nav2_navfn_planner/share/nav2_navfn_planner/environment/path.dsv
[162.815s] -- Symlinking: /home/matthew/nav2_ws/install/nav2_navfn_planner/share/nav2_navfn_planner/local_setup.bash
[162.815s] -- Symlinking: /home/matthew/nav2_ws/install/nav2_navfn_planner/share/nav2_navfn_planner/local_setup.sh
[162.815s] -- Symlinking: /home/matthew/nav2_ws/install/nav2_navfn_planner/share/nav2_navfn_planner/local_setup.zsh
[162.815s] -- Symlinking: /home/matthew/nav2_ws/install/nav2_navfn_planner/share/nav2_navfn_planner/local_setup.dsv
[162.815s] -- Symlinking: /home/matthew/nav2_ws/install/nav2_navfn_planner/share/nav2_navfn_planner/package.dsv
[162.815s] -- Symlinking: /home/matthew/nav2_ws/install/nav2_navfn_planner/share/ament_index/resource_index/packages/nav2_navfn_planner
[162.815s] -- Symlinking: /home/matthew/nav2_ws/install/nav2_navfn_planner/share/ament_index/resource_index/nav2_core__pluginlib__plugin/nav2_navfn_planner
[162.815s] -- Symlinking: /home/matthew/nav2_ws/install/nav2_navfn_planner/share/nav2_navfn_planner/cmake/ament_cmake_export_include_directories-extras.cmake
[162.816s] -- Symlinking: /home/matthew/nav2_ws/install/nav2_navfn_planner/share/nav2_navfn_planner/cmake/ament_cmake_export_libraries-extras.cmake
[162.816s] -- Symlinking: /home/matthew/nav2_ws/install/nav2_navfn_planner/share/nav2_navfn_planner/cmake/ament_cmake_export_dependencies-extras.cmake
[162.816s] -- Symlinking: /home/matthew/nav2_ws/install/nav2_navfn_planner/share/nav2_navfn_planner/cmake/nav2_navfn_plannerConfig.cmake
[162.816s] -- Symlinking: /home/matthew/nav2_ws/install/nav2_navfn_planner/share/nav2_navfn_planner/cmake/nav2_navfn_plannerConfig-version.cmake
[162.816s] -- Symlinking: /home/matthew/nav2_ws/install/nav2_navfn_planner/share/nav2_navfn_planner/package.xml
[162.831s] Invoked command in '/home/matthew/nav2_ws/build/nav2_navfn_planner' returned '0': AMENT_PREFIX_PATH=/home/matthew/nav2_ws/install/nav2_core:/home/matthew/nav2_ws/install/nav2_costmap_2d:/home/matthew/nav2_ws/install/nav2_map_server:/home/matthew/nav2_ws/install/nav2_lifecycle_manager:/home/matthew/nav2_ws/install/nav2_behavior_tree:/home/matthew/nav2_ws/install/nav2_util:/home/matthew/nav2_ws/install/nav2_voxel_grid:/home/matthew/nav2_ws/install/nav2_msgs:/home/matthew/nav2_ws/install/nav2_common:${AMENT_PREFIX_PATH} CMAKE_PREFIX_PATH=/home/matthew/nav2_ws/install/nav2_core:/home/matthew/nav2_ws/install/nav2_costmap_2d:/home/matthew/nav2_ws/install/nav2_map_server:/home/matthew/nav2_ws/install/nav2_lifecycle_manager:/home/matthew/nav2_ws/install/nav2_behavior_tree:/home/matthew/nav2_ws/install/nav2_util:/home/matthew/nav2_ws/install/nav2_voxel_grid:/home/matthew/nav2_ws/install/nav2_msgs:/home/matthew/nav2_ws/install/nav2_common:/opt/ros/iron LD_LIBRARY_PATH=/home/matthew/nav2_ws/install/nav2_costmap_2d/lib:/home/matthew/nav2_ws/install/nav2_map_server/lib:/home/matthew/nav2_ws/install/nav2_lifecycle_manager/lib:/home/matthew/nav2_ws/install/nav2_behavior_tree/lib:/home/matthew/nav2_ws/install/nav2_util/lib:/home/matthew/nav2_ws/install/nav2_voxel_grid/lib:/home/matthew/nav2_ws/install/nav2_msgs/lib:${LD_LIBRARY_PATH} PYTHONPATH=/home/matthew/nav2_ws/install/nav2_msgs/lib/python3.10/site-packages:/home/matthew/nav2_ws/install/nav2_common/lib/python3.10/site-packages:${PYTHONPATH} /usr/bin/cmake --install /home/matthew/nav2_ws/build/nav2_navfn_planner
