-- The C compiler identification is GNU 11.4.0
-- The CXX compiler identification is GNU 11.4.0
-- Detecting C compiler ABI info
-- Detecting C compiler ABI info - done
-- Check for working C compiler: /usr/bin/cc - skipped
-- Detecting C compile features
-- Detecting C compile features - done
-- Detecting CXX compiler ABI info
-- Detecting CXX compiler ABI info - done
-- Check for working CXX compiler: /usr/bin/c++ - skipped
-- Detecting CXX compile features
-- Detecting CXX compile features - done
-- Found ament_cmake: 2.0.7 (/opt/ros/iron/share/ament_cmake/cmake)
-- Found Python3: /usr/bin/python3.10 (found version "3.10.12") found components: Interpreter 
-- Override CMake install command with custom implementation using symlinks instead of copying resources
-- Found nav2_common: 1.2.10 (/home/matthew/nav2_ws/install/nav2_common/share/nav2_common/cmake)
-- Found rclcpp: 21.0.8 (/opt/ros/iron/share/rclcpp/cmake)
-- Found rosidl_generator_c: 4.0.1 (/opt/ros/iron/share/rosidl_generator_c/cmake)
-- Found rosidl_generator_cpp: 4.0.1 (/opt/ros/iron/share/rosidl_generator_cpp/cmake)
-- Using all available rosidl_typesupport_c: rosidl_typesupport_fastrtps_c;rosidl_typesupport_introspection_c
-- Using all available rosidl_typesupport_cpp: rosidl_typesupport_fastrtps_cpp;rosidl_typesupport_introspection_cpp
-- Found rmw_implementation_cmake: 7.1.0 (/opt/ros/iron/share/rmw_implementation_cmake/cmake)
-- Found rmw_fastrtps_cpp: 7.1.4 (/opt/ros/iron/share/rmw_fastrtps_cpp/cmake)
-- Found OpenSSL: /usr/lib/aarch64-linux-gnu/libcrypto.so (found version "3.0.2")  
-- Found FastRTPS: /opt/ros/iron/include  
-- Using RMW implementation 'rmw_fastrtps_cpp' as default
-- Found rclcpp_lifecycle: 21.0.8 (/opt/ros/iron/share/rclcpp_lifecycle/cmake)
-- Found std_msgs: 5.0.1 (/opt/ros/iron/share/std_msgs/cmake)
-- Found geometry_msgs: 5.0.1 (/opt/ros/iron/share/geometry_msgs/cmake)
-- Found nav2_costmap_2d: 1.2.10 (/home/matthew/nav2_ws/install/nav2_costmap_2d/share/nav2_costmap_2d/cmake)
-- Found Eigen3: TRUE (found version "3.4.0") 
-- Ensuring Eigen3 include directory is part of orocos-kdl CMake target
-- Found nav2_behavior_tree: 1.2.10 (/home/matthew/nav2_ws/install/nav2_behavior_tree/share/nav2_behavior_tree/cmake)
-- Setting build type to Release as none was specified.
-- Found ament_lint_auto: 0.14.4 (/opt/ros/iron/share/ament_lint_auto/cmake)
-- Added test 'cppcheck' to perform static code analysis on C / C++ code
-- Configured cppcheck include dirs: 
-- Configured cppcheck exclude dirs and/or files: 
-- Added test 'cpplint' to check C / C++ code against the Google style
-- Configured cpplint exclude dirs and/or files: 
-- Added test 'lint_cmake' to check CMake code style
-- Added test 'uncrustify' to check C / C++ code style
-- Configured uncrustify additional arguments: 
-- Added test 'xmllint' to check XML markup files
-- Configuring done
-- Generating done
-- Build files have been written to: /home/matthew/nav2_ws/build/nav2_core
-- Install configuration: "Release"
-- Execute custom install script
-- Symlinking: /home/matthew/nav2_ws/install/nav2_core/include//nav2_core/behavior.hpp
-- Symlinking: /home/matthew/nav2_ws/install/nav2_core/include//nav2_core/behavior_tree_navigator.hpp
-- Symlinking: /home/matthew/nav2_ws/install/nav2_core/include//nav2_core/controller.hpp
-- Symlinking: /home/matthew/nav2_ws/install/nav2_core/include//nav2_core/controller_exceptions.hpp
-- Symlinking: /home/matthew/nav2_ws/install/nav2_core/include//nav2_core/global_planner.hpp
-- Symlinking: /home/matthew/nav2_ws/install/nav2_core/include//nav2_core/goal_checker.hpp
-- Symlinking: /home/matthew/nav2_ws/install/nav2_core/include//nav2_core/planner_exceptions.hpp
-- Symlinking: /home/matthew/nav2_ws/install/nav2_core/include//nav2_core/progress_checker.hpp
-- Symlinking: /home/matthew/nav2_ws/install/nav2_core/include//nav2_core/smoother.hpp
-- Symlinking: /home/matthew/nav2_ws/install/nav2_core/include//nav2_core/smoother_exceptions.hpp
-- Symlinking: /home/matthew/nav2_ws/install/nav2_core/include//nav2_core/waypoint_task_executor.hpp
-- Symlinking: /home/matthew/nav2_ws/install/nav2_core/share/ament_index/resource_index/package_run_dependencies/nav2_core
-- Symlinking: /home/matthew/nav2_ws/install/nav2_core/share/ament_index/resource_index/parent_prefix_path/nav2_core
-- Symlinking: /home/matthew/nav2_ws/install/nav2_core/share/nav2_core/environment/ament_prefix_path.sh
-- Symlinking: /home/matthew/nav2_ws/install/nav2_core/share/nav2_core/environment/ament_prefix_path.dsv
-- Symlinking: /home/matthew/nav2_ws/install/nav2_core/share/nav2_core/environment/path.sh
-- Symlinking: /home/matthew/nav2_ws/install/nav2_core/share/nav2_core/environment/path.dsv
-- Symlinking: /home/matthew/nav2_ws/install/nav2_core/share/nav2_core/local_setup.bash
-- Symlinking: /home/matthew/nav2_ws/install/nav2_core/share/nav2_core/local_setup.sh
-- Symlinking: /home/matthew/nav2_ws/install/nav2_core/share/nav2_core/local_setup.zsh
-- Symlinking: /home/matthew/nav2_ws/install/nav2_core/share/nav2_core/local_setup.dsv
-- Symlinking: /home/matthew/nav2_ws/install/nav2_core/share/nav2_core/package.dsv
-- Symlinking: /home/matthew/nav2_ws/install/nav2_core/share/ament_index/resource_index/packages/nav2_core
-- Symlinking: /home/matthew/nav2_ws/install/nav2_core/share/nav2_core/cmake/ament_cmake_export_include_directories-extras.cmake
-- Symlinking: /home/matthew/nav2_ws/install/nav2_core/share/nav2_core/cmake/ament_cmake_export_dependencies-extras.cmake
-- Symlinking: /home/matthew/nav2_ws/install/nav2_core/share/nav2_core/cmake/nav2_coreConfig.cmake
-- Symlinking: /home/matthew/nav2_ws/install/nav2_core/share/nav2_core/cmake/nav2_coreConfig-version.cmake
-- Symlinking: /home/matthew/nav2_ws/install/nav2_core/share/nav2_core/package.xml
