[0.035s] Invoking command in '/home/matthew/nav2_ws/build/nav2_util': AMENT_PREFIX_PATH=/home/matthew/nav2_ws/install/nav2_msgs:/home/matthew/nav2_ws/install/nav2_common:${AMENT_PREFIX_PATH} CMAKE_PREFIX_PATH=/home/matthew/nav2_ws/install/nav2_msgs:/home/matthew/nav2_ws/install/nav2_common:/home/matthew/ros2_ws/install/ros2_laser_scan_matcher:/home/matthew/ros2_ws/install/opennav_docking_core:/home/matthew/ros2_ws/install/my_robot_description:/home/matthew/ros2_ws/install/map_msgs:/home/matthew/ros2_ws/install/fake_odometry:/home/matthew/ros2_ws/install/dwb_msgs:/home/matthew/ros2_ws/install/csm:/opt/ros/iron LD_LIBRARY_PATH=/home/matthew/nav2_ws/install/nav2_msgs/lib:${LD_LIBRARY_PATH} PYTHONPATH=/home/matthew/nav2_ws/install/nav2_msgs/lib/python3.10/site-packages:/home/matthew/nav2_ws/install/nav2_common/lib/python3.10/site-packages:${PYTHONPATH} /usr/bin/cmake --build /home/matthew/nav2_ws/build/nav2_util -- -j6 -l6
[0.150s] [  5%] Built target gtest
[0.150s] [ 10%] Built target gtest_main
[0.176s] [ 35%] Built target nav2_util_core
[0.200s] [ 40%] Built target test_execution_timer
[0.239s] [ 45%] Built target lifecycle_bringup
[0.244s] [ 50%] Built target test_service_client
[0.251s] [ 57%] Built target test_string_utils
[0.251s] [ 60%] Built target test_node_utils
[0.259s] [ 70%] Built target test_actions
[0.266s] [ 70%] Built target test_lifecycle_utils
[0.307s] [ 80%] Built target test_geometry_utils
[0.308s] [ 80%] Built target test_lifecycle_node
[0.320s] [ 85%] Built target test_lifecycle_cli_node
[0.320s] [ 90%] Built target test_odometry_utils
[0.332s] [100%] Built target test_robot_utils
[0.332s] [100%] Built target test_validation_messages
[0.623s] Invoked command in '/home/matthew/nav2_ws/build/nav2_util' returned '0': AMENT_PREFIX_PATH=/home/matthew/nav2_ws/install/nav2_msgs:/home/matthew/nav2_ws/install/nav2_common:${AMENT_PREFIX_PATH} CMAKE_PREFIX_PATH=/home/matthew/nav2_ws/install/nav2_msgs:/home/matthew/nav2_ws/install/nav2_common:/home/matthew/ros2_ws/install/ros2_laser_scan_matcher:/home/matthew/ros2_ws/install/opennav_docking_core:/home/matthew/ros2_ws/install/my_robot_description:/home/matthew/ros2_ws/install/map_msgs:/home/matthew/ros2_ws/install/fake_odometry:/home/matthew/ros2_ws/install/dwb_msgs:/home/matthew/ros2_ws/install/csm:/opt/ros/iron LD_LIBRARY_PATH=/home/matthew/nav2_ws/install/nav2_msgs/lib:${LD_LIBRARY_PATH} PYTHONPATH=/home/matthew/nav2_ws/install/nav2_msgs/lib/python3.10/site-packages:/home/matthew/nav2_ws/install/nav2_common/lib/python3.10/site-packages:${PYTHONPATH} /usr/bin/cmake --build /home/matthew/nav2_ws/build/nav2_util -- -j6 -l6
[0.627s] Invoking command in '/home/matthew/nav2_ws/build/nav2_util': AMENT_PREFIX_PATH=/home/matthew/nav2_ws/install/nav2_msgs:/home/matthew/nav2_ws/install/nav2_common:${AMENT_PREFIX_PATH} CMAKE_PREFIX_PATH=/home/matthew/nav2_ws/install/nav2_msgs:/home/matthew/nav2_ws/install/nav2_common:/home/matthew/ros2_ws/install/ros2_laser_scan_matcher:/home/matthew/ros2_ws/install/opennav_docking_core:/home/matthew/ros2_ws/install/my_robot_description:/home/matthew/ros2_ws/install/map_msgs:/home/matthew/ros2_ws/install/fake_odometry:/home/matthew/ros2_ws/install/dwb_msgs:/home/matthew/ros2_ws/install/csm:/opt/ros/iron LD_LIBRARY_PATH=/home/matthew/nav2_ws/install/nav2_msgs/lib:${LD_LIBRARY_PATH} PYTHONPATH=/home/matthew/nav2_ws/install/nav2_msgs/lib/python3.10/site-packages:/home/matthew/nav2_ws/install/nav2_common/lib/python3.10/site-packages:${PYTHONPATH} /usr/bin/cmake --install /home/matthew/nav2_ws/build/nav2_util
[0.645s] -- Install configuration: "Release"
[0.646s] -- Execute custom install script
[0.647s] -- Up-to-date symlink: /home/matthew/nav2_ws/install/nav2_util/lib/libnav2_util_core.so
[0.647s] -- Up-to-date symlink: /home/matthew/nav2_ws/install/nav2_util/lib/nav2_util/lifecycle_bringup
[0.648s] -- Up-to-date symlink: /home/matthew/nav2_ws/install/nav2_util/include//nav2_util/clear_entirely_costmap_service_client.hpp
[0.649s] -- Up-to-date symlink: /home/matthew/nav2_ws/install/nav2_util/include//nav2_util/costmap.hpp
[0.649s] -- Up-to-date symlink: /home/matthew/nav2_ws/install/nav2_util/include//nav2_util/execution_timer.hpp
[0.649s] -- Up-to-date symlink: /home/matthew/nav2_ws/install/nav2_util/include//nav2_util/geometry_utils.hpp
[0.649s] -- Up-to-date symlink: /home/matthew/nav2_ws/install/nav2_util/include//nav2_util/lifecycle_node.hpp
[0.650s] -- Up-to-date symlink: /home/matthew/nav2_ws/install/nav2_util/include//nav2_util/lifecycle_service_client.hpp
[0.650s] -- Up-to-date symlink: /home/matthew/nav2_ws/install/nav2_util/include//nav2_util/lifecycle_utils.hpp
[0.650s] -- Up-to-date symlink: /home/matthew/nav2_ws/install/nav2_util/include//nav2_util/line_iterator.hpp
[0.651s] -- Up-to-date symlink: /home/matthew/nav2_ws/install/nav2_util/include//nav2_util/node_thread.hpp
[0.651s] -- Up-to-date symlink: /home/matthew/nav2_ws/install/nav2_util/include//nav2_util/node_utils.hpp
[0.651s] -- Up-to-date symlink: /home/matthew/nav2_ws/install/nav2_util/include//nav2_util/occ_grid_values.hpp
[0.651s] -- Up-to-date symlink: /home/matthew/nav2_ws/install/nav2_util/include//nav2_util/odometry_utils.hpp
[0.651s] -- Up-to-date symlink: /home/matthew/nav2_ws/install/nav2_util/include//nav2_util/robot_utils.hpp
[0.652s] -- Up-to-date symlink: /home/matthew/nav2_ws/install/nav2_util/include//nav2_util/service_client.hpp
[0.652s] -- Up-to-date symlink: /home/matthew/nav2_ws/install/nav2_util/include//nav2_util/simple_action_server.hpp
[0.652s] -- Up-to-date symlink: /home/matthew/nav2_ws/install/nav2_util/include//nav2_util/string_utils.hpp
[0.653s] -- Up-to-date symlink: /home/matthew/nav2_ws/install/nav2_util/include//nav2_util/validate_messages.hpp
[0.653s] -- Up-to-date symlink: /home/matthew/nav2_ws/install/nav2_util/share/nav2_util/environment/library_path.sh
[0.653s] -- Up-to-date symlink: /home/matthew/nav2_ws/install/nav2_util/share/nav2_util/environment/library_path.dsv
[0.653s] -- Up-to-date symlink: /home/matthew/nav2_ws/install/nav2_util/share/ament_index/resource_index/package_run_dependencies/nav2_util
[0.654s] -- Up-to-date symlink: /home/matthew/nav2_ws/install/nav2_util/share/ament_index/resource_index/parent_prefix_path/nav2_util
[0.654s] -- Up-to-date symlink: /home/matthew/nav2_ws/install/nav2_util/share/nav2_util/environment/ament_prefix_path.sh
[0.655s] -- Up-to-date symlink: /home/matthew/nav2_ws/install/nav2_util/share/nav2_util/environment/ament_prefix_path.dsv
[0.655s] -- Up-to-date symlink: /home/matthew/nav2_ws/install/nav2_util/share/nav2_util/environment/path.sh
[0.655s] -- Up-to-date symlink: /home/matthew/nav2_ws/install/nav2_util/share/nav2_util/environment/path.dsv
[0.655s] -- Up-to-date symlink: /home/matthew/nav2_ws/install/nav2_util/share/nav2_util/local_setup.bash
[0.656s] -- Up-to-date symlink: /home/matthew/nav2_ws/install/nav2_util/share/nav2_util/local_setup.sh
[0.656s] -- Up-to-date symlink: /home/matthew/nav2_ws/install/nav2_util/share/nav2_util/local_setup.zsh
[0.656s] -- Up-to-date symlink: /home/matthew/nav2_ws/install/nav2_util/share/nav2_util/local_setup.dsv
[0.656s] -- Symlinking: /home/matthew/nav2_ws/install/nav2_util/share/nav2_util/package.dsv
[0.678s] -- Up-to-date symlink: /home/matthew/nav2_ws/install/nav2_util/share/ament_index/resource_index/packages/nav2_util
[0.678s] -- Up-to-date symlink: /home/matthew/nav2_ws/install/nav2_util/share/nav2_util/cmake/ament_cmake_export_include_directories-extras.cmake
[0.678s] -- Up-to-date symlink: /home/matthew/nav2_ws/install/nav2_util/share/nav2_util/cmake/ament_cmake_export_libraries-extras.cmake
[0.679s] -- Up-to-date symlink: /home/matthew/nav2_ws/install/nav2_util/share/nav2_util/cmake/ament_cmake_export_dependencies-extras.cmake
[0.679s] -- Up-to-date symlink: /home/matthew/nav2_ws/install/nav2_util/share/nav2_util/cmake/nav2_utilConfig.cmake
[0.679s] -- Up-to-date symlink: /home/matthew/nav2_ws/install/nav2_util/share/nav2_util/cmake/nav2_utilConfig-version.cmake
[0.679s] -- Up-to-date symlink: /home/matthew/nav2_ws/install/nav2_util/share/nav2_util/package.xml
[0.685s] Invoked command in '/home/matthew/nav2_ws/build/nav2_util' returned '0': AMENT_PREFIX_PATH=/home/matthew/nav2_ws/install/nav2_msgs:/home/matthew/nav2_ws/install/nav2_common:${AMENT_PREFIX_PATH} CMAKE_PREFIX_PATH=/home/matthew/nav2_ws/install/nav2_msgs:/home/matthew/nav2_ws/install/nav2_common:/home/matthew/ros2_ws/install/ros2_laser_scan_matcher:/home/matthew/ros2_ws/install/opennav_docking_core:/home/matthew/ros2_ws/install/my_robot_description:/home/matthew/ros2_ws/install/map_msgs:/home/matthew/ros2_ws/install/fake_odometry:/home/matthew/ros2_ws/install/dwb_msgs:/home/matthew/ros2_ws/install/csm:/opt/ros/iron LD_LIBRARY_PATH=/home/matthew/nav2_ws/install/nav2_msgs/lib:${LD_LIBRARY_PATH} PYTHONPATH=/home/matthew/nav2_ws/install/nav2_msgs/lib/python3.10/site-packages:/home/matthew/nav2_ws/install/nav2_common/lib/python3.10/site-packages:${PYTHONPATH} /usr/bin/cmake --install /home/matthew/nav2_ws/build/nav2_util
