[0.020s] Invoking command in '/home/matthew/nav2_ws/build/nav2_voxel_grid': AMENT_PREFIX_PATH=/home/matthew/nav2_ws/install/nav2_common:${AMENT_PREFIX_PATH} CMAKE_PREFIX_PATH=/home/matthew/nav2_ws/install/nav2_common:/opt/ros/iron PYTHONPATH=/home/matthew/nav2_ws/install/nav2_common/lib/python3.10/site-packages:${PYTHONPATH} /usr/bin/cmake /home/matthew/nav2_ws/src/navigation2/nav2_voxel_grid -DAMENT_CMAKE_SYMLINK_INSTALL=1 -DCMAKE_INSTALL_PREFIX=/home/matthew/nav2_ws/install/nav2_voxel_grid
[0.131s] -- The C compiler identification is GNU 11.4.0
[0.239s] -- The CXX compiler identification is GNU 11.4.0
[0.257s] -- Detecting C compiler ABI info
[0.392s] -- Detecting C compiler ABI info - done
[0.416s] -- Check for working C compiler: /usr/bin/cc - skipped
[0.420s] -- Detecting C compile features
[0.420s] -- Detecting C compile features - done
[0.425s] -- Detecting CXX compiler ABI info
[0.582s] -- Detecting CXX compiler ABI info - done
[0.603s] -- Check for working CXX compiler: /usr/bin/c++ - skipped
[0.604s] -- Detecting CXX compile features
[0.605s] -- Detecting CXX compile features - done
[0.611s] -- Found ament_cmake: 2.0.7 (/opt/ros/iron/share/ament_cmake/cmake)
[0.998s] -- Found Python3: /usr/bin/python3.10 (found version "3.10.12") found components: Interpreter 
[1.147s] -- Override CMake install command with custom implementation using symlinks instead of copying resources
[1.217s] -- Found nav2_common: 1.2.10 (/home/matthew/nav2_ws/install/nav2_common/share/nav2_common/cmake)
[1.225s] -- Found rclcpp: 21.0.8 (/opt/ros/iron/share/rclcpp/cmake)
[1.317s] -- Found rosidl_generator_c: 4.0.1 (/opt/ros/iron/share/rosidl_generator_c/cmake)
[1.341s] -- Found rosidl_generator_cpp: 4.0.1 (/opt/ros/iron/share/rosidl_generator_cpp/cmake)
[1.372s] -- Using all available rosidl_typesupport_c: rosidl_typesupport_fastrtps_c;rosidl_typesupport_introspection_c
[1.410s] -- Using all available rosidl_typesupport_cpp: rosidl_typesupport_fastrtps_cpp;rosidl_typesupport_introspection_cpp
[1.763s] -- Found rmw_implementation_cmake: 7.1.0 (/opt/ros/iron/share/rmw_implementation_cmake/cmake)
[1.771s] -- Found rmw_fastrtps_cpp: 7.1.4 (/opt/ros/iron/share/rmw_fastrtps_cpp/cmake)
[2.004s] -- Found OpenSSL: /usr/lib/aarch64-linux-gnu/libcrypto.so (found version "3.0.2")  
[2.070s] -- Found FastRTPS: /opt/ros/iron/include  
[2.157s] -- Using RMW implementation 'rmw_fastrtps_cpp' as default
[2.518s] -- Setting build type to Release as none was specified.
[2.525s] -- Found ament_lint_auto: 0.14.4 (/opt/ros/iron/share/ament_lint_auto/cmake)
[2.723s] -- Found gtest sources under '/opt/ros/iron/src/gtest_vendor': C++ tests using 'Google Test' will be built
[2.732s] -- Looking for pthread.h
[2.896s] -- Looking for pthread.h - found
[2.896s] -- Performing Test CMAKE_HAVE_LIBC_PTHREAD
[3.031s] -- Performing Test CMAKE_HAVE_LIBC_PTHREAD - Success
[3.033s] -- Found Threads: TRUE  
[3.052s] -- Added test 'cppcheck' to perform static code analysis on C / C++ code
[3.053s] -- Configured cppcheck include dirs: /home/matthew/nav2_ws/src/navigation2/nav2_voxel_grid/include
[3.053s] -- Configured cppcheck exclude dirs and/or files: 
[3.056s] -- Added test 'cpplint' to check C / C++ code against the Google style
[3.056s] -- Configured cpplint exclude dirs and/or files: 
[3.058s] -- Added test 'lint_cmake' to check CMake code style
[3.062s] -- Added test 'uncrustify' to check C / C++ code style
[3.062s] -- Configured uncrustify additional arguments: 
[3.064s] -- Added test 'xmllint' to check XML markup files
[3.072s] -- Configuring done
[3.116s] -- Generating done
[3.132s] -- Build files have been written to: /home/matthew/nav2_ws/build/nav2_voxel_grid
[3.166s] Invoked command in '/home/matthew/nav2_ws/build/nav2_voxel_grid' returned '0': AMENT_PREFIX_PATH=/home/matthew/nav2_ws/install/nav2_common:${AMENT_PREFIX_PATH} CMAKE_PREFIX_PATH=/home/matthew/nav2_ws/install/nav2_common:/opt/ros/iron PYTHONPATH=/home/matthew/nav2_ws/install/nav2_common/lib/python3.10/site-packages:${PYTHONPATH} /usr/bin/cmake /home/matthew/nav2_ws/src/navigation2/nav2_voxel_grid -DAMENT_CMAKE_SYMLINK_INSTALL=1 -DCMAKE_INSTALL_PREFIX=/home/matthew/nav2_ws/install/nav2_voxel_grid
[3.167s] Invoking command in '/home/matthew/nav2_ws/build/nav2_voxel_grid': AMENT_PREFIX_PATH=/home/matthew/nav2_ws/install/nav2_common:${AMENT_PREFIX_PATH} CMAKE_PREFIX_PATH=/home/matthew/nav2_ws/install/nav2_common:/opt/ros/iron PYTHONPATH=/home/matthew/nav2_ws/install/nav2_common/lib/python3.10/site-packages:${PYTHONPATH} /usr/bin/cmake --build /home/matthew/nav2_ws/build/nav2_voxel_grid -- -j6 -l6
[3.272s] [ 10%] [32mBuilding CXX object CMakeFiles/voxel_grid.dir/src/voxel_grid.cpp.o[0m
[3.277s] [ 20%] [32mBuilding CXX object gtest/CMakeFiles/gtest_main.dir/src/gtest_main.cc.o[0m
[3.287s] [ 30%] [32mBuilding CXX object gtest/CMakeFiles/gtest.dir/src/gtest-all.cc.o[0m
[6.296s] [ 40%] [32m[1mLinking CXX static library libgtest_main.a[0m
[6.509s] [ 40%] Built target gtest_main
[15.671s] [ 50%] [32m[1mLinking CXX shared library libvoxel_grid.so[0m
[16.005s] [ 50%] Built target voxel_grid
[25.777s] [ 60%] [32m[1mLinking CXX static library libgtest.a[0m
[25.931s] [ 60%] Built target gtest
[25.970s] [ 70%] [32mBuilding CXX object test/CMakeFiles/voxel_grid_bresenham_3d.dir/voxel_grid_bresenham_3d.cpp.o[0m
[25.971s] [ 80%] [32mBuilding CXX object test/CMakeFiles/voxel_grid_tests.dir/voxel_grid_tests.cpp.o[0m
[44.905s] [ 90%] [32m[1mLinking CXX executable voxel_grid_tests[0m
[44.978s] [100%] [32m[1mLinking CXX executable voxel_grid_bresenham_3d[0m
[45.352s] [100%] Built target voxel_grid_tests
[45.474s] [100%] Built target voxel_grid_bresenham_3d
[45.531s] Invoked command in '/home/matthew/nav2_ws/build/nav2_voxel_grid' returned '0': AMENT_PREFIX_PATH=/home/matthew/nav2_ws/install/nav2_common:${AMENT_PREFIX_PATH} CMAKE_PREFIX_PATH=/home/matthew/nav2_ws/install/nav2_common:/opt/ros/iron PYTHONPATH=/home/matthew/nav2_ws/install/nav2_common/lib/python3.10/site-packages:${PYTHONPATH} /usr/bin/cmake --build /home/matthew/nav2_ws/build/nav2_voxel_grid -- -j6 -l6
[45.532s] Invoking command in '/home/matthew/nav2_ws/build/nav2_voxel_grid': AMENT_PREFIX_PATH=/home/matthew/nav2_ws/install/nav2_common:${AMENT_PREFIX_PATH} CMAKE_PREFIX_PATH=/home/matthew/nav2_ws/install/nav2_common:/opt/ros/iron PYTHONPATH=/home/matthew/nav2_ws/install/nav2_common/lib/python3.10/site-packages:${PYTHONPATH} /usr/bin/cmake --install /home/matthew/nav2_ws/build/nav2_voxel_grid
[45.545s] -- Install configuration: "Release"
[45.548s] -- Execute custom install script
[45.549s] -- Symlinking: /home/matthew/nav2_ws/install/nav2_voxel_grid/lib/libvoxel_grid.so
[45.582s] -- Symlinking: /home/matthew/nav2_ws/install/nav2_voxel_grid/include/nav2_voxel_grid/voxel_grid.hpp
[45.613s] -- Symlinking: /home/matthew/nav2_ws/install/nav2_voxel_grid/share/nav2_voxel_grid/environment/library_path.sh
[45.631s] -- Symlinking: /home/matthew/nav2_ws/install/nav2_voxel_grid/share/nav2_voxel_grid/environment/library_path.dsv
[45.666s] -- Symlinking: /home/matthew/nav2_ws/install/nav2_voxel_grid/share/ament_index/resource_index/package_run_dependencies/nav2_voxel_grid
[45.705s] -- Symlinking: /home/matthew/nav2_ws/install/nav2_voxel_grid/share/ament_index/resource_index/parent_prefix_path/nav2_voxel_grid
[45.749s] -- Symlinking: /home/matthew/nav2_ws/install/nav2_voxel_grid/share/nav2_voxel_grid/environment/ament_prefix_path.sh
[45.795s] -- Symlinking: /home/matthew/nav2_ws/install/nav2_voxel_grid/share/nav2_voxel_grid/environment/ament_prefix_path.dsv
[45.842s] -- Symlinking: /home/matthew/nav2_ws/install/nav2_voxel_grid/share/nav2_voxel_grid/environment/path.sh
[45.882s] -- Symlinking: /home/matthew/nav2_ws/install/nav2_voxel_grid/share/nav2_voxel_grid/environment/path.dsv
[45.930s] -- Symlinking: /home/matthew/nav2_ws/install/nav2_voxel_grid/share/nav2_voxel_grid/local_setup.bash
[45.982s] -- Symlinking: /home/matthew/nav2_ws/install/nav2_voxel_grid/share/nav2_voxel_grid/local_setup.sh
[46.025s] -- Symlinking: /home/matthew/nav2_ws/install/nav2_voxel_grid/share/nav2_voxel_grid/local_setup.zsh
[46.061s] -- Symlinking: /home/matthew/nav2_ws/install/nav2_voxel_grid/share/nav2_voxel_grid/local_setup.dsv
[46.103s] -- Symlinking: /home/matthew/nav2_ws/install/nav2_voxel_grid/share/nav2_voxel_grid/package.dsv
[46.121s] -- Symlinking: /home/matthew/nav2_ws/install/nav2_voxel_grid/share/ament_index/resource_index/packages/nav2_voxel_grid
[46.139s] -- Symlinking: /home/matthew/nav2_ws/install/nav2_voxel_grid/share/nav2_voxel_grid/cmake/ament_cmake_export_dependencies-extras.cmake
[46.156s] -- Symlinking: /home/matthew/nav2_ws/install/nav2_voxel_grid/share/nav2_voxel_grid/cmake/ament_cmake_export_include_directories-extras.cmake
[46.174s] -- Symlinking: /home/matthew/nav2_ws/install/nav2_voxel_grid/share/nav2_voxel_grid/cmake/ament_cmake_export_libraries-extras.cmake
[46.192s] -- Symlinking: /home/matthew/nav2_ws/install/nav2_voxel_grid/share/nav2_voxel_grid/cmake/nav2_voxel_gridConfig.cmake
[46.210s] -- Symlinking: /home/matthew/nav2_ws/install/nav2_voxel_grid/share/nav2_voxel_grid/cmake/nav2_voxel_gridConfig-version.cmake
[46.228s] -- Symlinking: /home/matthew/nav2_ws/install/nav2_voxel_grid/share/nav2_voxel_grid/package.xml
[46.253s] Invoked command in '/home/matthew/nav2_ws/build/nav2_voxel_grid' returned '0': AMENT_PREFIX_PATH=/home/matthew/nav2_ws/install/nav2_common:${AMENT_PREFIX_PATH} CMAKE_PREFIX_PATH=/home/matthew/nav2_ws/install/nav2_common:/opt/ros/iron PYTHONPATH=/home/matthew/nav2_ws/install/nav2_common/lib/python3.10/site-packages:${PYTHONPATH} /usr/bin/cmake --install /home/matthew/nav2_ws/build/nav2_voxel_grid
