[0.027s] Invoking command in '/home/matthew/build/my_robot': /usr/bin/cmake /home/matthew/catkin_ws/src/my_robot -DCATKIN_INSTALL_INTO_PREFIX_ROOT=0 -DCMAKE_INSTALL_PREFIX=/home/matthew/install/my_robot
[0.082s] [31mCMake Error at CMakeLists.txt:10 (find_package):
[0.082s]   By not providing "Findcatkin.cmake" in CMAKE_MODULE_PATH this project has
[0.082s]   asked CMake to find a package configuration file provided by "catkin", but
[0.082s]   CMake did not find one.
[0.082s] 
[0.083s]   Could not find a package configuration file provided by "catkin" with any
[0.083s]   of the following names:
[0.083s] 
[0.083s]     catkinConfig.cmake
[0.083s]     catkin-config.cmake
[0.083s] 
[0.083s]   Add the installation prefix of "catkin" to CMAKE_PREFIX_PATH or set
[0.083s]   "catkin_DIR" to a directory containing one of the above files.  If "catkin"
[0.083s]   provides a separate development package or SDK, be sure it has been
[0.084s]   installed.
[0.084s] 
[0.084s] [0m
[0.084s] -- Configuring incomplete, errors occurred!
[0.084s] See also "/home/matthew/build/my_robot/CMakeFiles/CMakeOutput.log".
[0.090s] Invoked command in '/home/matthew/build/my_robot' returned '1': /usr/bin/cmake /home/matthew/catkin_ws/src/my_robot -DCATKIN_INSTALL_INTO_PREFIX_ROOT=0 -DCMAKE_INSTALL_PREFIX=/home/matthew/install/my_robot
