[0.065s] Invoking command in '/home/matthew/nav2_ws/build/nav2_voxel_grid': AMENT_PREFIX_PATH=/home/matthew/nav2_ws/install/nav2_common:${AMENT_PREFIX_PATH} CMAKE_PREFIX_PATH=/home/matthew/nav2_ws/install/nav2_common:/home/matthew/ros2_ws/install/ros2_laser_scan_matcher:/home/matthew/ros2_ws/install/opennav_docking_core:/home/matthew/ros2_ws/install/my_robot_description:/home/matthew/ros2_ws/install/map_msgs:/home/matthew/ros2_ws/install/fake_odometry:/home/matthew/ros2_ws/install/dwb_msgs:/home/matthew/ros2_ws/install/csm:/opt/ros/iron PYTHONPATH=/home/matthew/nav2_ws/install/nav2_common/lib/python3.10/site-packages:${PYTHONPATH} /usr/bin/cmake --build /home/matthew/nav2_ws/build/nav2_voxel_grid -- -j6 -l6
[0.244s] [ 20%] Built target gtest_main
[0.256s] [ 40%] Built target gtest
[0.291s] [ 60%] Built target voxel_grid
[0.376s] [ 80%] Built target voxel_grid_tests
[0.412s] [100%] Built target voxel_grid_bresenham_3d
[0.476s] Invoked command in '/home/matthew/nav2_ws/build/nav2_voxel_grid' returned '0': AMENT_PREFIX_PATH=/home/matthew/nav2_ws/install/nav2_common:${AMENT_PREFIX_PATH} CMAKE_PREFIX_PATH=/home/matthew/nav2_ws/install/nav2_common:/home/matthew/ros2_ws/install/ros2_laser_scan_matcher:/home/matthew/ros2_ws/install/opennav_docking_core:/home/matthew/ros2_ws/install/my_robot_description:/home/matthew/ros2_ws/install/map_msgs:/home/matthew/ros2_ws/install/fake_odometry:/home/matthew/ros2_ws/install/dwb_msgs:/home/matthew/ros2_ws/install/csm:/opt/ros/iron PYTHONPATH=/home/matthew/nav2_ws/install/nav2_common/lib/python3.10/site-packages:${PYTHONPATH} /usr/bin/cmake --build /home/matthew/nav2_ws/build/nav2_voxel_grid -- -j6 -l6
[0.496s] Invoking command in '/home/matthew/nav2_ws/build/nav2_voxel_grid': AMENT_PREFIX_PATH=/home/matthew/nav2_ws/install/nav2_common:${AMENT_PREFIX_PATH} CMAKE_PREFIX_PATH=/home/matthew/nav2_ws/install/nav2_common:/home/matthew/ros2_ws/install/ros2_laser_scan_matcher:/home/matthew/ros2_ws/install/opennav_docking_core:/home/matthew/ros2_ws/install/my_robot_description:/home/matthew/ros2_ws/install/map_msgs:/home/matthew/ros2_ws/install/fake_odometry:/home/matthew/ros2_ws/install/dwb_msgs:/home/matthew/ros2_ws/install/csm:/opt/ros/iron PYTHONPATH=/home/matthew/nav2_ws/install/nav2_common/lib/python3.10/site-packages:${PYTHONPATH} /usr/bin/cmake --install /home/matthew/nav2_ws/build/nav2_voxel_grid
[0.515s] -- Install configuration: "Release"
[0.522s] -- Execute custom install script
[0.524s] -- Up-to-date symlink: /home/matthew/nav2_ws/install/nav2_voxel_grid/lib/libvoxel_grid.so
[0.525s] -- Up-to-date symlink: /home/matthew/nav2_ws/install/nav2_voxel_grid/include/nav2_voxel_grid/voxel_grid.hpp
[0.526s] -- Up-to-date symlink: /home/matthew/nav2_ws/install/nav2_voxel_grid/share/nav2_voxel_grid/environment/library_path.sh
[0.526s] -- Up-to-date symlink: /home/matthew/nav2_ws/install/nav2_voxel_grid/share/nav2_voxel_grid/environment/library_path.dsv
[0.527s] -- Up-to-date symlink: /home/matthew/nav2_ws/install/nav2_voxel_grid/share/ament_index/resource_index/package_run_dependencies/nav2_voxel_grid
[0.528s] -- Up-to-date symlink: /home/matthew/nav2_ws/install/nav2_voxel_grid/share/ament_index/resource_index/parent_prefix_path/nav2_voxel_grid
[0.529s] -- Up-to-date symlink: /home/matthew/nav2_ws/install/nav2_voxel_grid/share/nav2_voxel_grid/environment/ament_prefix_path.sh
[0.532s] -- Up-to-date symlink: /home/matthew/nav2_ws/install/nav2_voxel_grid/share/nav2_voxel_grid/environment/ament_prefix_path.dsv
[0.533s] -- Up-to-date symlink: /home/matthew/nav2_ws/install/nav2_voxel_grid/share/nav2_voxel_grid/environment/path.sh
[0.533s] -- Up-to-date symlink: /home/matthew/nav2_ws/install/nav2_voxel_grid/share/nav2_voxel_grid/environment/path.dsv
[0.534s] -- Up-to-date symlink: /home/matthew/nav2_ws/install/nav2_voxel_grid/share/nav2_voxel_grid/local_setup.bash
[0.536s] -- Up-to-date symlink: /home/matthew/nav2_ws/install/nav2_voxel_grid/share/nav2_voxel_grid/local_setup.sh
[0.537s] -- Up-to-date symlink: /home/matthew/nav2_ws/install/nav2_voxel_grid/share/nav2_voxel_grid/local_setup.zsh
[0.538s] -- Up-to-date symlink: /home/matthew/nav2_ws/install/nav2_voxel_grid/share/nav2_voxel_grid/local_setup.dsv
[0.540s] -- Symlinking: /home/matthew/nav2_ws/install/nav2_voxel_grid/share/nav2_voxel_grid/package.dsv
[0.568s] -- Up-to-date symlink: /home/matthew/nav2_ws/install/nav2_voxel_grid/share/ament_index/resource_index/packages/nav2_voxel_grid
[0.568s] -- Up-to-date symlink: /home/matthew/nav2_ws/install/nav2_voxel_grid/share/nav2_voxel_grid/cmake/ament_cmake_export_dependencies-extras.cmake
[0.568s] -- Up-to-date symlink: /home/matthew/nav2_ws/install/nav2_voxel_grid/share/nav2_voxel_grid/cmake/ament_cmake_export_include_directories-extras.cmake
[0.569s] -- Up-to-date symlink: /home/matthew/nav2_ws/install/nav2_voxel_grid/share/nav2_voxel_grid/cmake/ament_cmake_export_libraries-extras.cmake
[0.569s] -- Up-to-date symlink: /home/matthew/nav2_ws/install/nav2_voxel_grid/share/nav2_voxel_grid/cmake/nav2_voxel_gridConfig.cmake
[0.569s] -- Up-to-date symlink: /home/matthew/nav2_ws/install/nav2_voxel_grid/share/nav2_voxel_grid/cmake/nav2_voxel_gridConfig-version.cmake
[0.569s] -- Up-to-date symlink: /home/matthew/nav2_ws/install/nav2_voxel_grid/share/nav2_voxel_grid/package.xml
[0.579s] Invoked command in '/home/matthew/nav2_ws/build/nav2_voxel_grid' returned '0': AMENT_PREFIX_PATH=/home/matthew/nav2_ws/install/nav2_common:${AMENT_PREFIX_PATH} CMAKE_PREFIX_PATH=/home/matthew/nav2_ws/install/nav2_common:/home/matthew/ros2_ws/install/ros2_laser_scan_matcher:/home/matthew/ros2_ws/install/opennav_docking_core:/home/matthew/ros2_ws/install/my_robot_description:/home/matthew/ros2_ws/install/map_msgs:/home/matthew/ros2_ws/install/fake_odometry:/home/matthew/ros2_ws/install/dwb_msgs:/home/matthew/ros2_ws/install/csm:/opt/ros/iron PYTHONPATH=/home/matthew/nav2_ws/install/nav2_common/lib/python3.10/site-packages:${PYTHONPATH} /usr/bin/cmake --install /home/matthew/nav2_ws/build/nav2_voxel_grid
