[0.167s] Invoking command in '/home/matthew/nav2_ws/build/nav2_theta_star_planner': AMENT_PREFIX_PATH=/home/matthew/nav2_ws/install/nav2_core:/home/matthew/nav2_ws/install/nav2_costmap_2d:/home/matthew/nav2_ws/install/nav2_map_server:/home/matthew/nav2_ws/install/nav2_lifecycle_manager:/home/matthew/nav2_ws/install/nav2_behavior_tree:/home/matthew/nav2_ws/install/nav2_util:/home/matthew/nav2_ws/install/nav2_voxel_grid:/home/matthew/nav2_ws/install/nav2_msgs:/home/matthew/nav2_ws/install/nav2_common:${AMENT_PREFIX_PATH} CMAKE_PREFIX_PATH=/home/matthew/nav2_ws/install/nav2_core:/home/matthew/nav2_ws/install/nav2_costmap_2d:/home/matthew/nav2_ws/install/nav2_map_server:/home/matthew/nav2_ws/install/nav2_lifecycle_manager:/home/matthew/nav2_ws/install/nav2_behavior_tree:/home/matthew/nav2_ws/install/nav2_util:/home/matthew/nav2_ws/install/nav2_voxel_grid:/home/matthew/nav2_ws/install/nav2_msgs:/home/matthew/nav2_ws/install/nav2_common:/opt/ros/iron LD_LIBRARY_PATH=/home/matthew/nav2_ws/install/nav2_costmap_2d/lib:/home/matthew/nav2_ws/install/nav2_map_server/lib:/home/matthew/nav2_ws/install/nav2_lifecycle_manager/lib:/home/matthew/nav2_ws/install/nav2_behavior_tree/lib:/home/matthew/nav2_ws/install/nav2_util/lib:/home/matthew/nav2_ws/install/nav2_voxel_grid/lib:/home/matthew/nav2_ws/install/nav2_msgs/lib:${LD_LIBRARY_PATH} PYTHONPATH=/home/matthew/nav2_ws/install/nav2_msgs/lib/python3.10/site-packages:/home/matthew/nav2_ws/install/nav2_common/lib/python3.10/site-packages:${PYTHONPATH} /usr/bin/cmake --build /home/matthew/nav2_ws/build/nav2_theta_star_planner -- -j6 -l6
[0.290s] [35m[1mConsolidate compiler generated dependencies of target gtest_main[0m
[0.333s] [35m[1mConsolidate compiler generated dependencies of target nav2_theta_star_planner[0m
[0.334s] [35m[1mConsolidate compiler generated dependencies of target gtest[0m
[0.401s] [ 22%] Built target gtest_main
[0.413s] [ 44%] Built target gtest
[0.436s] [ 77%] Built target nav2_theta_star_planner
[0.516s] [35m[1mConsolidate compiler generated dependencies of target test_theta_star[0m
[0.618s] [100%] Built target test_theta_star
[0.657s] Invoked command in '/home/matthew/nav2_ws/build/nav2_theta_star_planner' returned '0': AMENT_PREFIX_PATH=/home/matthew/nav2_ws/install/nav2_core:/home/matthew/nav2_ws/install/nav2_costmap_2d:/home/matthew/nav2_ws/install/nav2_map_server:/home/matthew/nav2_ws/install/nav2_lifecycle_manager:/home/matthew/nav2_ws/install/nav2_behavior_tree:/home/matthew/nav2_ws/install/nav2_util:/home/matthew/nav2_ws/install/nav2_voxel_grid:/home/matthew/nav2_ws/install/nav2_msgs:/home/matthew/nav2_ws/install/nav2_common:${AMENT_PREFIX_PATH} CMAKE_PREFIX_PATH=/home/matthew/nav2_ws/install/nav2_core:/home/matthew/nav2_ws/install/nav2_costmap_2d:/home/matthew/nav2_ws/install/nav2_map_server:/home/matthew/nav2_ws/install/nav2_lifecycle_manager:/home/matthew/nav2_ws/install/nav2_behavior_tree:/home/matthew/nav2_ws/install/nav2_util:/home/matthew/nav2_ws/install/nav2_voxel_grid:/home/matthew/nav2_ws/install/nav2_msgs:/home/matthew/nav2_ws/install/nav2_common:/opt/ros/iron LD_LIBRARY_PATH=/home/matthew/nav2_ws/install/nav2_costmap_2d/lib:/home/matthew/nav2_ws/install/nav2_map_server/lib:/home/matthew/nav2_ws/install/nav2_lifecycle_manager/lib:/home/matthew/nav2_ws/install/nav2_behavior_tree/lib:/home/matthew/nav2_ws/install/nav2_util/lib:/home/matthew/nav2_ws/install/nav2_voxel_grid/lib:/home/matthew/nav2_ws/install/nav2_msgs/lib:${LD_LIBRARY_PATH} PYTHONPATH=/home/matthew/nav2_ws/install/nav2_msgs/lib/python3.10/site-packages:/home/matthew/nav2_ws/install/nav2_common/lib/python3.10/site-packages:${PYTHONPATH} /usr/bin/cmake --build /home/matthew/nav2_ws/build/nav2_theta_star_planner -- -j6 -l6
[0.678s] Invoking command in '/home/matthew/nav2_ws/build/nav2_theta_star_planner': AMENT_PREFIX_PATH=/home/matthew/nav2_ws/install/nav2_core:/home/matthew/nav2_ws/install/nav2_costmap_2d:/home/matthew/nav2_ws/install/nav2_map_server:/home/matthew/nav2_ws/install/nav2_lifecycle_manager:/home/matthew/nav2_ws/install/nav2_behavior_tree:/home/matthew/nav2_ws/install/nav2_util:/home/matthew/nav2_ws/install/nav2_voxel_grid:/home/matthew/nav2_ws/install/nav2_msgs:/home/matthew/nav2_ws/install/nav2_common:${AMENT_PREFIX_PATH} CMAKE_PREFIX_PATH=/home/matthew/nav2_ws/install/nav2_core:/home/matthew/nav2_ws/install/nav2_costmap_2d:/home/matthew/nav2_ws/install/nav2_map_server:/home/matthew/nav2_ws/install/nav2_lifecycle_manager:/home/matthew/nav2_ws/install/nav2_behavior_tree:/home/matthew/nav2_ws/install/nav2_util:/home/matthew/nav2_ws/install/nav2_voxel_grid:/home/matthew/nav2_ws/install/nav2_msgs:/home/matthew/nav2_ws/install/nav2_common:/opt/ros/iron LD_LIBRARY_PATH=/home/matthew/nav2_ws/install/nav2_costmap_2d/lib:/home/matthew/nav2_ws/install/nav2_map_server/lib:/home/matthew/nav2_ws/install/nav2_lifecycle_manager/lib:/home/matthew/nav2_ws/install/nav2_behavior_tree/lib:/home/matthew/nav2_ws/install/nav2_util/lib:/home/matthew/nav2_ws/install/nav2_voxel_grid/lib:/home/matthew/nav2_ws/install/nav2_msgs/lib:${LD_LIBRARY_PATH} PYTHONPATH=/home/matthew/nav2_ws/install/nav2_msgs/lib/python3.10/site-packages:/home/matthew/nav2_ws/install/nav2_common/lib/python3.10/site-packages:${PYTHONPATH} /usr/bin/cmake --install /home/matthew/nav2_ws/build/nav2_theta_star_planner
[0.706s] -- Install configuration: "Release"
[0.707s] -- Execute custom install script
[0.707s] -- Up-to-date symlink: /home/matthew/nav2_ws/install/nav2_theta_star_planner/share/nav2_theta_star_planner//theta_star_planner.xml
[0.708s] -- Up-to-date symlink: /home/matthew/nav2_ws/install/nav2_theta_star_planner/lib/libnav2_theta_star_planner.so
[0.711s] -- Up-to-date symlink: /home/matthew/nav2_ws/install/nav2_theta_star_planner/include//nav2_theta_star_planner/theta_star.hpp
[0.711s] -- Up-to-date symlink: /home/matthew/nav2_ws/install/nav2_theta_star_planner/include//nav2_theta_star_planner/theta_star_planner.hpp
[0.711s] -- Up-to-date symlink: /home/matthew/nav2_ws/install/nav2_theta_star_planner/share/nav2_theta_star_planner/theta_star_planner.xml
[0.711s] -- Up-to-date symlink: /home/matthew/nav2_ws/install/nav2_theta_star_planner/share/nav2_theta_star_planner/environment/library_path.sh
[0.713s] -- Up-to-date symlink: /home/matthew/nav2_ws/install/nav2_theta_star_planner/share/nav2_theta_star_planner/environment/library_path.dsv
[0.726s] -- Up-to-date symlink: /home/matthew/nav2_ws/install/nav2_theta_star_planner/share/ament_index/resource_index/package_run_dependencies/nav2_theta_star_planner
[0.727s] -- Up-to-date symlink: /home/matthew/nav2_ws/install/nav2_theta_star_planner/share/ament_index/resource_index/parent_prefix_path/nav2_theta_star_planner
[0.727s] -- Up-to-date symlink: /home/matthew/nav2_ws/install/nav2_theta_star_planner/share/nav2_theta_star_planner/environment/ament_prefix_path.sh
[0.728s] -- Up-to-date symlink: /home/matthew/nav2_ws/install/nav2_theta_star_planner/share/nav2_theta_star_planner/environment/ament_prefix_path.dsv
[0.728s] -- Up-to-date symlink: /home/matthew/nav2_ws/install/nav2_theta_star_planner/share/nav2_theta_star_planner/environment/path.sh
[0.728s] -- Up-to-date symlink: /home/matthew/nav2_ws/install/nav2_theta_star_planner/share/nav2_theta_star_planner/environment/path.dsv
[0.728s] -- Up-to-date symlink: /home/matthew/nav2_ws/install/nav2_theta_star_planner/share/nav2_theta_star_planner/local_setup.bash
[0.728s] -- Up-to-date symlink: /home/matthew/nav2_ws/install/nav2_theta_star_planner/share/nav2_theta_star_planner/local_setup.sh
[0.728s] -- Up-to-date symlink: /home/matthew/nav2_ws/install/nav2_theta_star_planner/share/nav2_theta_star_planner/local_setup.zsh
[0.729s] -- Up-to-date symlink: /home/matthew/nav2_ws/install/nav2_theta_star_planner/share/nav2_theta_star_planner/local_setup.dsv
[0.729s] -- Symlinking: /home/matthew/nav2_ws/install/nav2_theta_star_planner/share/nav2_theta_star_planner/package.dsv
[0.758s] -- Up-to-date symlink: /home/matthew/nav2_ws/install/nav2_theta_star_planner/share/ament_index/resource_index/packages/nav2_theta_star_planner
[0.759s] -- Up-to-date symlink: /home/matthew/nav2_ws/install/nav2_theta_star_planner/share/ament_index/resource_index/nav2_core__pluginlib__plugin/nav2_theta_star_planner
[0.760s] -- Up-to-date symlink: /home/matthew/nav2_ws/install/nav2_theta_star_planner/share/nav2_theta_star_planner/cmake/ament_cmake_export_include_directories-extras.cmake
[0.761s] -- Up-to-date symlink: /home/matthew/nav2_ws/install/nav2_theta_star_planner/share/nav2_theta_star_planner/cmake/ament_cmake_export_libraries-extras.cmake
[0.761s] -- Up-to-date symlink: /home/matthew/nav2_ws/install/nav2_theta_star_planner/share/nav2_theta_star_planner/cmake/ament_cmake_export_dependencies-extras.cmake
[0.763s] -- Up-to-date symlink: /home/matthew/nav2_ws/install/nav2_theta_star_planner/share/nav2_theta_star_planner/cmake/nav2_theta_star_plannerConfig.cmake
[0.763s] -- Up-to-date symlink: /home/matthew/nav2_ws/install/nav2_theta_star_planner/share/nav2_theta_star_planner/cmake/nav2_theta_star_plannerConfig-version.cmake
[0.764s] -- Up-to-date symlink: /home/matthew/nav2_ws/install/nav2_theta_star_planner/share/nav2_theta_star_planner/package.xml
[0.784s] Invoked command in '/home/matthew/nav2_ws/build/nav2_theta_star_planner' returned '0': AMENT_PREFIX_PATH=/home/matthew/nav2_ws/install/nav2_core:/home/matthew/nav2_ws/install/nav2_costmap_2d:/home/matthew/nav2_ws/install/nav2_map_server:/home/matthew/nav2_ws/install/nav2_lifecycle_manager:/home/matthew/nav2_ws/install/nav2_behavior_tree:/home/matthew/nav2_ws/install/nav2_util:/home/matthew/nav2_ws/install/nav2_voxel_grid:/home/matthew/nav2_ws/install/nav2_msgs:/home/matthew/nav2_ws/install/nav2_common:${AMENT_PREFIX_PATH} CMAKE_PREFIX_PATH=/home/matthew/nav2_ws/install/nav2_core:/home/matthew/nav2_ws/install/nav2_costmap_2d:/home/matthew/nav2_ws/install/nav2_map_server:/home/matthew/nav2_ws/install/nav2_lifecycle_manager:/home/matthew/nav2_ws/install/nav2_behavior_tree:/home/matthew/nav2_ws/install/nav2_util:/home/matthew/nav2_ws/install/nav2_voxel_grid:/home/matthew/nav2_ws/install/nav2_msgs:/home/matthew/nav2_ws/install/nav2_common:/opt/ros/iron LD_LIBRARY_PATH=/home/matthew/nav2_ws/install/nav2_costmap_2d/lib:/home/matthew/nav2_ws/install/nav2_map_server/lib:/home/matthew/nav2_ws/install/nav2_lifecycle_manager/lib:/home/matthew/nav2_ws/install/nav2_behavior_tree/lib:/home/matthew/nav2_ws/install/nav2_util/lib:/home/matthew/nav2_ws/install/nav2_voxel_grid/lib:/home/matthew/nav2_ws/install/nav2_msgs/lib:${LD_LIBRARY_PATH} PYTHONPATH=/home/matthew/nav2_ws/install/nav2_msgs/lib/python3.10/site-packages:/home/matthew/nav2_ws/install/nav2_common/lib/python3.10/site-packages:${PYTHONPATH} /usr/bin/cmake --install /home/matthew/nav2_ws/build/nav2_theta_star_planner
