[0.225s] DEBUG:colcon:Command line arguments: ['/usr/bin/colcon', 'build', '--symlink-install']
[0.225s] DEBUG:colcon:Parsed command line arguments: Namespace(log_base=None, log_level=None, verb_name='build', build_base='build', install_base='install', merge_install=False, symlink_install=True, test_result_base=None, continue_on_error=False, executor='parallel', parallel_workers=6, event_handlers=None, ignore_user_meta=False, metas=['./colcon.meta'], base_paths=['.'], packages_ignore=None, packages_ignore_regex=None, paths=None, packages_up_to=None, packages_up_to_regex=None, packages_above=None, packages_above_and_dependencies=None, packages_above_depth=None, packages_select_by_dep=None, packages_skip_by_dep=None, packages_skip_up_to=None, packages_select_build_failed=False, packages_skip_build_finished=False, packages_select_test_failures=False, packages_skip_test_passed=False, packages_select=None, packages_skip=None, packages_select_regex=None, packages_skip_regex=None, packages_start=None, packages_end=None, allow_overriding=[], cmake_args=None, cmake_target=None, cmake_target_skip_unavailable=False, cmake_clean_cache=False, cmake_clean_first=False, cmake_force_configure=False, ament_cmake_args=None, catkin_cmake_args=None, catkin_skip_building_tests=False, mixin_files=None, mixin=None, verb_parser=<colcon_mixin.mixin.mixin_argument.MixinArgumentDecorator object at 0xffffa7410cd0>, verb_extension=<colcon_core.verb.build.BuildVerb object at 0xffffa7410250>, main=<bound method BuildVerb.main of <colcon_core.verb.build.BuildVerb object at 0xffffa7410250>>, mixin_verb=('build',))
[0.581s] Level 1:colcon.colcon_core.package_discovery:discover_packages(colcon_meta) check parameters
[0.581s] Level 1:colcon.colcon_core.package_discovery:discover_packages(recursive) check parameters
[0.581s] Level 1:colcon.colcon_core.package_discovery:discover_packages(ignore) check parameters
[0.581s] Level 1:colcon.colcon_core.package_discovery:discover_packages(path) check parameters
[0.581s] Level 1:colcon.colcon_core.package_discovery:discover_packages(colcon_meta) discover
[0.582s] Level 1:colcon.colcon_core.package_discovery:discover_packages(recursive) discover
[0.582s] INFO:colcon.colcon_core.package_discovery:Crawling recursively for packages in '/home/matthew/ros2_ws'
[0.582s] Level 1:colcon.colcon_core.package_identification:_identify(.) by extensions ['ignore', 'ignore_ament_install']
[0.582s] Level 1:colcon.colcon_core.package_identification:_identify(.) by extension 'ignore'
[0.582s] Level 1:colcon.colcon_core.package_identification:_identify(.) by extension 'ignore_ament_install'
[0.582s] Level 1:colcon.colcon_core.package_identification:_identify(.) by extensions ['colcon_pkg']
[0.582s] Level 1:colcon.colcon_core.package_identification:_identify(.) by extension 'colcon_pkg'
[0.582s] Level 1:colcon.colcon_core.package_identification:_identify(.) by extensions ['colcon_meta']
[0.583s] Level 1:colcon.colcon_core.package_identification:_identify(.) by extension 'colcon_meta'
[0.583s] Level 1:colcon.colcon_core.package_identification:_identify(.) by extensions ['ros']
[0.583s] Level 1:colcon.colcon_core.package_identification:_identify(.) by extension 'ros'
[0.605s] Level 1:colcon.colcon_core.package_identification:_identify(.) by extensions ['cmake', 'python']
[0.605s] Level 1:colcon.colcon_core.package_identification:_identify(.) by extension 'cmake'
[0.605s] Level 1:colcon.colcon_core.package_identification:_identify(.) by extension 'python'
[0.605s] Level 1:colcon.colcon_core.package_identification:_identify(.) by extensions ['python_setup_py']
[0.605s] Level 1:colcon.colcon_core.package_identification:_identify(.) by extension 'python_setup_py'
[0.605s] Level 1:colcon.colcon_core.package_identification:_identify(build) by extensions ['ignore', 'ignore_ament_install']
[0.606s] Level 1:colcon.colcon_core.package_identification:_identify(build) by extension 'ignore'
[0.606s] Level 1:colcon.colcon_core.package_identification:_identify(build) ignored
[0.606s] Level 1:colcon.colcon_core.package_identification:_identify(install) by extensions ['ignore', 'ignore_ament_install']
[0.606s] Level 1:colcon.colcon_core.package_identification:_identify(install) by extension 'ignore'
[0.606s] Level 1:colcon.colcon_core.package_identification:_identify(install) ignored
[0.607s] Level 1:colcon.colcon_core.package_identification:_identify(log) by extensions ['ignore', 'ignore_ament_install']
[0.607s] Level 1:colcon.colcon_core.package_identification:_identify(log) by extension 'ignore'
[0.607s] Level 1:colcon.colcon_core.package_identification:_identify(log) ignored
[0.607s] Level 1:colcon.colcon_core.package_identification:_identify(src) by extensions ['ignore', 'ignore_ament_install']
[0.607s] Level 1:colcon.colcon_core.package_identification:_identify(src) by extension 'ignore'
[0.607s] Level 1:colcon.colcon_core.package_identification:_identify(src) by extension 'ignore_ament_install'
[0.607s] Level 1:colcon.colcon_core.package_identification:_identify(src) by extensions ['colcon_pkg']
[0.607s] Level 1:colcon.colcon_core.package_identification:_identify(src) by extension 'colcon_pkg'
[0.608s] Level 1:colcon.colcon_core.package_identification:_identify(src) by extensions ['colcon_meta']
[0.608s] Level 1:colcon.colcon_core.package_identification:_identify(src) by extension 'colcon_meta'
[0.608s] Level 1:colcon.colcon_core.package_identification:_identify(src) by extensions ['ros']
[0.608s] Level 1:colcon.colcon_core.package_identification:_identify(src) by extension 'ros'
[0.608s] Level 1:colcon.colcon_core.package_identification:_identify(src) by extensions ['cmake', 'python']
[0.608s] Level 1:colcon.colcon_core.package_identification:_identify(src) by extension 'cmake'
[0.608s] Level 1:colcon.colcon_core.package_identification:_identify(src) by extension 'python'
[0.608s] Level 1:colcon.colcon_core.package_identification:_identify(src) by extensions ['python_setup_py']
[0.608s] Level 1:colcon.colcon_core.package_identification:_identify(src) by extension 'python_setup_py'
[0.608s] Level 1:colcon.colcon_core.package_identification:_identify(src/build) by extensions ['ignore', 'ignore_ament_install']
[0.609s] Level 1:colcon.colcon_core.package_identification:_identify(src/build) by extension 'ignore'
[0.609s] Level 1:colcon.colcon_core.package_identification:_identify(src/build) ignored
[0.609s] Level 1:colcon.colcon_core.package_identification:_identify(src/csm) by extensions ['ignore', 'ignore_ament_install']
[0.609s] Level 1:colcon.colcon_core.package_identification:_identify(src/csm) by extension 'ignore'
[0.609s] Level 1:colcon.colcon_core.package_identification:_identify(src/csm) by extension 'ignore_ament_install'
[0.609s] Level 1:colcon.colcon_core.package_identification:_identify(src/csm) by extensions ['colcon_pkg']
[0.609s] Level 1:colcon.colcon_core.package_identification:_identify(src/csm) by extension 'colcon_pkg'
[0.609s] Level 1:colcon.colcon_core.package_identification:_identify(src/csm) by extensions ['colcon_meta']
[0.609s] Level 1:colcon.colcon_core.package_identification:_identify(src/csm) by extension 'colcon_meta'
[0.610s] Level 1:colcon.colcon_core.package_identification:_identify(src/csm) by extensions ['ros']
[0.610s] Level 1:colcon.colcon_core.package_identification:_identify(src/csm) by extension 'ros'
[0.614s] DEBUG:colcon.colcon_core.package_identification:Package 'src/csm' with type 'ros.ament_cmake' and name 'csm'
[0.615s] Level 1:colcon.colcon_core.package_identification:_identify(src/install) by extensions ['ignore', 'ignore_ament_install']
[0.615s] Level 1:colcon.colcon_core.package_identification:_identify(src/install) by extension 'ignore'
[0.615s] Level 1:colcon.colcon_core.package_identification:_identify(src/install) ignored
[0.615s] Level 1:colcon.colcon_core.package_identification:_identify(src/log) by extensions ['ignore', 'ignore_ament_install']
[0.615s] Level 1:colcon.colcon_core.package_identification:_identify(src/log) by extension 'ignore'
[0.616s] Level 1:colcon.colcon_core.package_identification:_identify(src/log) ignored
[0.616s] Level 1:colcon.colcon_core.package_identification:_identify(src/motorcontrol) by extensions ['ignore', 'ignore_ament_install']
[0.616s] Level 1:colcon.colcon_core.package_identification:_identify(src/motorcontrol) by extension 'ignore'
[0.616s] Level 1:colcon.colcon_core.package_identification:_identify(src/motorcontrol) by extension 'ignore_ament_install'
[0.616s] Level 1:colcon.colcon_core.package_identification:_identify(src/motorcontrol) by extensions ['colcon_pkg']
[0.616s] Level 1:colcon.colcon_core.package_identification:_identify(src/motorcontrol) by extension 'colcon_pkg'
[0.616s] Level 1:colcon.colcon_core.package_identification:_identify(src/motorcontrol) by extensions ['colcon_meta']
[0.616s] Level 1:colcon.colcon_core.package_identification:_identify(src/motorcontrol) by extension 'colcon_meta'
[0.617s] Level 1:colcon.colcon_core.package_identification:_identify(src/motorcontrol) by extensions ['ros']
[0.617s] Level 1:colcon.colcon_core.package_identification:_identify(src/motorcontrol) by extension 'ros'
[0.618s] DEBUG:colcon.colcon_core.package_identification:Package 'src/motorcontrol' with type 'ros.ament_python' and name 'motorcontrol'
[0.618s] Level 1:colcon.colcon_core.package_identification:_identify(src/my_robot_description) by extensions ['ignore', 'ignore_ament_install']
[0.618s] Level 1:colcon.colcon_core.package_identification:_identify(src/my_robot_description) by extension 'ignore'
[0.618s] Level 1:colcon.colcon_core.package_identification:_identify(src/my_robot_description) by extension 'ignore_ament_install'
[0.619s] Level 1:colcon.colcon_core.package_identification:_identify(src/my_robot_description) by extensions ['colcon_pkg']
[0.619s] Level 1:colcon.colcon_core.package_identification:_identify(src/my_robot_description) by extension 'colcon_pkg'
[0.619s] Level 1:colcon.colcon_core.package_identification:_identify(src/my_robot_description) by extensions ['colcon_meta']
[0.619s] Level 1:colcon.colcon_core.package_identification:_identify(src/my_robot_description) by extension 'colcon_meta'
[0.619s] Level 1:colcon.colcon_core.package_identification:_identify(src/my_robot_description) by extensions ['ros']
[0.619s] Level 1:colcon.colcon_core.package_identification:_identify(src/my_robot_description) by extension 'ros'
[0.620s] DEBUG:colcon.colcon_core.package_identification:Package 'src/my_robot_description' with type 'ros.ament_cmake' and name 'my_robot_description'
[0.620s] Level 1:colcon.colcon_core.package_identification:_identify(src/ros2_laser_scan_matcher) by extensions ['ignore', 'ignore_ament_install']
[0.620s] Level 1:colcon.colcon_core.package_identification:_identify(src/ros2_laser_scan_matcher) by extension 'ignore'
[0.621s] Level 1:colcon.colcon_core.package_identification:_identify(src/ros2_laser_scan_matcher) by extension 'ignore_ament_install'
[0.621s] Level 1:colcon.colcon_core.package_identification:_identify(src/ros2_laser_scan_matcher) by extensions ['colcon_pkg']
[0.621s] Level 1:colcon.colcon_core.package_identification:_identify(src/ros2_laser_scan_matcher) by extension 'colcon_pkg'
[0.621s] Level 1:colcon.colcon_core.package_identification:_identify(src/ros2_laser_scan_matcher) by extensions ['colcon_meta']
[0.621s] Level 1:colcon.colcon_core.package_identification:_identify(src/ros2_laser_scan_matcher) by extension 'colcon_meta'
[0.621s] Level 1:colcon.colcon_core.package_identification:_identify(src/ros2_laser_scan_matcher) by extensions ['ros']
[0.621s] Level 1:colcon.colcon_core.package_identification:_identify(src/ros2_laser_scan_matcher) by extension 'ros'
[0.622s] DEBUG:colcon.colcon_core.package_identification:Package 'src/ros2_laser_scan_matcher' with type 'ros.ament_cmake' and name 'ros2_laser_scan_matcher'
[0.623s] Level 1:colcon.colcon_core.package_identification:_identify(src/rviz) by extensions ['ignore', 'ignore_ament_install']
[0.623s] Level 1:colcon.colcon_core.package_identification:_identify(src/rviz) by extension 'ignore'
[0.623s] Level 1:colcon.colcon_core.package_identification:_identify(src/rviz) by extension 'ignore_ament_install'
[0.623s] Level 1:colcon.colcon_core.package_identification:_identify(src/rviz) by extensions ['colcon_pkg']
[0.623s] Level 1:colcon.colcon_core.package_identification:_identify(src/rviz) by extension 'colcon_pkg'
[0.623s] Level 1:colcon.colcon_core.package_identification:_identify(src/rviz) by extensions ['colcon_meta']
[0.623s] Level 1:colcon.colcon_core.package_identification:_identify(src/rviz) by extension 'colcon_meta'
[0.623s] Level 1:colcon.colcon_core.package_identification:_identify(src/rviz) by extensions ['ros']
[0.623s] Level 1:colcon.colcon_core.package_identification:_identify(src/rviz) by extension 'ros'
[0.624s] Level 1:colcon.colcon_core.package_identification:_identify(src/rviz) by extensions ['cmake', 'python']
[0.624s] Level 1:colcon.colcon_core.package_identification:_identify(src/rviz) by extension 'cmake'
[0.624s] Level 1:colcon.colcon_core.package_identification:_identify(src/rviz) by extension 'python'
[0.624s] Level 1:colcon.colcon_core.package_identification:_identify(src/rviz) by extensions ['python_setup_py']
[0.624s] Level 1:colcon.colcon_core.package_identification:_identify(src/rviz) by extension 'python_setup_py'
[0.624s] Level 1:colcon.colcon_core.package_identification:_identify(src/static_tf) by extensions ['ignore', 'ignore_ament_install']
[0.624s] Level 1:colcon.colcon_core.package_identification:_identify(src/static_tf) by extension 'ignore'
[0.624s] Level 1:colcon.colcon_core.package_identification:_identify(src/static_tf) by extension 'ignore_ament_install'
[0.624s] Level 1:colcon.colcon_core.package_identification:_identify(src/static_tf) by extensions ['colcon_pkg']
[0.625s] Level 1:colcon.colcon_core.package_identification:_identify(src/static_tf) by extension 'colcon_pkg'
[0.625s] Level 1:colcon.colcon_core.package_identification:_identify(src/static_tf) by extensions ['colcon_meta']
[0.625s] Level 1:colcon.colcon_core.package_identification:_identify(src/static_tf) by extension 'colcon_meta'
[0.625s] Level 1:colcon.colcon_core.package_identification:_identify(src/static_tf) by extensions ['ros']
[0.625s] Level 1:colcon.colcon_core.package_identification:_identify(src/static_tf) by extension 'ros'
[0.626s] DEBUG:colcon.colcon_core.package_identification:Package 'src/static_tf' with type 'ros.ament_python' and name 'static_tf'
[0.626s] Level 1:colcon.colcon_core.package_discovery:discover_packages(recursive) using defaults
[0.626s] Level 1:colcon.colcon_core.package_discovery:discover_packages(ignore) discover
[0.626s] Level 1:colcon.colcon_core.package_discovery:discover_packages(ignore) using defaults
[0.626s] Level 1:colcon.colcon_core.package_discovery:discover_packages(path) discover
[0.626s] Level 1:colcon.colcon_core.package_discovery:discover_packages(path) using defaults
[0.694s] Level 1:colcon.colcon_core.package_discovery:discover_packages(prefix_path) check parameters
[0.695s] Level 1:colcon.colcon_core.package_discovery:discover_packages(prefix_path) discover
[0.700s] DEBUG:colcon.colcon_installed_package_information.package_discovery:Found 349 installed packages in /opt/ros/iron
[0.703s] Level 1:colcon.colcon_core.package_discovery:discover_packages(prefix_path) using defaults
[0.802s] Level 5:colcon.colcon_core.verb:set package 'csm' build argument 'cmake_args' from command line to 'None'
[0.802s] Level 5:colcon.colcon_core.verb:set package 'csm' build argument 'cmake_target' from command line to 'None'
[0.802s] Level 5:colcon.colcon_core.verb:set package 'csm' build argument 'cmake_target_skip_unavailable' from command line to 'False'
[0.802s] Level 5:colcon.colcon_core.verb:set package 'csm' build argument 'cmake_clean_cache' from command line to 'False'
[0.802s] Level 5:colcon.colcon_core.verb:set package 'csm' build argument 'cmake_clean_first' from command line to 'False'
[0.802s] Level 5:colcon.colcon_core.verb:set package 'csm' build argument 'cmake_force_configure' from command line to 'False'
[0.802s] Level 5:colcon.colcon_core.verb:set package 'csm' build argument 'ament_cmake_args' from command line to 'None'
[0.802s] Level 5:colcon.colcon_core.verb:set package 'csm' build argument 'catkin_cmake_args' from command line to 'None'
[0.802s] Level 5:colcon.colcon_core.verb:set package 'csm' build argument 'catkin_skip_building_tests' from command line to 'False'
[0.802s] DEBUG:colcon.colcon_core.verb:Building package 'csm' with the following arguments: {'ament_cmake_args': None, 'build_base': '/home/matthew/ros2_ws/build/csm', 'catkin_cmake_args': None, 'catkin_skip_building_tests': False, 'cmake_args': None, 'cmake_clean_cache': False, 'cmake_clean_first': False, 'cmake_force_configure': False, 'cmake_target': None, 'cmake_target_skip_unavailable': False, 'install_base': '/home/matthew/ros2_ws/install/csm', 'merge_install': False, 'path': '/home/matthew/ros2_ws/src/csm', 'symlink_install': True, 'test_result_base': None}
[0.803s] Level 5:colcon.colcon_core.verb:set package 'motorcontrol' build argument 'cmake_args' from command line to 'None'
[0.803s] Level 5:colcon.colcon_core.verb:set package 'motorcontrol' build argument 'cmake_target' from command line to 'None'
[0.803s] Level 5:colcon.colcon_core.verb:set package 'motorcontrol' build argument 'cmake_target_skip_unavailable' from command line to 'False'
[0.803s] Level 5:colcon.colcon_core.verb:set package 'motorcontrol' build argument 'cmake_clean_cache' from command line to 'False'
[0.803s] Level 5:colcon.colcon_core.verb:set package 'motorcontrol' build argument 'cmake_clean_first' from command line to 'False'
[0.803s] Level 5:colcon.colcon_core.verb:set package 'motorcontrol' build argument 'cmake_force_configure' from command line to 'False'
[0.803s] Level 5:colcon.colcon_core.verb:set package 'motorcontrol' build argument 'ament_cmake_args' from command line to 'None'
[0.803s] Level 5:colcon.colcon_core.verb:set package 'motorcontrol' build argument 'catkin_cmake_args' from command line to 'None'
[0.803s] Level 5:colcon.colcon_core.verb:set package 'motorcontrol' build argument 'catkin_skip_building_tests' from command line to 'False'
[0.803s] DEBUG:colcon.colcon_core.verb:Building package 'motorcontrol' with the following arguments: {'ament_cmake_args': None, 'build_base': '/home/matthew/ros2_ws/build/motorcontrol', 'catkin_cmake_args': None, 'catkin_skip_building_tests': False, 'cmake_args': None, 'cmake_clean_cache': False, 'cmake_clean_first': False, 'cmake_force_configure': False, 'cmake_target': None, 'cmake_target_skip_unavailable': False, 'install_base': '/home/matthew/ros2_ws/install/motorcontrol', 'merge_install': False, 'path': '/home/matthew/ros2_ws/src/motorcontrol', 'symlink_install': True, 'test_result_base': None}
[0.804s] Level 5:colcon.colcon_core.verb:set package 'my_robot_description' build argument 'cmake_args' from command line to 'None'
[0.804s] Level 5:colcon.colcon_core.verb:set package 'my_robot_description' build argument 'cmake_target' from command line to 'None'
[0.804s] Level 5:colcon.colcon_core.verb:set package 'my_robot_description' build argument 'cmake_target_skip_unavailable' from command line to 'False'
[0.804s] Level 5:colcon.colcon_core.verb:set package 'my_robot_description' build argument 'cmake_clean_cache' from command line to 'False'
[0.804s] Level 5:colcon.colcon_core.verb:set package 'my_robot_description' build argument 'cmake_clean_first' from command line to 'False'
[0.804s] Level 5:colcon.colcon_core.verb:set package 'my_robot_description' build argument 'cmake_force_configure' from command line to 'False'
[0.804s] Level 5:colcon.colcon_core.verb:set package 'my_robot_description' build argument 'ament_cmake_args' from command line to 'None'
[0.804s] Level 5:colcon.colcon_core.verb:set package 'my_robot_description' build argument 'catkin_cmake_args' from command line to 'None'
[0.804s] Level 5:colcon.colcon_core.verb:set package 'my_robot_description' build argument 'catkin_skip_building_tests' from command line to 'False'
[0.804s] DEBUG:colcon.colcon_core.verb:Building package 'my_robot_description' with the following arguments: {'ament_cmake_args': None, 'build_base': '/home/matthew/ros2_ws/build/my_robot_description', 'catkin_cmake_args': None, 'catkin_skip_building_tests': False, 'cmake_args': None, 'cmake_clean_cache': False, 'cmake_clean_first': False, 'cmake_force_configure': False, 'cmake_target': None, 'cmake_target_skip_unavailable': False, 'install_base': '/home/matthew/ros2_ws/install/my_robot_description', 'merge_install': False, 'path': '/home/matthew/ros2_ws/src/my_robot_description', 'symlink_install': True, 'test_result_base': None}
[0.805s] Level 5:colcon.colcon_core.verb:set package 'static_tf' build argument 'cmake_args' from command line to 'None'
[0.805s] Level 5:colcon.colcon_core.verb:set package 'static_tf' build argument 'cmake_target' from command line to 'None'
[0.805s] Level 5:colcon.colcon_core.verb:set package 'static_tf' build argument 'cmake_target_skip_unavailable' from command line to 'False'
[0.805s] Level 5:colcon.colcon_core.verb:set package 'static_tf' build argument 'cmake_clean_cache' from command line to 'False'
[0.805s] Level 5:colcon.colcon_core.verb:set package 'static_tf' build argument 'cmake_clean_first' from command line to 'False'
[0.805s] Level 5:colcon.colcon_core.verb:set package 'static_tf' build argument 'cmake_force_configure' from command line to 'False'
[0.805s] Level 5:colcon.colcon_core.verb:set package 'static_tf' build argument 'ament_cmake_args' from command line to 'None'
[0.805s] Level 5:colcon.colcon_core.verb:set package 'static_tf' build argument 'catkin_cmake_args' from command line to 'None'
[0.805s] Level 5:colcon.colcon_core.verb:set package 'static_tf' build argument 'catkin_skip_building_tests' from command line to 'False'
[0.806s] DEBUG:colcon.colcon_core.verb:Building package 'static_tf' with the following arguments: {'ament_cmake_args': None, 'build_base': '/home/matthew/ros2_ws/build/static_tf', 'catkin_cmake_args': None, 'catkin_skip_building_tests': False, 'cmake_args': None, 'cmake_clean_cache': False, 'cmake_clean_first': False, 'cmake_force_configure': False, 'cmake_target': None, 'cmake_target_skip_unavailable': False, 'install_base': '/home/matthew/ros2_ws/install/static_tf', 'merge_install': False, 'path': '/home/matthew/ros2_ws/src/static_tf', 'symlink_install': True, 'test_result_base': None}
[0.806s] Level 5:colcon.colcon_core.verb:set package 'ros2_laser_scan_matcher' build argument 'cmake_args' from command line to 'None'
[0.806s] Level 5:colcon.colcon_core.verb:set package 'ros2_laser_scan_matcher' build argument 'cmake_target' from command line to 'None'
[0.806s] Level 5:colcon.colcon_core.verb:set package 'ros2_laser_scan_matcher' build argument 'cmake_target_skip_unavailable' from command line to 'False'
[0.806s] Level 5:colcon.colcon_core.verb:set package 'ros2_laser_scan_matcher' build argument 'cmake_clean_cache' from command line to 'False'
[0.806s] Level 5:colcon.colcon_core.verb:set package 'ros2_laser_scan_matcher' build argument 'cmake_clean_first' from command line to 'False'
[0.806s] Level 5:colcon.colcon_core.verb:set package 'ros2_laser_scan_matcher' build argument 'cmake_force_configure' from command line to 'False'
[0.806s] Level 5:colcon.colcon_core.verb:set package 'ros2_laser_scan_matcher' build argument 'ament_cmake_args' from command line to 'None'
[0.806s] Level 5:colcon.colcon_core.verb:set package 'ros2_laser_scan_matcher' build argument 'catkin_cmake_args' from command line to 'None'
[0.807s] Level 5:colcon.colcon_core.verb:set package 'ros2_laser_scan_matcher' build argument 'catkin_skip_building_tests' from command line to 'False'
[0.807s] DEBUG:colcon.colcon_core.verb:Building package 'ros2_laser_scan_matcher' with the following arguments: {'ament_cmake_args': None, 'build_base': '/home/matthew/ros2_ws/build/ros2_laser_scan_matcher', 'catkin_cmake_args': None, 'catkin_skip_building_tests': False, 'cmake_args': None, 'cmake_clean_cache': False, 'cmake_clean_first': False, 'cmake_force_configure': False, 'cmake_target': None, 'cmake_target_skip_unavailable': False, 'install_base': '/home/matthew/ros2_ws/install/ros2_laser_scan_matcher', 'merge_install': False, 'path': '/home/matthew/ros2_ws/src/ros2_laser_scan_matcher', 'symlink_install': True, 'test_result_base': None}
[0.807s] INFO:colcon.colcon_core.executor:Executing jobs using 'parallel' executor
[0.809s] DEBUG:colcon.colcon_parallel_executor.executor.parallel:run_until_complete
[0.810s] INFO:colcon.colcon_ros.task.ament_cmake.build:Building ROS package in '/home/matthew/ros2_ws/src/csm' with build type 'ament_cmake'
[0.810s] INFO:colcon.colcon_cmake.task.cmake.build:Building CMake package in '/home/matthew/ros2_ws/src/csm'
[0.814s] INFO:colcon.colcon_core.plugin_system:Skipping extension 'colcon_core.shell.bat': Not used on non-Windows systems
[0.814s] INFO:colcon.colcon_core.shell:Skip shell extension 'powershell' for command environment: Not usable outside of PowerShell
[0.814s] DEBUG:colcon.colcon_core.shell:Skip shell extension 'dsv' for command environment
[0.821s] INFO:colcon.colcon_ros.task.ament_python.build:Building ROS package in '/home/matthew/ros2_ws/src/motorcontrol' with build type 'ament_python'
[0.821s] Level 1:colcon.colcon_core.shell:create_environment_hook('motorcontrol', 'ament_prefix_path')
[0.822s] INFO:colcon.colcon_core.shell:Creating environment hook '/home/matthew/ros2_ws/install/motorcontrol/share/motorcontrol/hook/ament_prefix_path.ps1'
[0.823s] INFO:colcon.colcon_core.shell:Creating environment descriptor '/home/matthew/ros2_ws/install/motorcontrol/share/motorcontrol/hook/ament_prefix_path.dsv'
[0.824s] INFO:colcon.colcon_core.shell:Creating environment hook '/home/matthew/ros2_ws/install/motorcontrol/share/motorcontrol/hook/ament_prefix_path.sh'
[0.826s] INFO:colcon.colcon_core.shell:Skip shell extension 'powershell' for command environment: Not usable outside of PowerShell
[0.826s] DEBUG:colcon.colcon_core.shell:Skip shell extension 'dsv' for command environment
[0.831s] INFO:colcon.colcon_ros.task.ament_cmake.build:Building ROS package in '/home/matthew/ros2_ws/src/my_robot_description' with build type 'ament_cmake'
[0.832s] INFO:colcon.colcon_cmake.task.cmake.build:Building CMake package in '/home/matthew/ros2_ws/src/my_robot_description'
[0.832s] INFO:colcon.colcon_core.shell:Skip shell extension 'powershell' for command environment: Not usable outside of PowerShell
[0.832s] DEBUG:colcon.colcon_core.shell:Skip shell extension 'dsv' for command environment
[0.838s] INFO:colcon.colcon_ros.task.ament_python.build:Building ROS package in '/home/matthew/ros2_ws/src/static_tf' with build type 'ament_python'
[0.838s] Level 1:colcon.colcon_core.shell:create_environment_hook('static_tf', 'ament_prefix_path')
[0.839s] INFO:colcon.colcon_core.shell:Creating environment hook '/home/matthew/ros2_ws/install/static_tf/share/static_tf/hook/ament_prefix_path.ps1'
[0.840s] INFO:colcon.colcon_core.shell:Creating environment descriptor '/home/matthew/ros2_ws/install/static_tf/share/static_tf/hook/ament_prefix_path.dsv'
[0.841s] INFO:colcon.colcon_core.shell:Creating environment hook '/home/matthew/ros2_ws/install/static_tf/share/static_tf/hook/ament_prefix_path.sh'
[0.842s] INFO:colcon.colcon_core.shell:Skip shell extension 'powershell' for command environment: Not usable outside of PowerShell
[0.842s] DEBUG:colcon.colcon_core.shell:Skip shell extension 'dsv' for command environment
[0.860s] DEBUG:colcon.colcon_core.event_handler.log_command:Invoking command in '/home/matthew/ros2_ws/build/csm': CMAKE_PREFIX_PATH=/opt/ros/iron /usr/bin/cmake --build /home/matthew/ros2_ws/build/csm -- -j6 -l6
[1.401s] INFO:colcon.colcon_core.task.python.build:Building Python package in '/home/matthew/ros2_ws/src/motorcontrol'
[1.402s] INFO:colcon.colcon_core.shell:Skip shell extension 'powershell' for command environment: Not usable outside of PowerShell
[1.402s] DEBUG:colcon.colcon_core.shell:Skip shell extension 'dsv' for command environment
[1.490s] DEBUG:colcon.colcon_core.event_handler.log_command:Invoking command in '/home/matthew/ros2_ws/build/my_robot_description': CMAKE_PREFIX_PATH=/opt/ros/iron /usr/bin/cmake --build /home/matthew/ros2_ws/build/my_robot_description -- -j6 -l6
[2.033s] INFO:colcon.colcon_core.task.python.build:Building Python package in '/home/matthew/ros2_ws/src/static_tf'
[2.034s] INFO:colcon.colcon_core.shell:Skip shell extension 'powershell' for command environment: Not usable outside of PowerShell
[2.034s] DEBUG:colcon.colcon_core.shell:Skip shell extension 'dsv' for command environment
[2.049s] DEBUG:colcon.colcon_core.event_handler.log_command:Invoked command in '/home/matthew/ros2_ws/build/csm' returned '0': CMAKE_PREFIX_PATH=/opt/ros/iron /usr/bin/cmake --build /home/matthew/ros2_ws/build/csm -- -j6 -l6
[2.074s] DEBUG:colcon.colcon_core.event_handler.log_command:Invoking command in '/home/matthew/ros2_ws/build/csm': CMAKE_PREFIX_PATH=/opt/ros/iron /usr/bin/cmake --install /home/matthew/ros2_ws/build/csm
[2.085s] DEBUG:colcon.colcon_core.event_handler.log_command:Invoked command in '/home/matthew/ros2_ws/build/my_robot_description' returned '0': CMAKE_PREFIX_PATH=/opt/ros/iron /usr/bin/cmake --build /home/matthew/ros2_ws/build/my_robot_description -- -j6 -l6
[2.089s] DEBUG:colcon.colcon_core.event_handler.log_command:Invoking command in '/home/matthew/ros2_ws/build/my_robot_description': CMAKE_PREFIX_PATH=/opt/ros/iron /usr/bin/cmake --install /home/matthew/ros2_ws/build/my_robot_description
[2.131s] Level 1:colcon.colcon_core.environment:create_environment_scripts_only(csm)
[2.133s] DEBUG:colcon.colcon_core.event_handler.log_command:Invoked command in '/home/matthew/ros2_ws/build/csm' returned '0': CMAKE_PREFIX_PATH=/opt/ros/iron /usr/bin/cmake --install /home/matthew/ros2_ws/build/csm
[2.139s] Level 1:colcon.colcon_core.environment:checking '/home/matthew/ros2_ws/install/csm' for CMake module files
[2.141s] Level 1:colcon.colcon_core.environment:checking '/home/matthew/ros2_ws/install/csm' for CMake config files
[2.141s] Level 1:colcon.colcon_core.shell:create_environment_hook('csm', 'cmake_prefix_path')
[2.142s] INFO:colcon.colcon_core.shell:Creating environment hook '/home/matthew/ros2_ws/install/csm/share/csm/hook/cmake_prefix_path.ps1'
[2.143s] INFO:colcon.colcon_core.shell:Creating environment descriptor '/home/matthew/ros2_ws/install/csm/share/csm/hook/cmake_prefix_path.dsv'
[2.144s] INFO:colcon.colcon_core.shell:Creating environment hook '/home/matthew/ros2_ws/install/csm/share/csm/hook/cmake_prefix_path.sh'
[2.146s] Level 1:colcon.colcon_core.environment:checking '/home/matthew/ros2_ws/install/csm/lib'
[2.147s] Level 1:colcon.colcon_core.shell:create_environment_hook('csm', 'ld_library_path_lib')
[2.147s] INFO:colcon.colcon_core.shell:Creating environment hook '/home/matthew/ros2_ws/install/csm/share/csm/hook/ld_library_path_lib.ps1'
[2.148s] INFO:colcon.colcon_core.shell:Creating environment descriptor '/home/matthew/ros2_ws/install/csm/share/csm/hook/ld_library_path_lib.dsv'
[2.149s] INFO:colcon.colcon_core.shell:Creating environment hook '/home/matthew/ros2_ws/install/csm/share/csm/hook/ld_library_path_lib.sh'
[2.150s] Level 1:colcon.colcon_core.environment:checking '/home/matthew/ros2_ws/install/csm/bin'
[2.150s] Level 1:colcon.colcon_core.environment:checking '/home/matthew/ros2_ws/install/csm/lib/pkgconfig/csm.pc'
[2.151s] Level 1:colcon.colcon_core.environment:checking '/home/matthew/ros2_ws/install/csm/lib/python3.10/site-packages'
[2.152s] Level 1:colcon.colcon_core.environment:checking '/home/matthew/ros2_ws/install/csm/bin'
[2.152s] INFO:colcon.colcon_core.shell:Creating package script '/home/matthew/ros2_ws/install/csm/share/csm/package.ps1'
[2.154s] INFO:colcon.colcon_core.shell:Creating package descriptor '/home/matthew/ros2_ws/install/csm/share/csm/package.dsv'
[2.156s] INFO:colcon.colcon_core.shell:Creating package script '/home/matthew/ros2_ws/install/csm/share/csm/package.sh'
[2.158s] INFO:colcon.colcon_core.shell:Creating package script '/home/matthew/ros2_ws/install/csm/share/csm/package.bash'
[2.160s] INFO:colcon.colcon_core.shell:Creating package script '/home/matthew/ros2_ws/install/csm/share/csm/package.zsh'
[2.161s] Level 1:colcon.colcon_core.environment:create_file_with_runtime_dependencies(/home/matthew/ros2_ws/install/csm/share/colcon-core/packages/csm)
[2.163s] Level 1:colcon.colcon_core.environment:create_environment_scripts_only(csm)
[2.163s] Level 1:colcon.colcon_core.environment:checking '/home/matthew/ros2_ws/install/csm' for CMake module files
[2.164s] Level 1:colcon.colcon_core.environment:checking '/home/matthew/ros2_ws/install/csm' for CMake config files
[2.165s] Level 1:colcon.colcon_core.shell:create_environment_hook('csm', 'cmake_prefix_path')
[2.165s] INFO:colcon.colcon_core.shell:Creating environment hook '/home/matthew/ros2_ws/install/csm/share/csm/hook/cmake_prefix_path.ps1'
[2.166s] INFO:colcon.colcon_core.shell:Creating environment descriptor '/home/matthew/ros2_ws/install/csm/share/csm/hook/cmake_prefix_path.dsv'
[2.167s] INFO:colcon.colcon_core.shell:Creating environment hook '/home/matthew/ros2_ws/install/csm/share/csm/hook/cmake_prefix_path.sh'
[2.168s] Level 1:colcon.colcon_core.environment:checking '/home/matthew/ros2_ws/install/csm/lib'
[2.168s] Level 1:colcon.colcon_core.shell:create_environment_hook('csm', 'ld_library_path_lib')
[2.169s] INFO:colcon.colcon_core.shell:Creating environment hook '/home/matthew/ros2_ws/install/csm/share/csm/hook/ld_library_path_lib.ps1'
[2.170s] INFO:colcon.colcon_core.shell:Creating environment descriptor '/home/matthew/ros2_ws/install/csm/share/csm/hook/ld_library_path_lib.dsv'
[2.170s] INFO:colcon.colcon_core.shell:Creating environment hook '/home/matthew/ros2_ws/install/csm/share/csm/hook/ld_library_path_lib.sh'
[2.171s] Level 1:colcon.colcon_core.environment:checking '/home/matthew/ros2_ws/install/csm/bin'
[2.171s] Level 1:colcon.colcon_core.environment:checking '/home/matthew/ros2_ws/install/csm/lib/pkgconfig/csm.pc'
[2.172s] Level 1:colcon.colcon_core.environment:checking '/home/matthew/ros2_ws/install/csm/lib/python3.10/site-packages'
[2.172s] Level 1:colcon.colcon_core.environment:checking '/home/matthew/ros2_ws/install/csm/bin'
[2.173s] INFO:colcon.colcon_core.shell:Creating package script '/home/matthew/ros2_ws/install/csm/share/csm/package.ps1'
[2.174s] INFO:colcon.colcon_core.shell:Creating package descriptor '/home/matthew/ros2_ws/install/csm/share/csm/package.dsv'
[2.175s] INFO:colcon.colcon_core.shell:Creating package script '/home/matthew/ros2_ws/install/csm/share/csm/package.sh'
[2.176s] INFO:colcon.colcon_core.shell:Creating package script '/home/matthew/ros2_ws/install/csm/share/csm/package.bash'
[2.177s] INFO:colcon.colcon_core.shell:Creating package script '/home/matthew/ros2_ws/install/csm/share/csm/package.zsh'
[2.178s] Level 1:colcon.colcon_core.environment:create_file_with_runtime_dependencies(/home/matthew/ros2_ws/install/csm/share/colcon-core/packages/csm)
[2.179s] INFO:colcon.colcon_ros.task.ament_cmake.build:Building ROS package in '/home/matthew/ros2_ws/src/ros2_laser_scan_matcher' with build type 'ament_cmake'
[2.180s] INFO:colcon.colcon_cmake.task.cmake.build:Building CMake package in '/home/matthew/ros2_ws/src/ros2_laser_scan_matcher'
[2.180s] INFO:colcon.colcon_core.shell:Skip shell extension 'powershell' for command environment: Not usable outside of PowerShell
[2.181s] DEBUG:colcon.colcon_core.shell:Skip shell extension 'dsv' for command environment
[2.187s] Level 1:colcon.colcon_core.environment:create_environment_scripts_only(my_robot_description)
[2.188s] Level 1:colcon.colcon_core.environment:checking '/home/matthew/ros2_ws/install/my_robot_description' for CMake module files
[2.189s] DEBUG:colcon.colcon_core.event_handler.log_command:Invoked command in '/home/matthew/ros2_ws/build/my_robot_description' returned '0': CMAKE_PREFIX_PATH=/opt/ros/iron /usr/bin/cmake --install /home/matthew/ros2_ws/build/my_robot_description
[2.190s] Level 1:colcon.colcon_core.environment:checking '/home/matthew/ros2_ws/install/my_robot_description' for CMake config files
[2.190s] Level 1:colcon.colcon_core.shell:create_environment_hook('my_robot_description', 'cmake_prefix_path')
[2.191s] INFO:colcon.colcon_core.shell:Creating environment hook '/home/matthew/ros2_ws/install/my_robot_description/share/my_robot_description/hook/cmake_prefix_path.ps1'
[2.192s] INFO:colcon.colcon_core.shell:Creating environment descriptor '/home/matthew/ros2_ws/install/my_robot_description/share/my_robot_description/hook/cmake_prefix_path.dsv'
[2.193s] INFO:colcon.colcon_core.shell:Creating environment hook '/home/matthew/ros2_ws/install/my_robot_description/share/my_robot_description/hook/cmake_prefix_path.sh'
[2.197s] Level 1:colcon.colcon_core.environment:checking '/home/matthew/ros2_ws/install/my_robot_description/bin'
[2.197s] Level 1:colcon.colcon_core.environment:checking '/home/matthew/ros2_ws/install/my_robot_description/lib/pkgconfig/my_robot_description.pc'
[2.198s] Level 1:colcon.colcon_core.environment:checking '/home/matthew/ros2_ws/install/my_robot_description/lib/python3.10/site-packages'
[2.199s] Level 1:colcon.colcon_core.environment:checking '/home/matthew/ros2_ws/install/my_robot_description/bin'
[2.200s] INFO:colcon.colcon_core.shell:Creating package script '/home/matthew/ros2_ws/install/my_robot_description/share/my_robot_description/package.ps1'
[2.201s] INFO:colcon.colcon_core.shell:Creating package descriptor '/home/matthew/ros2_ws/install/my_robot_description/share/my_robot_description/package.dsv'
[2.202s] INFO:colcon.colcon_core.shell:Creating package script '/home/matthew/ros2_ws/install/my_robot_description/share/my_robot_description/package.sh'
[2.203s] INFO:colcon.colcon_core.shell:Creating package script '/home/matthew/ros2_ws/install/my_robot_description/share/my_robot_description/package.bash'
[2.204s] INFO:colcon.colcon_core.shell:Creating package script '/home/matthew/ros2_ws/install/my_robot_description/share/my_robot_description/package.zsh'
[2.205s] Level 1:colcon.colcon_core.environment:create_file_with_runtime_dependencies(/home/matthew/ros2_ws/install/my_robot_description/share/colcon-core/packages/my_robot_description)
[2.207s] Level 1:colcon.colcon_core.environment:create_environment_scripts_only(my_robot_description)
[2.207s] Level 1:colcon.colcon_core.environment:checking '/home/matthew/ros2_ws/install/my_robot_description' for CMake module files
[2.208s] Level 1:colcon.colcon_core.environment:checking '/home/matthew/ros2_ws/install/my_robot_description' for CMake config files
[2.208s] Level 1:colcon.colcon_core.shell:create_environment_hook('my_robot_description', 'cmake_prefix_path')
[2.209s] INFO:colcon.colcon_core.shell:Creating environment hook '/home/matthew/ros2_ws/install/my_robot_description/share/my_robot_description/hook/cmake_prefix_path.ps1'
[2.210s] INFO:colcon.colcon_core.shell:Creating environment descriptor '/home/matthew/ros2_ws/install/my_robot_description/share/my_robot_description/hook/cmake_prefix_path.dsv'
[2.211s] INFO:colcon.colcon_core.shell:Creating environment hook '/home/matthew/ros2_ws/install/my_robot_description/share/my_robot_description/hook/cmake_prefix_path.sh'
[2.212s] Level 1:colcon.colcon_core.environment:checking '/home/matthew/ros2_ws/install/my_robot_description/bin'
[2.212s] Level 1:colcon.colcon_core.environment:checking '/home/matthew/ros2_ws/install/my_robot_description/lib/pkgconfig/my_robot_description.pc'
[2.213s] Level 1:colcon.colcon_core.environment:checking '/home/matthew/ros2_ws/install/my_robot_description/lib/python3.10/site-packages'
[2.213s] Level 1:colcon.colcon_core.environment:checking '/home/matthew/ros2_ws/install/my_robot_description/bin'
[2.214s] INFO:colcon.colcon_core.shell:Creating package script '/home/matthew/ros2_ws/install/my_robot_description/share/my_robot_description/package.ps1'
[2.215s] INFO:colcon.colcon_core.shell:Creating package descriptor '/home/matthew/ros2_ws/install/my_robot_description/share/my_robot_description/package.dsv'
[2.217s] INFO:colcon.colcon_core.shell:Creating package script '/home/matthew/ros2_ws/install/my_robot_description/share/my_robot_description/package.sh'
[2.218s] INFO:colcon.colcon_core.shell:Creating package script '/home/matthew/ros2_ws/install/my_robot_description/share/my_robot_description/package.bash'
[2.219s] INFO:colcon.colcon_core.shell:Creating package script '/home/matthew/ros2_ws/install/my_robot_description/share/my_robot_description/package.zsh'
[2.220s] Level 1:colcon.colcon_core.environment:create_file_with_runtime_dependencies(/home/matthew/ros2_ws/install/my_robot_description/share/colcon-core/packages/my_robot_description)
[2.229s] DEBUG:colcon.colcon_core.event_handler.log_command:Invoking command in '/home/matthew/ros2_ws/build/ros2_laser_scan_matcher': AMENT_PREFIX_PATH=/home/matthew/ros2_ws/install/csm:${AMENT_PREFIX_PATH} CMAKE_PREFIX_PATH=/home/matthew/ros2_ws/install/csm:/opt/ros/iron LD_LIBRARY_PATH=/home/matthew/ros2_ws/install/csm/lib:${LD_LIBRARY_PATH} /usr/bin/cmake --build /home/matthew/ros2_ws/build/ros2_laser_scan_matcher -- -j6 -l6
[2.396s] DEBUG:colcon.colcon_core.event_handler.log_command:Invoked command in '/home/matthew/ros2_ws/build/ros2_laser_scan_matcher' returned '0': AMENT_PREFIX_PATH=/home/matthew/ros2_ws/install/csm:${AMENT_PREFIX_PATH} CMAKE_PREFIX_PATH=/home/matthew/ros2_ws/install/csm:/opt/ros/iron LD_LIBRARY_PATH=/home/matthew/ros2_ws/install/csm/lib:${LD_LIBRARY_PATH} /usr/bin/cmake --build /home/matthew/ros2_ws/build/ros2_laser_scan_matcher -- -j6 -l6
[2.400s] DEBUG:colcon.colcon_core.event_handler.log_command:Invoking command in '/home/matthew/ros2_ws/build/ros2_laser_scan_matcher': AMENT_PREFIX_PATH=/home/matthew/ros2_ws/install/csm:${AMENT_PREFIX_PATH} CMAKE_PREFIX_PATH=/home/matthew/ros2_ws/install/csm:/opt/ros/iron LD_LIBRARY_PATH=/home/matthew/ros2_ws/install/csm/lib:${LD_LIBRARY_PATH} /usr/bin/cmake --install /home/matthew/ros2_ws/build/ros2_laser_scan_matcher
[2.439s] Level 1:colcon.colcon_core.environment:create_environment_scripts_only(ros2_laser_scan_matcher)
[2.440s] Level 1:colcon.colcon_core.environment:checking '/home/matthew/ros2_ws/install/ros2_laser_scan_matcher' for CMake module files
[2.442s] DEBUG:colcon.colcon_core.event_handler.log_command:Invoked command in '/home/matthew/ros2_ws/build/ros2_laser_scan_matcher' returned '0': AMENT_PREFIX_PATH=/home/matthew/ros2_ws/install/csm:${AMENT_PREFIX_PATH} CMAKE_PREFIX_PATH=/home/matthew/ros2_ws/install/csm:/opt/ros/iron LD_LIBRARY_PATH=/home/matthew/ros2_ws/install/csm/lib:${LD_LIBRARY_PATH} /usr/bin/cmake --install /home/matthew/ros2_ws/build/ros2_laser_scan_matcher
[2.443s] Level 1:colcon.colcon_core.environment:checking '/home/matthew/ros2_ws/install/ros2_laser_scan_matcher' for CMake config files
[2.444s] Level 1:colcon.colcon_core.shell:create_environment_hook('ros2_laser_scan_matcher', 'cmake_prefix_path')
[2.445s] INFO:colcon.colcon_core.shell:Creating environment hook '/home/matthew/ros2_ws/install/ros2_laser_scan_matcher/share/ros2_laser_scan_matcher/hook/cmake_prefix_path.ps1'
[2.447s] INFO:colcon.colcon_core.shell:Creating environment descriptor '/home/matthew/ros2_ws/install/ros2_laser_scan_matcher/share/ros2_laser_scan_matcher/hook/cmake_prefix_path.dsv'
[2.448s] INFO:colcon.colcon_core.shell:Creating environment hook '/home/matthew/ros2_ws/install/ros2_laser_scan_matcher/share/ros2_laser_scan_matcher/hook/cmake_prefix_path.sh'
[2.450s] Level 1:colcon.colcon_core.environment:checking '/home/matthew/ros2_ws/install/ros2_laser_scan_matcher/lib'
[2.451s] Level 1:colcon.colcon_core.environment:checking '/home/matthew/ros2_ws/install/ros2_laser_scan_matcher/bin'
[2.451s] Level 1:colcon.colcon_core.environment:checking '/home/matthew/ros2_ws/install/ros2_laser_scan_matcher/lib/pkgconfig/ros2_laser_scan_matcher.pc'
[2.452s] Level 1:colcon.colcon_core.environment:checking '/home/matthew/ros2_ws/install/ros2_laser_scan_matcher/lib/python3.10/site-packages'
[2.453s] Level 1:colcon.colcon_core.environment:checking '/home/matthew/ros2_ws/install/ros2_laser_scan_matcher/bin'
[2.454s] INFO:colcon.colcon_core.shell:Creating package script '/home/matthew/ros2_ws/install/ros2_laser_scan_matcher/share/ros2_laser_scan_matcher/package.ps1'
[2.455s] INFO:colcon.colcon_core.shell:Creating package descriptor '/home/matthew/ros2_ws/install/ros2_laser_scan_matcher/share/ros2_laser_scan_matcher/package.dsv'
[2.457s] INFO:colcon.colcon_core.shell:Creating package script '/home/matthew/ros2_ws/install/ros2_laser_scan_matcher/share/ros2_laser_scan_matcher/package.sh'
[2.459s] INFO:colcon.colcon_core.shell:Creating package script '/home/matthew/ros2_ws/install/ros2_laser_scan_matcher/share/ros2_laser_scan_matcher/package.bash'
[2.460s] INFO:colcon.colcon_core.shell:Creating package script '/home/matthew/ros2_ws/install/ros2_laser_scan_matcher/share/ros2_laser_scan_matcher/package.zsh'
[2.461s] Level 1:colcon.colcon_core.environment:create_file_with_runtime_dependencies(/home/matthew/ros2_ws/install/ros2_laser_scan_matcher/share/colcon-core/packages/ros2_laser_scan_matcher)
[2.463s] Level 1:colcon.colcon_core.environment:create_environment_scripts_only(ros2_laser_scan_matcher)
[2.464s] Level 1:colcon.colcon_core.environment:checking '/home/matthew/ros2_ws/install/ros2_laser_scan_matcher' for CMake module files
[2.466s] Level 1:colcon.colcon_core.environment:checking '/home/matthew/ros2_ws/install/ros2_laser_scan_matcher' for CMake config files
[2.467s] Level 1:colcon.colcon_core.shell:create_environment_hook('ros2_laser_scan_matcher', 'cmake_prefix_path')
[2.467s] INFO:colcon.colcon_core.shell:Creating environment hook '/home/matthew/ros2_ws/install/ros2_laser_scan_matcher/share/ros2_laser_scan_matcher/hook/cmake_prefix_path.ps1'
[2.469s] INFO:colcon.colcon_core.shell:Creating environment descriptor '/home/matthew/ros2_ws/install/ros2_laser_scan_matcher/share/ros2_laser_scan_matcher/hook/cmake_prefix_path.dsv'
[2.470s] INFO:colcon.colcon_core.shell:Creating environment hook '/home/matthew/ros2_ws/install/ros2_laser_scan_matcher/share/ros2_laser_scan_matcher/hook/cmake_prefix_path.sh'
[2.472s] Level 1:colcon.colcon_core.environment:checking '/home/matthew/ros2_ws/install/ros2_laser_scan_matcher/lib'
[2.472s] Level 1:colcon.colcon_core.environment:checking '/home/matthew/ros2_ws/install/ros2_laser_scan_matcher/bin'
[2.473s] Level 1:colcon.colcon_core.environment:checking '/home/matthew/ros2_ws/install/ros2_laser_scan_matcher/lib/pkgconfig/ros2_laser_scan_matcher.pc'
[2.473s] Level 1:colcon.colcon_core.environment:checking '/home/matthew/ros2_ws/install/ros2_laser_scan_matcher/lib/python3.10/site-packages'
[2.474s] Level 1:colcon.colcon_core.environment:checking '/home/matthew/ros2_ws/install/ros2_laser_scan_matcher/bin'
[2.475s] INFO:colcon.colcon_core.shell:Creating package script '/home/matthew/ros2_ws/install/ros2_laser_scan_matcher/share/ros2_laser_scan_matcher/package.ps1'
[2.477s] INFO:colcon.colcon_core.shell:Creating package descriptor '/home/matthew/ros2_ws/install/ros2_laser_scan_matcher/share/ros2_laser_scan_matcher/package.dsv'
[2.479s] INFO:colcon.colcon_core.shell:Creating package script '/home/matthew/ros2_ws/install/ros2_laser_scan_matcher/share/ros2_laser_scan_matcher/package.sh'
[2.480s] INFO:colcon.colcon_core.shell:Creating package script '/home/matthew/ros2_ws/install/ros2_laser_scan_matcher/share/ros2_laser_scan_matcher/package.bash'
[2.482s] INFO:colcon.colcon_core.shell:Creating package script '/home/matthew/ros2_ws/install/ros2_laser_scan_matcher/share/ros2_laser_scan_matcher/package.zsh'
[2.483s] Level 1:colcon.colcon_core.environment:create_file_with_runtime_dependencies(/home/matthew/ros2_ws/install/ros2_laser_scan_matcher/share/colcon-core/packages/ros2_laser_scan_matcher)
[2.797s] DEBUG:colcon.colcon_core.event_handler.log_command:Invoking command in '/home/matthew/ros2_ws/build/motorcontrol': PYTHONPATH=/home/matthew/ros2_ws/build/motorcontrol/prefix_override:/usr/lib/python3/dist-packages/colcon_core/task/python/colcon_distutils_commands:/home/matthew/ros2_ws/install/motorcontrol/lib/python3.10/site-packages:${PYTHONPATH} /usr/bin/python3 -W ignore:setup.py install is deprecated -W ignore:easy_install command is deprecated setup.py develop --editable --build-directory /home/matthew/ros2_ws/build/motorcontrol/build --no-deps symlink_data
[2.850s] DEBUG:colcon.colcon_core.event_handler.log_command:Invoking command in '/home/matthew/ros2_ws/build/static_tf': PYTHONPATH=/home/matthew/ros2_ws/build/static_tf/prefix_override:/usr/lib/python3/dist-packages/colcon_core/task/python/colcon_distutils_commands:/home/matthew/ros2_ws/install/static_tf/lib/python3.10/site-packages:${PYTHONPATH} /usr/bin/python3 -W ignore:setup.py install is deprecated -W ignore:easy_install command is deprecated setup.py develop --editable --build-directory /home/matthew/ros2_ws/build/static_tf/build --no-deps symlink_data
[3.772s] Level 1:colcon.colcon_core.shell:create_environment_hook('motorcontrol', 'pythonpath_develop')
[3.773s] INFO:colcon.colcon_core.shell:Creating environment hook '/home/matthew/ros2_ws/build/motorcontrol/share/motorcontrol/hook/pythonpath_develop.ps1'
[3.774s] DEBUG:colcon.colcon_core.event_handler.log_command:Invoked command in '/home/matthew/ros2_ws/build/motorcontrol' returned '0': PYTHONPATH=/home/matthew/ros2_ws/build/motorcontrol/prefix_override:/usr/lib/python3/dist-packages/colcon_core/task/python/colcon_distutils_commands:/home/matthew/ros2_ws/install/motorcontrol/lib/python3.10/site-packages:${PYTHONPATH} /usr/bin/python3 -W ignore:setup.py install is deprecated -W ignore:easy_install command is deprecated setup.py develop --editable --build-directory /home/matthew/ros2_ws/build/motorcontrol/build --no-deps symlink_data
[3.775s] INFO:colcon.colcon_core.shell:Creating environment descriptor '/home/matthew/ros2_ws/build/motorcontrol/share/motorcontrol/hook/pythonpath_develop.dsv'
[3.777s] INFO:colcon.colcon_core.shell:Creating environment hook '/home/matthew/ros2_ws/build/motorcontrol/share/motorcontrol/hook/pythonpath_develop.sh'
[3.779s] Level 1:colcon.colcon_core.environment:checking '/home/matthew/ros2_ws/install/motorcontrol' for CMake module files
[3.781s] Level 1:colcon.colcon_core.environment:checking '/home/matthew/ros2_ws/install/motorcontrol' for CMake config files
[3.782s] Level 1:colcon.colcon_core.environment:checking '/home/matthew/ros2_ws/install/motorcontrol/lib'
[3.783s] Level 1:colcon.colcon_core.environment:checking '/home/matthew/ros2_ws/install/motorcontrol/bin'
[3.783s] Level 1:colcon.colcon_core.environment:checking '/home/matthew/ros2_ws/install/motorcontrol/lib/pkgconfig/motorcontrol.pc'
[3.784s] Level 1:colcon.colcon_core.environment:checking '/home/matthew/ros2_ws/install/motorcontrol/lib/python3.10/site-packages'
[3.784s] Level 1:colcon.colcon_core.shell:create_environment_hook('motorcontrol', 'pythonpath')
[3.785s] INFO:colcon.colcon_core.shell:Creating environment hook '/home/matthew/ros2_ws/install/motorcontrol/share/motorcontrol/hook/pythonpath.ps1'
[3.786s] INFO:colcon.colcon_core.shell:Creating environment descriptor '/home/matthew/ros2_ws/install/motorcontrol/share/motorcontrol/hook/pythonpath.dsv'
[3.788s] INFO:colcon.colcon_core.shell:Creating environment hook '/home/matthew/ros2_ws/install/motorcontrol/share/motorcontrol/hook/pythonpath.sh'
[3.790s] Level 1:colcon.colcon_core.environment:checking '/home/matthew/ros2_ws/install/motorcontrol/bin'
[3.790s] Level 1:colcon.colcon_core.environment:create_environment_scripts_only(motorcontrol)
[3.791s] INFO:colcon.colcon_core.shell:Creating package script '/home/matthew/ros2_ws/install/motorcontrol/share/motorcontrol/package.ps1'
[3.793s] INFO:colcon.colcon_core.shell:Creating package descriptor '/home/matthew/ros2_ws/install/motorcontrol/share/motorcontrol/package.dsv'
[3.795s] INFO:colcon.colcon_core.shell:Creating package script '/home/matthew/ros2_ws/install/motorcontrol/share/motorcontrol/package.sh'
[3.797s] INFO:colcon.colcon_core.shell:Creating package script '/home/matthew/ros2_ws/install/motorcontrol/share/motorcontrol/package.bash'
[3.798s] INFO:colcon.colcon_core.shell:Creating package script '/home/matthew/ros2_ws/install/motorcontrol/share/motorcontrol/package.zsh'
[3.799s] Level 1:colcon.colcon_core.environment:create_file_with_runtime_dependencies(/home/matthew/ros2_ws/install/motorcontrol/share/colcon-core/packages/motorcontrol)
[3.828s] Level 1:colcon.colcon_core.shell:create_environment_hook('static_tf', 'pythonpath_develop')
[3.829s] INFO:colcon.colcon_core.shell:Creating environment hook '/home/matthew/ros2_ws/build/static_tf/share/static_tf/hook/pythonpath_develop.ps1'
[3.830s] DEBUG:colcon.colcon_core.event_handler.log_command:Invoked command in '/home/matthew/ros2_ws/build/static_tf' returned '0': PYTHONPATH=/home/matthew/ros2_ws/build/static_tf/prefix_override:/usr/lib/python3/dist-packages/colcon_core/task/python/colcon_distutils_commands:/home/matthew/ros2_ws/install/static_tf/lib/python3.10/site-packages:${PYTHONPATH} /usr/bin/python3 -W ignore:setup.py install is deprecated -W ignore:easy_install command is deprecated setup.py develop --editable --build-directory /home/matthew/ros2_ws/build/static_tf/build --no-deps symlink_data
[3.832s] INFO:colcon.colcon_core.shell:Creating environment descriptor '/home/matthew/ros2_ws/build/static_tf/share/static_tf/hook/pythonpath_develop.dsv'
[3.834s] INFO:colcon.colcon_core.shell:Creating environment hook '/home/matthew/ros2_ws/build/static_tf/share/static_tf/hook/pythonpath_develop.sh'
[3.836s] Level 1:colcon.colcon_core.environment:checking '/home/matthew/ros2_ws/install/static_tf' for CMake module files
[3.837s] Level 1:colcon.colcon_core.environment:checking '/home/matthew/ros2_ws/install/static_tf' for CMake config files
[3.839s] Level 1:colcon.colcon_core.environment:checking '/home/matthew/ros2_ws/install/static_tf/lib'
[3.839s] Level 1:colcon.colcon_core.environment:checking '/home/matthew/ros2_ws/install/static_tf/bin'
[3.839s] Level 1:colcon.colcon_core.environment:checking '/home/matthew/ros2_ws/install/static_tf/lib/pkgconfig/static_tf.pc'
[3.840s] Level 1:colcon.colcon_core.environment:checking '/home/matthew/ros2_ws/install/static_tf/lib/python3.10/site-packages'
[3.840s] Level 1:colcon.colcon_core.shell:create_environment_hook('static_tf', 'pythonpath')
[3.840s] INFO:colcon.colcon_core.shell:Creating environment hook '/home/matthew/ros2_ws/install/static_tf/share/static_tf/hook/pythonpath.ps1'
[3.841s] INFO:colcon.colcon_core.shell:Creating environment descriptor '/home/matthew/ros2_ws/install/static_tf/share/static_tf/hook/pythonpath.dsv'
[3.842s] INFO:colcon.colcon_core.shell:Creating environment hook '/home/matthew/ros2_ws/install/static_tf/share/static_tf/hook/pythonpath.sh'
[3.843s] Level 1:colcon.colcon_core.environment:checking '/home/matthew/ros2_ws/install/static_tf/bin'
[3.844s] Level 1:colcon.colcon_core.environment:create_environment_scripts_only(static_tf)
[3.844s] INFO:colcon.colcon_core.shell:Creating package script '/home/matthew/ros2_ws/install/static_tf/share/static_tf/package.ps1'
[3.845s] INFO:colcon.colcon_core.shell:Creating package descriptor '/home/matthew/ros2_ws/install/static_tf/share/static_tf/package.dsv'
[3.846s] INFO:colcon.colcon_core.shell:Creating package script '/home/matthew/ros2_ws/install/static_tf/share/static_tf/package.sh'
[3.848s] INFO:colcon.colcon_core.shell:Creating package script '/home/matthew/ros2_ws/install/static_tf/share/static_tf/package.bash'
[3.850s] INFO:colcon.colcon_core.shell:Creating package script '/home/matthew/ros2_ws/install/static_tf/share/static_tf/package.zsh'
[3.851s] Level 1:colcon.colcon_core.environment:create_file_with_runtime_dependencies(/home/matthew/ros2_ws/install/static_tf/share/colcon-core/packages/static_tf)
[3.852s] DEBUG:colcon.colcon_parallel_executor.executor.parallel:closing loop
[3.853s] DEBUG:colcon.colcon_parallel_executor.executor.parallel:loop closed
[3.853s] DEBUG:colcon.colcon_parallel_executor.executor.parallel:run_until_complete finished with '0'
[3.854s] DEBUG:colcon.colcon_core.event_reactor:joining thread
[3.873s] INFO:colcon.colcon_core.plugin_system:Skipping extension 'colcon_notification.desktop_notification.terminal_notifier': Not used on non-Darwin systems
[3.873s] INFO:colcon.colcon_core.plugin_system:Skipping extension 'colcon_notification.desktop_notification.win32': Not used on non-Windows systems
[3.873s] INFO:colcon.colcon_notification.desktop_notification:Sending desktop notification using 'notify2'
[3.925s] DEBUG:colcon.colcon_core.event_reactor:joined thread
[3.927s] INFO:colcon.colcon_core.shell:Creating prefix script '/home/matthew/ros2_ws/install/local_setup.ps1'
[3.932s] INFO:colcon.colcon_core.shell:Creating prefix util module '/home/matthew/ros2_ws/install/_local_setup_util_ps1.py'
[3.937s] INFO:colcon.colcon_core.shell:Creating prefix chain script '/home/matthew/ros2_ws/install/setup.ps1'
[3.940s] INFO:colcon.colcon_core.shell:Creating prefix script '/home/matthew/ros2_ws/install/local_setup.sh'
[3.941s] INFO:colcon.colcon_core.shell:Creating prefix util module '/home/matthew/ros2_ws/install/_local_setup_util_sh.py'
[3.942s] INFO:colcon.colcon_core.shell:Creating prefix chain script '/home/matthew/ros2_ws/install/setup.sh'
[3.944s] INFO:colcon.colcon_core.shell:Creating prefix script '/home/matthew/ros2_ws/install/local_setup.bash'
[3.945s] INFO:colcon.colcon_core.shell:Creating prefix chain script '/home/matthew/ros2_ws/install/setup.bash'
[3.948s] INFO:colcon.colcon_core.shell:Creating prefix script '/home/matthew/ros2_ws/install/local_setup.zsh'
[3.950s] INFO:colcon.colcon_core.shell:Creating prefix chain script '/home/matthew/ros2_ws/install/setup.zsh'
