[2.043s] Invoking command in '/home/matthew/ros2_ws/build/static_tf': PYTHONPATH=/home/matthew/ros2_ws/build/static_tf/prefix_override:/usr/lib/python3/dist-packages/colcon_core/task/python/colcon_distutils_commands:/home/matthew/ros2_ws/install/static_tf/lib/python3.10/site-packages:${PYTHONPATH} /usr/bin/python3 -W ignore:setup.py install is deprecated -W ignore:easy_install command is deprecated setup.py develop --editable --build-directory /home/matthew/ros2_ws/build/static_tf/build --no-deps symlink_data
[2.628s] running develop
[3.115s] running egg_info
[3.116s] creating static_tf.egg-info
[3.116s] writing static_tf.egg-info/PKG-INFO
[3.117s] writing dependency_links to static_tf.egg-info/dependency_links.txt
[3.117s] writing entry points to static_tf.egg-info/entry_points.txt
[3.118s] writing requirements to static_tf.egg-info/requires.txt
[3.118s] writing top-level names to static_tf.egg-info/top_level.txt
[3.119s] writing manifest file 'static_tf.egg-info/SOURCES.txt'
[3.124s] reading manifest file 'static_tf.egg-info/SOURCES.txt'
[3.136s] writing manifest file 'static_tf.egg-info/SOURCES.txt'
[3.141s] running build_ext
[3.141s] Creating /home/matthew/ros2_ws/install/static_tf/lib/python3.10/site-packages/static-tf.egg-link (link to .)
[3.143s] Installing static_tf_node script to /home/matthew/ros2_ws/install/static_tf/lib/static_tf
[3.144s] 
[3.144s] Installed /home/matthew/ros2_ws/build/static_tf
[3.144s] running symlink_data
[3.144s] creating /home/matthew/ros2_ws/install/static_tf/share/ament_index
[3.145s] creating /home/matthew/ros2_ws/install/static_tf/share/ament_index/resource_index
[3.145s] creating /home/matthew/ros2_ws/install/static_tf/share/ament_index/resource_index/packages
[3.145s] symbolically linking /home/matthew/ros2_ws/build/static_tf/resource/static_tf -> /home/matthew/ros2_ws/install/static_tf/share/ament_index/resource_index/packages
[3.145s] symbolically linking /home/matthew/ros2_ws/build/static_tf/package.xml -> /home/matthew/ros2_ws/install/static_tf/share/static_tf
[3.256s] Invoked command in '/home/matthew/ros2_ws/build/static_tf' returned '0': PYTHONPATH=/home/matthew/ros2_ws/build/static_tf/prefix_override:/usr/lib/python3/dist-packages/colcon_core/task/python/colcon_distutils_commands:/home/matthew/ros2_ws/install/static_tf/lib/python3.10/site-packages:${PYTHONPATH} /usr/bin/python3 -W ignore:setup.py install is deprecated -W ignore:easy_install command is deprecated setup.py develop --editable --build-directory /home/matthew/ros2_ws/build/static_tf/build --no-deps symlink_data
