[0.064s] Invoking command in '/home/matthew/nav2_ws/build/nav2_minimal_tb4_sim': AMENT_PREFIX_PATH=/home/matthew/nav2_ws/install/nav2_minimal_tb4_description:${AMENT_PREFIX_PATH} CMAKE_PREFIX_PATH=/home/matthew/nav2_ws/install/nav2_minimal_tb4_description:/home/matthew/ros2_ws/install/ros2_laser_scan_matcher:/home/matthew/ros2_ws/install/opennav_docking_core:/home/matthew/ros2_ws/install/my_robot_description:/home/matthew/ros2_ws/install/map_msgs:/home/matthew/ros2_ws/install/fake_odometry:/home/matthew/ros2_ws/install/dwb_msgs:/home/matthew/ros2_ws/install/csm:/opt/ros/iron /usr/bin/cmake --build /home/matthew/nav2_ws/build/nav2_minimal_tb4_sim -- -j6 -l6
[0.164s] Invoked command in '/home/matthew/nav2_ws/build/nav2_minimal_tb4_sim' returned '0': AMENT_PREFIX_PATH=/home/matthew/nav2_ws/install/nav2_minimal_tb4_description:${AMENT_PREFIX_PATH} CMAKE_PREFIX_PATH=/home/matthew/nav2_ws/install/nav2_minimal_tb4_description:/home/matthew/ros2_ws/install/ros2_laser_scan_matcher:/home/matthew/ros2_ws/install/opennav_docking_core:/home/matthew/ros2_ws/install/my_robot_description:/home/matthew/ros2_ws/install/map_msgs:/home/matthew/ros2_ws/install/fake_odometry:/home/matthew/ros2_ws/install/dwb_msgs:/home/matthew/ros2_ws/install/csm:/opt/ros/iron /usr/bin/cmake --build /home/matthew/nav2_ws/build/nav2_minimal_tb4_sim -- -j6 -l6
[0.167s] Invoking command in '/home/matthew/nav2_ws/build/nav2_minimal_tb4_sim': AMENT_PREFIX_PATH=/home/matthew/nav2_ws/install/nav2_minimal_tb4_description:${AMENT_PREFIX_PATH} CMAKE_PREFIX_PATH=/home/matthew/nav2_ws/install/nav2_minimal_tb4_description:/home/matthew/ros2_ws/install/ros2_laser_scan_matcher:/home/matthew/ros2_ws/install/opennav_docking_core:/home/matthew/ros2_ws/install/my_robot_description:/home/matthew/ros2_ws/install/map_msgs:/home/matthew/ros2_ws/install/fake_odometry:/home/matthew/ros2_ws/install/dwb_msgs:/home/matthew/ros2_ws/install/csm:/opt/ros/iron /usr/bin/cmake --install /home/matthew/nav2_ws/build/nav2_minimal_tb4_sim
[0.180s] -- Install configuration: ""
[0.181s] -- Execute custom install script
[0.181s] -- Up-to-date symlink: /home/matthew/nav2_ws/install/nav2_minimal_tb4_sim/share/nav2_minimal_tb4_sim/configs/tb4_bridge.yaml
[0.182s] -- Up-to-date symlink: /home/matthew/nav2_ws/install/nav2_minimal_tb4_sim/share/nav2_minimal_tb4_sim/launch/simulation.launch.py
[0.182s] -- Up-to-date symlink: /home/matthew/nav2_ws/install/nav2_minimal_tb4_sim/share/nav2_minimal_tb4_sim/launch/spawn_tb4.launch.py
[0.183s] -- Up-to-date symlink: /home/matthew/nav2_ws/install/nav2_minimal_tb4_sim/share/nav2_minimal_tb4_sim/worlds/depot.sdf
[0.183s] -- Up-to-date symlink: /home/matthew/nav2_ws/install/nav2_minimal_tb4_sim/share/nav2_minimal_tb4_sim/worlds/warehouse.sdf
[0.184s] -- Up-to-date symlink: /home/matthew/nav2_ws/install/nav2_minimal_tb4_sim/share/ament_index/resource_index/package_run_dependencies/nav2_minimal_tb4_sim
[0.184s] -- Up-to-date symlink: /home/matthew/nav2_ws/install/nav2_minimal_tb4_sim/share/ament_index/resource_index/parent_prefix_path/nav2_minimal_tb4_sim
[0.185s] -- Up-to-date symlink: /home/matthew/nav2_ws/install/nav2_minimal_tb4_sim/share/nav2_minimal_tb4_sim/environment/ament_prefix_path.sh
[0.185s] -- Up-to-date symlink: /home/matthew/nav2_ws/install/nav2_minimal_tb4_sim/share/nav2_minimal_tb4_sim/environment/ament_prefix_path.dsv
[0.186s] -- Up-to-date symlink: /home/matthew/nav2_ws/install/nav2_minimal_tb4_sim/share/nav2_minimal_tb4_sim/environment/path.sh
[0.186s] -- Up-to-date symlink: /home/matthew/nav2_ws/install/nav2_minimal_tb4_sim/share/nav2_minimal_tb4_sim/environment/path.dsv
[0.186s] -- Up-to-date symlink: /home/matthew/nav2_ws/install/nav2_minimal_tb4_sim/share/nav2_minimal_tb4_sim/local_setup.bash
[0.187s] -- Up-to-date symlink: /home/matthew/nav2_ws/install/nav2_minimal_tb4_sim/share/nav2_minimal_tb4_sim/local_setup.sh
[0.187s] -- Up-to-date symlink: /home/matthew/nav2_ws/install/nav2_minimal_tb4_sim/share/nav2_minimal_tb4_sim/local_setup.zsh
[0.187s] -- Up-to-date symlink: /home/matthew/nav2_ws/install/nav2_minimal_tb4_sim/share/nav2_minimal_tb4_sim/local_setup.dsv
[0.189s] -- Symlinking: /home/matthew/nav2_ws/install/nav2_minimal_tb4_sim/share/nav2_minimal_tb4_sim/package.dsv
[0.206s] -- Up-to-date symlink: /home/matthew/nav2_ws/install/nav2_minimal_tb4_sim/share/ament_index/resource_index/packages/nav2_minimal_tb4_sim
[0.207s] -- Up-to-date symlink: /home/matthew/nav2_ws/install/nav2_minimal_tb4_sim/share/nav2_minimal_tb4_sim/cmake/nav2_minimal_tb4_simConfig.cmake
[0.207s] -- Up-to-date symlink: /home/matthew/nav2_ws/install/nav2_minimal_tb4_sim/share/nav2_minimal_tb4_sim/cmake/nav2_minimal_tb4_simConfig-version.cmake
[0.207s] -- Up-to-date symlink: /home/matthew/nav2_ws/install/nav2_minimal_tb4_sim/share/nav2_minimal_tb4_sim/package.xml
[0.215s] Invoked command in '/home/matthew/nav2_ws/build/nav2_minimal_tb4_sim' returned '0': AMENT_PREFIX_PATH=/home/matthew/nav2_ws/install/nav2_minimal_tb4_description:${AMENT_PREFIX_PATH} CMAKE_PREFIX_PATH=/home/matthew/nav2_ws/install/nav2_minimal_tb4_description:/home/matthew/ros2_ws/install/ros2_laser_scan_matcher:/home/matthew/ros2_ws/install/opennav_docking_core:/home/matthew/ros2_ws/install/my_robot_description:/home/matthew/ros2_ws/install/map_msgs:/home/matthew/ros2_ws/install/fake_odometry:/home/matthew/ros2_ws/install/dwb_msgs:/home/matthew/ros2_ws/install/csm:/opt/ros/iron /usr/bin/cmake --install /home/matthew/nav2_ws/build/nav2_minimal_tb4_sim
