[0.095s] Invoking command in '/home/matthew/nav2_ws/build/nav2_controller': AMENT_PREFIX_PATH=/home/matthew/nav2_ws/install/nav2_core:/home/matthew/nav2_ws/install/nav2_costmap_2d:/home/matthew/nav2_ws/install/nav_2d_utils:/home/matthew/nav2_ws/install/nav2_map_server:/home/matthew/nav2_ws/install/nav2_lifecycle_manager:/home/matthew/nav2_ws/install/nav2_behavior_tree:/home/matthew/nav2_ws/install/nav2_util:/home/matthew/nav2_ws/install/nav2_voxel_grid:/home/matthew/nav2_ws/install/nav2_msgs:/home/matthew/nav2_ws/install/nav_2d_msgs:/home/matthew/nav2_ws/install/nav2_common:${AMENT_PREFIX_PATH} CMAKE_PREFIX_PATH=/home/matthew/nav2_ws/install/nav2_core:/home/matthew/nav2_ws/install/nav2_costmap_2d:/home/matthew/nav2_ws/install/nav_2d_utils:/home/matthew/nav2_ws/install/nav2_map_server:/home/matthew/nav2_ws/install/nav2_lifecycle_manager:/home/matthew/nav2_ws/install/nav2_behavior_tree:/home/matthew/nav2_ws/install/nav2_util:/home/matthew/nav2_ws/install/nav2_voxel_grid:/home/matthew/nav2_ws/install/nav2_msgs:/home/matthew/nav2_ws/install/nav_2d_msgs:/home/matthew/nav2_ws/install/nav2_common:/home/matthew/ros2_ws/install/ros2_laser_scan_matcher:/home/matthew/ros2_ws/install/opennav_docking_core:/home/matthew/ros2_ws/install/my_robot_description:/home/matthew/ros2_ws/install/map_msgs:/home/matthew/ros2_ws/install/fake_odometry:/home/matthew/ros2_ws/install/dwb_msgs:/home/matthew/ros2_ws/install/csm:/opt/ros/iron LD_LIBRARY_PATH=/home/matthew/nav2_ws/install/nav2_costmap_2d/lib:/home/matthew/nav2_ws/install/nav_2d_utils/lib:/home/matthew/nav2_ws/install/nav2_map_server/lib:/home/matthew/nav2_ws/install/nav2_lifecycle_manager/lib:/home/matthew/nav2_ws/install/nav2_behavior_tree/lib:/home/matthew/nav2_ws/install/nav2_util/lib:/home/matthew/nav2_ws/install/nav2_voxel_grid/lib:/home/matthew/nav2_ws/install/nav2_msgs/lib:/home/matthew/nav2_ws/install/nav_2d_msgs/lib:${LD_LIBRARY_PATH} PYTHONPATH=/home/matthew/nav2_ws/install/nav2_msgs/lib/python3.10/site-packages:/home/matthew/nav2_ws/install/nav_2d_msgs/lib/python3.10/site-packages:/home/matthew/nav2_ws/install/nav2_common/lib/python3.10/site-packages:${PYTHONPATH} /usr/bin/cmake --build /home/matthew/nav2_ws/build/nav2_controller -- -j6 -l6
[0.363s] [  9%] Built target gtest_main
[0.421s] [ 18%] Built target controller_server_core
[0.426s] [ 27%] Built target gtest
[0.433s] [ 36%] Built target simple_progress_checker
[0.470s] [ 45%] Built target simple_goal_checker
[0.646s] [ 54%] Built target controller_server
[0.646s] [ 63%] Built target pose_progress_checker
[0.651s] [ 72%] Built target stopped_goal_checker
[0.680s] [ 81%] Built target test_dynamic_parameters
[0.731s] [ 90%] Built target pctest
[0.760s] [100%] Built target gctest
[0.844s] Invoked command in '/home/matthew/nav2_ws/build/nav2_controller' returned '0': AMENT_PREFIX_PATH=/home/matthew/nav2_ws/install/nav2_core:/home/matthew/nav2_ws/install/nav2_costmap_2d:/home/matthew/nav2_ws/install/nav_2d_utils:/home/matthew/nav2_ws/install/nav2_map_server:/home/matthew/nav2_ws/install/nav2_lifecycle_manager:/home/matthew/nav2_ws/install/nav2_behavior_tree:/home/matthew/nav2_ws/install/nav2_util:/home/matthew/nav2_ws/install/nav2_voxel_grid:/home/matthew/nav2_ws/install/nav2_msgs:/home/matthew/nav2_ws/install/nav_2d_msgs:/home/matthew/nav2_ws/install/nav2_common:${AMENT_PREFIX_PATH} CMAKE_PREFIX_PATH=/home/matthew/nav2_ws/install/nav2_core:/home/matthew/nav2_ws/install/nav2_costmap_2d:/home/matthew/nav2_ws/install/nav_2d_utils:/home/matthew/nav2_ws/install/nav2_map_server:/home/matthew/nav2_ws/install/nav2_lifecycle_manager:/home/matthew/nav2_ws/install/nav2_behavior_tree:/home/matthew/nav2_ws/install/nav2_util:/home/matthew/nav2_ws/install/nav2_voxel_grid:/home/matthew/nav2_ws/install/nav2_msgs:/home/matthew/nav2_ws/install/nav_2d_msgs:/home/matthew/nav2_ws/install/nav2_common:/home/matthew/ros2_ws/install/ros2_laser_scan_matcher:/home/matthew/ros2_ws/install/opennav_docking_core:/home/matthew/ros2_ws/install/my_robot_description:/home/matthew/ros2_ws/install/map_msgs:/home/matthew/ros2_ws/install/fake_odometry:/home/matthew/ros2_ws/install/dwb_msgs:/home/matthew/ros2_ws/install/csm:/opt/ros/iron LD_LIBRARY_PATH=/home/matthew/nav2_ws/install/nav2_costmap_2d/lib:/home/matthew/nav2_ws/install/nav_2d_utils/lib:/home/matthew/nav2_ws/install/nav2_map_server/lib:/home/matthew/nav2_ws/install/nav2_lifecycle_manager/lib:/home/matthew/nav2_ws/install/nav2_behavior_tree/lib:/home/matthew/nav2_ws/install/nav2_util/lib:/home/matthew/nav2_ws/install/nav2_voxel_grid/lib:/home/matthew/nav2_ws/install/nav2_msgs/lib:/home/matthew/nav2_ws/install/nav_2d_msgs/lib:${LD_LIBRARY_PATH} PYTHONPATH=/home/matthew/nav2_ws/install/nav2_msgs/lib/python3.10/site-packages:/home/matthew/nav2_ws/install/nav_2d_msgs/lib/python3.10/site-packages:/home/matthew/nav2_ws/install/nav2_common/lib/python3.10/site-packages:${PYTHONPATH} /usr/bin/cmake --build /home/matthew/nav2_ws/build/nav2_controller -- -j6 -l6
[0.847s] Invoking command in '/home/matthew/nav2_ws/build/nav2_controller': AMENT_PREFIX_PATH=/home/matthew/nav2_ws/install/nav2_core:/home/matthew/nav2_ws/install/nav2_costmap_2d:/home/matthew/nav2_ws/install/nav_2d_utils:/home/matthew/nav2_ws/install/nav2_map_server:/home/matthew/nav2_ws/install/nav2_lifecycle_manager:/home/matthew/nav2_ws/install/nav2_behavior_tree:/home/matthew/nav2_ws/install/nav2_util:/home/matthew/nav2_ws/install/nav2_voxel_grid:/home/matthew/nav2_ws/install/nav2_msgs:/home/matthew/nav2_ws/install/nav_2d_msgs:/home/matthew/nav2_ws/install/nav2_common:${AMENT_PREFIX_PATH} CMAKE_PREFIX_PATH=/home/matthew/nav2_ws/install/nav2_core:/home/matthew/nav2_ws/install/nav2_costmap_2d:/home/matthew/nav2_ws/install/nav_2d_utils:/home/matthew/nav2_ws/install/nav2_map_server:/home/matthew/nav2_ws/install/nav2_lifecycle_manager:/home/matthew/nav2_ws/install/nav2_behavior_tree:/home/matthew/nav2_ws/install/nav2_util:/home/matthew/nav2_ws/install/nav2_voxel_grid:/home/matthew/nav2_ws/install/nav2_msgs:/home/matthew/nav2_ws/install/nav_2d_msgs:/home/matthew/nav2_ws/install/nav2_common:/home/matthew/ros2_ws/install/ros2_laser_scan_matcher:/home/matthew/ros2_ws/install/opennav_docking_core:/home/matthew/ros2_ws/install/my_robot_description:/home/matthew/ros2_ws/install/map_msgs:/home/matthew/ros2_ws/install/fake_odometry:/home/matthew/ros2_ws/install/dwb_msgs:/home/matthew/ros2_ws/install/csm:/opt/ros/iron LD_LIBRARY_PATH=/home/matthew/nav2_ws/install/nav2_costmap_2d/lib:/home/matthew/nav2_ws/install/nav_2d_utils/lib:/home/matthew/nav2_ws/install/nav2_map_server/lib:/home/matthew/nav2_ws/install/nav2_lifecycle_manager/lib:/home/matthew/nav2_ws/install/nav2_behavior_tree/lib:/home/matthew/nav2_ws/install/nav2_util/lib:/home/matthew/nav2_ws/install/nav2_voxel_grid/lib:/home/matthew/nav2_ws/install/nav2_msgs/lib:/home/matthew/nav2_ws/install/nav_2d_msgs/lib:${LD_LIBRARY_PATH} PYTHONPATH=/home/matthew/nav2_ws/install/nav2_msgs/lib/python3.10/site-packages:/home/matthew/nav2_ws/install/nav_2d_msgs/lib/python3.10/site-packages:/home/matthew/nav2_ws/install/nav2_common/lib/python3.10/site-packages:${PYTHONPATH} /usr/bin/cmake --install /home/matthew/nav2_ws/build/nav2_controller
[0.882s] -- Install configuration: "Release"
[0.882s] -- Execute custom install script
[0.882s] -- Up-to-date symlink: /home/matthew/nav2_ws/install/nav2_controller/lib/libsimple_progress_checker.so
[0.882s] -- Up-to-date symlink: /home/matthew/nav2_ws/install/nav2_controller/lib/libpose_progress_checker.so
[0.888s] -- Up-to-date symlink: /home/matthew/nav2_ws/install/nav2_controller/lib/libsimple_goal_checker.so
[0.889s] -- Up-to-date symlink: /home/matthew/nav2_ws/install/nav2_controller/lib/libstopped_goal_checker.so
[0.889s] -- Up-to-date symlink: /home/matthew/nav2_ws/install/nav2_controller/lib/libcontroller_server_core.so
[0.889s] -- Up-to-date symlink: /home/matthew/nav2_ws/install/nav2_controller/lib/nav2_controller/controller_server
[0.889s] -- Up-to-date symlink: /home/matthew/nav2_ws/install/nav2_controller/include//nav2_controller/controller_server.hpp
[0.890s] -- Up-to-date symlink: /home/matthew/nav2_ws/install/nav2_controller/include//nav2_controller/plugins/pose_progress_checker.hpp
[0.890s] -- Up-to-date symlink: /home/matthew/nav2_ws/install/nav2_controller/include//nav2_controller/plugins/simple_goal_checker.hpp
[0.890s] -- Up-to-date symlink: /home/matthew/nav2_ws/install/nav2_controller/include//nav2_controller/plugins/simple_progress_checker.hpp
[0.890s] -- Up-to-date symlink: /home/matthew/nav2_ws/install/nav2_controller/include//nav2_controller/plugins/stopped_goal_checker.hpp
[0.893s] -- Up-to-date symlink: /home/matthew/nav2_ws/install/nav2_controller/share/nav2_controller/environment/library_path.sh
[0.893s] -- Up-to-date symlink: /home/matthew/nav2_ws/install/nav2_controller/share/nav2_controller/environment/library_path.dsv
[0.893s] -- Up-to-date symlink: /home/matthew/nav2_ws/install/nav2_controller/share/nav2_controller//plugins.xml
[0.893s] -- Up-to-date symlink: /home/matthew/nav2_ws/install/nav2_controller/share/ament_index/resource_index/package_run_dependencies/nav2_controller
[0.893s] -- Up-to-date symlink: /home/matthew/nav2_ws/install/nav2_controller/share/ament_index/resource_index/parent_prefix_path/nav2_controller
[0.894s] -- Up-to-date symlink: /home/matthew/nav2_ws/install/nav2_controller/share/nav2_controller/environment/ament_prefix_path.sh
[0.894s] -- Up-to-date symlink: /home/matthew/nav2_ws/install/nav2_controller/share/nav2_controller/environment/ament_prefix_path.dsv
[0.894s] -- Up-to-date symlink: /home/matthew/nav2_ws/install/nav2_controller/share/nav2_controller/environment/path.sh
[0.894s] -- Up-to-date symlink: /home/matthew/nav2_ws/install/nav2_controller/share/nav2_controller/environment/path.dsv
[0.894s] -- Up-to-date symlink: /home/matthew/nav2_ws/install/nav2_controller/share/nav2_controller/local_setup.bash
[0.895s] -- Up-to-date symlink: /home/matthew/nav2_ws/install/nav2_controller/share/nav2_controller/local_setup.sh
[0.895s] -- Up-to-date symlink: /home/matthew/nav2_ws/install/nav2_controller/share/nav2_controller/local_setup.zsh
[0.895s] -- Up-to-date symlink: /home/matthew/nav2_ws/install/nav2_controller/share/nav2_controller/local_setup.dsv
[0.895s] -- Symlinking: /home/matthew/nav2_ws/install/nav2_controller/share/nav2_controller/package.dsv
[0.912s] -- Up-to-date symlink: /home/matthew/nav2_ws/install/nav2_controller/share/ament_index/resource_index/packages/nav2_controller
[0.913s] -- Up-to-date symlink: /home/matthew/nav2_ws/install/nav2_controller/share/ament_index/resource_index/nav2_core__pluginlib__plugin/nav2_controller
[0.913s] -- Up-to-date symlink: /home/matthew/nav2_ws/install/nav2_controller/share/ament_index/resource_index/rclcpp_components/nav2_controller
[0.917s] -- Up-to-date symlink: /home/matthew/nav2_ws/install/nav2_controller/share/nav2_controller/cmake/ament_cmake_export_include_directories-extras.cmake
[0.918s] -- Up-to-date symlink: /home/matthew/nav2_ws/install/nav2_controller/share/nav2_controller/cmake/ament_cmake_export_libraries-extras.cmake
[0.919s] -- Up-to-date symlink: /home/matthew/nav2_ws/install/nav2_controller/share/nav2_controller/cmake/ament_cmake_export_dependencies-extras.cmake
[0.919s] -- Up-to-date symlink: /home/matthew/nav2_ws/install/nav2_controller/share/nav2_controller/cmake/nav2_controllerConfig.cmake
[0.920s] -- Up-to-date symlink: /home/matthew/nav2_ws/install/nav2_controller/share/nav2_controller/cmake/nav2_controllerConfig-version.cmake
[0.920s] -- Up-to-date symlink: /home/matthew/nav2_ws/install/nav2_controller/share/nav2_controller/package.xml
[1.023s] Invoked command in '/home/matthew/nav2_ws/build/nav2_controller' returned '0': AMENT_PREFIX_PATH=/home/matthew/nav2_ws/install/nav2_core:/home/matthew/nav2_ws/install/nav2_costmap_2d:/home/matthew/nav2_ws/install/nav_2d_utils:/home/matthew/nav2_ws/install/nav2_map_server:/home/matthew/nav2_ws/install/nav2_lifecycle_manager:/home/matthew/nav2_ws/install/nav2_behavior_tree:/home/matthew/nav2_ws/install/nav2_util:/home/matthew/nav2_ws/install/nav2_voxel_grid:/home/matthew/nav2_ws/install/nav2_msgs:/home/matthew/nav2_ws/install/nav_2d_msgs:/home/matthew/nav2_ws/install/nav2_common:${AMENT_PREFIX_PATH} CMAKE_PREFIX_PATH=/home/matthew/nav2_ws/install/nav2_core:/home/matthew/nav2_ws/install/nav2_costmap_2d:/home/matthew/nav2_ws/install/nav_2d_utils:/home/matthew/nav2_ws/install/nav2_map_server:/home/matthew/nav2_ws/install/nav2_lifecycle_manager:/home/matthew/nav2_ws/install/nav2_behavior_tree:/home/matthew/nav2_ws/install/nav2_util:/home/matthew/nav2_ws/install/nav2_voxel_grid:/home/matthew/nav2_ws/install/nav2_msgs:/home/matthew/nav2_ws/install/nav_2d_msgs:/home/matthew/nav2_ws/install/nav2_common:/home/matthew/ros2_ws/install/ros2_laser_scan_matcher:/home/matthew/ros2_ws/install/opennav_docking_core:/home/matthew/ros2_ws/install/my_robot_description:/home/matthew/ros2_ws/install/map_msgs:/home/matthew/ros2_ws/install/fake_odometry:/home/matthew/ros2_ws/install/dwb_msgs:/home/matthew/ros2_ws/install/csm:/opt/ros/iron LD_LIBRARY_PATH=/home/matthew/nav2_ws/install/nav2_costmap_2d/lib:/home/matthew/nav2_ws/install/nav_2d_utils/lib:/home/matthew/nav2_ws/install/nav2_map_server/lib:/home/matthew/nav2_ws/install/nav2_lifecycle_manager/lib:/home/matthew/nav2_ws/install/nav2_behavior_tree/lib:/home/matthew/nav2_ws/install/nav2_util/lib:/home/matthew/nav2_ws/install/nav2_voxel_grid/lib:/home/matthew/nav2_ws/install/nav2_msgs/lib:/home/matthew/nav2_ws/install/nav_2d_msgs/lib:${LD_LIBRARY_PATH} PYTHONPATH=/home/matthew/nav2_ws/install/nav2_msgs/lib/python3.10/site-packages:/home/matthew/nav2_ws/install/nav_2d_msgs/lib/python3.10/site-packages:/home/matthew/nav2_ws/install/nav2_common/lib/python3.10/site-packages:${PYTHONPATH} /usr/bin/cmake --install /home/matthew/nav2_ws/build/nav2_controller
