[0.027s] Invoking command in '/home/matthew/nav2_ws/build/dwb_msgs': AMENT_PREFIX_PATH=/home/matthew/nav2_ws/install/nav_2d_msgs:${AMENT_PREFIX_PATH} CMAKE_PREFIX_PATH=/home/matthew/nav2_ws/install/nav_2d_msgs:/home/matthew/ros2_ws/install/ros2_laser_scan_matcher:/home/matthew/ros2_ws/install/opennav_docking_core:/home/matthew/ros2_ws/install/my_robot_description:/home/matthew/ros2_ws/install/map_msgs:/home/matthew/ros2_ws/install/fake_odometry:/home/matthew/ros2_ws/install/dwb_msgs:/home/matthew/ros2_ws/install/csm:/opt/ros/iron LD_LIBRARY_PATH=/home/matthew/nav2_ws/install/nav_2d_msgs/lib:${LD_LIBRARY_PATH} PYTHONPATH=/home/matthew/nav2_ws/install/nav_2d_msgs/lib/python3.10/site-packages:${PYTHONPATH} /usr/bin/cmake --build /home/matthew/nav2_ws/build/dwb_msgs -- -j6 -l6
[0.130s] [  1%] Built target dwb_msgs__rosidl_generator_type_description
[0.149s] [  1%] Built target ament_cmake_python_symlink_dwb_msgs
[0.192s] [ 27%] Built target dwb_msgs__rosidl_generator_c
[0.212s] [ 27%] Built target dwb_msgs__cpp
[0.282s] [ 37%] Built target dwb_msgs__rosidl_typesupport_fastrtps_c
[0.289s] [ 47%] Built target dwb_msgs__rosidl_typesupport_c
[0.315s] [ 57%] Built target dwb_msgs__rosidl_typesupport_introspection_c
[0.321s] [ 66%] Built target dwb_msgs__rosidl_typesupport_cpp
[0.330s] [ 75%] Built target dwb_msgs__rosidl_typesupport_fastrtps_cpp
[0.407s] [ 85%] Built target dwb_msgs__rosidl_typesupport_introspection_cpp
[0.462s] [ 85%] Built target dwb_msgs
[0.510s] [ 86%] Built target dwb_msgs__py
[0.559s] [ 94%] Built target dwb_msgs__rosidl_generator_py
[0.604s] [ 97%] Built target dwb_msgs__rosidl_typesupport_introspection_c__pyext
[0.604s] [ 98%] Built target dwb_msgs__rosidl_typesupport_fastrtps_c__pyext
[0.608s] [100%] Built target dwb_msgs__rosidl_typesupport_c__pyext
[0.724s] running egg_info
[0.725s] writing dwb_msgs.egg-info/PKG-INFO
[0.726s] writing dependency_links to dwb_msgs.egg-info/dependency_links.txt
[0.726s] writing top-level names to dwb_msgs.egg-info/top_level.txt
[0.731s] reading manifest file 'dwb_msgs.egg-info/SOURCES.txt'
[0.733s] writing manifest file 'dwb_msgs.egg-info/SOURCES.txt'
[0.806s] [100%] Built target ament_cmake_python_build_dwb_msgs_egg
[0.834s] Invoked command in '/home/matthew/nav2_ws/build/dwb_msgs' returned '0': AMENT_PREFIX_PATH=/home/matthew/nav2_ws/install/nav_2d_msgs:${AMENT_PREFIX_PATH} CMAKE_PREFIX_PATH=/home/matthew/nav2_ws/install/nav_2d_msgs:/home/matthew/ros2_ws/install/ros2_laser_scan_matcher:/home/matthew/ros2_ws/install/opennav_docking_core:/home/matthew/ros2_ws/install/my_robot_description:/home/matthew/ros2_ws/install/map_msgs:/home/matthew/ros2_ws/install/fake_odometry:/home/matthew/ros2_ws/install/dwb_msgs:/home/matthew/ros2_ws/install/csm:/opt/ros/iron LD_LIBRARY_PATH=/home/matthew/nav2_ws/install/nav_2d_msgs/lib:${LD_LIBRARY_PATH} PYTHONPATH=/home/matthew/nav2_ws/install/nav_2d_msgs/lib/python3.10/site-packages:${PYTHONPATH} /usr/bin/cmake --build /home/matthew/nav2_ws/build/dwb_msgs -- -j6 -l6
[0.837s] Invoking command in '/home/matthew/nav2_ws/build/dwb_msgs': AMENT_PREFIX_PATH=/home/matthew/nav2_ws/install/nav_2d_msgs:${AMENT_PREFIX_PATH} CMAKE_PREFIX_PATH=/home/matthew/nav2_ws/install/nav_2d_msgs:/home/matthew/ros2_ws/install/ros2_laser_scan_matcher:/home/matthew/ros2_ws/install/opennav_docking_core:/home/matthew/ros2_ws/install/my_robot_description:/home/matthew/ros2_ws/install/map_msgs:/home/matthew/ros2_ws/install/fake_odometry:/home/matthew/ros2_ws/install/dwb_msgs:/home/matthew/ros2_ws/install/csm:/opt/ros/iron LD_LIBRARY_PATH=/home/matthew/nav2_ws/install/nav_2d_msgs/lib:${LD_LIBRARY_PATH} PYTHONPATH=/home/matthew/nav2_ws/install/nav_2d_msgs/lib/python3.10/site-packages:${PYTHONPATH} /usr/bin/cmake --install /home/matthew/nav2_ws/build/dwb_msgs
[0.854s] -- Install configuration: ""
[0.855s] -- Execute custom install script
[0.855s] -- Up-to-date symlink: /home/matthew/nav2_ws/install/dwb_msgs/share/ament_index/resource_index/rosidl_interfaces/dwb_msgs
[0.856s] -- Up-to-date symlink: /home/matthew/nav2_ws/install/dwb_msgs/share/dwb_msgs/msg/CriticScore.json
[0.856s] -- Up-to-date symlink: /home/matthew/nav2_ws/install/dwb_msgs/share/dwb_msgs/msg/LocalPlanEvaluation.json
[0.856s] -- Up-to-date symlink: /home/matthew/nav2_ws/install/dwb_msgs/share/dwb_msgs/msg/Trajectory2D.json
[0.857s] -- Up-to-date symlink: /home/matthew/nav2_ws/install/dwb_msgs/share/dwb_msgs/msg/TrajectoryScore.json
[0.857s] -- Up-to-date symlink: /home/matthew/nav2_ws/install/dwb_msgs/share/dwb_msgs/srv/DebugLocalPlan.json
[0.857s] -- Up-to-date symlink: /home/matthew/nav2_ws/install/dwb_msgs/share/dwb_msgs/srv/GenerateTrajectory.json
[0.858s] -- Up-to-date symlink: /home/matthew/nav2_ws/install/dwb_msgs/share/dwb_msgs/srv/GenerateTwists.json
[0.858s] -- Up-to-date symlink: /home/matthew/nav2_ws/install/dwb_msgs/share/dwb_msgs/srv/GetCriticScore.json
[0.858s] -- Up-to-date symlink: /home/matthew/nav2_ws/install/dwb_msgs/share/dwb_msgs/srv/ScoreTrajectory.json
[0.860s] -- Up-to-date symlink: /home/matthew/nav2_ws/install/dwb_msgs/include/dwb_msgs/dwb_msgs/msg/critic_score.h
[0.860s] -- Up-to-date symlink: /home/matthew/nav2_ws/install/dwb_msgs/include/dwb_msgs/dwb_msgs/msg/detail/critic_score__functions.h
[0.860s] -- Up-to-date symlink: /home/matthew/nav2_ws/install/dwb_msgs/include/dwb_msgs/dwb_msgs/msg/detail/critic_score__struct.h
[0.860s] -- Up-to-date symlink: /home/matthew/nav2_ws/install/dwb_msgs/include/dwb_msgs/dwb_msgs/msg/detail/critic_score__type_support.h
[0.861s] -- Up-to-date symlink: /home/matthew/nav2_ws/install/dwb_msgs/include/dwb_msgs/dwb_msgs/msg/detail/local_plan_evaluation__functions.h
[0.861s] -- Up-to-date symlink: /home/matthew/nav2_ws/install/dwb_msgs/include/dwb_msgs/dwb_msgs/msg/detail/local_plan_evaluation__struct.h
[0.861s] -- Up-to-date symlink: /home/matthew/nav2_ws/install/dwb_msgs/include/dwb_msgs/dwb_msgs/msg/detail/local_plan_evaluation__type_support.h
[0.861s] -- Up-to-date symlink: /home/matthew/nav2_ws/install/dwb_msgs/include/dwb_msgs/dwb_msgs/msg/detail/trajectory2_d__functions.h
[0.861s] -- Up-to-date symlink: /home/matthew/nav2_ws/install/dwb_msgs/include/dwb_msgs/dwb_msgs/msg/detail/trajectory2_d__struct.h
[0.861s] -- Up-to-date symlink: /home/matthew/nav2_ws/install/dwb_msgs/include/dwb_msgs/dwb_msgs/msg/detail/trajectory2_d__type_support.h
[0.862s] -- Up-to-date symlink: /home/matthew/nav2_ws/install/dwb_msgs/include/dwb_msgs/dwb_msgs/msg/detail/trajectory_score__functions.h
[0.862s] -- Up-to-date symlink: /home/matthew/nav2_ws/install/dwb_msgs/include/dwb_msgs/dwb_msgs/msg/detail/trajectory_score__struct.h
[0.862s] -- Up-to-date symlink: /home/matthew/nav2_ws/install/dwb_msgs/include/dwb_msgs/dwb_msgs/msg/detail/trajectory_score__type_support.h
[0.862s] -- Up-to-date symlink: /home/matthew/nav2_ws/install/dwb_msgs/include/dwb_msgs/dwb_msgs/msg/local_plan_evaluation.h
[0.862s] -- Up-to-date symlink: /home/matthew/nav2_ws/install/dwb_msgs/include/dwb_msgs/dwb_msgs/msg/rosidl_generator_c__visibility_control.h
[0.863s] -- Up-to-date symlink: /home/matthew/nav2_ws/install/dwb_msgs/include/dwb_msgs/dwb_msgs/msg/trajectory2_d.h
[0.863s] -- Up-to-date symlink: /home/matthew/nav2_ws/install/dwb_msgs/include/dwb_msgs/dwb_msgs/msg/trajectory_score.h
[0.863s] -- Up-to-date symlink: /home/matthew/nav2_ws/install/dwb_msgs/include/dwb_msgs/dwb_msgs/srv/debug_local_plan.h
[0.863s] -- Up-to-date symlink: /home/matthew/nav2_ws/install/dwb_msgs/include/dwb_msgs/dwb_msgs/srv/detail/debug_local_plan__functions.h
[0.863s] -- Up-to-date symlink: /home/matthew/nav2_ws/install/dwb_msgs/include/dwb_msgs/dwb_msgs/srv/detail/debug_local_plan__struct.h
[0.864s] -- Up-to-date symlink: /home/matthew/nav2_ws/install/dwb_msgs/include/dwb_msgs/dwb_msgs/srv/detail/debug_local_plan__type_support.h
[0.864s] -- Up-to-date symlink: /home/matthew/nav2_ws/install/dwb_msgs/include/dwb_msgs/dwb_msgs/srv/detail/generate_trajectory__functions.h
[0.864s] -- Up-to-date symlink: /home/matthew/nav2_ws/install/dwb_msgs/include/dwb_msgs/dwb_msgs/srv/detail/generate_trajectory__struct.h
[0.864s] -- Up-to-date symlink: /home/matthew/nav2_ws/install/dwb_msgs/include/dwb_msgs/dwb_msgs/srv/detail/generate_trajectory__type_support.h
[0.864s] -- Up-to-date symlink: /home/matthew/nav2_ws/install/dwb_msgs/include/dwb_msgs/dwb_msgs/srv/detail/generate_twists__functions.h
[0.865s] -- Up-to-date symlink: /home/matthew/nav2_ws/install/dwb_msgs/include/dwb_msgs/dwb_msgs/srv/detail/generate_twists__struct.h
[0.865s] -- Up-to-date symlink: /home/matthew/nav2_ws/install/dwb_msgs/include/dwb_msgs/dwb_msgs/srv/detail/generate_twists__type_support.h
[0.865s] -- Up-to-date symlink: /home/matthew/nav2_ws/install/dwb_msgs/include/dwb_msgs/dwb_msgs/srv/detail/get_critic_score__functions.h
[0.865s] -- Up-to-date symlink: /home/matthew/nav2_ws/install/dwb_msgs/include/dwb_msgs/dwb_msgs/srv/detail/get_critic_score__struct.h
[0.865s] -- Up-to-date symlink: /home/matthew/nav2_ws/install/dwb_msgs/include/dwb_msgs/dwb_msgs/srv/detail/get_critic_score__type_support.h
[0.866s] -- Up-to-date symlink: /home/matthew/nav2_ws/install/dwb_msgs/include/dwb_msgs/dwb_msgs/srv/detail/score_trajectory__functions.h
[0.866s] -- Up-to-date symlink: /home/matthew/nav2_ws/install/dwb_msgs/include/dwb_msgs/dwb_msgs/srv/detail/score_trajectory__struct.h
[0.866s] -- Up-to-date symlink: /home/matthew/nav2_ws/install/dwb_msgs/include/dwb_msgs/dwb_msgs/srv/detail/score_trajectory__type_support.h
[0.866s] -- Up-to-date symlink: /home/matthew/nav2_ws/install/dwb_msgs/include/dwb_msgs/dwb_msgs/srv/generate_trajectory.h
[0.866s] -- Up-to-date symlink: /home/matthew/nav2_ws/install/dwb_msgs/include/dwb_msgs/dwb_msgs/srv/generate_twists.h
[0.867s] -- Up-to-date symlink: /home/matthew/nav2_ws/install/dwb_msgs/include/dwb_msgs/dwb_msgs/srv/get_critic_score.h
[0.867s] -- Up-to-date symlink: /home/matthew/nav2_ws/install/dwb_msgs/include/dwb_msgs/dwb_msgs/srv/score_trajectory.h
[0.867s] -- Up-to-date symlink: /home/matthew/nav2_ws/install/dwb_msgs/share/dwb_msgs/environment/library_path.sh
[0.867s] -- Up-to-date symlink: /home/matthew/nav2_ws/install/dwb_msgs/share/dwb_msgs/environment/library_path.dsv
[0.869s] -- Up-to-date symlink: /home/matthew/nav2_ws/install/dwb_msgs/include/dwb_msgs/dwb_msgs/msg/detail/critic_score__rosidl_typesupport_fastrtps_c.h
[0.869s] -- Up-to-date symlink: /home/matthew/nav2_ws/install/dwb_msgs/include/dwb_msgs/dwb_msgs/msg/detail/local_plan_evaluation__rosidl_typesupport_fastrtps_c.h
[0.869s] -- Up-to-date symlink: /home/matthew/nav2_ws/install/dwb_msgs/include/dwb_msgs/dwb_msgs/msg/detail/trajectory2_d__rosidl_typesupport_fastrtps_c.h
[0.869s] -- Up-to-date symlink: /home/matthew/nav2_ws/install/dwb_msgs/include/dwb_msgs/dwb_msgs/msg/detail/trajectory_score__rosidl_typesupport_fastrtps_c.h
[0.870s] -- Up-to-date symlink: /home/matthew/nav2_ws/install/dwb_msgs/include/dwb_msgs/dwb_msgs/msg/rosidl_typesupport_fastrtps_c__visibility_control.h
[0.870s] -- Up-to-date symlink: /home/matthew/nav2_ws/install/dwb_msgs/include/dwb_msgs/dwb_msgs/srv/detail/debug_local_plan__rosidl_typesupport_fastrtps_c.h
[0.870s] -- Up-to-date symlink: /home/matthew/nav2_ws/install/dwb_msgs/include/dwb_msgs/dwb_msgs/srv/detail/generate_trajectory__rosidl_typesupport_fastrtps_c.h
[0.871s] -- Up-to-date symlink: /home/matthew/nav2_ws/install/dwb_msgs/include/dwb_msgs/dwb_msgs/srv/detail/generate_twists__rosidl_typesupport_fastrtps_c.h
[0.871s] -- Up-to-date symlink: /home/matthew/nav2_ws/install/dwb_msgs/include/dwb_msgs/dwb_msgs/srv/detail/get_critic_score__rosidl_typesupport_fastrtps_c.h
[0.871s] -- Up-to-date symlink: /home/matthew/nav2_ws/install/dwb_msgs/include/dwb_msgs/dwb_msgs/srv/detail/score_trajectory__rosidl_typesupport_fastrtps_c.h
[0.872s] -- Up-to-date symlink: /home/matthew/nav2_ws/install/dwb_msgs/include/dwb_msgs/dwb_msgs/msg/critic_score.hpp
[0.872s] -- Up-to-date symlink: /home/matthew/nav2_ws/install/dwb_msgs/include/dwb_msgs/dwb_msgs/msg/detail/critic_score__builder.hpp
[0.872s] -- Up-to-date symlink: /home/matthew/nav2_ws/install/dwb_msgs/include/dwb_msgs/dwb_msgs/msg/detail/critic_score__struct.hpp
[0.873s] -- Up-to-date symlink: /home/matthew/nav2_ws/install/dwb_msgs/include/dwb_msgs/dwb_msgs/msg/detail/critic_score__traits.hpp
[0.873s] -- Up-to-date symlink: /home/matthew/nav2_ws/install/dwb_msgs/include/dwb_msgs/dwb_msgs/msg/detail/local_plan_evaluation__builder.hpp
[0.873s] -- Up-to-date symlink: /home/matthew/nav2_ws/install/dwb_msgs/include/dwb_msgs/dwb_msgs/msg/detail/local_plan_evaluation__struct.hpp
[0.873s] -- Up-to-date symlink: /home/matthew/nav2_ws/install/dwb_msgs/include/dwb_msgs/dwb_msgs/msg/detail/local_plan_evaluation__traits.hpp
[0.874s] -- Up-to-date symlink: /home/matthew/nav2_ws/install/dwb_msgs/include/dwb_msgs/dwb_msgs/msg/detail/trajectory2_d__builder.hpp
[0.874s] -- Up-to-date symlink: /home/matthew/nav2_ws/install/dwb_msgs/include/dwb_msgs/dwb_msgs/msg/detail/trajectory2_d__struct.hpp
[0.874s] -- Up-to-date symlink: /home/matthew/nav2_ws/install/dwb_msgs/include/dwb_msgs/dwb_msgs/msg/detail/trajectory2_d__traits.hpp
[0.874s] -- Up-to-date symlink: /home/matthew/nav2_ws/install/dwb_msgs/include/dwb_msgs/dwb_msgs/msg/detail/trajectory_score__builder.hpp
[0.874s] -- Up-to-date symlink: /home/matthew/nav2_ws/install/dwb_msgs/include/dwb_msgs/dwb_msgs/msg/detail/trajectory_score__struct.hpp
[0.875s] -- Up-to-date symlink: /home/matthew/nav2_ws/install/dwb_msgs/include/dwb_msgs/dwb_msgs/msg/detail/trajectory_score__traits.hpp
[0.875s] -- Up-to-date symlink: /home/matthew/nav2_ws/install/dwb_msgs/include/dwb_msgs/dwb_msgs/msg/local_plan_evaluation.hpp
[0.875s] -- Up-to-date symlink: /home/matthew/nav2_ws/install/dwb_msgs/include/dwb_msgs/dwb_msgs/msg/trajectory2_d.hpp
[0.875s] -- Up-to-date symlink: /home/matthew/nav2_ws/install/dwb_msgs/include/dwb_msgs/dwb_msgs/msg/trajectory_score.hpp
[0.875s] -- Up-to-date symlink: /home/matthew/nav2_ws/install/dwb_msgs/include/dwb_msgs/dwb_msgs/srv/debug_local_plan.hpp
[0.876s] -- Up-to-date symlink: /home/matthew/nav2_ws/install/dwb_msgs/include/dwb_msgs/dwb_msgs/srv/detail/debug_local_plan__builder.hpp
[0.876s] -- Up-to-date symlink: /home/matthew/nav2_ws/install/dwb_msgs/include/dwb_msgs/dwb_msgs/srv/detail/debug_local_plan__struct.hpp
[0.876s] -- Up-to-date symlink: /home/matthew/nav2_ws/install/dwb_msgs/include/dwb_msgs/dwb_msgs/srv/detail/debug_local_plan__traits.hpp
[0.876s] -- Up-to-date symlink: /home/matthew/nav2_ws/install/dwb_msgs/include/dwb_msgs/dwb_msgs/srv/detail/generate_trajectory__builder.hpp
[0.876s] -- Up-to-date symlink: /home/matthew/nav2_ws/install/dwb_msgs/include/dwb_msgs/dwb_msgs/srv/detail/generate_trajectory__struct.hpp
[0.877s] -- Up-to-date symlink: /home/matthew/nav2_ws/install/dwb_msgs/include/dwb_msgs/dwb_msgs/srv/detail/generate_trajectory__traits.hpp
[0.877s] -- Up-to-date symlink: /home/matthew/nav2_ws/install/dwb_msgs/include/dwb_msgs/dwb_msgs/srv/detail/generate_twists__builder.hpp
[0.877s] -- Up-to-date symlink: /home/matthew/nav2_ws/install/dwb_msgs/include/dwb_msgs/dwb_msgs/srv/detail/generate_twists__struct.hpp
[0.877s] -- Up-to-date symlink: /home/matthew/nav2_ws/install/dwb_msgs/include/dwb_msgs/dwb_msgs/srv/detail/generate_twists__traits.hpp
[0.877s] -- Up-to-date symlink: /home/matthew/nav2_ws/install/dwb_msgs/include/dwb_msgs/dwb_msgs/srv/detail/get_critic_score__builder.hpp
[0.878s] -- Up-to-date symlink: /home/matthew/nav2_ws/install/dwb_msgs/include/dwb_msgs/dwb_msgs/srv/detail/get_critic_score__struct.hpp
[0.878s] -- Up-to-date symlink: /home/matthew/nav2_ws/install/dwb_msgs/include/dwb_msgs/dwb_msgs/srv/detail/get_critic_score__traits.hpp
[0.878s] -- Up-to-date symlink: /home/matthew/nav2_ws/install/dwb_msgs/include/dwb_msgs/dwb_msgs/srv/detail/score_trajectory__builder.hpp
[0.878s] -- Up-to-date symlink: /home/matthew/nav2_ws/install/dwb_msgs/include/dwb_msgs/dwb_msgs/srv/detail/score_trajectory__struct.hpp
[0.878s] -- Up-to-date symlink: /home/matthew/nav2_ws/install/dwb_msgs/include/dwb_msgs/dwb_msgs/srv/detail/score_trajectory__traits.hpp
[0.879s] -- Up-to-date symlink: /home/matthew/nav2_ws/install/dwb_msgs/include/dwb_msgs/dwb_msgs/srv/generate_trajectory.hpp
[0.879s] -- Up-to-date symlink: /home/matthew/nav2_ws/install/dwb_msgs/include/dwb_msgs/dwb_msgs/srv/generate_twists.hpp
[0.879s] -- Up-to-date symlink: /home/matthew/nav2_ws/install/dwb_msgs/include/dwb_msgs/dwb_msgs/srv/get_critic_score.hpp
[0.880s] -- Up-to-date symlink: /home/matthew/nav2_ws/install/dwb_msgs/include/dwb_msgs/dwb_msgs/srv/score_trajectory.hpp
[0.881s] -- Up-to-date symlink: /home/matthew/nav2_ws/install/dwb_msgs/include/dwb_msgs/dwb_msgs/msg/detail/critic_score__rosidl_typesupport_fastrtps_cpp.hpp
[0.881s] -- Up-to-date symlink: /home/matthew/nav2_ws/install/dwb_msgs/include/dwb_msgs/dwb_msgs/msg/detail/local_plan_evaluation__rosidl_typesupport_fastrtps_cpp.hpp
[0.881s] -- Up-to-date symlink: /home/matthew/nav2_ws/install/dwb_msgs/include/dwb_msgs/dwb_msgs/msg/detail/trajectory2_d__rosidl_typesupport_fastrtps_cpp.hpp
[0.881s] -- Up-to-date symlink: /home/matthew/nav2_ws/install/dwb_msgs/include/dwb_msgs/dwb_msgs/msg/detail/trajectory_score__rosidl_typesupport_fastrtps_cpp.hpp
[0.882s] -- Up-to-date symlink: /home/matthew/nav2_ws/install/dwb_msgs/include/dwb_msgs/dwb_msgs/msg/rosidl_typesupport_fastrtps_cpp__visibility_control.h
[0.882s] -- Up-to-date symlink: /home/matthew/nav2_ws/install/dwb_msgs/include/dwb_msgs/dwb_msgs/srv/detail/debug_local_plan__rosidl_typesupport_fastrtps_cpp.hpp
[0.882s] -- Up-to-date symlink: /home/matthew/nav2_ws/install/dwb_msgs/include/dwb_msgs/dwb_msgs/srv/detail/generate_trajectory__rosidl_typesupport_fastrtps_cpp.hpp
[0.882s] -- Up-to-date symlink: /home/matthew/nav2_ws/install/dwb_msgs/include/dwb_msgs/dwb_msgs/srv/detail/generate_twists__rosidl_typesupport_fastrtps_cpp.hpp
[0.882s] -- Up-to-date symlink: /home/matthew/nav2_ws/install/dwb_msgs/include/dwb_msgs/dwb_msgs/srv/detail/get_critic_score__rosidl_typesupport_fastrtps_cpp.hpp
[0.883s] -- Up-to-date symlink: /home/matthew/nav2_ws/install/dwb_msgs/include/dwb_msgs/dwb_msgs/srv/detail/score_trajectory__rosidl_typesupport_fastrtps_cpp.hpp
[0.883s] -- Up-to-date symlink: /home/matthew/nav2_ws/install/dwb_msgs/include/dwb_msgs/dwb_msgs/msg/detail/critic_score__rosidl_typesupport_introspection_c.h
[0.884s] -- Up-to-date symlink: /home/matthew/nav2_ws/install/dwb_msgs/include/dwb_msgs/dwb_msgs/msg/detail/local_plan_evaluation__rosidl_typesupport_introspection_c.h
[0.884s] -- Up-to-date symlink: /home/matthew/nav2_ws/install/dwb_msgs/include/dwb_msgs/dwb_msgs/msg/detail/trajectory2_d__rosidl_typesupport_introspection_c.h
[0.884s] -- Up-to-date symlink: /home/matthew/nav2_ws/install/dwb_msgs/include/dwb_msgs/dwb_msgs/msg/detail/trajectory_score__rosidl_typesupport_introspection_c.h
[0.884s] -- Up-to-date symlink: /home/matthew/nav2_ws/install/dwb_msgs/include/dwb_msgs/dwb_msgs/msg/rosidl_typesupport_introspection_c__visibility_control.h
[0.885s] -- Up-to-date symlink: /home/matthew/nav2_ws/install/dwb_msgs/include/dwb_msgs/dwb_msgs/srv/detail/debug_local_plan__rosidl_typesupport_introspection_c.h
[0.885s] -- Up-to-date symlink: /home/matthew/nav2_ws/install/dwb_msgs/include/dwb_msgs/dwb_msgs/srv/detail/generate_trajectory__rosidl_typesupport_introspection_c.h
[0.885s] -- Up-to-date symlink: /home/matthew/nav2_ws/install/dwb_msgs/include/dwb_msgs/dwb_msgs/srv/detail/generate_twists__rosidl_typesupport_introspection_c.h
[0.885s] -- Up-to-date symlink: /home/matthew/nav2_ws/install/dwb_msgs/include/dwb_msgs/dwb_msgs/srv/detail/get_critic_score__rosidl_typesupport_introspection_c.h
[0.885s] -- Up-to-date symlink: /home/matthew/nav2_ws/install/dwb_msgs/include/dwb_msgs/dwb_msgs/srv/detail/score_trajectory__rosidl_typesupport_introspection_c.h
[0.886s] -- Up-to-date symlink: /home/matthew/nav2_ws/install/dwb_msgs/include/dwb_msgs/dwb_msgs/msg/detail/critic_score__rosidl_typesupport_introspection_cpp.hpp
[0.886s] -- Up-to-date symlink: /home/matthew/nav2_ws/install/dwb_msgs/include/dwb_msgs/dwb_msgs/msg/detail/local_plan_evaluation__rosidl_typesupport_introspection_cpp.hpp
[0.887s] -- Up-to-date symlink: /home/matthew/nav2_ws/install/dwb_msgs/include/dwb_msgs/dwb_msgs/msg/detail/trajectory2_d__rosidl_typesupport_introspection_cpp.hpp
[0.887s] -- Up-to-date symlink: /home/matthew/nav2_ws/install/dwb_msgs/include/dwb_msgs/dwb_msgs/msg/detail/trajectory_score__rosidl_typesupport_introspection_cpp.hpp
[0.887s] -- Up-to-date symlink: /home/matthew/nav2_ws/install/dwb_msgs/include/dwb_msgs/dwb_msgs/srv/detail/debug_local_plan__rosidl_typesupport_introspection_cpp.hpp
[0.887s] -- Up-to-date symlink: /home/matthew/nav2_ws/install/dwb_msgs/include/dwb_msgs/dwb_msgs/srv/detail/generate_trajectory__rosidl_typesupport_introspection_cpp.hpp
[0.888s] -- Up-to-date symlink: /home/matthew/nav2_ws/install/dwb_msgs/include/dwb_msgs/dwb_msgs/srv/detail/generate_twists__rosidl_typesupport_introspection_cpp.hpp
[0.888s] -- Up-to-date symlink: /home/matthew/nav2_ws/install/dwb_msgs/include/dwb_msgs/dwb_msgs/srv/detail/get_critic_score__rosidl_typesupport_introspection_cpp.hpp
[0.888s] -- Up-to-date symlink: /home/matthew/nav2_ws/install/dwb_msgs/include/dwb_msgs/dwb_msgs/srv/detail/score_trajectory__rosidl_typesupport_introspection_cpp.hpp
[0.888s] -- Up-to-date symlink: /home/matthew/nav2_ws/install/dwb_msgs/share/dwb_msgs/environment/pythonpath.sh
[0.889s] -- Up-to-date symlink: /home/matthew/nav2_ws/install/dwb_msgs/share/dwb_msgs/environment/pythonpath.dsv
[0.889s] -- Up-to-date symlink: /home/matthew/nav2_ws/install/dwb_msgs/lib/python3.10/site-packages/dwb_msgs-1.2.10-py3.10.egg-info/PKG-INFO
[0.889s] -- Up-to-date symlink: /home/matthew/nav2_ws/install/dwb_msgs/lib/python3.10/site-packages/dwb_msgs-1.2.10-py3.10.egg-info/SOURCES.txt
[0.889s] -- Up-to-date symlink: /home/matthew/nav2_ws/install/dwb_msgs/lib/python3.10/site-packages/dwb_msgs-1.2.10-py3.10.egg-info/dependency_links.txt
[0.890s] -- Up-to-date symlink: /home/matthew/nav2_ws/install/dwb_msgs/lib/python3.10/site-packages/dwb_msgs-1.2.10-py3.10.egg-info/top_level.txt
[0.891s] -- Up-to-date symlink: /home/matthew/nav2_ws/install/dwb_msgs/lib/python3.10/site-packages/dwb_msgs/__init__.py
[0.891s] -- Up-to-date symlink: /home/matthew/nav2_ws/install/dwb_msgs/lib/python3.10/site-packages/dwb_msgs/_dwb_msgs_s.ep.rosidl_typesupport_c.c
[0.892s] -- Up-to-date symlink: /home/matthew/nav2_ws/install/dwb_msgs/lib/python3.10/site-packages/dwb_msgs/_dwb_msgs_s.ep.rosidl_typesupport_fastrtps_c.c
[0.892s] -- Up-to-date symlink: /home/matthew/nav2_ws/install/dwb_msgs/lib/python3.10/site-packages/dwb_msgs/_dwb_msgs_s.ep.rosidl_typesupport_introspection_c.c
[0.892s] -- Up-to-date symlink: /home/matthew/nav2_ws/install/dwb_msgs/lib/python3.10/site-packages/dwb_msgs/dwb_msgs_s__rosidl_typesupport_c.cpython-310-aarch64-linux-gnu.so
[0.892s] -- Up-to-date symlink: /home/matthew/nav2_ws/install/dwb_msgs/lib/python3.10/site-packages/dwb_msgs/dwb_msgs_s__rosidl_typesupport_fastrtps_c.cpython-310-aarch64-linux-gnu.so
[0.892s] -- Up-to-date symlink: /home/matthew/nav2_ws/install/dwb_msgs/lib/python3.10/site-packages/dwb_msgs/dwb_msgs_s__rosidl_typesupport_introspection_c.cpython-310-aarch64-linux-gnu.so
[0.893s] -- Up-to-date symlink: /home/matthew/nav2_ws/install/dwb_msgs/lib/python3.10/site-packages/dwb_msgs/libdwb_msgs__rosidl_generator_py.so
[0.893s] -- Up-to-date symlink: /home/matthew/nav2_ws/install/dwb_msgs/lib/python3.10/site-packages/dwb_msgs/msg/__init__.py
[0.893s] -- Up-to-date symlink: /home/matthew/nav2_ws/install/dwb_msgs/lib/python3.10/site-packages/dwb_msgs/msg/_critic_score.py
[0.893s] -- Up-to-date symlink: /home/matthew/nav2_ws/install/dwb_msgs/lib/python3.10/site-packages/dwb_msgs/msg/_critic_score_s.c
[0.893s] -- Up-to-date symlink: /home/matthew/nav2_ws/install/dwb_msgs/lib/python3.10/site-packages/dwb_msgs/msg/_local_plan_evaluation.py
[0.894s] -- Up-to-date symlink: /home/matthew/nav2_ws/install/dwb_msgs/lib/python3.10/site-packages/dwb_msgs/msg/_local_plan_evaluation_s.c
[0.894s] -- Up-to-date symlink: /home/matthew/nav2_ws/install/dwb_msgs/lib/python3.10/site-packages/dwb_msgs/msg/_trajectory2_d.py
[0.894s] -- Up-to-date symlink: /home/matthew/nav2_ws/install/dwb_msgs/lib/python3.10/site-packages/dwb_msgs/msg/_trajectory2_d_s.c
[0.895s] -- Up-to-date symlink: /home/matthew/nav2_ws/install/dwb_msgs/lib/python3.10/site-packages/dwb_msgs/msg/_trajectory_score.py
[0.896s] -- Up-to-date symlink: /home/matthew/nav2_ws/install/dwb_msgs/lib/python3.10/site-packages/dwb_msgs/msg/_trajectory_score_s.c
[0.897s] -- Up-to-date symlink: /home/matthew/nav2_ws/install/dwb_msgs/lib/python3.10/site-packages/dwb_msgs/srv/__init__.py
[0.897s] -- Up-to-date symlink: /home/matthew/nav2_ws/install/dwb_msgs/lib/python3.10/site-packages/dwb_msgs/srv/_debug_local_plan.py
[0.898s] -- Up-to-date symlink: /home/matthew/nav2_ws/install/dwb_msgs/lib/python3.10/site-packages/dwb_msgs/srv/_debug_local_plan_s.c
[0.898s] -- Up-to-date symlink: /home/matthew/nav2_ws/install/dwb_msgs/lib/python3.10/site-packages/dwb_msgs/srv/_generate_trajectory.py
[0.898s] -- Up-to-date symlink: /home/matthew/nav2_ws/install/dwb_msgs/lib/python3.10/site-packages/dwb_msgs/srv/_generate_trajectory_s.c
[0.900s] -- Up-to-date symlink: /home/matthew/nav2_ws/install/dwb_msgs/lib/python3.10/site-packages/dwb_msgs/srv/_generate_twists.py
[0.901s] -- Up-to-date symlink: /home/matthew/nav2_ws/install/dwb_msgs/lib/python3.10/site-packages/dwb_msgs/srv/_generate_twists_s.c
[0.902s] -- Up-to-date symlink: /home/matthew/nav2_ws/install/dwb_msgs/lib/python3.10/site-packages/dwb_msgs/srv/_get_critic_score.py
[0.903s] -- Up-to-date symlink: /home/matthew/nav2_ws/install/dwb_msgs/lib/python3.10/site-packages/dwb_msgs/srv/_get_critic_score_s.c
[0.905s] -- Up-to-date symlink: /home/matthew/nav2_ws/install/dwb_msgs/lib/python3.10/site-packages/dwb_msgs/srv/_score_trajectory.py
[0.905s] -- Up-to-date symlink: /home/matthew/nav2_ws/install/dwb_msgs/lib/python3.10/site-packages/dwb_msgs/srv/_score_trajectory_s.c
[0.905s] -- Up-to-date symlink: /home/matthew/nav2_ws/install/dwb_msgs/lib/python3.10/site-packages/dwb_msgs/dwb_msgs_s__rosidl_typesupport_fastrtps_c.cpython-310-aarch64-linux-gnu.so
[0.906s] -- Up-to-date symlink: /home/matthew/nav2_ws/install/dwb_msgs/lib/python3.10/site-packages/dwb_msgs/dwb_msgs_s__rosidl_typesupport_introspection_c.cpython-310-aarch64-linux-gnu.so
[0.906s] -- Up-to-date symlink: /home/matthew/nav2_ws/install/dwb_msgs/lib/python3.10/site-packages/dwb_msgs/dwb_msgs_s__rosidl_typesupport_c.cpython-310-aarch64-linux-gnu.so
[0.906s] -- Up-to-date symlink: /home/matthew/nav2_ws/install/dwb_msgs/share/dwb_msgs/msg/CriticScore.idl
[0.906s] -- Up-to-date symlink: /home/matthew/nav2_ws/install/dwb_msgs/share/dwb_msgs/msg/LocalPlanEvaluation.idl
[0.906s] -- Up-to-date symlink: /home/matthew/nav2_ws/install/dwb_msgs/share/dwb_msgs/msg/Trajectory2D.idl
[0.906s] -- Up-to-date symlink: /home/matthew/nav2_ws/install/dwb_msgs/share/dwb_msgs/msg/TrajectoryScore.idl
[0.907s] -- Up-to-date symlink: /home/matthew/nav2_ws/install/dwb_msgs/share/dwb_msgs/srv/DebugLocalPlan.idl
[0.907s] -- Up-to-date symlink: /home/matthew/nav2_ws/install/dwb_msgs/share/dwb_msgs/srv/GenerateTrajectory.idl
[0.907s] -- Up-to-date symlink: /home/matthew/nav2_ws/install/dwb_msgs/share/dwb_msgs/srv/GenerateTwists.idl
[0.907s] -- Up-to-date symlink: /home/matthew/nav2_ws/install/dwb_msgs/share/dwb_msgs/srv/GetCriticScore.idl
[0.907s] -- Up-to-date symlink: /home/matthew/nav2_ws/install/dwb_msgs/share/dwb_msgs/srv/ScoreTrajectory.idl
[0.907s] -- Up-to-date symlink: /home/matthew/nav2_ws/install/dwb_msgs/share/dwb_msgs/msg/CriticScore.msg
[0.908s] -- Up-to-date symlink: /home/matthew/nav2_ws/install/dwb_msgs/share/dwb_msgs/msg/LocalPlanEvaluation.msg
[0.909s] -- Up-to-date symlink: /home/matthew/nav2_ws/install/dwb_msgs/share/dwb_msgs/msg/Trajectory2D.msg
[0.909s] -- Up-to-date symlink: /home/matthew/nav2_ws/install/dwb_msgs/share/dwb_msgs/msg/TrajectoryScore.msg
[0.909s] -- Up-to-date symlink: /home/matthew/nav2_ws/install/dwb_msgs/share/dwb_msgs/srv/DebugLocalPlan.srv
[0.909s] -- Up-to-date symlink: /home/matthew/nav2_ws/install/dwb_msgs/share/dwb_msgs/srv/DebugLocalPlan_Request.msg
[0.909s] -- Up-to-date symlink: /home/matthew/nav2_ws/install/dwb_msgs/share/dwb_msgs/srv/DebugLocalPlan_Response.msg
[0.909s] -- Up-to-date symlink: /home/matthew/nav2_ws/install/dwb_msgs/share/dwb_msgs/srv/GenerateTrajectory.srv
[0.909s] -- Up-to-date symlink: /home/matthew/nav2_ws/install/dwb_msgs/share/dwb_msgs/srv/GenerateTrajectory_Request.msg
[0.909s] -- Up-to-date symlink: /home/matthew/nav2_ws/install/dwb_msgs/share/dwb_msgs/srv/GenerateTrajectory_Response.msg
[0.910s] -- Up-to-date symlink: /home/matthew/nav2_ws/install/dwb_msgs/share/dwb_msgs/srv/GenerateTwists.srv
[0.910s] -- Up-to-date symlink: /home/matthew/nav2_ws/install/dwb_msgs/share/dwb_msgs/srv/GenerateTwists_Request.msg
[0.910s] -- Up-to-date symlink: /home/matthew/nav2_ws/install/dwb_msgs/share/dwb_msgs/srv/GenerateTwists_Response.msg
[0.910s] -- Up-to-date symlink: /home/matthew/nav2_ws/install/dwb_msgs/share/dwb_msgs/srv/GetCriticScore.srv
[0.910s] -- Up-to-date symlink: /home/matthew/nav2_ws/install/dwb_msgs/share/dwb_msgs/srv/GetCriticScore_Request.msg
[0.910s] -- Up-to-date symlink: /home/matthew/nav2_ws/install/dwb_msgs/share/dwb_msgs/srv/GetCriticScore_Response.msg
[0.910s] -- Up-to-date symlink: /home/matthew/nav2_ws/install/dwb_msgs/share/dwb_msgs/srv/ScoreTrajectory.srv
[0.910s] -- Up-to-date symlink: /home/matthew/nav2_ws/install/dwb_msgs/share/dwb_msgs/srv/ScoreTrajectory_Request.msg
[0.910s] -- Up-to-date symlink: /home/matthew/nav2_ws/install/dwb_msgs/share/dwb_msgs/srv/ScoreTrajectory_Response.msg
[0.911s] -- Up-to-date symlink: /home/matthew/nav2_ws/install/dwb_msgs/share/ament_index/resource_index/package_run_dependencies/dwb_msgs
[0.911s] -- Up-to-date symlink: /home/matthew/nav2_ws/install/dwb_msgs/share/ament_index/resource_index/parent_prefix_path/dwb_msgs
[0.911s] -- Up-to-date symlink: /home/matthew/nav2_ws/install/dwb_msgs/share/dwb_msgs/environment/ament_prefix_path.sh
[0.911s] -- Up-to-date symlink: /home/matthew/nav2_ws/install/dwb_msgs/share/dwb_msgs/environment/ament_prefix_path.dsv
[0.911s] -- Up-to-date symlink: /home/matthew/nav2_ws/install/dwb_msgs/share/dwb_msgs/environment/path.sh
[0.911s] -- Up-to-date symlink: /home/matthew/nav2_ws/install/dwb_msgs/share/dwb_msgs/environment/path.dsv
[0.911s] -- Up-to-date symlink: /home/matthew/nav2_ws/install/dwb_msgs/share/dwb_msgs/local_setup.bash
[0.911s] -- Up-to-date symlink: /home/matthew/nav2_ws/install/dwb_msgs/share/dwb_msgs/local_setup.sh
[0.911s] -- Up-to-date symlink: /home/matthew/nav2_ws/install/dwb_msgs/share/dwb_msgs/local_setup.zsh
[0.912s] -- Up-to-date symlink: /home/matthew/nav2_ws/install/dwb_msgs/share/dwb_msgs/local_setup.dsv
[0.912s] -- Symlinking: /home/matthew/nav2_ws/install/dwb_msgs/share/dwb_msgs/package.dsv
[0.927s] -- Up-to-date symlink: /home/matthew/nav2_ws/install/dwb_msgs/share/ament_index/resource_index/packages/dwb_msgs
[0.928s] -- Up-to-date symlink: /home/matthew/nav2_ws/install/dwb_msgs/share/dwb_msgs/cmake/rosidl_cmake-extras.cmake
[0.928s] -- Up-to-date symlink: /home/matthew/nav2_ws/install/dwb_msgs/share/dwb_msgs/cmake/ament_cmake_export_dependencies-extras.cmake
[0.928s] -- Up-to-date symlink: /home/matthew/nav2_ws/install/dwb_msgs/share/dwb_msgs/cmake/ament_cmake_export_include_directories-extras.cmake
[0.929s] -- Up-to-date symlink: /home/matthew/nav2_ws/install/dwb_msgs/share/dwb_msgs/cmake/ament_cmake_export_libraries-extras.cmake
[0.929s] -- Up-to-date symlink: /home/matthew/nav2_ws/install/dwb_msgs/share/dwb_msgs/cmake/ament_cmake_export_targets-extras.cmake
[0.929s] -- Up-to-date symlink: /home/matthew/nav2_ws/install/dwb_msgs/share/dwb_msgs/cmake/rosidl_cmake_export_typesupport_targets-extras.cmake
[0.930s] -- Up-to-date symlink: /home/matthew/nav2_ws/install/dwb_msgs/share/dwb_msgs/cmake/rosidl_cmake_export_typesupport_libraries-extras.cmake
[0.930s] -- Up-to-date symlink: /home/matthew/nav2_ws/install/dwb_msgs/share/dwb_msgs/cmake/dwb_msgsConfig.cmake
[0.930s] -- Up-to-date symlink: /home/matthew/nav2_ws/install/dwb_msgs/share/dwb_msgs/cmake/dwb_msgsConfig-version.cmake
[0.931s] -- Up-to-date symlink: /home/matthew/nav2_ws/install/dwb_msgs/share/dwb_msgs/package.xml
[0.931s] -- Up-to-date: /home/matthew/nav2_ws/install/dwb_msgs/lib/libdwb_msgs__rosidl_generator_c.so
[0.931s] -- Up-to-date: /home/matthew/nav2_ws/install/dwb_msgs/lib/libdwb_msgs__rosidl_typesupport_fastrtps_c.so
[0.931s] -- Up-to-date: /home/matthew/nav2_ws/install/dwb_msgs/lib/libdwb_msgs__rosidl_typesupport_fastrtps_cpp.so
[0.932s] -- Up-to-date: /home/matthew/nav2_ws/install/dwb_msgs/lib/libdwb_msgs__rosidl_typesupport_introspection_c.so
[0.932s] -- Up-to-date: /home/matthew/nav2_ws/install/dwb_msgs/lib/libdwb_msgs__rosidl_typesupport_c.so
[0.933s] -- Up-to-date: /home/matthew/nav2_ws/install/dwb_msgs/lib/libdwb_msgs__rosidl_typesupport_introspection_cpp.so
[0.933s] -- Up-to-date: /home/matthew/nav2_ws/install/dwb_msgs/lib/libdwb_msgs__rosidl_typesupport_cpp.so
[1.004s] Listing '/home/matthew/nav2_ws/install/dwb_msgs/lib/python3.10/site-packages/dwb_msgs'...
[1.004s] Listing '/home/matthew/nav2_ws/install/dwb_msgs/lib/python3.10/site-packages/dwb_msgs/msg'...
[1.004s] Listing '/home/matthew/nav2_ws/install/dwb_msgs/lib/python3.10/site-packages/dwb_msgs/srv'...
[1.015s] -- Up-to-date: /home/matthew/nav2_ws/install/dwb_msgs/lib/libdwb_msgs__rosidl_generator_py.so
[1.016s] -- Up-to-date: /home/matthew/nav2_ws/install/dwb_msgs/share/dwb_msgs/cmake/export_dwb_msgs__rosidl_generator_cExport.cmake
[1.016s] -- Up-to-date: /home/matthew/nav2_ws/install/dwb_msgs/share/dwb_msgs/cmake/export_dwb_msgs__rosidl_generator_cExport-noconfig.cmake
[1.016s] -- Up-to-date: /home/matthew/nav2_ws/install/dwb_msgs/share/dwb_msgs/cmake/export_dwb_msgs__rosidl_typesupport_fastrtps_cExport.cmake
[1.017s] -- Up-to-date: /home/matthew/nav2_ws/install/dwb_msgs/share/dwb_msgs/cmake/export_dwb_msgs__rosidl_typesupport_fastrtps_cExport-noconfig.cmake
[1.017s] -- Up-to-date: /home/matthew/nav2_ws/install/dwb_msgs/share/dwb_msgs/cmake/export_dwb_msgs__rosidl_generator_cppExport.cmake
[1.017s] -- Up-to-date: /home/matthew/nav2_ws/install/dwb_msgs/share/dwb_msgs/cmake/export_dwb_msgs__rosidl_typesupport_fastrtps_cppExport.cmake
[1.018s] -- Up-to-date: /home/matthew/nav2_ws/install/dwb_msgs/share/dwb_msgs/cmake/export_dwb_msgs__rosidl_typesupport_fastrtps_cppExport-noconfig.cmake
[1.018s] -- Up-to-date: /home/matthew/nav2_ws/install/dwb_msgs/share/dwb_msgs/cmake/dwb_msgs__rosidl_typesupport_introspection_cExport.cmake
[1.018s] -- Up-to-date: /home/matthew/nav2_ws/install/dwb_msgs/share/dwb_msgs/cmake/dwb_msgs__rosidl_typesupport_introspection_cExport-noconfig.cmake
[1.018s] -- Up-to-date: /home/matthew/nav2_ws/install/dwb_msgs/share/dwb_msgs/cmake/dwb_msgs__rosidl_typesupport_cExport.cmake
[1.018s] -- Up-to-date: /home/matthew/nav2_ws/install/dwb_msgs/share/dwb_msgs/cmake/dwb_msgs__rosidl_typesupport_cExport-noconfig.cmake
[1.019s] -- Up-to-date: /home/matthew/nav2_ws/install/dwb_msgs/share/dwb_msgs/cmake/dwb_msgs__rosidl_typesupport_introspection_cppExport.cmake
[1.019s] -- Up-to-date: /home/matthew/nav2_ws/install/dwb_msgs/share/dwb_msgs/cmake/dwb_msgs__rosidl_typesupport_introspection_cppExport-noconfig.cmake
[1.019s] -- Up-to-date: /home/matthew/nav2_ws/install/dwb_msgs/share/dwb_msgs/cmake/dwb_msgs__rosidl_typesupport_cppExport.cmake
[1.020s] -- Up-to-date: /home/matthew/nav2_ws/install/dwb_msgs/share/dwb_msgs/cmake/dwb_msgs__rosidl_typesupport_cppExport-noconfig.cmake
[1.020s] -- Up-to-date: /home/matthew/nav2_ws/install/dwb_msgs/share/dwb_msgs/cmake/export_dwb_msgs__rosidl_generator_pyExport.cmake
[1.020s] -- Up-to-date: /home/matthew/nav2_ws/install/dwb_msgs/share/dwb_msgs/cmake/export_dwb_msgs__rosidl_generator_pyExport-noconfig.cmake
[1.027s] Invoked command in '/home/matthew/nav2_ws/build/dwb_msgs' returned '0': AMENT_PREFIX_PATH=/home/matthew/nav2_ws/install/nav_2d_msgs:${AMENT_PREFIX_PATH} CMAKE_PREFIX_PATH=/home/matthew/nav2_ws/install/nav_2d_msgs:/home/matthew/ros2_ws/install/ros2_laser_scan_matcher:/home/matthew/ros2_ws/install/opennav_docking_core:/home/matthew/ros2_ws/install/my_robot_description:/home/matthew/ros2_ws/install/map_msgs:/home/matthew/ros2_ws/install/fake_odometry:/home/matthew/ros2_ws/install/dwb_msgs:/home/matthew/ros2_ws/install/csm:/opt/ros/iron LD_LIBRARY_PATH=/home/matthew/nav2_ws/install/nav_2d_msgs/lib:${LD_LIBRARY_PATH} PYTHONPATH=/home/matthew/nav2_ws/install/nav_2d_msgs/lib/python3.10/site-packages:${PYTHONPATH} /usr/bin/cmake --install /home/matthew/nav2_ws/build/dwb_msgs
