-- The C compiler identification is GNU 11.4.0
-- The CXX compiler identification is GNU 11.4.0
-- Detecting C compiler ABI info
-- Detecting C compiler ABI info - done
-- Check for working C compiler: /usr/bin/cc - skipped
-- Detecting C compile features
-- Detecting C compile features - done
-- Detecting CXX compiler ABI info
-- Detecting CXX compiler ABI info - done
-- Check for working CXX compiler: /usr/bin/c++ - skipped
-- Detecting CXX compile features
-- Detecting CXX compile features - done
-- Found ament_cmake: 2.0.7 (/opt/ros/iron/share/ament_cmake/cmake)
-- Found Python3: /usr/bin/python3.10 (found version "3.10.12") found components: Interpreter 
-- Override CMake install command with custom implementation using symlinks instead of copying resources
-- Found rclcpp: 21.0.8 (/opt/ros/iron/share/rclcpp/cmake)
-- Found rosidl_generator_c: 4.0.1 (/opt/ros/iron/share/rosidl_generator_c/cmake)
-- Found rosidl_generator_cpp: 4.0.1 (/opt/ros/iron/share/rosidl_generator_cpp/cmake)
-- Using all available rosidl_typesupport_c: rosidl_typesupport_fastrtps_c;rosidl_typesupport_introspection_c
-- Using all available rosidl_typesupport_cpp: rosidl_typesupport_fastrtps_cpp;rosidl_typesupport_introspection_cpp
-- Found rmw_implementation_cmake: 7.1.0 (/opt/ros/iron/share/rmw_implementation_cmake/cmake)
-- Found rmw_fastrtps_cpp: 7.1.4 (/opt/ros/iron/share/rmw_fastrtps_cpp/cmake)
-- Found OpenSSL: /usr/lib/aarch64-linux-gnu/libcrypto.so (found version "3.0.2")  
-- Found FastRTPS: /opt/ros/iron/include  
-- Using RMW implementation 'rmw_fastrtps_cpp' as default
-- Found tf2_ros: 0.31.8 (/opt/ros/iron/share/tf2_ros/cmake)
-- Found nav_msgs: 5.0.1 (/opt/ros/iron/share/nav_msgs/cmake)
-- Found ament_lint_auto: 0.14.4 (/opt/ros/iron/share/ament_lint_auto/cmake)
-- Added test 'cppcheck' to perform static code analysis on C / C++ code
-- Configured cppcheck include dirs: 
-- Configured cppcheck exclude dirs and/or files: 
-- Added test 'lint_cmake' to check CMake code style
-- Added test 'uncrustify' to check C / C++ code style
-- Configured uncrustify additional arguments: 
-- Added test 'xmllint' to check XML markup files
-- Configuring done
-- Generating done
-- Build files have been written to: /home/matthew/ros2_ws/build/fake_odometry
[ 50%] [32mBuilding CXX object CMakeFiles/fake_odometry_publisher.dir/src/fake_odometry_publisher.cpp.o[0m
[100%] [32m[1mLinking CXX executable fake_odometry_publisher[0m
[100%] Built target fake_odometry_publisher
-- Install configuration: ""
-- Execute custom install script
-- Symlinking: /home/matthew/ros2_ws/install/fake_odometry/lib/fake_odometry/fake_odometry_publisher
-- Symlinking: /home/matthew/ros2_ws/install/fake_odometry/share/ament_index/resource_index/package_run_dependencies/fake_odometry
-- Symlinking: /home/matthew/ros2_ws/install/fake_odometry/share/ament_index/resource_index/parent_prefix_path/fake_odometry
-- Symlinking: /home/matthew/ros2_ws/install/fake_odometry/share/fake_odometry/environment/ament_prefix_path.sh
-- Symlinking: /home/matthew/ros2_ws/install/fake_odometry/share/fake_odometry/environment/ament_prefix_path.dsv
-- Symlinking: /home/matthew/ros2_ws/install/fake_odometry/share/fake_odometry/environment/path.sh
-- Symlinking: /home/matthew/ros2_ws/install/fake_odometry/share/fake_odometry/environment/path.dsv
-- Symlinking: /home/matthew/ros2_ws/install/fake_odometry/share/fake_odometry/local_setup.bash
-- Symlinking: /home/matthew/ros2_ws/install/fake_odometry/share/fake_odometry/local_setup.sh
-- Symlinking: /home/matthew/ros2_ws/install/fake_odometry/share/fake_odometry/local_setup.zsh
-- Symlinking: /home/matthew/ros2_ws/install/fake_odometry/share/fake_odometry/local_setup.dsv
-- Symlinking: /home/matthew/ros2_ws/install/fake_odometry/share/fake_odometry/package.dsv
-- Symlinking: /home/matthew/ros2_ws/install/fake_odometry/share/ament_index/resource_index/packages/fake_odometry
-- Symlinking: /home/matthew/ros2_ws/install/fake_odometry/share/fake_odometry/cmake/fake_odometryConfig.cmake
-- Symlinking: /home/matthew/ros2_ws/install/fake_odometry/share/fake_odometry/cmake/fake_odometryConfig-version.cmake
-- Symlinking: /home/matthew/ros2_ws/install/fake_odometry/share/fake_odometry/package.xml
