[0.079s] Invoking command in '/home/matthew/nav2_ws/build/nav2_constrained_smoother': AMENT_PREFIX_PATH=/home/matthew/nav2_ws/install/nav2_core:/home/matthew/nav2_ws/install/nav2_costmap_2d:/home/matthew/nav2_ws/install/nav2_map_server:/home/matthew/nav2_ws/install/nav2_lifecycle_manager:/home/matthew/nav2_ws/install/nav2_behavior_tree:/home/matthew/nav2_ws/install/nav2_util:/home/matthew/nav2_ws/install/nav2_voxel_grid:/home/matthew/nav2_ws/install/nav2_msgs:/home/matthew/nav2_ws/install/nav2_common:${AMENT_PREFIX_PATH} CMAKE_PREFIX_PATH=/home/matthew/nav2_ws/install/nav2_core:/home/matthew/nav2_ws/install/nav2_costmap_2d:/home/matthew/nav2_ws/install/nav2_map_server:/home/matthew/nav2_ws/install/nav2_lifecycle_manager:/home/matthew/nav2_ws/install/nav2_behavior_tree:/home/matthew/nav2_ws/install/nav2_util:/home/matthew/nav2_ws/install/nav2_voxel_grid:/home/matthew/nav2_ws/install/nav2_msgs:/home/matthew/nav2_ws/install/nav2_common:/opt/ros/iron LD_LIBRARY_PATH=/home/matthew/nav2_ws/install/nav2_costmap_2d/lib:/home/matthew/nav2_ws/install/nav2_map_server/lib:/home/matthew/nav2_ws/install/nav2_lifecycle_manager/lib:/home/matthew/nav2_ws/install/nav2_behavior_tree/lib:/home/matthew/nav2_ws/install/nav2_util/lib:/home/matthew/nav2_ws/install/nav2_voxel_grid/lib:/home/matthew/nav2_ws/install/nav2_msgs/lib:${LD_LIBRARY_PATH} PYTHONPATH=/home/matthew/nav2_ws/install/nav2_msgs/lib/python3.10/site-packages:/home/matthew/nav2_ws/install/nav2_common/lib/python3.10/site-packages:${PYTHONPATH} /usr/bin/cmake --build /home/matthew/nav2_ws/build/nav2_constrained_smoother -- -j6 -l6
[0.600s] [35m[1mConsolidate compiler generated dependencies of target nav2_constrained_smoother[0m
[0.600s] [35m[1mConsolidate compiler generated dependencies of target gtest_main[0m
[0.600s] [35m[1mConsolidate compiler generated dependencies of target gtest[0m
[0.600s] [ 20%] Built target gtest_main
[0.601s] [ 40%] Built target nav2_constrained_smoother
[0.601s] [ 60%] Built target gtest
[0.601s] [35m[1mConsolidate compiler generated dependencies of target test_constrained_smoother[0m
[0.601s] [35m[1mConsolidate compiler generated dependencies of target test_smoother_cost_function[0m
[0.601s] [ 80%] Built target test_constrained_smoother
[0.602s] [100%] Built target test_smoother_cost_function
[0.666s] Invoked command in '/home/matthew/nav2_ws/build/nav2_constrained_smoother' returned '0': AMENT_PREFIX_PATH=/home/matthew/nav2_ws/install/nav2_core:/home/matthew/nav2_ws/install/nav2_costmap_2d:/home/matthew/nav2_ws/install/nav2_map_server:/home/matthew/nav2_ws/install/nav2_lifecycle_manager:/home/matthew/nav2_ws/install/nav2_behavior_tree:/home/matthew/nav2_ws/install/nav2_util:/home/matthew/nav2_ws/install/nav2_voxel_grid:/home/matthew/nav2_ws/install/nav2_msgs:/home/matthew/nav2_ws/install/nav2_common:${AMENT_PREFIX_PATH} CMAKE_PREFIX_PATH=/home/matthew/nav2_ws/install/nav2_core:/home/matthew/nav2_ws/install/nav2_costmap_2d:/home/matthew/nav2_ws/install/nav2_map_server:/home/matthew/nav2_ws/install/nav2_lifecycle_manager:/home/matthew/nav2_ws/install/nav2_behavior_tree:/home/matthew/nav2_ws/install/nav2_util:/home/matthew/nav2_ws/install/nav2_voxel_grid:/home/matthew/nav2_ws/install/nav2_msgs:/home/matthew/nav2_ws/install/nav2_common:/opt/ros/iron LD_LIBRARY_PATH=/home/matthew/nav2_ws/install/nav2_costmap_2d/lib:/home/matthew/nav2_ws/install/nav2_map_server/lib:/home/matthew/nav2_ws/install/nav2_lifecycle_manager/lib:/home/matthew/nav2_ws/install/nav2_behavior_tree/lib:/home/matthew/nav2_ws/install/nav2_util/lib:/home/matthew/nav2_ws/install/nav2_voxel_grid/lib:/home/matthew/nav2_ws/install/nav2_msgs/lib:${LD_LIBRARY_PATH} PYTHONPATH=/home/matthew/nav2_ws/install/nav2_msgs/lib/python3.10/site-packages:/home/matthew/nav2_ws/install/nav2_common/lib/python3.10/site-packages:${PYTHONPATH} /usr/bin/cmake --build /home/matthew/nav2_ws/build/nav2_constrained_smoother -- -j6 -l6
[0.679s] Invoking command in '/home/matthew/nav2_ws/build/nav2_constrained_smoother': AMENT_PREFIX_PATH=/home/matthew/nav2_ws/install/nav2_core:/home/matthew/nav2_ws/install/nav2_costmap_2d:/home/matthew/nav2_ws/install/nav2_map_server:/home/matthew/nav2_ws/install/nav2_lifecycle_manager:/home/matthew/nav2_ws/install/nav2_behavior_tree:/home/matthew/nav2_ws/install/nav2_util:/home/matthew/nav2_ws/install/nav2_voxel_grid:/home/matthew/nav2_ws/install/nav2_msgs:/home/matthew/nav2_ws/install/nav2_common:${AMENT_PREFIX_PATH} CMAKE_PREFIX_PATH=/home/matthew/nav2_ws/install/nav2_core:/home/matthew/nav2_ws/install/nav2_costmap_2d:/home/matthew/nav2_ws/install/nav2_map_server:/home/matthew/nav2_ws/install/nav2_lifecycle_manager:/home/matthew/nav2_ws/install/nav2_behavior_tree:/home/matthew/nav2_ws/install/nav2_util:/home/matthew/nav2_ws/install/nav2_voxel_grid:/home/matthew/nav2_ws/install/nav2_msgs:/home/matthew/nav2_ws/install/nav2_common:/opt/ros/iron LD_LIBRARY_PATH=/home/matthew/nav2_ws/install/nav2_costmap_2d/lib:/home/matthew/nav2_ws/install/nav2_map_server/lib:/home/matthew/nav2_ws/install/nav2_lifecycle_manager/lib:/home/matthew/nav2_ws/install/nav2_behavior_tree/lib:/home/matthew/nav2_ws/install/nav2_util/lib:/home/matthew/nav2_ws/install/nav2_voxel_grid/lib:/home/matthew/nav2_ws/install/nav2_msgs/lib:${LD_LIBRARY_PATH} PYTHONPATH=/home/matthew/nav2_ws/install/nav2_msgs/lib/python3.10/site-packages:/home/matthew/nav2_ws/install/nav2_common/lib/python3.10/site-packages:${PYTHONPATH} /usr/bin/cmake --install /home/matthew/nav2_ws/build/nav2_constrained_smoother
[0.732s] -- Install configuration: "Release"
[0.732s] -- Execute custom install script
[0.733s] -- Up-to-date symlink: /home/matthew/nav2_ws/install/nav2_constrained_smoother/lib/libnav2_constrained_smoother.so
[0.733s] -- Up-to-date symlink: /home/matthew/nav2_ws/install/nav2_constrained_smoother/include//nav2_constrained_smoother/constrained_smoother.hpp
[0.733s] -- Up-to-date symlink: /home/matthew/nav2_ws/install/nav2_constrained_smoother/include//nav2_constrained_smoother/options.hpp
[0.733s] -- Up-to-date symlink: /home/matthew/nav2_ws/install/nav2_constrained_smoother/include//nav2_constrained_smoother/smoother.hpp
[0.733s] -- Up-to-date symlink: /home/matthew/nav2_ws/install/nav2_constrained_smoother/include//nav2_constrained_smoother/smoother_cost_function.hpp
[0.733s] -- Up-to-date symlink: /home/matthew/nav2_ws/install/nav2_constrained_smoother/include//nav2_constrained_smoother/utils.hpp
[0.734s] -- Up-to-date symlink: /home/matthew/nav2_ws/install/nav2_constrained_smoother/share/nav2_constrained_smoother/environment/library_path.sh
[0.745s] -- Up-to-date symlink: /home/matthew/nav2_ws/install/nav2_constrained_smoother/share/nav2_constrained_smoother/environment/library_path.dsv
[0.747s] -- Up-to-date symlink: /home/matthew/nav2_ws/install/nav2_constrained_smoother/share/nav2_constrained_smoother//nav2_constrained_smoother.xml
[0.770s] -- Up-to-date symlink: /home/matthew/nav2_ws/install/nav2_constrained_smoother/share/ament_index/resource_index/package_run_dependencies/nav2_constrained_smoother
[0.772s] -- Up-to-date symlink: /home/matthew/nav2_ws/install/nav2_constrained_smoother/share/ament_index/resource_index/parent_prefix_path/nav2_constrained_smoother
[0.967s] -- Up-to-date symlink: /home/matthew/nav2_ws/install/nav2_constrained_smoother/share/nav2_constrained_smoother/environment/ament_prefix_path.sh
[0.971s] -- Up-to-date symlink: /home/matthew/nav2_ws/install/nav2_constrained_smoother/share/nav2_constrained_smoother/environment/ament_prefix_path.dsv
[0.971s] -- Up-to-date symlink: /home/matthew/nav2_ws/install/nav2_constrained_smoother/share/nav2_constrained_smoother/environment/path.sh
[0.972s] -- Up-to-date symlink: /home/matthew/nav2_ws/install/nav2_constrained_smoother/share/nav2_constrained_smoother/environment/path.dsv
[0.976s] -- Up-to-date symlink: /home/matthew/nav2_ws/install/nav2_constrained_smoother/share/nav2_constrained_smoother/local_setup.bash
[0.976s] -- Up-to-date symlink: /home/matthew/nav2_ws/install/nav2_constrained_smoother/share/nav2_constrained_smoother/local_setup.sh
[0.980s] -- Up-to-date symlink: /home/matthew/nav2_ws/install/nav2_constrained_smoother/share/nav2_constrained_smoother/local_setup.zsh
[0.981s] -- Up-to-date symlink: /home/matthew/nav2_ws/install/nav2_constrained_smoother/share/nav2_constrained_smoother/local_setup.dsv
[0.983s] -- Symlinking: /home/matthew/nav2_ws/install/nav2_constrained_smoother/share/nav2_constrained_smoother/package.dsv
[1.018s] -- Up-to-date symlink: /home/matthew/nav2_ws/install/nav2_constrained_smoother/share/ament_index/resource_index/packages/nav2_constrained_smoother
[1.024s] -- Up-to-date symlink: /home/matthew/nav2_ws/install/nav2_constrained_smoother/share/ament_index/resource_index/nav2_core__pluginlib__plugin/nav2_constrained_smoother
[1.026s] -- Up-to-date symlink: /home/matthew/nav2_ws/install/nav2_constrained_smoother/share/nav2_constrained_smoother/cmake/ament_cmake_export_include_directories-extras.cmake
[1.027s] -- Up-to-date symlink: /home/matthew/nav2_ws/install/nav2_constrained_smoother/share/nav2_constrained_smoother/cmake/ament_cmake_export_libraries-extras.cmake
[1.029s] -- Up-to-date symlink: /home/matthew/nav2_ws/install/nav2_constrained_smoother/share/nav2_constrained_smoother/cmake/ament_cmake_export_dependencies-extras.cmake
[1.035s] -- Up-to-date symlink: /home/matthew/nav2_ws/install/nav2_constrained_smoother/share/nav2_constrained_smoother/cmake/nav2_constrained_smootherConfig.cmake
[1.035s] -- Up-to-date symlink: /home/matthew/nav2_ws/install/nav2_constrained_smoother/share/nav2_constrained_smoother/cmake/nav2_constrained_smootherConfig-version.cmake
[1.036s] -- Up-to-date symlink: /home/matthew/nav2_ws/install/nav2_constrained_smoother/share/nav2_constrained_smoother/package.xml
[1.238s] Invoked command in '/home/matthew/nav2_ws/build/nav2_constrained_smoother' returned '0': AMENT_PREFIX_PATH=/home/matthew/nav2_ws/install/nav2_core:/home/matthew/nav2_ws/install/nav2_costmap_2d:/home/matthew/nav2_ws/install/nav2_map_server:/home/matthew/nav2_ws/install/nav2_lifecycle_manager:/home/matthew/nav2_ws/install/nav2_behavior_tree:/home/matthew/nav2_ws/install/nav2_util:/home/matthew/nav2_ws/install/nav2_voxel_grid:/home/matthew/nav2_ws/install/nav2_msgs:/home/matthew/nav2_ws/install/nav2_common:${AMENT_PREFIX_PATH} CMAKE_PREFIX_PATH=/home/matthew/nav2_ws/install/nav2_core:/home/matthew/nav2_ws/install/nav2_costmap_2d:/home/matthew/nav2_ws/install/nav2_map_server:/home/matthew/nav2_ws/install/nav2_lifecycle_manager:/home/matthew/nav2_ws/install/nav2_behavior_tree:/home/matthew/nav2_ws/install/nav2_util:/home/matthew/nav2_ws/install/nav2_voxel_grid:/home/matthew/nav2_ws/install/nav2_msgs:/home/matthew/nav2_ws/install/nav2_common:/opt/ros/iron LD_LIBRARY_PATH=/home/matthew/nav2_ws/install/nav2_costmap_2d/lib:/home/matthew/nav2_ws/install/nav2_map_server/lib:/home/matthew/nav2_ws/install/nav2_lifecycle_manager/lib:/home/matthew/nav2_ws/install/nav2_behavior_tree/lib:/home/matthew/nav2_ws/install/nav2_util/lib:/home/matthew/nav2_ws/install/nav2_voxel_grid/lib:/home/matthew/nav2_ws/install/nav2_msgs/lib:${LD_LIBRARY_PATH} PYTHONPATH=/home/matthew/nav2_ws/install/nav2_msgs/lib/python3.10/site-packages:/home/matthew/nav2_ws/install/nav2_common/lib/python3.10/site-packages:${PYTHONPATH} /usr/bin/cmake --install /home/matthew/nav2_ws/build/nav2_constrained_smoother
