[0.238s] DEBUG:colcon:Command line arguments: ['/usr/bin/colcon', 'build', '--symlink-install']
[0.239s] DEBUG:colcon:Parsed command line arguments: Namespace(log_base=None, log_level=None, verb_name='build', build_base='build', install_base='install', merge_install=False, symlink_install=True, test_result_base=None, continue_on_error=False, executor='parallel', parallel_workers=6, event_handlers=None, ignore_user_meta=False, metas=['./colcon.meta'], base_paths=['.'], packages_ignore=None, packages_ignore_regex=None, paths=None, packages_up_to=None, packages_up_to_regex=None, packages_above=None, packages_above_and_dependencies=None, packages_above_depth=None, packages_select_by_dep=None, packages_skip_by_dep=None, packages_skip_up_to=None, packages_select_build_failed=False, packages_skip_build_finished=False, packages_select_test_failures=False, packages_skip_test_passed=False, packages_select=None, packages_skip=None, packages_select_regex=None, packages_skip_regex=None, packages_start=None, packages_end=None, allow_overriding=[], cmake_args=None, cmake_target=None, cmake_target_skip_unavailable=False, cmake_clean_cache=False, cmake_clean_first=False, cmake_force_configure=False, ament_cmake_args=None, catkin_cmake_args=None, catkin_skip_building_tests=False, mixin_files=None, mixin=None, verb_parser=<colcon_mixin.mixin.mixin_argument.MixinArgumentDecorator object at 0xffffabbe0cd0>, verb_extension=<colcon_core.verb.build.BuildVerb object at 0xffffabbe0250>, main=<bound method BuildVerb.main of <colcon_core.verb.build.BuildVerb object at 0xffffabbe0250>>, mixin_verb=('build',))
[0.613s] Level 1:colcon.colcon_core.package_discovery:discover_packages(colcon_meta) check parameters
[0.613s] Level 1:colcon.colcon_core.package_discovery:discover_packages(recursive) check parameters
[0.613s] Level 1:colcon.colcon_core.package_discovery:discover_packages(ignore) check parameters
[0.613s] Level 1:colcon.colcon_core.package_discovery:discover_packages(path) check parameters
[0.613s] Level 1:colcon.colcon_core.package_discovery:discover_packages(colcon_meta) discover
[0.614s] Level 1:colcon.colcon_core.package_discovery:discover_packages(recursive) discover
[0.614s] INFO:colcon.colcon_core.package_discovery:Crawling recursively for packages in '/home/matthew/ros2_ws/src'
[0.614s] Level 1:colcon.colcon_core.package_identification:_identify(.) by extensions ['ignore', 'ignore_ament_install']
[0.614s] Level 1:colcon.colcon_core.package_identification:_identify(.) by extension 'ignore'
[0.614s] Level 1:colcon.colcon_core.package_identification:_identify(.) by extension 'ignore_ament_install'
[0.614s] Level 1:colcon.colcon_core.package_identification:_identify(.) by extensions ['colcon_pkg']
[0.614s] Level 1:colcon.colcon_core.package_identification:_identify(.) by extension 'colcon_pkg'
[0.615s] Level 1:colcon.colcon_core.package_identification:_identify(.) by extensions ['colcon_meta']
[0.615s] Level 1:colcon.colcon_core.package_identification:_identify(.) by extension 'colcon_meta'
[0.615s] Level 1:colcon.colcon_core.package_identification:_identify(.) by extensions ['ros']
[0.615s] Level 1:colcon.colcon_core.package_identification:_identify(.) by extension 'ros'
[0.637s] Level 1:colcon.colcon_core.package_identification:_identify(.) by extensions ['cmake', 'python']
[0.638s] Level 1:colcon.colcon_core.package_identification:_identify(.) by extension 'cmake'
[0.638s] Level 1:colcon.colcon_core.package_identification:_identify(.) by extension 'python'
[0.638s] Level 1:colcon.colcon_core.package_identification:_identify(.) by extensions ['python_setup_py']
[0.638s] Level 1:colcon.colcon_core.package_identification:_identify(.) by extension 'python_setup_py'
[0.638s] Level 1:colcon.colcon_core.package_identification:_identify(build) by extensions ['ignore', 'ignore_ament_install']
[0.639s] Level 1:colcon.colcon_core.package_identification:_identify(build) by extension 'ignore'
[0.639s] Level 1:colcon.colcon_core.package_identification:_identify(build) ignored
[0.639s] Level 1:colcon.colcon_core.package_identification:_identify(csm) by extensions ['ignore', 'ignore_ament_install']
[0.639s] Level 1:colcon.colcon_core.package_identification:_identify(csm) by extension 'ignore'
[0.639s] Level 1:colcon.colcon_core.package_identification:_identify(csm) by extension 'ignore_ament_install'
[0.639s] Level 1:colcon.colcon_core.package_identification:_identify(csm) by extensions ['colcon_pkg']
[0.639s] Level 1:colcon.colcon_core.package_identification:_identify(csm) by extension 'colcon_pkg'
[0.640s] Level 1:colcon.colcon_core.package_identification:_identify(csm) by extensions ['colcon_meta']
[0.640s] Level 1:colcon.colcon_core.package_identification:_identify(csm) by extension 'colcon_meta'
[0.640s] Level 1:colcon.colcon_core.package_identification:_identify(csm) by extensions ['ros']
[0.640s] Level 1:colcon.colcon_core.package_identification:_identify(csm) by extension 'ros'
[0.647s] DEBUG:colcon.colcon_core.package_identification:Package 'csm' with type 'ros.ament_cmake' and name 'csm'
[0.647s] Level 1:colcon.colcon_core.package_identification:_identify(fake_odometry) by extensions ['ignore', 'ignore_ament_install']
[0.647s] Level 1:colcon.colcon_core.package_identification:_identify(fake_odometry) by extension 'ignore'
[0.647s] Level 1:colcon.colcon_core.package_identification:_identify(fake_odometry) by extension 'ignore_ament_install'
[0.648s] Level 1:colcon.colcon_core.package_identification:_identify(fake_odometry) by extensions ['colcon_pkg']
[0.648s] Level 1:colcon.colcon_core.package_identification:_identify(fake_odometry) by extension 'colcon_pkg'
[0.648s] Level 1:colcon.colcon_core.package_identification:_identify(fake_odometry) by extensions ['colcon_meta']
[0.648s] Level 1:colcon.colcon_core.package_identification:_identify(fake_odometry) by extension 'colcon_meta'
[0.648s] Level 1:colcon.colcon_core.package_identification:_identify(fake_odometry) by extensions ['ros']
[0.648s] Level 1:colcon.colcon_core.package_identification:_identify(fake_odometry) by extension 'ros'
[0.650s] DEBUG:colcon.colcon_core.package_identification:Package 'fake_odometry' with type 'ros.ament_cmake' and name 'fake_odometry'
[0.651s] Level 1:colcon.colcon_core.package_identification:_identify(gazebo_robot_package) by extensions ['ignore', 'ignore_ament_install']
[0.651s] Level 1:colcon.colcon_core.package_identification:_identify(gazebo_robot_package) by extension 'ignore'
[0.651s] Level 1:colcon.colcon_core.package_identification:_identify(gazebo_robot_package) by extension 'ignore_ament_install'
[0.651s] Level 1:colcon.colcon_core.package_identification:_identify(gazebo_robot_package) by extensions ['colcon_pkg']
[0.651s] Level 1:colcon.colcon_core.package_identification:_identify(gazebo_robot_package) by extension 'colcon_pkg'
[0.651s] Level 1:colcon.colcon_core.package_identification:_identify(gazebo_robot_package) by extensions ['colcon_meta']
[0.651s] Level 1:colcon.colcon_core.package_identification:_identify(gazebo_robot_package) by extension 'colcon_meta'
[0.651s] Level 1:colcon.colcon_core.package_identification:_identify(gazebo_robot_package) by extensions ['ros']
[0.651s] Level 1:colcon.colcon_core.package_identification:_identify(gazebo_robot_package) by extension 'ros'
[0.652s] DEBUG:colcon.colcon_core.package_identification:Package 'gazebo_robot_package' with type 'ros.ament_python' and name 'gazebo_robot_package'
[0.653s] Level 1:colcon.colcon_core.package_identification:_identify(install) by extensions ['ignore', 'ignore_ament_install']
[0.653s] Level 1:colcon.colcon_core.package_identification:_identify(install) by extension 'ignore'
[0.653s] Level 1:colcon.colcon_core.package_identification:_identify(install) ignored
[0.653s] Level 1:colcon.colcon_core.package_identification:_identify(log) by extensions ['ignore', 'ignore_ament_install']
[0.653s] Level 1:colcon.colcon_core.package_identification:_identify(log) by extension 'ignore'
[0.653s] Level 1:colcon.colcon_core.package_identification:_identify(log) ignored
[0.654s] Level 1:colcon.colcon_core.package_identification:_identify(my_robot_description) by extensions ['ignore', 'ignore_ament_install']
[0.654s] Level 1:colcon.colcon_core.package_identification:_identify(my_robot_description) by extension 'ignore'
[0.654s] Level 1:colcon.colcon_core.package_identification:_identify(my_robot_description) by extension 'ignore_ament_install'
[0.654s] Level 1:colcon.colcon_core.package_identification:_identify(my_robot_description) by extensions ['colcon_pkg']
[0.654s] Level 1:colcon.colcon_core.package_identification:_identify(my_robot_description) by extension 'colcon_pkg'
[0.654s] Level 1:colcon.colcon_core.package_identification:_identify(my_robot_description) by extensions ['colcon_meta']
[0.654s] Level 1:colcon.colcon_core.package_identification:_identify(my_robot_description) by extension 'colcon_meta'
[0.654s] Level 1:colcon.colcon_core.package_identification:_identify(my_robot_description) by extensions ['ros']
[0.654s] Level 1:colcon.colcon_core.package_identification:_identify(my_robot_description) by extension 'ros'
[0.656s] DEBUG:colcon.colcon_core.package_identification:Package 'my_robot_description' with type 'ros.ament_cmake' and name 'my_robot_description'
[0.656s] Level 1:colcon.colcon_core.package_identification:_identify(ros2_laser_scan_matcher) by extensions ['ignore', 'ignore_ament_install']
[0.656s] Level 1:colcon.colcon_core.package_identification:_identify(ros2_laser_scan_matcher) by extension 'ignore'
[0.657s] Level 1:colcon.colcon_core.package_identification:_identify(ros2_laser_scan_matcher) by extension 'ignore_ament_install'
[0.657s] Level 1:colcon.colcon_core.package_identification:_identify(ros2_laser_scan_matcher) by extensions ['colcon_pkg']
[0.657s] Level 1:colcon.colcon_core.package_identification:_identify(ros2_laser_scan_matcher) by extension 'colcon_pkg'
[0.657s] Level 1:colcon.colcon_core.package_identification:_identify(ros2_laser_scan_matcher) by extensions ['colcon_meta']
[0.657s] Level 1:colcon.colcon_core.package_identification:_identify(ros2_laser_scan_matcher) by extension 'colcon_meta'
[0.657s] Level 1:colcon.colcon_core.package_identification:_identify(ros2_laser_scan_matcher) by extensions ['ros']
[0.657s] Level 1:colcon.colcon_core.package_identification:_identify(ros2_laser_scan_matcher) by extension 'ros'
[0.659s] DEBUG:colcon.colcon_core.package_identification:Package 'ros2_laser_scan_matcher' with type 'ros.ament_cmake' and name 'ros2_laser_scan_matcher'
[0.659s] Level 1:colcon.colcon_core.package_discovery:discover_packages(recursive) using defaults
[0.659s] Level 1:colcon.colcon_core.package_discovery:discover_packages(ignore) discover
[0.659s] Level 1:colcon.colcon_core.package_discovery:discover_packages(ignore) using defaults
[0.659s] Level 1:colcon.colcon_core.package_discovery:discover_packages(path) discover
[0.659s] Level 1:colcon.colcon_core.package_discovery:discover_packages(path) using defaults
[0.732s] Level 1:colcon.colcon_core.package_discovery:discover_packages(prefix_path) check parameters
[0.732s] Level 1:colcon.colcon_core.package_discovery:discover_packages(prefix_path) discover
[0.738s] DEBUG:colcon.colcon_installed_package_information.package_discovery:Found 349 installed packages in /opt/ros/iron
[0.741s] Level 1:colcon.colcon_core.package_discovery:discover_packages(prefix_path) using defaults
[0.841s] Level 5:colcon.colcon_core.verb:set package 'csm' build argument 'cmake_args' from command line to 'None'
[0.841s] Level 5:colcon.colcon_core.verb:set package 'csm' build argument 'cmake_target' from command line to 'None'
[0.841s] Level 5:colcon.colcon_core.verb:set package 'csm' build argument 'cmake_target_skip_unavailable' from command line to 'False'
[0.841s] Level 5:colcon.colcon_core.verb:set package 'csm' build argument 'cmake_clean_cache' from command line to 'False'
[0.841s] Level 5:colcon.colcon_core.verb:set package 'csm' build argument 'cmake_clean_first' from command line to 'False'
[0.841s] Level 5:colcon.colcon_core.verb:set package 'csm' build argument 'cmake_force_configure' from command line to 'False'
[0.841s] Level 5:colcon.colcon_core.verb:set package 'csm' build argument 'ament_cmake_args' from command line to 'None'
[0.841s] Level 5:colcon.colcon_core.verb:set package 'csm' build argument 'catkin_cmake_args' from command line to 'None'
[0.841s] Level 5:colcon.colcon_core.verb:set package 'csm' build argument 'catkin_skip_building_tests' from command line to 'False'
[0.842s] DEBUG:colcon.colcon_core.verb:Building package 'csm' with the following arguments: {'ament_cmake_args': None, 'build_base': '/home/matthew/ros2_ws/src/build/csm', 'catkin_cmake_args': None, 'catkin_skip_building_tests': False, 'cmake_args': None, 'cmake_clean_cache': False, 'cmake_clean_first': False, 'cmake_force_configure': False, 'cmake_target': None, 'cmake_target_skip_unavailable': False, 'install_base': '/home/matthew/ros2_ws/src/install/csm', 'merge_install': False, 'path': '/home/matthew/ros2_ws/src/csm', 'symlink_install': True, 'test_result_base': None}
[0.842s] Level 5:colcon.colcon_core.verb:set package 'fake_odometry' build argument 'cmake_args' from command line to 'None'
[0.842s] Level 5:colcon.colcon_core.verb:set package 'fake_odometry' build argument 'cmake_target' from command line to 'None'
[0.842s] Level 5:colcon.colcon_core.verb:set package 'fake_odometry' build argument 'cmake_target_skip_unavailable' from command line to 'False'
[0.842s] Level 5:colcon.colcon_core.verb:set package 'fake_odometry' build argument 'cmake_clean_cache' from command line to 'False'
[0.842s] Level 5:colcon.colcon_core.verb:set package 'fake_odometry' build argument 'cmake_clean_first' from command line to 'False'
[0.842s] Level 5:colcon.colcon_core.verb:set package 'fake_odometry' build argument 'cmake_force_configure' from command line to 'False'
[0.843s] Level 5:colcon.colcon_core.verb:set package 'fake_odometry' build argument 'ament_cmake_args' from command line to 'None'
[0.843s] Level 5:colcon.colcon_core.verb:set package 'fake_odometry' build argument 'catkin_cmake_args' from command line to 'None'
[0.843s] Level 5:colcon.colcon_core.verb:set package 'fake_odometry' build argument 'catkin_skip_building_tests' from command line to 'False'
[0.843s] DEBUG:colcon.colcon_core.verb:Building package 'fake_odometry' with the following arguments: {'ament_cmake_args': None, 'build_base': '/home/matthew/ros2_ws/src/build/fake_odometry', 'catkin_cmake_args': None, 'catkin_skip_building_tests': False, 'cmake_args': None, 'cmake_clean_cache': False, 'cmake_clean_first': False, 'cmake_force_configure': False, 'cmake_target': None, 'cmake_target_skip_unavailable': False, 'install_base': '/home/matthew/ros2_ws/src/install/fake_odometry', 'merge_install': False, 'path': '/home/matthew/ros2_ws/src/fake_odometry', 'symlink_install': True, 'test_result_base': None}
[0.843s] Level 5:colcon.colcon_core.verb:set package 'gazebo_robot_package' build argument 'cmake_args' from command line to 'None'
[0.843s] Level 5:colcon.colcon_core.verb:set package 'gazebo_robot_package' build argument 'cmake_target' from command line to 'None'
[0.843s] Level 5:colcon.colcon_core.verb:set package 'gazebo_robot_package' build argument 'cmake_target_skip_unavailable' from command line to 'False'
[0.843s] Level 5:colcon.colcon_core.verb:set package 'gazebo_robot_package' build argument 'cmake_clean_cache' from command line to 'False'
[0.844s] Level 5:colcon.colcon_core.verb:set package 'gazebo_robot_package' build argument 'cmake_clean_first' from command line to 'False'
[0.844s] Level 5:colcon.colcon_core.verb:set package 'gazebo_robot_package' build argument 'cmake_force_configure' from command line to 'False'
[0.844s] Level 5:colcon.colcon_core.verb:set package 'gazebo_robot_package' build argument 'ament_cmake_args' from command line to 'None'
[0.844s] Level 5:colcon.colcon_core.verb:set package 'gazebo_robot_package' build argument 'catkin_cmake_args' from command line to 'None'
[0.844s] Level 5:colcon.colcon_core.verb:set package 'gazebo_robot_package' build argument 'catkin_skip_building_tests' from command line to 'False'
[0.844s] DEBUG:colcon.colcon_core.verb:Building package 'gazebo_robot_package' with the following arguments: {'ament_cmake_args': None, 'build_base': '/home/matthew/ros2_ws/src/build/gazebo_robot_package', 'catkin_cmake_args': None, 'catkin_skip_building_tests': False, 'cmake_args': None, 'cmake_clean_cache': False, 'cmake_clean_first': False, 'cmake_force_configure': False, 'cmake_target': None, 'cmake_target_skip_unavailable': False, 'install_base': '/home/matthew/ros2_ws/src/install/gazebo_robot_package', 'merge_install': False, 'path': '/home/matthew/ros2_ws/src/gazebo_robot_package', 'symlink_install': True, 'test_result_base': None}
[0.844s] Level 5:colcon.colcon_core.verb:set package 'my_robot_description' build argument 'cmake_args' from command line to 'None'
[0.844s] Level 5:colcon.colcon_core.verb:set package 'my_robot_description' build argument 'cmake_target' from command line to 'None'
[0.845s] Level 5:colcon.colcon_core.verb:set package 'my_robot_description' build argument 'cmake_target_skip_unavailable' from command line to 'False'
[0.845s] Level 5:colcon.colcon_core.verb:set package 'my_robot_description' build argument 'cmake_clean_cache' from command line to 'False'
[0.845s] Level 5:colcon.colcon_core.verb:set package 'my_robot_description' build argument 'cmake_clean_first' from command line to 'False'
[0.845s] Level 5:colcon.colcon_core.verb:set package 'my_robot_description' build argument 'cmake_force_configure' from command line to 'False'
[0.845s] Level 5:colcon.colcon_core.verb:set package 'my_robot_description' build argument 'ament_cmake_args' from command line to 'None'
[0.845s] Level 5:colcon.colcon_core.verb:set package 'my_robot_description' build argument 'catkin_cmake_args' from command line to 'None'
[0.845s] Level 5:colcon.colcon_core.verb:set package 'my_robot_description' build argument 'catkin_skip_building_tests' from command line to 'False'
[0.845s] DEBUG:colcon.colcon_core.verb:Building package 'my_robot_description' with the following arguments: {'ament_cmake_args': None, 'build_base': '/home/matthew/ros2_ws/src/build/my_robot_description', 'catkin_cmake_args': None, 'catkin_skip_building_tests': False, 'cmake_args': None, 'cmake_clean_cache': False, 'cmake_clean_first': False, 'cmake_force_configure': False, 'cmake_target': None, 'cmake_target_skip_unavailable': False, 'install_base': '/home/matthew/ros2_ws/src/install/my_robot_description', 'merge_install': False, 'path': '/home/matthew/ros2_ws/src/my_robot_description', 'symlink_install': True, 'test_result_base': None}
[0.845s] Level 5:colcon.colcon_core.verb:set package 'ros2_laser_scan_matcher' build argument 'cmake_args' from command line to 'None'
[0.846s] Level 5:colcon.colcon_core.verb:set package 'ros2_laser_scan_matcher' build argument 'cmake_target' from command line to 'None'
[0.846s] Level 5:colcon.colcon_core.verb:set package 'ros2_laser_scan_matcher' build argument 'cmake_target_skip_unavailable' from command line to 'False'
[0.846s] Level 5:colcon.colcon_core.verb:set package 'ros2_laser_scan_matcher' build argument 'cmake_clean_cache' from command line to 'False'
[0.846s] Level 5:colcon.colcon_core.verb:set package 'ros2_laser_scan_matcher' build argument 'cmake_clean_first' from command line to 'False'
[0.846s] Level 5:colcon.colcon_core.verb:set package 'ros2_laser_scan_matcher' build argument 'cmake_force_configure' from command line to 'False'
[0.846s] Level 5:colcon.colcon_core.verb:set package 'ros2_laser_scan_matcher' build argument 'ament_cmake_args' from command line to 'None'
[0.846s] Level 5:colcon.colcon_core.verb:set package 'ros2_laser_scan_matcher' build argument 'catkin_cmake_args' from command line to 'None'
[0.846s] Level 5:colcon.colcon_core.verb:set package 'ros2_laser_scan_matcher' build argument 'catkin_skip_building_tests' from command line to 'False'
[0.846s] DEBUG:colcon.colcon_core.verb:Building package 'ros2_laser_scan_matcher' with the following arguments: {'ament_cmake_args': None, 'build_base': '/home/matthew/ros2_ws/src/build/ros2_laser_scan_matcher', 'catkin_cmake_args': None, 'catkin_skip_building_tests': False, 'cmake_args': None, 'cmake_clean_cache': False, 'cmake_clean_first': False, 'cmake_force_configure': False, 'cmake_target': None, 'cmake_target_skip_unavailable': False, 'install_base': '/home/matthew/ros2_ws/src/install/ros2_laser_scan_matcher', 'merge_install': False, 'path': '/home/matthew/ros2_ws/src/ros2_laser_scan_matcher', 'symlink_install': True, 'test_result_base': None}
[0.846s] INFO:colcon.colcon_core.executor:Executing jobs using 'parallel' executor
[0.849s] DEBUG:colcon.colcon_parallel_executor.executor.parallel:run_until_complete
[0.849s] INFO:colcon.colcon_ros.task.ament_cmake.build:Building ROS package in '/home/matthew/ros2_ws/src/csm' with build type 'ament_cmake'
[0.850s] INFO:colcon.colcon_cmake.task.cmake.build:Building CMake package in '/home/matthew/ros2_ws/src/csm'
[0.854s] INFO:colcon.colcon_core.plugin_system:Skipping extension 'colcon_core.shell.bat': Not used on non-Windows systems
[0.854s] INFO:colcon.colcon_core.shell:Skip shell extension 'powershell' for command environment: Not usable outside of PowerShell
[0.855s] DEBUG:colcon.colcon_core.shell:Skip shell extension 'dsv' for command environment
[0.861s] INFO:colcon.colcon_ros.task.ament_cmake.build:Building ROS package in '/home/matthew/ros2_ws/src/fake_odometry' with build type 'ament_cmake'
[0.862s] INFO:colcon.colcon_cmake.task.cmake.build:Building CMake package in '/home/matthew/ros2_ws/src/fake_odometry'
[0.862s] INFO:colcon.colcon_core.shell:Skip shell extension 'powershell' for command environment: Not usable outside of PowerShell
[0.862s] DEBUG:colcon.colcon_core.shell:Skip shell extension 'dsv' for command environment
[0.869s] INFO:colcon.colcon_ros.task.ament_python.build:Building ROS package in '/home/matthew/ros2_ws/src/gazebo_robot_package' with build type 'ament_python'
[0.870s] Level 1:colcon.colcon_core.shell:create_environment_hook('gazebo_robot_package', 'ament_prefix_path')
[0.871s] INFO:colcon.colcon_core.shell:Creating environment hook '/home/matthew/ros2_ws/src/install/gazebo_robot_package/share/gazebo_robot_package/hook/ament_prefix_path.ps1'
[0.873s] INFO:colcon.colcon_core.shell:Creating environment descriptor '/home/matthew/ros2_ws/src/install/gazebo_robot_package/share/gazebo_robot_package/hook/ament_prefix_path.dsv'
[0.873s] INFO:colcon.colcon_core.shell:Creating environment hook '/home/matthew/ros2_ws/src/install/gazebo_robot_package/share/gazebo_robot_package/hook/ament_prefix_path.sh'
[0.875s] INFO:colcon.colcon_core.shell:Skip shell extension 'powershell' for command environment: Not usable outside of PowerShell
[0.875s] DEBUG:colcon.colcon_core.shell:Skip shell extension 'dsv' for command environment
[0.880s] INFO:colcon.colcon_ros.task.ament_cmake.build:Building ROS package in '/home/matthew/ros2_ws/src/my_robot_description' with build type 'ament_cmake'
[0.880s] INFO:colcon.colcon_cmake.task.cmake.build:Building CMake package in '/home/matthew/ros2_ws/src/my_robot_description'
[0.881s] INFO:colcon.colcon_core.shell:Skip shell extension 'powershell' for command environment: Not usable outside of PowerShell
[0.881s] DEBUG:colcon.colcon_core.shell:Skip shell extension 'dsv' for command environment
[0.898s] DEBUG:colcon.colcon_core.event_handler.log_command:Invoking command in '/home/matthew/ros2_ws/src/build/csm': CMAKE_PREFIX_PATH=/opt/ros/iron /usr/bin/cmake /home/matthew/ros2_ws/src/csm -DAMENT_CMAKE_SYMLINK_INSTALL=1 -DCMAKE_INSTALL_PREFIX=/home/matthew/ros2_ws/src/install/csm
[0.904s] DEBUG:colcon.colcon_core.event_handler.log_command:Invoking command in '/home/matthew/ros2_ws/src/build/fake_odometry': CMAKE_PREFIX_PATH=/opt/ros/iron /usr/bin/cmake /home/matthew/ros2_ws/src/fake_odometry -DAMENT_CMAKE_SYMLINK_INSTALL=1 -DCMAKE_INSTALL_PREFIX=/home/matthew/ros2_ws/src/install/fake_odometry
[1.486s] INFO:colcon.colcon_core.task.python.build:Building Python package in '/home/matthew/ros2_ws/src/gazebo_robot_package'
[1.487s] INFO:colcon.colcon_core.shell:Skip shell extension 'powershell' for command environment: Not usable outside of PowerShell
[1.487s] DEBUG:colcon.colcon_core.shell:Skip shell extension 'dsv' for command environment
[1.501s] DEBUG:colcon.colcon_core.event_handler.log_command:Invoking command in '/home/matthew/ros2_ws/src/build/my_robot_description': CMAKE_PREFIX_PATH=/opt/ros/iron /usr/bin/cmake /home/matthew/ros2_ws/src/my_robot_description -DAMENT_CMAKE_SYMLINK_INSTALL=1 -DCMAKE_INSTALL_PREFIX=/home/matthew/ros2_ws/src/install/my_robot_description
[2.313s] DEBUG:colcon.colcon_core.event_handler.log_command:Invoking command in '/home/matthew/ros2_ws/src/build/gazebo_robot_package': PYTHONPATH=/home/matthew/ros2_ws/src/build/gazebo_robot_package/prefix_override:/usr/lib/python3/dist-packages/colcon_core/task/python/colcon_distutils_commands:/home/matthew/ros2_ws/src/install/gazebo_robot_package/lib/python3.10/site-packages:${PYTHONPATH} /usr/bin/python3 -W ignore:setup.py install is deprecated -W ignore:easy_install command is deprecated setup.py develop --editable --build-directory /home/matthew/ros2_ws/src/build/gazebo_robot_package/build --no-deps symlink_data
[3.379s] Level 1:colcon.colcon_core.shell:create_environment_hook('gazebo_robot_package', 'pythonpath_develop')
[3.380s] INFO:colcon.colcon_core.shell:Creating environment hook '/home/matthew/ros2_ws/src/build/gazebo_robot_package/share/gazebo_robot_package/hook/pythonpath_develop.ps1'
[3.382s] DEBUG:colcon.colcon_core.event_handler.log_command:Invoked command in '/home/matthew/ros2_ws/src/build/gazebo_robot_package' returned '0': PYTHONPATH=/home/matthew/ros2_ws/src/build/gazebo_robot_package/prefix_override:/usr/lib/python3/dist-packages/colcon_core/task/python/colcon_distutils_commands:/home/matthew/ros2_ws/src/install/gazebo_robot_package/lib/python3.10/site-packages:${PYTHONPATH} /usr/bin/python3 -W ignore:setup.py install is deprecated -W ignore:easy_install command is deprecated setup.py develop --editable --build-directory /home/matthew/ros2_ws/src/build/gazebo_robot_package/build --no-deps symlink_data
[3.383s] INFO:colcon.colcon_core.shell:Creating environment descriptor '/home/matthew/ros2_ws/src/build/gazebo_robot_package/share/gazebo_robot_package/hook/pythonpath_develop.dsv'
[3.383s] INFO:colcon.colcon_core.shell:Creating environment hook '/home/matthew/ros2_ws/src/build/gazebo_robot_package/share/gazebo_robot_package/hook/pythonpath_develop.sh'
[3.390s] Level 1:colcon.colcon_core.environment:checking '/home/matthew/ros2_ws/src/install/gazebo_robot_package' for CMake module files
[3.392s] Level 1:colcon.colcon_core.environment:checking '/home/matthew/ros2_ws/src/install/gazebo_robot_package' for CMake config files
[3.398s] Level 1:colcon.colcon_core.environment:checking '/home/matthew/ros2_ws/src/install/gazebo_robot_package/lib'
[3.399s] Level 1:colcon.colcon_core.environment:checking '/home/matthew/ros2_ws/src/install/gazebo_robot_package/bin'
[3.399s] Level 1:colcon.colcon_core.environment:checking '/home/matthew/ros2_ws/src/install/gazebo_robot_package/lib/pkgconfig/gazebo_robot_package.pc'
[3.400s] Level 1:colcon.colcon_core.environment:checking '/home/matthew/ros2_ws/src/install/gazebo_robot_package/lib/python3.10/site-packages'
[3.400s] Level 1:colcon.colcon_core.shell:create_environment_hook('gazebo_robot_package', 'pythonpath')
[3.401s] INFO:colcon.colcon_core.shell:Creating environment hook '/home/matthew/ros2_ws/src/install/gazebo_robot_package/share/gazebo_robot_package/hook/pythonpath.ps1'
[3.402s] INFO:colcon.colcon_core.shell:Creating environment descriptor '/home/matthew/ros2_ws/src/install/gazebo_robot_package/share/gazebo_robot_package/hook/pythonpath.dsv'
[3.403s] INFO:colcon.colcon_core.shell:Creating environment hook '/home/matthew/ros2_ws/src/install/gazebo_robot_package/share/gazebo_robot_package/hook/pythonpath.sh'
[3.404s] Level 1:colcon.colcon_core.environment:checking '/home/matthew/ros2_ws/src/install/gazebo_robot_package/bin'
[3.405s] Level 1:colcon.colcon_core.environment:create_environment_scripts_only(gazebo_robot_package)
[3.405s] INFO:colcon.colcon_core.shell:Creating package script '/home/matthew/ros2_ws/src/install/gazebo_robot_package/share/gazebo_robot_package/package.ps1'
[3.409s] INFO:colcon.colcon_core.shell:Creating package descriptor '/home/matthew/ros2_ws/src/install/gazebo_robot_package/share/gazebo_robot_package/package.dsv'
[3.411s] INFO:colcon.colcon_core.shell:Creating package script '/home/matthew/ros2_ws/src/install/gazebo_robot_package/share/gazebo_robot_package/package.sh'
[3.412s] INFO:colcon.colcon_core.shell:Creating package script '/home/matthew/ros2_ws/src/install/gazebo_robot_package/share/gazebo_robot_package/package.bash'
[3.413s] INFO:colcon.colcon_core.shell:Creating package script '/home/matthew/ros2_ws/src/install/gazebo_robot_package/share/gazebo_robot_package/package.zsh'
[3.415s] Level 1:colcon.colcon_core.environment:create_file_with_runtime_dependencies(/home/matthew/ros2_ws/src/install/gazebo_robot_package/share/colcon-core/packages/gazebo_robot_package)
[3.737s] DEBUG:colcon.colcon_core.event_handler.log_command:Invoked command in '/home/matthew/ros2_ws/src/build/csm' returned '0': CMAKE_PREFIX_PATH=/opt/ros/iron /usr/bin/cmake /home/matthew/ros2_ws/src/csm -DAMENT_CMAKE_SYMLINK_INSTALL=1 -DCMAKE_INSTALL_PREFIX=/home/matthew/ros2_ws/src/install/csm
[3.739s] DEBUG:colcon.colcon_core.event_handler.log_command:Invoking command in '/home/matthew/ros2_ws/src/build/csm': CMAKE_PREFIX_PATH=/opt/ros/iron /usr/bin/cmake --build /home/matthew/ros2_ws/src/build/csm -- -j6 -l6
[4.535s] DEBUG:colcon.colcon_core.event_handler.log_command:Invoked command in '/home/matthew/ros2_ws/src/build/my_robot_description' returned '0': CMAKE_PREFIX_PATH=/opt/ros/iron /usr/bin/cmake /home/matthew/ros2_ws/src/my_robot_description -DAMENT_CMAKE_SYMLINK_INSTALL=1 -DCMAKE_INSTALL_PREFIX=/home/matthew/ros2_ws/src/install/my_robot_description
[4.542s] DEBUG:colcon.colcon_core.event_handler.log_command:Invoking command in '/home/matthew/ros2_ws/src/build/my_robot_description': CMAKE_PREFIX_PATH=/opt/ros/iron /usr/bin/cmake --build /home/matthew/ros2_ws/src/build/my_robot_description -- -j6 -l6
[4.781s] DEBUG:colcon.colcon_core.event_handler.log_command:Invoked command in '/home/matthew/ros2_ws/src/build/my_robot_description' returned '0': CMAKE_PREFIX_PATH=/opt/ros/iron /usr/bin/cmake --build /home/matthew/ros2_ws/src/build/my_robot_description -- -j6 -l6
[4.812s] DEBUG:colcon.colcon_core.event_handler.log_command:Invoking command in '/home/matthew/ros2_ws/src/build/my_robot_description': CMAKE_PREFIX_PATH=/opt/ros/iron /usr/bin/cmake --install /home/matthew/ros2_ws/src/build/my_robot_description
[5.147s] DEBUG:colcon.colcon_core.event_handler.log_command:Invoked command in '/home/matthew/ros2_ws/src/build/fake_odometry' returned '0': CMAKE_PREFIX_PATH=/opt/ros/iron /usr/bin/cmake /home/matthew/ros2_ws/src/fake_odometry -DAMENT_CMAKE_SYMLINK_INSTALL=1 -DCMAKE_INSTALL_PREFIX=/home/matthew/ros2_ws/src/install/fake_odometry
[5.147s] DEBUG:colcon.colcon_core.event_handler.log_command:Invoking command in '/home/matthew/ros2_ws/src/build/fake_odometry': CMAKE_PREFIX_PATH=/opt/ros/iron /usr/bin/cmake --build /home/matthew/ros2_ws/src/build/fake_odometry -- -j6 -l6
[5.645s] Level 1:colcon.colcon_core.environment:create_environment_scripts_only(my_robot_description)
[5.646s] Level 1:colcon.colcon_core.environment:checking '/home/matthew/ros2_ws/src/install/my_robot_description' for CMake module files
[5.647s] Level 1:colcon.colcon_core.environment:checking '/home/matthew/ros2_ws/src/install/my_robot_description' for CMake config files
[5.648s] Level 1:colcon.colcon_core.shell:create_environment_hook('my_robot_description', 'cmake_prefix_path')
[5.650s] INFO:colcon.colcon_core.shell:Creating environment hook '/home/matthew/ros2_ws/src/install/my_robot_description/share/my_robot_description/hook/cmake_prefix_path.ps1'
[5.649s] DEBUG:colcon.colcon_core.event_handler.log_command:Invoked command in '/home/matthew/ros2_ws/src/build/my_robot_description' returned '0': CMAKE_PREFIX_PATH=/opt/ros/iron /usr/bin/cmake --install /home/matthew/ros2_ws/src/build/my_robot_description
[5.652s] INFO:colcon.colcon_core.shell:Creating environment descriptor '/home/matthew/ros2_ws/src/install/my_robot_description/share/my_robot_description/hook/cmake_prefix_path.dsv'
[5.653s] INFO:colcon.colcon_core.shell:Creating environment hook '/home/matthew/ros2_ws/src/install/my_robot_description/share/my_robot_description/hook/cmake_prefix_path.sh'
[5.654s] Level 1:colcon.colcon_core.environment:checking '/home/matthew/ros2_ws/src/install/my_robot_description/bin'
[5.654s] Level 1:colcon.colcon_core.environment:checking '/home/matthew/ros2_ws/src/install/my_robot_description/lib/pkgconfig/my_robot_description.pc'
[5.655s] Level 1:colcon.colcon_core.environment:checking '/home/matthew/ros2_ws/src/install/my_robot_description/lib/python3.10/site-packages'
[5.655s] Level 1:colcon.colcon_core.environment:checking '/home/matthew/ros2_ws/src/install/my_robot_description/bin'
[5.656s] INFO:colcon.colcon_core.shell:Creating package script '/home/matthew/ros2_ws/src/install/my_robot_description/share/my_robot_description/package.ps1'
[5.661s] INFO:colcon.colcon_core.shell:Creating package descriptor '/home/matthew/ros2_ws/src/install/my_robot_description/share/my_robot_description/package.dsv'
[5.666s] INFO:colcon.colcon_core.shell:Creating package script '/home/matthew/ros2_ws/src/install/my_robot_description/share/my_robot_description/package.sh'
[5.669s] INFO:colcon.colcon_core.shell:Creating package script '/home/matthew/ros2_ws/src/install/my_robot_description/share/my_robot_description/package.bash'
[5.673s] INFO:colcon.colcon_core.shell:Creating package script '/home/matthew/ros2_ws/src/install/my_robot_description/share/my_robot_description/package.zsh'
[5.678s] Level 1:colcon.colcon_core.environment:create_file_with_runtime_dependencies(/home/matthew/ros2_ws/src/install/my_robot_description/share/colcon-core/packages/my_robot_description)
[5.684s] Level 1:colcon.colcon_core.environment:create_environment_scripts_only(my_robot_description)
[5.686s] Level 1:colcon.colcon_core.environment:checking '/home/matthew/ros2_ws/src/install/my_robot_description' for CMake module files
[5.688s] Level 1:colcon.colcon_core.environment:checking '/home/matthew/ros2_ws/src/install/my_robot_description' for CMake config files
[5.690s] Level 1:colcon.colcon_core.shell:create_environment_hook('my_robot_description', 'cmake_prefix_path')
[5.693s] INFO:colcon.colcon_core.shell:Creating environment hook '/home/matthew/ros2_ws/src/install/my_robot_description/share/my_robot_description/hook/cmake_prefix_path.ps1'
[5.698s] INFO:colcon.colcon_core.shell:Creating environment descriptor '/home/matthew/ros2_ws/src/install/my_robot_description/share/my_robot_description/hook/cmake_prefix_path.dsv'
[5.702s] INFO:colcon.colcon_core.shell:Creating environment hook '/home/matthew/ros2_ws/src/install/my_robot_description/share/my_robot_description/hook/cmake_prefix_path.sh'
[5.706s] Level 1:colcon.colcon_core.environment:checking '/home/matthew/ros2_ws/src/install/my_robot_description/bin'
[5.707s] Level 1:colcon.colcon_core.environment:checking '/home/matthew/ros2_ws/src/install/my_robot_description/lib/pkgconfig/my_robot_description.pc'
[5.708s] Level 1:colcon.colcon_core.environment:checking '/home/matthew/ros2_ws/src/install/my_robot_description/lib/python3.10/site-packages'
[5.709s] Level 1:colcon.colcon_core.environment:checking '/home/matthew/ros2_ws/src/install/my_robot_description/bin'
[5.711s] INFO:colcon.colcon_core.shell:Creating package script '/home/matthew/ros2_ws/src/install/my_robot_description/share/my_robot_description/package.ps1'
[5.716s] INFO:colcon.colcon_core.shell:Creating package descriptor '/home/matthew/ros2_ws/src/install/my_robot_description/share/my_robot_description/package.dsv'
[5.721s] INFO:colcon.colcon_core.shell:Creating package script '/home/matthew/ros2_ws/src/install/my_robot_description/share/my_robot_description/package.sh'
[5.726s] INFO:colcon.colcon_core.shell:Creating package script '/home/matthew/ros2_ws/src/install/my_robot_description/share/my_robot_description/package.bash'
[5.731s] INFO:colcon.colcon_core.shell:Creating package script '/home/matthew/ros2_ws/src/install/my_robot_description/share/my_robot_description/package.zsh'
[5.735s] Level 1:colcon.colcon_core.environment:create_file_with_runtime_dependencies(/home/matthew/ros2_ws/src/install/my_robot_description/share/colcon-core/packages/my_robot_description)
[5.995s] DEBUG:colcon.colcon_parallel_executor.executor.parallel:run_until_complete was interrupted
[5.995s] DEBUG:colcon.colcon_parallel_executor.executor.parallel:run_until_complete again
[6.005s] Level 1:colcon.colcon_core.environment:create_environment_scripts_only(fake_odometry)
[6.006s] Level 1:colcon.colcon_core.environment:checking '/home/matthew/ros2_ws/src/install/fake_odometry' for CMake module files
[6.006s] DEBUG:colcon.colcon_core.event_handler.log_command:Invoked command in '/home/matthew/ros2_ws/src/build/fake_odometry' returned '-2': CMAKE_PREFIX_PATH=/opt/ros/iron /usr/bin/cmake --build /home/matthew/ros2_ws/src/build/fake_odometry -- -j6 -l6
[6.007s] Level 1:colcon.colcon_core.environment:checking '/home/matthew/ros2_ws/src/install/fake_odometry' for CMake config files
[6.008s] Level 1:colcon.colcon_core.environment:checking '/home/matthew/ros2_ws/src/install/fake_odometry/bin'
[6.008s] Level 1:colcon.colcon_core.environment:checking '/home/matthew/ros2_ws/src/install/fake_odometry/lib/pkgconfig/fake_odometry.pc'
[6.009s] Level 1:colcon.colcon_core.environment:checking '/home/matthew/ros2_ws/src/install/fake_odometry/lib/python3.10/site-packages'
[6.009s] Level 1:colcon.colcon_core.environment:checking '/home/matthew/ros2_ws/src/install/fake_odometry/bin'
[6.010s] INFO:colcon.colcon_core.shell:Creating package script '/home/matthew/ros2_ws/src/install/fake_odometry/share/fake_odometry/package.ps1'
[6.011s] INFO:colcon.colcon_core.shell:Creating package descriptor '/home/matthew/ros2_ws/src/install/fake_odometry/share/fake_odometry/package.dsv'
[6.012s] INFO:colcon.colcon_core.shell:Creating package script '/home/matthew/ros2_ws/src/install/fake_odometry/share/fake_odometry/package.sh'
[6.013s] INFO:colcon.colcon_core.shell:Creating package script '/home/matthew/ros2_ws/src/install/fake_odometry/share/fake_odometry/package.bash'
[6.014s] INFO:colcon.colcon_core.shell:Creating package script '/home/matthew/ros2_ws/src/install/fake_odometry/share/fake_odometry/package.zsh'
[6.018s] Level 1:colcon.colcon_core.environment:create_file_with_runtime_dependencies(/home/matthew/ros2_ws/src/install/fake_odometry/share/colcon-core/packages/fake_odometry)
[6.040s] DEBUG:colcon.colcon_parallel_executor.executor.parallel:run_until_complete finished
[6.041s] DEBUG:colcon.colcon_parallel_executor.executor.parallel:closing loop
[6.041s] DEBUG:colcon.colcon_parallel_executor.executor.parallel:loop closed
[6.041s] DEBUG:colcon.colcon_core.event_reactor:joining thread
[6.075s] INFO:colcon.colcon_core.plugin_system:Skipping extension 'colcon_notification.desktop_notification.terminal_notifier': Not used on non-Darwin systems
[6.075s] INFO:colcon.colcon_core.plugin_system:Skipping extension 'colcon_notification.desktop_notification.win32': Not used on non-Windows systems
[6.076s] INFO:colcon.colcon_notification.desktop_notification:Sending desktop notification using 'notify2'
[6.139s] DEBUG:colcon.colcon_core.event_reactor:joined thread
[6.140s] INFO:colcon.colcon_core.shell:Creating prefix script '/home/matthew/ros2_ws/src/install/local_setup.ps1'
[6.142s] INFO:colcon.colcon_core.shell:Creating prefix util module '/home/matthew/ros2_ws/src/install/_local_setup_util_ps1.py'
[6.146s] INFO:colcon.colcon_core.shell:Creating prefix chain script '/home/matthew/ros2_ws/src/install/setup.ps1'
[6.148s] INFO:colcon.colcon_core.shell:Creating prefix script '/home/matthew/ros2_ws/src/install/local_setup.sh'
[6.149s] INFO:colcon.colcon_core.shell:Creating prefix util module '/home/matthew/ros2_ws/src/install/_local_setup_util_sh.py'
[6.151s] INFO:colcon.colcon_core.shell:Creating prefix chain script '/home/matthew/ros2_ws/src/install/setup.sh'
[6.153s] INFO:colcon.colcon_core.shell:Creating prefix script '/home/matthew/ros2_ws/src/install/local_setup.bash'
[6.154s] INFO:colcon.colcon_core.shell:Creating prefix chain script '/home/matthew/ros2_ws/src/install/setup.bash'
[6.156s] INFO:colcon.colcon_core.shell:Creating prefix script '/home/matthew/ros2_ws/src/install/local_setup.zsh'
[6.157s] INFO:colcon.colcon_core.shell:Creating prefix chain script '/home/matthew/ros2_ws/src/install/setup.zsh'
