[0.062s] Invoking command in '/home/matthew/nav2_ws/build/nav2_common': CMAKE_PREFIX_PATH=${CMAKE_PREFIX_PATH}:/opt/ros/iron /usr/bin/cmake --build /home/matthew/nav2_ws/build/nav2_common -- -j6 -l6
[0.281s] Built target ament_cmake_python_symlink_nav2_common
[1.006s] running egg_info
[1.007s] writing nav2_common.egg-info/PKG-INFO
[1.008s] writing dependency_links to nav2_common.egg-info/dependency_links.txt
[1.008s] writing top-level names to nav2_common.egg-info/top_level.txt
[1.017s] reading manifest file 'nav2_common.egg-info/SOURCES.txt'
[1.019s] writing manifest file 'nav2_common.egg-info/SOURCES.txt'
[1.112s] Built target ament_cmake_python_build_nav2_common_egg
[1.137s] Invoked command in '/home/matthew/nav2_ws/build/nav2_common' returned '0': CMAKE_PREFIX_PATH=${CMAKE_PREFIX_PATH}:/opt/ros/iron /usr/bin/cmake --build /home/matthew/nav2_ws/build/nav2_common -- -j6 -l6
[1.160s] Invoking command in '/home/matthew/nav2_ws/build/nav2_common': CMAKE_PREFIX_PATH=${CMAKE_PREFIX_PATH}:/opt/ros/iron /usr/bin/cmake --install /home/matthew/nav2_ws/build/nav2_common
[1.174s] -- Install configuration: ""
[1.176s] -- Execute custom install script
[1.176s] -- Up-to-date symlink: /home/matthew/nav2_ws/install/nav2_common/share/nav2_common/environment/pythonpath.sh
[1.177s] -- Up-to-date symlink: /home/matthew/nav2_ws/install/nav2_common/share/nav2_common/environment/pythonpath.dsv
[1.177s] -- Up-to-date symlink: /home/matthew/nav2_ws/install/nav2_common/lib/python3.10/site-packages/nav2_common-1.2.10-py3.10.egg-info/PKG-INFO
[1.177s] -- Up-to-date symlink: /home/matthew/nav2_ws/install/nav2_common/lib/python3.10/site-packages/nav2_common-1.2.10-py3.10.egg-info/SOURCES.txt
[1.178s] -- Up-to-date symlink: /home/matthew/nav2_ws/install/nav2_common/lib/python3.10/site-packages/nav2_common-1.2.10-py3.10.egg-info/dependency_links.txt
[1.178s] -- Up-to-date symlink: /home/matthew/nav2_ws/install/nav2_common/lib/python3.10/site-packages/nav2_common-1.2.10-py3.10.egg-info/top_level.txt
[1.179s] -- Up-to-date symlink: /home/matthew/nav2_ws/install/nav2_common/lib/python3.10/site-packages/nav2_common/__init__.py
[1.179s] -- Up-to-date symlink: /home/matthew/nav2_ws/install/nav2_common/lib/python3.10/site-packages/nav2_common/launch/__init__.py
[1.179s] -- Up-to-date symlink: /home/matthew/nav2_ws/install/nav2_common/lib/python3.10/site-packages/nav2_common/launch/has_node_params.py
[1.179s] -- Up-to-date symlink: /home/matthew/nav2_ws/install/nav2_common/lib/python3.10/site-packages/nav2_common/launch/parse_multirobot_pose.py
[1.180s] -- Up-to-date symlink: /home/matthew/nav2_ws/install/nav2_common/lib/python3.10/site-packages/nav2_common/launch/replace_string.py
[1.180s] -- Up-to-date symlink: /home/matthew/nav2_ws/install/nav2_common/lib/python3.10/site-packages/nav2_common/launch/rewritten_yaml.py
[1.180s] -- Up-to-date symlink: /home/matthew/nav2_ws/install/nav2_common/share/ament_index/resource_index/package_run_dependencies/nav2_common
[1.181s] -- Up-to-date symlink: /home/matthew/nav2_ws/install/nav2_common/share/ament_index/resource_index/parent_prefix_path/nav2_common
[1.181s] -- Up-to-date symlink: /home/matthew/nav2_ws/install/nav2_common/share/nav2_common/environment/ament_prefix_path.sh
[1.181s] -- Up-to-date symlink: /home/matthew/nav2_ws/install/nav2_common/share/nav2_common/environment/ament_prefix_path.dsv
[1.182s] -- Up-to-date symlink: /home/matthew/nav2_ws/install/nav2_common/share/nav2_common/environment/path.sh
[1.182s] -- Up-to-date symlink: /home/matthew/nav2_ws/install/nav2_common/share/nav2_common/environment/path.dsv
[1.182s] -- Up-to-date symlink: /home/matthew/nav2_ws/install/nav2_common/share/nav2_common/local_setup.bash
[1.183s] -- Up-to-date symlink: /home/matthew/nav2_ws/install/nav2_common/share/nav2_common/local_setup.sh
[1.184s] -- Up-to-date symlink: /home/matthew/nav2_ws/install/nav2_common/share/nav2_common/local_setup.zsh
[1.184s] -- Up-to-date symlink: /home/matthew/nav2_ws/install/nav2_common/share/nav2_common/local_setup.dsv
[1.184s] -- Symlinking: /home/matthew/nav2_ws/install/nav2_common/share/nav2_common/package.dsv
[1.205s] -- Up-to-date symlink: /home/matthew/nav2_ws/install/nav2_common/share/ament_index/resource_index/packages/nav2_common
[1.205s] -- Up-to-date symlink: /home/matthew/nav2_ws/install/nav2_common/share/nav2_common/cmake/nav2_common-extras.cmake
[1.205s] -- Up-to-date symlink: /home/matthew/nav2_ws/install/nav2_common/share/nav2_common/cmake/nav2_commonConfig.cmake
[1.206s] -- Up-to-date symlink: /home/matthew/nav2_ws/install/nav2_common/share/nav2_common/cmake/nav2_commonConfig-version.cmake
[1.206s] -- Up-to-date symlink: /home/matthew/nav2_ws/install/nav2_common/share/nav2_common/package.xml
[1.207s] -- Up-to-date symlink: /home/matthew/nav2_ws/install/nav2_common/share/nav2_common/cmake/nav2_package.cmake
[1.283s] Listing '/home/matthew/nav2_ws/install/nav2_common/lib/python3.10/site-packages/nav2_common'...
[1.284s] Listing '/home/matthew/nav2_ws/install/nav2_common/lib/python3.10/site-packages/nav2_common/launch'...
[1.301s] Invoked command in '/home/matthew/nav2_ws/build/nav2_common' returned '0': CMAKE_PREFIX_PATH=${CMAKE_PREFIX_PATH}:/opt/ros/iron /usr/bin/cmake --install /home/matthew/nav2_ws/build/nav2_common
