[0.032s] Invoking command in '/home/matthew/nav2_ws/build/nav2_util': AMENT_PREFIX_PATH=/home/matthew/nav2_ws/install/nav2_msgs:/home/matthew/nav2_ws/install/nav2_common:${AMENT_PREFIX_PATH} CMAKE_PREFIX_PATH=/home/matthew/nav2_ws/install/nav2_msgs:/home/matthew/nav2_ws/install/nav2_common:/home/matthew/ros2_ws/install/ros2_laser_scan_matcher:/home/matthew/ros2_ws/install/opennav_docking_core:/home/matthew/ros2_ws/install/my_robot_description:/home/matthew/ros2_ws/install/map_msgs:/home/matthew/ros2_ws/install/fake_odometry:/home/matthew/ros2_ws/install/dwb_msgs:/home/matthew/ros2_ws/install/csm:/opt/ros/iron LD_LIBRARY_PATH=/home/matthew/nav2_ws/install/nav2_msgs/lib:${LD_LIBRARY_PATH} PYTHONPATH=/home/matthew/nav2_ws/install/nav2_msgs/lib/python3.10/site-packages:/home/matthew/nav2_ws/install/nav2_common/lib/python3.10/site-packages:${PYTHONPATH} /usr/bin/cmake --build /home/matthew/nav2_ws/build/nav2_util -- -j6 -l6
[0.148s] [ 10%] Built target gtest
[0.148s] [ 10%] Built target gtest_main
[0.176s] [ 35%] Built target nav2_util_core
[0.194s] [ 40%] Built target test_execution_timer
[0.234s] [ 45%] Built target lifecycle_bringup
[0.240s] [ 50%] Built target test_service_client
[0.242s] [ 55%] Built target test_lifecycle_utils
[0.243s] [ 60%] Built target test_string_utils
[0.251s] [ 65%] Built target test_node_utils
[0.269s] [ 70%] Built target test_actions
[0.297s] [ 75%] Built target test_lifecycle_cli_node
[0.298s] [ 80%] Built target test_lifecycle_node
[0.312s] [ 87%] Built target test_geometry_utils
[0.312s] [ 90%] Built target test_odometry_utils
[0.325s] [ 95%] Built target test_robot_utils
[0.326s] [100%] Built target test_validation_messages
[0.631s] Invoked command in '/home/matthew/nav2_ws/build/nav2_util' returned '0': AMENT_PREFIX_PATH=/home/matthew/nav2_ws/install/nav2_msgs:/home/matthew/nav2_ws/install/nav2_common:${AMENT_PREFIX_PATH} CMAKE_PREFIX_PATH=/home/matthew/nav2_ws/install/nav2_msgs:/home/matthew/nav2_ws/install/nav2_common:/home/matthew/ros2_ws/install/ros2_laser_scan_matcher:/home/matthew/ros2_ws/install/opennav_docking_core:/home/matthew/ros2_ws/install/my_robot_description:/home/matthew/ros2_ws/install/map_msgs:/home/matthew/ros2_ws/install/fake_odometry:/home/matthew/ros2_ws/install/dwb_msgs:/home/matthew/ros2_ws/install/csm:/opt/ros/iron LD_LIBRARY_PATH=/home/matthew/nav2_ws/install/nav2_msgs/lib:${LD_LIBRARY_PATH} PYTHONPATH=/home/matthew/nav2_ws/install/nav2_msgs/lib/python3.10/site-packages:/home/matthew/nav2_ws/install/nav2_common/lib/python3.10/site-packages:${PYTHONPATH} /usr/bin/cmake --build /home/matthew/nav2_ws/build/nav2_util -- -j6 -l6
[0.635s] Invoking command in '/home/matthew/nav2_ws/build/nav2_util': AMENT_PREFIX_PATH=/home/matthew/nav2_ws/install/nav2_msgs:/home/matthew/nav2_ws/install/nav2_common:${AMENT_PREFIX_PATH} CMAKE_PREFIX_PATH=/home/matthew/nav2_ws/install/nav2_msgs:/home/matthew/nav2_ws/install/nav2_common:/home/matthew/ros2_ws/install/ros2_laser_scan_matcher:/home/matthew/ros2_ws/install/opennav_docking_core:/home/matthew/ros2_ws/install/my_robot_description:/home/matthew/ros2_ws/install/map_msgs:/home/matthew/ros2_ws/install/fake_odometry:/home/matthew/ros2_ws/install/dwb_msgs:/home/matthew/ros2_ws/install/csm:/opt/ros/iron LD_LIBRARY_PATH=/home/matthew/nav2_ws/install/nav2_msgs/lib:${LD_LIBRARY_PATH} PYTHONPATH=/home/matthew/nav2_ws/install/nav2_msgs/lib/python3.10/site-packages:/home/matthew/nav2_ws/install/nav2_common/lib/python3.10/site-packages:${PYTHONPATH} /usr/bin/cmake --install /home/matthew/nav2_ws/build/nav2_util
[0.654s] -- Install configuration: "Release"
[0.655s] -- Execute custom install script
[0.655s] -- Up-to-date symlink: /home/matthew/nav2_ws/install/nav2_util/lib/libnav2_util_core.so
[0.656s] -- Up-to-date symlink: /home/matthew/nav2_ws/install/nav2_util/lib/nav2_util/lifecycle_bringup
[0.657s] -- Up-to-date symlink: /home/matthew/nav2_ws/install/nav2_util/include//nav2_util/clear_entirely_costmap_service_client.hpp
[0.657s] -- Up-to-date symlink: /home/matthew/nav2_ws/install/nav2_util/include//nav2_util/costmap.hpp
[0.657s] -- Up-to-date symlink: /home/matthew/nav2_ws/install/nav2_util/include//nav2_util/execution_timer.hpp
[0.658s] -- Up-to-date symlink: /home/matthew/nav2_ws/install/nav2_util/include//nav2_util/geometry_utils.hpp
[0.658s] -- Up-to-date symlink: /home/matthew/nav2_ws/install/nav2_util/include//nav2_util/lifecycle_node.hpp
[0.658s] -- Up-to-date symlink: /home/matthew/nav2_ws/install/nav2_util/include//nav2_util/lifecycle_service_client.hpp
[0.658s] -- Up-to-date symlink: /home/matthew/nav2_ws/install/nav2_util/include//nav2_util/lifecycle_utils.hpp
[0.659s] -- Up-to-date symlink: /home/matthew/nav2_ws/install/nav2_util/include//nav2_util/line_iterator.hpp
[0.659s] -- Up-to-date symlink: /home/matthew/nav2_ws/install/nav2_util/include//nav2_util/node_thread.hpp
[0.660s] -- Up-to-date symlink: /home/matthew/nav2_ws/install/nav2_util/include//nav2_util/node_utils.hpp
[0.660s] -- Up-to-date symlink: /home/matthew/nav2_ws/install/nav2_util/include//nav2_util/occ_grid_values.hpp
[0.660s] -- Up-to-date symlink: /home/matthew/nav2_ws/install/nav2_util/include//nav2_util/odometry_utils.hpp
[0.660s] -- Up-to-date symlink: /home/matthew/nav2_ws/install/nav2_util/include//nav2_util/robot_utils.hpp
[0.661s] -- Up-to-date symlink: /home/matthew/nav2_ws/install/nav2_util/include//nav2_util/service_client.hpp
[0.661s] -- Up-to-date symlink: /home/matthew/nav2_ws/install/nav2_util/include//nav2_util/simple_action_server.hpp
[0.661s] -- Up-to-date symlink: /home/matthew/nav2_ws/install/nav2_util/include//nav2_util/string_utils.hpp
[0.662s] -- Up-to-date symlink: /home/matthew/nav2_ws/install/nav2_util/include//nav2_util/validate_messages.hpp
[0.662s] -- Up-to-date symlink: /home/matthew/nav2_ws/install/nav2_util/share/nav2_util/environment/library_path.sh
[0.662s] -- Up-to-date symlink: /home/matthew/nav2_ws/install/nav2_util/share/nav2_util/environment/library_path.dsv
[0.663s] -- Up-to-date symlink: /home/matthew/nav2_ws/install/nav2_util/share/ament_index/resource_index/package_run_dependencies/nav2_util
[0.663s] -- Up-to-date symlink: /home/matthew/nav2_ws/install/nav2_util/share/ament_index/resource_index/parent_prefix_path/nav2_util
[0.664s] -- Up-to-date symlink: /home/matthew/nav2_ws/install/nav2_util/share/nav2_util/environment/ament_prefix_path.sh
[0.664s] -- Up-to-date symlink: /home/matthew/nav2_ws/install/nav2_util/share/nav2_util/environment/ament_prefix_path.dsv
[0.664s] -- Up-to-date symlink: /home/matthew/nav2_ws/install/nav2_util/share/nav2_util/environment/path.sh
[0.665s] -- Up-to-date symlink: /home/matthew/nav2_ws/install/nav2_util/share/nav2_util/environment/path.dsv
[0.665s] -- Up-to-date symlink: /home/matthew/nav2_ws/install/nav2_util/share/nav2_util/local_setup.bash
[0.666s] -- Up-to-date symlink: /home/matthew/nav2_ws/install/nav2_util/share/nav2_util/local_setup.sh
[0.666s] -- Up-to-date symlink: /home/matthew/nav2_ws/install/nav2_util/share/nav2_util/local_setup.zsh
[0.667s] -- Up-to-date symlink: /home/matthew/nav2_ws/install/nav2_util/share/nav2_util/local_setup.dsv
[0.667s] -- Symlinking: /home/matthew/nav2_ws/install/nav2_util/share/nav2_util/package.dsv
[0.687s] -- Up-to-date symlink: /home/matthew/nav2_ws/install/nav2_util/share/ament_index/resource_index/packages/nav2_util
[0.687s] -- Up-to-date symlink: /home/matthew/nav2_ws/install/nav2_util/share/nav2_util/cmake/ament_cmake_export_include_directories-extras.cmake
[0.687s] -- Up-to-date symlink: /home/matthew/nav2_ws/install/nav2_util/share/nav2_util/cmake/ament_cmake_export_libraries-extras.cmake
[0.687s] -- Up-to-date symlink: /home/matthew/nav2_ws/install/nav2_util/share/nav2_util/cmake/ament_cmake_export_dependencies-extras.cmake
[0.688s] -- Up-to-date symlink: /home/matthew/nav2_ws/install/nav2_util/share/nav2_util/cmake/nav2_utilConfig.cmake
[0.688s] -- Up-to-date symlink: /home/matthew/nav2_ws/install/nav2_util/share/nav2_util/cmake/nav2_utilConfig-version.cmake
[0.688s] -- Up-to-date symlink: /home/matthew/nav2_ws/install/nav2_util/share/nav2_util/package.xml
[0.694s] Invoked command in '/home/matthew/nav2_ws/build/nav2_util' returned '0': AMENT_PREFIX_PATH=/home/matthew/nav2_ws/install/nav2_msgs:/home/matthew/nav2_ws/install/nav2_common:${AMENT_PREFIX_PATH} CMAKE_PREFIX_PATH=/home/matthew/nav2_ws/install/nav2_msgs:/home/matthew/nav2_ws/install/nav2_common:/home/matthew/ros2_ws/install/ros2_laser_scan_matcher:/home/matthew/ros2_ws/install/opennav_docking_core:/home/matthew/ros2_ws/install/my_robot_description:/home/matthew/ros2_ws/install/map_msgs:/home/matthew/ros2_ws/install/fake_odometry:/home/matthew/ros2_ws/install/dwb_msgs:/home/matthew/ros2_ws/install/csm:/opt/ros/iron LD_LIBRARY_PATH=/home/matthew/nav2_ws/install/nav2_msgs/lib:${LD_LIBRARY_PATH} PYTHONPATH=/home/matthew/nav2_ws/install/nav2_msgs/lib/python3.10/site-packages:/home/matthew/nav2_ws/install/nav2_common/lib/python3.10/site-packages:${PYTHONPATH} /usr/bin/cmake --install /home/matthew/nav2_ws/build/nav2_util
