[0.578s] Invoking command in '/home/matthew/ros2_ws/build/my_robot_description': CMAKE_PREFIX_PATH=/opt/ros/iron /usr/bin/cmake /home/matthew/ros2_ws/src/my_robot_description -DAMENT_CMAKE_SYMLINK_INSTALL=1 -DCMAKE_INSTALL_PREFIX=/home/matthew/ros2_ws/install/my_robot_description
[1.181s] -- Found ament_cmake: 2.0.7 (/opt/ros/iron/share/ament_cmake/cmake)
[1.181s] -- Override CMake install command with custom implementation using symlinks instead of copying resources
[1.182s] -- Found rclcpp: 21.0.8 (/opt/ros/iron/share/rclcpp/cmake)
[1.182s] -- Found rosidl_generator_c: 4.0.1 (/opt/ros/iron/share/rosidl_generator_c/cmake)
[1.182s] -- Found rosidl_generator_cpp: 4.0.1 (/opt/ros/iron/share/rosidl_generator_cpp/cmake)
[1.182s] -- Using all available rosidl_typesupport_c: rosidl_typesupport_fastrtps_c;rosidl_typesupport_introspection_c
[1.182s] -- Using all available rosidl_typesupport_cpp: rosidl_typesupport_fastrtps_cpp;rosidl_typesupport_introspection_cpp
[1.386s] -- Found rmw_implementation_cmake: 7.1.0 (/opt/ros/iron/share/rmw_implementation_cmake/cmake)
[1.389s] -- Found rmw_fastrtps_cpp: 7.1.4 (/opt/ros/iron/share/rmw_fastrtps_cpp/cmake)
[1.678s] -- Using RMW implementation 'rmw_fastrtps_cpp' as default
[2.001s] -- Found std_msgs: 5.0.1 (/opt/ros/iron/share/std_msgs/cmake)
[2.061s] -- Found ament_lint_auto: 0.14.4 (/opt/ros/iron/share/ament_lint_auto/cmake)
[2.221s] -- Added test 'lint_cmake' to check CMake code style
[2.222s] -- Added test 'xmllint' to check XML markup files
[2.225s] -- Configuring done
[2.236s] -- Generating done
[2.242s] -- Build files have been written to: /home/matthew/ros2_ws/build/my_robot_description
[2.264s] Invoked command in '/home/matthew/ros2_ws/build/my_robot_description' returned '0': CMAKE_PREFIX_PATH=/opt/ros/iron /usr/bin/cmake /home/matthew/ros2_ws/src/my_robot_description -DAMENT_CMAKE_SYMLINK_INSTALL=1 -DCMAKE_INSTALL_PREFIX=/home/matthew/ros2_ws/install/my_robot_description
[2.265s] Invoking command in '/home/matthew/ros2_ws/build/my_robot_description': CMAKE_PREFIX_PATH=/opt/ros/iron /usr/bin/cmake --build /home/matthew/ros2_ws/build/my_robot_description -- -j6 -l6
[2.342s] Invoked command in '/home/matthew/ros2_ws/build/my_robot_description' returned '0': CMAKE_PREFIX_PATH=/opt/ros/iron /usr/bin/cmake --build /home/matthew/ros2_ws/build/my_robot_description -- -j6 -l6
[2.344s] Invoking command in '/home/matthew/ros2_ws/build/my_robot_description': CMAKE_PREFIX_PATH=/opt/ros/iron /usr/bin/cmake --install /home/matthew/ros2_ws/build/my_robot_description
[2.357s] -- Install configuration: ""
[2.358s] -- Execute custom install script
[2.359s] -- Up-to-date symlink: /home/matthew/ros2_ws/install/my_robot_description/share/ament_index/resource_index/package_run_dependencies/my_robot_description
[2.359s] -- Up-to-date symlink: /home/matthew/ros2_ws/install/my_robot_description/share/ament_index/resource_index/parent_prefix_path/my_robot_description
[2.360s] -- Up-to-date symlink: /home/matthew/ros2_ws/install/my_robot_description/share/my_robot_description/environment/ament_prefix_path.sh
[2.360s] -- Up-to-date symlink: /home/matthew/ros2_ws/install/my_robot_description/share/my_robot_description/environment/ament_prefix_path.dsv
[2.361s] -- Up-to-date symlink: /home/matthew/ros2_ws/install/my_robot_description/share/my_robot_description/environment/path.sh
[2.361s] -- Up-to-date symlink: /home/matthew/ros2_ws/install/my_robot_description/share/my_robot_description/environment/path.dsv
[2.363s] -- Up-to-date symlink: /home/matthew/ros2_ws/install/my_robot_description/share/my_robot_description/local_setup.bash
[2.366s] -- Up-to-date symlink: /home/matthew/ros2_ws/install/my_robot_description/share/my_robot_description/local_setup.sh
[2.366s] -- Up-to-date symlink: /home/matthew/ros2_ws/install/my_robot_description/share/my_robot_description/local_setup.zsh
[2.367s] -- Up-to-date symlink: /home/matthew/ros2_ws/install/my_robot_description/share/my_robot_description/local_setup.dsv
[2.367s] -- Symlinking: /home/matthew/ros2_ws/install/my_robot_description/share/my_robot_description/package.dsv
[2.398s] -- Up-to-date symlink: /home/matthew/ros2_ws/install/my_robot_description/share/ament_index/resource_index/packages/my_robot_description
[2.399s] -- Up-to-date symlink: /home/matthew/ros2_ws/install/my_robot_description/share/my_robot_description/cmake/my_robot_descriptionConfig.cmake
[2.400s] -- Up-to-date symlink: /home/matthew/ros2_ws/install/my_robot_description/share/my_robot_description/cmake/my_robot_descriptionConfig-version.cmake
[2.400s] -- Up-to-date symlink: /home/matthew/ros2_ws/install/my_robot_description/share/my_robot_description/package.xml
[2.407s] Invoked command in '/home/matthew/ros2_ws/build/my_robot_description' returned '0': CMAKE_PREFIX_PATH=/opt/ros/iron /usr/bin/cmake --install /home/matthew/ros2_ws/build/my_robot_description
