[0.026s] Invoking command in '/home/matthew/nav2_ws/build/nav2_common': CMAKE_PREFIX_PATH=${CMAKE_PREFIX_PATH}:/opt/ros/iron /usr/bin/cmake --build /home/matthew/nav2_ws/build/nav2_common -- -j6 -l6
[0.130s] Built target ament_cmake_python_symlink_nav2_common
[0.665s] running egg_info
[0.667s] writing nav2_common.egg-info/PKG-INFO
[0.667s] writing dependency_links to nav2_common.egg-info/dependency_links.txt
[0.668s] writing top-level names to nav2_common.egg-info/top_level.txt
[0.672s] reading manifest file 'nav2_common.egg-info/SOURCES.txt'
[0.673s] writing manifest file 'nav2_common.egg-info/SOURCES.txt'
[0.747s] Built target ament_cmake_python_build_nav2_common_egg
[0.778s] Invoked command in '/home/matthew/nav2_ws/build/nav2_common' returned '0': CMAKE_PREFIX_PATH=${CMAKE_PREFIX_PATH}:/opt/ros/iron /usr/bin/cmake --build /home/matthew/nav2_ws/build/nav2_common -- -j6 -l6
[0.801s] Invoking command in '/home/matthew/nav2_ws/build/nav2_common': CMAKE_PREFIX_PATH=${CMAKE_PREFIX_PATH}:/opt/ros/iron /usr/bin/cmake --install /home/matthew/nav2_ws/build/nav2_common
[0.823s] -- Install configuration: ""
[0.823s] -- Execute custom install script
[0.824s] -- Up-to-date symlink: /home/matthew/nav2_ws/install/nav2_common/share/nav2_common/environment/pythonpath.sh
[0.824s] -- Up-to-date symlink: /home/matthew/nav2_ws/install/nav2_common/share/nav2_common/environment/pythonpath.dsv
[0.825s] -- Up-to-date symlink: /home/matthew/nav2_ws/install/nav2_common/lib/python3.10/site-packages/nav2_common-1.2.10-py3.10.egg-info/PKG-INFO
[0.825s] -- Up-to-date symlink: /home/matthew/nav2_ws/install/nav2_common/lib/python3.10/site-packages/nav2_common-1.2.10-py3.10.egg-info/SOURCES.txt
[0.826s] -- Up-to-date symlink: /home/matthew/nav2_ws/install/nav2_common/lib/python3.10/site-packages/nav2_common-1.2.10-py3.10.egg-info/dependency_links.txt
[0.826s] -- Up-to-date symlink: /home/matthew/nav2_ws/install/nav2_common/lib/python3.10/site-packages/nav2_common-1.2.10-py3.10.egg-info/top_level.txt
[0.827s] -- Up-to-date symlink: /home/matthew/nav2_ws/install/nav2_common/lib/python3.10/site-packages/nav2_common/__init__.py
[0.828s] -- Up-to-date symlink: /home/matthew/nav2_ws/install/nav2_common/lib/python3.10/site-packages/nav2_common/launch/__init__.py
[0.828s] -- Up-to-date symlink: /home/matthew/nav2_ws/install/nav2_common/lib/python3.10/site-packages/nav2_common/launch/has_node_params.py
[0.828s] -- Up-to-date symlink: /home/matthew/nav2_ws/install/nav2_common/lib/python3.10/site-packages/nav2_common/launch/parse_multirobot_pose.py
[0.828s] -- Up-to-date symlink: /home/matthew/nav2_ws/install/nav2_common/lib/python3.10/site-packages/nav2_common/launch/replace_string.py
[0.828s] -- Up-to-date symlink: /home/matthew/nav2_ws/install/nav2_common/lib/python3.10/site-packages/nav2_common/launch/rewritten_yaml.py
[0.828s] -- Up-to-date symlink: /home/matthew/nav2_ws/install/nav2_common/share/ament_index/resource_index/package_run_dependencies/nav2_common
[0.829s] -- Up-to-date symlink: /home/matthew/nav2_ws/install/nav2_common/share/ament_index/resource_index/parent_prefix_path/nav2_common
[0.829s] -- Up-to-date symlink: /home/matthew/nav2_ws/install/nav2_common/share/nav2_common/environment/ament_prefix_path.sh
[0.829s] -- Up-to-date symlink: /home/matthew/nav2_ws/install/nav2_common/share/nav2_common/environment/ament_prefix_path.dsv
[0.830s] -- Up-to-date symlink: /home/matthew/nav2_ws/install/nav2_common/share/nav2_common/environment/path.sh
[0.830s] -- Up-to-date symlink: /home/matthew/nav2_ws/install/nav2_common/share/nav2_common/environment/path.dsv
[0.830s] -- Up-to-date symlink: /home/matthew/nav2_ws/install/nav2_common/share/nav2_common/local_setup.bash
[0.830s] -- Up-to-date symlink: /home/matthew/nav2_ws/install/nav2_common/share/nav2_common/local_setup.sh
[0.831s] -- Up-to-date symlink: /home/matthew/nav2_ws/install/nav2_common/share/nav2_common/local_setup.zsh
[0.831s] -- Up-to-date symlink: /home/matthew/nav2_ws/install/nav2_common/share/nav2_common/local_setup.dsv
[0.831s] -- Symlinking: /home/matthew/nav2_ws/install/nav2_common/share/nav2_common/package.dsv
[0.850s] -- Up-to-date symlink: /home/matthew/nav2_ws/install/nav2_common/share/ament_index/resource_index/packages/nav2_common
[0.851s] -- Up-to-date symlink: /home/matthew/nav2_ws/install/nav2_common/share/nav2_common/cmake/nav2_common-extras.cmake
[0.851s] -- Up-to-date symlink: /home/matthew/nav2_ws/install/nav2_common/share/nav2_common/cmake/nav2_commonConfig.cmake
[0.851s] -- Up-to-date symlink: /home/matthew/nav2_ws/install/nav2_common/share/nav2_common/cmake/nav2_commonConfig-version.cmake
[0.852s] -- Up-to-date symlink: /home/matthew/nav2_ws/install/nav2_common/share/nav2_common/package.xml
[0.852s] -- Up-to-date symlink: /home/matthew/nav2_ws/install/nav2_common/share/nav2_common/cmake/nav2_package.cmake
[0.919s] Listing '/home/matthew/nav2_ws/install/nav2_common/lib/python3.10/site-packages/nav2_common'...
[0.920s] Listing '/home/matthew/nav2_ws/install/nav2_common/lib/python3.10/site-packages/nav2_common/launch'...
[0.935s] Invoked command in '/home/matthew/nav2_ws/build/nav2_common' returned '0': CMAKE_PREFIX_PATH=${CMAKE_PREFIX_PATH}:/opt/ros/iron /usr/bin/cmake --install /home/matthew/nav2_ws/build/nav2_common
