-- The C compiler identification is GNU 11.4.0
-- The CXX compiler identification is GNU 11.4.0
-- Detecting C compiler ABI info
-- Detecting C compiler ABI info - done
-- Check for working C compiler: /usr/bin/cc - skipped
-- Detecting C compile features
-- Detecting C compile features - done
-- Detecting CXX compiler ABI info
-- Detecting CXX compiler ABI info - done
-- Check for working CXX compiler: /usr/bin/c++ - skipped
-- Detecting CXX compile features
-- Detecting CXX compile features - done
-- Found ament_cmake: 2.0.7 (/opt/ros/iron/share/ament_cmake/cmake)
-- Found Python3: /usr/bin/python3.10 (found version "3.10.12") found components: Interpreter 
-- Found ament_lint_auto: 0.14.4 (/opt/ros/iron/share/ament_lint_auto/cmake)
-- Found rosidl_default_generators: 1.5.0 (/opt/ros/iron/share/rosidl_default_generators/cmake)
-- Using all available rosidl_typesupport_c: rosidl_typesupport_fastrtps_c;rosidl_typesupport_introspection_c
-- Using all available rosidl_typesupport_cpp: rosidl_typesupport_fastrtps_cpp;rosidl_typesupport_introspection_cpp
-- Found rosidl_adapter: 4.0.1 (/opt/ros/iron/share/rosidl_adapter/cmake)
-- Found ament_cmake_ros: 0.11.2 (/opt/ros/iron/share/ament_cmake_ros/cmake)
-- Using all available rosidl_typesupport_c: rosidl_typesupport_fastrtps_c;rosidl_typesupport_introspection_c
-- Using all available rosidl_typesupport_cpp: rosidl_typesupport_fastrtps_cpp;rosidl_typesupport_introspection_cpp
-- Found PythonInterp: /usr/bin/python3 (found suitable version "3.10.12", minimum required is "3.6") 
-- Found python_cmake_module: 0.10.2 (/opt/ros/iron/share/python_cmake_module/cmake)
-- Found PythonLibs: /usr/lib/aarch64-linux-gnu/libpython3.10.so (found suitable version "3.10.12", minimum required is "3.5") 
-- Using PYTHON_EXECUTABLE: /usr/bin/python3
-- Using PYTHON_INCLUDE_DIRS: /usr/include/python3.10
-- Using PYTHON_LIBRARIES: /usr/lib/aarch64-linux-gnu/libpython3.10.so
-- Found PythonExtra: .so  
-- Added test 'lint_cmake' to check CMake code style
-- Added test 'xmllint' to check XML markup files
-- Configuring done
-- Generating done
-- Build files have been written to: /home/matthew/build/status_display_msgs
[  2%] [34m[1mGenerating type hashes for ROS interfaces[0m
[  2%] Built target ament_cmake_python_copy_status_display_msgs
[  2%] Built target status_display_msgs__rosidl_generator_type_description
[  5%] [34m[1mGenerating C++ code for ROS interfaces[0m
[  8%] [34m[1mGenerating C code for ROS interfaces[0m
running egg_info
creating status_display_msgs.egg-info
writing status_display_msgs.egg-info/PKG-INFO
writing dependency_links to status_display_msgs.egg-info/dependency_links.txt
writing top-level names to status_display_msgs.egg-info/top_level.txt
writing manifest file 'status_display_msgs.egg-info/SOURCES.txt'
reading manifest file 'status_display_msgs.egg-info/SOURCES.txt'
writing manifest file 'status_display_msgs.egg-info/SOURCES.txt'
[  8%] Built target ament_cmake_python_build_status_display_msgs_egg
[  8%] Built target status_display_msgs__cpp
[ 11%] [32mBuilding C object CMakeFiles/status_display_msgs__rosidl_generator_c.dir/rosidl_generator_c/status_display_msgs/msg/detail/status_display__functions.c.o[0m
[ 17%] [32mBuilding C object CMakeFiles/status_display_msgs__rosidl_generator_c.dir/rosidl_generator_c/status_display_msgs/msg/detail/status_display__description.c.o[0m
[ 17%] [32mBuilding C object CMakeFiles/status_display_msgs__rosidl_generator_c.dir/rosidl_generator_c/status_display_msgs/msg/detail/status_display__type_support.c.o[0m
[ 20%] [32m[1mLinking C shared library libstatus_display_msgs__rosidl_generator_c.so[0m
[ 20%] Built target status_display_msgs__rosidl_generator_c
[ 29%] [34m[1mGenerating C type support for eProsima Fast-RTPS[0m
[ 29%] [34m[1mGenerating C type support dispatch for ROS interfaces[0m
[ 32%] [34m[1mGenerating C introspection for ROS interfaces[0m
[ 32%] [34m[1mGenerating C++ type support for eProsima Fast-RTPS[0m
[ 35%] [34m[1mGenerating C++ introspection for ROS interfaces[0m
[ 38%] [34m[1mGenerating C++ type support dispatch for ROS interfaces[0m
[ 41%] [32mBuilding CXX object CMakeFiles/status_display_msgs__rosidl_typesupport_c.dir/rosidl_typesupport_c/status_display_msgs/msg/status_display__type_support.cpp.o[0m
[ 44%] [32mBuilding CXX object CMakeFiles/status_display_msgs__rosidl_typesupport_cpp.dir/rosidl_typesupport_cpp/status_display_msgs/msg/status_display__type_support.cpp.o[0m
[ 47%] [32mBuilding C object CMakeFiles/status_display_msgs__rosidl_typesupport_introspection_c.dir/rosidl_typesupport_introspection_c/status_display_msgs/msg/detail/status_display__type_support.c.o[0m
[ 50%] [32mBuilding CXX object CMakeFiles/status_display_msgs__rosidl_typesupport_fastrtps_cpp.dir/rosidl_typesupport_fastrtps_cpp/status_display_msgs/msg/detail/dds_fastrtps/status_display__type_support.cpp.o[0m
[ 52%] [32mBuilding CXX object CMakeFiles/status_display_msgs__rosidl_typesupport_fastrtps_c.dir/rosidl_typesupport_fastrtps_c/status_display_msgs/msg/detail/status_display__type_support_c.cpp.o[0m
[ 55%] [32mBuilding CXX object CMakeFiles/status_display_msgs__rosidl_typesupport_introspection_cpp.dir/rosidl_typesupport_introspection_cpp/status_display_msgs/msg/detail/status_display__type_support.cpp.o[0m
[ 58%] [32m[1mLinking C shared library libstatus_display_msgs__rosidl_typesupport_introspection_c.so[0m
[ 61%] [32m[1mLinking CXX shared library libstatus_display_msgs__rosidl_typesupport_c.so[0m
[ 61%] Built target status_display_msgs__rosidl_typesupport_introspection_c
[ 61%] Built target status_display_msgs__rosidl_typesupport_c
[ 64%] [32m[1mLinking CXX shared library libstatus_display_msgs__rosidl_typesupport_fastrtps_c.so[0m
[ 67%] [32m[1mLinking CXX shared library libstatus_display_msgs__rosidl_typesupport_cpp.so[0m
[ 70%] [32m[1mLinking CXX shared library libstatus_display_msgs__rosidl_typesupport_introspection_cpp.so[0m
[ 70%] Built target status_display_msgs__rosidl_typesupport_cpp
[ 70%] Built target status_display_msgs__rosidl_typesupport_introspection_cpp
[ 70%] Built target status_display_msgs__rosidl_typesupport_fastrtps_c
[ 73%] [32m[1mLinking CXX shared library libstatus_display_msgs__rosidl_typesupport_fastrtps_cpp.so[0m
[ 73%] Built target status_display_msgs__rosidl_typesupport_fastrtps_cpp
[ 73%] Built target status_display_msgs
[ 76%] [34m[1mGenerating Python code for ROS interfaces[0m
[ 76%] Built target status_display_msgs__py
[ 79%] [32mBuilding C object CMakeFiles/status_display_msgs__rosidl_generator_py.dir/rosidl_generator_py/status_display_msgs/msg/_status_display_s.c.o[0m
[ 82%] [32m[1mLinking C shared library rosidl_generator_py/status_display_msgs/libstatus_display_msgs__rosidl_generator_py.so[0m
[ 82%] Built target status_display_msgs__rosidl_generator_py
[ 91%] [32mBuilding C object CMakeFiles/status_display_msgs__rosidl_typesupport_fastrtps_c__pyext.dir/rosidl_generator_py/status_display_msgs/_status_display_msgs_s.ep.rosidl_typesupport_fastrtps_c.c.o[0m
[ 91%] [32mBuilding C object CMakeFiles/status_display_msgs__rosidl_typesupport_c__pyext.dir/rosidl_generator_py/status_display_msgs/_status_display_msgs_s.ep.rosidl_typesupport_c.c.o[0m
[ 91%] [32mBuilding C object CMakeFiles/status_display_msgs__rosidl_typesupport_introspection_c__pyext.dir/rosidl_generator_py/status_display_msgs/_status_display_msgs_s.ep.rosidl_typesupport_introspection_c.c.o[0m
[ 97%] [32m[1mLinking C shared library rosidl_generator_py/status_display_msgs/status_display_msgs_s__rosidl_typesupport_c.cpython-310-aarch64-linux-gnu.so[0m
[ 97%] [32m[1mLinking C shared library rosidl_generator_py/status_display_msgs/status_display_msgs_s__rosidl_typesupport_introspection_c.cpython-310-aarch64-linux-gnu.so[0m
[100%] [32m[1mLinking C shared library rosidl_generator_py/status_display_msgs/status_display_msgs_s__rosidl_typesupport_fastrtps_c.cpython-310-aarch64-linux-gnu.so[0m
[100%] Built target status_display_msgs__rosidl_typesupport_introspection_c__pyext
[100%] Built target status_display_msgs__rosidl_typesupport_c__pyext
[100%] Built target status_display_msgs__rosidl_typesupport_fastrtps_c__pyext
-- Install configuration: ""
-- Installing: /home/matthew/install/status_display_msgs/share/ament_index/resource_index/rosidl_interfaces/status_display_msgs
-- Installing: /home/matthew/install/status_display_msgs/share/status_display_msgs/msg/StatusDisplay.json
-- Installing: /home/matthew/install/status_display_msgs/include/status_display_msgs/status_display_msgs
-- Installing: /home/matthew/install/status_display_msgs/include/status_display_msgs/status_display_msgs/msg
-- Installing: /home/matthew/install/status_display_msgs/include/status_display_msgs/status_display_msgs/msg/detail
-- Installing: /home/matthew/install/status_display_msgs/include/status_display_msgs/status_display_msgs/msg/detail/status_display__functions.h
-- Installing: /home/matthew/install/status_display_msgs/include/status_display_msgs/status_display_msgs/msg/detail/status_display__struct.h
-- Installing: /home/matthew/install/status_display_msgs/include/status_display_msgs/status_display_msgs/msg/detail/status_display__functions.c
-- Installing: /home/matthew/install/status_display_msgs/include/status_display_msgs/status_display_msgs/msg/detail/status_display__type_support.h
-- Installing: /home/matthew/install/status_display_msgs/include/status_display_msgs/status_display_msgs/msg/detail/status_display__description.c
-- Installing: /home/matthew/install/status_display_msgs/include/status_display_msgs/status_display_msgs/msg/detail/status_display__type_support.c
-- Installing: /home/matthew/install/status_display_msgs/include/status_display_msgs/status_display_msgs/msg/status_display.h
-- Installing: /home/matthew/install/status_display_msgs/include/status_display_msgs/status_display_msgs/msg/rosidl_generator_c__visibility_control.h
-- Installing: /home/matthew/install/status_display_msgs/share/status_display_msgs/environment/library_path.sh
-- Installing: /home/matthew/install/status_display_msgs/share/status_display_msgs/environment/library_path.dsv
-- Installing: /home/matthew/install/status_display_msgs/lib/libstatus_display_msgs__rosidl_generator_c.so
-- Set runtime path of "/home/matthew/install/status_display_msgs/lib/libstatus_display_msgs__rosidl_generator_c.so" to ""
-- Up-to-date: /home/matthew/install/status_display_msgs/include/status_display_msgs/status_display_msgs
-- Up-to-date: /home/matthew/install/status_display_msgs/include/status_display_msgs/status_display_msgs/msg
-- Up-to-date: /home/matthew/install/status_display_msgs/include/status_display_msgs/status_display_msgs/msg/detail
-- Installing: /home/matthew/install/status_display_msgs/include/status_display_msgs/status_display_msgs/msg/detail/status_display__rosidl_typesupport_fastrtps_c.h
-- Installing: /home/matthew/install/status_display_msgs/include/status_display_msgs/status_display_msgs/msg/rosidl_typesupport_fastrtps_c__visibility_control.h
-- Installing: /home/matthew/install/status_display_msgs/lib/libstatus_display_msgs__rosidl_typesupport_fastrtps_c.so
-- Set runtime path of "/home/matthew/install/status_display_msgs/lib/libstatus_display_msgs__rosidl_typesupport_fastrtps_c.so" to ""
-- Up-to-date: /home/matthew/install/status_display_msgs/include/status_display_msgs/status_display_msgs
-- Up-to-date: /home/matthew/install/status_display_msgs/include/status_display_msgs/status_display_msgs/msg
-- Up-to-date: /home/matthew/install/status_display_msgs/include/status_display_msgs/status_display_msgs/msg/detail
-- Installing: /home/matthew/install/status_display_msgs/include/status_display_msgs/status_display_msgs/msg/detail/status_display__rosidl_typesupport_introspection_c.h
-- Installing: /home/matthew/install/status_display_msgs/include/status_display_msgs/status_display_msgs/msg/detail/status_display__type_support.c
-- Installing: /home/matthew/install/status_display_msgs/include/status_display_msgs/status_display_msgs/msg/rosidl_typesupport_introspection_c__visibility_control.h
-- Installing: /home/matthew/install/status_display_msgs/lib/libstatus_display_msgs__rosidl_typesupport_introspection_c.so
-- Set runtime path of "/home/matthew/install/status_display_msgs/lib/libstatus_display_msgs__rosidl_typesupport_introspection_c.so" to ""
-- Installing: /home/matthew/install/status_display_msgs/lib/libstatus_display_msgs__rosidl_typesupport_c.so
-- Set runtime path of "/home/matthew/install/status_display_msgs/lib/libstatus_display_msgs__rosidl_typesupport_c.so" to ""
-- Up-to-date: /home/matthew/install/status_display_msgs/include/status_display_msgs/status_display_msgs
-- Up-to-date: /home/matthew/install/status_display_msgs/include/status_display_msgs/status_display_msgs/msg
-- Up-to-date: /home/matthew/install/status_display_msgs/include/status_display_msgs/status_display_msgs/msg/detail
-- Installing: /home/matthew/install/status_display_msgs/include/status_display_msgs/status_display_msgs/msg/detail/status_display__builder.hpp
-- Installing: /home/matthew/install/status_display_msgs/include/status_display_msgs/status_display_msgs/msg/detail/status_display__struct.hpp
-- Installing: /home/matthew/install/status_display_msgs/include/status_display_msgs/status_display_msgs/msg/detail/status_display__traits.hpp
-- Installing: /home/matthew/install/status_display_msgs/include/status_display_msgs/status_display_msgs/msg/status_display.hpp
-- Up-to-date: /home/matthew/install/status_display_msgs/include/status_display_msgs/status_display_msgs
-- Up-to-date: /home/matthew/install/status_display_msgs/include/status_display_msgs/status_display_msgs/msg
-- Up-to-date: /home/matthew/install/status_display_msgs/include/status_display_msgs/status_display_msgs/msg/detail
-- Installing: /home/matthew/install/status_display_msgs/include/status_display_msgs/status_display_msgs/msg/detail/status_display__rosidl_typesupport_fastrtps_cpp.hpp
-- Installing: /home/matthew/install/status_display_msgs/include/status_display_msgs/status_display_msgs/msg/detail/dds_fastrtps
-- Installing: /home/matthew/install/status_display_msgs/include/status_display_msgs/status_display_msgs/msg/rosidl_typesupport_fastrtps_cpp__visibility_control.h
-- Installing: /home/matthew/install/status_display_msgs/lib/libstatus_display_msgs__rosidl_typesupport_fastrtps_cpp.so
-- Set runtime path of "/home/matthew/install/status_display_msgs/lib/libstatus_display_msgs__rosidl_typesupport_fastrtps_cpp.so" to ""
-- Up-to-date: /home/matthew/install/status_display_msgs/include/status_display_msgs/status_display_msgs
-- Up-to-date: /home/matthew/install/status_display_msgs/include/status_display_msgs/status_display_msgs/msg
-- Up-to-date: /home/matthew/install/status_display_msgs/include/status_display_msgs/status_display_msgs/msg/detail
-- Installing: /home/matthew/install/status_display_msgs/include/status_display_msgs/status_display_msgs/msg/detail/status_display__rosidl_typesupport_introspection_cpp.hpp
-- Installing: /home/matthew/install/status_display_msgs/include/status_display_msgs/status_display_msgs/msg/detail/status_display__type_support.cpp
-- Installing: /home/matthew/install/status_display_msgs/lib/libstatus_display_msgs__rosidl_typesupport_introspection_cpp.so
-- Set runtime path of "/home/matthew/install/status_display_msgs/lib/libstatus_display_msgs__rosidl_typesupport_introspection_cpp.so" to ""
-- Installing: /home/matthew/install/status_display_msgs/lib/libstatus_display_msgs__rosidl_typesupport_cpp.so
-- Set runtime path of "/home/matthew/install/status_display_msgs/lib/libstatus_display_msgs__rosidl_typesupport_cpp.so" to ""
-- Installing: /home/matthew/install/status_display_msgs/share/status_display_msgs/environment/pythonpath.sh
-- Installing: /home/matthew/install/status_display_msgs/share/status_display_msgs/environment/pythonpath.dsv
-- Installing: /home/matthew/install/status_display_msgs/lib/python3.10/site-packages/status_display_msgs-0.0.0-py3.10.egg-info
-- Installing: /home/matthew/install/status_display_msgs/lib/python3.10/site-packages/status_display_msgs-0.0.0-py3.10.egg-info/SOURCES.txt
-- Installing: /home/matthew/install/status_display_msgs/lib/python3.10/site-packages/status_display_msgs-0.0.0-py3.10.egg-info/dependency_links.txt
-- Installing: /home/matthew/install/status_display_msgs/lib/python3.10/site-packages/status_display_msgs-0.0.0-py3.10.egg-info/PKG-INFO
-- Installing: /home/matthew/install/status_display_msgs/lib/python3.10/site-packages/status_display_msgs-0.0.0-py3.10.egg-info/top_level.txt
-- Installing: /home/matthew/install/status_display_msgs/lib/python3.10/site-packages/status_display_msgs
-- Installing: /home/matthew/install/status_display_msgs/lib/python3.10/site-packages/status_display_msgs/_status_display_msgs_s.ep.rosidl_typesupport_fastrtps_c.c
-- Installing: /home/matthew/install/status_display_msgs/lib/python3.10/site-packages/status_display_msgs/_status_display_msgs_s.ep.rosidl_typesupport_c.c
-- Installing: /home/matthew/install/status_display_msgs/lib/python3.10/site-packages/status_display_msgs/status_display_msgs_s__rosidl_typesupport_introspection_c.cpython-310-aarch64-linux-gnu.so
-- Installing: /home/matthew/install/status_display_msgs/lib/python3.10/site-packages/status_display_msgs/__init__.py
-- Installing: /home/matthew/install/status_display_msgs/lib/python3.10/site-packages/status_display_msgs/_status_display_msgs_s.ep.rosidl_typesupport_introspection_c.c
-- Installing: /home/matthew/install/status_display_msgs/lib/python3.10/site-packages/status_display_msgs/msg
-- Installing: /home/matthew/install/status_display_msgs/lib/python3.10/site-packages/status_display_msgs/msg/_status_display_s.c
-- Installing: /home/matthew/install/status_display_msgs/lib/python3.10/site-packages/status_display_msgs/msg/__init__.py
-- Installing: /home/matthew/install/status_display_msgs/lib/python3.10/site-packages/status_display_msgs/msg/_status_display.py
-- Installing: /home/matthew/install/status_display_msgs/lib/python3.10/site-packages/status_display_msgs/status_display_msgs_s__rosidl_typesupport_c.cpython-310-aarch64-linux-gnu.so
-- Installing: /home/matthew/install/status_display_msgs/lib/python3.10/site-packages/status_display_msgs/libstatus_display_msgs__rosidl_generator_py.so
-- Installing: /home/matthew/install/status_display_msgs/lib/python3.10/site-packages/status_display_msgs/status_display_msgs_s__rosidl_typesupport_fastrtps_c.cpython-310-aarch64-linux-gnu.so
Listing '/home/matthew/install/status_display_msgs/lib/python3.10/site-packages/status_display_msgs'...
Compiling '/home/matthew/install/status_display_msgs/lib/python3.10/site-packages/status_display_msgs/__init__.py'...
Listing '/home/matthew/install/status_display_msgs/lib/python3.10/site-packages/status_display_msgs/msg'...
Compiling '/home/matthew/install/status_display_msgs/lib/python3.10/site-packages/status_display_msgs/msg/__init__.py'...
Compiling '/home/matthew/install/status_display_msgs/lib/python3.10/site-packages/status_display_msgs/msg/_status_display.py'...
-- Installing: /home/matthew/install/status_display_msgs/lib/python3.10/site-packages/status_display_msgs/status_display_msgs_s__rosidl_typesupport_fastrtps_c.cpython-310-aarch64-linux-gnu.so
-- Set runtime path of "/home/matthew/install/status_display_msgs/lib/python3.10/site-packages/status_display_msgs/status_display_msgs_s__rosidl_typesupport_fastrtps_c.cpython-310-aarch64-linux-gnu.so" to ""
-- Installing: /home/matthew/install/status_display_msgs/lib/python3.10/site-packages/status_display_msgs/status_display_msgs_s__rosidl_typesupport_introspection_c.cpython-310-aarch64-linux-gnu.so
-- Set runtime path of "/home/matthew/install/status_display_msgs/lib/python3.10/site-packages/status_display_msgs/status_display_msgs_s__rosidl_typesupport_introspection_c.cpython-310-aarch64-linux-gnu.so" to ""
-- Installing: /home/matthew/install/status_display_msgs/lib/python3.10/site-packages/status_display_msgs/status_display_msgs_s__rosidl_typesupport_c.cpython-310-aarch64-linux-gnu.so
-- Set runtime path of "/home/matthew/install/status_display_msgs/lib/python3.10/site-packages/status_display_msgs/status_display_msgs_s__rosidl_typesupport_c.cpython-310-aarch64-linux-gnu.so" to ""
-- Installing: /home/matthew/install/status_display_msgs/lib/libstatus_display_msgs__rosidl_generator_py.so
-- Set runtime path of "/home/matthew/install/status_display_msgs/lib/libstatus_display_msgs__rosidl_generator_py.so" to ""
-- Installing: /home/matthew/install/status_display_msgs/share/status_display_msgs/msg/StatusDisplay.idl
-- Installing: /home/matthew/install/status_display_msgs/share/status_display_msgs/msg/StatusDisplay.msg
-- Installing: /home/matthew/install/status_display_msgs/share/ament_index/resource_index/package_run_dependencies/status_display_msgs
-- Installing: /home/matthew/install/status_display_msgs/share/ament_index/resource_index/parent_prefix_path/status_display_msgs
-- Installing: /home/matthew/install/status_display_msgs/share/status_display_msgs/environment/ament_prefix_path.sh
-- Installing: /home/matthew/install/status_display_msgs/share/status_display_msgs/environment/ament_prefix_path.dsv
-- Installing: /home/matthew/install/status_display_msgs/share/status_display_msgs/environment/path.sh
-- Installing: /home/matthew/install/status_display_msgs/share/status_display_msgs/environment/path.dsv
-- Installing: /home/matthew/install/status_display_msgs/share/status_display_msgs/local_setup.bash
-- Installing: /home/matthew/install/status_display_msgs/share/status_display_msgs/local_setup.sh
-- Installing: /home/matthew/install/status_display_msgs/share/status_display_msgs/local_setup.zsh
-- Installing: /home/matthew/install/status_display_msgs/share/status_display_msgs/local_setup.dsv
-- Installing: /home/matthew/install/status_display_msgs/share/status_display_msgs/package.dsv
-- Installing: /home/matthew/install/status_display_msgs/share/ament_index/resource_index/packages/status_display_msgs
-- Installing: /home/matthew/install/status_display_msgs/share/status_display_msgs/cmake/export_status_display_msgs__rosidl_generator_cExport.cmake
-- Installing: /home/matthew/install/status_display_msgs/share/status_display_msgs/cmake/export_status_display_msgs__rosidl_generator_cExport-noconfig.cmake
-- Installing: /home/matthew/install/status_display_msgs/share/status_display_msgs/cmake/export_status_display_msgs__rosidl_typesupport_fastrtps_cExport.cmake
-- Installing: /home/matthew/install/status_display_msgs/share/status_display_msgs/cmake/export_status_display_msgs__rosidl_typesupport_fastrtps_cExport-noconfig.cmake
-- Installing: /home/matthew/install/status_display_msgs/share/status_display_msgs/cmake/status_display_msgs__rosidl_typesupport_introspection_cExport.cmake
-- Installing: /home/matthew/install/status_display_msgs/share/status_display_msgs/cmake/status_display_msgs__rosidl_typesupport_introspection_cExport-noconfig.cmake
-- Installing: /home/matthew/install/status_display_msgs/share/status_display_msgs/cmake/status_display_msgs__rosidl_typesupport_cExport.cmake
-- Installing: /home/matthew/install/status_display_msgs/share/status_display_msgs/cmake/status_display_msgs__rosidl_typesupport_cExport-noconfig.cmake
-- Installing: /home/matthew/install/status_display_msgs/share/status_display_msgs/cmake/export_status_display_msgs__rosidl_generator_cppExport.cmake
-- Installing: /home/matthew/install/status_display_msgs/share/status_display_msgs/cmake/export_status_display_msgs__rosidl_typesupport_fastrtps_cppExport.cmake
-- Installing: /home/matthew/install/status_display_msgs/share/status_display_msgs/cmake/export_status_display_msgs__rosidl_typesupport_fastrtps_cppExport-noconfig.cmake
-- Installing: /home/matthew/install/status_display_msgs/share/status_display_msgs/cmake/status_display_msgs__rosidl_typesupport_introspection_cppExport.cmake
-- Installing: /home/matthew/install/status_display_msgs/share/status_display_msgs/cmake/status_display_msgs__rosidl_typesupport_introspection_cppExport-noconfig.cmake
-- Installing: /home/matthew/install/status_display_msgs/share/status_display_msgs/cmake/status_display_msgs__rosidl_typesupport_cppExport.cmake
-- Installing: /home/matthew/install/status_display_msgs/share/status_display_msgs/cmake/status_display_msgs__rosidl_typesupport_cppExport-noconfig.cmake
-- Installing: /home/matthew/install/status_display_msgs/share/status_display_msgs/cmake/export_status_display_msgs__rosidl_generator_pyExport.cmake
-- Installing: /home/matthew/install/status_display_msgs/share/status_display_msgs/cmake/export_status_display_msgs__rosidl_generator_pyExport-noconfig.cmake
-- Installing: /home/matthew/install/status_display_msgs/share/status_display_msgs/cmake/rosidl_cmake-extras.cmake
-- Installing: /home/matthew/install/status_display_msgs/share/status_display_msgs/cmake/ament_cmake_export_include_directories-extras.cmake
-- Installing: /home/matthew/install/status_display_msgs/share/status_display_msgs/cmake/ament_cmake_export_libraries-extras.cmake
-- Installing: /home/matthew/install/status_display_msgs/share/status_display_msgs/cmake/ament_cmake_export_targets-extras.cmake
-- Installing: /home/matthew/install/status_display_msgs/share/status_display_msgs/cmake/rosidl_cmake_export_typesupport_targets-extras.cmake
-- Installing: /home/matthew/install/status_display_msgs/share/status_display_msgs/cmake/ament_cmake_export_dependencies-extras.cmake
-- Installing: /home/matthew/install/status_display_msgs/share/status_display_msgs/cmake/rosidl_cmake_export_typesupport_libraries-extras.cmake
-- Installing: /home/matthew/install/status_display_msgs/share/status_display_msgs/cmake/status_display_msgsConfig.cmake
-- Installing: /home/matthew/install/status_display_msgs/share/status_display_msgs/cmake/status_display_msgsConfig-version.cmake
-- Installing: /home/matthew/install/status_display_msgs/share/status_display_msgs/package.xml
