[0.050s] Invoking command in '/home/matthew/build/status_display_msgs': CMAKE_PREFIX_PATH=/opt/ros/iron /usr/bin/cmake /home/matthew/ros2_ws/src/status_display_msgs -DCMAKE_INSTALL_PREFIX=/home/matthew/install/status_display_msgs
[0.669s] -- The C compiler identification is GNU 11.4.0
[1.096s] -- The CXX compiler identification is GNU 11.4.0
[1.138s] -- Detecting C compiler ABI info
[1.292s] -- Detecting C compiler ABI info - done
[1.317s] -- Check for working C compiler: /usr/bin/cc - skipped
[1.320s] -- Detecting C compile features
[1.322s] -- Detecting C compile features - done
[1.334s] -- Detecting CXX compiler ABI info
[1.495s] -- Detecting CXX compiler ABI info - done
[1.517s] -- Check for working CXX compiler: /usr/bin/c++ - skipped
[1.519s] -- Detecting CXX compile features
[1.520s] -- Detecting CXX compile features - done
[1.535s] -- Found ament_cmake: 2.0.7 (/opt/ros/iron/share/ament_cmake/cmake)
[1.930s] -- Found Python3: /usr/bin/python3.10 (found version "3.10.12") found components: Interpreter 
[2.191s] -- Found ament_lint_auto: 0.14.4 (/opt/ros/iron/share/ament_lint_auto/cmake)
[2.405s] -- Found rosidl_default_generators: 1.5.0 (/opt/ros/iron/share/rosidl_default_generators/cmake)
[2.420s] -- Using all available rosidl_typesupport_c: rosidl_typesupport_fastrtps_c;rosidl_typesupport_introspection_c
[2.564s] -- Using all available rosidl_typesupport_cpp: rosidl_typesupport_fastrtps_cpp;rosidl_typesupport_introspection_cpp
[2.661s] -- Found rosidl_adapter: 4.0.1 (/opt/ros/iron/share/rosidl_adapter/cmake)
[3.203s] -- Found ament_cmake_ros: 0.11.2 (/opt/ros/iron/share/ament_cmake_ros/cmake)
[3.633s] -- Using all available rosidl_typesupport_c: rosidl_typesupport_fastrtps_c;rosidl_typesupport_introspection_c
[4.250s] -- Using all available rosidl_typesupport_cpp: rosidl_typesupport_fastrtps_cpp;rosidl_typesupport_introspection_cpp
[4.307s] -- Found PythonInterp: /usr/bin/python3 (found suitable version "3.10.12", minimum required is "3.6") 
[4.314s] -- Found python_cmake_module: 0.10.2 (/opt/ros/iron/share/python_cmake_module/cmake)
[4.383s] -- Found PythonLibs: /usr/lib/aarch64-linux-gnu/libpython3.10.so (found suitable version "3.10.12", minimum required is "3.5") 
[4.384s] -- Using PYTHON_EXECUTABLE: /usr/bin/python3
[4.384s] -- Using PYTHON_INCLUDE_DIRS: /usr/include/python3.10
[4.384s] -- Using PYTHON_LIBRARIES: /usr/lib/aarch64-linux-gnu/libpython3.10.so
[4.429s] -- Found PythonExtra: .so  
[4.535s] -- Added test 'lint_cmake' to check CMake code style
[4.540s] -- Added test 'xmllint' to check XML markup files
[4.564s] -- Configuring done
[4.652s] -- Generating done
[4.674s] -- Build files have been written to: /home/matthew/build/status_display_msgs
[4.693s] Invoked command in '/home/matthew/build/status_display_msgs' returned '0': CMAKE_PREFIX_PATH=/opt/ros/iron /usr/bin/cmake /home/matthew/ros2_ws/src/status_display_msgs -DCMAKE_INSTALL_PREFIX=/home/matthew/install/status_display_msgs
[4.697s] Invoking command in '/home/matthew/build/status_display_msgs': CMAKE_PREFIX_PATH=/opt/ros/iron /usr/bin/cmake --build /home/matthew/build/status_display_msgs -- -j6 -l6
[4.795s] [  2%] [34m[1mGenerating type hashes for ROS interfaces[0m
[4.814s] [  2%] Built target ament_cmake_python_copy_status_display_msgs
[5.198s] [  2%] Built target status_display_msgs__rosidl_generator_type_description
[5.237s] [  5%] [34m[1mGenerating C++ code for ROS interfaces[0m
[5.241s] [  8%] [34m[1mGenerating C code for ROS interfaces[0m
[5.347s] running egg_info
[5.348s] creating status_display_msgs.egg-info
[5.349s] writing status_display_msgs.egg-info/PKG-INFO
[5.349s] writing dependency_links to status_display_msgs.egg-info/dependency_links.txt
[5.350s] writing top-level names to status_display_msgs.egg-info/top_level.txt
[5.351s] writing manifest file 'status_display_msgs.egg-info/SOURCES.txt'
[5.358s] reading manifest file 'status_display_msgs.egg-info/SOURCES.txt'
[5.359s] writing manifest file 'status_display_msgs.egg-info/SOURCES.txt'
[5.448s] [  8%] Built target ament_cmake_python_build_status_display_msgs_egg
[5.744s] [  8%] Built target status_display_msgs__cpp
[5.870s] [ 11%] [32mBuilding C object CMakeFiles/status_display_msgs__rosidl_generator_c.dir/rosidl_generator_c/status_display_msgs/msg/detail/status_display__functions.c.o[0m
[5.871s] [ 17%] [32mBuilding C object CMakeFiles/status_display_msgs__rosidl_generator_c.dir/rosidl_generator_c/status_display_msgs/msg/detail/status_display__description.c.o[0m
[5.871s] [ 17%] [32mBuilding C object CMakeFiles/status_display_msgs__rosidl_generator_c.dir/rosidl_generator_c/status_display_msgs/msg/detail/status_display__type_support.c.o[0m
[6.014s] [ 20%] [32m[1mLinking C shared library libstatus_display_msgs__rosidl_generator_c.so[0m
[6.090s] [ 20%] Built target status_display_msgs__rosidl_generator_c
[6.111s] [ 29%] [34m[1mGenerating C type support for eProsima Fast-RTPS[0m
[6.111s] [ 29%] [34m[1mGenerating C type support dispatch for ROS interfaces[0m
[6.111s] [ 32%] [34m[1mGenerating C introspection for ROS interfaces[0m
[6.112s] [ 32%] [34m[1mGenerating C++ type support for eProsima Fast-RTPS[0m
[6.112s] [ 35%] [34m[1mGenerating C++ introspection for ROS interfaces[0m
[6.114s] [ 38%] [34m[1mGenerating C++ type support dispatch for ROS interfaces[0m
[6.606s] [ 41%] [32mBuilding CXX object CMakeFiles/status_display_msgs__rosidl_typesupport_c.dir/rosidl_typesupport_c/status_display_msgs/msg/status_display__type_support.cpp.o[0m
[6.615s] [ 44%] [32mBuilding CXX object CMakeFiles/status_display_msgs__rosidl_typesupport_cpp.dir/rosidl_typesupport_cpp/status_display_msgs/msg/status_display__type_support.cpp.o[0m
[6.628s] [ 47%] [32mBuilding C object CMakeFiles/status_display_msgs__rosidl_typesupport_introspection_c.dir/rosidl_typesupport_introspection_c/status_display_msgs/msg/detail/status_display__type_support.c.o[0m
[6.664s] [ 50%] [32mBuilding CXX object CMakeFiles/status_display_msgs__rosidl_typesupport_fastrtps_cpp.dir/rosidl_typesupport_fastrtps_cpp/status_display_msgs/msg/detail/dds_fastrtps/status_display__type_support.cpp.o[0m
[6.674s] [ 52%] [32mBuilding CXX object CMakeFiles/status_display_msgs__rosidl_typesupport_fastrtps_c.dir/rosidl_typesupport_fastrtps_c/status_display_msgs/msg/detail/status_display__type_support_c.cpp.o[0m
[6.696s] [ 55%] [32mBuilding CXX object CMakeFiles/status_display_msgs__rosidl_typesupport_introspection_cpp.dir/rosidl_typesupport_introspection_cpp/status_display_msgs/msg/detail/status_display__type_support.cpp.o[0m
[6.709s] [ 58%] [32m[1mLinking C shared library libstatus_display_msgs__rosidl_typesupport_introspection_c.so[0m
[6.724s] [ 61%] [32m[1mLinking CXX shared library libstatus_display_msgs__rosidl_typesupport_c.so[0m
[6.771s] [ 61%] Built target status_display_msgs__rosidl_typesupport_introspection_c
[6.807s] [ 61%] Built target status_display_msgs__rosidl_typesupport_c
[7.480s] [ 64%] [32m[1mLinking CXX shared library libstatus_display_msgs__rosidl_typesupport_fastrtps_c.so[0m
[7.537s] [ 67%] [32m[1mLinking CXX shared library libstatus_display_msgs__rosidl_typesupport_cpp.so[0m
[7.557s] [ 70%] [32m[1mLinking CXX shared library libstatus_display_msgs__rosidl_typesupport_introspection_cpp.so[0m
[7.613s] [ 70%] Built target status_display_msgs__rosidl_typesupport_cpp
[7.633s] [ 70%] Built target status_display_msgs__rosidl_typesupport_introspection_cpp
[7.639s] [ 70%] Built target status_display_msgs__rosidl_typesupport_fastrtps_c
[7.844s] [ 73%] [32m[1mLinking CXX shared library libstatus_display_msgs__rosidl_typesupport_fastrtps_cpp.so[0m
[7.998s] [ 73%] Built target status_display_msgs__rosidl_typesupport_fastrtps_cpp
[8.044s] [ 73%] Built target status_display_msgs
[8.092s] [ 76%] [34m[1mGenerating Python code for ROS interfaces[0m
[8.700s] [ 76%] Built target status_display_msgs__py
[8.746s] [ 79%] [32mBuilding C object CMakeFiles/status_display_msgs__rosidl_generator_py.dir/rosidl_generator_py/status_display_msgs/msg/_status_display_s.c.o[0m
[9.044s] [ 82%] [32m[1mLinking C shared library rosidl_generator_py/status_display_msgs/libstatus_display_msgs__rosidl_generator_py.so[0m
[9.129s] [ 82%] Built target status_display_msgs__rosidl_generator_py
[9.172s] [ 91%] [32mBuilding C object CMakeFiles/status_display_msgs__rosidl_typesupport_fastrtps_c__pyext.dir/rosidl_generator_py/status_display_msgs/_status_display_msgs_s.ep.rosidl_typesupport_fastrtps_c.c.o[0m
[9.172s] [ 91%] [32mBuilding C object CMakeFiles/status_display_msgs__rosidl_typesupport_c__pyext.dir/rosidl_generator_py/status_display_msgs/_status_display_msgs_s.ep.rosidl_typesupport_c.c.o[0m
[9.173s] [ 91%] [32mBuilding C object CMakeFiles/status_display_msgs__rosidl_typesupport_introspection_c__pyext.dir/rosidl_generator_py/status_display_msgs/_status_display_msgs_s.ep.rosidl_typesupport_introspection_c.c.o[0m
[9.356s] [ 97%] [32m[1mLinking C shared library rosidl_generator_py/status_display_msgs/status_display_msgs_s__rosidl_typesupport_c.cpython-310-aarch64-linux-gnu.so[0m
[9.356s] [ 97%] [32m[1mLinking C shared library rosidl_generator_py/status_display_msgs/status_display_msgs_s__rosidl_typesupport_introspection_c.cpython-310-aarch64-linux-gnu.so[0m
[9.358s] [100%] [32m[1mLinking C shared library rosidl_generator_py/status_display_msgs/status_display_msgs_s__rosidl_typesupport_fastrtps_c.cpython-310-aarch64-linux-gnu.so[0m
[9.424s] [100%] Built target status_display_msgs__rosidl_typesupport_introspection_c__pyext
[9.424s] [100%] Built target status_display_msgs__rosidl_typesupport_c__pyext
[9.425s] [100%] Built target status_display_msgs__rosidl_typesupport_fastrtps_c__pyext
[9.459s] Invoked command in '/home/matthew/build/status_display_msgs' returned '0': CMAKE_PREFIX_PATH=/opt/ros/iron /usr/bin/cmake --build /home/matthew/build/status_display_msgs -- -j6 -l6
[9.484s] Invoking command in '/home/matthew/build/status_display_msgs': CMAKE_PREFIX_PATH=/opt/ros/iron /usr/bin/cmake --install /home/matthew/build/status_display_msgs
[9.503s] -- Install configuration: ""
[9.504s] -- Installing: /home/matthew/install/status_display_msgs/share/ament_index/resource_index/rosidl_interfaces/status_display_msgs
[9.504s] -- Installing: /home/matthew/install/status_display_msgs/share/status_display_msgs/msg/StatusDisplay.json
[9.504s] -- Installing: /home/matthew/install/status_display_msgs/include/status_display_msgs/status_display_msgs
[9.505s] -- Installing: /home/matthew/install/status_display_msgs/include/status_display_msgs/status_display_msgs/msg
[9.505s] -- Installing: /home/matthew/install/status_display_msgs/include/status_display_msgs/status_display_msgs/msg/detail
[9.505s] -- Installing: /home/matthew/install/status_display_msgs/include/status_display_msgs/status_display_msgs/msg/detail/status_display__functions.h
[9.505s] -- Installing: /home/matthew/install/status_display_msgs/include/status_display_msgs/status_display_msgs/msg/detail/status_display__struct.h
[9.505s] -- Installing: /home/matthew/install/status_display_msgs/include/status_display_msgs/status_display_msgs/msg/detail/status_display__functions.c
[9.506s] -- Installing: /home/matthew/install/status_display_msgs/include/status_display_msgs/status_display_msgs/msg/detail/status_display__type_support.h
[9.506s] -- Installing: /home/matthew/install/status_display_msgs/include/status_display_msgs/status_display_msgs/msg/detail/status_display__description.c
[9.506s] -- Installing: /home/matthew/install/status_display_msgs/include/status_display_msgs/status_display_msgs/msg/detail/status_display__type_support.c
[9.507s] -- Installing: /home/matthew/install/status_display_msgs/include/status_display_msgs/status_display_msgs/msg/status_display.h
[9.507s] -- Installing: /home/matthew/install/status_display_msgs/include/status_display_msgs/status_display_msgs/msg/rosidl_generator_c__visibility_control.h
[9.507s] -- Installing: /home/matthew/install/status_display_msgs/share/status_display_msgs/environment/library_path.sh
[9.507s] -- Installing: /home/matthew/install/status_display_msgs/share/status_display_msgs/environment/library_path.dsv
[9.508s] -- Installing: /home/matthew/install/status_display_msgs/lib/libstatus_display_msgs__rosidl_generator_c.so
[9.509s] -- Set runtime path of "/home/matthew/install/status_display_msgs/lib/libstatus_display_msgs__rosidl_generator_c.so" to ""
[9.509s] -- Up-to-date: /home/matthew/install/status_display_msgs/include/status_display_msgs/status_display_msgs
[9.509s] -- Up-to-date: /home/matthew/install/status_display_msgs/include/status_display_msgs/status_display_msgs/msg
[9.509s] -- Up-to-date: /home/matthew/install/status_display_msgs/include/status_display_msgs/status_display_msgs/msg/detail
[9.509s] -- Installing: /home/matthew/install/status_display_msgs/include/status_display_msgs/status_display_msgs/msg/detail/status_display__rosidl_typesupport_fastrtps_c.h
[9.509s] -- Installing: /home/matthew/install/status_display_msgs/include/status_display_msgs/status_display_msgs/msg/rosidl_typesupport_fastrtps_c__visibility_control.h
[9.510s] -- Installing: /home/matthew/install/status_display_msgs/lib/libstatus_display_msgs__rosidl_typesupport_fastrtps_c.so
[9.510s] -- Set runtime path of "/home/matthew/install/status_display_msgs/lib/libstatus_display_msgs__rosidl_typesupport_fastrtps_c.so" to ""
[9.510s] -- Up-to-date: /home/matthew/install/status_display_msgs/include/status_display_msgs/status_display_msgs
[9.510s] -- Up-to-date: /home/matthew/install/status_display_msgs/include/status_display_msgs/status_display_msgs/msg
[9.511s] -- Up-to-date: /home/matthew/install/status_display_msgs/include/status_display_msgs/status_display_msgs/msg/detail
[9.511s] -- Installing: /home/matthew/install/status_display_msgs/include/status_display_msgs/status_display_msgs/msg/detail/status_display__rosidl_typesupport_introspection_c.h
[9.511s] -- Installing: /home/matthew/install/status_display_msgs/include/status_display_msgs/status_display_msgs/msg/detail/status_display__type_support.c
[9.511s] -- Installing: /home/matthew/install/status_display_msgs/include/status_display_msgs/status_display_msgs/msg/rosidl_typesupport_introspection_c__visibility_control.h
[9.511s] -- Installing: /home/matthew/install/status_display_msgs/lib/libstatus_display_msgs__rosidl_typesupport_introspection_c.so
[9.513s] -- Set runtime path of "/home/matthew/install/status_display_msgs/lib/libstatus_display_msgs__rosidl_typesupport_introspection_c.so" to ""
[9.513s] -- Installing: /home/matthew/install/status_display_msgs/lib/libstatus_display_msgs__rosidl_typesupport_c.so
[9.513s] -- Set runtime path of "/home/matthew/install/status_display_msgs/lib/libstatus_display_msgs__rosidl_typesupport_c.so" to ""
[9.513s] -- Up-to-date: /home/matthew/install/status_display_msgs/include/status_display_msgs/status_display_msgs
[9.514s] -- Up-to-date: /home/matthew/install/status_display_msgs/include/status_display_msgs/status_display_msgs/msg
[9.514s] -- Up-to-date: /home/matthew/install/status_display_msgs/include/status_display_msgs/status_display_msgs/msg/detail
[9.514s] -- Installing: /home/matthew/install/status_display_msgs/include/status_display_msgs/status_display_msgs/msg/detail/status_display__builder.hpp
[9.514s] -- Installing: /home/matthew/install/status_display_msgs/include/status_display_msgs/status_display_msgs/msg/detail/status_display__struct.hpp
[9.514s] -- Installing: /home/matthew/install/status_display_msgs/include/status_display_msgs/status_display_msgs/msg/detail/status_display__traits.hpp
[9.515s] -- Installing: /home/matthew/install/status_display_msgs/include/status_display_msgs/status_display_msgs/msg/status_display.hpp
[9.515s] -- Up-to-date: /home/matthew/install/status_display_msgs/include/status_display_msgs/status_display_msgs
[9.515s] -- Up-to-date: /home/matthew/install/status_display_msgs/include/status_display_msgs/status_display_msgs/msg
[9.515s] -- Up-to-date: /home/matthew/install/status_display_msgs/include/status_display_msgs/status_display_msgs/msg/detail
[9.515s] -- Installing: /home/matthew/install/status_display_msgs/include/status_display_msgs/status_display_msgs/msg/detail/status_display__rosidl_typesupport_fastrtps_cpp.hpp
[9.515s] -- Installing: /home/matthew/install/status_display_msgs/include/status_display_msgs/status_display_msgs/msg/detail/dds_fastrtps
[9.516s] -- Installing: /home/matthew/install/status_display_msgs/include/status_display_msgs/status_display_msgs/msg/rosidl_typesupport_fastrtps_cpp__visibility_control.h
[9.516s] -- Installing: /home/matthew/install/status_display_msgs/lib/libstatus_display_msgs__rosidl_typesupport_fastrtps_cpp.so
[9.516s] -- Set runtime path of "/home/matthew/install/status_display_msgs/lib/libstatus_display_msgs__rosidl_typesupport_fastrtps_cpp.so" to ""
[9.516s] -- Up-to-date: /home/matthew/install/status_display_msgs/include/status_display_msgs/status_display_msgs
[9.517s] -- Up-to-date: /home/matthew/install/status_display_msgs/include/status_display_msgs/status_display_msgs/msg
[9.517s] -- Up-to-date: /home/matthew/install/status_display_msgs/include/status_display_msgs/status_display_msgs/msg/detail
[9.517s] -- Installing: /home/matthew/install/status_display_msgs/include/status_display_msgs/status_display_msgs/msg/detail/status_display__rosidl_typesupport_introspection_cpp.hpp
[9.517s] -- Installing: /home/matthew/install/status_display_msgs/include/status_display_msgs/status_display_msgs/msg/detail/status_display__type_support.cpp
[9.517s] -- Installing: /home/matthew/install/status_display_msgs/lib/libstatus_display_msgs__rosidl_typesupport_introspection_cpp.so
[9.518s] -- Set runtime path of "/home/matthew/install/status_display_msgs/lib/libstatus_display_msgs__rosidl_typesupport_introspection_cpp.so" to ""
[9.518s] -- Installing: /home/matthew/install/status_display_msgs/lib/libstatus_display_msgs__rosidl_typesupport_cpp.so
[9.518s] -- Set runtime path of "/home/matthew/install/status_display_msgs/lib/libstatus_display_msgs__rosidl_typesupport_cpp.so" to ""
[9.518s] -- Installing: /home/matthew/install/status_display_msgs/share/status_display_msgs/environment/pythonpath.sh
[9.519s] -- Installing: /home/matthew/install/status_display_msgs/share/status_display_msgs/environment/pythonpath.dsv
[9.519s] -- Installing: /home/matthew/install/status_display_msgs/lib/python3.10/site-packages/status_display_msgs-0.0.0-py3.10.egg-info
[9.519s] -- Installing: /home/matthew/install/status_display_msgs/lib/python3.10/site-packages/status_display_msgs-0.0.0-py3.10.egg-info/SOURCES.txt
[9.519s] -- Installing: /home/matthew/install/status_display_msgs/lib/python3.10/site-packages/status_display_msgs-0.0.0-py3.10.egg-info/dependency_links.txt
[9.519s] -- Installing: /home/matthew/install/status_display_msgs/lib/python3.10/site-packages/status_display_msgs-0.0.0-py3.10.egg-info/PKG-INFO
[9.520s] -- Installing: /home/matthew/install/status_display_msgs/lib/python3.10/site-packages/status_display_msgs-0.0.0-py3.10.egg-info/top_level.txt
[9.520s] -- Installing: /home/matthew/install/status_display_msgs/lib/python3.10/site-packages/status_display_msgs
[9.520s] -- Installing: /home/matthew/install/status_display_msgs/lib/python3.10/site-packages/status_display_msgs/_status_display_msgs_s.ep.rosidl_typesupport_fastrtps_c.c
[9.520s] -- Installing: /home/matthew/install/status_display_msgs/lib/python3.10/site-packages/status_display_msgs/_status_display_msgs_s.ep.rosidl_typesupport_c.c
[9.520s] -- Installing: /home/matthew/install/status_display_msgs/lib/python3.10/site-packages/status_display_msgs/status_display_msgs_s__rosidl_typesupport_introspection_c.cpython-310-aarch64-linux-gnu.so
[9.521s] -- Installing: /home/matthew/install/status_display_msgs/lib/python3.10/site-packages/status_display_msgs/__init__.py
[9.521s] -- Installing: /home/matthew/install/status_display_msgs/lib/python3.10/site-packages/status_display_msgs/_status_display_msgs_s.ep.rosidl_typesupport_introspection_c.c
[9.521s] -- Installing: /home/matthew/install/status_display_msgs/lib/python3.10/site-packages/status_display_msgs/msg
[9.521s] -- Installing: /home/matthew/install/status_display_msgs/lib/python3.10/site-packages/status_display_msgs/msg/_status_display_s.c
[9.521s] -- Installing: /home/matthew/install/status_display_msgs/lib/python3.10/site-packages/status_display_msgs/msg/__init__.py
[9.522s] -- Installing: /home/matthew/install/status_display_msgs/lib/python3.10/site-packages/status_display_msgs/msg/_status_display.py
[9.522s] -- Installing: /home/matthew/install/status_display_msgs/lib/python3.10/site-packages/status_display_msgs/status_display_msgs_s__rosidl_typesupport_c.cpython-310-aarch64-linux-gnu.so
[9.522s] -- Installing: /home/matthew/install/status_display_msgs/lib/python3.10/site-packages/status_display_msgs/libstatus_display_msgs__rosidl_generator_py.so
[9.522s] -- Installing: /home/matthew/install/status_display_msgs/lib/python3.10/site-packages/status_display_msgs/status_display_msgs_s__rosidl_typesupport_fastrtps_c.cpython-310-aarch64-linux-gnu.so
[9.590s] Listing '/home/matthew/install/status_display_msgs/lib/python3.10/site-packages/status_display_msgs'...
[9.590s] Compiling '/home/matthew/install/status_display_msgs/lib/python3.10/site-packages/status_display_msgs/__init__.py'...
[9.590s] Listing '/home/matthew/install/status_display_msgs/lib/python3.10/site-packages/status_display_msgs/msg'...
[9.591s] Compiling '/home/matthew/install/status_display_msgs/lib/python3.10/site-packages/status_display_msgs/msg/__init__.py'...
[9.591s] Compiling '/home/matthew/install/status_display_msgs/lib/python3.10/site-packages/status_display_msgs/msg/_status_display.py'...
[9.603s] -- Installing: /home/matthew/install/status_display_msgs/lib/python3.10/site-packages/status_display_msgs/status_display_msgs_s__rosidl_typesupport_fastrtps_c.cpython-310-aarch64-linux-gnu.so
[9.604s] -- Set runtime path of "/home/matthew/install/status_display_msgs/lib/python3.10/site-packages/status_display_msgs/status_display_msgs_s__rosidl_typesupport_fastrtps_c.cpython-310-aarch64-linux-gnu.so" to ""
[9.604s] -- Installing: /home/matthew/install/status_display_msgs/lib/python3.10/site-packages/status_display_msgs/status_display_msgs_s__rosidl_typesupport_introspection_c.cpython-310-aarch64-linux-gnu.so
[9.605s] -- Set runtime path of "/home/matthew/install/status_display_msgs/lib/python3.10/site-packages/status_display_msgs/status_display_msgs_s__rosidl_typesupport_introspection_c.cpython-310-aarch64-linux-gnu.so" to ""
[9.605s] -- Installing: /home/matthew/install/status_display_msgs/lib/python3.10/site-packages/status_display_msgs/status_display_msgs_s__rosidl_typesupport_c.cpython-310-aarch64-linux-gnu.so
[9.606s] -- Set runtime path of "/home/matthew/install/status_display_msgs/lib/python3.10/site-packages/status_display_msgs/status_display_msgs_s__rosidl_typesupport_c.cpython-310-aarch64-linux-gnu.so" to ""
[9.606s] -- Installing: /home/matthew/install/status_display_msgs/lib/libstatus_display_msgs__rosidl_generator_py.so
[9.607s] -- Set runtime path of "/home/matthew/install/status_display_msgs/lib/libstatus_display_msgs__rosidl_generator_py.so" to ""
[9.607s] -- Installing: /home/matthew/install/status_display_msgs/share/status_display_msgs/msg/StatusDisplay.idl
[9.607s] -- Installing: /home/matthew/install/status_display_msgs/share/status_display_msgs/msg/StatusDisplay.msg
[9.607s] -- Installing: /home/matthew/install/status_display_msgs/share/ament_index/resource_index/package_run_dependencies/status_display_msgs
[9.608s] -- Installing: /home/matthew/install/status_display_msgs/share/ament_index/resource_index/parent_prefix_path/status_display_msgs
[9.608s] -- Installing: /home/matthew/install/status_display_msgs/share/status_display_msgs/environment/ament_prefix_path.sh
[9.609s] -- Installing: /home/matthew/install/status_display_msgs/share/status_display_msgs/environment/ament_prefix_path.dsv
[9.609s] -- Installing: /home/matthew/install/status_display_msgs/share/status_display_msgs/environment/path.sh
[9.609s] -- Installing: /home/matthew/install/status_display_msgs/share/status_display_msgs/environment/path.dsv
[9.610s] -- Installing: /home/matthew/install/status_display_msgs/share/status_display_msgs/local_setup.bash
[9.610s] -- Installing: /home/matthew/install/status_display_msgs/share/status_display_msgs/local_setup.sh
[9.611s] -- Installing: /home/matthew/install/status_display_msgs/share/status_display_msgs/local_setup.zsh
[9.611s] -- Installing: /home/matthew/install/status_display_msgs/share/status_display_msgs/local_setup.dsv
[9.611s] -- Installing: /home/matthew/install/status_display_msgs/share/status_display_msgs/package.dsv
[9.611s] -- Installing: /home/matthew/install/status_display_msgs/share/ament_index/resource_index/packages/status_display_msgs
[9.612s] -- Installing: /home/matthew/install/status_display_msgs/share/status_display_msgs/cmake/export_status_display_msgs__rosidl_generator_cExport.cmake
[9.612s] -- Installing: /home/matthew/install/status_display_msgs/share/status_display_msgs/cmake/export_status_display_msgs__rosidl_generator_cExport-noconfig.cmake
[9.612s] -- Installing: /home/matthew/install/status_display_msgs/share/status_display_msgs/cmake/export_status_display_msgs__rosidl_typesupport_fastrtps_cExport.cmake
[9.613s] -- Installing: /home/matthew/install/status_display_msgs/share/status_display_msgs/cmake/export_status_display_msgs__rosidl_typesupport_fastrtps_cExport-noconfig.cmake
[9.613s] -- Installing: /home/matthew/install/status_display_msgs/share/status_display_msgs/cmake/status_display_msgs__rosidl_typesupport_introspection_cExport.cmake
[9.613s] -- Installing: /home/matthew/install/status_display_msgs/share/status_display_msgs/cmake/status_display_msgs__rosidl_typesupport_introspection_cExport-noconfig.cmake
[9.614s] -- Installing: /home/matthew/install/status_display_msgs/share/status_display_msgs/cmake/status_display_msgs__rosidl_typesupport_cExport.cmake
[9.614s] -- Installing: /home/matthew/install/status_display_msgs/share/status_display_msgs/cmake/status_display_msgs__rosidl_typesupport_cExport-noconfig.cmake
[9.615s] -- Installing: /home/matthew/install/status_display_msgs/share/status_display_msgs/cmake/export_status_display_msgs__rosidl_generator_cppExport.cmake
[9.615s] -- Installing: /home/matthew/install/status_display_msgs/share/status_display_msgs/cmake/export_status_display_msgs__rosidl_typesupport_fastrtps_cppExport.cmake
[9.615s] -- Installing: /home/matthew/install/status_display_msgs/share/status_display_msgs/cmake/export_status_display_msgs__rosidl_typesupport_fastrtps_cppExport-noconfig.cmake
[9.616s] -- Installing: /home/matthew/install/status_display_msgs/share/status_display_msgs/cmake/status_display_msgs__rosidl_typesupport_introspection_cppExport.cmake
[9.616s] -- Installing: /home/matthew/install/status_display_msgs/share/status_display_msgs/cmake/status_display_msgs__rosidl_typesupport_introspection_cppExport-noconfig.cmake
[9.616s] -- Installing: /home/matthew/install/status_display_msgs/share/status_display_msgs/cmake/status_display_msgs__rosidl_typesupport_cppExport.cmake
[9.617s] -- Installing: /home/matthew/install/status_display_msgs/share/status_display_msgs/cmake/status_display_msgs__rosidl_typesupport_cppExport-noconfig.cmake
[9.617s] -- Installing: /home/matthew/install/status_display_msgs/share/status_display_msgs/cmake/export_status_display_msgs__rosidl_generator_pyExport.cmake
[9.617s] -- Installing: /home/matthew/install/status_display_msgs/share/status_display_msgs/cmake/export_status_display_msgs__rosidl_generator_pyExport-noconfig.cmake
[9.617s] -- Installing: /home/matthew/install/status_display_msgs/share/status_display_msgs/cmake/rosidl_cmake-extras.cmake
[9.618s] -- Installing: /home/matthew/install/status_display_msgs/share/status_display_msgs/cmake/ament_cmake_export_include_directories-extras.cmake
[9.618s] -- Installing: /home/matthew/install/status_display_msgs/share/status_display_msgs/cmake/ament_cmake_export_libraries-extras.cmake
[9.618s] -- Installing: /home/matthew/install/status_display_msgs/share/status_display_msgs/cmake/ament_cmake_export_targets-extras.cmake
[9.619s] -- Installing: /home/matthew/install/status_display_msgs/share/status_display_msgs/cmake/rosidl_cmake_export_typesupport_targets-extras.cmake
[9.619s] -- Installing: /home/matthew/install/status_display_msgs/share/status_display_msgs/cmake/ament_cmake_export_dependencies-extras.cmake
[9.619s] -- Installing: /home/matthew/install/status_display_msgs/share/status_display_msgs/cmake/rosidl_cmake_export_typesupport_libraries-extras.cmake
[9.620s] -- Installing: /home/matthew/install/status_display_msgs/share/status_display_msgs/cmake/status_display_msgsConfig.cmake
[9.620s] -- Installing: /home/matthew/install/status_display_msgs/share/status_display_msgs/cmake/status_display_msgsConfig-version.cmake
[9.620s] -- Installing: /home/matthew/install/status_display_msgs/share/status_display_msgs/package.xml
[9.629s] Invoked command in '/home/matthew/build/status_display_msgs' returned '0': CMAKE_PREFIX_PATH=/opt/ros/iron /usr/bin/cmake --install /home/matthew/build/status_display_msgs
