[0.033s] Invoking command in '/home/matthew/nav2_ws/build/nav2_voxel_grid': AMENT_PREFIX_PATH=/home/matthew/nav2_ws/install/nav2_common:${AMENT_PREFIX_PATH} CMAKE_PREFIX_PATH=/home/matthew/nav2_ws/install/nav2_common:/opt/ros/iron PYTHONPATH=/home/matthew/nav2_ws/install/nav2_common/lib/python3.10/site-packages:${PYTHONPATH} /usr/bin/cmake --build /home/matthew/nav2_ws/build/nav2_voxel_grid -- -j6 -l6
[0.139s] [35m[1mConsolidate compiler generated dependencies of target gtest_main[0m
[0.140s] [35m[1mConsolidate compiler generated dependencies of target voxel_grid[0m
[0.149s] [35m[1mConsolidate compiler generated dependencies of target gtest[0m
[0.165s] [ 20%] Built target gtest_main
[0.175s] [ 40%] Built target gtest
[0.176s] [ 60%] Built target voxel_grid
[0.203s] [35m[1mConsolidate compiler generated dependencies of target voxel_grid_bresenham_3d[0m
[0.203s] [35m[1mConsolidate compiler generated dependencies of target voxel_grid_tests[0m
[0.241s] [ 80%] Built target voxel_grid_bresenham_3d
[0.243s] [100%] Built target voxel_grid_tests
[0.267s] Invoked command in '/home/matthew/nav2_ws/build/nav2_voxel_grid' returned '0': AMENT_PREFIX_PATH=/home/matthew/nav2_ws/install/nav2_common:${AMENT_PREFIX_PATH} CMAKE_PREFIX_PATH=/home/matthew/nav2_ws/install/nav2_common:/opt/ros/iron PYTHONPATH=/home/matthew/nav2_ws/install/nav2_common/lib/python3.10/site-packages:${PYTHONPATH} /usr/bin/cmake --build /home/matthew/nav2_ws/build/nav2_voxel_grid -- -j6 -l6
[0.275s] Invoking command in '/home/matthew/nav2_ws/build/nav2_voxel_grid': AMENT_PREFIX_PATH=/home/matthew/nav2_ws/install/nav2_common:${AMENT_PREFIX_PATH} CMAKE_PREFIX_PATH=/home/matthew/nav2_ws/install/nav2_common:/opt/ros/iron PYTHONPATH=/home/matthew/nav2_ws/install/nav2_common/lib/python3.10/site-packages:${PYTHONPATH} /usr/bin/cmake --install /home/matthew/nav2_ws/build/nav2_voxel_grid
[0.292s] -- Install configuration: "Release"
[0.294s] -- Execute custom install script
[0.295s] -- Up-to-date symlink: /home/matthew/nav2_ws/install/nav2_voxel_grid/lib/libvoxel_grid.so
[0.297s] -- Up-to-date symlink: /home/matthew/nav2_ws/install/nav2_voxel_grid/include/nav2_voxel_grid/voxel_grid.hpp
[0.297s] -- Up-to-date symlink: /home/matthew/nav2_ws/install/nav2_voxel_grid/share/nav2_voxel_grid/environment/library_path.sh
[0.299s] -- Up-to-date symlink: /home/matthew/nav2_ws/install/nav2_voxel_grid/share/nav2_voxel_grid/environment/library_path.dsv
[0.301s] -- Up-to-date symlink: /home/matthew/nav2_ws/install/nav2_voxel_grid/share/ament_index/resource_index/package_run_dependencies/nav2_voxel_grid
[0.303s] -- Up-to-date symlink: /home/matthew/nav2_ws/install/nav2_voxel_grid/share/ament_index/resource_index/parent_prefix_path/nav2_voxel_grid
[0.303s] -- Up-to-date symlink: /home/matthew/nav2_ws/install/nav2_voxel_grid/share/nav2_voxel_grid/environment/ament_prefix_path.sh
[0.304s] -- Up-to-date symlink: /home/matthew/nav2_ws/install/nav2_voxel_grid/share/nav2_voxel_grid/environment/ament_prefix_path.dsv
[0.305s] -- Up-to-date symlink: /home/matthew/nav2_ws/install/nav2_voxel_grid/share/nav2_voxel_grid/environment/path.sh
[0.307s] -- Up-to-date symlink: /home/matthew/nav2_ws/install/nav2_voxel_grid/share/nav2_voxel_grid/environment/path.dsv
[0.308s] -- Up-to-date symlink: /home/matthew/nav2_ws/install/nav2_voxel_grid/share/nav2_voxel_grid/local_setup.bash
[0.308s] -- Up-to-date symlink: /home/matthew/nav2_ws/install/nav2_voxel_grid/share/nav2_voxel_grid/local_setup.sh
[0.309s] -- Up-to-date symlink: /home/matthew/nav2_ws/install/nav2_voxel_grid/share/nav2_voxel_grid/local_setup.zsh
[0.311s] -- Up-to-date symlink: /home/matthew/nav2_ws/install/nav2_voxel_grid/share/nav2_voxel_grid/local_setup.dsv
[0.311s] -- Symlinking: /home/matthew/nav2_ws/install/nav2_voxel_grid/share/nav2_voxel_grid/package.dsv
[0.329s] -- Up-to-date symlink: /home/matthew/nav2_ws/install/nav2_voxel_grid/share/ament_index/resource_index/packages/nav2_voxel_grid
[0.330s] -- Up-to-date symlink: /home/matthew/nav2_ws/install/nav2_voxel_grid/share/nav2_voxel_grid/cmake/ament_cmake_export_dependencies-extras.cmake
[0.331s] -- Up-to-date symlink: /home/matthew/nav2_ws/install/nav2_voxel_grid/share/nav2_voxel_grid/cmake/ament_cmake_export_include_directories-extras.cmake
[0.332s] -- Up-to-date symlink: /home/matthew/nav2_ws/install/nav2_voxel_grid/share/nav2_voxel_grid/cmake/ament_cmake_export_libraries-extras.cmake
[0.332s] -- Up-to-date symlink: /home/matthew/nav2_ws/install/nav2_voxel_grid/share/nav2_voxel_grid/cmake/nav2_voxel_gridConfig.cmake
[0.333s] -- Up-to-date symlink: /home/matthew/nav2_ws/install/nav2_voxel_grid/share/nav2_voxel_grid/cmake/nav2_voxel_gridConfig-version.cmake
[0.334s] -- Up-to-date symlink: /home/matthew/nav2_ws/install/nav2_voxel_grid/share/nav2_voxel_grid/package.xml
[0.345s] Invoked command in '/home/matthew/nav2_ws/build/nav2_voxel_grid' returned '0': AMENT_PREFIX_PATH=/home/matthew/nav2_ws/install/nav2_common:${AMENT_PREFIX_PATH} CMAKE_PREFIX_PATH=/home/matthew/nav2_ws/install/nav2_common:/opt/ros/iron PYTHONPATH=/home/matthew/nav2_ws/install/nav2_common/lib/python3.10/site-packages:${PYTHONPATH} /usr/bin/cmake --install /home/matthew/nav2_ws/build/nav2_voxel_grid
