[1.393s] Invoking command in '/home/matthew/ros2_ws/build/status_display': AMENT_PREFIX_PATH=/home/matthew/ros2_ws/install/status_display_msgs:${AMENT_PREFIX_PATH} CMAKE_PREFIX_PATH=/home/matthew/ros2_ws/install/status_display_msgs:${CMAKE_PREFIX_PATH} LD_LIBRARY_PATH=/home/matthew/ros2_ws/install/status_display_msgs/lib:${LD_LIBRARY_PATH} PYTHONPATH=/home/matthew/ros2_ws/build/status_display/prefix_override:/usr/lib/python3/dist-packages/colcon_core/task/python/colcon_distutils_commands:/home/matthew/ros2_ws/install/status_display/lib/python3.10/site-packages:/home/matthew/ros2_ws/install/status_display_msgs/lib/python3.10/site-packages:${PYTHONPATH} /usr/bin/python3 -W ignore:setup.py install is deprecated -W ignore:easy_install command is deprecated setup.py develop --uninstall --editable --build-directory /home/matthew/ros2_ws/build/status_display/build
[1.954s] running develop
[2.312s] Removing /home/matthew/ros2_ws/install/status_display/lib/python3.10/site-packages/status-display.egg-link (link to .)
[2.388s] Invoked command in '/home/matthew/ros2_ws/build/status_display' returned '0': AMENT_PREFIX_PATH=/home/matthew/ros2_ws/install/status_display_msgs:${AMENT_PREFIX_PATH} CMAKE_PREFIX_PATH=/home/matthew/ros2_ws/install/status_display_msgs:${CMAKE_PREFIX_PATH} LD_LIBRARY_PATH=/home/matthew/ros2_ws/install/status_display_msgs/lib:${LD_LIBRARY_PATH} PYTHONPATH=/home/matthew/ros2_ws/build/status_display/prefix_override:/usr/lib/python3/dist-packages/colcon_core/task/python/colcon_distutils_commands:/home/matthew/ros2_ws/install/status_display/lib/python3.10/site-packages:/home/matthew/ros2_ws/install/status_display_msgs/lib/python3.10/site-packages:${PYTHONPATH} /usr/bin/python3 -W ignore:setup.py install is deprecated -W ignore:easy_install command is deprecated setup.py develop --uninstall --editable --build-directory /home/matthew/ros2_ws/build/status_display/build
[2.392s] Invoking command in '/home/matthew/ros2_ws/src/status_display': AMENT_PREFIX_PATH=/home/matthew/ros2_ws/install/status_display_msgs:${AMENT_PREFIX_PATH} CMAKE_PREFIX_PATH=/home/matthew/ros2_ws/install/status_display_msgs:${CMAKE_PREFIX_PATH} LD_LIBRARY_PATH=/home/matthew/ros2_ws/install/status_display_msgs/lib:${LD_LIBRARY_PATH} PYTHONPATH=/home/matthew/ros2_ws/build/status_display/prefix_override:/usr/lib/python3/dist-packages/colcon_core/task/python/colcon_distutils_commands:/home/matthew/ros2_ws/install/status_display/lib/python3.10/site-packages:/home/matthew/ros2_ws/install/status_display_msgs/lib/python3.10/site-packages:${PYTHONPATH} /usr/bin/python3 -W ignore:setup.py install is deprecated -W ignore:easy_install command is deprecated setup.py egg_info --egg-base ../../build/status_display build --build-base /home/matthew/ros2_ws/build/status_display/build install --record /home/matthew/ros2_ws/build/status_display/install.log --single-version-externally-managed install_data --force
[2.911s] running egg_info
[2.912s] writing ../../build/status_display/status_display.egg-info/PKG-INFO
[2.913s] writing dependency_links to ../../build/status_display/status_display.egg-info/dependency_links.txt
[2.913s] writing entry points to ../../build/status_display/status_display.egg-info/entry_points.txt
[2.913s] writing requirements to ../../build/status_display/status_display.egg-info/requires.txt
[2.913s] writing top-level names to ../../build/status_display/status_display.egg-info/top_level.txt
[2.917s] reading manifest file '../../build/status_display/status_display.egg-info/SOURCES.txt'
[2.919s] writing manifest file '../../build/status_display/status_display.egg-info/SOURCES.txt'
[2.919s] running build
[2.919s] running build_py
[2.919s] creating /home/matthew/ros2_ws/build/status_display/build
[2.920s] creating /home/matthew/ros2_ws/build/status_display/build/lib
[2.920s] creating /home/matthew/ros2_ws/build/status_display/build/lib/status_display
[2.920s] copying status_display/status_display.py -> /home/matthew/ros2_ws/build/status_display/build/lib/status_display
[2.920s] copying status_display/__init__.py -> /home/matthew/ros2_ws/build/status_display/build/lib/status_display
[2.920s] running install
[2.921s] running install_lib
[2.923s] creating /home/matthew/ros2_ws/install/status_display/lib/python3.10/site-packages/status_display
[2.923s] copying /home/matthew/ros2_ws/build/status_display/build/lib/status_display/status_display.py -> /home/matthew/ros2_ws/install/status_display/lib/python3.10/site-packages/status_display
[2.923s] copying /home/matthew/ros2_ws/build/status_display/build/lib/status_display/__init__.py -> /home/matthew/ros2_ws/install/status_display/lib/python3.10/site-packages/status_display
[2.924s] byte-compiling /home/matthew/ros2_ws/install/status_display/lib/python3.10/site-packages/status_display/status_display.py to status_display.cpython-310.pyc
[2.926s] byte-compiling /home/matthew/ros2_ws/install/status_display/lib/python3.10/site-packages/status_display/__init__.py to __init__.cpython-310.pyc
[2.927s] running install_data
[2.927s] copying resource/status_display -> /home/matthew/ros2_ws/install/status_display/share/ament_index/resource_index/packages
[2.927s] copying package.xml -> /home/matthew/ros2_ws/install/status_display/share/status_display
[2.927s] running install_egg_info
[2.931s] Copying ../../build/status_display/status_display.egg-info to /home/matthew/ros2_ws/install/status_display/lib/python3.10/site-packages/status_display-0.0.0-py3.10.egg-info
[2.933s] running install_scripts
[2.974s] Installing status_display script to /home/matthew/ros2_ws/install/status_display/lib/status_display
[2.974s] writing list of installed files to '/home/matthew/ros2_ws/build/status_display/install.log'
[3.043s] Invoked command in '/home/matthew/ros2_ws/src/status_display' returned '0': AMENT_PREFIX_PATH=/home/matthew/ros2_ws/install/status_display_msgs:${AMENT_PREFIX_PATH} CMAKE_PREFIX_PATH=/home/matthew/ros2_ws/install/status_display_msgs:${CMAKE_PREFIX_PATH} LD_LIBRARY_PATH=/home/matthew/ros2_ws/install/status_display_msgs/lib:${LD_LIBRARY_PATH} PYTHONPATH=/home/matthew/ros2_ws/build/status_display/prefix_override:/usr/lib/python3/dist-packages/colcon_core/task/python/colcon_distutils_commands:/home/matthew/ros2_ws/install/status_display/lib/python3.10/site-packages:/home/matthew/ros2_ws/install/status_display_msgs/lib/python3.10/site-packages:${PYTHONPATH} /usr/bin/python3 -W ignore:setup.py install is deprecated -W ignore:easy_install command is deprecated setup.py egg_info --egg-base ../../build/status_display build --build-base /home/matthew/ros2_ws/build/status_display/build install --record /home/matthew/ros2_ws/build/status_display/install.log --single-version-externally-managed install_data --force
