[0.621s] Invoking command in '/home/matthew/ros2_ws/src/build/my_robot_description': CMAKE_PREFIX_PATH=/opt/ros/iron /usr/bin/cmake /home/matthew/ros2_ws/src/my_robot_description -DAMENT_CMAKE_SYMLINK_INSTALL=1 -DCMAKE_INSTALL_PREFIX=/home/matthew/ros2_ws/src/install/my_robot_description
[0.754s] -- The C compiler identification is GNU 11.4.0
[0.869s] -- The CXX compiler identification is GNU 11.4.0
[0.885s] -- Detecting C compiler ABI info
[1.065s] -- Detecting C compiler ABI info - done
[1.082s] -- Check for working C compiler: /usr/bin/cc - skipped
[1.082s] -- Detecting C compile features
[1.085s] -- Detecting C compile features - done
[1.094s] -- Detecting CXX compiler ABI info
[1.279s] -- Detecting CXX compiler ABI info - done
[1.303s] -- Check for working CXX compiler: /usr/bin/c++ - skipped
[1.303s] -- Detecting CXX compile features
[1.305s] -- Detecting CXX compile features - done
[1.320s] -- Found ament_cmake: 2.0.7 (/opt/ros/iron/share/ament_cmake/cmake)
[1.742s] -- Found Python3: /usr/bin/python3.10 (found version "3.10.12") found components: Interpreter 
[1.889s] -- Override CMake install command with custom implementation using symlinks instead of copying resources
[1.939s] -- Found rclcpp: 21.0.8 (/opt/ros/iron/share/rclcpp/cmake)
[2.032s] -- Found rosidl_generator_c: 4.0.1 (/opt/ros/iron/share/rosidl_generator_c/cmake)
[2.058s] -- Found rosidl_generator_cpp: 4.0.1 (/opt/ros/iron/share/rosidl_generator_cpp/cmake)
[2.091s] -- Using all available rosidl_typesupport_c: rosidl_typesupport_fastrtps_c;rosidl_typesupport_introspection_c
[2.131s] -- Using all available rosidl_typesupport_cpp: rosidl_typesupport_fastrtps_cpp;rosidl_typesupport_introspection_cpp
[2.469s] -- Found rmw_implementation_cmake: 7.1.0 (/opt/ros/iron/share/rmw_implementation_cmake/cmake)
[2.475s] -- Found rmw_fastrtps_cpp: 7.1.4 (/opt/ros/iron/share/rmw_fastrtps_cpp/cmake)
[2.672s] -- Found OpenSSL: /usr/lib/aarch64-linux-gnu/libcrypto.so (found version "3.0.2")  
[2.729s] -- Found FastRTPS: /opt/ros/iron/include  
[2.826s] -- Using RMW implementation 'rmw_fastrtps_cpp' as default
[3.223s] -- Found std_msgs: 5.0.1 (/opt/ros/iron/share/std_msgs/cmake)
[3.289s] -- Found ament_lint_auto: 0.14.4 (/opt/ros/iron/share/ament_lint_auto/cmake)
[3.599s] -- Added test 'lint_cmake' to check CMake code style
[3.601s] -- Added test 'xmllint' to check XML markup files
[3.604s] -- Configuring done
[3.618s] -- Generating done
[3.623s] -- Build files have been written to: /home/matthew/ros2_ws/src/build/my_robot_description
[3.654s] Invoked command in '/home/matthew/ros2_ws/src/build/my_robot_description' returned '0': CMAKE_PREFIX_PATH=/opt/ros/iron /usr/bin/cmake /home/matthew/ros2_ws/src/my_robot_description -DAMENT_CMAKE_SYMLINK_INSTALL=1 -DCMAKE_INSTALL_PREFIX=/home/matthew/ros2_ws/src/install/my_robot_description
[3.661s] Invoking command in '/home/matthew/ros2_ws/src/build/my_robot_description': CMAKE_PREFIX_PATH=/opt/ros/iron /usr/bin/cmake --build /home/matthew/ros2_ws/src/build/my_robot_description -- -j6 -l6
[3.900s] Invoked command in '/home/matthew/ros2_ws/src/build/my_robot_description' returned '0': CMAKE_PREFIX_PATH=/opt/ros/iron /usr/bin/cmake --build /home/matthew/ros2_ws/src/build/my_robot_description -- -j6 -l6
[3.932s] Invoking command in '/home/matthew/ros2_ws/src/build/my_robot_description': CMAKE_PREFIX_PATH=/opt/ros/iron /usr/bin/cmake --install /home/matthew/ros2_ws/src/build/my_robot_description
[3.959s] -- Install configuration: ""
[3.960s] -- Execute custom install script
[3.966s] -- Symlinking: /home/matthew/ros2_ws/src/install/my_robot_description/share/ament_index/resource_index/package_run_dependencies/my_robot_description
[4.023s] -- Symlinking: /home/matthew/ros2_ws/src/install/my_robot_description/share/ament_index/resource_index/parent_prefix_path/my_robot_description
[4.084s] -- Symlinking: /home/matthew/ros2_ws/src/install/my_robot_description/share/my_robot_description/environment/ament_prefix_path.sh
[4.134s] -- Symlinking: /home/matthew/ros2_ws/src/install/my_robot_description/share/my_robot_description/environment/ament_prefix_path.dsv
[4.166s] -- Symlinking: /home/matthew/ros2_ws/src/install/my_robot_description/share/my_robot_description/environment/path.sh
[4.210s] -- Symlinking: /home/matthew/ros2_ws/src/install/my_robot_description/share/my_robot_description/environment/path.dsv
[4.267s] -- Symlinking: /home/matthew/ros2_ws/src/install/my_robot_description/share/my_robot_description/local_setup.bash
[4.314s] -- Symlinking: /home/matthew/ros2_ws/src/install/my_robot_description/share/my_robot_description/local_setup.sh
[4.389s] -- Symlinking: /home/matthew/ros2_ws/src/install/my_robot_description/share/my_robot_description/local_setup.zsh
[4.426s] -- Symlinking: /home/matthew/ros2_ws/src/install/my_robot_description/share/my_robot_description/local_setup.dsv
[4.445s] -- Symlinking: /home/matthew/ros2_ws/src/install/my_robot_description/share/my_robot_description/package.dsv
[4.475s] -- Symlinking: /home/matthew/ros2_ws/src/install/my_robot_description/share/ament_index/resource_index/packages/my_robot_description
[4.561s] -- Symlinking: /home/matthew/ros2_ws/src/install/my_robot_description/share/my_robot_description/cmake/my_robot_descriptionConfig.cmake
[4.621s] -- Symlinking: /home/matthew/ros2_ws/src/install/my_robot_description/share/my_robot_description/cmake/my_robot_descriptionConfig-version.cmake
[4.689s] -- Symlinking: /home/matthew/ros2_ws/src/install/my_robot_description/share/my_robot_description/package.xml
[4.768s] Invoked command in '/home/matthew/ros2_ws/src/build/my_robot_description' returned '0': CMAKE_PREFIX_PATH=/opt/ros/iron /usr/bin/cmake --install /home/matthew/ros2_ws/src/build/my_robot_description
