[0.101s] Invoking command in '/home/matthew/nav2_ws/build/nav2_behaviors': AMENT_PREFIX_PATH=/home/matthew/nav2_ws/install/nav2_core:/home/matthew/nav2_ws/install/nav2_costmap_2d:/home/matthew/nav2_ws/install/nav2_map_server:/home/matthew/nav2_ws/install/nav2_lifecycle_manager:/home/matthew/nav2_ws/install/nav2_behavior_tree:/home/matthew/nav2_ws/install/nav2_util:/home/matthew/nav2_ws/install/nav2_voxel_grid:/home/matthew/nav2_ws/install/nav2_msgs:/home/matthew/nav2_ws/install/nav2_common:${AMENT_PREFIX_PATH} CMAKE_PREFIX_PATH=/home/matthew/nav2_ws/install/nav2_core:/home/matthew/nav2_ws/install/nav2_costmap_2d:/home/matthew/nav2_ws/install/nav2_map_server:/home/matthew/nav2_ws/install/nav2_lifecycle_manager:/home/matthew/nav2_ws/install/nav2_behavior_tree:/home/matthew/nav2_ws/install/nav2_util:/home/matthew/nav2_ws/install/nav2_voxel_grid:/home/matthew/nav2_ws/install/nav2_msgs:/home/matthew/nav2_ws/install/nav2_common:/opt/ros/iron LD_LIBRARY_PATH=/home/matthew/nav2_ws/install/nav2_costmap_2d/lib:/home/matthew/nav2_ws/install/nav2_map_server/lib:/home/matthew/nav2_ws/install/nav2_lifecycle_manager/lib:/home/matthew/nav2_ws/install/nav2_behavior_tree/lib:/home/matthew/nav2_ws/install/nav2_util/lib:/home/matthew/nav2_ws/install/nav2_voxel_grid/lib:/home/matthew/nav2_ws/install/nav2_msgs/lib:${LD_LIBRARY_PATH} PYTHONPATH=/home/matthew/nav2_ws/install/nav2_msgs/lib/python3.10/site-packages:/home/matthew/nav2_ws/install/nav2_common/lib/python3.10/site-packages:${PYTHONPATH} /usr/bin/cmake /home/matthew/nav2_ws/src/navigation2/nav2_behaviors -DAMENT_CMAKE_SYMLINK_INSTALL=1 -DCMAKE_INSTALL_PREFIX=/home/matthew/nav2_ws/install/nav2_behaviors
[0.273s] -- The C compiler identification is GNU 11.4.0
[0.433s] -- The CXX compiler identification is GNU 11.4.0
[0.466s] -- Detecting C compiler ABI info
[0.714s] -- Detecting C compiler ABI info - done
[0.733s] -- Check for working C compiler: /usr/bin/cc - skipped
[0.735s] -- Detecting C compile features
[0.736s] -- Detecting C compile features - done
[0.742s] -- Detecting CXX compiler ABI info
[0.954s] -- Detecting CXX compiler ABI info - done
[0.967s] -- Check for working CXX compiler: /usr/bin/c++ - skipped
[0.974s] -- Detecting CXX compile features
[0.975s] -- Detecting CXX compile features - done
[0.982s] -- Found ament_cmake: 2.0.7 (/opt/ros/iron/share/ament_cmake/cmake)
[1.540s] -- Found Python3: /usr/bin/python3.10 (found version "3.10.12") found components: Interpreter 
[1.770s] -- Override CMake install command with custom implementation using symlinks instead of copying resources
[1.878s] -- Found nav2_common: 1.2.10 (/home/matthew/nav2_ws/install/nav2_common/share/nav2_common/cmake)
[1.883s] -- Found rclcpp: 21.0.8 (/opt/ros/iron/share/rclcpp/cmake)
[2.024s] -- Found rosidl_generator_c: 4.0.1 (/opt/ros/iron/share/rosidl_generator_c/cmake)
[2.051s] -- Found rosidl_generator_cpp: 4.0.1 (/opt/ros/iron/share/rosidl_generator_cpp/cmake)
[2.088s] -- Using all available rosidl_typesupport_c: rosidl_typesupport_fastrtps_c;rosidl_typesupport_introspection_c
[2.131s] -- Using all available rosidl_typesupport_cpp: rosidl_typesupport_fastrtps_cpp;rosidl_typesupport_introspection_cpp
[2.460s] -- Found rmw_implementation_cmake: 7.1.0 (/opt/ros/iron/share/rmw_implementation_cmake/cmake)
[2.467s] -- Found rmw_fastrtps_cpp: 7.1.4 (/opt/ros/iron/share/rmw_fastrtps_cpp/cmake)
[2.836s] -- Found OpenSSL: /usr/lib/aarch64-linux-gnu/libcrypto.so (found version "3.0.2")  
[2.912s] -- Found FastRTPS: /opt/ros/iron/include  
[3.022s] -- Using RMW implementation 'rmw_fastrtps_cpp' as default
[3.390s] -- Found rclcpp_action: 21.0.8 (/opt/ros/iron/share/rclcpp_action/cmake)
[3.675s] -- Found rclcpp_lifecycle: 21.0.8 (/opt/ros/iron/share/rclcpp_lifecycle/cmake)
[3.912s] -- Found rclcpp_components: 21.0.8 (/opt/ros/iron/share/rclcpp_components/cmake)
[4.129s] -- Found std_msgs: 5.0.1 (/opt/ros/iron/share/std_msgs/cmake)
[4.197s] -- Found nav2_behavior_tree: 1.2.10 (/home/matthew/nav2_ws/install/nav2_behavior_tree/share/nav2_behavior_tree/cmake)
[6.669s] -- Found eigen3_cmake_module: 0.2.2 (/opt/ros/iron/share/eigen3_cmake_module/cmake)
[6.672s] -- Found Eigen3: TRUE (found version "3.4.0") 
[6.672s] -- Ensuring Eigen3 include directory is part of orocos-kdl CMake target
[9.013s] -- Found nav2_costmap_2d: 1.2.10 (/home/matthew/nav2_ws/install/nav2_costmap_2d/share/nav2_costmap_2d/cmake)
[11.764s] -- Found nav2_core: 1.2.10 (/home/matthew/nav2_ws/install/nav2_core/share/nav2_core/cmake)
[16.684s] -- Setting build type to Release as none was specified.
[115.480s] -- Found ament_lint_auto: 0.14.4 (/opt/ros/iron/share/ament_lint_auto/cmake)
[115.947s] -- Found gtest sources under '/opt/ros/iron/src/gtest_vendor': C++ tests using 'Google Test' will be built
[115.957s] -- Looking for pthread.h
[116.130s] -- Looking for pthread.h - found
[116.130s] -- Performing Test CMAKE_HAVE_LIBC_PTHREAD
[116.315s] -- Performing Test CMAKE_HAVE_LIBC_PTHREAD - Success
[116.319s] -- Found Threads: TRUE  
[129.815s] -- Added test 'copyright' to check source files copyright and LICENSE
[129.823s] -- Added test 'cppcheck' to perform static code analysis on C / C++ code
[129.829s] -- Configured cppcheck include dirs: /home/matthew/nav2_ws/src/navigation2/nav2_behaviors/include
[129.829s] -- Configured cppcheck exclude dirs and/or files: 
[129.833s] -- Added test 'cpplint' to check C / C++ code against the Google style
[129.834s] -- Configured cpplint exclude dirs and/or files: 
[129.837s] -- Added test 'lint_cmake' to check CMake code style
[129.842s] -- Added test 'uncrustify' to check C / C++ code style
[129.842s] -- Configured uncrustify additional arguments: 
[129.845s] -- Added test 'xmllint' to check XML markup files
[129.854s] -- Configuring done
[131.026s] -- Generating done
[131.153s] -- Build files have been written to: /home/matthew/nav2_ws/build/nav2_behaviors
[131.274s] Invoked command in '/home/matthew/nav2_ws/build/nav2_behaviors' returned '0': AMENT_PREFIX_PATH=/home/matthew/nav2_ws/install/nav2_core:/home/matthew/nav2_ws/install/nav2_costmap_2d:/home/matthew/nav2_ws/install/nav2_map_server:/home/matthew/nav2_ws/install/nav2_lifecycle_manager:/home/matthew/nav2_ws/install/nav2_behavior_tree:/home/matthew/nav2_ws/install/nav2_util:/home/matthew/nav2_ws/install/nav2_voxel_grid:/home/matthew/nav2_ws/install/nav2_msgs:/home/matthew/nav2_ws/install/nav2_common:${AMENT_PREFIX_PATH} CMAKE_PREFIX_PATH=/home/matthew/nav2_ws/install/nav2_core:/home/matthew/nav2_ws/install/nav2_costmap_2d:/home/matthew/nav2_ws/install/nav2_map_server:/home/matthew/nav2_ws/install/nav2_lifecycle_manager:/home/matthew/nav2_ws/install/nav2_behavior_tree:/home/matthew/nav2_ws/install/nav2_util:/home/matthew/nav2_ws/install/nav2_voxel_grid:/home/matthew/nav2_ws/install/nav2_msgs:/home/matthew/nav2_ws/install/nav2_common:/opt/ros/iron LD_LIBRARY_PATH=/home/matthew/nav2_ws/install/nav2_costmap_2d/lib:/home/matthew/nav2_ws/install/nav2_map_server/lib:/home/matthew/nav2_ws/install/nav2_lifecycle_manager/lib:/home/matthew/nav2_ws/install/nav2_behavior_tree/lib:/home/matthew/nav2_ws/install/nav2_util/lib:/home/matthew/nav2_ws/install/nav2_voxel_grid/lib:/home/matthew/nav2_ws/install/nav2_msgs/lib:${LD_LIBRARY_PATH} PYTHONPATH=/home/matthew/nav2_ws/install/nav2_msgs/lib/python3.10/site-packages:/home/matthew/nav2_ws/install/nav2_common/lib/python3.10/site-packages:${PYTHONPATH} /usr/bin/cmake /home/matthew/nav2_ws/src/navigation2/nav2_behaviors -DAMENT_CMAKE_SYMLINK_INSTALL=1 -DCMAKE_INSTALL_PREFIX=/home/matthew/nav2_ws/install/nav2_behaviors
[131.275s] Invoking command in '/home/matthew/nav2_ws/build/nav2_behaviors': AMENT_PREFIX_PATH=/home/matthew/nav2_ws/install/nav2_core:/home/matthew/nav2_ws/install/nav2_costmap_2d:/home/matthew/nav2_ws/install/nav2_map_server:/home/matthew/nav2_ws/install/nav2_lifecycle_manager:/home/matthew/nav2_ws/install/nav2_behavior_tree:/home/matthew/nav2_ws/install/nav2_util:/home/matthew/nav2_ws/install/nav2_voxel_grid:/home/matthew/nav2_ws/install/nav2_msgs:/home/matthew/nav2_ws/install/nav2_common:${AMENT_PREFIX_PATH} CMAKE_PREFIX_PATH=/home/matthew/nav2_ws/install/nav2_core:/home/matthew/nav2_ws/install/nav2_costmap_2d:/home/matthew/nav2_ws/install/nav2_map_server:/home/matthew/nav2_ws/install/nav2_lifecycle_manager:/home/matthew/nav2_ws/install/nav2_behavior_tree:/home/matthew/nav2_ws/install/nav2_util:/home/matthew/nav2_ws/install/nav2_voxel_grid:/home/matthew/nav2_ws/install/nav2_msgs:/home/matthew/nav2_ws/install/nav2_common:/opt/ros/iron LD_LIBRARY_PATH=/home/matthew/nav2_ws/install/nav2_costmap_2d/lib:/home/matthew/nav2_ws/install/nav2_map_server/lib:/home/matthew/nav2_ws/install/nav2_lifecycle_manager/lib:/home/matthew/nav2_ws/install/nav2_behavior_tree/lib:/home/matthew/nav2_ws/install/nav2_util/lib:/home/matthew/nav2_ws/install/nav2_voxel_grid/lib:/home/matthew/nav2_ws/install/nav2_msgs/lib:${LD_LIBRARY_PATH} PYTHONPATH=/home/matthew/nav2_ws/install/nav2_msgs/lib/python3.10/site-packages:/home/matthew/nav2_ws/install/nav2_common/lib/python3.10/site-packages:${PYTHONPATH} /usr/bin/cmake --build /home/matthew/nav2_ws/build/nav2_behaviors -- -j6 -l6
[133.048s] [  5%] [32mBuilding CXX object CMakeFiles/nav2_spin_behavior.dir/plugins/spin.cpp.o[0m
[151.478s] [ 10%] [32mBuilding CXX object CMakeFiles/behavior_server_core.dir/src/behavior_server.cpp.o[0m
[152.582s] [ 15%] [32mBuilding CXX object CMakeFiles/nav2_assisted_teleop_behavior.dir/plugins/assisted_teleop.cpp.o[0m
[153.682s] [ 20%] [32mBuilding CXX object CMakeFiles/nav2_back_up_behavior.dir/plugins/back_up.cpp.o[0m
[154.798s] [ 25%] [32mBuilding CXX object CMakeFiles/nav2_drive_on_heading_behavior.dir/plugins/drive_on_heading.cpp.o[0m
[155.920s] [ 30%] [32mBuilding CXX object CMakeFiles/nav2_wait_behavior.dir/plugins/wait.cpp.o[0m
[161.568s] [ 35%] [32m[1mLinking CXX shared library libnav2_spin_behavior.so[0m
[163.574s] [ 35%] Built target nav2_spin_behavior
[196.832s] [ 40%] [32m[1mLinking CXX shared library libnav2_back_up_behavior.so[0m
[197.770s] [ 45%] [32m[1mLinking CXX shared library libnav2_drive_on_heading_behavior.so[0m
[200.272s] [ 45%] Built target nav2_drive_on_heading_behavior
[200.333s] [ 45%] Built target nav2_back_up_behavior
[203.404s] [ 50%] [32m[1mLinking CXX shared library libnav2_wait_behavior.so[0m
[204.222s] [ 55%] [32m[1mLinking CXX shared library libbehavior_server_core.so[0m
[205.172s] [ 55%] Built target nav2_wait_behavior
[205.835s] [ 55%] Built target behavior_server_core
[223.493s] [ 60%] [32m[1mLinking CXX shared library libnav2_assisted_teleop_behavior.so[0m
[225.190s] [ 60%] Built target nav2_assisted_teleop_behavior
[225.245s] [ 65%] [32mBuilding CXX object CMakeFiles/behavior_server.dir/src/main.cpp.o[0m
[238.156s] [ 70%] [32m[1mLinking CXX executable behavior_server[0m
[239.084s] [ 70%] Built target behavior_server
[239.134s] [ 75%] [32mBuilding CXX object gtest/CMakeFiles/gtest_main.dir/src/gtest_main.cc.o[0m
[241.297s] [ 80%] [32m[1mLinking CXX static library libgtest_main.a[0m
[241.383s] [ 80%] Built target gtest_main
[241.432s] [ 85%] [32mBuilding CXX object gtest/CMakeFiles/gtest.dir/src/gtest-all.cc.o[0m
[260.965s] [ 90%] [32m[1mLinking CXX static library libgtest.a[0m
[261.054s] [ 90%] Built target gtest
[261.119s] [ 95%] [32mBuilding CXX object test/CMakeFiles/test_behaviors.dir/test_behaviors.cpp.o[0m
[296.178s] [100%] [32m[1mLinking CXX executable test_behaviors[0m
[297.986s] [100%] Built target test_behaviors
[298.024s] Invoked command in '/home/matthew/nav2_ws/build/nav2_behaviors' returned '0': AMENT_PREFIX_PATH=/home/matthew/nav2_ws/install/nav2_core:/home/matthew/nav2_ws/install/nav2_costmap_2d:/home/matthew/nav2_ws/install/nav2_map_server:/home/matthew/nav2_ws/install/nav2_lifecycle_manager:/home/matthew/nav2_ws/install/nav2_behavior_tree:/home/matthew/nav2_ws/install/nav2_util:/home/matthew/nav2_ws/install/nav2_voxel_grid:/home/matthew/nav2_ws/install/nav2_msgs:/home/matthew/nav2_ws/install/nav2_common:${AMENT_PREFIX_PATH} CMAKE_PREFIX_PATH=/home/matthew/nav2_ws/install/nav2_core:/home/matthew/nav2_ws/install/nav2_costmap_2d:/home/matthew/nav2_ws/install/nav2_map_server:/home/matthew/nav2_ws/install/nav2_lifecycle_manager:/home/matthew/nav2_ws/install/nav2_behavior_tree:/home/matthew/nav2_ws/install/nav2_util:/home/matthew/nav2_ws/install/nav2_voxel_grid:/home/matthew/nav2_ws/install/nav2_msgs:/home/matthew/nav2_ws/install/nav2_common:/opt/ros/iron LD_LIBRARY_PATH=/home/matthew/nav2_ws/install/nav2_costmap_2d/lib:/home/matthew/nav2_ws/install/nav2_map_server/lib:/home/matthew/nav2_ws/install/nav2_lifecycle_manager/lib:/home/matthew/nav2_ws/install/nav2_behavior_tree/lib:/home/matthew/nav2_ws/install/nav2_util/lib:/home/matthew/nav2_ws/install/nav2_voxel_grid/lib:/home/matthew/nav2_ws/install/nav2_msgs/lib:${LD_LIBRARY_PATH} PYTHONPATH=/home/matthew/nav2_ws/install/nav2_msgs/lib/python3.10/site-packages:/home/matthew/nav2_ws/install/nav2_common/lib/python3.10/site-packages:${PYTHONPATH} /usr/bin/cmake --build /home/matthew/nav2_ws/build/nav2_behaviors -- -j6 -l6
[298.036s] Invoking command in '/home/matthew/nav2_ws/build/nav2_behaviors': AMENT_PREFIX_PATH=/home/matthew/nav2_ws/install/nav2_core:/home/matthew/nav2_ws/install/nav2_costmap_2d:/home/matthew/nav2_ws/install/nav2_map_server:/home/matthew/nav2_ws/install/nav2_lifecycle_manager:/home/matthew/nav2_ws/install/nav2_behavior_tree:/home/matthew/nav2_ws/install/nav2_util:/home/matthew/nav2_ws/install/nav2_voxel_grid:/home/matthew/nav2_ws/install/nav2_msgs:/home/matthew/nav2_ws/install/nav2_common:${AMENT_PREFIX_PATH} CMAKE_PREFIX_PATH=/home/matthew/nav2_ws/install/nav2_core:/home/matthew/nav2_ws/install/nav2_costmap_2d:/home/matthew/nav2_ws/install/nav2_map_server:/home/matthew/nav2_ws/install/nav2_lifecycle_manager:/home/matthew/nav2_ws/install/nav2_behavior_tree:/home/matthew/nav2_ws/install/nav2_util:/home/matthew/nav2_ws/install/nav2_voxel_grid:/home/matthew/nav2_ws/install/nav2_msgs:/home/matthew/nav2_ws/install/nav2_common:/opt/ros/iron LD_LIBRARY_PATH=/home/matthew/nav2_ws/install/nav2_costmap_2d/lib:/home/matthew/nav2_ws/install/nav2_map_server/lib:/home/matthew/nav2_ws/install/nav2_lifecycle_manager/lib:/home/matthew/nav2_ws/install/nav2_behavior_tree/lib:/home/matthew/nav2_ws/install/nav2_util/lib:/home/matthew/nav2_ws/install/nav2_voxel_grid/lib:/home/matthew/nav2_ws/install/nav2_msgs/lib:${LD_LIBRARY_PATH} PYTHONPATH=/home/matthew/nav2_ws/install/nav2_msgs/lib/python3.10/site-packages:/home/matthew/nav2_ws/install/nav2_common/lib/python3.10/site-packages:${PYTHONPATH} /usr/bin/cmake --install /home/matthew/nav2_ws/build/nav2_behaviors
[330.350s] -- Install configuration: "Release"
[330.351s] -- Execute custom install script
[330.351s] -- Symlinking: /home/matthew/nav2_ws/install/nav2_behaviors/share/nav2_behaviors//behavior_plugin.xml
[330.351s] -- Symlinking: /home/matthew/nav2_ws/install/nav2_behaviors/lib/libbehavior_server_core.so
[330.351s] -- Symlinking: /home/matthew/nav2_ws/install/nav2_behaviors/lib/libnav2_spin_behavior.so
[330.351s] -- Symlinking: /home/matthew/nav2_ws/install/nav2_behaviors/lib/libnav2_wait_behavior.so
[330.351s] -- Symlinking: /home/matthew/nav2_ws/install/nav2_behaviors/lib/libnav2_assisted_teleop_behavior.so
[330.352s] -- Symlinking: /home/matthew/nav2_ws/install/nav2_behaviors/lib/libnav2_drive_on_heading_behavior.so
[330.352s] -- Symlinking: /home/matthew/nav2_ws/install/nav2_behaviors/lib/libnav2_back_up_behavior.so
[330.352s] -- Symlinking: /home/matthew/nav2_ws/install/nav2_behaviors/lib/nav2_behaviors/behavior_server
[330.352s] -- Symlinking: /home/matthew/nav2_ws/install/nav2_behaviors/include//nav2_behaviors/behavior_server.hpp
[330.352s] -- Symlinking: /home/matthew/nav2_ws/install/nav2_behaviors/include//nav2_behaviors/plugins/assisted_teleop.hpp
[330.352s] -- Symlinking: /home/matthew/nav2_ws/install/nav2_behaviors/include//nav2_behaviors/plugins/back_up.hpp
[330.352s] -- Symlinking: /home/matthew/nav2_ws/install/nav2_behaviors/include//nav2_behaviors/plugins/drive_on_heading.hpp
[330.352s] -- Symlinking: /home/matthew/nav2_ws/install/nav2_behaviors/include//nav2_behaviors/plugins/spin.hpp
[330.352s] -- Symlinking: /home/matthew/nav2_ws/install/nav2_behaviors/include//nav2_behaviors/plugins/wait.hpp
[330.353s] -- Symlinking: /home/matthew/nav2_ws/install/nav2_behaviors/include//nav2_behaviors/timed_behavior.hpp
[330.353s] -- Up-to-date symlink: /home/matthew/nav2_ws/install/nav2_behaviors/share/nav2_behaviors/behavior_plugin.xml
[330.353s] -- Symlinking: /home/matthew/nav2_ws/install/nav2_behaviors/share/nav2_behaviors/plugins//assisted_teleop.cpp
[330.353s] -- Symlinking: /home/matthew/nav2_ws/install/nav2_behaviors/share/nav2_behaviors/plugins//back_up.cpp
[330.353s] -- Symlinking: /home/matthew/nav2_ws/install/nav2_behaviors/share/nav2_behaviors/plugins//drive_on_heading.cpp
[330.353s] -- Symlinking: /home/matthew/nav2_ws/install/nav2_behaviors/share/nav2_behaviors/plugins//spin.cpp
[330.353s] -- Symlinking: /home/matthew/nav2_ws/install/nav2_behaviors/share/nav2_behaviors/plugins//wait.cpp
[330.353s] -- Symlinking: /home/matthew/nav2_ws/install/nav2_behaviors/share/nav2_behaviors/environment/library_path.sh
[330.354s] -- Symlinking: /home/matthew/nav2_ws/install/nav2_behaviors/share/nav2_behaviors/environment/library_path.dsv
[330.354s] -- Symlinking: /home/matthew/nav2_ws/install/nav2_behaviors/share/ament_index/resource_index/package_run_dependencies/nav2_behaviors
[330.354s] -- Symlinking: /home/matthew/nav2_ws/install/nav2_behaviors/share/ament_index/resource_index/parent_prefix_path/nav2_behaviors
[330.354s] -- Symlinking: /home/matthew/nav2_ws/install/nav2_behaviors/share/nav2_behaviors/environment/ament_prefix_path.sh
[330.354s] -- Symlinking: /home/matthew/nav2_ws/install/nav2_behaviors/share/nav2_behaviors/environment/ament_prefix_path.dsv
[330.354s] -- Symlinking: /home/matthew/nav2_ws/install/nav2_behaviors/share/nav2_behaviors/environment/path.sh
[330.354s] -- Symlinking: /home/matthew/nav2_ws/install/nav2_behaviors/share/nav2_behaviors/environment/path.dsv
[330.354s] -- Symlinking: /home/matthew/nav2_ws/install/nav2_behaviors/share/nav2_behaviors/local_setup.bash
[330.354s] -- Symlinking: /home/matthew/nav2_ws/install/nav2_behaviors/share/nav2_behaviors/local_setup.sh
[330.355s] -- Symlinking: /home/matthew/nav2_ws/install/nav2_behaviors/share/nav2_behaviors/local_setup.zsh
[330.355s] -- Symlinking: /home/matthew/nav2_ws/install/nav2_behaviors/share/nav2_behaviors/local_setup.dsv
[330.355s] -- Symlinking: /home/matthew/nav2_ws/install/nav2_behaviors/share/nav2_behaviors/package.dsv
[330.355s] -- Symlinking: /home/matthew/nav2_ws/install/nav2_behaviors/share/ament_index/resource_index/packages/nav2_behaviors
[330.355s] -- Symlinking: /home/matthew/nav2_ws/install/nav2_behaviors/share/ament_index/resource_index/nav2_core__pluginlib__plugin/nav2_behaviors
[330.356s] -- Symlinking: /home/matthew/nav2_ws/install/nav2_behaviors/share/ament_index/resource_index/rclcpp_components/nav2_behaviors
[330.356s] -- Symlinking: /home/matthew/nav2_ws/install/nav2_behaviors/share/nav2_behaviors/cmake/ament_cmake_export_include_directories-extras.cmake
[330.356s] -- Symlinking: /home/matthew/nav2_ws/install/nav2_behaviors/share/nav2_behaviors/cmake/ament_cmake_export_libraries-extras.cmake
[330.356s] -- Symlinking: /home/matthew/nav2_ws/install/nav2_behaviors/share/nav2_behaviors/cmake/ament_cmake_export_dependencies-extras.cmake
[330.356s] -- Symlinking: /home/matthew/nav2_ws/install/nav2_behaviors/share/nav2_behaviors/cmake/nav2_behaviorsConfig.cmake
[330.356s] -- Symlinking: /home/matthew/nav2_ws/install/nav2_behaviors/share/nav2_behaviors/cmake/nav2_behaviorsConfig-version.cmake
[330.356s] -- Symlinking: /home/matthew/nav2_ws/install/nav2_behaviors/share/nav2_behaviors/package.xml
[330.365s] Invoked command in '/home/matthew/nav2_ws/build/nav2_behaviors' returned '0': AMENT_PREFIX_PATH=/home/matthew/nav2_ws/install/nav2_core:/home/matthew/nav2_ws/install/nav2_costmap_2d:/home/matthew/nav2_ws/install/nav2_map_server:/home/matthew/nav2_ws/install/nav2_lifecycle_manager:/home/matthew/nav2_ws/install/nav2_behavior_tree:/home/matthew/nav2_ws/install/nav2_util:/home/matthew/nav2_ws/install/nav2_voxel_grid:/home/matthew/nav2_ws/install/nav2_msgs:/home/matthew/nav2_ws/install/nav2_common:${AMENT_PREFIX_PATH} CMAKE_PREFIX_PATH=/home/matthew/nav2_ws/install/nav2_core:/home/matthew/nav2_ws/install/nav2_costmap_2d:/home/matthew/nav2_ws/install/nav2_map_server:/home/matthew/nav2_ws/install/nav2_lifecycle_manager:/home/matthew/nav2_ws/install/nav2_behavior_tree:/home/matthew/nav2_ws/install/nav2_util:/home/matthew/nav2_ws/install/nav2_voxel_grid:/home/matthew/nav2_ws/install/nav2_msgs:/home/matthew/nav2_ws/install/nav2_common:/opt/ros/iron LD_LIBRARY_PATH=/home/matthew/nav2_ws/install/nav2_costmap_2d/lib:/home/matthew/nav2_ws/install/nav2_map_server/lib:/home/matthew/nav2_ws/install/nav2_lifecycle_manager/lib:/home/matthew/nav2_ws/install/nav2_behavior_tree/lib:/home/matthew/nav2_ws/install/nav2_util/lib:/home/matthew/nav2_ws/install/nav2_voxel_grid/lib:/home/matthew/nav2_ws/install/nav2_msgs/lib:${LD_LIBRARY_PATH} PYTHONPATH=/home/matthew/nav2_ws/install/nav2_msgs/lib/python3.10/site-packages:/home/matthew/nav2_ws/install/nav2_common/lib/python3.10/site-packages:${PYTHONPATH} /usr/bin/cmake --install /home/matthew/nav2_ws/build/nav2_behaviors
