-- The C compiler identification is GNU 11.4.0
-- The CXX compiler identification is GNU 11.4.0
-- Detecting C compiler ABI info
-- Detecting C compiler ABI info - done
-- Check for working C compiler: /usr/bin/cc - skipped
-- Detecting C compile features
-- Detecting C compile features - done
-- Detecting CXX compiler ABI info
-- Detecting CXX compiler ABI info - done
-- Check for working CXX compiler: /usr/bin/c++ - skipped
-- Detecting CXX compile features
-- Detecting CXX compile features - done
-- Found ament_cmake: 2.0.7 (/opt/ros/iron/share/ament_cmake/cmake)
-- Found Python3: /usr/bin/python3.10 (found version "3.10.12") found components: Interpreter 
-- Override CMake install command with custom implementation using symlinks instead of copying resources
-- Found rclcpp: 21.0.8 (/opt/ros/iron/share/rclcpp/cmake)
-- Found rosidl_generator_c: 4.0.1 (/opt/ros/iron/share/rosidl_generator_c/cmake)
-- Found rosidl_generator_cpp: 4.0.1 (/opt/ros/iron/share/rosidl_generator_cpp/cmake)
-- Using all available rosidl_typesupport_c: rosidl_typesupport_fastrtps_c;rosidl_typesupport_introspection_c
-- Using all available rosidl_typesupport_cpp: rosidl_typesupport_fastrtps_cpp;rosidl_typesupport_introspection_cpp
-- Found rmw_implementation_cmake: 7.1.0 (/opt/ros/iron/share/rmw_implementation_cmake/cmake)
-- Found rmw_fastrtps_cpp: 7.1.4 (/opt/ros/iron/share/rmw_fastrtps_cpp/cmake)
-- Found OpenSSL: /usr/lib/aarch64-linux-gnu/libcrypto.so (found version "3.0.2")  
-- Found FastRTPS: /opt/ros/iron/include  
-- Using RMW implementation 'rmw_fastrtps_cpp' as default
-- Found rclcpp_components: 21.0.8 (/opt/ros/iron/share/rclcpp_components/cmake)
-- Found sensor_msgs: 5.0.1 (/opt/ros/iron/share/sensor_msgs/cmake)
-- Found tf2: 0.31.8 (/opt/ros/iron/share/tf2/cmake)
-- Found tf2_ros: 0.31.8 (/opt/ros/iron/share/tf2_ros/cmake)
-- Found tf2_geometry_msgs: 0.31.8 (/opt/ros/iron/share/tf2_geometry_msgs/cmake)
-- Found eigen3_cmake_module: 0.2.2 (/opt/ros/iron/share/eigen3_cmake_module/cmake)
-- Found Eigen3: TRUE (found version "3.4.0") 
-- Ensuring Eigen3 include directory is part of orocos-kdl CMake target
-- Found nav2_common: 1.2.10 (/home/matthew/nav2_ws/install/nav2_common/share/nav2_common/cmake)
-- Found nav2_util: 1.2.10 (/home/matthew/nav2_ws/install/nav2_util/share/nav2_util/cmake)
-- Found nav2_costmap_2d: 1.2.10 (/home/matthew/nav2_ws/install/nav2_costmap_2d/share/nav2_costmap_2d/cmake)
-- Setting build type to Release as none was specified.
-- Found ament_lint_auto: 0.14.4 (/opt/ros/iron/share/ament_lint_auto/cmake)
-- Found gtest sources under '/opt/ros/iron/src/gtest_vendor': C++ tests using 'Google Test' will be built
-- Looking for pthread.h
-- Looking for pthread.h - found
-- Performing Test CMAKE_HAVE_LIBC_PTHREAD
-- Performing Test CMAKE_HAVE_LIBC_PTHREAD - Success
-- Found Threads: TRUE  
-- Added test 'cppcheck' to perform static code analysis on C / C++ code
-- Configured cppcheck include dirs: /home/matthew/nav2_ws/src/navigation2/nav2_collision_monitor/include
-- Configured cppcheck exclude dirs and/or files: 
-- Added test 'flake8' to check Python code syntax and style conventions
-- Configured 'flake8' exclude dirs and/or files: 
-- Added test 'lint_cmake' to check CMake code style
-- Added test 'pep257' to check Python code against some of the docstring style conventions in PEP 257
-- Added test 'uncrustify' to check C / C++ code style
-- Configured uncrustify additional arguments: 
-- Added test 'xmllint' to check XML markup files
-- Configuring done
-- Generating done
-- Build files have been written to: /home/matthew/nav2_ws/build/nav2_collision_monitor
[  2%] [32mBuilding CXX object CMakeFiles/collision_monitor_core.dir/src/collision_monitor_node.cpp.o[0m
[  5%] [32mBuilding CXX object CMakeFiles/collision_monitor_core.dir/src/circle.cpp.o[0m
[  8%] [32mBuilding CXX object CMakeFiles/collision_monitor_core.dir/src/polygon.cpp.o[0m
[ 11%] [32mBuilding CXX object CMakeFiles/collision_monitor_core.dir/src/scan.cpp.o[0m
[ 16%] [32mBuilding CXX object CMakeFiles/collision_monitor_core.dir/src/source.cpp.o[0m
[ 16%] [32mBuilding CXX object CMakeFiles/collision_monitor_core.dir/src/pointcloud.cpp.o[0m
[ 19%] [32mBuilding CXX object CMakeFiles/collision_monitor_core.dir/src/kinematics.cpp.o[0m
[ 22%] [32mBuilding CXX object CMakeFiles/collision_monitor_core.dir/src/range.cpp.o[0m
[ 25%] [32m[1mLinking CXX shared library libcollision_monitor_core.so[0m
[ 25%] Built target collision_monitor_core
[ 27%] [32mBuilding CXX object gtest/CMakeFiles/gtest_main.dir/src/gtest_main.cc.o[0m
[ 30%] [32m[1mLinking CXX static library libgtest_main.a[0m
[ 30%] Built target gtest_main
[ 33%] [32mBuilding CXX object CMakeFiles/collision_monitor.dir/src/collision_monitor_main.cpp.o[0m
[ 36%] [32m[1mLinking CXX executable collision_monitor[0m
[ 36%] Built target collision_monitor
[ 38%] [32mBuilding CXX object CMakeFiles/collision_detector_core.dir/src/collision_detector_node.cpp.o[0m
[ 41%] [32mBuilding CXX object CMakeFiles/collision_detector_core.dir/src/polygon.cpp.o[0m
[ 44%] [32mBuilding CXX object gtest/CMakeFiles/gtest.dir/src/gtest-all.cc.o[0m
[ 47%] [32m[1mLinking CXX static library libgtest.a[0m
[ 47%] Built target gtest
[ 50%] [32mBuilding CXX object CMakeFiles/collision_detector_core.dir/src/scan.cpp.o[0m
[ 52%] [32mBuilding CXX object CMakeFiles/collision_detector_core.dir/src/source.cpp.o[0m
[ 55%] [32mBuilding CXX object test/CMakeFiles/polygons_test.dir/polygons_test.cpp.o[0m
[ 58%] [32mBuilding CXX object CMakeFiles/collision_detector_core.dir/src/circle.cpp.o[0m
[ 61%] [32mBuilding CXX object test/CMakeFiles/sources_test.dir/sources_test.cpp.o[0m
[ 63%] [32mBuilding CXX object test/CMakeFiles/kinematics_test.dir/kinematics_test.cpp.o[0m
[ 66%] [32m[1mLinking CXX executable kinematics_test[0m
[ 66%] Built target kinematics_test
[ 69%] [32mBuilding CXX object CMakeFiles/collision_detector_core.dir/src/range.cpp.o[0m
[ 72%] [32m[1mLinking CXX executable sources_test[0m
[ 72%] Built target sources_test
[ 75%] [32mBuilding CXX object test/CMakeFiles/collision_monitor_node_test.dir/collision_monitor_node_test.cpp.o[0m
[ 77%] [32m[1mLinking CXX executable polygons_test[0m
[ 77%] Built target polygons_test
[ 80%] [32mBuilding CXX object CMakeFiles/collision_detector_core.dir/src/kinematics.cpp.o[0m
[ 83%] [32mBuilding CXX object CMakeFiles/collision_detector_core.dir/src/pointcloud.cpp.o[0m
[ 86%] [32m[1mLinking CXX shared library libcollision_detector_core.so[0m
[ 86%] Built target collision_detector_core
[ 88%] [32m[1mLinking CXX executable collision_monitor_node_test[0m
[ 88%] Built target collision_monitor_node_test
[ 91%] [32mBuilding CXX object test/CMakeFiles/collision_detector_node_test.dir/collision_detector_node_test.cpp.o[0m
[ 94%] [32m[1mLinking CXX executable collision_detector_node_test[0m
[ 94%] Built target collision_detector_node_test
[ 97%] [32mBuilding CXX object CMakeFiles/collision_detector.dir/src/collision_detector_main.cpp.o[0m
[100%] [32m[1mLinking CXX executable collision_detector[0m
[100%] Built target collision_detector
-- Install configuration: "Release"
-- Execute custom install script
-- Symlinking: /home/matthew/nav2_ws/install/nav2_collision_monitor/lib/libcollision_monitor_core.so
-- Symlinking: /home/matthew/nav2_ws/install/nav2_collision_monitor/lib/libcollision_detector_core.so
-- Symlinking: /home/matthew/nav2_ws/install/nav2_collision_monitor/lib/nav2_collision_monitor/collision_monitor
-- Symlinking: /home/matthew/nav2_ws/install/nav2_collision_monitor/lib/nav2_collision_monitor/collision_detector
-- Symlinking: /home/matthew/nav2_ws/install/nav2_collision_monitor/include//nav2_collision_monitor/circle.hpp
-- Symlinking: /home/matthew/nav2_ws/install/nav2_collision_monitor/include//nav2_collision_monitor/collision_detector_node.hpp
-- Symlinking: /home/matthew/nav2_ws/install/nav2_collision_monitor/include//nav2_collision_monitor/collision_monitor_node.hpp
-- Symlinking: /home/matthew/nav2_ws/install/nav2_collision_monitor/include//nav2_collision_monitor/kinematics.hpp
-- Symlinking: /home/matthew/nav2_ws/install/nav2_collision_monitor/include//nav2_collision_monitor/pointcloud.hpp
-- Symlinking: /home/matthew/nav2_ws/install/nav2_collision_monitor/include//nav2_collision_monitor/polygon.hpp
-- Symlinking: /home/matthew/nav2_ws/install/nav2_collision_monitor/include//nav2_collision_monitor/range.hpp
-- Symlinking: /home/matthew/nav2_ws/install/nav2_collision_monitor/include//nav2_collision_monitor/scan.hpp
-- Symlinking: /home/matthew/nav2_ws/install/nav2_collision_monitor/include//nav2_collision_monitor/source.hpp
-- Symlinking: /home/matthew/nav2_ws/install/nav2_collision_monitor/include//nav2_collision_monitor/types.hpp
-- Symlinking: /home/matthew/nav2_ws/install/nav2_collision_monitor/share/nav2_collision_monitor/launch/collision_detector_node.launch.py
-- Symlinking: /home/matthew/nav2_ws/install/nav2_collision_monitor/share/nav2_collision_monitor/launch/collision_monitor_node.launch.py
-- Symlinking: /home/matthew/nav2_ws/install/nav2_collision_monitor/share/nav2_collision_monitor/params/collision_detector_params.yaml
-- Symlinking: /home/matthew/nav2_ws/install/nav2_collision_monitor/share/nav2_collision_monitor/params/collision_monitor_params.yaml
-- Symlinking: /home/matthew/nav2_ws/install/nav2_collision_monitor/share/nav2_collision_monitor/environment/library_path.sh
-- Symlinking: /home/matthew/nav2_ws/install/nav2_collision_monitor/share/nav2_collision_monitor/environment/library_path.dsv
-- Symlinking: /home/matthew/nav2_ws/install/nav2_collision_monitor/share/ament_index/resource_index/package_run_dependencies/nav2_collision_monitor
-- Symlinking: /home/matthew/nav2_ws/install/nav2_collision_monitor/share/ament_index/resource_index/parent_prefix_path/nav2_collision_monitor
-- Symlinking: /home/matthew/nav2_ws/install/nav2_collision_monitor/share/nav2_collision_monitor/environment/ament_prefix_path.sh
-- Symlinking: /home/matthew/nav2_ws/install/nav2_collision_monitor/share/nav2_collision_monitor/environment/ament_prefix_path.dsv
-- Symlinking: /home/matthew/nav2_ws/install/nav2_collision_monitor/share/nav2_collision_monitor/environment/path.sh
-- Symlinking: /home/matthew/nav2_ws/install/nav2_collision_monitor/share/nav2_collision_monitor/environment/path.dsv
-- Symlinking: /home/matthew/nav2_ws/install/nav2_collision_monitor/share/nav2_collision_monitor/local_setup.bash
-- Symlinking: /home/matthew/nav2_ws/install/nav2_collision_monitor/share/nav2_collision_monitor/local_setup.sh
-- Symlinking: /home/matthew/nav2_ws/install/nav2_collision_monitor/share/nav2_collision_monitor/local_setup.zsh
-- Symlinking: /home/matthew/nav2_ws/install/nav2_collision_monitor/share/nav2_collision_monitor/local_setup.dsv
-- Symlinking: /home/matthew/nav2_ws/install/nav2_collision_monitor/share/nav2_collision_monitor/package.dsv
-- Symlinking: /home/matthew/nav2_ws/install/nav2_collision_monitor/share/ament_index/resource_index/packages/nav2_collision_monitor
-- Symlinking: /home/matthew/nav2_ws/install/nav2_collision_monitor/share/ament_index/resource_index/rclcpp_components/nav2_collision_monitor
-- Symlinking: /home/matthew/nav2_ws/install/nav2_collision_monitor/share/nav2_collision_monitor/cmake/ament_cmake_export_include_directories-extras.cmake
-- Symlinking: /home/matthew/nav2_ws/install/nav2_collision_monitor/share/nav2_collision_monitor/cmake/ament_cmake_export_libraries-extras.cmake
-- Symlinking: /home/matthew/nav2_ws/install/nav2_collision_monitor/share/nav2_collision_monitor/cmake/ament_cmake_export_dependencies-extras.cmake
-- Symlinking: /home/matthew/nav2_ws/install/nav2_collision_monitor/share/nav2_collision_monitor/cmake/nav2_collision_monitorConfig.cmake
-- Symlinking: /home/matthew/nav2_ws/install/nav2_collision_monitor/share/nav2_collision_monitor/cmake/nav2_collision_monitorConfig-version.cmake
-- Symlinking: /home/matthew/nav2_ws/install/nav2_collision_monitor/share/nav2_collision_monitor/package.xml
