[0.023s] Invoking command in '/home/matthew/nav2_ws/build/nav_2d_msgs': CMAKE_PREFIX_PATH=/opt/ros/iron /usr/bin/cmake /home/matthew/nav2_ws/src/navigation2/nav2_dwb_controller/nav_2d_msgs -DAMENT_CMAKE_SYMLINK_INSTALL=1 -DCMAKE_INSTALL_PREFIX=/home/matthew/nav2_ws/install/nav_2d_msgs
[0.617s] -- The C compiler identification is GNU 11.4.0
[1.052s] -- The CXX compiler identification is GNU 11.4.0
[1.079s] -- Detecting C compiler ABI info
[1.221s] -- Detecting C compiler ABI info - done
[1.234s] -- Check for working C compiler: /usr/bin/cc - skipped
[1.235s] -- Detecting C compile features
[1.236s] -- Detecting C compile features - done
[1.244s] -- Detecting CXX compiler ABI info
[1.398s] -- Detecting CXX compiler ABI info - done
[1.412s] -- Check for working CXX compiler: /usr/bin/c++ - skipped
[1.413s] -- Detecting CXX compile features
[1.414s] -- Detecting CXX compile features - done
[1.422s] -- Found geometry_msgs: 5.0.1 (/opt/ros/iron/share/geometry_msgs/cmake)
[1.767s] -- Found Python3: /usr/bin/python3.10 (found version "3.10.12") found components: Interpreter 
[1.902s] -- Override CMake install command with custom implementation using symlinks instead of copying resources
[2.114s] -- Found rosidl_generator_c: 4.0.1 (/opt/ros/iron/share/rosidl_generator_c/cmake)
[2.146s] -- Found rosidl_generator_cpp: 4.0.1 (/opt/ros/iron/share/rosidl_generator_cpp/cmake)
[2.190s] -- Using all available rosidl_typesupport_c: rosidl_typesupport_fastrtps_c;rosidl_typesupport_introspection_c
[2.240s] -- Using all available rosidl_typesupport_cpp: rosidl_typesupport_fastrtps_cpp;rosidl_typesupport_introspection_cpp
[2.465s] -- Found rosidl_default_generators: 1.5.0 (/opt/ros/iron/share/rosidl_default_generators/cmake)
[2.498s] -- Found rosidl_adapter: 4.0.1 (/opt/ros/iron/share/rosidl_adapter/cmake)
[3.393s] -- Found ament_cmake_ros: 0.11.2 (/opt/ros/iron/share/ament_cmake_ros/cmake)
[4.427s] -- Using all available rosidl_typesupport_c: rosidl_typesupport_fastrtps_c;rosidl_typesupport_introspection_c
[4.790s] -- Using all available rosidl_typesupport_cpp: rosidl_typesupport_fastrtps_cpp;rosidl_typesupport_introspection_cpp
[4.841s] -- Found PythonInterp: /usr/bin/python3 (found suitable version "3.10.12", minimum required is "3.6") 
[4.845s] -- Found python_cmake_module: 0.10.2 (/opt/ros/iron/share/python_cmake_module/cmake)
[4.925s] -- Found PythonLibs: /usr/lib/aarch64-linux-gnu/libpython3.10.so (found suitable version "3.10.12", minimum required is "3.5") 
[4.926s] -- Using PYTHON_EXECUTABLE: /usr/bin/python3
[4.926s] -- Using PYTHON_INCLUDE_DIRS: /usr/include/python3.10
[4.927s] -- Using PYTHON_LIBRARIES: /usr/lib/aarch64-linux-gnu/libpython3.10.so
[4.971s] -- Found PythonExtra: .so  
[5.159s] -- Configuring done
[5.255s] -- Generating done
[5.279s] -- Build files have been written to: /home/matthew/nav2_ws/build/nav_2d_msgs
[5.297s] Invoked command in '/home/matthew/nav2_ws/build/nav_2d_msgs' returned '0': CMAKE_PREFIX_PATH=/opt/ros/iron /usr/bin/cmake /home/matthew/nav2_ws/src/navigation2/nav2_dwb_controller/nav_2d_msgs -DAMENT_CMAKE_SYMLINK_INSTALL=1 -DCMAKE_INSTALL_PREFIX=/home/matthew/nav2_ws/install/nav_2d_msgs
[5.301s] Invoking command in '/home/matthew/nav2_ws/build/nav_2d_msgs': CMAKE_PREFIX_PATH=/opt/ros/iron /usr/bin/cmake --build /home/matthew/nav2_ws/build/nav_2d_msgs -- -j6 -l6
[5.400s] [  1%] [34m[1mGenerating type hashes for ROS interfaces[0m
[5.413s] [  1%] Built target ament_cmake_python_symlink_nav_2d_msgs
[5.946s] [  1%] Built target nav_2d_msgs__rosidl_generator_type_description
[5.948s] running egg_info
[5.950s] creating nav_2d_msgs.egg-info
[5.950s] writing nav_2d_msgs.egg-info/PKG-INFO
[5.951s] writing dependency_links to nav_2d_msgs.egg-info/dependency_links.txt
[5.951s] writing top-level names to nav_2d_msgs.egg-info/top_level.txt
[5.952s] writing manifest file 'nav_2d_msgs.egg-info/SOURCES.txt'
[5.957s] reading manifest file 'nav_2d_msgs.egg-info/SOURCES.txt'
[5.959s] writing manifest file 'nav_2d_msgs.egg-info/SOURCES.txt'
[5.969s] [  2%] [34m[1mGenerating C code for ROS interfaces[0m
[5.987s] [  3%] [34m[1mGenerating C++ code for ROS interfaces[0m
[6.038s] [  3%] Built target ament_cmake_python_build_nav_2d_msgs_egg
[7.225s] [  3%] Built target nav_2d_msgs__cpp
[7.650s] [  4%] [32mBuilding C object CMakeFiles/nav_2d_msgs__rosidl_generator_c.dir/rosidl_generator_c/nav_2d_msgs/msg/detail/path2_d__description.c.o[0m
[7.651s] [  5%] [32mBuilding C object CMakeFiles/nav_2d_msgs__rosidl_generator_c.dir/rosidl_generator_c/nav_2d_msgs/msg/detail/path2_d__functions.c.o[0m
[7.670s] [  8%] [32mBuilding C object CMakeFiles/nav_2d_msgs__rosidl_generator_c.dir/rosidl_generator_c/nav_2d_msgs/msg/detail/pose2_d32__functions.c.o[0m
[7.671s] [  8%] [32mBuilding C object CMakeFiles/nav_2d_msgs__rosidl_generator_c.dir/rosidl_generator_c/nav_2d_msgs/msg/detail/pose2_d32__description.c.o[0m
[7.678s] [  9%] [32mBuilding C object CMakeFiles/nav_2d_msgs__rosidl_generator_c.dir/rosidl_generator_c/nav_2d_msgs/msg/detail/path2_d__type_support.c.o[0m
[7.738s] [ 10%] [32mBuilding C object CMakeFiles/nav_2d_msgs__rosidl_generator_c.dir/rosidl_generator_c/nav_2d_msgs/msg/detail/pose2_d32__type_support.c.o[0m
[7.820s] [ 11%] [32mBuilding C object CMakeFiles/nav_2d_msgs__rosidl_generator_c.dir/rosidl_generator_c/nav_2d_msgs/msg/detail/pose2_d_stamped__description.c.o[0m
[7.871s] [ 13%] [32mBuilding C object CMakeFiles/nav_2d_msgs__rosidl_generator_c.dir/rosidl_generator_c/nav_2d_msgs/msg/detail/pose2_d_stamped__type_support.c.o[0m
[7.874s] [ 14%] [32mBuilding C object CMakeFiles/nav_2d_msgs__rosidl_generator_c.dir/rosidl_generator_c/nav_2d_msgs/msg/detail/pose2_d_stamped__functions.c.o[0m
[7.886s] [ 15%] [32mBuilding C object CMakeFiles/nav_2d_msgs__rosidl_generator_c.dir/rosidl_generator_c/nav_2d_msgs/msg/detail/twist2_d__description.c.o[0m
[7.896s] [ 16%] [32mBuilding C object CMakeFiles/nav_2d_msgs__rosidl_generator_c.dir/rosidl_generator_c/nav_2d_msgs/msg/detail/twist2_d__functions.c.o[0m
[7.969s] [ 17%] [32mBuilding C object CMakeFiles/nav_2d_msgs__rosidl_generator_c.dir/rosidl_generator_c/nav_2d_msgs/msg/detail/twist2_d__type_support.c.o[0m
[8.006s] [ 19%] [32mBuilding C object CMakeFiles/nav_2d_msgs__rosidl_generator_c.dir/rosidl_generator_c/nav_2d_msgs/msg/detail/twist2_d32__description.c.o[0m
[8.047s] [ 20%] [32mBuilding C object CMakeFiles/nav_2d_msgs__rosidl_generator_c.dir/rosidl_generator_c/nav_2d_msgs/msg/detail/twist2_d32__functions.c.o[0m
[8.067s] [ 21%] [32mBuilding C object CMakeFiles/nav_2d_msgs__rosidl_generator_c.dir/rosidl_generator_c/nav_2d_msgs/msg/detail/twist2_d32__type_support.c.o[0m
[8.074s] [ 22%] [32mBuilding C object CMakeFiles/nav_2d_msgs__rosidl_generator_c.dir/rosidl_generator_c/nav_2d_msgs/msg/detail/twist2_d_stamped__description.c.o[0m
[8.149s] [ 23%] [32mBuilding C object CMakeFiles/nav_2d_msgs__rosidl_generator_c.dir/rosidl_generator_c/nav_2d_msgs/msg/detail/twist2_d_stamped__functions.c.o[0m
[8.157s] [ 25%] [32mBuilding C object CMakeFiles/nav_2d_msgs__rosidl_generator_c.dir/rosidl_generator_c/nav_2d_msgs/msg/detail/twist2_d_stamped__type_support.c.o[0m
[8.302s] [ 26%] [32m[1mLinking C shared library libnav_2d_msgs__rosidl_generator_c.so[0m
[8.414s] [ 26%] Built target nav_2d_msgs__rosidl_generator_c
[8.438s] [ 27%] [34m[1mGenerating C++ type support dispatch for ROS interfaces[0m
[8.439s] [ 28%] [34m[1mGenerating C++ type support for eProsima Fast-RTPS[0m
[8.455s] [ 29%] [34m[1mGenerating C introspection for ROS interfaces[0m
[8.463s] [ 30%] [34m[1mGenerating C type support for eProsima Fast-RTPS[0m
[8.471s] [ 32%] [34m[1mGenerating C++ introspection for ROS interfaces[0m
[8.488s] [ 33%] [34m[1mGenerating C type support dispatch for ROS interfaces[0m
[9.757s] [ 35%] [32mBuilding CXX object CMakeFiles/nav_2d_msgs__rosidl_typesupport_c.dir/rosidl_typesupport_c/nav_2d_msgs/msg/path2_d__type_support.cpp.o[0m
[9.757s] [ 35%] [32mBuilding CXX object CMakeFiles/nav_2d_msgs__rosidl_typesupport_cpp.dir/rosidl_typesupport_cpp/nav_2d_msgs/msg/path2_d__type_support.cpp.o[0m
[9.978s] [ 36%] [32mBuilding CXX object CMakeFiles/nav_2d_msgs__rosidl_typesupport_c.dir/rosidl_typesupport_c/nav_2d_msgs/msg/pose2_d32__type_support.cpp.o[0m
[10.095s] [ 38%] [32mBuilding CXX object CMakeFiles/nav_2d_msgs__rosidl_typesupport_introspection_cpp.dir/rosidl_typesupport_introspection_cpp/nav_2d_msgs/msg/detail/path2_d__type_support.cpp.o[0m
[10.146s] [ 39%] [32mBuilding CXX object CMakeFiles/nav_2d_msgs__rosidl_typesupport_c.dir/rosidl_typesupport_c/nav_2d_msgs/msg/pose2_d_stamped__type_support.cpp.o[0m
[10.268s] [ 40%] [32mBuilding C object CMakeFiles/nav_2d_msgs__rosidl_typesupport_introspection_c.dir/rosidl_typesupport_introspection_c/nav_2d_msgs/msg/detail/path2_d__type_support.c.o[0m
[10.359s] [ 41%] [32mBuilding CXX object CMakeFiles/nav_2d_msgs__rosidl_typesupport_c.dir/rosidl_typesupport_c/nav_2d_msgs/msg/twist2_d__type_support.cpp.o[0m
[10.463s] [ 42%] [32mBuilding CXX object CMakeFiles/nav_2d_msgs__rosidl_typesupport_fastrtps_c.dir/rosidl_typesupport_fastrtps_c/nav_2d_msgs/msg/detail/path2_d__type_support_c.cpp.o[0m
[10.493s] [ 44%] [32mBuilding C object CMakeFiles/nav_2d_msgs__rosidl_typesupport_introspection_c.dir/rosidl_typesupport_introspection_c/nav_2d_msgs/msg/detail/pose2_d32__type_support.c.o[0m
[10.529s] [ 45%] [32mBuilding CXX object CMakeFiles/nav_2d_msgs__rosidl_typesupport_fastrtps_cpp.dir/rosidl_typesupport_fastrtps_cpp/nav_2d_msgs/msg/detail/dds_fastrtps/path2_d__type_support.cpp.o[0m
[10.586s] [ 46%] [32mBuilding CXX object CMakeFiles/nav_2d_msgs__rosidl_typesupport_c.dir/rosidl_typesupport_c/nav_2d_msgs/msg/twist2_d32__type_support.cpp.o[0m
[10.670s] [ 47%] [32mBuilding C object CMakeFiles/nav_2d_msgs__rosidl_typesupport_introspection_c.dir/rosidl_typesupport_introspection_c/nav_2d_msgs/msg/detail/pose2_d_stamped__type_support.c.o[0m
[10.776s] [ 48%] [32mBuilding CXX object CMakeFiles/nav_2d_msgs__rosidl_typesupport_c.dir/rosidl_typesupport_c/nav_2d_msgs/msg/twist2_d_stamped__type_support.cpp.o[0m
[10.898s] [ 50%] [32mBuilding C object CMakeFiles/nav_2d_msgs__rosidl_typesupport_introspection_c.dir/rosidl_typesupport_introspection_c/nav_2d_msgs/msg/detail/twist2_d__type_support.c.o[0m
[11.016s] [ 51%] [32m[1mLinking CXX shared library libnav_2d_msgs__rosidl_typesupport_c.so[0m
[11.048s] [ 52%] [32mBuilding CXX object CMakeFiles/nav_2d_msgs__rosidl_typesupport_cpp.dir/rosidl_typesupport_cpp/nav_2d_msgs/msg/pose2_d32__type_support.cpp.o[0m
[11.120s] [ 53%] [32mBuilding C object CMakeFiles/nav_2d_msgs__rosidl_typesupport_introspection_c.dir/rosidl_typesupport_introspection_c/nav_2d_msgs/msg/detail/twist2_d32__type_support.c.o[0m
[11.220s] [ 53%] Built target nav_2d_msgs__rosidl_typesupport_c
[11.297s] [ 54%] [32mBuilding CXX object CMakeFiles/nav_2d_msgs__rosidl_typesupport_cpp.dir/rosidl_typesupport_cpp/nav_2d_msgs/msg/pose2_d_stamped__type_support.cpp.o[0m
[11.340s] [ 55%] [32mBuilding C object CMakeFiles/nav_2d_msgs__rosidl_typesupport_introspection_c.dir/rosidl_typesupport_introspection_c/nav_2d_msgs/msg/detail/twist2_d_stamped__type_support.c.o[0m
[11.552s] [ 57%] [32mBuilding CXX object CMakeFiles/nav_2d_msgs__rosidl_typesupport_introspection_cpp.dir/rosidl_typesupport_introspection_cpp/nav_2d_msgs/msg/detail/pose2_d32__type_support.cpp.o[0m
[11.579s] [ 58%] [32m[1mLinking C shared library libnav_2d_msgs__rosidl_typesupport_introspection_c.so[0m
[11.760s] [ 58%] Built target nav_2d_msgs__rosidl_typesupport_introspection_c
[11.830s] [ 59%] [32mBuilding CXX object CMakeFiles/nav_2d_msgs__rosidl_typesupport_introspection_cpp.dir/rosidl_typesupport_introspection_cpp/nav_2d_msgs/msg/detail/pose2_d_stamped__type_support.cpp.o[0m
[11.858s] [ 60%] [32mBuilding CXX object CMakeFiles/nav_2d_msgs__rosidl_typesupport_fastrtps_c.dir/rosidl_typesupport_fastrtps_c/nav_2d_msgs/msg/detail/pose2_d32__type_support_c.cpp.o[0m
[12.327s] [ 61%] [32mBuilding CXX object CMakeFiles/nav_2d_msgs__rosidl_typesupport_cpp.dir/rosidl_typesupport_cpp/nav_2d_msgs/msg/twist2_d__type_support.cpp.o[0m
[12.651s] [ 63%] [32mBuilding CXX object CMakeFiles/nav_2d_msgs__rosidl_typesupport_fastrtps_cpp.dir/rosidl_typesupport_fastrtps_cpp/nav_2d_msgs/msg/detail/dds_fastrtps/pose2_d32__type_support.cpp.o[0m
[12.777s] [ 64%] [32mBuilding CXX object CMakeFiles/nav_2d_msgs__rosidl_typesupport_fastrtps_cpp.dir/rosidl_typesupport_fastrtps_cpp/nav_2d_msgs/msg/detail/dds_fastrtps/pose2_d_stamped__type_support.cpp.o[0m
[12.969s] [ 65%] [32mBuilding CXX object CMakeFiles/nav_2d_msgs__rosidl_typesupport_fastrtps_c.dir/rosidl_typesupport_fastrtps_c/nav_2d_msgs/msg/detail/pose2_d_stamped__type_support_c.cpp.o[0m
[13.075s] [ 66%] [32mBuilding CXX object CMakeFiles/nav_2d_msgs__rosidl_typesupport_introspection_cpp.dir/rosidl_typesupport_introspection_cpp/nav_2d_msgs/msg/detail/twist2_d__type_support.cpp.o[0m
[13.135s] [ 67%] [32mBuilding CXX object CMakeFiles/nav_2d_msgs__rosidl_typesupport_introspection_cpp.dir/rosidl_typesupport_introspection_cpp/nav_2d_msgs/msg/detail/twist2_d32__type_support.cpp.o[0m
[13.765s] [ 69%] [32mBuilding CXX object CMakeFiles/nav_2d_msgs__rosidl_typesupport_cpp.dir/rosidl_typesupport_cpp/nav_2d_msgs/msg/twist2_d32__type_support.cpp.o[0m
[14.164s] [ 70%] [32mBuilding CXX object CMakeFiles/nav_2d_msgs__rosidl_typesupport_fastrtps_c.dir/rosidl_typesupport_fastrtps_c/nav_2d_msgs/msg/detail/twist2_d__type_support_c.cpp.o[0m
[14.299s] [ 71%] [32mBuilding CXX object CMakeFiles/nav_2d_msgs__rosidl_typesupport_fastrtps_c.dir/rosidl_typesupport_fastrtps_c/nav_2d_msgs/msg/detail/twist2_d32__type_support_c.cpp.o[0m
[14.459s] [ 72%] [32mBuilding CXX object CMakeFiles/nav_2d_msgs__rosidl_typesupport_introspection_cpp.dir/rosidl_typesupport_introspection_cpp/nav_2d_msgs/msg/detail/twist2_d_stamped__type_support.cpp.o[0m
[14.714s] [ 73%] [32mBuilding CXX object CMakeFiles/nav_2d_msgs__rosidl_typesupport_fastrtps_cpp.dir/rosidl_typesupport_fastrtps_cpp/nav_2d_msgs/msg/detail/dds_fastrtps/twist2_d__type_support.cpp.o[0m
[14.743s] [ 75%] [32mBuilding CXX object CMakeFiles/nav_2d_msgs__rosidl_typesupport_fastrtps_cpp.dir/rosidl_typesupport_fastrtps_cpp/nav_2d_msgs/msg/detail/dds_fastrtps/twist2_d32__type_support.cpp.o[0m
[14.962s] [ 76%] [32mBuilding CXX object CMakeFiles/nav_2d_msgs__rosidl_typesupport_cpp.dir/rosidl_typesupport_cpp/nav_2d_msgs/msg/twist2_d_stamped__type_support.cpp.o[0m
[15.327s] [ 77%] [32mBuilding CXX object CMakeFiles/nav_2d_msgs__rosidl_typesupport_fastrtps_c.dir/rosidl_typesupport_fastrtps_c/nav_2d_msgs/msg/detail/twist2_d_stamped__type_support_c.cpp.o[0m
[15.363s] [ 78%] [32mBuilding CXX object CMakeFiles/nav_2d_msgs__rosidl_typesupport_fastrtps_cpp.dir/rosidl_typesupport_fastrtps_cpp/nav_2d_msgs/msg/detail/dds_fastrtps/twist2_d_stamped__type_support.cpp.o[0m
[15.802s] [ 79%] [32m[1mLinking CXX shared library libnav_2d_msgs__rosidl_typesupport_introspection_cpp.so[0m
[16.558s] [ 79%] Built target nav_2d_msgs__rosidl_typesupport_introspection_cpp
[16.717s] [ 80%] [32m[1mLinking CXX shared library libnav_2d_msgs__rosidl_typesupport_fastrtps_c.so[0m
[16.724s] [ 82%] [32m[1mLinking CXX shared library libnav_2d_msgs__rosidl_typesupport_cpp.so[0m
[16.836s] [ 82%] Built target nav_2d_msgs__rosidl_typesupport_cpp
[16.920s] [ 82%] Built target nav_2d_msgs__rosidl_typesupport_fastrtps_c
[17.093s] [ 83%] [32m[1mLinking CXX shared library libnav_2d_msgs__rosidl_typesupport_fastrtps_cpp.so[0m
[17.335s] [ 83%] Built target nav_2d_msgs__rosidl_typesupport_fastrtps_cpp
[17.378s] [ 83%] Built target nav_2d_msgs
[17.426s] [ 84%] [34m[1mGenerating Python code for ROS interfaces[0m
[18.962s] [ 84%] Built target nav_2d_msgs__py
[19.000s] [ 86%] [32mBuilding C object CMakeFiles/nav_2d_msgs__rosidl_generator_py.dir/rosidl_generator_py/nav_2d_msgs/msg/_pose2_d32_s.c.o[0m
[19.002s] [ 86%] [32mBuilding C object CMakeFiles/nav_2d_msgs__rosidl_generator_py.dir/rosidl_generator_py/nav_2d_msgs/msg/_pose2_d_stamped_s.c.o[0m
[19.010s] [ 88%] [32mBuilding C object CMakeFiles/nav_2d_msgs__rosidl_generator_py.dir/rosidl_generator_py/nav_2d_msgs/msg/_path2_d_s.c.o[0m
[19.013s] [ 90%] [32mBuilding C object CMakeFiles/nav_2d_msgs__rosidl_generator_py.dir/rosidl_generator_py/nav_2d_msgs/msg/_twist2_d_stamped_s.c.o[0m
[19.013s] [ 90%] [32mBuilding C object CMakeFiles/nav_2d_msgs__rosidl_generator_py.dir/rosidl_generator_py/nav_2d_msgs/msg/_twist2_d_s.c.o[0m
[19.017s] [ 91%] [32mBuilding C object CMakeFiles/nav_2d_msgs__rosidl_generator_py.dir/rosidl_generator_py/nav_2d_msgs/msg/_twist2_d32_s.c.o[0m
[19.411s] [ 92%] [32m[1mLinking C shared library rosidl_generator_py/nav_2d_msgs/libnav_2d_msgs__rosidl_generator_py.so[0m
[19.495s] [ 92%] Built target nav_2d_msgs__rosidl_generator_py
[19.534s] [ 94%] [32mBuilding C object CMakeFiles/nav_2d_msgs__rosidl_typesupport_fastrtps_c__pyext.dir/rosidl_generator_py/nav_2d_msgs/_nav_2d_msgs_s.ep.rosidl_typesupport_fastrtps_c.c.o[0m
[19.534s] [ 95%] [32mBuilding C object CMakeFiles/nav_2d_msgs__rosidl_typesupport_introspection_c__pyext.dir/rosidl_generator_py/nav_2d_msgs/_nav_2d_msgs_s.ep.rosidl_typesupport_introspection_c.c.o[0m
[19.542s] [ 96%] [32mBuilding C object CMakeFiles/nav_2d_msgs__rosidl_typesupport_c__pyext.dir/rosidl_generator_py/nav_2d_msgs/_nav_2d_msgs_s.ep.rosidl_typesupport_c.c.o[0m
[19.787s] [ 97%] [32m[1mLinking C shared library rosidl_generator_py/nav_2d_msgs/nav_2d_msgs_s__rosidl_typesupport_c.cpython-310-aarch64-linux-gnu.so[0m
[19.793s] [100%] [32m[1mLinking C shared library rosidl_generator_py/nav_2d_msgs/nav_2d_msgs_s__rosidl_typesupport_fastrtps_c.cpython-310-aarch64-linux-gnu.so[0m
[19.793s] [100%] [32m[1mLinking C shared library rosidl_generator_py/nav_2d_msgs/nav_2d_msgs_s__rosidl_typesupport_introspection_c.cpython-310-aarch64-linux-gnu.so[0m
[19.880s] [100%] Built target nav_2d_msgs__rosidl_typesupport_introspection_c__pyext
[19.880s] [100%] Built target nav_2d_msgs__rosidl_typesupport_fastrtps_c__pyext
[19.881s] [100%] Built target nav_2d_msgs__rosidl_typesupport_c__pyext
[19.906s] Invoked command in '/home/matthew/nav2_ws/build/nav_2d_msgs' returned '0': CMAKE_PREFIX_PATH=/opt/ros/iron /usr/bin/cmake --build /home/matthew/nav2_ws/build/nav_2d_msgs -- -j6 -l6
[19.909s] Invoking command in '/home/matthew/nav2_ws/build/nav_2d_msgs': CMAKE_PREFIX_PATH=/opt/ros/iron /usr/bin/cmake --install /home/matthew/nav2_ws/build/nav_2d_msgs
[19.924s] -- Install configuration: ""
[19.925s] -- Execute custom install script
[19.925s] -- Symlinking: /home/matthew/nav2_ws/install/nav_2d_msgs/share/ament_index/resource_index/rosidl_interfaces/nav_2d_msgs
[19.943s] -- Symlinking: /home/matthew/nav2_ws/install/nav_2d_msgs/share/nav_2d_msgs/msg/Path2D.json
[19.959s] -- Symlinking: /home/matthew/nav2_ws/install/nav_2d_msgs/share/nav_2d_msgs/msg/Pose2D32.json
[19.975s] -- Symlinking: /home/matthew/nav2_ws/install/nav_2d_msgs/share/nav_2d_msgs/msg/Pose2DStamped.json
[19.992s] -- Symlinking: /home/matthew/nav2_ws/install/nav_2d_msgs/share/nav_2d_msgs/msg/Twist2D.json
[20.008s] -- Symlinking: /home/matthew/nav2_ws/install/nav_2d_msgs/share/nav_2d_msgs/msg/Twist2D32.json
[20.024s] -- Symlinking: /home/matthew/nav2_ws/install/nav_2d_msgs/share/nav_2d_msgs/msg/Twist2DStamped.json
[20.045s] -- Symlinking: /home/matthew/nav2_ws/install/nav_2d_msgs/include/nav_2d_msgs/nav_2d_msgs/msg/detail/path2_d__functions.h
[20.061s] -- Symlinking: /home/matthew/nav2_ws/install/nav_2d_msgs/include/nav_2d_msgs/nav_2d_msgs/msg/detail/path2_d__struct.h
[20.077s] -- Symlinking: /home/matthew/nav2_ws/install/nav_2d_msgs/include/nav_2d_msgs/nav_2d_msgs/msg/detail/path2_d__type_support.h
[20.093s] -- Symlinking: /home/matthew/nav2_ws/install/nav_2d_msgs/include/nav_2d_msgs/nav_2d_msgs/msg/detail/pose2_d32__functions.h
[20.109s] -- Symlinking: /home/matthew/nav2_ws/install/nav_2d_msgs/include/nav_2d_msgs/nav_2d_msgs/msg/detail/pose2_d32__struct.h
[20.126s] -- Symlinking: /home/matthew/nav2_ws/install/nav_2d_msgs/include/nav_2d_msgs/nav_2d_msgs/msg/detail/pose2_d32__type_support.h
[20.142s] -- Symlinking: /home/matthew/nav2_ws/install/nav_2d_msgs/include/nav_2d_msgs/nav_2d_msgs/msg/detail/pose2_d_stamped__functions.h
[20.158s] -- Symlinking: /home/matthew/nav2_ws/install/nav_2d_msgs/include/nav_2d_msgs/nav_2d_msgs/msg/detail/pose2_d_stamped__struct.h
[20.174s] -- Symlinking: /home/matthew/nav2_ws/install/nav_2d_msgs/include/nav_2d_msgs/nav_2d_msgs/msg/detail/pose2_d_stamped__type_support.h
[20.192s] -- Symlinking: /home/matthew/nav2_ws/install/nav_2d_msgs/include/nav_2d_msgs/nav_2d_msgs/msg/detail/twist2_d32__functions.h
[20.207s] -- Symlinking: /home/matthew/nav2_ws/install/nav_2d_msgs/include/nav_2d_msgs/nav_2d_msgs/msg/detail/twist2_d32__struct.h
[20.223s] -- Symlinking: /home/matthew/nav2_ws/install/nav_2d_msgs/include/nav_2d_msgs/nav_2d_msgs/msg/detail/twist2_d32__type_support.h
[20.239s] -- Symlinking: /home/matthew/nav2_ws/install/nav_2d_msgs/include/nav_2d_msgs/nav_2d_msgs/msg/detail/twist2_d__functions.h
[20.255s] -- Symlinking: /home/matthew/nav2_ws/install/nav_2d_msgs/include/nav_2d_msgs/nav_2d_msgs/msg/detail/twist2_d__struct.h
[20.271s] -- Symlinking: /home/matthew/nav2_ws/install/nav_2d_msgs/include/nav_2d_msgs/nav_2d_msgs/msg/detail/twist2_d__type_support.h
[20.287s] -- Symlinking: /home/matthew/nav2_ws/install/nav_2d_msgs/include/nav_2d_msgs/nav_2d_msgs/msg/detail/twist2_d_stamped__functions.h
[20.302s] -- Symlinking: /home/matthew/nav2_ws/install/nav_2d_msgs/include/nav_2d_msgs/nav_2d_msgs/msg/detail/twist2_d_stamped__struct.h
[20.318s] -- Symlinking: /home/matthew/nav2_ws/install/nav_2d_msgs/include/nav_2d_msgs/nav_2d_msgs/msg/detail/twist2_d_stamped__type_support.h
[20.335s] -- Symlinking: /home/matthew/nav2_ws/install/nav_2d_msgs/include/nav_2d_msgs/nav_2d_msgs/msg/path2_d.h
[20.351s] -- Symlinking: /home/matthew/nav2_ws/install/nav_2d_msgs/include/nav_2d_msgs/nav_2d_msgs/msg/pose2_d32.h
[20.367s] -- Symlinking: /home/matthew/nav2_ws/install/nav_2d_msgs/include/nav_2d_msgs/nav_2d_msgs/msg/pose2_d_stamped.h
[20.383s] -- Symlinking: /home/matthew/nav2_ws/install/nav_2d_msgs/include/nav_2d_msgs/nav_2d_msgs/msg/rosidl_generator_c__visibility_control.h
[20.399s] -- Symlinking: /home/matthew/nav2_ws/install/nav_2d_msgs/include/nav_2d_msgs/nav_2d_msgs/msg/twist2_d.h
[20.415s] -- Symlinking: /home/matthew/nav2_ws/install/nav_2d_msgs/include/nav_2d_msgs/nav_2d_msgs/msg/twist2_d32.h
[20.488s] -- Symlinking: /home/matthew/nav2_ws/install/nav_2d_msgs/include/nav_2d_msgs/nav_2d_msgs/msg/twist2_d_stamped.h
[20.506s] -- Symlinking: /home/matthew/nav2_ws/install/nav_2d_msgs/share/nav_2d_msgs/environment/library_path.sh
[20.522s] -- Symlinking: /home/matthew/nav2_ws/install/nav_2d_msgs/share/nav_2d_msgs/environment/library_path.dsv
[20.542s] -- Symlinking: /home/matthew/nav2_ws/install/nav_2d_msgs/include/nav_2d_msgs/nav_2d_msgs/msg/detail/path2_d__rosidl_typesupport_fastrtps_c.h
[20.558s] -- Symlinking: /home/matthew/nav2_ws/install/nav_2d_msgs/include/nav_2d_msgs/nav_2d_msgs/msg/detail/pose2_d32__rosidl_typesupport_fastrtps_c.h
[20.574s] -- Symlinking: /home/matthew/nav2_ws/install/nav_2d_msgs/include/nav_2d_msgs/nav_2d_msgs/msg/detail/pose2_d_stamped__rosidl_typesupport_fastrtps_c.h
[20.590s] -- Symlinking: /home/matthew/nav2_ws/install/nav_2d_msgs/include/nav_2d_msgs/nav_2d_msgs/msg/detail/twist2_d32__rosidl_typesupport_fastrtps_c.h
[20.606s] -- Symlinking: /home/matthew/nav2_ws/install/nav_2d_msgs/include/nav_2d_msgs/nav_2d_msgs/msg/detail/twist2_d__rosidl_typesupport_fastrtps_c.h
[20.622s] -- Symlinking: /home/matthew/nav2_ws/install/nav_2d_msgs/include/nav_2d_msgs/nav_2d_msgs/msg/detail/twist2_d_stamped__rosidl_typesupport_fastrtps_c.h
[20.640s] -- Symlinking: /home/matthew/nav2_ws/install/nav_2d_msgs/include/nav_2d_msgs/nav_2d_msgs/msg/rosidl_typesupport_fastrtps_c__visibility_control.h
[20.657s] -- Symlinking: /home/matthew/nav2_ws/install/nav_2d_msgs/include/nav_2d_msgs/nav_2d_msgs/msg/detail/path2_d__builder.hpp
[20.673s] -- Symlinking: /home/matthew/nav2_ws/install/nav_2d_msgs/include/nav_2d_msgs/nav_2d_msgs/msg/detail/path2_d__struct.hpp
[20.689s] -- Symlinking: /home/matthew/nav2_ws/install/nav_2d_msgs/include/nav_2d_msgs/nav_2d_msgs/msg/detail/path2_d__traits.hpp
[20.705s] -- Symlinking: /home/matthew/nav2_ws/install/nav_2d_msgs/include/nav_2d_msgs/nav_2d_msgs/msg/detail/pose2_d32__builder.hpp
[20.721s] -- Symlinking: /home/matthew/nav2_ws/install/nav_2d_msgs/include/nav_2d_msgs/nav_2d_msgs/msg/detail/pose2_d32__struct.hpp
[20.739s] -- Symlinking: /home/matthew/nav2_ws/install/nav_2d_msgs/include/nav_2d_msgs/nav_2d_msgs/msg/detail/pose2_d32__traits.hpp
[20.755s] -- Symlinking: /home/matthew/nav2_ws/install/nav_2d_msgs/include/nav_2d_msgs/nav_2d_msgs/msg/detail/pose2_d_stamped__builder.hpp
[20.771s] -- Symlinking: /home/matthew/nav2_ws/install/nav_2d_msgs/include/nav_2d_msgs/nav_2d_msgs/msg/detail/pose2_d_stamped__struct.hpp
[20.786s] -- Symlinking: /home/matthew/nav2_ws/install/nav_2d_msgs/include/nav_2d_msgs/nav_2d_msgs/msg/detail/pose2_d_stamped__traits.hpp
[20.802s] -- Symlinking: /home/matthew/nav2_ws/install/nav_2d_msgs/include/nav_2d_msgs/nav_2d_msgs/msg/detail/twist2_d32__builder.hpp
[20.818s] -- Symlinking: /home/matthew/nav2_ws/install/nav_2d_msgs/include/nav_2d_msgs/nav_2d_msgs/msg/detail/twist2_d32__struct.hpp
[20.836s] -- Symlinking: /home/matthew/nav2_ws/install/nav_2d_msgs/include/nav_2d_msgs/nav_2d_msgs/msg/detail/twist2_d32__traits.hpp
[20.853s] -- Symlinking: /home/matthew/nav2_ws/install/nav_2d_msgs/include/nav_2d_msgs/nav_2d_msgs/msg/detail/twist2_d__builder.hpp
[20.868s] -- Symlinking: /home/matthew/nav2_ws/install/nav_2d_msgs/include/nav_2d_msgs/nav_2d_msgs/msg/detail/twist2_d__struct.hpp
[20.884s] -- Symlinking: /home/matthew/nav2_ws/install/nav_2d_msgs/include/nav_2d_msgs/nav_2d_msgs/msg/detail/twist2_d__traits.hpp
[20.900s] -- Symlinking: /home/matthew/nav2_ws/install/nav_2d_msgs/include/nav_2d_msgs/nav_2d_msgs/msg/detail/twist2_d_stamped__builder.hpp
[20.916s] -- Symlinking: /home/matthew/nav2_ws/install/nav_2d_msgs/include/nav_2d_msgs/nav_2d_msgs/msg/detail/twist2_d_stamped__struct.hpp
[20.932s] -- Symlinking: /home/matthew/nav2_ws/install/nav_2d_msgs/include/nav_2d_msgs/nav_2d_msgs/msg/detail/twist2_d_stamped__traits.hpp
[20.947s] -- Symlinking: /home/matthew/nav2_ws/install/nav_2d_msgs/include/nav_2d_msgs/nav_2d_msgs/msg/path2_d.hpp
[20.964s] -- Symlinking: /home/matthew/nav2_ws/install/nav_2d_msgs/include/nav_2d_msgs/nav_2d_msgs/msg/pose2_d32.hpp
[20.980s] -- Symlinking: /home/matthew/nav2_ws/install/nav_2d_msgs/include/nav_2d_msgs/nav_2d_msgs/msg/pose2_d_stamped.hpp
[20.995s] -- Symlinking: /home/matthew/nav2_ws/install/nav_2d_msgs/include/nav_2d_msgs/nav_2d_msgs/msg/twist2_d.hpp
[21.012s] -- Symlinking: /home/matthew/nav2_ws/install/nav_2d_msgs/include/nav_2d_msgs/nav_2d_msgs/msg/twist2_d32.hpp
[21.028s] -- Symlinking: /home/matthew/nav2_ws/install/nav_2d_msgs/include/nav_2d_msgs/nav_2d_msgs/msg/twist2_d_stamped.hpp
[21.045s] -- Symlinking: /home/matthew/nav2_ws/install/nav_2d_msgs/include/nav_2d_msgs/nav_2d_msgs/msg/detail/path2_d__rosidl_typesupport_fastrtps_cpp.hpp
[21.061s] -- Symlinking: /home/matthew/nav2_ws/install/nav_2d_msgs/include/nav_2d_msgs/nav_2d_msgs/msg/detail/pose2_d32__rosidl_typesupport_fastrtps_cpp.hpp
[21.076s] -- Symlinking: /home/matthew/nav2_ws/install/nav_2d_msgs/include/nav_2d_msgs/nav_2d_msgs/msg/detail/pose2_d_stamped__rosidl_typesupport_fastrtps_cpp.hpp
[21.092s] -- Symlinking: /home/matthew/nav2_ws/install/nav_2d_msgs/include/nav_2d_msgs/nav_2d_msgs/msg/detail/twist2_d32__rosidl_typesupport_fastrtps_cpp.hpp
[21.108s] -- Symlinking: /home/matthew/nav2_ws/install/nav_2d_msgs/include/nav_2d_msgs/nav_2d_msgs/msg/detail/twist2_d__rosidl_typesupport_fastrtps_cpp.hpp
[21.123s] -- Symlinking: /home/matthew/nav2_ws/install/nav_2d_msgs/include/nav_2d_msgs/nav_2d_msgs/msg/detail/twist2_d_stamped__rosidl_typesupport_fastrtps_cpp.hpp
[21.142s] -- Symlinking: /home/matthew/nav2_ws/install/nav_2d_msgs/include/nav_2d_msgs/nav_2d_msgs/msg/rosidl_typesupport_fastrtps_cpp__visibility_control.h
[21.159s] -- Symlinking: /home/matthew/nav2_ws/install/nav_2d_msgs/include/nav_2d_msgs/nav_2d_msgs/msg/detail/path2_d__rosidl_typesupport_introspection_c.h
[21.175s] -- Symlinking: /home/matthew/nav2_ws/install/nav_2d_msgs/include/nav_2d_msgs/nav_2d_msgs/msg/detail/pose2_d32__rosidl_typesupport_introspection_c.h
[21.190s] -- Symlinking: /home/matthew/nav2_ws/install/nav_2d_msgs/include/nav_2d_msgs/nav_2d_msgs/msg/detail/pose2_d_stamped__rosidl_typesupport_introspection_c.h
[21.207s] -- Symlinking: /home/matthew/nav2_ws/install/nav_2d_msgs/include/nav_2d_msgs/nav_2d_msgs/msg/detail/twist2_d32__rosidl_typesupport_introspection_c.h
[21.223s] -- Symlinking: /home/matthew/nav2_ws/install/nav_2d_msgs/include/nav_2d_msgs/nav_2d_msgs/msg/detail/twist2_d__rosidl_typesupport_introspection_c.h
[21.241s] -- Symlinking: /home/matthew/nav2_ws/install/nav_2d_msgs/include/nav_2d_msgs/nav_2d_msgs/msg/detail/twist2_d_stamped__rosidl_typesupport_introspection_c.h
[21.257s] -- Symlinking: /home/matthew/nav2_ws/install/nav_2d_msgs/include/nav_2d_msgs/nav_2d_msgs/msg/rosidl_typesupport_introspection_c__visibility_control.h
[21.274s] -- Symlinking: /home/matthew/nav2_ws/install/nav_2d_msgs/include/nav_2d_msgs/nav_2d_msgs/msg/detail/path2_d__rosidl_typesupport_introspection_cpp.hpp
[21.290s] -- Symlinking: /home/matthew/nav2_ws/install/nav_2d_msgs/include/nav_2d_msgs/nav_2d_msgs/msg/detail/pose2_d32__rosidl_typesupport_introspection_cpp.hpp
[21.305s] -- Symlinking: /home/matthew/nav2_ws/install/nav_2d_msgs/include/nav_2d_msgs/nav_2d_msgs/msg/detail/pose2_d_stamped__rosidl_typesupport_introspection_cpp.hpp
[21.322s] -- Symlinking: /home/matthew/nav2_ws/install/nav_2d_msgs/include/nav_2d_msgs/nav_2d_msgs/msg/detail/twist2_d32__rosidl_typesupport_introspection_cpp.hpp
[21.340s] -- Symlinking: /home/matthew/nav2_ws/install/nav_2d_msgs/include/nav_2d_msgs/nav_2d_msgs/msg/detail/twist2_d__rosidl_typesupport_introspection_cpp.hpp
[21.357s] -- Symlinking: /home/matthew/nav2_ws/install/nav_2d_msgs/include/nav_2d_msgs/nav_2d_msgs/msg/detail/twist2_d_stamped__rosidl_typesupport_introspection_cpp.hpp
[21.372s] -- Symlinking: /home/matthew/nav2_ws/install/nav_2d_msgs/share/nav_2d_msgs/environment/pythonpath.sh
[21.388s] -- Symlinking: /home/matthew/nav2_ws/install/nav_2d_msgs/share/nav_2d_msgs/environment/pythonpath.dsv
[21.405s] -- Symlinking: /home/matthew/nav2_ws/install/nav_2d_msgs/lib/python3.10/site-packages/nav_2d_msgs-1.2.10-py3.10.egg-info/PKG-INFO
[21.421s] -- Symlinking: /home/matthew/nav2_ws/install/nav_2d_msgs/lib/python3.10/site-packages/nav_2d_msgs-1.2.10-py3.10.egg-info/SOURCES.txt
[21.440s] -- Symlinking: /home/matthew/nav2_ws/install/nav_2d_msgs/lib/python3.10/site-packages/nav_2d_msgs-1.2.10-py3.10.egg-info/dependency_links.txt
[21.456s] -- Symlinking: /home/matthew/nav2_ws/install/nav_2d_msgs/lib/python3.10/site-packages/nav_2d_msgs-1.2.10-py3.10.egg-info/top_level.txt
[21.473s] -- Symlinking: /home/matthew/nav2_ws/install/nav_2d_msgs/lib/python3.10/site-packages/nav_2d_msgs/__init__.py
[21.489s] -- Symlinking: /home/matthew/nav2_ws/install/nav_2d_msgs/lib/python3.10/site-packages/nav_2d_msgs/_nav_2d_msgs_s.ep.rosidl_typesupport_c.c
[21.505s] -- Symlinking: /home/matthew/nav2_ws/install/nav_2d_msgs/lib/python3.10/site-packages/nav_2d_msgs/_nav_2d_msgs_s.ep.rosidl_typesupport_fastrtps_c.c
[21.521s] -- Symlinking: /home/matthew/nav2_ws/install/nav_2d_msgs/lib/python3.10/site-packages/nav_2d_msgs/_nav_2d_msgs_s.ep.rosidl_typesupport_introspection_c.c
[21.540s] -- Symlinking: /home/matthew/nav2_ws/install/nav_2d_msgs/lib/python3.10/site-packages/nav_2d_msgs/libnav_2d_msgs__rosidl_generator_py.so
[21.557s] -- Symlinking: /home/matthew/nav2_ws/install/nav_2d_msgs/lib/python3.10/site-packages/nav_2d_msgs/msg/__init__.py
[21.572s] -- Symlinking: /home/matthew/nav2_ws/install/nav_2d_msgs/lib/python3.10/site-packages/nav_2d_msgs/msg/_path2_d.py
[21.588s] -- Symlinking: /home/matthew/nav2_ws/install/nav_2d_msgs/lib/python3.10/site-packages/nav_2d_msgs/msg/_path2_d_s.c
[21.604s] -- Symlinking: /home/matthew/nav2_ws/install/nav_2d_msgs/lib/python3.10/site-packages/nav_2d_msgs/msg/_pose2_d32.py
[21.620s] -- Symlinking: /home/matthew/nav2_ws/install/nav_2d_msgs/lib/python3.10/site-packages/nav_2d_msgs/msg/_pose2_d32_s.c
[21.638s] -- Symlinking: /home/matthew/nav2_ws/install/nav_2d_msgs/lib/python3.10/site-packages/nav_2d_msgs/msg/_pose2_d_stamped.py
[21.654s] -- Symlinking: /home/matthew/nav2_ws/install/nav_2d_msgs/lib/python3.10/site-packages/nav_2d_msgs/msg/_pose2_d_stamped_s.c
[21.670s] -- Symlinking: /home/matthew/nav2_ws/install/nav_2d_msgs/lib/python3.10/site-packages/nav_2d_msgs/msg/_twist2_d.py
[21.686s] -- Symlinking: /home/matthew/nav2_ws/install/nav_2d_msgs/lib/python3.10/site-packages/nav_2d_msgs/msg/_twist2_d32.py
[21.702s] -- Symlinking: /home/matthew/nav2_ws/install/nav_2d_msgs/lib/python3.10/site-packages/nav_2d_msgs/msg/_twist2_d32_s.c
[21.718s] -- Symlinking: /home/matthew/nav2_ws/install/nav_2d_msgs/lib/python3.10/site-packages/nav_2d_msgs/msg/_twist2_d_s.c
[21.735s] -- Symlinking: /home/matthew/nav2_ws/install/nav_2d_msgs/lib/python3.10/site-packages/nav_2d_msgs/msg/_twist2_d_stamped.py
[21.752s] -- Symlinking: /home/matthew/nav2_ws/install/nav_2d_msgs/lib/python3.10/site-packages/nav_2d_msgs/msg/_twist2_d_stamped_s.c
[21.768s] -- Symlinking: /home/matthew/nav2_ws/install/nav_2d_msgs/lib/python3.10/site-packages/nav_2d_msgs/nav_2d_msgs_s__rosidl_typesupport_c.cpython-310-aarch64-linux-gnu.so
[21.784s] -- Symlinking: /home/matthew/nav2_ws/install/nav_2d_msgs/lib/python3.10/site-packages/nav_2d_msgs/nav_2d_msgs_s__rosidl_typesupport_fastrtps_c.cpython-310-aarch64-linux-gnu.so
[21.800s] -- Symlinking: /home/matthew/nav2_ws/install/nav_2d_msgs/lib/python3.10/site-packages/nav_2d_msgs/nav_2d_msgs_s__rosidl_typesupport_introspection_c.cpython-310-aarch64-linux-gnu.so
[21.816s] -- Up-to-date symlink: /home/matthew/nav2_ws/install/nav_2d_msgs/lib/python3.10/site-packages/nav_2d_msgs/nav_2d_msgs_s__rosidl_typesupport_fastrtps_c.cpython-310-aarch64-linux-gnu.so
[21.816s] -- Up-to-date symlink: /home/matthew/nav2_ws/install/nav_2d_msgs/lib/python3.10/site-packages/nav_2d_msgs/nav_2d_msgs_s__rosidl_typesupport_introspection_c.cpython-310-aarch64-linux-gnu.so
[21.817s] -- Up-to-date symlink: /home/matthew/nav2_ws/install/nav_2d_msgs/lib/python3.10/site-packages/nav_2d_msgs/nav_2d_msgs_s__rosidl_typesupport_c.cpython-310-aarch64-linux-gnu.so
[21.817s] -- Symlinking: /home/matthew/nav2_ws/install/nav_2d_msgs/share/nav_2d_msgs/msg/Path2D.idl
[21.837s] -- Symlinking: /home/matthew/nav2_ws/install/nav_2d_msgs/share/nav_2d_msgs/msg/Pose2D32.idl
[21.853s] -- Symlinking: /home/matthew/nav2_ws/install/nav_2d_msgs/share/nav_2d_msgs/msg/Pose2DStamped.idl
[21.869s] -- Symlinking: /home/matthew/nav2_ws/install/nav_2d_msgs/share/nav_2d_msgs/msg/Twist2D.idl
[21.885s] -- Symlinking: /home/matthew/nav2_ws/install/nav_2d_msgs/share/nav_2d_msgs/msg/Twist2D32.idl
[21.901s] -- Symlinking: /home/matthew/nav2_ws/install/nav_2d_msgs/share/nav_2d_msgs/msg/Twist2DStamped.idl
[21.917s] -- Symlinking: /home/matthew/nav2_ws/install/nav_2d_msgs/share/nav_2d_msgs/msg/Path2D.msg
[21.934s] -- Symlinking: /home/matthew/nav2_ws/install/nav_2d_msgs/share/nav_2d_msgs/msg/Pose2D32.msg
[21.950s] -- Symlinking: /home/matthew/nav2_ws/install/nav_2d_msgs/share/nav_2d_msgs/msg/Pose2DStamped.msg
[21.966s] -- Symlinking: /home/matthew/nav2_ws/install/nav_2d_msgs/share/nav_2d_msgs/msg/Twist2D.msg
[21.982s] -- Symlinking: /home/matthew/nav2_ws/install/nav_2d_msgs/share/nav_2d_msgs/msg/Twist2D32.msg
[21.998s] -- Symlinking: /home/matthew/nav2_ws/install/nav_2d_msgs/share/nav_2d_msgs/msg/Twist2DStamped.msg
[22.014s] -- Symlinking: /home/matthew/nav2_ws/install/nav_2d_msgs/share/ament_index/resource_index/package_run_dependencies/nav_2d_msgs
[22.032s] -- Symlinking: /home/matthew/nav2_ws/install/nav_2d_msgs/share/ament_index/resource_index/parent_prefix_path/nav_2d_msgs
[22.048s] -- Symlinking: /home/matthew/nav2_ws/install/nav_2d_msgs/share/nav_2d_msgs/environment/ament_prefix_path.sh
[22.064s] -- Symlinking: /home/matthew/nav2_ws/install/nav_2d_msgs/share/nav_2d_msgs/environment/ament_prefix_path.dsv
[22.080s] -- Symlinking: /home/matthew/nav2_ws/install/nav_2d_msgs/share/nav_2d_msgs/environment/path.sh
[22.096s] -- Symlinking: /home/matthew/nav2_ws/install/nav_2d_msgs/share/nav_2d_msgs/environment/path.dsv
[22.112s] -- Symlinking: /home/matthew/nav2_ws/install/nav_2d_msgs/share/nav_2d_msgs/local_setup.bash
[22.128s] -- Symlinking: /home/matthew/nav2_ws/install/nav_2d_msgs/share/nav_2d_msgs/local_setup.sh
[22.147s] -- Symlinking: /home/matthew/nav2_ws/install/nav_2d_msgs/share/nav_2d_msgs/local_setup.zsh
[22.163s] -- Symlinking: /home/matthew/nav2_ws/install/nav_2d_msgs/share/nav_2d_msgs/local_setup.dsv
[22.179s] -- Symlinking: /home/matthew/nav2_ws/install/nav_2d_msgs/share/nav_2d_msgs/package.dsv
[22.196s] -- Symlinking: /home/matthew/nav2_ws/install/nav_2d_msgs/share/ament_index/resource_index/packages/nav_2d_msgs
[22.212s] -- Symlinking: /home/matthew/nav2_ws/install/nav_2d_msgs/share/nav_2d_msgs/cmake/rosidl_cmake-extras.cmake
[22.228s] -- Symlinking: /home/matthew/nav2_ws/install/nav_2d_msgs/share/nav_2d_msgs/cmake/ament_cmake_export_dependencies-extras.cmake
[22.247s] -- Symlinking: /home/matthew/nav2_ws/install/nav_2d_msgs/share/nav_2d_msgs/cmake/ament_cmake_export_include_directories-extras.cmake
[22.263s] -- Symlinking: /home/matthew/nav2_ws/install/nav_2d_msgs/share/nav_2d_msgs/cmake/ament_cmake_export_libraries-extras.cmake
[22.279s] -- Symlinking: /home/matthew/nav2_ws/install/nav_2d_msgs/share/nav_2d_msgs/cmake/ament_cmake_export_targets-extras.cmake
[22.295s] -- Symlinking: /home/matthew/nav2_ws/install/nav_2d_msgs/share/nav_2d_msgs/cmake/rosidl_cmake_export_typesupport_targets-extras.cmake
[22.310s] -- Symlinking: /home/matthew/nav2_ws/install/nav_2d_msgs/share/nav_2d_msgs/cmake/rosidl_cmake_export_typesupport_libraries-extras.cmake
[22.326s] -- Symlinking: /home/matthew/nav2_ws/install/nav_2d_msgs/share/nav_2d_msgs/cmake/nav_2d_msgsConfig.cmake
[22.345s] -- Symlinking: /home/matthew/nav2_ws/install/nav_2d_msgs/share/nav_2d_msgs/cmake/nav_2d_msgsConfig-version.cmake
[22.362s] -- Symlinking: /home/matthew/nav2_ws/install/nav_2d_msgs/share/nav_2d_msgs/package.xml
[22.378s] -- Installing: /home/matthew/nav2_ws/install/nav_2d_msgs/lib/libnav_2d_msgs__rosidl_generator_c.so
[22.379s] -- Set runtime path of "/home/matthew/nav2_ws/install/nav_2d_msgs/lib/libnav_2d_msgs__rosidl_generator_c.so" to ""
[22.379s] -- Installing: /home/matthew/nav2_ws/install/nav_2d_msgs/lib/libnav_2d_msgs__rosidl_typesupport_fastrtps_c.so
[22.380s] -- Set runtime path of "/home/matthew/nav2_ws/install/nav_2d_msgs/lib/libnav_2d_msgs__rosidl_typesupport_fastrtps_c.so" to ""
[22.380s] -- Installing: /home/matthew/nav2_ws/install/nav_2d_msgs/lib/libnav_2d_msgs__rosidl_typesupport_fastrtps_cpp.so
[22.381s] -- Set runtime path of "/home/matthew/nav2_ws/install/nav_2d_msgs/lib/libnav_2d_msgs__rosidl_typesupport_fastrtps_cpp.so" to ""
[22.381s] -- Installing: /home/matthew/nav2_ws/install/nav_2d_msgs/lib/libnav_2d_msgs__rosidl_typesupport_introspection_c.so
[22.382s] -- Set runtime path of "/home/matthew/nav2_ws/install/nav_2d_msgs/lib/libnav_2d_msgs__rosidl_typesupport_introspection_c.so" to ""
[22.382s] -- Installing: /home/matthew/nav2_ws/install/nav_2d_msgs/lib/libnav_2d_msgs__rosidl_typesupport_c.so
[22.382s] -- Set runtime path of "/home/matthew/nav2_ws/install/nav_2d_msgs/lib/libnav_2d_msgs__rosidl_typesupport_c.so" to ""
[22.383s] -- Installing: /home/matthew/nav2_ws/install/nav_2d_msgs/lib/libnav_2d_msgs__rosidl_typesupport_introspection_cpp.so
[22.383s] -- Set runtime path of "/home/matthew/nav2_ws/install/nav_2d_msgs/lib/libnav_2d_msgs__rosidl_typesupport_introspection_cpp.so" to ""
[22.383s] -- Installing: /home/matthew/nav2_ws/install/nav_2d_msgs/lib/libnav_2d_msgs__rosidl_typesupport_cpp.so
[22.384s] -- Set runtime path of "/home/matthew/nav2_ws/install/nav_2d_msgs/lib/libnav_2d_msgs__rosidl_typesupport_cpp.so" to ""
[22.465s] Listing '/home/matthew/nav2_ws/install/nav_2d_msgs/lib/python3.10/site-packages/nav_2d_msgs'...
[22.465s] Compiling '/home/matthew/nav2_ws/install/nav_2d_msgs/lib/python3.10/site-packages/nav_2d_msgs/__init__.py'...
[22.465s] Listing '/home/matthew/nav2_ws/install/nav_2d_msgs/lib/python3.10/site-packages/nav_2d_msgs/msg'...
[22.465s] Compiling '/home/matthew/nav2_ws/install/nav_2d_msgs/lib/python3.10/site-packages/nav_2d_msgs/msg/__init__.py'...
[22.466s] Compiling '/home/matthew/nav2_ws/install/nav_2d_msgs/lib/python3.10/site-packages/nav_2d_msgs/msg/_path2_d.py'...
[22.466s] Compiling '/home/matthew/nav2_ws/install/nav_2d_msgs/lib/python3.10/site-packages/nav_2d_msgs/msg/_pose2_d32.py'...
[22.466s] Compiling '/home/matthew/nav2_ws/install/nav_2d_msgs/lib/python3.10/site-packages/nav_2d_msgs/msg/_pose2_d_stamped.py'...
[22.466s] Compiling '/home/matthew/nav2_ws/install/nav_2d_msgs/lib/python3.10/site-packages/nav_2d_msgs/msg/_twist2_d.py'...
[22.466s] Compiling '/home/matthew/nav2_ws/install/nav_2d_msgs/lib/python3.10/site-packages/nav_2d_msgs/msg/_twist2_d32.py'...
[22.466s] Compiling '/home/matthew/nav2_ws/install/nav_2d_msgs/lib/python3.10/site-packages/nav_2d_msgs/msg/_twist2_d_stamped.py'...
[22.479s] -- Installing: /home/matthew/nav2_ws/install/nav_2d_msgs/lib/libnav_2d_msgs__rosidl_generator_py.so
[22.479s] -- Set runtime path of "/home/matthew/nav2_ws/install/nav_2d_msgs/lib/libnav_2d_msgs__rosidl_generator_py.so" to ""
[22.480s] -- Installing: /home/matthew/nav2_ws/install/nav_2d_msgs/share/nav_2d_msgs/cmake/export_nav_2d_msgs__rosidl_generator_cExport.cmake
[22.480s] -- Installing: /home/matthew/nav2_ws/install/nav_2d_msgs/share/nav_2d_msgs/cmake/export_nav_2d_msgs__rosidl_generator_cExport-noconfig.cmake
[22.480s] -- Installing: /home/matthew/nav2_ws/install/nav_2d_msgs/share/nav_2d_msgs/cmake/export_nav_2d_msgs__rosidl_typesupport_fastrtps_cExport.cmake
[22.481s] -- Installing: /home/matthew/nav2_ws/install/nav_2d_msgs/share/nav_2d_msgs/cmake/export_nav_2d_msgs__rosidl_typesupport_fastrtps_cExport-noconfig.cmake
[22.481s] -- Installing: /home/matthew/nav2_ws/install/nav_2d_msgs/share/nav_2d_msgs/cmake/export_nav_2d_msgs__rosidl_generator_cppExport.cmake
[22.481s] -- Installing: /home/matthew/nav2_ws/install/nav_2d_msgs/share/nav_2d_msgs/cmake/export_nav_2d_msgs__rosidl_typesupport_fastrtps_cppExport.cmake
[22.481s] -- Installing: /home/matthew/nav2_ws/install/nav_2d_msgs/share/nav_2d_msgs/cmake/export_nav_2d_msgs__rosidl_typesupport_fastrtps_cppExport-noconfig.cmake
[22.482s] -- Installing: /home/matthew/nav2_ws/install/nav_2d_msgs/share/nav_2d_msgs/cmake/nav_2d_msgs__rosidl_typesupport_introspection_cExport.cmake
[22.482s] -- Installing: /home/matthew/nav2_ws/install/nav_2d_msgs/share/nav_2d_msgs/cmake/nav_2d_msgs__rosidl_typesupport_introspection_cExport-noconfig.cmake
[22.482s] -- Installing: /home/matthew/nav2_ws/install/nav_2d_msgs/share/nav_2d_msgs/cmake/nav_2d_msgs__rosidl_typesupport_cExport.cmake
[22.482s] -- Installing: /home/matthew/nav2_ws/install/nav_2d_msgs/share/nav_2d_msgs/cmake/nav_2d_msgs__rosidl_typesupport_cExport-noconfig.cmake
[22.483s] -- Installing: /home/matthew/nav2_ws/install/nav_2d_msgs/share/nav_2d_msgs/cmake/nav_2d_msgs__rosidl_typesupport_introspection_cppExport.cmake
[22.483s] -- Installing: /home/matthew/nav2_ws/install/nav_2d_msgs/share/nav_2d_msgs/cmake/nav_2d_msgs__rosidl_typesupport_introspection_cppExport-noconfig.cmake
[22.483s] -- Installing: /home/matthew/nav2_ws/install/nav_2d_msgs/share/nav_2d_msgs/cmake/nav_2d_msgs__rosidl_typesupport_cppExport.cmake
[22.484s] -- Installing: /home/matthew/nav2_ws/install/nav_2d_msgs/share/nav_2d_msgs/cmake/nav_2d_msgs__rosidl_typesupport_cppExport-noconfig.cmake
[22.484s] -- Installing: /home/matthew/nav2_ws/install/nav_2d_msgs/share/nav_2d_msgs/cmake/export_nav_2d_msgs__rosidl_generator_pyExport.cmake
[22.484s] -- Installing: /home/matthew/nav2_ws/install/nav_2d_msgs/share/nav_2d_msgs/cmake/export_nav_2d_msgs__rosidl_generator_pyExport-noconfig.cmake
[22.490s] Invoked command in '/home/matthew/nav2_ws/build/nav_2d_msgs' returned '0': CMAKE_PREFIX_PATH=/opt/ros/iron /usr/bin/cmake --install /home/matthew/nav2_ws/build/nav_2d_msgs
