[2.221s] Invoking command in '/home/matthew/build/gazebo_robot_package': PYTHONPATH=/home/matthew/build/gazebo_robot_package/prefix_override:/usr/lib/python3/dist-packages/colcon_core/task/python/colcon_distutils_commands:/home/matthew/install/gazebo_robot_package/lib/python3.10/site-packages:${PYTHONPATH} /usr/bin/python3 -W ignore:setup.py install is deprecated -W ignore:easy_install command is deprecated setup.py develop --editable --build-directory /home/matthew/build/gazebo_robot_package/build --no-deps symlink_data
[2.791s] running develop
[3.147s] running egg_info
[3.148s] creating gazebo_robot_package.egg-info
[3.148s] writing gazebo_robot_package.egg-info/PKG-INFO
[3.148s] writing dependency_links to gazebo_robot_package.egg-info/dependency_links.txt
[3.149s] writing entry points to gazebo_robot_package.egg-info/entry_points.txt
[3.149s] writing requirements to gazebo_robot_package.egg-info/requires.txt
[3.149s] writing top-level names to gazebo_robot_package.egg-info/top_level.txt
[3.150s] writing manifest file 'gazebo_robot_package.egg-info/SOURCES.txt'
[3.154s] reading manifest file 'gazebo_robot_package.egg-info/SOURCES.txt'
[3.154s] writing manifest file 'gazebo_robot_package.egg-info/SOURCES.txt'
[3.157s] running build_ext
[3.158s] Creating /home/matthew/install/gazebo_robot_package/lib/python3.10/site-packages/gazebo-robot-package.egg-link (link to .)
[3.159s] 
[3.160s] Installed /home/matthew/build/gazebo_robot_package
[3.160s] running symlink_data
[3.160s] creating /home/matthew/install/gazebo_robot_package/share/ament_index
[3.160s] creating /home/matthew/install/gazebo_robot_package/share/ament_index/resource_index
[3.160s] creating /home/matthew/install/gazebo_robot_package/share/ament_index/resource_index/packages
[3.160s] symbolically linking /home/matthew/build/gazebo_robot_package/resource/gazebo_robot_package -> /home/matthew/install/gazebo_robot_package/share/ament_index/resource_index/packages
[3.161s] symbolically linking /home/matthew/build/gazebo_robot_package/package.xml -> /home/matthew/install/gazebo_robot_package/share/gazebo_robot_package
[3.254s] Invoked command in '/home/matthew/build/gazebo_robot_package' returned '0': PYTHONPATH=/home/matthew/build/gazebo_robot_package/prefix_override:/usr/lib/python3/dist-packages/colcon_core/task/python/colcon_distutils_commands:/home/matthew/install/gazebo_robot_package/lib/python3.10/site-packages:${PYTHONPATH} /usr/bin/python3 -W ignore:setup.py install is deprecated -W ignore:easy_install command is deprecated setup.py develop --editable --build-directory /home/matthew/build/gazebo_robot_package/build --no-deps symlink_data
