[0.115s] Invoking command in '/home/matthew/nav2_ws/build/nav2_behaviors': AMENT_PREFIX_PATH=/home/matthew/nav2_ws/install/nav2_core:/home/matthew/nav2_ws/install/nav2_costmap_2d:/home/matthew/nav2_ws/install/nav2_map_server:/home/matthew/nav2_ws/install/nav2_lifecycle_manager:/home/matthew/nav2_ws/install/nav2_behavior_tree:/home/matthew/nav2_ws/install/nav2_util:/home/matthew/nav2_ws/install/nav2_voxel_grid:/home/matthew/nav2_ws/install/nav2_msgs:/home/matthew/nav2_ws/install/nav2_common:${AMENT_PREFIX_PATH} CMAKE_PREFIX_PATH=/home/matthew/nav2_ws/install/nav2_core:/home/matthew/nav2_ws/install/nav2_costmap_2d:/home/matthew/nav2_ws/install/nav2_map_server:/home/matthew/nav2_ws/install/nav2_lifecycle_manager:/home/matthew/nav2_ws/install/nav2_behavior_tree:/home/matthew/nav2_ws/install/nav2_util:/home/matthew/nav2_ws/install/nav2_voxel_grid:/home/matthew/nav2_ws/install/nav2_msgs:/home/matthew/nav2_ws/install/nav2_common:/home/matthew/ros2_ws/install/ros2_laser_scan_matcher:/home/matthew/ros2_ws/install/opennav_docking_core:/home/matthew/ros2_ws/install/my_robot_description:/home/matthew/ros2_ws/install/map_msgs:/home/matthew/ros2_ws/install/fake_odometry:/home/matthew/ros2_ws/install/dwb_msgs:/home/matthew/ros2_ws/install/csm:/opt/ros/iron LD_LIBRARY_PATH=/home/matthew/nav2_ws/install/nav2_costmap_2d/lib:/home/matthew/nav2_ws/install/nav2_map_server/lib:/home/matthew/nav2_ws/install/nav2_lifecycle_manager/lib:/home/matthew/nav2_ws/install/nav2_behavior_tree/lib:/home/matthew/nav2_ws/install/nav2_util/lib:/home/matthew/nav2_ws/install/nav2_voxel_grid/lib:/home/matthew/nav2_ws/install/nav2_msgs/lib:${LD_LIBRARY_PATH} PYTHONPATH=/home/matthew/nav2_ws/install/nav2_msgs/lib/python3.10/site-packages:/home/matthew/nav2_ws/install/nav2_common/lib/python3.10/site-packages:${PYTHONPATH} /usr/bin/cmake --build /home/matthew/nav2_ws/build/nav2_behaviors -- -j6 -l6
[0.459s] [ 10%] Built target nav2_drive_on_heading_behavior
[0.469s] [ 20%] Built target nav2_spin_behavior
[0.483s] [ 30%] Built target nav2_back_up_behavior
[0.498s] [ 40%] Built target nav2_assisted_teleop_behavior
[0.519s] [ 50%] Built target nav2_wait_behavior
[0.559s] [ 60%] Built target behavior_server_core
[0.613s] [ 70%] Built target gtest
[0.621s] [ 80%] Built target gtest_main
[0.702s] [ 90%] Built target behavior_server
[0.746s] [100%] Built target test_behaviors
[0.852s] Invoked command in '/home/matthew/nav2_ws/build/nav2_behaviors' returned '0': AMENT_PREFIX_PATH=/home/matthew/nav2_ws/install/nav2_core:/home/matthew/nav2_ws/install/nav2_costmap_2d:/home/matthew/nav2_ws/install/nav2_map_server:/home/matthew/nav2_ws/install/nav2_lifecycle_manager:/home/matthew/nav2_ws/install/nav2_behavior_tree:/home/matthew/nav2_ws/install/nav2_util:/home/matthew/nav2_ws/install/nav2_voxel_grid:/home/matthew/nav2_ws/install/nav2_msgs:/home/matthew/nav2_ws/install/nav2_common:${AMENT_PREFIX_PATH} CMAKE_PREFIX_PATH=/home/matthew/nav2_ws/install/nav2_core:/home/matthew/nav2_ws/install/nav2_costmap_2d:/home/matthew/nav2_ws/install/nav2_map_server:/home/matthew/nav2_ws/install/nav2_lifecycle_manager:/home/matthew/nav2_ws/install/nav2_behavior_tree:/home/matthew/nav2_ws/install/nav2_util:/home/matthew/nav2_ws/install/nav2_voxel_grid:/home/matthew/nav2_ws/install/nav2_msgs:/home/matthew/nav2_ws/install/nav2_common:/home/matthew/ros2_ws/install/ros2_laser_scan_matcher:/home/matthew/ros2_ws/install/opennav_docking_core:/home/matthew/ros2_ws/install/my_robot_description:/home/matthew/ros2_ws/install/map_msgs:/home/matthew/ros2_ws/install/fake_odometry:/home/matthew/ros2_ws/install/dwb_msgs:/home/matthew/ros2_ws/install/csm:/opt/ros/iron LD_LIBRARY_PATH=/home/matthew/nav2_ws/install/nav2_costmap_2d/lib:/home/matthew/nav2_ws/install/nav2_map_server/lib:/home/matthew/nav2_ws/install/nav2_lifecycle_manager/lib:/home/matthew/nav2_ws/install/nav2_behavior_tree/lib:/home/matthew/nav2_ws/install/nav2_util/lib:/home/matthew/nav2_ws/install/nav2_voxel_grid/lib:/home/matthew/nav2_ws/install/nav2_msgs/lib:${LD_LIBRARY_PATH} PYTHONPATH=/home/matthew/nav2_ws/install/nav2_msgs/lib/python3.10/site-packages:/home/matthew/nav2_ws/install/nav2_common/lib/python3.10/site-packages:${PYTHONPATH} /usr/bin/cmake --build /home/matthew/nav2_ws/build/nav2_behaviors -- -j6 -l6
[0.858s] Invoking command in '/home/matthew/nav2_ws/build/nav2_behaviors': AMENT_PREFIX_PATH=/home/matthew/nav2_ws/install/nav2_core:/home/matthew/nav2_ws/install/nav2_costmap_2d:/home/matthew/nav2_ws/install/nav2_map_server:/home/matthew/nav2_ws/install/nav2_lifecycle_manager:/home/matthew/nav2_ws/install/nav2_behavior_tree:/home/matthew/nav2_ws/install/nav2_util:/home/matthew/nav2_ws/install/nav2_voxel_grid:/home/matthew/nav2_ws/install/nav2_msgs:/home/matthew/nav2_ws/install/nav2_common:${AMENT_PREFIX_PATH} CMAKE_PREFIX_PATH=/home/matthew/nav2_ws/install/nav2_core:/home/matthew/nav2_ws/install/nav2_costmap_2d:/home/matthew/nav2_ws/install/nav2_map_server:/home/matthew/nav2_ws/install/nav2_lifecycle_manager:/home/matthew/nav2_ws/install/nav2_behavior_tree:/home/matthew/nav2_ws/install/nav2_util:/home/matthew/nav2_ws/install/nav2_voxel_grid:/home/matthew/nav2_ws/install/nav2_msgs:/home/matthew/nav2_ws/install/nav2_common:/home/matthew/ros2_ws/install/ros2_laser_scan_matcher:/home/matthew/ros2_ws/install/opennav_docking_core:/home/matthew/ros2_ws/install/my_robot_description:/home/matthew/ros2_ws/install/map_msgs:/home/matthew/ros2_ws/install/fake_odometry:/home/matthew/ros2_ws/install/dwb_msgs:/home/matthew/ros2_ws/install/csm:/opt/ros/iron LD_LIBRARY_PATH=/home/matthew/nav2_ws/install/nav2_costmap_2d/lib:/home/matthew/nav2_ws/install/nav2_map_server/lib:/home/matthew/nav2_ws/install/nav2_lifecycle_manager/lib:/home/matthew/nav2_ws/install/nav2_behavior_tree/lib:/home/matthew/nav2_ws/install/nav2_util/lib:/home/matthew/nav2_ws/install/nav2_voxel_grid/lib:/home/matthew/nav2_ws/install/nav2_msgs/lib:${LD_LIBRARY_PATH} PYTHONPATH=/home/matthew/nav2_ws/install/nav2_msgs/lib/python3.10/site-packages:/home/matthew/nav2_ws/install/nav2_common/lib/python3.10/site-packages:${PYTHONPATH} /usr/bin/cmake --install /home/matthew/nav2_ws/build/nav2_behaviors
[0.866s] -- Install configuration: "Release"
[0.868s] -- Execute custom install script
[0.875s] -- Up-to-date symlink: /home/matthew/nav2_ws/install/nav2_behaviors/share/nav2_behaviors//behavior_plugin.xml
[0.876s] -- Up-to-date symlink: /home/matthew/nav2_ws/install/nav2_behaviors/lib/libbehavior_server_core.so
[0.877s] -- Up-to-date symlink: /home/matthew/nav2_ws/install/nav2_behaviors/lib/libnav2_spin_behavior.so
[0.877s] -- Up-to-date symlink: /home/matthew/nav2_ws/install/nav2_behaviors/lib/libnav2_wait_behavior.so
[0.878s] -- Up-to-date symlink: /home/matthew/nav2_ws/install/nav2_behaviors/lib/libnav2_assisted_teleop_behavior.so
[0.878s] -- Up-to-date symlink: /home/matthew/nav2_ws/install/nav2_behaviors/lib/libnav2_drive_on_heading_behavior.so
[0.878s] -- Up-to-date symlink: /home/matthew/nav2_ws/install/nav2_behaviors/lib/libnav2_back_up_behavior.so
[0.879s] -- Up-to-date symlink: /home/matthew/nav2_ws/install/nav2_behaviors/lib/nav2_behaviors/behavior_server
[0.879s] -- Up-to-date symlink: /home/matthew/nav2_ws/install/nav2_behaviors/include//nav2_behaviors/behavior_server.hpp
[0.879s] -- Up-to-date symlink: /home/matthew/nav2_ws/install/nav2_behaviors/include//nav2_behaviors/plugins/assisted_teleop.hpp
[0.880s] -- Up-to-date symlink: /home/matthew/nav2_ws/install/nav2_behaviors/include//nav2_behaviors/plugins/back_up.hpp
[0.883s] -- Up-to-date symlink: /home/matthew/nav2_ws/install/nav2_behaviors/include//nav2_behaviors/plugins/drive_on_heading.hpp
[0.883s] -- Up-to-date symlink: /home/matthew/nav2_ws/install/nav2_behaviors/include//nav2_behaviors/plugins/spin.hpp
[0.884s] -- Up-to-date symlink: /home/matthew/nav2_ws/install/nav2_behaviors/include//nav2_behaviors/plugins/wait.hpp
[0.884s] -- Up-to-date symlink: /home/matthew/nav2_ws/install/nav2_behaviors/include//nav2_behaviors/timed_behavior.hpp
[0.886s] -- Up-to-date symlink: /home/matthew/nav2_ws/install/nav2_behaviors/share/nav2_behaviors/behavior_plugin.xml
[0.887s] -- Up-to-date symlink: /home/matthew/nav2_ws/install/nav2_behaviors/share/nav2_behaviors/plugins//assisted_teleop.cpp
[0.887s] -- Up-to-date symlink: /home/matthew/nav2_ws/install/nav2_behaviors/share/nav2_behaviors/plugins//back_up.cpp
[0.888s] -- Up-to-date symlink: /home/matthew/nav2_ws/install/nav2_behaviors/share/nav2_behaviors/plugins//drive_on_heading.cpp
[0.888s] -- Up-to-date symlink: /home/matthew/nav2_ws/install/nav2_behaviors/share/nav2_behaviors/plugins//spin.cpp
[0.888s] -- Up-to-date symlink: /home/matthew/nav2_ws/install/nav2_behaviors/share/nav2_behaviors/plugins//wait.cpp
[0.888s] -- Up-to-date symlink: /home/matthew/nav2_ws/install/nav2_behaviors/share/nav2_behaviors/environment/library_path.sh
[0.889s] -- Up-to-date symlink: /home/matthew/nav2_ws/install/nav2_behaviors/share/nav2_behaviors/environment/library_path.dsv
[0.890s] -- Up-to-date symlink: /home/matthew/nav2_ws/install/nav2_behaviors/share/ament_index/resource_index/package_run_dependencies/nav2_behaviors
[0.891s] -- Up-to-date symlink: /home/matthew/nav2_ws/install/nav2_behaviors/share/ament_index/resource_index/parent_prefix_path/nav2_behaviors
[0.892s] -- Up-to-date symlink: /home/matthew/nav2_ws/install/nav2_behaviors/share/nav2_behaviors/environment/ament_prefix_path.sh
[0.892s] -- Up-to-date symlink: /home/matthew/nav2_ws/install/nav2_behaviors/share/nav2_behaviors/environment/ament_prefix_path.dsv
[0.892s] -- Up-to-date symlink: /home/matthew/nav2_ws/install/nav2_behaviors/share/nav2_behaviors/environment/path.sh
[0.892s] -- Up-to-date symlink: /home/matthew/nav2_ws/install/nav2_behaviors/share/nav2_behaviors/environment/path.dsv
[0.893s] -- Up-to-date symlink: /home/matthew/nav2_ws/install/nav2_behaviors/share/nav2_behaviors/local_setup.bash
[0.893s] -- Up-to-date symlink: /home/matthew/nav2_ws/install/nav2_behaviors/share/nav2_behaviors/local_setup.sh
[0.893s] -- Up-to-date symlink: /home/matthew/nav2_ws/install/nav2_behaviors/share/nav2_behaviors/local_setup.zsh
[0.893s] -- Up-to-date symlink: /home/matthew/nav2_ws/install/nav2_behaviors/share/nav2_behaviors/local_setup.dsv
[0.898s] -- Symlinking: /home/matthew/nav2_ws/install/nav2_behaviors/share/nav2_behaviors/package.dsv
[0.901s] -- Up-to-date symlink: /home/matthew/nav2_ws/install/nav2_behaviors/share/ament_index/resource_index/packages/nav2_behaviors
[0.901s] -- Up-to-date symlink: /home/matthew/nav2_ws/install/nav2_behaviors/share/ament_index/resource_index/nav2_core__pluginlib__plugin/nav2_behaviors
[0.902s] -- Up-to-date symlink: /home/matthew/nav2_ws/install/nav2_behaviors/share/ament_index/resource_index/rclcpp_components/nav2_behaviors
[0.903s] -- Up-to-date symlink: /home/matthew/nav2_ws/install/nav2_behaviors/share/nav2_behaviors/cmake/ament_cmake_export_include_directories-extras.cmake
[0.903s] -- Up-to-date symlink: /home/matthew/nav2_ws/install/nav2_behaviors/share/nav2_behaviors/cmake/ament_cmake_export_libraries-extras.cmake
[0.903s] -- Up-to-date symlink: /home/matthew/nav2_ws/install/nav2_behaviors/share/nav2_behaviors/cmake/ament_cmake_export_dependencies-extras.cmake
[0.903s] -- Up-to-date symlink: /home/matthew/nav2_ws/install/nav2_behaviors/share/nav2_behaviors/cmake/nav2_behaviorsConfig.cmake
[0.904s] -- Up-to-date symlink: /home/matthew/nav2_ws/install/nav2_behaviors/share/nav2_behaviors/cmake/nav2_behaviorsConfig-version.cmake
[0.904s] -- Up-to-date symlink: /home/matthew/nav2_ws/install/nav2_behaviors/share/nav2_behaviors/package.xml
[1.060s] Invoked command in '/home/matthew/nav2_ws/build/nav2_behaviors' returned '0': AMENT_PREFIX_PATH=/home/matthew/nav2_ws/install/nav2_core:/home/matthew/nav2_ws/install/nav2_costmap_2d:/home/matthew/nav2_ws/install/nav2_map_server:/home/matthew/nav2_ws/install/nav2_lifecycle_manager:/home/matthew/nav2_ws/install/nav2_behavior_tree:/home/matthew/nav2_ws/install/nav2_util:/home/matthew/nav2_ws/install/nav2_voxel_grid:/home/matthew/nav2_ws/install/nav2_msgs:/home/matthew/nav2_ws/install/nav2_common:${AMENT_PREFIX_PATH} CMAKE_PREFIX_PATH=/home/matthew/nav2_ws/install/nav2_core:/home/matthew/nav2_ws/install/nav2_costmap_2d:/home/matthew/nav2_ws/install/nav2_map_server:/home/matthew/nav2_ws/install/nav2_lifecycle_manager:/home/matthew/nav2_ws/install/nav2_behavior_tree:/home/matthew/nav2_ws/install/nav2_util:/home/matthew/nav2_ws/install/nav2_voxel_grid:/home/matthew/nav2_ws/install/nav2_msgs:/home/matthew/nav2_ws/install/nav2_common:/home/matthew/ros2_ws/install/ros2_laser_scan_matcher:/home/matthew/ros2_ws/install/opennav_docking_core:/home/matthew/ros2_ws/install/my_robot_description:/home/matthew/ros2_ws/install/map_msgs:/home/matthew/ros2_ws/install/fake_odometry:/home/matthew/ros2_ws/install/dwb_msgs:/home/matthew/ros2_ws/install/csm:/opt/ros/iron LD_LIBRARY_PATH=/home/matthew/nav2_ws/install/nav2_costmap_2d/lib:/home/matthew/nav2_ws/install/nav2_map_server/lib:/home/matthew/nav2_ws/install/nav2_lifecycle_manager/lib:/home/matthew/nav2_ws/install/nav2_behavior_tree/lib:/home/matthew/nav2_ws/install/nav2_util/lib:/home/matthew/nav2_ws/install/nav2_voxel_grid/lib:/home/matthew/nav2_ws/install/nav2_msgs/lib:${LD_LIBRARY_PATH} PYTHONPATH=/home/matthew/nav2_ws/install/nav2_msgs/lib/python3.10/site-packages:/home/matthew/nav2_ws/install/nav2_common/lib/python3.10/site-packages:${PYTHONPATH} /usr/bin/cmake --install /home/matthew/nav2_ws/build/nav2_behaviors
