[0.432s] Invoking command in '/home/matthew/nav2_ws/build/costmap_queue': AMENT_PREFIX_PATH=/home/matthew/nav2_ws/install/nav2_costmap_2d:/home/matthew/nav2_ws/install/nav2_map_server:/home/matthew/nav2_ws/install/nav2_lifecycle_manager:/home/matthew/nav2_ws/install/nav2_util:/home/matthew/nav2_ws/install/nav2_voxel_grid:/home/matthew/nav2_ws/install/nav2_msgs:/home/matthew/nav2_ws/install/nav2_common:${AMENT_PREFIX_PATH} CMAKE_PREFIX_PATH=/home/matthew/nav2_ws/install/nav2_costmap_2d:/home/matthew/nav2_ws/install/nav2_map_server:/home/matthew/nav2_ws/install/nav2_lifecycle_manager:/home/matthew/nav2_ws/install/nav2_util:/home/matthew/nav2_ws/install/nav2_voxel_grid:/home/matthew/nav2_ws/install/nav2_msgs:/home/matthew/nav2_ws/install/nav2_common:/opt/ros/iron LD_LIBRARY_PATH=/home/matthew/nav2_ws/install/nav2_costmap_2d/lib:/home/matthew/nav2_ws/install/nav2_map_server/lib:/home/matthew/nav2_ws/install/nav2_lifecycle_manager/lib:/home/matthew/nav2_ws/install/nav2_util/lib:/home/matthew/nav2_ws/install/nav2_voxel_grid/lib:/home/matthew/nav2_ws/install/nav2_msgs/lib:${LD_LIBRARY_PATH} PYTHONPATH=/home/matthew/nav2_ws/install/nav2_msgs/lib/python3.10/site-packages:/home/matthew/nav2_ws/install/nav2_common/lib/python3.10/site-packages:${PYTHONPATH} /usr/bin/cmake --build /home/matthew/nav2_ws/build/costmap_queue -- -j6 -l6
[0.640s] [35m[1mConsolidate compiler generated dependencies of target costmap_queue[0m
[0.642s] [35m[1mConsolidate compiler generated dependencies of target gtest[0m
[0.652s] [35m[1mConsolidate compiler generated dependencies of target gtest_main[0m
[0.683s] [ 27%] Built target costmap_queue
[0.684s] [ 45%] Built target gtest_main
[0.694s] [ 63%] Built target gtest
[0.732s] [35m[1mConsolidate compiler generated dependencies of target mbq_test[0m
[0.732s] [35m[1mConsolidate compiler generated dependencies of target utest[0m
[0.775s] [ 81%] Built target mbq_test
[0.788s] [100%] Built target utest
[0.815s] Invoked command in '/home/matthew/nav2_ws/build/costmap_queue' returned '0': AMENT_PREFIX_PATH=/home/matthew/nav2_ws/install/nav2_costmap_2d:/home/matthew/nav2_ws/install/nav2_map_server:/home/matthew/nav2_ws/install/nav2_lifecycle_manager:/home/matthew/nav2_ws/install/nav2_util:/home/matthew/nav2_ws/install/nav2_voxel_grid:/home/matthew/nav2_ws/install/nav2_msgs:/home/matthew/nav2_ws/install/nav2_common:${AMENT_PREFIX_PATH} CMAKE_PREFIX_PATH=/home/matthew/nav2_ws/install/nav2_costmap_2d:/home/matthew/nav2_ws/install/nav2_map_server:/home/matthew/nav2_ws/install/nav2_lifecycle_manager:/home/matthew/nav2_ws/install/nav2_util:/home/matthew/nav2_ws/install/nav2_voxel_grid:/home/matthew/nav2_ws/install/nav2_msgs:/home/matthew/nav2_ws/install/nav2_common:/opt/ros/iron LD_LIBRARY_PATH=/home/matthew/nav2_ws/install/nav2_costmap_2d/lib:/home/matthew/nav2_ws/install/nav2_map_server/lib:/home/matthew/nav2_ws/install/nav2_lifecycle_manager/lib:/home/matthew/nav2_ws/install/nav2_util/lib:/home/matthew/nav2_ws/install/nav2_voxel_grid/lib:/home/matthew/nav2_ws/install/nav2_msgs/lib:${LD_LIBRARY_PATH} PYTHONPATH=/home/matthew/nav2_ws/install/nav2_msgs/lib/python3.10/site-packages:/home/matthew/nav2_ws/install/nav2_common/lib/python3.10/site-packages:${PYTHONPATH} /usr/bin/cmake --build /home/matthew/nav2_ws/build/costmap_queue -- -j6 -l6
[0.833s] Invoking command in '/home/matthew/nav2_ws/build/costmap_queue': AMENT_PREFIX_PATH=/home/matthew/nav2_ws/install/nav2_costmap_2d:/home/matthew/nav2_ws/install/nav2_map_server:/home/matthew/nav2_ws/install/nav2_lifecycle_manager:/home/matthew/nav2_ws/install/nav2_util:/home/matthew/nav2_ws/install/nav2_voxel_grid:/home/matthew/nav2_ws/install/nav2_msgs:/home/matthew/nav2_ws/install/nav2_common:${AMENT_PREFIX_PATH} CMAKE_PREFIX_PATH=/home/matthew/nav2_ws/install/nav2_costmap_2d:/home/matthew/nav2_ws/install/nav2_map_server:/home/matthew/nav2_ws/install/nav2_lifecycle_manager:/home/matthew/nav2_ws/install/nav2_util:/home/matthew/nav2_ws/install/nav2_voxel_grid:/home/matthew/nav2_ws/install/nav2_msgs:/home/matthew/nav2_ws/install/nav2_common:/opt/ros/iron LD_LIBRARY_PATH=/home/matthew/nav2_ws/install/nav2_costmap_2d/lib:/home/matthew/nav2_ws/install/nav2_map_server/lib:/home/matthew/nav2_ws/install/nav2_lifecycle_manager/lib:/home/matthew/nav2_ws/install/nav2_util/lib:/home/matthew/nav2_ws/install/nav2_voxel_grid/lib:/home/matthew/nav2_ws/install/nav2_msgs/lib:${LD_LIBRARY_PATH} PYTHONPATH=/home/matthew/nav2_ws/install/nav2_msgs/lib/python3.10/site-packages:/home/matthew/nav2_ws/install/nav2_common/lib/python3.10/site-packages:${PYTHONPATH} /usr/bin/cmake --install /home/matthew/nav2_ws/build/costmap_queue
[0.860s] -- Install configuration: "Release"
[0.865s] -- Execute custom install script
[0.874s] -- Up-to-date symlink: /home/matthew/nav2_ws/install/costmap_queue/lib/libcostmap_queue.so
[0.875s] -- Up-to-date symlink: /home/matthew/nav2_ws/install/costmap_queue/include//costmap_queue/costmap_queue.hpp
[0.879s] -- Up-to-date symlink: /home/matthew/nav2_ws/install/costmap_queue/include//costmap_queue/limited_costmap_queue.hpp
[0.880s] -- Up-to-date symlink: /home/matthew/nav2_ws/install/costmap_queue/include//costmap_queue/map_based_queue.hpp
[0.880s] -- Up-to-date symlink: /home/matthew/nav2_ws/install/costmap_queue/share/costmap_queue/environment/library_path.sh
[0.882s] -- Up-to-date symlink: /home/matthew/nav2_ws/install/costmap_queue/share/costmap_queue/environment/library_path.dsv
[0.888s] -- Up-to-date symlink: /home/matthew/nav2_ws/install/costmap_queue/share/ament_index/resource_index/package_run_dependencies/costmap_queue
[0.889s] -- Up-to-date symlink: /home/matthew/nav2_ws/install/costmap_queue/share/ament_index/resource_index/parent_prefix_path/costmap_queue
[0.891s] -- Up-to-date symlink: /home/matthew/nav2_ws/install/costmap_queue/share/costmap_queue/environment/ament_prefix_path.sh
[0.892s] -- Up-to-date symlink: /home/matthew/nav2_ws/install/costmap_queue/share/costmap_queue/environment/ament_prefix_path.dsv
[0.893s] -- Up-to-date symlink: /home/matthew/nav2_ws/install/costmap_queue/share/costmap_queue/environment/path.sh
[0.897s] -- Up-to-date symlink: /home/matthew/nav2_ws/install/costmap_queue/share/costmap_queue/environment/path.dsv
[0.900s] -- Up-to-date symlink: /home/matthew/nav2_ws/install/costmap_queue/share/costmap_queue/local_setup.bash
[0.900s] -- Up-to-date symlink: /home/matthew/nav2_ws/install/costmap_queue/share/costmap_queue/local_setup.sh
[0.900s] -- Up-to-date symlink: /home/matthew/nav2_ws/install/costmap_queue/share/costmap_queue/local_setup.zsh
[0.900s] -- Up-to-date symlink: /home/matthew/nav2_ws/install/costmap_queue/share/costmap_queue/local_setup.dsv
[0.900s] -- Symlinking: /home/matthew/nav2_ws/install/costmap_queue/share/costmap_queue/package.dsv
[0.920s] -- Up-to-date symlink: /home/matthew/nav2_ws/install/costmap_queue/share/ament_index/resource_index/packages/costmap_queue
[0.921s] -- Up-to-date symlink: /home/matthew/nav2_ws/install/costmap_queue/share/costmap_queue/cmake/ament_cmake_export_include_directories-extras.cmake
[0.922s] -- Up-to-date symlink: /home/matthew/nav2_ws/install/costmap_queue/share/costmap_queue/cmake/ament_cmake_export_libraries-extras.cmake
[0.923s] -- Up-to-date symlink: /home/matthew/nav2_ws/install/costmap_queue/share/costmap_queue/cmake/costmap_queueConfig.cmake
[0.926s] -- Up-to-date symlink: /home/matthew/nav2_ws/install/costmap_queue/share/costmap_queue/cmake/costmap_queueConfig-version.cmake
[0.926s] -- Up-to-date symlink: /home/matthew/nav2_ws/install/costmap_queue/share/costmap_queue/package.xml
[0.970s] Invoked command in '/home/matthew/nav2_ws/build/costmap_queue' returned '0': AMENT_PREFIX_PATH=/home/matthew/nav2_ws/install/nav2_costmap_2d:/home/matthew/nav2_ws/install/nav2_map_server:/home/matthew/nav2_ws/install/nav2_lifecycle_manager:/home/matthew/nav2_ws/install/nav2_util:/home/matthew/nav2_ws/install/nav2_voxel_grid:/home/matthew/nav2_ws/install/nav2_msgs:/home/matthew/nav2_ws/install/nav2_common:${AMENT_PREFIX_PATH} CMAKE_PREFIX_PATH=/home/matthew/nav2_ws/install/nav2_costmap_2d:/home/matthew/nav2_ws/install/nav2_map_server:/home/matthew/nav2_ws/install/nav2_lifecycle_manager:/home/matthew/nav2_ws/install/nav2_util:/home/matthew/nav2_ws/install/nav2_voxel_grid:/home/matthew/nav2_ws/install/nav2_msgs:/home/matthew/nav2_ws/install/nav2_common:/opt/ros/iron LD_LIBRARY_PATH=/home/matthew/nav2_ws/install/nav2_costmap_2d/lib:/home/matthew/nav2_ws/install/nav2_map_server/lib:/home/matthew/nav2_ws/install/nav2_lifecycle_manager/lib:/home/matthew/nav2_ws/install/nav2_util/lib:/home/matthew/nav2_ws/install/nav2_voxel_grid/lib:/home/matthew/nav2_ws/install/nav2_msgs/lib:${LD_LIBRARY_PATH} PYTHONPATH=/home/matthew/nav2_ws/install/nav2_msgs/lib/python3.10/site-packages:/home/matthew/nav2_ws/install/nav2_common/lib/python3.10/site-packages:${PYTHONPATH} /usr/bin/cmake --install /home/matthew/nav2_ws/build/costmap_queue
