[0.027s] Invoking command in '/home/matthew/nav2_ws/build/nav2_common': CMAKE_PREFIX_PATH=/opt/ros/iron /usr/bin/cmake /home/matthew/nav2_ws/src/navigation2/nav2_common -DAMENT_CMAKE_SYMLINK_INSTALL=1 -DCMAKE_INSTALL_PREFIX=/home/matthew/nav2_ws/install/nav2_common
[0.164s] -- Found ament_cmake_core: 2.0.7 (/opt/ros/iron/share/ament_cmake_core/cmake)
[0.603s] -- Found Python3: /usr/bin/python3.10 (found version "3.10.12") found components: Interpreter 
[0.921s] -- Override CMake install command with custom implementation using symlinks instead of copying resources
[1.001s] -- Found ament_cmake_python: 2.0.7 (/opt/ros/iron/share/ament_cmake_python/cmake)
[1.336s] -- Configuring done
[1.344s] -- Generating done
[1.349s] -- Build files have been written to: /home/matthew/nav2_ws/build/nav2_common
[1.355s] Invoked command in '/home/matthew/nav2_ws/build/nav2_common' returned '0': CMAKE_PREFIX_PATH=/opt/ros/iron /usr/bin/cmake /home/matthew/nav2_ws/src/navigation2/nav2_common -DAMENT_CMAKE_SYMLINK_INSTALL=1 -DCMAKE_INSTALL_PREFIX=/home/matthew/nav2_ws/install/nav2_common
[1.359s] Invoking command in '/home/matthew/nav2_ws/build/nav2_common': CMAKE_PREFIX_PATH=/opt/ros/iron /usr/bin/cmake --build /home/matthew/nav2_ws/build/nav2_common -- -j6 -l6
[1.468s] Built target ament_cmake_python_symlink_nav2_common
[1.981s] running egg_info
[1.982s] creating nav2_common.egg-info
[1.982s] writing nav2_common.egg-info/PKG-INFO
[1.983s] writing dependency_links to nav2_common.egg-info/dependency_links.txt
[1.983s] writing top-level names to nav2_common.egg-info/top_level.txt
[1.984s] writing manifest file 'nav2_common.egg-info/SOURCES.txt'
[1.989s] reading manifest file 'nav2_common.egg-info/SOURCES.txt'
[1.990s] writing manifest file 'nav2_common.egg-info/SOURCES.txt'
[2.059s] Built target ament_cmake_python_build_nav2_common_egg
[2.090s] Invoked command in '/home/matthew/nav2_ws/build/nav2_common' returned '0': CMAKE_PREFIX_PATH=/opt/ros/iron /usr/bin/cmake --build /home/matthew/nav2_ws/build/nav2_common -- -j6 -l6
[2.117s] Invoking command in '/home/matthew/nav2_ws/build/nav2_common': CMAKE_PREFIX_PATH=/opt/ros/iron /usr/bin/cmake --install /home/matthew/nav2_ws/build/nav2_common
[2.138s] -- Install configuration: ""
[2.139s] -- Execute custom install script
[2.140s] -- Symlinking: /home/matthew/nav2_ws/install/nav2_common/share/nav2_common/environment/pythonpath.sh
[2.158s] -- Symlinking: /home/matthew/nav2_ws/install/nav2_common/share/nav2_common/environment/pythonpath.dsv
[2.174s] -- Symlinking: /home/matthew/nav2_ws/install/nav2_common/lib/python3.10/site-packages/nav2_common-1.2.10-py3.10.egg-info/PKG-INFO
[2.188s] -- Symlinking: /home/matthew/nav2_ws/install/nav2_common/lib/python3.10/site-packages/nav2_common-1.2.10-py3.10.egg-info/SOURCES.txt
[2.204s] -- Symlinking: /home/matthew/nav2_ws/install/nav2_common/lib/python3.10/site-packages/nav2_common-1.2.10-py3.10.egg-info/dependency_links.txt
[2.218s] -- Symlinking: /home/matthew/nav2_ws/install/nav2_common/lib/python3.10/site-packages/nav2_common-1.2.10-py3.10.egg-info/top_level.txt
[2.235s] -- Symlinking: /home/matthew/nav2_ws/install/nav2_common/lib/python3.10/site-packages/nav2_common/__init__.py
[2.250s] -- Symlinking: /home/matthew/nav2_ws/install/nav2_common/lib/python3.10/site-packages/nav2_common/launch/__init__.py
[2.266s] -- Symlinking: /home/matthew/nav2_ws/install/nav2_common/lib/python3.10/site-packages/nav2_common/launch/has_node_params.py
[2.282s] -- Symlinking: /home/matthew/nav2_ws/install/nav2_common/lib/python3.10/site-packages/nav2_common/launch/parse_multirobot_pose.py
[2.295s] -- Symlinking: /home/matthew/nav2_ws/install/nav2_common/lib/python3.10/site-packages/nav2_common/launch/replace_string.py
[2.310s] -- Symlinking: /home/matthew/nav2_ws/install/nav2_common/lib/python3.10/site-packages/nav2_common/launch/rewritten_yaml.py
[2.324s] -- Symlinking: /home/matthew/nav2_ws/install/nav2_common/share/ament_index/resource_index/package_run_dependencies/nav2_common
[2.343s] -- Symlinking: /home/matthew/nav2_ws/install/nav2_common/share/ament_index/resource_index/parent_prefix_path/nav2_common
[2.358s] -- Symlinking: /home/matthew/nav2_ws/install/nav2_common/share/nav2_common/environment/ament_prefix_path.sh
[2.373s] -- Symlinking: /home/matthew/nav2_ws/install/nav2_common/share/nav2_common/environment/ament_prefix_path.dsv
[2.388s] -- Symlinking: /home/matthew/nav2_ws/install/nav2_common/share/nav2_common/environment/path.sh
[2.406s] -- Symlinking: /home/matthew/nav2_ws/install/nav2_common/share/nav2_common/environment/path.dsv
[2.423s] -- Symlinking: /home/matthew/nav2_ws/install/nav2_common/share/nav2_common/local_setup.bash
[2.440s] -- Symlinking: /home/matthew/nav2_ws/install/nav2_common/share/nav2_common/local_setup.sh
[2.458s] -- Symlinking: /home/matthew/nav2_ws/install/nav2_common/share/nav2_common/local_setup.zsh
[2.475s] -- Symlinking: /home/matthew/nav2_ws/install/nav2_common/share/nav2_common/local_setup.dsv
[2.490s] -- Symlinking: /home/matthew/nav2_ws/install/nav2_common/share/nav2_common/package.dsv
[2.507s] -- Symlinking: /home/matthew/nav2_ws/install/nav2_common/share/ament_index/resource_index/packages/nav2_common
[2.524s] -- Symlinking: /home/matthew/nav2_ws/install/nav2_common/share/nav2_common/cmake/nav2_common-extras.cmake
[2.540s] -- Symlinking: /home/matthew/nav2_ws/install/nav2_common/share/nav2_common/cmake/nav2_commonConfig.cmake
[2.558s] -- Symlinking: /home/matthew/nav2_ws/install/nav2_common/share/nav2_common/cmake/nav2_commonConfig-version.cmake
[2.582s] -- Symlinking: /home/matthew/nav2_ws/install/nav2_common/share/nav2_common/package.xml
[2.600s] -- Symlinking: /home/matthew/nav2_ws/install/nav2_common/share/nav2_common/cmake/nav2_package.cmake
[2.700s] Listing '/home/matthew/nav2_ws/install/nav2_common/lib/python3.10/site-packages/nav2_common'...
[2.700s] Compiling '/home/matthew/nav2_ws/install/nav2_common/lib/python3.10/site-packages/nav2_common/__init__.py'...
[2.700s] Listing '/home/matthew/nav2_ws/install/nav2_common/lib/python3.10/site-packages/nav2_common/launch'...
[2.700s] Compiling '/home/matthew/nav2_ws/install/nav2_common/lib/python3.10/site-packages/nav2_common/launch/__init__.py'...
[2.700s] Compiling '/home/matthew/nav2_ws/install/nav2_common/lib/python3.10/site-packages/nav2_common/launch/has_node_params.py'...
[2.700s] Compiling '/home/matthew/nav2_ws/install/nav2_common/lib/python3.10/site-packages/nav2_common/launch/parse_multirobot_pose.py'...
[2.700s] Compiling '/home/matthew/nav2_ws/install/nav2_common/lib/python3.10/site-packages/nav2_common/launch/replace_string.py'...
[2.701s] Compiling '/home/matthew/nav2_ws/install/nav2_common/lib/python3.10/site-packages/nav2_common/launch/rewritten_yaml.py'...
[2.718s] Invoked command in '/home/matthew/nav2_ws/build/nav2_common' returned '0': CMAKE_PREFIX_PATH=/opt/ros/iron /usr/bin/cmake --install /home/matthew/nav2_ws/build/nav2_common
