[0.030s] Invoking command in '/home/matthew/nav2_ws/build/nav2_minimal_tb4_sim': AMENT_PREFIX_PATH=/home/matthew/nav2_ws/install/nav2_minimal_tb4_description:${AMENT_PREFIX_PATH} CMAKE_PREFIX_PATH=/home/matthew/nav2_ws/install/nav2_minimal_tb4_description:/home/matthew/ros2_ws/install/ros2_laser_scan_matcher:/home/matthew/ros2_ws/install/opennav_docking_core:/home/matthew/ros2_ws/install/my_robot_description:/home/matthew/ros2_ws/install/map_msgs:/home/matthew/ros2_ws/install/fake_odometry:/home/matthew/ros2_ws/install/dwb_msgs:/home/matthew/ros2_ws/install/csm:/opt/ros/iron /usr/bin/cmake --build /home/matthew/nav2_ws/build/nav2_minimal_tb4_sim -- -j6 -l6
[0.088s] -- Found ament_cmake: 2.0.7 (/opt/ros/iron/share/ament_cmake/cmake)
[0.421s] -- Override CMake install command with custom implementation using symlinks instead of copying resources
[0.455s] -- Found ament_lint_auto: 0.14.4 (/opt/ros/iron/share/ament_lint_auto/cmake)
[0.619s] -- Added test 'copyright' to check source files copyright and LICENSE
[0.629s] -- Added test 'flake8' to check Python code syntax and style conventions
[0.633s] -- Configured 'flake8' exclude dirs and/or files: 
[0.635s] -- Added test 'lint_cmake' to check CMake code style
[0.636s] -- Added test 'pep257' to check Python code against some of the docstring style conventions in PEP 257
[0.639s] -- Added test 'xmllint' to check XML markup files
[0.647s] -- Configuring done
[0.658s] -- Generating done
[0.662s] -- Build files have been written to: /home/matthew/nav2_ws/build/nav2_minimal_tb4_sim
[0.725s] Invoked command in '/home/matthew/nav2_ws/build/nav2_minimal_tb4_sim' returned '0': AMENT_PREFIX_PATH=/home/matthew/nav2_ws/install/nav2_minimal_tb4_description:${AMENT_PREFIX_PATH} CMAKE_PREFIX_PATH=/home/matthew/nav2_ws/install/nav2_minimal_tb4_description:/home/matthew/ros2_ws/install/ros2_laser_scan_matcher:/home/matthew/ros2_ws/install/opennav_docking_core:/home/matthew/ros2_ws/install/my_robot_description:/home/matthew/ros2_ws/install/map_msgs:/home/matthew/ros2_ws/install/fake_odometry:/home/matthew/ros2_ws/install/dwb_msgs:/home/matthew/ros2_ws/install/csm:/opt/ros/iron /usr/bin/cmake --build /home/matthew/nav2_ws/build/nav2_minimal_tb4_sim -- -j6 -l6
[0.726s] Invoking command in '/home/matthew/nav2_ws/build/nav2_minimal_tb4_sim': AMENT_PREFIX_PATH=/home/matthew/nav2_ws/install/nav2_minimal_tb4_description:${AMENT_PREFIX_PATH} CMAKE_PREFIX_PATH=/home/matthew/nav2_ws/install/nav2_minimal_tb4_description:/home/matthew/ros2_ws/install/ros2_laser_scan_matcher:/home/matthew/ros2_ws/install/opennav_docking_core:/home/matthew/ros2_ws/install/my_robot_description:/home/matthew/ros2_ws/install/map_msgs:/home/matthew/ros2_ws/install/fake_odometry:/home/matthew/ros2_ws/install/dwb_msgs:/home/matthew/ros2_ws/install/csm:/opt/ros/iron /usr/bin/cmake --install /home/matthew/nav2_ws/build/nav2_minimal_tb4_sim
[0.736s] -- Install configuration: ""
[0.737s] -- Execute custom install script
[0.737s] -- Up-to-date symlink: /home/matthew/nav2_ws/install/nav2_minimal_tb4_sim/share/nav2_minimal_tb4_sim/configs/tb4_bridge.yaml
[0.738s] -- Up-to-date symlink: /home/matthew/nav2_ws/install/nav2_minimal_tb4_sim/share/nav2_minimal_tb4_sim/launch/simulation.launch.py
[0.738s] -- Up-to-date symlink: /home/matthew/nav2_ws/install/nav2_minimal_tb4_sim/share/nav2_minimal_tb4_sim/launch/spawn_tb4.launch.py
[0.739s] -- Up-to-date symlink: /home/matthew/nav2_ws/install/nav2_minimal_tb4_sim/share/nav2_minimal_tb4_sim/worlds/depot.sdf
[0.739s] -- Up-to-date symlink: /home/matthew/nav2_ws/install/nav2_minimal_tb4_sim/share/nav2_minimal_tb4_sim/worlds/warehouse.sdf
[0.740s] -- Up-to-date symlink: /home/matthew/nav2_ws/install/nav2_minimal_tb4_sim/share/ament_index/resource_index/package_run_dependencies/nav2_minimal_tb4_sim
[0.740s] -- Up-to-date symlink: /home/matthew/nav2_ws/install/nav2_minimal_tb4_sim/share/ament_index/resource_index/parent_prefix_path/nav2_minimal_tb4_sim
[0.741s] -- Up-to-date symlink: /home/matthew/nav2_ws/install/nav2_minimal_tb4_sim/share/nav2_minimal_tb4_sim/environment/ament_prefix_path.sh
[0.742s] -- Up-to-date symlink: /home/matthew/nav2_ws/install/nav2_minimal_tb4_sim/share/nav2_minimal_tb4_sim/environment/ament_prefix_path.dsv
[0.742s] -- Up-to-date symlink: /home/matthew/nav2_ws/install/nav2_minimal_tb4_sim/share/nav2_minimal_tb4_sim/environment/path.sh
[0.742s] -- Up-to-date symlink: /home/matthew/nav2_ws/install/nav2_minimal_tb4_sim/share/nav2_minimal_tb4_sim/environment/path.dsv
[0.742s] -- Up-to-date symlink: /home/matthew/nav2_ws/install/nav2_minimal_tb4_sim/share/nav2_minimal_tb4_sim/local_setup.bash
[0.743s] -- Up-to-date symlink: /home/matthew/nav2_ws/install/nav2_minimal_tb4_sim/share/nav2_minimal_tb4_sim/local_setup.sh
[0.743s] -- Up-to-date symlink: /home/matthew/nav2_ws/install/nav2_minimal_tb4_sim/share/nav2_minimal_tb4_sim/local_setup.zsh
[0.743s] -- Up-to-date symlink: /home/matthew/nav2_ws/install/nav2_minimal_tb4_sim/share/nav2_minimal_tb4_sim/local_setup.dsv
[0.743s] -- Symlinking: /home/matthew/nav2_ws/install/nav2_minimal_tb4_sim/share/nav2_minimal_tb4_sim/package.dsv
[0.762s] -- Up-to-date symlink: /home/matthew/nav2_ws/install/nav2_minimal_tb4_sim/share/ament_index/resource_index/packages/nav2_minimal_tb4_sim
[0.762s] -- Up-to-date symlink: /home/matthew/nav2_ws/install/nav2_minimal_tb4_sim/share/nav2_minimal_tb4_sim/cmake/nav2_minimal_tb4_simConfig.cmake
[0.763s] -- Up-to-date symlink: /home/matthew/nav2_ws/install/nav2_minimal_tb4_sim/share/nav2_minimal_tb4_sim/cmake/nav2_minimal_tb4_simConfig-version.cmake
[0.763s] -- Up-to-date symlink: /home/matthew/nav2_ws/install/nav2_minimal_tb4_sim/share/nav2_minimal_tb4_sim/package.xml
[0.769s] Invoked command in '/home/matthew/nav2_ws/build/nav2_minimal_tb4_sim' returned '0': AMENT_PREFIX_PATH=/home/matthew/nav2_ws/install/nav2_minimal_tb4_description:${AMENT_PREFIX_PATH} CMAKE_PREFIX_PATH=/home/matthew/nav2_ws/install/nav2_minimal_tb4_description:/home/matthew/ros2_ws/install/ros2_laser_scan_matcher:/home/matthew/ros2_ws/install/opennav_docking_core:/home/matthew/ros2_ws/install/my_robot_description:/home/matthew/ros2_ws/install/map_msgs:/home/matthew/ros2_ws/install/fake_odometry:/home/matthew/ros2_ws/install/dwb_msgs:/home/matthew/ros2_ws/install/csm:/opt/ros/iron /usr/bin/cmake --install /home/matthew/nav2_ws/build/nav2_minimal_tb4_sim
