[0.060s] Invoking command in '/home/matthew/nav2_ws/build/nav_2d_utils': AMENT_PREFIX_PATH=/home/matthew/nav2_ws/install/nav2_util:/home/matthew/nav2_ws/install/nav2_msgs:/home/matthew/nav2_ws/install/nav_2d_msgs:/home/matthew/nav2_ws/install/nav2_common:${AMENT_PREFIX_PATH} CMAKE_PREFIX_PATH=/home/matthew/nav2_ws/install/nav2_util:/home/matthew/nav2_ws/install/nav2_msgs:/home/matthew/nav2_ws/install/nav_2d_msgs:/home/matthew/nav2_ws/install/nav2_common:/home/matthew/ros2_ws/install/ros2_laser_scan_matcher:/home/matthew/ros2_ws/install/opennav_docking_core:/home/matthew/ros2_ws/install/my_robot_description:/home/matthew/ros2_ws/install/map_msgs:/home/matthew/ros2_ws/install/fake_odometry:/home/matthew/ros2_ws/install/dwb_msgs:/home/matthew/ros2_ws/install/csm:/opt/ros/iron LD_LIBRARY_PATH=/home/matthew/nav2_ws/install/nav2_util/lib:/home/matthew/nav2_ws/install/nav2_msgs/lib:/home/matthew/nav2_ws/install/nav_2d_msgs/lib:${LD_LIBRARY_PATH} PYTHONPATH=/home/matthew/nav2_ws/install/nav2_msgs/lib/python3.10/site-packages:/home/matthew/nav2_ws/install/nav_2d_msgs/lib/python3.10/site-packages:/home/matthew/nav2_ws/install/nav2_common/lib/python3.10/site-packages:${PYTHONPATH} /usr/bin/cmake --build /home/matthew/nav2_ws/build/nav_2d_utils -- -j6 -l6
[0.236s] [ 12%] Built target conversions
[0.267s] [ 25%] Built target gtest
[0.270s] [ 37%] Built target gtest_main
[0.283s] [ 50%] Built target path_ops
[0.368s] [ 62%] Built target path_ops_tests
[0.395s] [ 75%] Built target tf_help
[0.427s] [ 87%] Built target 2d_utils_tests
[0.503s] [100%] Built target tf_help_tests
[0.599s] Invoked command in '/home/matthew/nav2_ws/build/nav_2d_utils' returned '0': AMENT_PREFIX_PATH=/home/matthew/nav2_ws/install/nav2_util:/home/matthew/nav2_ws/install/nav2_msgs:/home/matthew/nav2_ws/install/nav_2d_msgs:/home/matthew/nav2_ws/install/nav2_common:${AMENT_PREFIX_PATH} CMAKE_PREFIX_PATH=/home/matthew/nav2_ws/install/nav2_util:/home/matthew/nav2_ws/install/nav2_msgs:/home/matthew/nav2_ws/install/nav_2d_msgs:/home/matthew/nav2_ws/install/nav2_common:/home/matthew/ros2_ws/install/ros2_laser_scan_matcher:/home/matthew/ros2_ws/install/opennav_docking_core:/home/matthew/ros2_ws/install/my_robot_description:/home/matthew/ros2_ws/install/map_msgs:/home/matthew/ros2_ws/install/fake_odometry:/home/matthew/ros2_ws/install/dwb_msgs:/home/matthew/ros2_ws/install/csm:/opt/ros/iron LD_LIBRARY_PATH=/home/matthew/nav2_ws/install/nav2_util/lib:/home/matthew/nav2_ws/install/nav2_msgs/lib:/home/matthew/nav2_ws/install/nav_2d_msgs/lib:${LD_LIBRARY_PATH} PYTHONPATH=/home/matthew/nav2_ws/install/nav2_msgs/lib/python3.10/site-packages:/home/matthew/nav2_ws/install/nav_2d_msgs/lib/python3.10/site-packages:/home/matthew/nav2_ws/install/nav2_common/lib/python3.10/site-packages:${PYTHONPATH} /usr/bin/cmake --build /home/matthew/nav2_ws/build/nav_2d_utils -- -j6 -l6
[0.600s] Invoking command in '/home/matthew/nav2_ws/build/nav_2d_utils': AMENT_PREFIX_PATH=/home/matthew/nav2_ws/install/nav2_util:/home/matthew/nav2_ws/install/nav2_msgs:/home/matthew/nav2_ws/install/nav_2d_msgs:/home/matthew/nav2_ws/install/nav2_common:${AMENT_PREFIX_PATH} CMAKE_PREFIX_PATH=/home/matthew/nav2_ws/install/nav2_util:/home/matthew/nav2_ws/install/nav2_msgs:/home/matthew/nav2_ws/install/nav_2d_msgs:/home/matthew/nav2_ws/install/nav2_common:/home/matthew/ros2_ws/install/ros2_laser_scan_matcher:/home/matthew/ros2_ws/install/opennav_docking_core:/home/matthew/ros2_ws/install/my_robot_description:/home/matthew/ros2_ws/install/map_msgs:/home/matthew/ros2_ws/install/fake_odometry:/home/matthew/ros2_ws/install/dwb_msgs:/home/matthew/ros2_ws/install/csm:/opt/ros/iron LD_LIBRARY_PATH=/home/matthew/nav2_ws/install/nav2_util/lib:/home/matthew/nav2_ws/install/nav2_msgs/lib:/home/matthew/nav2_ws/install/nav_2d_msgs/lib:${LD_LIBRARY_PATH} PYTHONPATH=/home/matthew/nav2_ws/install/nav2_msgs/lib/python3.10/site-packages:/home/matthew/nav2_ws/install/nav_2d_msgs/lib/python3.10/site-packages:/home/matthew/nav2_ws/install/nav2_common/lib/python3.10/site-packages:${PYTHONPATH} /usr/bin/cmake --install /home/matthew/nav2_ws/build/nav_2d_utils
[0.621s] -- Install configuration: "Release"
[0.623s] -- Execute custom install script
[0.625s] -- Up-to-date symlink: /home/matthew/nav2_ws/install/nav_2d_utils/lib/libconversions.so
[0.633s] -- Up-to-date symlink: /home/matthew/nav2_ws/install/nav_2d_utils/lib/libpath_ops.so
[0.634s] -- Up-to-date symlink: /home/matthew/nav2_ws/install/nav_2d_utils/lib/libtf_help.so
[0.637s] -- Up-to-date symlink: /home/matthew/nav2_ws/install/nav_2d_utils/include//nav_2d_utils/conversions.hpp
[0.638s] -- Up-to-date symlink: /home/matthew/nav2_ws/install/nav_2d_utils/include//nav_2d_utils/odom_subscriber.hpp
[0.638s] -- Up-to-date symlink: /home/matthew/nav2_ws/install/nav_2d_utils/include//nav_2d_utils/parameters.hpp
[0.638s] -- Up-to-date symlink: /home/matthew/nav2_ws/install/nav_2d_utils/include//nav_2d_utils/path_ops.hpp
[0.638s] -- Up-to-date symlink: /home/matthew/nav2_ws/install/nav_2d_utils/include//nav_2d_utils/tf_help.hpp
[0.639s] -- Up-to-date symlink: /home/matthew/nav2_ws/install/nav_2d_utils/share/nav_2d_utils/environment/library_path.sh
[0.640s] -- Up-to-date symlink: /home/matthew/nav2_ws/install/nav_2d_utils/share/nav_2d_utils/environment/library_path.dsv
[0.640s] -- Up-to-date symlink: /home/matthew/nav2_ws/install/nav_2d_utils/share/ament_index/resource_index/package_run_dependencies/nav_2d_utils
[0.640s] -- Up-to-date symlink: /home/matthew/nav2_ws/install/nav_2d_utils/share/ament_index/resource_index/parent_prefix_path/nav_2d_utils
[0.641s] -- Up-to-date symlink: /home/matthew/nav2_ws/install/nav_2d_utils/share/nav_2d_utils/environment/ament_prefix_path.sh
[0.643s] -- Up-to-date symlink: /home/matthew/nav2_ws/install/nav_2d_utils/share/nav_2d_utils/environment/ament_prefix_path.dsv
[0.644s] -- Up-to-date symlink: /home/matthew/nav2_ws/install/nav_2d_utils/share/nav_2d_utils/environment/path.sh
[0.644s] -- Up-to-date symlink: /home/matthew/nav2_ws/install/nav_2d_utils/share/nav_2d_utils/environment/path.dsv
[0.644s] -- Up-to-date symlink: /home/matthew/nav2_ws/install/nav_2d_utils/share/nav_2d_utils/local_setup.bash
[0.644s] -- Up-to-date symlink: /home/matthew/nav2_ws/install/nav_2d_utils/share/nav_2d_utils/local_setup.sh
[0.644s] -- Up-to-date symlink: /home/matthew/nav2_ws/install/nav_2d_utils/share/nav_2d_utils/local_setup.zsh
[0.644s] -- Up-to-date symlink: /home/matthew/nav2_ws/install/nav_2d_utils/share/nav_2d_utils/local_setup.dsv
[0.644s] -- Symlinking: /home/matthew/nav2_ws/install/nav_2d_utils/share/nav_2d_utils/package.dsv
[0.675s] -- Up-to-date symlink: /home/matthew/nav2_ws/install/nav_2d_utils/share/ament_index/resource_index/packages/nav_2d_utils
[0.675s] -- Up-to-date symlink: /home/matthew/nav2_ws/install/nav_2d_utils/share/nav_2d_utils/cmake/ament_cmake_export_include_directories-extras.cmake
[0.676s] -- Up-to-date symlink: /home/matthew/nav2_ws/install/nav_2d_utils/share/nav_2d_utils/cmake/ament_cmake_export_libraries-extras.cmake
[0.676s] -- Up-to-date symlink: /home/matthew/nav2_ws/install/nav_2d_utils/share/nav_2d_utils/cmake/ament_cmake_export_dependencies-extras.cmake
[0.676s] -- Up-to-date symlink: /home/matthew/nav2_ws/install/nav_2d_utils/share/nav_2d_utils/cmake/nav_2d_utilsConfig.cmake
[0.676s] -- Up-to-date symlink: /home/matthew/nav2_ws/install/nav_2d_utils/share/nav_2d_utils/cmake/nav_2d_utilsConfig-version.cmake
[0.677s] -- Up-to-date symlink: /home/matthew/nav2_ws/install/nav_2d_utils/share/nav_2d_utils/package.xml
[0.684s] Invoked command in '/home/matthew/nav2_ws/build/nav_2d_utils' returned '0': AMENT_PREFIX_PATH=/home/matthew/nav2_ws/install/nav2_util:/home/matthew/nav2_ws/install/nav2_msgs:/home/matthew/nav2_ws/install/nav_2d_msgs:/home/matthew/nav2_ws/install/nav2_common:${AMENT_PREFIX_PATH} CMAKE_PREFIX_PATH=/home/matthew/nav2_ws/install/nav2_util:/home/matthew/nav2_ws/install/nav2_msgs:/home/matthew/nav2_ws/install/nav_2d_msgs:/home/matthew/nav2_ws/install/nav2_common:/home/matthew/ros2_ws/install/ros2_laser_scan_matcher:/home/matthew/ros2_ws/install/opennav_docking_core:/home/matthew/ros2_ws/install/my_robot_description:/home/matthew/ros2_ws/install/map_msgs:/home/matthew/ros2_ws/install/fake_odometry:/home/matthew/ros2_ws/install/dwb_msgs:/home/matthew/ros2_ws/install/csm:/opt/ros/iron LD_LIBRARY_PATH=/home/matthew/nav2_ws/install/nav2_util/lib:/home/matthew/nav2_ws/install/nav2_msgs/lib:/home/matthew/nav2_ws/install/nav_2d_msgs/lib:${LD_LIBRARY_PATH} PYTHONPATH=/home/matthew/nav2_ws/install/nav2_msgs/lib/python3.10/site-packages:/home/matthew/nav2_ws/install/nav_2d_msgs/lib/python3.10/site-packages:/home/matthew/nav2_ws/install/nav2_common/lib/python3.10/site-packages:${PYTHONPATH} /usr/bin/cmake --install /home/matthew/nav2_ws/build/nav_2d_utils
