[0.292s] Invoking command in '/home/matthew/nav2_ws/build/dwb_critics': AMENT_PREFIX_PATH=/home/matthew/nav2_ws/install/dwb_core:/home/matthew/nav2_ws/install/nav2_core:/home/matthew/nav2_ws/install/costmap_queue:/home/matthew/nav2_ws/install/nav2_costmap_2d:/home/matthew/nav2_ws/install/nav_2d_utils:/home/matthew/nav2_ws/install/nav2_map_server:/home/matthew/nav2_ws/install/nav2_lifecycle_manager:/home/matthew/nav2_ws/install/nav2_behavior_tree:/home/matthew/nav2_ws/install/nav2_util:/home/matthew/nav2_ws/install/nav2_voxel_grid:/home/matthew/nav2_ws/install/nav2_msgs:/home/matthew/nav2_ws/install/dwb_msgs:/home/matthew/nav2_ws/install/nav_2d_msgs:/home/matthew/nav2_ws/install/nav2_common:${AMENT_PREFIX_PATH} CMAKE_PREFIX_PATH=/home/matthew/nav2_ws/install/dwb_core:/home/matthew/nav2_ws/install/nav2_core:/home/matthew/nav2_ws/install/costmap_queue:/home/matthew/nav2_ws/install/nav2_costmap_2d:/home/matthew/nav2_ws/install/nav_2d_utils:/home/matthew/nav2_ws/install/nav2_map_server:/home/matthew/nav2_ws/install/nav2_lifecycle_manager:/home/matthew/nav2_ws/install/nav2_behavior_tree:/home/matthew/nav2_ws/install/nav2_util:/home/matthew/nav2_ws/install/nav2_voxel_grid:/home/matthew/nav2_ws/install/nav2_msgs:/home/matthew/nav2_ws/install/dwb_msgs:/home/matthew/nav2_ws/install/nav_2d_msgs:/home/matthew/nav2_ws/install/nav2_common:/opt/ros/iron LD_LIBRARY_PATH=/home/matthew/nav2_ws/install/dwb_core/lib:/home/matthew/nav2_ws/install/costmap_queue/lib:/home/matthew/nav2_ws/install/nav2_costmap_2d/lib:/home/matthew/nav2_ws/install/nav_2d_utils/lib:/home/matthew/nav2_ws/install/nav2_map_server/lib:/home/matthew/nav2_ws/install/nav2_lifecycle_manager/lib:/home/matthew/nav2_ws/install/nav2_behavior_tree/lib:/home/matthew/nav2_ws/install/nav2_util/lib:/home/matthew/nav2_ws/install/nav2_voxel_grid/lib:/home/matthew/nav2_ws/install/nav2_msgs/lib:/home/matthew/nav2_ws/install/dwb_msgs/lib:/home/matthew/nav2_ws/install/nav_2d_msgs/lib:${LD_LIBRARY_PATH} PYTHONPATH=/home/matthew/nav2_ws/install/nav2_msgs/lib/python3.10/site-packages:/home/matthew/nav2_ws/install/dwb_msgs/lib/python3.10/site-packages:/home/matthew/nav2_ws/install/nav_2d_msgs/lib/python3.10/site-packages:/home/matthew/nav2_ws/install/nav2_common/lib/python3.10/site-packages:${PYTHONPATH} /usr/bin/cmake --build /home/matthew/nav2_ws/build/dwb_critics -- -j6 -l6
[0.475s] [35m[1mConsolidate compiler generated dependencies of target gtest_main[0m
[0.481s] [35m[1mConsolidate compiler generated dependencies of target gtest[0m
[0.514s] [  7%] Built target gtest_main
[0.529s] [35m[1mConsolidate compiler generated dependencies of target dwb_critics[0m
[0.546s] [ 14%] Built target gtest
[0.731s] [ 62%] Built target dwb_critics
[0.818s] [35m[1mConsolidate compiler generated dependencies of target prefer_forward_tests[0m
[0.853s] [35m[1mConsolidate compiler generated dependencies of target obstacle_footprint_tests[0m
[0.897s] [35m[1mConsolidate compiler generated dependencies of target base_obstacle_tests[0m
[0.925s] [35m[1mConsolidate compiler generated dependencies of target twirling_tests[0m
[0.966s] [35m[1mConsolidate compiler generated dependencies of target alignment_util_tests[0m
[1.003s] [ 70%] Built target prefer_forward_tests
[1.016s] [ 77%] Built target obstacle_footprint_tests
[1.144s] [ 85%] Built target base_obstacle_tests
[1.152s] [ 92%] Built target alignment_util_tests
[1.212s] [100%] Built target twirling_tests
[1.362s] Invoked command in '/home/matthew/nav2_ws/build/dwb_critics' returned '0': AMENT_PREFIX_PATH=/home/matthew/nav2_ws/install/dwb_core:/home/matthew/nav2_ws/install/nav2_core:/home/matthew/nav2_ws/install/costmap_queue:/home/matthew/nav2_ws/install/nav2_costmap_2d:/home/matthew/nav2_ws/install/nav_2d_utils:/home/matthew/nav2_ws/install/nav2_map_server:/home/matthew/nav2_ws/install/nav2_lifecycle_manager:/home/matthew/nav2_ws/install/nav2_behavior_tree:/home/matthew/nav2_ws/install/nav2_util:/home/matthew/nav2_ws/install/nav2_voxel_grid:/home/matthew/nav2_ws/install/nav2_msgs:/home/matthew/nav2_ws/install/dwb_msgs:/home/matthew/nav2_ws/install/nav_2d_msgs:/home/matthew/nav2_ws/install/nav2_common:${AMENT_PREFIX_PATH} CMAKE_PREFIX_PATH=/home/matthew/nav2_ws/install/dwb_core:/home/matthew/nav2_ws/install/nav2_core:/home/matthew/nav2_ws/install/costmap_queue:/home/matthew/nav2_ws/install/nav2_costmap_2d:/home/matthew/nav2_ws/install/nav_2d_utils:/home/matthew/nav2_ws/install/nav2_map_server:/home/matthew/nav2_ws/install/nav2_lifecycle_manager:/home/matthew/nav2_ws/install/nav2_behavior_tree:/home/matthew/nav2_ws/install/nav2_util:/home/matthew/nav2_ws/install/nav2_voxel_grid:/home/matthew/nav2_ws/install/nav2_msgs:/home/matthew/nav2_ws/install/dwb_msgs:/home/matthew/nav2_ws/install/nav_2d_msgs:/home/matthew/nav2_ws/install/nav2_common:/opt/ros/iron LD_LIBRARY_PATH=/home/matthew/nav2_ws/install/dwb_core/lib:/home/matthew/nav2_ws/install/costmap_queue/lib:/home/matthew/nav2_ws/install/nav2_costmap_2d/lib:/home/matthew/nav2_ws/install/nav_2d_utils/lib:/home/matthew/nav2_ws/install/nav2_map_server/lib:/home/matthew/nav2_ws/install/nav2_lifecycle_manager/lib:/home/matthew/nav2_ws/install/nav2_behavior_tree/lib:/home/matthew/nav2_ws/install/nav2_util/lib:/home/matthew/nav2_ws/install/nav2_voxel_grid/lib:/home/matthew/nav2_ws/install/nav2_msgs/lib:/home/matthew/nav2_ws/install/dwb_msgs/lib:/home/matthew/nav2_ws/install/nav_2d_msgs/lib:${LD_LIBRARY_PATH} PYTHONPATH=/home/matthew/nav2_ws/install/nav2_msgs/lib/python3.10/site-packages:/home/matthew/nav2_ws/install/dwb_msgs/lib/python3.10/site-packages:/home/matthew/nav2_ws/install/nav_2d_msgs/lib/python3.10/site-packages:/home/matthew/nav2_ws/install/nav2_common/lib/python3.10/site-packages:${PYTHONPATH} /usr/bin/cmake --build /home/matthew/nav2_ws/build/dwb_critics -- -j6 -l6
[1.405s] Invoking command in '/home/matthew/nav2_ws/build/dwb_critics': AMENT_PREFIX_PATH=/home/matthew/nav2_ws/install/dwb_core:/home/matthew/nav2_ws/install/nav2_core:/home/matthew/nav2_ws/install/costmap_queue:/home/matthew/nav2_ws/install/nav2_costmap_2d:/home/matthew/nav2_ws/install/nav_2d_utils:/home/matthew/nav2_ws/install/nav2_map_server:/home/matthew/nav2_ws/install/nav2_lifecycle_manager:/home/matthew/nav2_ws/install/nav2_behavior_tree:/home/matthew/nav2_ws/install/nav2_util:/home/matthew/nav2_ws/install/nav2_voxel_grid:/home/matthew/nav2_ws/install/nav2_msgs:/home/matthew/nav2_ws/install/dwb_msgs:/home/matthew/nav2_ws/install/nav_2d_msgs:/home/matthew/nav2_ws/install/nav2_common:${AMENT_PREFIX_PATH} CMAKE_PREFIX_PATH=/home/matthew/nav2_ws/install/dwb_core:/home/matthew/nav2_ws/install/nav2_core:/home/matthew/nav2_ws/install/costmap_queue:/home/matthew/nav2_ws/install/nav2_costmap_2d:/home/matthew/nav2_ws/install/nav_2d_utils:/home/matthew/nav2_ws/install/nav2_map_server:/home/matthew/nav2_ws/install/nav2_lifecycle_manager:/home/matthew/nav2_ws/install/nav2_behavior_tree:/home/matthew/nav2_ws/install/nav2_util:/home/matthew/nav2_ws/install/nav2_voxel_grid:/home/matthew/nav2_ws/install/nav2_msgs:/home/matthew/nav2_ws/install/dwb_msgs:/home/matthew/nav2_ws/install/nav_2d_msgs:/home/matthew/nav2_ws/install/nav2_common:/opt/ros/iron LD_LIBRARY_PATH=/home/matthew/nav2_ws/install/dwb_core/lib:/home/matthew/nav2_ws/install/costmap_queue/lib:/home/matthew/nav2_ws/install/nav2_costmap_2d/lib:/home/matthew/nav2_ws/install/nav_2d_utils/lib:/home/matthew/nav2_ws/install/nav2_map_server/lib:/home/matthew/nav2_ws/install/nav2_lifecycle_manager/lib:/home/matthew/nav2_ws/install/nav2_behavior_tree/lib:/home/matthew/nav2_ws/install/nav2_util/lib:/home/matthew/nav2_ws/install/nav2_voxel_grid/lib:/home/matthew/nav2_ws/install/nav2_msgs/lib:/home/matthew/nav2_ws/install/dwb_msgs/lib:/home/matthew/nav2_ws/install/nav_2d_msgs/lib:${LD_LIBRARY_PATH} PYTHONPATH=/home/matthew/nav2_ws/install/nav2_msgs/lib/python3.10/site-packages:/home/matthew/nav2_ws/install/dwb_msgs/lib/python3.10/site-packages:/home/matthew/nav2_ws/install/nav_2d_msgs/lib/python3.10/site-packages:/home/matthew/nav2_ws/install/nav2_common/lib/python3.10/site-packages:${PYTHONPATH} /usr/bin/cmake --install /home/matthew/nav2_ws/build/dwb_critics
[1.441s] -- Install configuration: "Release"
[1.444s] -- Execute custom install script
[1.445s] -- Up-to-date symlink: /home/matthew/nav2_ws/install/dwb_critics/lib/libdwb_critics.so
[1.457s] -- Up-to-date symlink: /home/matthew/nav2_ws/install/dwb_critics/include//dwb_critics/alignment_util.hpp
[1.457s] -- Up-to-date symlink: /home/matthew/nav2_ws/install/dwb_critics/include//dwb_critics/base_obstacle.hpp
[1.458s] -- Up-to-date symlink: /home/matthew/nav2_ws/install/dwb_critics/include//dwb_critics/goal_align.hpp
[1.465s] -- Up-to-date symlink: /home/matthew/nav2_ws/install/dwb_critics/include//dwb_critics/goal_dist.hpp
[1.471s] -- Up-to-date symlink: /home/matthew/nav2_ws/install/dwb_critics/include//dwb_critics/line_iterator.hpp
[1.471s] -- Up-to-date symlink: /home/matthew/nav2_ws/install/dwb_critics/include//dwb_critics/map_grid.hpp
[1.472s] -- Up-to-date symlink: /home/matthew/nav2_ws/install/dwb_critics/include//dwb_critics/obstacle_footprint.hpp
[1.473s] -- Up-to-date symlink: /home/matthew/nav2_ws/install/dwb_critics/include//dwb_critics/oscillation.hpp
[1.473s] -- Up-to-date symlink: /home/matthew/nav2_ws/install/dwb_critics/include//dwb_critics/path_align.hpp
[1.474s] -- Up-to-date symlink: /home/matthew/nav2_ws/install/dwb_critics/include//dwb_critics/path_dist.hpp
[1.474s] -- Up-to-date symlink: /home/matthew/nav2_ws/install/dwb_critics/include//dwb_critics/prefer_forward.hpp
[1.474s] -- Up-to-date symlink: /home/matthew/nav2_ws/install/dwb_critics/include//dwb_critics/rotate_to_goal.hpp
[1.480s] -- Up-to-date symlink: /home/matthew/nav2_ws/install/dwb_critics/include//dwb_critics/twirling.hpp
[1.480s] -- Up-to-date symlink: /home/matthew/nav2_ws/install/dwb_critics/share/dwb_critics/default_critics.xml
[1.481s] -- Up-to-date symlink: /home/matthew/nav2_ws/install/dwb_critics/share/dwb_critics/environment/library_path.sh
[1.482s] -- Up-to-date symlink: /home/matthew/nav2_ws/install/dwb_critics/share/dwb_critics/environment/library_path.dsv
[1.482s] -- Up-to-date symlink: /home/matthew/nav2_ws/install/dwb_critics/share/dwb_critics//default_critics.xml
[1.482s] -- Up-to-date symlink: /home/matthew/nav2_ws/install/dwb_critics/share/ament_index/resource_index/package_run_dependencies/dwb_critics
[1.483s] -- Up-to-date symlink: /home/matthew/nav2_ws/install/dwb_critics/share/ament_index/resource_index/parent_prefix_path/dwb_critics
[1.483s] -- Up-to-date symlink: /home/matthew/nav2_ws/install/dwb_critics/share/dwb_critics/environment/ament_prefix_path.sh
[1.483s] -- Up-to-date symlink: /home/matthew/nav2_ws/install/dwb_critics/share/dwb_critics/environment/ament_prefix_path.dsv
[1.491s] -- Up-to-date symlink: /home/matthew/nav2_ws/install/dwb_critics/share/dwb_critics/environment/path.sh
[1.491s] -- Up-to-date symlink: /home/matthew/nav2_ws/install/dwb_critics/share/dwb_critics/environment/path.dsv
[1.493s] -- Up-to-date symlink: /home/matthew/nav2_ws/install/dwb_critics/share/dwb_critics/local_setup.bash
[1.493s] -- Up-to-date symlink: /home/matthew/nav2_ws/install/dwb_critics/share/dwb_critics/local_setup.sh
[1.494s] -- Up-to-date symlink: /home/matthew/nav2_ws/install/dwb_critics/share/dwb_critics/local_setup.zsh
[1.495s] -- Up-to-date symlink: /home/matthew/nav2_ws/install/dwb_critics/share/dwb_critics/local_setup.dsv
[1.495s] -- Symlinking: /home/matthew/nav2_ws/install/dwb_critics/share/dwb_critics/package.dsv
[1.538s] -- Up-to-date symlink: /home/matthew/nav2_ws/install/dwb_critics/share/ament_index/resource_index/packages/dwb_critics
[1.545s] -- Up-to-date symlink: /home/matthew/nav2_ws/install/dwb_critics/share/ament_index/resource_index/dwb_core__pluginlib__plugin/dwb_critics
[1.545s] -- Up-to-date symlink: /home/matthew/nav2_ws/install/dwb_critics/share/dwb_critics/cmake/ament_cmake_export_include_directories-extras.cmake
[1.546s] -- Up-to-date symlink: /home/matthew/nav2_ws/install/dwb_critics/share/dwb_critics/cmake/ament_cmake_export_libraries-extras.cmake
[1.547s] -- Up-to-date symlink: /home/matthew/nav2_ws/install/dwb_critics/share/dwb_critics/cmake/ament_cmake_export_dependencies-extras.cmake
[1.548s] -- Up-to-date symlink: /home/matthew/nav2_ws/install/dwb_critics/share/dwb_critics/cmake/dwb_criticsConfig.cmake
[1.549s] -- Up-to-date symlink: /home/matthew/nav2_ws/install/dwb_critics/share/dwb_critics/cmake/dwb_criticsConfig-version.cmake
[1.549s] -- Up-to-date symlink: /home/matthew/nav2_ws/install/dwb_critics/share/dwb_critics/package.xml
[1.664s] Invoked command in '/home/matthew/nav2_ws/build/dwb_critics' returned '0': AMENT_PREFIX_PATH=/home/matthew/nav2_ws/install/dwb_core:/home/matthew/nav2_ws/install/nav2_core:/home/matthew/nav2_ws/install/costmap_queue:/home/matthew/nav2_ws/install/nav2_costmap_2d:/home/matthew/nav2_ws/install/nav_2d_utils:/home/matthew/nav2_ws/install/nav2_map_server:/home/matthew/nav2_ws/install/nav2_lifecycle_manager:/home/matthew/nav2_ws/install/nav2_behavior_tree:/home/matthew/nav2_ws/install/nav2_util:/home/matthew/nav2_ws/install/nav2_voxel_grid:/home/matthew/nav2_ws/install/nav2_msgs:/home/matthew/nav2_ws/install/dwb_msgs:/home/matthew/nav2_ws/install/nav_2d_msgs:/home/matthew/nav2_ws/install/nav2_common:${AMENT_PREFIX_PATH} CMAKE_PREFIX_PATH=/home/matthew/nav2_ws/install/dwb_core:/home/matthew/nav2_ws/install/nav2_core:/home/matthew/nav2_ws/install/costmap_queue:/home/matthew/nav2_ws/install/nav2_costmap_2d:/home/matthew/nav2_ws/install/nav_2d_utils:/home/matthew/nav2_ws/install/nav2_map_server:/home/matthew/nav2_ws/install/nav2_lifecycle_manager:/home/matthew/nav2_ws/install/nav2_behavior_tree:/home/matthew/nav2_ws/install/nav2_util:/home/matthew/nav2_ws/install/nav2_voxel_grid:/home/matthew/nav2_ws/install/nav2_msgs:/home/matthew/nav2_ws/install/dwb_msgs:/home/matthew/nav2_ws/install/nav_2d_msgs:/home/matthew/nav2_ws/install/nav2_common:/opt/ros/iron LD_LIBRARY_PATH=/home/matthew/nav2_ws/install/dwb_core/lib:/home/matthew/nav2_ws/install/costmap_queue/lib:/home/matthew/nav2_ws/install/nav2_costmap_2d/lib:/home/matthew/nav2_ws/install/nav_2d_utils/lib:/home/matthew/nav2_ws/install/nav2_map_server/lib:/home/matthew/nav2_ws/install/nav2_lifecycle_manager/lib:/home/matthew/nav2_ws/install/nav2_behavior_tree/lib:/home/matthew/nav2_ws/install/nav2_util/lib:/home/matthew/nav2_ws/install/nav2_voxel_grid/lib:/home/matthew/nav2_ws/install/nav2_msgs/lib:/home/matthew/nav2_ws/install/dwb_msgs/lib:/home/matthew/nav2_ws/install/nav_2d_msgs/lib:${LD_LIBRARY_PATH} PYTHONPATH=/home/matthew/nav2_ws/install/nav2_msgs/lib/python3.10/site-packages:/home/matthew/nav2_ws/install/dwb_msgs/lib/python3.10/site-packages:/home/matthew/nav2_ws/install/nav_2d_msgs/lib/python3.10/site-packages:/home/matthew/nav2_ws/install/nav2_common/lib/python3.10/site-packages:${PYTHONPATH} /usr/bin/cmake --install /home/matthew/nav2_ws/build/dwb_critics
