Performing C++ SOURCE FILE Test COMPILER_SUPPORTS_AVX512 failed with the following output:
Change Dir: /home/matthew/nav2_ws/build/nav2_mppi_controller/CMakeFiles/CMakeTmp

Run Build Command(s):/usr/bin/gmake -f Makefile cmTC_cdd44/fast && /usr/bin/gmake  -f CMakeFiles/cmTC_cdd44.dir/build.make CMakeFiles/cmTC_cdd44.dir/build
gmake[1]: Entering directory '/home/matthew/nav2_ws/build/nav2_mppi_controller/CMakeFiles/CMakeTmp'
Building CXX object CMakeFiles/cmTC_cdd44.dir/src.cxx.o
/usr/bin/c++ -DCOMPILER_SUPPORTS_AVX512  -mno-avx512f -o CMakeFiles/cmTC_cdd44.dir/src.cxx.o -c /home/matthew/nav2_ws/build/nav2_mppi_controller/CMakeFiles/CMakeTmp/src.cxx
c++: error: unrecognized command-line option '-mno-avx512f'
gmake[1]: *** [CMakeFiles/cmTC_cdd44.dir/build.make:78: CMakeFiles/cmTC_cdd44.dir/src.cxx.o] Error 1
gmake[1]: Leaving directory '/home/matthew/nav2_ws/build/nav2_mppi_controller/CMakeFiles/CMakeTmp'
gmake: *** [Makefile:127: cmTC_cdd44/fast] Error 2


Source file was:
int main() { return 0; }
Performing C++ SOURCE FILE Test COMPILER_SUPPORTS_SSE4 failed with the following output:
Change Dir: /home/matthew/nav2_ws/build/nav2_mppi_controller/CMakeFiles/CMakeTmp

Run Build Command(s):/usr/bin/gmake -f Makefile cmTC_1c0c6/fast && /usr/bin/gmake  -f CMakeFiles/cmTC_1c0c6.dir/build.make CMakeFiles/cmTC_1c0c6.dir/build
gmake[1]: Entering directory '/home/matthew/nav2_ws/build/nav2_mppi_controller/CMakeFiles/CMakeTmp'
Building CXX object CMakeFiles/cmTC_1c0c6.dir/src.cxx.o
/usr/bin/c++ -DCOMPILER_SUPPORTS_SSE4  -msse4.2 -o CMakeFiles/cmTC_1c0c6.dir/src.cxx.o -c /home/matthew/nav2_ws/build/nav2_mppi_controller/CMakeFiles/CMakeTmp/src.cxx
c++: error: unrecognized command-line option '-msse4.2'
gmake[1]: *** [CMakeFiles/cmTC_1c0c6.dir/build.make:78: CMakeFiles/cmTC_1c0c6.dir/src.cxx.o] Error 1
gmake[1]: Leaving directory '/home/matthew/nav2_ws/build/nav2_mppi_controller/CMakeFiles/CMakeTmp'
gmake: *** [Makefile:127: cmTC_1c0c6/fast] Error 2


Source file was:
int main() { return 0; }
Performing C++ SOURCE FILE Test COMPILER_SUPPORTS_AVX2 failed with the following output:
Change Dir: /home/matthew/nav2_ws/build/nav2_mppi_controller/CMakeFiles/CMakeTmp

Run Build Command(s):/usr/bin/gmake -f Makefile cmTC_06b7e/fast && /usr/bin/gmake  -f CMakeFiles/cmTC_06b7e.dir/build.make CMakeFiles/cmTC_06b7e.dir/build
gmake[1]: Entering directory '/home/matthew/nav2_ws/build/nav2_mppi_controller/CMakeFiles/CMakeTmp'
Building CXX object CMakeFiles/cmTC_06b7e.dir/src.cxx.o
/usr/bin/c++ -DCOMPILER_SUPPORTS_AVX2  -mavx2 -o CMakeFiles/cmTC_06b7e.dir/src.cxx.o -c /home/matthew/nav2_ws/build/nav2_mppi_controller/CMakeFiles/CMakeTmp/src.cxx
c++: error: unrecognized command-line option '-mavx2'
gmake[1]: *** [CMakeFiles/cmTC_06b7e.dir/build.make:78: CMakeFiles/cmTC_06b7e.dir/src.cxx.o] Error 1
gmake[1]: Leaving directory '/home/matthew/nav2_ws/build/nav2_mppi_controller/CMakeFiles/CMakeTmp'
gmake: *** [Makefile:127: cmTC_06b7e/fast] Error 2


Source file was:
int main() { return 0; }
Performing C++ SOURCE FILE Test COMPILER_SUPPORTS_FMA failed with the following output:
Change Dir: /home/matthew/nav2_ws/build/nav2_mppi_controller/CMakeFiles/CMakeTmp

Run Build Command(s):/usr/bin/gmake -f Makefile cmTC_6900b/fast && /usr/bin/gmake  -f CMakeFiles/cmTC_6900b.dir/build.make CMakeFiles/cmTC_6900b.dir/build
gmake[1]: Entering directory '/home/matthew/nav2_ws/build/nav2_mppi_controller/CMakeFiles/CMakeTmp'
Building CXX object CMakeFiles/cmTC_6900b.dir/src.cxx.o
/usr/bin/c++ -DCOMPILER_SUPPORTS_FMA  -mfma -o CMakeFiles/cmTC_6900b.dir/src.cxx.o -c /home/matthew/nav2_ws/build/nav2_mppi_controller/CMakeFiles/CMakeTmp/src.cxx
c++: error: unrecognized command-line option '-mfma'
gmake[1]: *** [CMakeFiles/cmTC_6900b.dir/build.make:78: CMakeFiles/cmTC_6900b.dir/src.cxx.o] Error 1
gmake[1]: Leaving directory '/home/matthew/nav2_ws/build/nav2_mppi_controller/CMakeFiles/CMakeTmp'
gmake: *** [Makefile:127: cmTC_6900b/fast] Error 2


Source file was:
int main() { return 0; }
