[0.089s] Invoking command in '/home/matthew/nav2_ws/build/nav2_controller': AMENT_PREFIX_PATH=/home/matthew/nav2_ws/install/nav2_core:/home/matthew/nav2_ws/install/nav2_costmap_2d:/home/matthew/nav2_ws/install/nav_2d_utils:/home/matthew/nav2_ws/install/nav2_map_server:/home/matthew/nav2_ws/install/nav2_lifecycle_manager:/home/matthew/nav2_ws/install/nav2_behavior_tree:/home/matthew/nav2_ws/install/nav2_util:/home/matthew/nav2_ws/install/nav2_voxel_grid:/home/matthew/nav2_ws/install/nav2_msgs:/home/matthew/nav2_ws/install/nav_2d_msgs:/home/matthew/nav2_ws/install/nav2_common:${AMENT_PREFIX_PATH} CMAKE_PREFIX_PATH=/home/matthew/nav2_ws/install/nav2_core:/home/matthew/nav2_ws/install/nav2_costmap_2d:/home/matthew/nav2_ws/install/nav_2d_utils:/home/matthew/nav2_ws/install/nav2_map_server:/home/matthew/nav2_ws/install/nav2_lifecycle_manager:/home/matthew/nav2_ws/install/nav2_behavior_tree:/home/matthew/nav2_ws/install/nav2_util:/home/matthew/nav2_ws/install/nav2_voxel_grid:/home/matthew/nav2_ws/install/nav2_msgs:/home/matthew/nav2_ws/install/nav_2d_msgs:/home/matthew/nav2_ws/install/nav2_common:/opt/ros/iron LD_LIBRARY_PATH=/home/matthew/nav2_ws/install/nav2_costmap_2d/lib:/home/matthew/nav2_ws/install/nav_2d_utils/lib:/home/matthew/nav2_ws/install/nav2_map_server/lib:/home/matthew/nav2_ws/install/nav2_lifecycle_manager/lib:/home/matthew/nav2_ws/install/nav2_behavior_tree/lib:/home/matthew/nav2_ws/install/nav2_util/lib:/home/matthew/nav2_ws/install/nav2_voxel_grid/lib:/home/matthew/nav2_ws/install/nav2_msgs/lib:/home/matthew/nav2_ws/install/nav_2d_msgs/lib:${LD_LIBRARY_PATH} PYTHONPATH=/home/matthew/nav2_ws/install/nav2_msgs/lib/python3.10/site-packages:/home/matthew/nav2_ws/install/nav_2d_msgs/lib/python3.10/site-packages:/home/matthew/nav2_ws/install/nav2_common/lib/python3.10/site-packages:${PYTHONPATH} /usr/bin/cmake --build /home/matthew/nav2_ws/build/nav2_controller -- -j6 -l6
[0.237s] [35m[1mConsolidate compiler generated dependencies of target simple_progress_checker[0m
[0.242s] [35m[1mConsolidate compiler generated dependencies of target simple_goal_checker[0m
[0.264s] [35m[1mConsolidate compiler generated dependencies of target controller_server_core[0m
[0.279s] [35m[1mConsolidate compiler generated dependencies of target gtest[0m
[0.330s] [35m[1mConsolidate compiler generated dependencies of target gtest_main[0m
[0.439s] [  9%] Built target gtest
[0.442s] [ 18%] Built target simple_progress_checker
[0.466s] [ 27%] Built target gtest_main
[0.486s] [ 36%] Built target simple_goal_checker
[0.497s] [ 45%] Built target controller_server_core
[0.500s] [35m[1mConsolidate compiler generated dependencies of target pose_progress_checker[0m
[0.572s] [35m[1mConsolidate compiler generated dependencies of target controller_server[0m
[0.573s] [35m[1mConsolidate compiler generated dependencies of target stopped_goal_checker[0m
[0.601s] [35m[1mConsolidate compiler generated dependencies of target test_dynamic_parameters[0m
[0.621s] [ 54%] Built target pose_progress_checker
[0.665s] [ 63%] Built target stopped_goal_checker
[0.688s] [ 72%] Built target controller_server
[0.694s] [35m[1mConsolidate compiler generated dependencies of target pctest[0m
[0.697s] [ 81%] Built target test_dynamic_parameters
[0.727s] [35m[1mConsolidate compiler generated dependencies of target gctest[0m
[0.752s] [ 90%] Built target pctest
[0.786s] [100%] Built target gctest
[1.034s] Invoked command in '/home/matthew/nav2_ws/build/nav2_controller' returned '0': AMENT_PREFIX_PATH=/home/matthew/nav2_ws/install/nav2_core:/home/matthew/nav2_ws/install/nav2_costmap_2d:/home/matthew/nav2_ws/install/nav_2d_utils:/home/matthew/nav2_ws/install/nav2_map_server:/home/matthew/nav2_ws/install/nav2_lifecycle_manager:/home/matthew/nav2_ws/install/nav2_behavior_tree:/home/matthew/nav2_ws/install/nav2_util:/home/matthew/nav2_ws/install/nav2_voxel_grid:/home/matthew/nav2_ws/install/nav2_msgs:/home/matthew/nav2_ws/install/nav_2d_msgs:/home/matthew/nav2_ws/install/nav2_common:${AMENT_PREFIX_PATH} CMAKE_PREFIX_PATH=/home/matthew/nav2_ws/install/nav2_core:/home/matthew/nav2_ws/install/nav2_costmap_2d:/home/matthew/nav2_ws/install/nav_2d_utils:/home/matthew/nav2_ws/install/nav2_map_server:/home/matthew/nav2_ws/install/nav2_lifecycle_manager:/home/matthew/nav2_ws/install/nav2_behavior_tree:/home/matthew/nav2_ws/install/nav2_util:/home/matthew/nav2_ws/install/nav2_voxel_grid:/home/matthew/nav2_ws/install/nav2_msgs:/home/matthew/nav2_ws/install/nav_2d_msgs:/home/matthew/nav2_ws/install/nav2_common:/opt/ros/iron LD_LIBRARY_PATH=/home/matthew/nav2_ws/install/nav2_costmap_2d/lib:/home/matthew/nav2_ws/install/nav_2d_utils/lib:/home/matthew/nav2_ws/install/nav2_map_server/lib:/home/matthew/nav2_ws/install/nav2_lifecycle_manager/lib:/home/matthew/nav2_ws/install/nav2_behavior_tree/lib:/home/matthew/nav2_ws/install/nav2_util/lib:/home/matthew/nav2_ws/install/nav2_voxel_grid/lib:/home/matthew/nav2_ws/install/nav2_msgs/lib:/home/matthew/nav2_ws/install/nav_2d_msgs/lib:${LD_LIBRARY_PATH} PYTHONPATH=/home/matthew/nav2_ws/install/nav2_msgs/lib/python3.10/site-packages:/home/matthew/nav2_ws/install/nav_2d_msgs/lib/python3.10/site-packages:/home/matthew/nav2_ws/install/nav2_common/lib/python3.10/site-packages:${PYTHONPATH} /usr/bin/cmake --build /home/matthew/nav2_ws/build/nav2_controller -- -j6 -l6
[1.049s] Invoking command in '/home/matthew/nav2_ws/build/nav2_controller': AMENT_PREFIX_PATH=/home/matthew/nav2_ws/install/nav2_core:/home/matthew/nav2_ws/install/nav2_costmap_2d:/home/matthew/nav2_ws/install/nav_2d_utils:/home/matthew/nav2_ws/install/nav2_map_server:/home/matthew/nav2_ws/install/nav2_lifecycle_manager:/home/matthew/nav2_ws/install/nav2_behavior_tree:/home/matthew/nav2_ws/install/nav2_util:/home/matthew/nav2_ws/install/nav2_voxel_grid:/home/matthew/nav2_ws/install/nav2_msgs:/home/matthew/nav2_ws/install/nav_2d_msgs:/home/matthew/nav2_ws/install/nav2_common:${AMENT_PREFIX_PATH} CMAKE_PREFIX_PATH=/home/matthew/nav2_ws/install/nav2_core:/home/matthew/nav2_ws/install/nav2_costmap_2d:/home/matthew/nav2_ws/install/nav_2d_utils:/home/matthew/nav2_ws/install/nav2_map_server:/home/matthew/nav2_ws/install/nav2_lifecycle_manager:/home/matthew/nav2_ws/install/nav2_behavior_tree:/home/matthew/nav2_ws/install/nav2_util:/home/matthew/nav2_ws/install/nav2_voxel_grid:/home/matthew/nav2_ws/install/nav2_msgs:/home/matthew/nav2_ws/install/nav_2d_msgs:/home/matthew/nav2_ws/install/nav2_common:/opt/ros/iron LD_LIBRARY_PATH=/home/matthew/nav2_ws/install/nav2_costmap_2d/lib:/home/matthew/nav2_ws/install/nav_2d_utils/lib:/home/matthew/nav2_ws/install/nav2_map_server/lib:/home/matthew/nav2_ws/install/nav2_lifecycle_manager/lib:/home/matthew/nav2_ws/install/nav2_behavior_tree/lib:/home/matthew/nav2_ws/install/nav2_util/lib:/home/matthew/nav2_ws/install/nav2_voxel_grid/lib:/home/matthew/nav2_ws/install/nav2_msgs/lib:/home/matthew/nav2_ws/install/nav_2d_msgs/lib:${LD_LIBRARY_PATH} PYTHONPATH=/home/matthew/nav2_ws/install/nav2_msgs/lib/python3.10/site-packages:/home/matthew/nav2_ws/install/nav_2d_msgs/lib/python3.10/site-packages:/home/matthew/nav2_ws/install/nav2_common/lib/python3.10/site-packages:${PYTHONPATH} /usr/bin/cmake --install /home/matthew/nav2_ws/build/nav2_controller
[1.071s] -- Install configuration: "Release"
[1.077s] -- Execute custom install script
[1.080s] -- Up-to-date symlink: /home/matthew/nav2_ws/install/nav2_controller/lib/libsimple_progress_checker.so
[1.081s] -- Up-to-date symlink: /home/matthew/nav2_ws/install/nav2_controller/lib/libpose_progress_checker.so
[1.081s] -- Up-to-date symlink: /home/matthew/nav2_ws/install/nav2_controller/lib/libsimple_goal_checker.so
[1.081s] -- Up-to-date symlink: /home/matthew/nav2_ws/install/nav2_controller/lib/libstopped_goal_checker.so
[1.081s] -- Up-to-date symlink: /home/matthew/nav2_ws/install/nav2_controller/lib/libcontroller_server_core.so
[1.081s] -- Up-to-date symlink: /home/matthew/nav2_ws/install/nav2_controller/lib/nav2_controller/controller_server
[1.082s] -- Up-to-date symlink: /home/matthew/nav2_ws/install/nav2_controller/include//nav2_controller/controller_server.hpp
[1.085s] -- Up-to-date symlink: /home/matthew/nav2_ws/install/nav2_controller/include//nav2_controller/plugins/pose_progress_checker.hpp
[1.085s] -- Up-to-date symlink: /home/matthew/nav2_ws/install/nav2_controller/include//nav2_controller/plugins/simple_goal_checker.hpp
[1.088s] -- Up-to-date symlink: /home/matthew/nav2_ws/install/nav2_controller/include//nav2_controller/plugins/simple_progress_checker.hpp
[1.089s] -- Up-to-date symlink: /home/matthew/nav2_ws/install/nav2_controller/include//nav2_controller/plugins/stopped_goal_checker.hpp
[1.090s] -- Up-to-date symlink: /home/matthew/nav2_ws/install/nav2_controller/share/nav2_controller/environment/library_path.sh
[1.092s] -- Up-to-date symlink: /home/matthew/nav2_ws/install/nav2_controller/share/nav2_controller/environment/library_path.dsv
[1.094s] -- Up-to-date symlink: /home/matthew/nav2_ws/install/nav2_controller/share/nav2_controller//plugins.xml
[1.102s] -- Up-to-date symlink: /home/matthew/nav2_ws/install/nav2_controller/share/ament_index/resource_index/package_run_dependencies/nav2_controller
[1.103s] -- Up-to-date symlink: /home/matthew/nav2_ws/install/nav2_controller/share/ament_index/resource_index/parent_prefix_path/nav2_controller
[1.103s] -- Up-to-date symlink: /home/matthew/nav2_ws/install/nav2_controller/share/nav2_controller/environment/ament_prefix_path.sh
[1.104s] -- Up-to-date symlink: /home/matthew/nav2_ws/install/nav2_controller/share/nav2_controller/environment/ament_prefix_path.dsv
[1.105s] -- Up-to-date symlink: /home/matthew/nav2_ws/install/nav2_controller/share/nav2_controller/environment/path.sh
[1.118s] -- Up-to-date symlink: /home/matthew/nav2_ws/install/nav2_controller/share/nav2_controller/environment/path.dsv
[1.119s] -- Up-to-date symlink: /home/matthew/nav2_ws/install/nav2_controller/share/nav2_controller/local_setup.bash
[1.119s] -- Up-to-date symlink: /home/matthew/nav2_ws/install/nav2_controller/share/nav2_controller/local_setup.sh
[1.125s] -- Up-to-date symlink: /home/matthew/nav2_ws/install/nav2_controller/share/nav2_controller/local_setup.zsh
[1.132s] -- Up-to-date symlink: /home/matthew/nav2_ws/install/nav2_controller/share/nav2_controller/local_setup.dsv
[1.133s] -- Symlinking: /home/matthew/nav2_ws/install/nav2_controller/share/nav2_controller/package.dsv
[1.164s] -- Up-to-date symlink: /home/matthew/nav2_ws/install/nav2_controller/share/ament_index/resource_index/packages/nav2_controller
[1.175s] -- Up-to-date symlink: /home/matthew/nav2_ws/install/nav2_controller/share/ament_index/resource_index/nav2_core__pluginlib__plugin/nav2_controller
[1.178s] -- Up-to-date symlink: /home/matthew/nav2_ws/install/nav2_controller/share/ament_index/resource_index/rclcpp_components/nav2_controller
[1.200s] -- Up-to-date symlink: /home/matthew/nav2_ws/install/nav2_controller/share/nav2_controller/cmake/ament_cmake_export_include_directories-extras.cmake
[1.208s] -- Up-to-date symlink: /home/matthew/nav2_ws/install/nav2_controller/share/nav2_controller/cmake/ament_cmake_export_libraries-extras.cmake
[1.219s] -- Up-to-date symlink: /home/matthew/nav2_ws/install/nav2_controller/share/nav2_controller/cmake/ament_cmake_export_dependencies-extras.cmake
[1.223s] -- Up-to-date symlink: /home/matthew/nav2_ws/install/nav2_controller/share/nav2_controller/cmake/nav2_controllerConfig.cmake
[1.226s] -- Up-to-date symlink: /home/matthew/nav2_ws/install/nav2_controller/share/nav2_controller/cmake/nav2_controllerConfig-version.cmake
[1.233s] -- Up-to-date symlink: /home/matthew/nav2_ws/install/nav2_controller/share/nav2_controller/package.xml
[1.408s] Invoked command in '/home/matthew/nav2_ws/build/nav2_controller' returned '0': AMENT_PREFIX_PATH=/home/matthew/nav2_ws/install/nav2_core:/home/matthew/nav2_ws/install/nav2_costmap_2d:/home/matthew/nav2_ws/install/nav_2d_utils:/home/matthew/nav2_ws/install/nav2_map_server:/home/matthew/nav2_ws/install/nav2_lifecycle_manager:/home/matthew/nav2_ws/install/nav2_behavior_tree:/home/matthew/nav2_ws/install/nav2_util:/home/matthew/nav2_ws/install/nav2_voxel_grid:/home/matthew/nav2_ws/install/nav2_msgs:/home/matthew/nav2_ws/install/nav_2d_msgs:/home/matthew/nav2_ws/install/nav2_common:${AMENT_PREFIX_PATH} CMAKE_PREFIX_PATH=/home/matthew/nav2_ws/install/nav2_core:/home/matthew/nav2_ws/install/nav2_costmap_2d:/home/matthew/nav2_ws/install/nav_2d_utils:/home/matthew/nav2_ws/install/nav2_map_server:/home/matthew/nav2_ws/install/nav2_lifecycle_manager:/home/matthew/nav2_ws/install/nav2_behavior_tree:/home/matthew/nav2_ws/install/nav2_util:/home/matthew/nav2_ws/install/nav2_voxel_grid:/home/matthew/nav2_ws/install/nav2_msgs:/home/matthew/nav2_ws/install/nav_2d_msgs:/home/matthew/nav2_ws/install/nav2_common:/opt/ros/iron LD_LIBRARY_PATH=/home/matthew/nav2_ws/install/nav2_costmap_2d/lib:/home/matthew/nav2_ws/install/nav_2d_utils/lib:/home/matthew/nav2_ws/install/nav2_map_server/lib:/home/matthew/nav2_ws/install/nav2_lifecycle_manager/lib:/home/matthew/nav2_ws/install/nav2_behavior_tree/lib:/home/matthew/nav2_ws/install/nav2_util/lib:/home/matthew/nav2_ws/install/nav2_voxel_grid/lib:/home/matthew/nav2_ws/install/nav2_msgs/lib:/home/matthew/nav2_ws/install/nav_2d_msgs/lib:${LD_LIBRARY_PATH} PYTHONPATH=/home/matthew/nav2_ws/install/nav2_msgs/lib/python3.10/site-packages:/home/matthew/nav2_ws/install/nav_2d_msgs/lib/python3.10/site-packages:/home/matthew/nav2_ws/install/nav2_common/lib/python3.10/site-packages:${PYTHONPATH} /usr/bin/cmake --install /home/matthew/nav2_ws/build/nav2_controller
