[  2%] Built target status_display_msgs__rosidl_generator_type_description
[  2%] Built target ament_cmake_python_copy_status_display_msgs
[35m[1mConsolidate compiler generated dependencies of target status_display_msgs__rosidl_generator_c[0m
[  5%] Built target status_display_msgs__cpp
[ 20%] Built target status_display_msgs__rosidl_generator_c
[35m[1mConsolidate compiler generated dependencies of target status_display_msgs__rosidl_typesupport_fastrtps_c[0m
[35m[1mConsolidate compiler generated dependencies of target status_display_msgs__rosidl_typesupport_cpp[0m
[35m[1mConsolidate compiler generated dependencies of target status_display_msgs__rosidl_typesupport_introspection_c[0m
[35m[1mConsolidate compiler generated dependencies of target status_display_msgs__rosidl_typesupport_c[0m
[35m[1mConsolidate compiler generated dependencies of target status_display_msgs__rosidl_typesupport_fastrtps_cpp[0m
[ 29%] Built target status_display_msgs__rosidl_typesupport_cpp
[ 38%] Built target status_display_msgs__rosidl_typesupport_fastrtps_c
[ 47%] Built target status_display_msgs__rosidl_typesupport_introspection_c
[35m[1mConsolidate compiler generated dependencies of target status_display_msgs__rosidl_typesupport_introspection_cpp[0m
[ 55%] Built target status_display_msgs__rosidl_typesupport_c
[ 64%] Built target status_display_msgs__rosidl_typesupport_fastrtps_cpp
[ 73%] Built target status_display_msgs__rosidl_typesupport_introspection_cpp
[ 73%] Built target status_display_msgs
[ 76%] Built target status_display_msgs__py
[35m[1mConsolidate compiler generated dependencies of target status_display_msgs__rosidl_generator_py[0m
[ 82%] Built target status_display_msgs__rosidl_generator_py
[35m[1mConsolidate compiler generated dependencies of target status_display_msgs__rosidl_typesupport_fastrtps_c__pyext[0m
[35m[1mConsolidate compiler generated dependencies of target status_display_msgs__rosidl_typesupport_c__pyext[0m
[35m[1mConsolidate compiler generated dependencies of target status_display_msgs__rosidl_typesupport_introspection_c__pyext[0m
running egg_info
writing status_display_msgs.egg-info/PKG-INFO
writing dependency_links to status_display_msgs.egg-info/dependency_links.txt
writing top-level names to status_display_msgs.egg-info/top_level.txt
[ 88%] Built target status_display_msgs__rosidl_typesupport_fastrtps_c__pyext
reading manifest file 'status_display_msgs.egg-info/SOURCES.txt'
writing manifest file 'status_display_msgs.egg-info/SOURCES.txt'
[ 94%] Built target status_display_msgs__rosidl_typesupport_introspection_c__pyext
[100%] Built target status_display_msgs__rosidl_typesupport_c__pyext
[100%] Built target ament_cmake_python_build_status_display_msgs_egg
-- Install configuration: ""
-- Up-to-date: /home/matthew/install/status_display_msgs/share/ament_index/resource_index/rosidl_interfaces/status_display_msgs
-- Up-to-date: /home/matthew/install/status_display_msgs/share/status_display_msgs/msg/StatusDisplay.json
-- Up-to-date: /home/matthew/install/status_display_msgs/include/status_display_msgs/status_display_msgs
-- Up-to-date: /home/matthew/install/status_display_msgs/include/status_display_msgs/status_display_msgs/msg
-- Up-to-date: /home/matthew/install/status_display_msgs/include/status_display_msgs/status_display_msgs/msg/detail
-- Up-to-date: /home/matthew/install/status_display_msgs/include/status_display_msgs/status_display_msgs/msg/detail/status_display__functions.h
-- Up-to-date: /home/matthew/install/status_display_msgs/include/status_display_msgs/status_display_msgs/msg/detail/status_display__struct.h
-- Up-to-date: /home/matthew/install/status_display_msgs/include/status_display_msgs/status_display_msgs/msg/detail/status_display__functions.c
-- Up-to-date: /home/matthew/install/status_display_msgs/include/status_display_msgs/status_display_msgs/msg/detail/status_display__type_support.h
-- Up-to-date: /home/matthew/install/status_display_msgs/include/status_display_msgs/status_display_msgs/msg/detail/status_display__description.c
-- Up-to-date: /home/matthew/install/status_display_msgs/include/status_display_msgs/status_display_msgs/msg/detail/status_display__type_support.c
-- Up-to-date: /home/matthew/install/status_display_msgs/include/status_display_msgs/status_display_msgs/msg/status_display.h
-- Up-to-date: /home/matthew/install/status_display_msgs/include/status_display_msgs/status_display_msgs/msg/rosidl_generator_c__visibility_control.h
-- Up-to-date: /home/matthew/install/status_display_msgs/share/status_display_msgs/environment/library_path.sh
-- Up-to-date: /home/matthew/install/status_display_msgs/share/status_display_msgs/environment/library_path.dsv
-- Up-to-date: /home/matthew/install/status_display_msgs/lib/libstatus_display_msgs__rosidl_generator_c.so
-- Up-to-date: /home/matthew/install/status_display_msgs/include/status_display_msgs/status_display_msgs
-- Up-to-date: /home/matthew/install/status_display_msgs/include/status_display_msgs/status_display_msgs/msg
-- Up-to-date: /home/matthew/install/status_display_msgs/include/status_display_msgs/status_display_msgs/msg/detail
-- Up-to-date: /home/matthew/install/status_display_msgs/include/status_display_msgs/status_display_msgs/msg/detail/status_display__rosidl_typesupport_fastrtps_c.h
-- Up-to-date: /home/matthew/install/status_display_msgs/include/status_display_msgs/status_display_msgs/msg/rosidl_typesupport_fastrtps_c__visibility_control.h
-- Up-to-date: /home/matthew/install/status_display_msgs/lib/libstatus_display_msgs__rosidl_typesupport_fastrtps_c.so
-- Up-to-date: /home/matthew/install/status_display_msgs/include/status_display_msgs/status_display_msgs
-- Up-to-date: /home/matthew/install/status_display_msgs/include/status_display_msgs/status_display_msgs/msg
-- Up-to-date: /home/matthew/install/status_display_msgs/include/status_display_msgs/status_display_msgs/msg/detail
-- Up-to-date: /home/matthew/install/status_display_msgs/include/status_display_msgs/status_display_msgs/msg/detail/status_display__rosidl_typesupport_introspection_c.h
-- Up-to-date: /home/matthew/install/status_display_msgs/include/status_display_msgs/status_display_msgs/msg/detail/status_display__type_support.c
-- Up-to-date: /home/matthew/install/status_display_msgs/include/status_display_msgs/status_display_msgs/msg/rosidl_typesupport_introspection_c__visibility_control.h
-- Up-to-date: /home/matthew/install/status_display_msgs/lib/libstatus_display_msgs__rosidl_typesupport_introspection_c.so
-- Up-to-date: /home/matthew/install/status_display_msgs/lib/libstatus_display_msgs__rosidl_typesupport_c.so
-- Up-to-date: /home/matthew/install/status_display_msgs/include/status_display_msgs/status_display_msgs
-- Up-to-date: /home/matthew/install/status_display_msgs/include/status_display_msgs/status_display_msgs/msg
-- Up-to-date: /home/matthew/install/status_display_msgs/include/status_display_msgs/status_display_msgs/msg/detail
-- Up-to-date: /home/matthew/install/status_display_msgs/include/status_display_msgs/status_display_msgs/msg/detail/status_display__builder.hpp
-- Up-to-date: /home/matthew/install/status_display_msgs/include/status_display_msgs/status_display_msgs/msg/detail/status_display__struct.hpp
-- Up-to-date: /home/matthew/install/status_display_msgs/include/status_display_msgs/status_display_msgs/msg/detail/status_display__traits.hpp
-- Up-to-date: /home/matthew/install/status_display_msgs/include/status_display_msgs/status_display_msgs/msg/status_display.hpp
-- Up-to-date: /home/matthew/install/status_display_msgs/include/status_display_msgs/status_display_msgs
-- Up-to-date: /home/matthew/install/status_display_msgs/include/status_display_msgs/status_display_msgs/msg
-- Up-to-date: /home/matthew/install/status_display_msgs/include/status_display_msgs/status_display_msgs/msg/detail
-- Up-to-date: /home/matthew/install/status_display_msgs/include/status_display_msgs/status_display_msgs/msg/detail/status_display__rosidl_typesupport_fastrtps_cpp.hpp
-- Up-to-date: /home/matthew/install/status_display_msgs/include/status_display_msgs/status_display_msgs/msg/detail/dds_fastrtps
-- Up-to-date: /home/matthew/install/status_display_msgs/include/status_display_msgs/status_display_msgs/msg/rosidl_typesupport_fastrtps_cpp__visibility_control.h
-- Up-to-date: /home/matthew/install/status_display_msgs/lib/libstatus_display_msgs__rosidl_typesupport_fastrtps_cpp.so
-- Up-to-date: /home/matthew/install/status_display_msgs/include/status_display_msgs/status_display_msgs
-- Up-to-date: /home/matthew/install/status_display_msgs/include/status_display_msgs/status_display_msgs/msg
-- Up-to-date: /home/matthew/install/status_display_msgs/include/status_display_msgs/status_display_msgs/msg/detail
-- Up-to-date: /home/matthew/install/status_display_msgs/include/status_display_msgs/status_display_msgs/msg/detail/status_display__rosidl_typesupport_introspection_cpp.hpp
-- Up-to-date: /home/matthew/install/status_display_msgs/include/status_display_msgs/status_display_msgs/msg/detail/status_display__type_support.cpp
-- Up-to-date: /home/matthew/install/status_display_msgs/lib/libstatus_display_msgs__rosidl_typesupport_introspection_cpp.so
-- Up-to-date: /home/matthew/install/status_display_msgs/lib/libstatus_display_msgs__rosidl_typesupport_cpp.so
-- Up-to-date: /home/matthew/install/status_display_msgs/share/status_display_msgs/environment/pythonpath.sh
-- Up-to-date: /home/matthew/install/status_display_msgs/share/status_display_msgs/environment/pythonpath.dsv
-- Up-to-date: /home/matthew/install/status_display_msgs/lib/python3.10/site-packages/status_display_msgs-0.0.0-py3.10.egg-info
-- Installing: /home/matthew/install/status_display_msgs/lib/python3.10/site-packages/status_display_msgs-0.0.0-py3.10.egg-info/SOURCES.txt
-- Installing: /home/matthew/install/status_display_msgs/lib/python3.10/site-packages/status_display_msgs-0.0.0-py3.10.egg-info/dependency_links.txt
-- Installing: /home/matthew/install/status_display_msgs/lib/python3.10/site-packages/status_display_msgs-0.0.0-py3.10.egg-info/PKG-INFO
-- Installing: /home/matthew/install/status_display_msgs/lib/python3.10/site-packages/status_display_msgs-0.0.0-py3.10.egg-info/top_level.txt
-- Up-to-date: /home/matthew/install/status_display_msgs/lib/python3.10/site-packages/status_display_msgs
-- Up-to-date: /home/matthew/install/status_display_msgs/lib/python3.10/site-packages/status_display_msgs/_status_display_msgs_s.ep.rosidl_typesupport_fastrtps_c.c
-- Up-to-date: /home/matthew/install/status_display_msgs/lib/python3.10/site-packages/status_display_msgs/_status_display_msgs_s.ep.rosidl_typesupport_c.c
-- Up-to-date: /home/matthew/install/status_display_msgs/lib/python3.10/site-packages/status_display_msgs/status_display_msgs_s__rosidl_typesupport_introspection_c.cpython-310-aarch64-linux-gnu.so
-- Up-to-date: /home/matthew/install/status_display_msgs/lib/python3.10/site-packages/status_display_msgs/__init__.py
-- Up-to-date: /home/matthew/install/status_display_msgs/lib/python3.10/site-packages/status_display_msgs/_status_display_msgs_s.ep.rosidl_typesupport_introspection_c.c
-- Up-to-date: /home/matthew/install/status_display_msgs/lib/python3.10/site-packages/status_display_msgs/msg
-- Up-to-date: /home/matthew/install/status_display_msgs/lib/python3.10/site-packages/status_display_msgs/msg/_status_display_s.c
-- Up-to-date: /home/matthew/install/status_display_msgs/lib/python3.10/site-packages/status_display_msgs/msg/__init__.py
-- Up-to-date: /home/matthew/install/status_display_msgs/lib/python3.10/site-packages/status_display_msgs/msg/_status_display.py
-- Up-to-date: /home/matthew/install/status_display_msgs/lib/python3.10/site-packages/status_display_msgs/status_display_msgs_s__rosidl_typesupport_c.cpython-310-aarch64-linux-gnu.so
-- Up-to-date: /home/matthew/install/status_display_msgs/lib/python3.10/site-packages/status_display_msgs/libstatus_display_msgs__rosidl_generator_py.so
-- Up-to-date: /home/matthew/install/status_display_msgs/lib/python3.10/site-packages/status_display_msgs/status_display_msgs_s__rosidl_typesupport_fastrtps_c.cpython-310-aarch64-linux-gnu.so
Listing '/home/matthew/install/status_display_msgs/lib/python3.10/site-packages/status_display_msgs'...
Listing '/home/matthew/install/status_display_msgs/lib/python3.10/site-packages/status_display_msgs/msg'...
-- Up-to-date: /home/matthew/install/status_display_msgs/lib/python3.10/site-packages/status_display_msgs/status_display_msgs_s__rosidl_typesupport_fastrtps_c.cpython-310-aarch64-linux-gnu.so
-- Up-to-date: /home/matthew/install/status_display_msgs/lib/python3.10/site-packages/status_display_msgs/status_display_msgs_s__rosidl_typesupport_introspection_c.cpython-310-aarch64-linux-gnu.so
-- Up-to-date: /home/matthew/install/status_display_msgs/lib/python3.10/site-packages/status_display_msgs/status_display_msgs_s__rosidl_typesupport_c.cpython-310-aarch64-linux-gnu.so
-- Up-to-date: /home/matthew/install/status_display_msgs/lib/libstatus_display_msgs__rosidl_generator_py.so
-- Up-to-date: /home/matthew/install/status_display_msgs/share/status_display_msgs/msg/StatusDisplay.idl
-- Up-to-date: /home/matthew/install/status_display_msgs/share/status_display_msgs/msg/StatusDisplay.msg
-- Up-to-date: /home/matthew/install/status_display_msgs/share/ament_index/resource_index/package_run_dependencies/status_display_msgs
-- Up-to-date: /home/matthew/install/status_display_msgs/share/ament_index/resource_index/parent_prefix_path/status_display_msgs
-- Up-to-date: /home/matthew/install/status_display_msgs/share/status_display_msgs/environment/ament_prefix_path.sh
-- Up-to-date: /home/matthew/install/status_display_msgs/share/status_display_msgs/environment/ament_prefix_path.dsv
-- Up-to-date: /home/matthew/install/status_display_msgs/share/status_display_msgs/environment/path.sh
-- Up-to-date: /home/matthew/install/status_display_msgs/share/status_display_msgs/environment/path.dsv
-- Up-to-date: /home/matthew/install/status_display_msgs/share/status_display_msgs/local_setup.bash
-- Up-to-date: /home/matthew/install/status_display_msgs/share/status_display_msgs/local_setup.sh
-- Up-to-date: /home/matthew/install/status_display_msgs/share/status_display_msgs/local_setup.zsh
-- Up-to-date: /home/matthew/install/status_display_msgs/share/status_display_msgs/local_setup.dsv
-- Installing: /home/matthew/install/status_display_msgs/share/status_display_msgs/package.dsv
-- Up-to-date: /home/matthew/install/status_display_msgs/share/ament_index/resource_index/packages/status_display_msgs
-- Up-to-date: /home/matthew/install/status_display_msgs/share/status_display_msgs/cmake/export_status_display_msgs__rosidl_generator_cExport.cmake
-- Up-to-date: /home/matthew/install/status_display_msgs/share/status_display_msgs/cmake/export_status_display_msgs__rosidl_generator_cExport-noconfig.cmake
-- Up-to-date: /home/matthew/install/status_display_msgs/share/status_display_msgs/cmake/export_status_display_msgs__rosidl_typesupport_fastrtps_cExport.cmake
-- Up-to-date: /home/matthew/install/status_display_msgs/share/status_display_msgs/cmake/export_status_display_msgs__rosidl_typesupport_fastrtps_cExport-noconfig.cmake
-- Up-to-date: /home/matthew/install/status_display_msgs/share/status_display_msgs/cmake/status_display_msgs__rosidl_typesupport_introspection_cExport.cmake
-- Up-to-date: /home/matthew/install/status_display_msgs/share/status_display_msgs/cmake/status_display_msgs__rosidl_typesupport_introspection_cExport-noconfig.cmake
-- Up-to-date: /home/matthew/install/status_display_msgs/share/status_display_msgs/cmake/status_display_msgs__rosidl_typesupport_cExport.cmake
-- Up-to-date: /home/matthew/install/status_display_msgs/share/status_display_msgs/cmake/status_display_msgs__rosidl_typesupport_cExport-noconfig.cmake
-- Up-to-date: /home/matthew/install/status_display_msgs/share/status_display_msgs/cmake/export_status_display_msgs__rosidl_generator_cppExport.cmake
-- Up-to-date: /home/matthew/install/status_display_msgs/share/status_display_msgs/cmake/export_status_display_msgs__rosidl_typesupport_fastrtps_cppExport.cmake
-- Up-to-date: /home/matthew/install/status_display_msgs/share/status_display_msgs/cmake/export_status_display_msgs__rosidl_typesupport_fastrtps_cppExport-noconfig.cmake
-- Up-to-date: /home/matthew/install/status_display_msgs/share/status_display_msgs/cmake/status_display_msgs__rosidl_typesupport_introspection_cppExport.cmake
-- Up-to-date: /home/matthew/install/status_display_msgs/share/status_display_msgs/cmake/status_display_msgs__rosidl_typesupport_introspection_cppExport-noconfig.cmake
-- Up-to-date: /home/matthew/install/status_display_msgs/share/status_display_msgs/cmake/status_display_msgs__rosidl_typesupport_cppExport.cmake
-- Up-to-date: /home/matthew/install/status_display_msgs/share/status_display_msgs/cmake/status_display_msgs__rosidl_typesupport_cppExport-noconfig.cmake
-- Up-to-date: /home/matthew/install/status_display_msgs/share/status_display_msgs/cmake/export_status_display_msgs__rosidl_generator_pyExport.cmake
-- Up-to-date: /home/matthew/install/status_display_msgs/share/status_display_msgs/cmake/export_status_display_msgs__rosidl_generator_pyExport-noconfig.cmake
-- Up-to-date: /home/matthew/install/status_display_msgs/share/status_display_msgs/cmake/rosidl_cmake-extras.cmake
-- Up-to-date: /home/matthew/install/status_display_msgs/share/status_display_msgs/cmake/ament_cmake_export_include_directories-extras.cmake
-- Up-to-date: /home/matthew/install/status_display_msgs/share/status_display_msgs/cmake/ament_cmake_export_libraries-extras.cmake
-- Up-to-date: /home/matthew/install/status_display_msgs/share/status_display_msgs/cmake/ament_cmake_export_targets-extras.cmake
-- Up-to-date: /home/matthew/install/status_display_msgs/share/status_display_msgs/cmake/rosidl_cmake_export_typesupport_targets-extras.cmake
-- Up-to-date: /home/matthew/install/status_display_msgs/share/status_display_msgs/cmake/ament_cmake_export_dependencies-extras.cmake
-- Up-to-date: /home/matthew/install/status_display_msgs/share/status_display_msgs/cmake/rosidl_cmake_export_typesupport_libraries-extras.cmake
-- Up-to-date: /home/matthew/install/status_display_msgs/share/status_display_msgs/cmake/status_display_msgsConfig.cmake
-- Up-to-date: /home/matthew/install/status_display_msgs/share/status_display_msgs/cmake/status_display_msgsConfig-version.cmake
-- Up-to-date: /home/matthew/install/status_display_msgs/share/status_display_msgs/package.xml
