[0.139s] Invoking command in '/home/matthew/build/status_display_msgs': CMAKE_PREFIX_PATH=/opt/ros/iron /usr/bin/cmake --build /home/matthew/build/status_display_msgs -- -j6 -l6
[0.330s] [  2%] Built target status_display_msgs__rosidl_generator_type_description
[0.352s] [  2%] Built target ament_cmake_python_copy_status_display_msgs
[0.393s] [35m[1mConsolidate compiler generated dependencies of target status_display_msgs__rosidl_generator_c[0m
[0.404s] [  5%] Built target status_display_msgs__cpp
[0.471s] [ 20%] Built target status_display_msgs__rosidl_generator_c
[0.547s] [35m[1mConsolidate compiler generated dependencies of target status_display_msgs__rosidl_typesupport_fastrtps_c[0m
[0.552s] [35m[1mConsolidate compiler generated dependencies of target status_display_msgs__rosidl_typesupport_cpp[0m
[0.558s] [35m[1mConsolidate compiler generated dependencies of target status_display_msgs__rosidl_typesupport_introspection_c[0m
[0.575s] [35m[1mConsolidate compiler generated dependencies of target status_display_msgs__rosidl_typesupport_c[0m
[0.605s] [35m[1mConsolidate compiler generated dependencies of target status_display_msgs__rosidl_typesupport_fastrtps_cpp[0m
[0.607s] [ 29%] Built target status_display_msgs__rosidl_typesupport_cpp
[0.621s] [ 38%] Built target status_display_msgs__rosidl_typesupport_fastrtps_c
[0.629s] [ 47%] Built target status_display_msgs__rosidl_typesupport_introspection_c
[0.646s] [35m[1mConsolidate compiler generated dependencies of target status_display_msgs__rosidl_typesupport_introspection_cpp[0m
[0.647s] [ 55%] Built target status_display_msgs__rosidl_typesupport_c
[0.653s] [ 64%] Built target status_display_msgs__rosidl_typesupport_fastrtps_cpp
[0.696s] [ 73%] Built target status_display_msgs__rosidl_typesupport_introspection_cpp
[0.757s] [ 73%] Built target status_display_msgs
[0.806s] [ 76%] Built target status_display_msgs__py
[0.834s] [35m[1mConsolidate compiler generated dependencies of target status_display_msgs__rosidl_generator_py[0m
[0.900s] [ 82%] Built target status_display_msgs__rosidl_generator_py
[1.016s] [35m[1mConsolidate compiler generated dependencies of target status_display_msgs__rosidl_typesupport_fastrtps_c__pyext[0m
[1.018s] [35m[1mConsolidate compiler generated dependencies of target status_display_msgs__rosidl_typesupport_c__pyext[0m
[1.022s] [35m[1mConsolidate compiler generated dependencies of target status_display_msgs__rosidl_typesupport_introspection_c__pyext[0m
[1.030s] running egg_info
[1.031s] writing status_display_msgs.egg-info/PKG-INFO
[1.031s] writing dependency_links to status_display_msgs.egg-info/dependency_links.txt
[1.032s] writing top-level names to status_display_msgs.egg-info/top_level.txt
[1.043s] [ 88%] Built target status_display_msgs__rosidl_typesupport_fastrtps_c__pyext
[1.043s] reading manifest file 'status_display_msgs.egg-info/SOURCES.txt'
[1.046s] writing manifest file 'status_display_msgs.egg-info/SOURCES.txt'
[1.066s] [ 94%] Built target status_display_msgs__rosidl_typesupport_introspection_c__pyext
[1.079s] [100%] Built target status_display_msgs__rosidl_typesupport_c__pyext
[1.123s] [100%] Built target ament_cmake_python_build_status_display_msgs_egg
[1.147s] Invoked command in '/home/matthew/build/status_display_msgs' returned '0': CMAKE_PREFIX_PATH=/opt/ros/iron /usr/bin/cmake --build /home/matthew/build/status_display_msgs -- -j6 -l6
[1.170s] Invoking command in '/home/matthew/build/status_display_msgs': CMAKE_PREFIX_PATH=/opt/ros/iron /usr/bin/cmake --install /home/matthew/build/status_display_msgs
[1.190s] -- Install configuration: ""
[1.192s] -- Up-to-date: /home/matthew/install/status_display_msgs/share/ament_index/resource_index/rosidl_interfaces/status_display_msgs
[1.193s] -- Up-to-date: /home/matthew/install/status_display_msgs/share/status_display_msgs/msg/StatusDisplay.json
[1.194s] -- Up-to-date: /home/matthew/install/status_display_msgs/include/status_display_msgs/status_display_msgs
[1.195s] -- Up-to-date: /home/matthew/install/status_display_msgs/include/status_display_msgs/status_display_msgs/msg
[1.196s] -- Up-to-date: /home/matthew/install/status_display_msgs/include/status_display_msgs/status_display_msgs/msg/detail
[1.196s] -- Up-to-date: /home/matthew/install/status_display_msgs/include/status_display_msgs/status_display_msgs/msg/detail/status_display__functions.h
[1.197s] -- Up-to-date: /home/matthew/install/status_display_msgs/include/status_display_msgs/status_display_msgs/msg/detail/status_display__struct.h
[1.197s] -- Up-to-date: /home/matthew/install/status_display_msgs/include/status_display_msgs/status_display_msgs/msg/detail/status_display__functions.c
[1.197s] -- Up-to-date: /home/matthew/install/status_display_msgs/include/status_display_msgs/status_display_msgs/msg/detail/status_display__type_support.h
[1.197s] -- Up-to-date: /home/matthew/install/status_display_msgs/include/status_display_msgs/status_display_msgs/msg/detail/status_display__description.c
[1.197s] -- Up-to-date: /home/matthew/install/status_display_msgs/include/status_display_msgs/status_display_msgs/msg/detail/status_display__type_support.c
[1.198s] -- Up-to-date: /home/matthew/install/status_display_msgs/include/status_display_msgs/status_display_msgs/msg/status_display.h
[1.198s] -- Up-to-date: /home/matthew/install/status_display_msgs/include/status_display_msgs/status_display_msgs/msg/rosidl_generator_c__visibility_control.h
[1.198s] -- Up-to-date: /home/matthew/install/status_display_msgs/share/status_display_msgs/environment/library_path.sh
[1.198s] -- Up-to-date: /home/matthew/install/status_display_msgs/share/status_display_msgs/environment/library_path.dsv
[1.199s] -- Up-to-date: /home/matthew/install/status_display_msgs/lib/libstatus_display_msgs__rosidl_generator_c.so
[1.200s] -- Up-to-date: /home/matthew/install/status_display_msgs/include/status_display_msgs/status_display_msgs
[1.200s] -- Up-to-date: /home/matthew/install/status_display_msgs/include/status_display_msgs/status_display_msgs/msg
[1.200s] -- Up-to-date: /home/matthew/install/status_display_msgs/include/status_display_msgs/status_display_msgs/msg/detail
[1.200s] -- Up-to-date: /home/matthew/install/status_display_msgs/include/status_display_msgs/status_display_msgs/msg/detail/status_display__rosidl_typesupport_fastrtps_c.h
[1.201s] -- Up-to-date: /home/matthew/install/status_display_msgs/include/status_display_msgs/status_display_msgs/msg/rosidl_typesupport_fastrtps_c__visibility_control.h
[1.201s] -- Up-to-date: /home/matthew/install/status_display_msgs/lib/libstatus_display_msgs__rosidl_typesupport_fastrtps_c.so
[1.203s] -- Up-to-date: /home/matthew/install/status_display_msgs/include/status_display_msgs/status_display_msgs
[1.203s] -- Up-to-date: /home/matthew/install/status_display_msgs/include/status_display_msgs/status_display_msgs/msg
[1.203s] -- Up-to-date: /home/matthew/install/status_display_msgs/include/status_display_msgs/status_display_msgs/msg/detail
[1.211s] -- Up-to-date: /home/matthew/install/status_display_msgs/include/status_display_msgs/status_display_msgs/msg/detail/status_display__rosidl_typesupport_introspection_c.h
[1.211s] -- Up-to-date: /home/matthew/install/status_display_msgs/include/status_display_msgs/status_display_msgs/msg/detail/status_display__type_support.c
[1.211s] -- Up-to-date: /home/matthew/install/status_display_msgs/include/status_display_msgs/status_display_msgs/msg/rosidl_typesupport_introspection_c__visibility_control.h
[1.211s] -- Up-to-date: /home/matthew/install/status_display_msgs/lib/libstatus_display_msgs__rosidl_typesupport_introspection_c.so
[1.212s] -- Up-to-date: /home/matthew/install/status_display_msgs/lib/libstatus_display_msgs__rosidl_typesupport_c.so
[1.212s] -- Up-to-date: /home/matthew/install/status_display_msgs/include/status_display_msgs/status_display_msgs
[1.212s] -- Up-to-date: /home/matthew/install/status_display_msgs/include/status_display_msgs/status_display_msgs/msg
[1.212s] -- Up-to-date: /home/matthew/install/status_display_msgs/include/status_display_msgs/status_display_msgs/msg/detail
[1.212s] -- Up-to-date: /home/matthew/install/status_display_msgs/include/status_display_msgs/status_display_msgs/msg/detail/status_display__builder.hpp
[1.212s] -- Up-to-date: /home/matthew/install/status_display_msgs/include/status_display_msgs/status_display_msgs/msg/detail/status_display__struct.hpp
[1.213s] -- Up-to-date: /home/matthew/install/status_display_msgs/include/status_display_msgs/status_display_msgs/msg/detail/status_display__traits.hpp
[1.213s] -- Up-to-date: /home/matthew/install/status_display_msgs/include/status_display_msgs/status_display_msgs/msg/status_display.hpp
[1.213s] -- Up-to-date: /home/matthew/install/status_display_msgs/include/status_display_msgs/status_display_msgs
[1.213s] -- Up-to-date: /home/matthew/install/status_display_msgs/include/status_display_msgs/status_display_msgs/msg
[1.213s] -- Up-to-date: /home/matthew/install/status_display_msgs/include/status_display_msgs/status_display_msgs/msg/detail
[1.213s] -- Up-to-date: /home/matthew/install/status_display_msgs/include/status_display_msgs/status_display_msgs/msg/detail/status_display__rosidl_typesupport_fastrtps_cpp.hpp
[1.213s] -- Up-to-date: /home/matthew/install/status_display_msgs/include/status_display_msgs/status_display_msgs/msg/detail/dds_fastrtps
[1.214s] -- Up-to-date: /home/matthew/install/status_display_msgs/include/status_display_msgs/status_display_msgs/msg/rosidl_typesupport_fastrtps_cpp__visibility_control.h
[1.214s] -- Up-to-date: /home/matthew/install/status_display_msgs/lib/libstatus_display_msgs__rosidl_typesupport_fastrtps_cpp.so
[1.214s] -- Up-to-date: /home/matthew/install/status_display_msgs/include/status_display_msgs/status_display_msgs
[1.214s] -- Up-to-date: /home/matthew/install/status_display_msgs/include/status_display_msgs/status_display_msgs/msg
[1.214s] -- Up-to-date: /home/matthew/install/status_display_msgs/include/status_display_msgs/status_display_msgs/msg/detail
[1.214s] -- Up-to-date: /home/matthew/install/status_display_msgs/include/status_display_msgs/status_display_msgs/msg/detail/status_display__rosidl_typesupport_introspection_cpp.hpp
[1.214s] -- Up-to-date: /home/matthew/install/status_display_msgs/include/status_display_msgs/status_display_msgs/msg/detail/status_display__type_support.cpp
[1.214s] -- Up-to-date: /home/matthew/install/status_display_msgs/lib/libstatus_display_msgs__rosidl_typesupport_introspection_cpp.so
[1.214s] -- Up-to-date: /home/matthew/install/status_display_msgs/lib/libstatus_display_msgs__rosidl_typesupport_cpp.so
[1.215s] -- Up-to-date: /home/matthew/install/status_display_msgs/share/status_display_msgs/environment/pythonpath.sh
[1.216s] -- Up-to-date: /home/matthew/install/status_display_msgs/share/status_display_msgs/environment/pythonpath.dsv
[1.218s] -- Up-to-date: /home/matthew/install/status_display_msgs/lib/python3.10/site-packages/status_display_msgs-0.0.0-py3.10.egg-info
[1.219s] -- Installing: /home/matthew/install/status_display_msgs/lib/python3.10/site-packages/status_display_msgs-0.0.0-py3.10.egg-info/SOURCES.txt
[1.220s] -- Installing: /home/matthew/install/status_display_msgs/lib/python3.10/site-packages/status_display_msgs-0.0.0-py3.10.egg-info/dependency_links.txt
[1.220s] -- Installing: /home/matthew/install/status_display_msgs/lib/python3.10/site-packages/status_display_msgs-0.0.0-py3.10.egg-info/PKG-INFO
[1.221s] -- Installing: /home/matthew/install/status_display_msgs/lib/python3.10/site-packages/status_display_msgs-0.0.0-py3.10.egg-info/top_level.txt
[1.222s] -- Up-to-date: /home/matthew/install/status_display_msgs/lib/python3.10/site-packages/status_display_msgs
[1.223s] -- Up-to-date: /home/matthew/install/status_display_msgs/lib/python3.10/site-packages/status_display_msgs/_status_display_msgs_s.ep.rosidl_typesupport_fastrtps_c.c
[1.223s] -- Up-to-date: /home/matthew/install/status_display_msgs/lib/python3.10/site-packages/status_display_msgs/_status_display_msgs_s.ep.rosidl_typesupport_c.c
[1.224s] -- Up-to-date: /home/matthew/install/status_display_msgs/lib/python3.10/site-packages/status_display_msgs/status_display_msgs_s__rosidl_typesupport_introspection_c.cpython-310-aarch64-linux-gnu.so
[1.224s] -- Up-to-date: /home/matthew/install/status_display_msgs/lib/python3.10/site-packages/status_display_msgs/__init__.py
[1.224s] -- Up-to-date: /home/matthew/install/status_display_msgs/lib/python3.10/site-packages/status_display_msgs/_status_display_msgs_s.ep.rosidl_typesupport_introspection_c.c
[1.225s] -- Up-to-date: /home/matthew/install/status_display_msgs/lib/python3.10/site-packages/status_display_msgs/msg
[1.225s] -- Up-to-date: /home/matthew/install/status_display_msgs/lib/python3.10/site-packages/status_display_msgs/msg/_status_display_s.c
[1.226s] -- Up-to-date: /home/matthew/install/status_display_msgs/lib/python3.10/site-packages/status_display_msgs/msg/__init__.py
[1.226s] -- Up-to-date: /home/matthew/install/status_display_msgs/lib/python3.10/site-packages/status_display_msgs/msg/_status_display.py
[1.227s] -- Up-to-date: /home/matthew/install/status_display_msgs/lib/python3.10/site-packages/status_display_msgs/status_display_msgs_s__rosidl_typesupport_c.cpython-310-aarch64-linux-gnu.so
[1.227s] -- Up-to-date: /home/matthew/install/status_display_msgs/lib/python3.10/site-packages/status_display_msgs/libstatus_display_msgs__rosidl_generator_py.so
[1.227s] -- Up-to-date: /home/matthew/install/status_display_msgs/lib/python3.10/site-packages/status_display_msgs/status_display_msgs_s__rosidl_typesupport_fastrtps_c.cpython-310-aarch64-linux-gnu.so
[1.295s] Listing '/home/matthew/install/status_display_msgs/lib/python3.10/site-packages/status_display_msgs'...
[1.296s] Listing '/home/matthew/install/status_display_msgs/lib/python3.10/site-packages/status_display_msgs/msg'...
[1.310s] -- Up-to-date: /home/matthew/install/status_display_msgs/lib/python3.10/site-packages/status_display_msgs/status_display_msgs_s__rosidl_typesupport_fastrtps_c.cpython-310-aarch64-linux-gnu.so
[1.312s] -- Up-to-date: /home/matthew/install/status_display_msgs/lib/python3.10/site-packages/status_display_msgs/status_display_msgs_s__rosidl_typesupport_introspection_c.cpython-310-aarch64-linux-gnu.so
[1.313s] -- Up-to-date: /home/matthew/install/status_display_msgs/lib/python3.10/site-packages/status_display_msgs/status_display_msgs_s__rosidl_typesupport_c.cpython-310-aarch64-linux-gnu.so
[1.315s] -- Up-to-date: /home/matthew/install/status_display_msgs/lib/libstatus_display_msgs__rosidl_generator_py.so
[1.315s] -- Up-to-date: /home/matthew/install/status_display_msgs/share/status_display_msgs/msg/StatusDisplay.idl
[1.316s] -- Up-to-date: /home/matthew/install/status_display_msgs/share/status_display_msgs/msg/StatusDisplay.msg
[1.317s] -- Up-to-date: /home/matthew/install/status_display_msgs/share/ament_index/resource_index/package_run_dependencies/status_display_msgs
[1.317s] -- Up-to-date: /home/matthew/install/status_display_msgs/share/ament_index/resource_index/parent_prefix_path/status_display_msgs
[1.318s] -- Up-to-date: /home/matthew/install/status_display_msgs/share/status_display_msgs/environment/ament_prefix_path.sh
[1.318s] -- Up-to-date: /home/matthew/install/status_display_msgs/share/status_display_msgs/environment/ament_prefix_path.dsv
[1.318s] -- Up-to-date: /home/matthew/install/status_display_msgs/share/status_display_msgs/environment/path.sh
[1.319s] -- Up-to-date: /home/matthew/install/status_display_msgs/share/status_display_msgs/environment/path.dsv
[1.319s] -- Up-to-date: /home/matthew/install/status_display_msgs/share/status_display_msgs/local_setup.bash
[1.319s] -- Up-to-date: /home/matthew/install/status_display_msgs/share/status_display_msgs/local_setup.sh
[1.320s] -- Up-to-date: /home/matthew/install/status_display_msgs/share/status_display_msgs/local_setup.zsh
[1.320s] -- Up-to-date: /home/matthew/install/status_display_msgs/share/status_display_msgs/local_setup.dsv
[1.320s] -- Installing: /home/matthew/install/status_display_msgs/share/status_display_msgs/package.dsv
[1.321s] -- Up-to-date: /home/matthew/install/status_display_msgs/share/ament_index/resource_index/packages/status_display_msgs
[1.325s] -- Up-to-date: /home/matthew/install/status_display_msgs/share/status_display_msgs/cmake/export_status_display_msgs__rosidl_generator_cExport.cmake
[1.325s] -- Up-to-date: /home/matthew/install/status_display_msgs/share/status_display_msgs/cmake/export_status_display_msgs__rosidl_generator_cExport-noconfig.cmake
[1.327s] -- Up-to-date: /home/matthew/install/status_display_msgs/share/status_display_msgs/cmake/export_status_display_msgs__rosidl_typesupport_fastrtps_cExport.cmake
[1.327s] -- Up-to-date: /home/matthew/install/status_display_msgs/share/status_display_msgs/cmake/export_status_display_msgs__rosidl_typesupport_fastrtps_cExport-noconfig.cmake
[1.328s] -- Up-to-date: /home/matthew/install/status_display_msgs/share/status_display_msgs/cmake/status_display_msgs__rosidl_typesupport_introspection_cExport.cmake
[1.329s] -- Up-to-date: /home/matthew/install/status_display_msgs/share/status_display_msgs/cmake/status_display_msgs__rosidl_typesupport_introspection_cExport-noconfig.cmake
[1.330s] -- Up-to-date: /home/matthew/install/status_display_msgs/share/status_display_msgs/cmake/status_display_msgs__rosidl_typesupport_cExport.cmake
[1.330s] -- Up-to-date: /home/matthew/install/status_display_msgs/share/status_display_msgs/cmake/status_display_msgs__rosidl_typesupport_cExport-noconfig.cmake
[1.332s] -- Up-to-date: /home/matthew/install/status_display_msgs/share/status_display_msgs/cmake/export_status_display_msgs__rosidl_generator_cppExport.cmake
[1.333s] -- Up-to-date: /home/matthew/install/status_display_msgs/share/status_display_msgs/cmake/export_status_display_msgs__rosidl_typesupport_fastrtps_cppExport.cmake
[1.333s] -- Up-to-date: /home/matthew/install/status_display_msgs/share/status_display_msgs/cmake/export_status_display_msgs__rosidl_typesupport_fastrtps_cppExport-noconfig.cmake
[1.335s] -- Up-to-date: /home/matthew/install/status_display_msgs/share/status_display_msgs/cmake/status_display_msgs__rosidl_typesupport_introspection_cppExport.cmake
[1.335s] -- Up-to-date: /home/matthew/install/status_display_msgs/share/status_display_msgs/cmake/status_display_msgs__rosidl_typesupport_introspection_cppExport-noconfig.cmake
[1.337s] -- Up-to-date: /home/matthew/install/status_display_msgs/share/status_display_msgs/cmake/status_display_msgs__rosidl_typesupport_cppExport.cmake
[1.337s] -- Up-to-date: /home/matthew/install/status_display_msgs/share/status_display_msgs/cmake/status_display_msgs__rosidl_typesupport_cppExport-noconfig.cmake
[1.339s] -- Up-to-date: /home/matthew/install/status_display_msgs/share/status_display_msgs/cmake/export_status_display_msgs__rosidl_generator_pyExport.cmake
[1.339s] -- Up-to-date: /home/matthew/install/status_display_msgs/share/status_display_msgs/cmake/export_status_display_msgs__rosidl_generator_pyExport-noconfig.cmake
[1.339s] -- Up-to-date: /home/matthew/install/status_display_msgs/share/status_display_msgs/cmake/rosidl_cmake-extras.cmake
[1.339s] -- Up-to-date: /home/matthew/install/status_display_msgs/share/status_display_msgs/cmake/ament_cmake_export_include_directories-extras.cmake
[1.340s] -- Up-to-date: /home/matthew/install/status_display_msgs/share/status_display_msgs/cmake/ament_cmake_export_libraries-extras.cmake
[1.340s] -- Up-to-date: /home/matthew/install/status_display_msgs/share/status_display_msgs/cmake/ament_cmake_export_targets-extras.cmake
[1.340s] -- Up-to-date: /home/matthew/install/status_display_msgs/share/status_display_msgs/cmake/rosidl_cmake_export_typesupport_targets-extras.cmake
[1.340s] -- Up-to-date: /home/matthew/install/status_display_msgs/share/status_display_msgs/cmake/ament_cmake_export_dependencies-extras.cmake
[1.340s] -- Up-to-date: /home/matthew/install/status_display_msgs/share/status_display_msgs/cmake/rosidl_cmake_export_typesupport_libraries-extras.cmake
[1.340s] -- Up-to-date: /home/matthew/install/status_display_msgs/share/status_display_msgs/cmake/status_display_msgsConfig.cmake
[1.340s] -- Up-to-date: /home/matthew/install/status_display_msgs/share/status_display_msgs/cmake/status_display_msgsConfig-version.cmake
[1.341s] -- Up-to-date: /home/matthew/install/status_display_msgs/share/status_display_msgs/package.xml
[1.347s] Invoked command in '/home/matthew/build/status_display_msgs' returned '0': CMAKE_PREFIX_PATH=/opt/ros/iron /usr/bin/cmake --install /home/matthew/build/status_display_msgs
