[0.042s] Invoking command in '/home/matthew/ros2_ws/build/ros2_laser_scan_matcher': AMENT_PREFIX_PATH=/home/matthew/ros2_ws/install/csm:${AMENT_PREFIX_PATH} CMAKE_PREFIX_PATH=/home/matthew/ros2_ws/install/csm:/opt/ros/iron LD_LIBRARY_PATH=/home/matthew/ros2_ws/install/csm/lib:${LD_LIBRARY_PATH} /usr/bin/cmake --build /home/matthew/ros2_ws/build/ros2_laser_scan_matcher -- -j6 -l6
[0.195s] [100%] Built target laser_scan_matcher
[0.221s] Invoked command in '/home/matthew/ros2_ws/build/ros2_laser_scan_matcher' returned '0': AMENT_PREFIX_PATH=/home/matthew/ros2_ws/install/csm:${AMENT_PREFIX_PATH} CMAKE_PREFIX_PATH=/home/matthew/ros2_ws/install/csm:/opt/ros/iron LD_LIBRARY_PATH=/home/matthew/ros2_ws/install/csm/lib:${LD_LIBRARY_PATH} /usr/bin/cmake --build /home/matthew/ros2_ws/build/ros2_laser_scan_matcher -- -j6 -l6
[0.226s] Invoking command in '/home/matthew/ros2_ws/build/ros2_laser_scan_matcher': AMENT_PREFIX_PATH=/home/matthew/ros2_ws/install/csm:${AMENT_PREFIX_PATH} CMAKE_PREFIX_PATH=/home/matthew/ros2_ws/install/csm:/opt/ros/iron LD_LIBRARY_PATH=/home/matthew/ros2_ws/install/csm/lib:${LD_LIBRARY_PATH} /usr/bin/cmake --install /home/matthew/ros2_ws/build/ros2_laser_scan_matcher
[0.240s] -- Install configuration: ""
[0.240s] -- Execute custom install script
[0.241s] -- Up-to-date symlink: /home/matthew/ros2_ws/install/ros2_laser_scan_matcher/lib/ros2_laser_scan_matcher/laser_scan_matcher
[0.241s] -- Up-to-date symlink: /home/matthew/ros2_ws/install/ros2_laser_scan_matcher/share/ament_index/resource_index/package_run_dependencies/ros2_laser_scan_matcher
[0.242s] -- Up-to-date symlink: /home/matthew/ros2_ws/install/ros2_laser_scan_matcher/share/ament_index/resource_index/parent_prefix_path/ros2_laser_scan_matcher
[0.242s] -- Up-to-date symlink: /home/matthew/ros2_ws/install/ros2_laser_scan_matcher/share/ros2_laser_scan_matcher/environment/ament_prefix_path.sh
[0.242s] -- Up-to-date symlink: /home/matthew/ros2_ws/install/ros2_laser_scan_matcher/share/ros2_laser_scan_matcher/environment/ament_prefix_path.dsv
[0.242s] -- Up-to-date symlink: /home/matthew/ros2_ws/install/ros2_laser_scan_matcher/share/ros2_laser_scan_matcher/environment/path.sh
[0.243s] -- Up-to-date symlink: /home/matthew/ros2_ws/install/ros2_laser_scan_matcher/share/ros2_laser_scan_matcher/environment/path.dsv
[0.243s] -- Up-to-date symlink: /home/matthew/ros2_ws/install/ros2_laser_scan_matcher/share/ros2_laser_scan_matcher/local_setup.bash
[0.243s] -- Up-to-date symlink: /home/matthew/ros2_ws/install/ros2_laser_scan_matcher/share/ros2_laser_scan_matcher/local_setup.sh
[0.244s] -- Up-to-date symlink: /home/matthew/ros2_ws/install/ros2_laser_scan_matcher/share/ros2_laser_scan_matcher/local_setup.zsh
[0.244s] -- Up-to-date symlink: /home/matthew/ros2_ws/install/ros2_laser_scan_matcher/share/ros2_laser_scan_matcher/local_setup.dsv
[0.244s] -- Symlinking: /home/matthew/ros2_ws/install/ros2_laser_scan_matcher/share/ros2_laser_scan_matcher/package.dsv
[0.262s] -- Up-to-date symlink: /home/matthew/ros2_ws/install/ros2_laser_scan_matcher/share/ament_index/resource_index/packages/ros2_laser_scan_matcher
[0.262s] -- Up-to-date symlink: /home/matthew/ros2_ws/install/ros2_laser_scan_matcher/share/ros2_laser_scan_matcher/cmake/ros2_laser_scan_matcherConfig.cmake
[0.263s] -- Up-to-date symlink: /home/matthew/ros2_ws/install/ros2_laser_scan_matcher/share/ros2_laser_scan_matcher/cmake/ros2_laser_scan_matcherConfig-version.cmake
[0.263s] -- Up-to-date symlink: /home/matthew/ros2_ws/install/ros2_laser_scan_matcher/share/ros2_laser_scan_matcher/package.xml
[0.263s] -- Up-to-date symlink: /home/matthew/ros2_ws/install/ros2_laser_scan_matcher/share/ros2_laser_scan_matcher//launch/laser_scan_matcher_launch.py
[0.270s] Invoked command in '/home/matthew/ros2_ws/build/ros2_laser_scan_matcher' returned '0': AMENT_PREFIX_PATH=/home/matthew/ros2_ws/install/csm:${AMENT_PREFIX_PATH} CMAKE_PREFIX_PATH=/home/matthew/ros2_ws/install/csm:/opt/ros/iron LD_LIBRARY_PATH=/home/matthew/ros2_ws/install/csm/lib:${LD_LIBRARY_PATH} /usr/bin/cmake --install /home/matthew/ros2_ws/build/ros2_laser_scan_matcher
