[0.047s] Invoking command in '/home/matthew/ros2_ws/build/ros2_laser_scan_matcher': AMENT_PREFIX_PATH=/home/matthew/ros2_ws/install/csm:${AMENT_PREFIX_PATH} CMAKE_PREFIX_PATH=/home/matthew/ros2_ws/install/csm:/opt/ros/iron LD_LIBRARY_PATH=/home/matthew/ros2_ws/install/csm/lib:${LD_LIBRARY_PATH} /usr/bin/cmake --build /home/matthew/ros2_ws/build/ros2_laser_scan_matcher -- -j6 -l6
[0.132s] [35m[1mConsolidate compiler generated dependencies of target laser_scan_matcher[0m
[0.190s] [100%] Built target laser_scan_matcher
[0.213s] Invoked command in '/home/matthew/ros2_ws/build/ros2_laser_scan_matcher' returned '0': AMENT_PREFIX_PATH=/home/matthew/ros2_ws/install/csm:${AMENT_PREFIX_PATH} CMAKE_PREFIX_PATH=/home/matthew/ros2_ws/install/csm:/opt/ros/iron LD_LIBRARY_PATH=/home/matthew/ros2_ws/install/csm/lib:${LD_LIBRARY_PATH} /usr/bin/cmake --build /home/matthew/ros2_ws/build/ros2_laser_scan_matcher -- -j6 -l6
[0.218s] Invoking command in '/home/matthew/ros2_ws/build/ros2_laser_scan_matcher': AMENT_PREFIX_PATH=/home/matthew/ros2_ws/install/csm:${AMENT_PREFIX_PATH} CMAKE_PREFIX_PATH=/home/matthew/ros2_ws/install/csm:/opt/ros/iron LD_LIBRARY_PATH=/home/matthew/ros2_ws/install/csm/lib:${LD_LIBRARY_PATH} /usr/bin/cmake --install /home/matthew/ros2_ws/build/ros2_laser_scan_matcher
[0.232s] -- Install configuration: ""
[0.232s] -- Execute custom install script
[0.233s] -- Up-to-date symlink: /home/matthew/ros2_ws/install/ros2_laser_scan_matcher/lib/ros2_laser_scan_matcher/laser_scan_matcher
[0.233s] -- Up-to-date symlink: /home/matthew/ros2_ws/install/ros2_laser_scan_matcher/share/ament_index/resource_index/package_run_dependencies/ros2_laser_scan_matcher
[0.234s] -- Up-to-date symlink: /home/matthew/ros2_ws/install/ros2_laser_scan_matcher/share/ament_index/resource_index/parent_prefix_path/ros2_laser_scan_matcher
[0.235s] -- Up-to-date symlink: /home/matthew/ros2_ws/install/ros2_laser_scan_matcher/share/ros2_laser_scan_matcher/environment/ament_prefix_path.sh
[0.236s] -- Up-to-date symlink: /home/matthew/ros2_ws/install/ros2_laser_scan_matcher/share/ros2_laser_scan_matcher/environment/ament_prefix_path.dsv
[0.236s] -- Up-to-date symlink: /home/matthew/ros2_ws/install/ros2_laser_scan_matcher/share/ros2_laser_scan_matcher/environment/path.sh
[0.236s] -- Up-to-date symlink: /home/matthew/ros2_ws/install/ros2_laser_scan_matcher/share/ros2_laser_scan_matcher/environment/path.dsv
[0.236s] -- Up-to-date symlink: /home/matthew/ros2_ws/install/ros2_laser_scan_matcher/share/ros2_laser_scan_matcher/local_setup.bash
[0.237s] -- Up-to-date symlink: /home/matthew/ros2_ws/install/ros2_laser_scan_matcher/share/ros2_laser_scan_matcher/local_setup.sh
[0.237s] -- Up-to-date symlink: /home/matthew/ros2_ws/install/ros2_laser_scan_matcher/share/ros2_laser_scan_matcher/local_setup.zsh
[0.237s] -- Up-to-date symlink: /home/matthew/ros2_ws/install/ros2_laser_scan_matcher/share/ros2_laser_scan_matcher/local_setup.dsv
[0.237s] -- Symlinking: /home/matthew/ros2_ws/install/ros2_laser_scan_matcher/share/ros2_laser_scan_matcher/package.dsv
[0.253s] -- Up-to-date symlink: /home/matthew/ros2_ws/install/ros2_laser_scan_matcher/share/ament_index/resource_index/packages/ros2_laser_scan_matcher
[0.253s] -- Up-to-date symlink: /home/matthew/ros2_ws/install/ros2_laser_scan_matcher/share/ros2_laser_scan_matcher/cmake/ros2_laser_scan_matcherConfig.cmake
[0.254s] -- Up-to-date symlink: /home/matthew/ros2_ws/install/ros2_laser_scan_matcher/share/ros2_laser_scan_matcher/cmake/ros2_laser_scan_matcherConfig-version.cmake
[0.254s] -- Up-to-date symlink: /home/matthew/ros2_ws/install/ros2_laser_scan_matcher/share/ros2_laser_scan_matcher/package.xml
[0.254s] -- Up-to-date symlink: /home/matthew/ros2_ws/install/ros2_laser_scan_matcher/share/ros2_laser_scan_matcher//launch/laser_scan_matcher_launch.py
[0.260s] Invoked command in '/home/matthew/ros2_ws/build/ros2_laser_scan_matcher' returned '0': AMENT_PREFIX_PATH=/home/matthew/ros2_ws/install/csm:${AMENT_PREFIX_PATH} CMAKE_PREFIX_PATH=/home/matthew/ros2_ws/install/csm:/opt/ros/iron LD_LIBRARY_PATH=/home/matthew/ros2_ws/install/csm/lib:${LD_LIBRARY_PATH} /usr/bin/cmake --install /home/matthew/ros2_ws/build/ros2_laser_scan_matcher
