[0.090s] Invoking command in '/home/matthew/nav2_ws/build/nav2_behavior_tree': AMENT_PREFIX_PATH=/home/matthew/nav2_ws/install/nav2_util:/home/matthew/nav2_ws/install/nav2_msgs:/home/matthew/nav2_ws/install/nav2_common:${AMENT_PREFIX_PATH} CMAKE_PREFIX_PATH=/home/matthew/nav2_ws/install/nav2_util:/home/matthew/nav2_ws/install/nav2_msgs:/home/matthew/nav2_ws/install/nav2_common:/opt/ros/iron LD_LIBRARY_PATH=/home/matthew/nav2_ws/install/nav2_util/lib:/home/matthew/nav2_ws/install/nav2_msgs/lib:${LD_LIBRARY_PATH} PYTHONPATH=/home/matthew/nav2_ws/install/nav2_msgs/lib/python3.10/site-packages:/home/matthew/nav2_ws/install/nav2_common/lib/python3.10/site-packages:${PYTHONPATH} /usr/bin/cmake --build /home/matthew/nav2_ws/build/nav2_behavior_tree -- -j6 -l6
[0.305s] [35m[1mConsolidate compiler generated dependencies of target nav2_behavior_tree[0m
[0.313s] [35m[1mConsolidate compiler generated dependencies of target nav2_spin_cancel_bt_node[0m
[0.316s] [35m[1mConsolidate compiler generated dependencies of target nav2_compute_path_to_pose_action_bt_node[0m
[0.347s] [35m[1mConsolidate compiler generated dependencies of target nav2_controller_cancel_bt_node[0m
[0.376s] [35m[1mConsolidate compiler generated dependencies of target nav2_compute_path_through_poses_action_bt_node[0m
[0.387s] [35m[1mConsolidate compiler generated dependencies of target nav2_wait_cancel_bt_node[0m
[0.431s] [  1%] Built target nav2_behavior_tree
[0.436s] [  2%] Built target nav2_compute_path_through_poses_action_bt_node
[0.443s] [  3%] Built target nav2_spin_cancel_bt_node
[0.456s] [  4%] Built target nav2_compute_path_to_pose_action_bt_node
[0.458s] [  5%] Built target nav2_controller_cancel_bt_node
[0.488s] [  6%] Built target nav2_wait_cancel_bt_node
[0.490s] [35m[1mConsolidate compiler generated dependencies of target nav2_back_up_cancel_bt_node[0m
[0.564s] [35m[1mConsolidate compiler generated dependencies of target nav2_assisted_teleop_cancel_bt_node[0m
[0.573s] [35m[1mConsolidate compiler generated dependencies of target nav2_follow_path_action_bt_node[0m
[0.576s] [  7%] Built target nav2_back_up_cancel_bt_node
[0.577s] [35m[1mConsolidate compiler generated dependencies of target nav2_smooth_path_action_bt_node[0m
[0.585s] [35m[1mConsolidate compiler generated dependencies of target nav2_drive_on_heading_cancel_bt_node[0m
[0.588s] [35m[1mConsolidate compiler generated dependencies of target nav2_back_up_action_bt_node[0m
[0.659s] [  7%] Built target nav2_follow_path_action_bt_node
[0.668s] [35m[1mConsolidate compiler generated dependencies of target nav2_drive_on_heading_bt_node[0m
[0.694s] [  7%] Built target nav2_smooth_path_action_bt_node
[0.698s] [  8%] Built target nav2_assisted_teleop_cancel_bt_node
[0.721s] [ 10%] Built target nav2_drive_on_heading_cancel_bt_node
[0.721s] [ 10%] Built target nav2_back_up_action_bt_node
[0.760s] [ 11%] Built target nav2_drive_on_heading_bt_node
[0.770s] [35m[1mConsolidate compiler generated dependencies of target nav2_spin_action_bt_node[0m
[0.777s] [35m[1mConsolidate compiler generated dependencies of target nav2_wait_action_bt_node[0m
[0.781s] [35m[1mConsolidate compiler generated dependencies of target nav2_assisted_teleop_action_bt_node[0m
[0.806s] [35m[1mConsolidate compiler generated dependencies of target nav2_clear_costmap_service_bt_node[0m
[0.813s] [35m[1mConsolidate compiler generated dependencies of target nav2_is_stuck_condition_bt_node[0m
[0.836s] [35m[1mConsolidate compiler generated dependencies of target nav2_transform_available_condition_bt_node[0m
[0.843s] [ 12%] Built target nav2_spin_action_bt_node
[0.846s] [ 13%] Built target nav2_assisted_teleop_action_bt_node
[0.869s] [ 13%] Built target nav2_wait_action_bt_node
[0.874s] [ 14%] Built target nav2_is_stuck_condition_bt_node
[0.891s] [ 14%] Built target nav2_clear_costmap_service_bt_node
[0.893s] [ 15%] Built target nav2_transform_available_condition_bt_node
[0.901s] [35m[1mConsolidate compiler generated dependencies of target nav2_goal_reached_condition_bt_node[0m
[0.939s] [35m[1mConsolidate compiler generated dependencies of target nav2_globally_updated_goal_condition_bt_node[0m
[0.943s] [35m[1mConsolidate compiler generated dependencies of target nav2_is_path_valid_condition_bt_node[0m
[0.944s] [35m[1mConsolidate compiler generated dependencies of target nav2_goal_updated_condition_bt_node[0m
[0.945s] [35m[1mConsolidate compiler generated dependencies of target nav2_time_expired_condition_bt_node[0m
[0.952s] [35m[1mConsolidate compiler generated dependencies of target nav2_path_expiring_timer_condition[0m
[0.978s] [ 16%] Built target nav2_goal_reached_condition_bt_node
[1.005s] [ 17%] Built target nav2_goal_updated_condition_bt_node
[1.014s] [ 18%] Built target nav2_globally_updated_goal_condition_bt_node
[1.018s] [ 19%] Built target nav2_time_expired_condition_bt_node
[1.028s] [ 20%] Built target nav2_path_expiring_timer_condition
[1.035s] [ 21%] Built target nav2_is_path_valid_condition_bt_node
[1.061s] [35m[1mConsolidate compiler generated dependencies of target nav2_distance_traveled_condition_bt_node[0m
[1.069s] [35m[1mConsolidate compiler generated dependencies of target nav2_initial_pose_received_condition_bt_node[0m
[1.092s] [35m[1mConsolidate compiler generated dependencies of target nav2_are_error_codes_active_condition_bt_node[0m
[1.092s] [35m[1mConsolidate compiler generated dependencies of target nav2_is_battery_low_condition_bt_node[0m
[1.102s] [35m[1mConsolidate compiler generated dependencies of target nav2_would_a_controller_recovery_help_condition_bt_node[0m
[1.107s] [35m[1mConsolidate compiler generated dependencies of target nav2_is_battery_charging_condition_bt_node[0m
[1.127s] [ 22%] Built target nav2_distance_traveled_condition_bt_node
[1.141s] [ 23%] Built target nav2_initial_pose_received_condition_bt_node
[1.149s] [ 25%] Built target nav2_is_battery_low_condition_bt_node
[1.151s] [ 25%] Built target nav2_are_error_codes_active_condition_bt_node
[1.167s] [ 26%] Built target nav2_would_a_controller_recovery_help_condition_bt_node
[1.190s] [35m[1mConsolidate compiler generated dependencies of target nav2_would_a_smoother_recovery_help_condition_bt_node[0m
[1.199s] [ 26%] Built target nav2_is_battery_charging_condition_bt_node
[1.201s] [35m[1mConsolidate compiler generated dependencies of target nav2_would_a_planner_recovery_help_condition_bt_node[0m
[1.221s] [35m[1mConsolidate compiler generated dependencies of target nav2_reinitialize_global_localization_service_bt_node[0m
[1.225s] [35m[1mConsolidate compiler generated dependencies of target nav2_rate_controller_bt_node[0m
[1.259s] [35m[1mConsolidate compiler generated dependencies of target nav2_distance_controller_bt_node[0m
[1.279s] [35m[1mConsolidate compiler generated dependencies of target nav2_speed_controller_bt_node[0m
[1.279s] [ 27%] Built target nav2_would_a_smoother_recovery_help_condition_bt_node
[1.296s] [ 28%] Built target nav2_would_a_planner_recovery_help_condition_bt_node
[1.296s] [ 29%] Built target nav2_rate_controller_bt_node
[1.307s] [ 30%] Built target nav2_reinitialize_global_localization_service_bt_node
[1.314s] [ 31%] Built target nav2_distance_controller_bt_node
[1.346s] [ 32%] Built target nav2_speed_controller_bt_node
[1.356s] [35m[1mConsolidate compiler generated dependencies of target nav2_truncate_path_local_action_bt_node[0m
[1.356s] [35m[1mConsolidate compiler generated dependencies of target nav2_truncate_path_action_bt_node[0m
[1.360s] [35m[1mConsolidate compiler generated dependencies of target nav2_goal_updater_node_bt_node[0m
[1.394s] [ 33%] Built target nav2_truncate_path_local_action_bt_node
[1.397s] [ 35%] Built target nav2_truncate_path_action_bt_node
[1.397s] [ 35%] Built target nav2_goal_updater_node_bt_node
[1.600s] [35m[1mConsolidate compiler generated dependencies of target nav2_path_longer_on_approach_bt_node[0m
[1.603s] [35m[1mConsolidate compiler generated dependencies of target nav2_recovery_node_bt_node[0m
[1.610s] [35m[1mConsolidate compiler generated dependencies of target nav2_navigate_to_pose_action_bt_node[0m
[1.630s] [35m[1mConsolidate compiler generated dependencies of target nav2_get_pose_from_path_action_bt_node[0m
[1.646s] [35m[1mConsolidate compiler generated dependencies of target nav2_remove_passed_goals_action_bt_node[0m
[1.673s] [35m[1mConsolidate compiler generated dependencies of target nav2_navigate_through_poses_action_bt_node[0m
[1.682s] [ 36%] Built target nav2_get_pose_from_path_action_bt_node
[1.684s] [ 37%] Built target nav2_navigate_to_pose_action_bt_node
[1.686s] [ 38%] Built target nav2_path_longer_on_approach_bt_node
[1.694s] [ 39%] Built target nav2_recovery_node_bt_node
[1.739s] [ 40%] Built target nav2_remove_passed_goals_action_bt_node
[1.753s] [35m[1mConsolidate compiler generated dependencies of target nav2_pipeline_sequence_bt_node[0m
[1.761s] [ 41%] Built target nav2_navigate_through_poses_action_bt_node
[1.795s] [ 41%] Built target nav2_pipeline_sequence_bt_node
[1.795s] [35m[1mConsolidate compiler generated dependencies of target nav2_round_robin_node_bt_node[0m
[1.800s] [35m[1mConsolidate compiler generated dependencies of target nav2_single_trigger_bt_node[0m
[1.816s] [35m[1mConsolidate compiler generated dependencies of target nav2_controller_selector_bt_node[0m
[1.817s] [35m[1mConsolidate compiler generated dependencies of target nav2_planner_selector_bt_node[0m
[1.820s] [35m[1mConsolidate compiler generated dependencies of target nav2_smoother_selector_bt_node[0m
[1.848s] [ 43%] Built target nav2_single_trigger_bt_node
[1.848s] [ 43%] Built target nav2_round_robin_node_bt_node
[1.874s] [ 44%] Built target nav2_smoother_selector_bt_node
[1.877s] [ 46%] Built target nav2_planner_selector_bt_node
[1.878s] [ 46%] Built target nav2_controller_selector_bt_node
[1.908s] [35m[1mConsolidate compiler generated dependencies of target nav2_goal_checker_selector_bt_node[0m
[1.981s] [35m[1mConsolidate compiler generated dependencies of target gtest[0m
[1.982s] [35m[1mConsolidate compiler generated dependencies of target gtest_main[0m
[1.983s] [35m[1mConsolidate compiler generated dependencies of target nav2_progress_checker_selector_bt_node[0m
[1.985s] [35m[1mConsolidate compiler generated dependencies of target nav2_goal_updated_controller_bt_node[0m
[2.015s] [ 47%] Built target gtest_main
[2.035s] [ 48%] Built target nav2_goal_checker_selector_bt_node
[2.039s] [ 48%] Built target gtest
[2.050s] [ 49%] Built target nav2_progress_checker_selector_bt_node
[2.063s] [ 50%] Built target nav2_goal_updated_controller_bt_node
[2.090s] [35m[1mConsolidate compiler generated dependencies of target test_bt_conversions[0m
[2.114s] [35m[1mConsolidate compiler generated dependencies of target test_condition_goal_reached[0m
[2.137s] [35m[1mConsolidate compiler generated dependencies of target test_condition_distance_traveled[0m
[2.139s] [35m[1mConsolidate compiler generated dependencies of target test_condition_time_expired[0m
[2.160s] [ 50%] Built target test_bt_conversions
[2.219s] [ 52%] Built target test_condition_distance_traveled
[2.219s] [ 52%] Built target test_condition_goal_reached
[2.220s] [ 53%] Built target test_condition_time_expired
[2.271s] [35m[1mConsolidate compiler generated dependencies of target test_condition_path_expiring_timer[0m
[2.279s] [35m[1mConsolidate compiler generated dependencies of target test_condition_goal_updated[0m
[2.322s] [35m[1mConsolidate compiler generated dependencies of target test_condition_transform_available[0m
[2.363s] [35m[1mConsolidate compiler generated dependencies of target test_condition_is_stuck[0m
[2.386s] [ 54%] Built target test_condition_path_expiring_timer
[2.428s] [ 55%] Built target test_condition_transform_available
[2.446s] [ 56%] Built target test_condition_goal_updated
[2.455s] [35m[1mConsolidate compiler generated dependencies of target test_condition_initial_pose_received[0m
[2.462s] [35m[1mConsolidate compiler generated dependencies of target test_condition_globally_updated_goal[0m
[2.484s] [ 57%] Built target test_condition_is_stuck
[2.511s] [35m[1mConsolidate compiler generated dependencies of target test_condition_is_battery_charging[0m
[2.575s] [ 58%] Built target test_condition_globally_updated_goal
[2.577s] [ 59%] Built target test_condition_is_battery_charging
[2.580s] [ 60%] Built target test_condition_initial_pose_received
[2.592s] [35m[1mConsolidate compiler generated dependencies of target test_condition_is_battery_low[0m
[2.599s] [35m[1mConsolidate compiler generated dependencies of target test_condition_is_path_valid[0m
[2.632s] [35m[1mConsolidate compiler generated dependencies of target test_would_a_controller_recovery_help[0m
[2.650s] [35m[1mConsolidate compiler generated dependencies of target test_would_a_planner_recovery_help[0m
[2.687s] [ 61%] Built target test_condition_is_battery_low
[2.715s] [ 61%] Built target test_condition_is_path_valid
[2.718s] [ 62%] Built target test_would_a_controller_recovery_help
[2.732s] [ 63%] Built target test_would_a_planner_recovery_help
[2.745s] [35m[1mConsolidate compiler generated dependencies of target test_are_error_codes_present[0m
[2.745s] [35m[1mConsolidate compiler generated dependencies of target test_would_a_smoother_recovery_help[0m
[2.785s] [35m[1mConsolidate compiler generated dependencies of target test_decorator_distance_controller[0m
[2.788s] [35m[1mConsolidate compiler generated dependencies of target test_decorator_rate_controller[0m
[2.798s] [35m[1mConsolidate compiler generated dependencies of target test_decorator_speed_controller[0m
[2.825s] [ 64%] Built target test_are_error_codes_present
[2.842s] [ 65%] Built target test_would_a_smoother_recovery_help
[2.848s] [ 65%] Built target test_decorator_distance_controller
[2.859s] [ 66%] Built target test_decorator_rate_controller
[2.868s] [ 67%] Built target test_decorator_speed_controller
[2.877s] [35m[1mConsolidate compiler generated dependencies of target test_goal_updater_node[0m
[2.911s] [35m[1mConsolidate compiler generated dependencies of target test_single_trigger_node[0m
[2.939s] [ 68%] Built target test_goal_updater_node
[2.955s] [ 69%] Built target test_single_trigger_node
[2.990s] [35m[1mConsolidate compiler generated dependencies of target test_control_pipeline_sequence[0m
[2.991s] [35m[1mConsolidate compiler generated dependencies of target test_decorator_path_longer_on_approach[0m
[2.991s] [35m[1mConsolidate compiler generated dependencies of target test_goal_updated_controller[0m
[2.997s] [35m[1mConsolidate compiler generated dependencies of target test_control_recovery_node[0m
[3.025s] [35m[1mConsolidate compiler generated dependencies of target test_bt_action_node[0m
[3.034s] [ 70%] Built target test_control_pipeline_sequence
[3.039s] [35m[1mConsolidate compiler generated dependencies of target test_control_round_robin_node[0m
[3.049s] [ 71%] Built target test_decorator_path_longer_on_approach
[3.052s] [ 72%] Built target test_goal_updated_controller
[3.066s] [ 73%] Built target test_control_recovery_node
[3.073s] [ 74%] Built target test_bt_action_node
[3.089s] [ 75%] Built target test_control_round_robin_node
[3.119s] [35m[1mConsolidate compiler generated dependencies of target test_action_spin_action[0m
[3.144s] [35m[1mConsolidate compiler generated dependencies of target test_action_drive_on_heading[0m
[3.146s] [35m[1mConsolidate compiler generated dependencies of target test_action_back_up_action[0m
[3.146s] [35m[1mConsolidate compiler generated dependencies of target test_action_assisted_teleop_action[0m
[3.149s] [35m[1mConsolidate compiler generated dependencies of target test_action_wait_action[0m
[3.150s] [35m[1mConsolidate compiler generated dependencies of target test_action_controller_cancel_action[0m
[3.187s] [ 76%] Built target test_action_spin_action
[3.192s] [ 77%] Built target test_action_drive_on_heading
[3.200s] [ 78%] Built target test_action_back_up_action
[3.200s] [ 79%] Built target test_action_controller_cancel_action
[3.205s] [ 80%] Built target test_action_assisted_teleop_action
[3.206s] [ 81%] Built target test_action_wait_action
[3.229s] [35m[1mConsolidate compiler generated dependencies of target test_action_spin_cancel_action[0m
[3.230s] [35m[1mConsolidate compiler generated dependencies of target test_action_wait_cancel_action[0m
[3.240s] [35m[1mConsolidate compiler generated dependencies of target test_action_back_up_cancel_action[0m
[3.250s] [35m[1mConsolidate compiler generated dependencies of target test_action_drive_on_heading_cancel_action[0m
[3.251s] [35m[1mConsolidate compiler generated dependencies of target test_action_assisted_teleop_cancel_action[0m
[3.252s] [35m[1mConsolidate compiler generated dependencies of target test_action_clear_costmap_service[0m
[3.279s] [ 82%] Built target test_action_back_up_cancel_action
[3.280s] [ 82%] Built target test_action_spin_cancel_action
[3.281s] [ 83%] Built target test_action_wait_cancel_action
[3.297s] [ 84%] Built target test_action_clear_costmap_service
[3.309s] [ 86%] Built target test_action_drive_on_heading_cancel_action
[3.310s] [ 86%] Built target test_action_assisted_teleop_cancel_action
[3.347s] [35m[1mConsolidate compiler generated dependencies of target test_action_compute_path_through_poses_action[0m
[3.347s] [35m[1mConsolidate compiler generated dependencies of target test_action_compute_path_to_pose_action[0m
[3.349s] [35m[1mConsolidate compiler generated dependencies of target test_action_reinitialize_global_localization_service[0m
[3.353s] [35m[1mConsolidate compiler generated dependencies of target test_action_smooth_path_action[0m
[3.367s] [35m[1mConsolidate compiler generated dependencies of target test_action_follow_path_action[0m
[3.367s] [35m[1mConsolidate compiler generated dependencies of target test_action_navigate_to_pose_action[0m
[3.396s] [ 87%] Built target test_action_compute_path_through_poses_action
[3.415s] [ 88%] Built target test_action_reinitialize_global_localization_service
[3.416s] [ 89%] Built target test_action_smooth_path_action
[3.417s] [ 90%] Built target test_action_compute_path_to_pose_action
[3.428s] [ 90%] Built target test_action_navigate_to_pose_action
[3.429s] [ 91%] Built target test_action_follow_path_action
[3.800s] [35m[1mConsolidate compiler generated dependencies of target test_get_pose_from_path_action[0m
[3.802s] [35m[1mConsolidate compiler generated dependencies of target test_remove_passed_goals_action[0m
[3.804s] [35m[1mConsolidate compiler generated dependencies of target test_truncate_path_local_action[0m
[3.810s] [35m[1mConsolidate compiler generated dependencies of target test_action_navigate_through_poses_action[0m
[3.816s] [35m[1mConsolidate compiler generated dependencies of target test_planner_selector_node[0m
[3.817s] [35m[1mConsolidate compiler generated dependencies of target test_truncate_path_action[0m
[3.868s] [ 92%] Built target test_remove_passed_goals_action
[3.869s] [ 93%] Built target test_action_navigate_through_poses_action
[3.871s] [ 94%] Built target test_get_pose_from_path_action
[3.873s] [ 96%] Built target test_truncate_path_action
[3.874s] [ 96%] Built target test_truncate_path_local_action
[3.874s] [ 97%] Built target test_planner_selector_node
[3.917s] [35m[1mConsolidate compiler generated dependencies of target test_goal_checker_selector_node[0m
[3.922s] [35m[1mConsolidate compiler generated dependencies of target test_progress_checker_selector_node[0m
[3.925s] [35m[1mConsolidate compiler generated dependencies of target test_smoother_selector_node[0m
[3.930s] [35m[1mConsolidate compiler generated dependencies of target test_controller_selector_node[0m
[3.963s] [ 98%] Built target test_goal_checker_selector_node
[3.978s] [ 98%] Built target test_progress_checker_selector_node
[4.002s] [ 99%] Built target test_smoother_selector_node
[4.005s] [100%] Built target test_controller_selector_node
[4.035s] Invoked command in '/home/matthew/nav2_ws/build/nav2_behavior_tree' returned '0': AMENT_PREFIX_PATH=/home/matthew/nav2_ws/install/nav2_util:/home/matthew/nav2_ws/install/nav2_msgs:/home/matthew/nav2_ws/install/nav2_common:${AMENT_PREFIX_PATH} CMAKE_PREFIX_PATH=/home/matthew/nav2_ws/install/nav2_util:/home/matthew/nav2_ws/install/nav2_msgs:/home/matthew/nav2_ws/install/nav2_common:/opt/ros/iron LD_LIBRARY_PATH=/home/matthew/nav2_ws/install/nav2_util/lib:/home/matthew/nav2_ws/install/nav2_msgs/lib:${LD_LIBRARY_PATH} PYTHONPATH=/home/matthew/nav2_ws/install/nav2_msgs/lib/python3.10/site-packages:/home/matthew/nav2_ws/install/nav2_common/lib/python3.10/site-packages:${PYTHONPATH} /usr/bin/cmake --build /home/matthew/nav2_ws/build/nav2_behavior_tree -- -j6 -l6
[4.053s] Invoking command in '/home/matthew/nav2_ws/build/nav2_behavior_tree': AMENT_PREFIX_PATH=/home/matthew/nav2_ws/install/nav2_util:/home/matthew/nav2_ws/install/nav2_msgs:/home/matthew/nav2_ws/install/nav2_common:${AMENT_PREFIX_PATH} CMAKE_PREFIX_PATH=/home/matthew/nav2_ws/install/nav2_util:/home/matthew/nav2_ws/install/nav2_msgs:/home/matthew/nav2_ws/install/nav2_common:/opt/ros/iron LD_LIBRARY_PATH=/home/matthew/nav2_ws/install/nav2_util/lib:/home/matthew/nav2_ws/install/nav2_msgs/lib:${LD_LIBRARY_PATH} PYTHONPATH=/home/matthew/nav2_ws/install/nav2_msgs/lib/python3.10/site-packages:/home/matthew/nav2_ws/install/nav2_common/lib/python3.10/site-packages:${PYTHONPATH} /usr/bin/cmake --install /home/matthew/nav2_ws/build/nav2_behavior_tree
[4.071s] -- Install configuration: "Release"
[4.073s] -- Execute custom install script
[4.074s] -- Up-to-date symlink: /home/matthew/nav2_ws/install/nav2_behavior_tree/lib/libnav2_behavior_tree.so
[4.074s] -- Up-to-date symlink: /home/matthew/nav2_ws/install/nav2_behavior_tree/lib/libnav2_compute_path_to_pose_action_bt_node.so
[4.074s] -- Up-to-date symlink: /home/matthew/nav2_ws/install/nav2_behavior_tree/lib/libnav2_compute_path_through_poses_action_bt_node.so
[4.075s] -- Up-to-date symlink: /home/matthew/nav2_ws/install/nav2_behavior_tree/lib/libnav2_controller_cancel_bt_node.so
[4.075s] -- Up-to-date symlink: /home/matthew/nav2_ws/install/nav2_behavior_tree/lib/libnav2_wait_cancel_bt_node.so
[4.075s] -- Up-to-date symlink: /home/matthew/nav2_ws/install/nav2_behavior_tree/lib/libnav2_spin_cancel_bt_node.so
[4.075s] -- Up-to-date symlink: /home/matthew/nav2_ws/install/nav2_behavior_tree/lib/libnav2_back_up_cancel_bt_node.so
[4.076s] -- Up-to-date symlink: /home/matthew/nav2_ws/install/nav2_behavior_tree/lib/libnav2_assisted_teleop_cancel_bt_node.so
[4.076s] -- Up-to-date symlink: /home/matthew/nav2_ws/install/nav2_behavior_tree/lib/libnav2_drive_on_heading_cancel_bt_node.so
[4.076s] -- Up-to-date symlink: /home/matthew/nav2_ws/install/nav2_behavior_tree/lib/libnav2_smooth_path_action_bt_node.so
[4.076s] -- Up-to-date symlink: /home/matthew/nav2_ws/install/nav2_behavior_tree/lib/libnav2_follow_path_action_bt_node.so
[4.077s] -- Up-to-date symlink: /home/matthew/nav2_ws/install/nav2_behavior_tree/lib/libnav2_back_up_action_bt_node.so
[4.077s] -- Up-to-date symlink: /home/matthew/nav2_ws/install/nav2_behavior_tree/lib/libnav2_drive_on_heading_bt_node.so
[4.078s] -- Up-to-date symlink: /home/matthew/nav2_ws/install/nav2_behavior_tree/lib/libnav2_spin_action_bt_node.so
[4.078s] -- Up-to-date symlink: /home/matthew/nav2_ws/install/nav2_behavior_tree/lib/libnav2_wait_action_bt_node.so
[4.078s] -- Up-to-date symlink: /home/matthew/nav2_ws/install/nav2_behavior_tree/lib/libnav2_assisted_teleop_action_bt_node.so
[4.078s] -- Up-to-date symlink: /home/matthew/nav2_ws/install/nav2_behavior_tree/lib/libnav2_clear_costmap_service_bt_node.so
[4.079s] -- Up-to-date symlink: /home/matthew/nav2_ws/install/nav2_behavior_tree/lib/libnav2_is_stuck_condition_bt_node.so
[4.079s] -- Up-to-date symlink: /home/matthew/nav2_ws/install/nav2_behavior_tree/lib/libnav2_transform_available_condition_bt_node.so
[4.079s] -- Up-to-date symlink: /home/matthew/nav2_ws/install/nav2_behavior_tree/lib/libnav2_goal_reached_condition_bt_node.so
[4.079s] -- Up-to-date symlink: /home/matthew/nav2_ws/install/nav2_behavior_tree/lib/libnav2_globally_updated_goal_condition_bt_node.so
[4.079s] -- Up-to-date symlink: /home/matthew/nav2_ws/install/nav2_behavior_tree/lib/libnav2_goal_updated_condition_bt_node.so
[4.079s] -- Up-to-date symlink: /home/matthew/nav2_ws/install/nav2_behavior_tree/lib/libnav2_is_path_valid_condition_bt_node.so
[4.080s] -- Up-to-date symlink: /home/matthew/nav2_ws/install/nav2_behavior_tree/lib/libnav2_time_expired_condition_bt_node.so
[4.080s] -- Up-to-date symlink: /home/matthew/nav2_ws/install/nav2_behavior_tree/lib/libnav2_path_expiring_timer_condition.so
[4.080s] -- Up-to-date symlink: /home/matthew/nav2_ws/install/nav2_behavior_tree/lib/libnav2_distance_traveled_condition_bt_node.so
[4.080s] -- Up-to-date symlink: /home/matthew/nav2_ws/install/nav2_behavior_tree/lib/libnav2_initial_pose_received_condition_bt_node.so
[4.080s] -- Up-to-date symlink: /home/matthew/nav2_ws/install/nav2_behavior_tree/lib/libnav2_is_battery_charging_condition_bt_node.so
[4.081s] -- Up-to-date symlink: /home/matthew/nav2_ws/install/nav2_behavior_tree/lib/libnav2_is_battery_low_condition_bt_node.so
[4.081s] -- Up-to-date symlink: /home/matthew/nav2_ws/install/nav2_behavior_tree/lib/libnav2_are_error_codes_active_condition_bt_node.so
[4.081s] -- Up-to-date symlink: /home/matthew/nav2_ws/install/nav2_behavior_tree/lib/libnav2_would_a_controller_recovery_help_condition_bt_node.so
[4.081s] -- Up-to-date symlink: /home/matthew/nav2_ws/install/nav2_behavior_tree/lib/libnav2_would_a_planner_recovery_help_condition_bt_node.so
[4.083s] -- Up-to-date symlink: /home/matthew/nav2_ws/install/nav2_behavior_tree/lib/libnav2_would_a_smoother_recovery_help_condition_bt_node.so
[4.083s] -- Up-to-date symlink: /home/matthew/nav2_ws/install/nav2_behavior_tree/lib/libnav2_reinitialize_global_localization_service_bt_node.so
[4.083s] -- Up-to-date symlink: /home/matthew/nav2_ws/install/nav2_behavior_tree/lib/libnav2_rate_controller_bt_node.so
[4.083s] -- Up-to-date symlink: /home/matthew/nav2_ws/install/nav2_behavior_tree/lib/libnav2_distance_controller_bt_node.so
[4.086s] -- Up-to-date symlink: /home/matthew/nav2_ws/install/nav2_behavior_tree/lib/libnav2_speed_controller_bt_node.so
[4.087s] -- Up-to-date symlink: /home/matthew/nav2_ws/install/nav2_behavior_tree/lib/libnav2_truncate_path_action_bt_node.so
[4.087s] -- Up-to-date symlink: /home/matthew/nav2_ws/install/nav2_behavior_tree/lib/libnav2_truncate_path_local_action_bt_node.so
[4.087s] -- Up-to-date symlink: /home/matthew/nav2_ws/install/nav2_behavior_tree/lib/libnav2_goal_updater_node_bt_node.so
[4.087s] -- Up-to-date symlink: /home/matthew/nav2_ws/install/nav2_behavior_tree/lib/libnav2_path_longer_on_approach_bt_node.so
[4.087s] -- Up-to-date symlink: /home/matthew/nav2_ws/install/nav2_behavior_tree/lib/libnav2_recovery_node_bt_node.so
[4.088s] -- Up-to-date symlink: /home/matthew/nav2_ws/install/nav2_behavior_tree/lib/libnav2_navigate_to_pose_action_bt_node.so
[4.088s] -- Up-to-date symlink: /home/matthew/nav2_ws/install/nav2_behavior_tree/lib/libnav2_navigate_through_poses_action_bt_node.so
[4.088s] -- Up-to-date symlink: /home/matthew/nav2_ws/install/nav2_behavior_tree/lib/libnav2_remove_passed_goals_action_bt_node.so
[4.089s] -- Up-to-date symlink: /home/matthew/nav2_ws/install/nav2_behavior_tree/lib/libnav2_get_pose_from_path_action_bt_node.so
[4.089s] -- Up-to-date symlink: /home/matthew/nav2_ws/install/nav2_behavior_tree/lib/libnav2_pipeline_sequence_bt_node.so
[4.092s] -- Up-to-date symlink: /home/matthew/nav2_ws/install/nav2_behavior_tree/lib/libnav2_round_robin_node_bt_node.so
[4.092s] -- Up-to-date symlink: /home/matthew/nav2_ws/install/nav2_behavior_tree/lib/libnav2_single_trigger_bt_node.so
[4.092s] -- Up-to-date symlink: /home/matthew/nav2_ws/install/nav2_behavior_tree/lib/libnav2_planner_selector_bt_node.so
[4.092s] -- Up-to-date symlink: /home/matthew/nav2_ws/install/nav2_behavior_tree/lib/libnav2_controller_selector_bt_node.so
[4.093s] -- Up-to-date symlink: /home/matthew/nav2_ws/install/nav2_behavior_tree/lib/libnav2_smoother_selector_bt_node.so
[4.093s] -- Up-to-date symlink: /home/matthew/nav2_ws/install/nav2_behavior_tree/lib/libnav2_goal_checker_selector_bt_node.so
[4.093s] -- Up-to-date symlink: /home/matthew/nav2_ws/install/nav2_behavior_tree/lib/libnav2_progress_checker_selector_bt_node.so
[4.093s] -- Up-to-date symlink: /home/matthew/nav2_ws/install/nav2_behavior_tree/lib/libnav2_goal_updated_controller_bt_node.so
[4.104s] -- Up-to-date symlink: /home/matthew/nav2_ws/install/nav2_behavior_tree/include//nav2_behavior_tree/behavior_tree_engine.hpp
[4.104s] -- Up-to-date symlink: /home/matthew/nav2_ws/install/nav2_behavior_tree/include//nav2_behavior_tree/bt_action_node.hpp
[4.104s] -- Up-to-date symlink: /home/matthew/nav2_ws/install/nav2_behavior_tree/include//nav2_behavior_tree/bt_action_server.hpp
[4.105s] -- Up-to-date symlink: /home/matthew/nav2_ws/install/nav2_behavior_tree/include//nav2_behavior_tree/bt_action_server_impl.hpp
[4.105s] -- Up-to-date symlink: /home/matthew/nav2_ws/install/nav2_behavior_tree/include//nav2_behavior_tree/bt_cancel_action_node.hpp
[4.105s] -- Up-to-date symlink: /home/matthew/nav2_ws/install/nav2_behavior_tree/include//nav2_behavior_tree/bt_conversions.hpp
[4.105s] -- Up-to-date symlink: /home/matthew/nav2_ws/install/nav2_behavior_tree/include//nav2_behavior_tree/bt_service_node.hpp
[4.107s] -- Up-to-date symlink: /home/matthew/nav2_ws/install/nav2_behavior_tree/include//nav2_behavior_tree/plugins/action/assisted_teleop_action.hpp
[4.107s] -- Up-to-date symlink: /home/matthew/nav2_ws/install/nav2_behavior_tree/include//nav2_behavior_tree/plugins/action/assisted_teleop_cancel_node.hpp
[4.108s] -- Up-to-date symlink: /home/matthew/nav2_ws/install/nav2_behavior_tree/include//nav2_behavior_tree/plugins/action/back_up_action.hpp
[4.108s] -- Up-to-date symlink: /home/matthew/nav2_ws/install/nav2_behavior_tree/include//nav2_behavior_tree/plugins/action/back_up_cancel_node.hpp
[4.109s] -- Up-to-date symlink: /home/matthew/nav2_ws/install/nav2_behavior_tree/include//nav2_behavior_tree/plugins/action/clear_costmap_service.hpp
[4.109s] -- Up-to-date symlink: /home/matthew/nav2_ws/install/nav2_behavior_tree/include//nav2_behavior_tree/plugins/action/compute_path_through_poses_action.hpp
[4.110s] -- Up-to-date symlink: /home/matthew/nav2_ws/install/nav2_behavior_tree/include//nav2_behavior_tree/plugins/action/compute_path_to_pose_action.hpp
[4.110s] -- Up-to-date symlink: /home/matthew/nav2_ws/install/nav2_behavior_tree/include//nav2_behavior_tree/plugins/action/controller_cancel_node.hpp
[4.111s] -- Up-to-date symlink: /home/matthew/nav2_ws/install/nav2_behavior_tree/include//nav2_behavior_tree/plugins/action/controller_selector_node.hpp
[4.111s] -- Up-to-date symlink: /home/matthew/nav2_ws/install/nav2_behavior_tree/include//nav2_behavior_tree/plugins/action/drive_on_heading_action.hpp
[4.112s] -- Up-to-date symlink: /home/matthew/nav2_ws/install/nav2_behavior_tree/include//nav2_behavior_tree/plugins/action/drive_on_heading_cancel_node.hpp
[4.113s] -- Up-to-date symlink: /home/matthew/nav2_ws/install/nav2_behavior_tree/include//nav2_behavior_tree/plugins/action/follow_path_action.hpp
[4.113s] -- Up-to-date symlink: /home/matthew/nav2_ws/install/nav2_behavior_tree/include//nav2_behavior_tree/plugins/action/get_pose_from_path_action.hpp
[4.114s] -- Up-to-date symlink: /home/matthew/nav2_ws/install/nav2_behavior_tree/include//nav2_behavior_tree/plugins/action/goal_checker_selector_node.hpp
[4.118s] -- Up-to-date symlink: /home/matthew/nav2_ws/install/nav2_behavior_tree/include//nav2_behavior_tree/plugins/action/navigate_through_poses_action.hpp
[4.118s] -- Up-to-date symlink: /home/matthew/nav2_ws/install/nav2_behavior_tree/include//nav2_behavior_tree/plugins/action/navigate_to_pose_action.hpp
[4.119s] -- Up-to-date symlink: /home/matthew/nav2_ws/install/nav2_behavior_tree/include//nav2_behavior_tree/plugins/action/planner_selector_node.hpp
[4.120s] -- Up-to-date symlink: /home/matthew/nav2_ws/install/nav2_behavior_tree/include//nav2_behavior_tree/plugins/action/progress_checker_selector_node.hpp
[4.120s] -- Up-to-date symlink: /home/matthew/nav2_ws/install/nav2_behavior_tree/include//nav2_behavior_tree/plugins/action/reinitialize_global_localization_service.hpp
[4.121s] -- Up-to-date symlink: /home/matthew/nav2_ws/install/nav2_behavior_tree/include//nav2_behavior_tree/plugins/action/remove_passed_goals_action.hpp
[4.121s] -- Up-to-date symlink: /home/matthew/nav2_ws/install/nav2_behavior_tree/include//nav2_behavior_tree/plugins/action/smooth_path_action.hpp
[4.123s] -- Up-to-date symlink: /home/matthew/nav2_ws/install/nav2_behavior_tree/include//nav2_behavior_tree/plugins/action/smoother_selector_node.hpp
[4.123s] -- Up-to-date symlink: /home/matthew/nav2_ws/install/nav2_behavior_tree/include//nav2_behavior_tree/plugins/action/spin_action.hpp
[4.123s] -- Up-to-date symlink: /home/matthew/nav2_ws/install/nav2_behavior_tree/include//nav2_behavior_tree/plugins/action/spin_cancel_node.hpp
[4.124s] -- Up-to-date symlink: /home/matthew/nav2_ws/install/nav2_behavior_tree/include//nav2_behavior_tree/plugins/action/truncate_path_action.hpp
[4.125s] -- Up-to-date symlink: /home/matthew/nav2_ws/install/nav2_behavior_tree/include//nav2_behavior_tree/plugins/action/truncate_path_local_action.hpp
[4.125s] -- Up-to-date symlink: /home/matthew/nav2_ws/install/nav2_behavior_tree/include//nav2_behavior_tree/plugins/action/wait_action.hpp
[4.125s] -- Up-to-date symlink: /home/matthew/nav2_ws/install/nav2_behavior_tree/include//nav2_behavior_tree/plugins/action/wait_cancel_node.hpp
[4.126s] -- Up-to-date symlink: /home/matthew/nav2_ws/install/nav2_behavior_tree/include//nav2_behavior_tree/plugins/condition/are_error_codes_present_condition.hpp
[4.127s] -- Up-to-date symlink: /home/matthew/nav2_ws/install/nav2_behavior_tree/include//nav2_behavior_tree/plugins/condition/distance_traveled_condition.hpp
[4.128s] -- Up-to-date symlink: /home/matthew/nav2_ws/install/nav2_behavior_tree/include//nav2_behavior_tree/plugins/condition/globally_updated_goal_condition.hpp
[4.129s] -- Up-to-date symlink: /home/matthew/nav2_ws/install/nav2_behavior_tree/include//nav2_behavior_tree/plugins/condition/goal_reached_condition.hpp
[4.130s] -- Up-to-date symlink: /home/matthew/nav2_ws/install/nav2_behavior_tree/include//nav2_behavior_tree/plugins/condition/goal_updated_condition.hpp
[4.132s] -- Up-to-date symlink: /home/matthew/nav2_ws/install/nav2_behavior_tree/include//nav2_behavior_tree/plugins/condition/initial_pose_received_condition.hpp
[4.132s] -- Up-to-date symlink: /home/matthew/nav2_ws/install/nav2_behavior_tree/include//nav2_behavior_tree/plugins/condition/is_battery_charging_condition.hpp
[4.134s] -- Up-to-date symlink: /home/matthew/nav2_ws/install/nav2_behavior_tree/include//nav2_behavior_tree/plugins/condition/is_battery_low_condition.hpp
[4.134s] -- Up-to-date symlink: /home/matthew/nav2_ws/install/nav2_behavior_tree/include//nav2_behavior_tree/plugins/condition/is_path_valid_condition.hpp
[4.135s] -- Up-to-date symlink: /home/matthew/nav2_ws/install/nav2_behavior_tree/include//nav2_behavior_tree/plugins/condition/is_stuck_condition.hpp
[4.135s] -- Up-to-date symlink: /home/matthew/nav2_ws/install/nav2_behavior_tree/include//nav2_behavior_tree/plugins/condition/path_expiring_timer_condition.hpp
[4.136s] -- Up-to-date symlink: /home/matthew/nav2_ws/install/nav2_behavior_tree/include//nav2_behavior_tree/plugins/condition/time_expired_condition.hpp
[4.136s] -- Up-to-date symlink: /home/matthew/nav2_ws/install/nav2_behavior_tree/include//nav2_behavior_tree/plugins/condition/transform_available_condition.hpp
[4.137s] -- Up-to-date symlink: /home/matthew/nav2_ws/install/nav2_behavior_tree/include//nav2_behavior_tree/plugins/condition/would_a_controller_recovery_help_condition.hpp
[4.138s] -- Up-to-date symlink: /home/matthew/nav2_ws/install/nav2_behavior_tree/include//nav2_behavior_tree/plugins/condition/would_a_planner_recovery_help_condition.hpp
[4.139s] -- Up-to-date symlink: /home/matthew/nav2_ws/install/nav2_behavior_tree/include//nav2_behavior_tree/plugins/condition/would_a_smoother_recovery_help_condition.hpp
[4.142s] -- Up-to-date symlink: /home/matthew/nav2_ws/install/nav2_behavior_tree/include//nav2_behavior_tree/plugins/control/pipeline_sequence.hpp
[4.142s] -- Up-to-date symlink: /home/matthew/nav2_ws/install/nav2_behavior_tree/include//nav2_behavior_tree/plugins/control/recovery_node.hpp
[4.142s] -- Up-to-date symlink: /home/matthew/nav2_ws/install/nav2_behavior_tree/include//nav2_behavior_tree/plugins/control/round_robin_node.hpp
[4.146s] -- Up-to-date symlink: /home/matthew/nav2_ws/install/nav2_behavior_tree/include//nav2_behavior_tree/plugins/decorator/distance_controller.hpp
[4.147s] -- Up-to-date symlink: /home/matthew/nav2_ws/install/nav2_behavior_tree/include//nav2_behavior_tree/plugins/decorator/goal_updated_controller.hpp
[4.148s] -- Up-to-date symlink: /home/matthew/nav2_ws/install/nav2_behavior_tree/include//nav2_behavior_tree/plugins/decorator/goal_updater_node.hpp
[4.150s] -- Up-to-date symlink: /home/matthew/nav2_ws/install/nav2_behavior_tree/include//nav2_behavior_tree/plugins/decorator/path_longer_on_approach.hpp
[4.153s] -- Up-to-date symlink: /home/matthew/nav2_ws/install/nav2_behavior_tree/include//nav2_behavior_tree/plugins/decorator/rate_controller.hpp
[4.154s] -- Up-to-date symlink: /home/matthew/nav2_ws/install/nav2_behavior_tree/include//nav2_behavior_tree/plugins/decorator/single_trigger_node.hpp
[4.155s] -- Up-to-date symlink: /home/matthew/nav2_ws/install/nav2_behavior_tree/include//nav2_behavior_tree/plugins/decorator/speed_controller.hpp
[4.170s] -- Up-to-date symlink: /home/matthew/nav2_ws/install/nav2_behavior_tree/include//nav2_behavior_tree/ros_topic_logger.hpp
[4.173s] -- Up-to-date symlink: /home/matthew/nav2_ws/install/nav2_behavior_tree/include/nav2_behavior_tree/utils//test_action_server.hpp
[4.173s] -- Up-to-date symlink: /home/matthew/nav2_ws/install/nav2_behavior_tree/include/nav2_behavior_tree/utils//test_behavior_tree_fixture.hpp
[4.173s] -- Up-to-date symlink: /home/matthew/nav2_ws/install/nav2_behavior_tree/include/nav2_behavior_tree/utils//test_dummy_tree_node.hpp
[4.173s] -- Up-to-date symlink: /home/matthew/nav2_ws/install/nav2_behavior_tree/include/nav2_behavior_tree/utils//test_service.hpp
[4.173s] -- Up-to-date symlink: /home/matthew/nav2_ws/install/nav2_behavior_tree/include/nav2_behavior_tree/utils//test_transform_handler.hpp
[4.173s] -- Up-to-date symlink: /home/matthew/nav2_ws/install/nav2_behavior_tree/share/nav2_behavior_tree/nav2_tree_nodes.xml
[4.174s] -- Up-to-date symlink: /home/matthew/nav2_ws/install/nav2_behavior_tree/share/nav2_behavior_tree/environment/library_path.sh
[4.175s] -- Up-to-date symlink: /home/matthew/nav2_ws/install/nav2_behavior_tree/share/nav2_behavior_tree/environment/library_path.dsv
[4.175s] -- Up-to-date symlink: /home/matthew/nav2_ws/install/nav2_behavior_tree/share/ament_index/resource_index/package_run_dependencies/nav2_behavior_tree
[4.178s] -- Up-to-date symlink: /home/matthew/nav2_ws/install/nav2_behavior_tree/share/ament_index/resource_index/parent_prefix_path/nav2_behavior_tree
[4.179s] -- Up-to-date symlink: /home/matthew/nav2_ws/install/nav2_behavior_tree/share/nav2_behavior_tree/environment/ament_prefix_path.sh
[4.180s] -- Up-to-date symlink: /home/matthew/nav2_ws/install/nav2_behavior_tree/share/nav2_behavior_tree/environment/ament_prefix_path.dsv
[4.181s] -- Up-to-date symlink: /home/matthew/nav2_ws/install/nav2_behavior_tree/share/nav2_behavior_tree/environment/path.sh
[4.182s] -- Up-to-date symlink: /home/matthew/nav2_ws/install/nav2_behavior_tree/share/nav2_behavior_tree/environment/path.dsv
[4.183s] -- Up-to-date symlink: /home/matthew/nav2_ws/install/nav2_behavior_tree/share/nav2_behavior_tree/local_setup.bash
[4.184s] -- Up-to-date symlink: /home/matthew/nav2_ws/install/nav2_behavior_tree/share/nav2_behavior_tree/local_setup.sh
[4.188s] -- Up-to-date symlink: /home/matthew/nav2_ws/install/nav2_behavior_tree/share/nav2_behavior_tree/local_setup.zsh
[4.190s] -- Up-to-date symlink: /home/matthew/nav2_ws/install/nav2_behavior_tree/share/nav2_behavior_tree/local_setup.dsv
[4.190s] -- Symlinking: /home/matthew/nav2_ws/install/nav2_behavior_tree/share/nav2_behavior_tree/package.dsv
[4.222s] -- Up-to-date symlink: /home/matthew/nav2_ws/install/nav2_behavior_tree/share/ament_index/resource_index/packages/nav2_behavior_tree
[4.222s] -- Up-to-date symlink: /home/matthew/nav2_ws/install/nav2_behavior_tree/share/nav2_behavior_tree/cmake/ament_cmake_export_include_directories-extras.cmake
[4.224s] -- Up-to-date symlink: /home/matthew/nav2_ws/install/nav2_behavior_tree/share/nav2_behavior_tree/cmake/ament_cmake_export_libraries-extras.cmake
[4.224s] -- Up-to-date symlink: /home/matthew/nav2_ws/install/nav2_behavior_tree/share/nav2_behavior_tree/cmake/ament_cmake_export_dependencies-extras.cmake
[4.224s] -- Up-to-date symlink: /home/matthew/nav2_ws/install/nav2_behavior_tree/share/nav2_behavior_tree/cmake/nav2_behavior_treeConfig.cmake
[4.225s] -- Up-to-date symlink: /home/matthew/nav2_ws/install/nav2_behavior_tree/share/nav2_behavior_tree/cmake/nav2_behavior_treeConfig-version.cmake
[4.225s] -- Up-to-date symlink: /home/matthew/nav2_ws/install/nav2_behavior_tree/share/nav2_behavior_tree/package.xml
[4.238s] Invoked command in '/home/matthew/nav2_ws/build/nav2_behavior_tree' returned '0': AMENT_PREFIX_PATH=/home/matthew/nav2_ws/install/nav2_util:/home/matthew/nav2_ws/install/nav2_msgs:/home/matthew/nav2_ws/install/nav2_common:${AMENT_PREFIX_PATH} CMAKE_PREFIX_PATH=/home/matthew/nav2_ws/install/nav2_util:/home/matthew/nav2_ws/install/nav2_msgs:/home/matthew/nav2_ws/install/nav2_common:/opt/ros/iron LD_LIBRARY_PATH=/home/matthew/nav2_ws/install/nav2_util/lib:/home/matthew/nav2_ws/install/nav2_msgs/lib:${LD_LIBRARY_PATH} PYTHONPATH=/home/matthew/nav2_ws/install/nav2_msgs/lib/python3.10/site-packages:/home/matthew/nav2_ws/install/nav2_common/lib/python3.10/site-packages:${PYTHONPATH} /usr/bin/cmake --install /home/matthew/nav2_ws/build/nav2_behavior_tree
