[0.191s] Invoking command in '/home/matthew/nav2_ws/build/nav2_waypoint_follower': AMENT_PREFIX_PATH=/home/matthew/nav2_ws/install/nav2_core:/home/matthew/nav2_ws/install/nav2_costmap_2d:/home/matthew/nav2_ws/install/nav2_map_server:/home/matthew/nav2_ws/install/nav2_lifecycle_manager:/home/matthew/nav2_ws/install/nav2_behavior_tree:/home/matthew/nav2_ws/install/nav2_util:/home/matthew/nav2_ws/install/nav2_voxel_grid:/home/matthew/nav2_ws/install/nav2_msgs:/home/matthew/nav2_ws/install/nav2_common:${AMENT_PREFIX_PATH} CMAKE_PREFIX_PATH=/home/matthew/nav2_ws/install/nav2_core:/home/matthew/nav2_ws/install/nav2_costmap_2d:/home/matthew/nav2_ws/install/nav2_map_server:/home/matthew/nav2_ws/install/nav2_lifecycle_manager:/home/matthew/nav2_ws/install/nav2_behavior_tree:/home/matthew/nav2_ws/install/nav2_util:/home/matthew/nav2_ws/install/nav2_voxel_grid:/home/matthew/nav2_ws/install/nav2_msgs:/home/matthew/nav2_ws/install/nav2_common:/home/matthew/ros2_ws/install/ros2_laser_scan_matcher:/home/matthew/ros2_ws/install/opennav_docking_core:/home/matthew/ros2_ws/install/my_robot_description:/home/matthew/ros2_ws/install/map_msgs:/home/matthew/ros2_ws/install/fake_odometry:/home/matthew/ros2_ws/install/dwb_msgs:/home/matthew/ros2_ws/install/csm:/opt/ros/iron LD_LIBRARY_PATH=/home/matthew/nav2_ws/install/nav2_costmap_2d/lib:/home/matthew/nav2_ws/install/nav2_map_server/lib:/home/matthew/nav2_ws/install/nav2_lifecycle_manager/lib:/home/matthew/nav2_ws/install/nav2_behavior_tree/lib:/home/matthew/nav2_ws/install/nav2_util/lib:/home/matthew/nav2_ws/install/nav2_voxel_grid/lib:/home/matthew/nav2_ws/install/nav2_msgs/lib:${LD_LIBRARY_PATH} PYTHONPATH=/home/matthew/nav2_ws/install/nav2_msgs/lib/python3.10/site-packages:/home/matthew/nav2_ws/install/nav2_common/lib/python3.10/site-packages:${PYTHONPATH} /usr/bin/cmake --build /home/matthew/nav2_ws/build/nav2_waypoint_follower -- -j6 -l6
[0.473s] [ 22%] Built target photo_at_waypoint
[0.474s] [ 22%] Built target wait_at_waypoint
[0.475s] [ 33%] Built target gtest_main
[0.496s] [ 44%] Built target waypoint_follower_core
[0.502s] [ 55%] Built target gtest
[0.521s] [ 66%] Built target input_at_waypoint
[0.639s] [ 77%] Built target waypoint_follower
[0.643s] [ 94%] Built target test_dynamic_parameters
[0.644s] [100%] Built target test_task_executors
[0.705s] Invoked command in '/home/matthew/nav2_ws/build/nav2_waypoint_follower' returned '0': AMENT_PREFIX_PATH=/home/matthew/nav2_ws/install/nav2_core:/home/matthew/nav2_ws/install/nav2_costmap_2d:/home/matthew/nav2_ws/install/nav2_map_server:/home/matthew/nav2_ws/install/nav2_lifecycle_manager:/home/matthew/nav2_ws/install/nav2_behavior_tree:/home/matthew/nav2_ws/install/nav2_util:/home/matthew/nav2_ws/install/nav2_voxel_grid:/home/matthew/nav2_ws/install/nav2_msgs:/home/matthew/nav2_ws/install/nav2_common:${AMENT_PREFIX_PATH} CMAKE_PREFIX_PATH=/home/matthew/nav2_ws/install/nav2_core:/home/matthew/nav2_ws/install/nav2_costmap_2d:/home/matthew/nav2_ws/install/nav2_map_server:/home/matthew/nav2_ws/install/nav2_lifecycle_manager:/home/matthew/nav2_ws/install/nav2_behavior_tree:/home/matthew/nav2_ws/install/nav2_util:/home/matthew/nav2_ws/install/nav2_voxel_grid:/home/matthew/nav2_ws/install/nav2_msgs:/home/matthew/nav2_ws/install/nav2_common:/home/matthew/ros2_ws/install/ros2_laser_scan_matcher:/home/matthew/ros2_ws/install/opennav_docking_core:/home/matthew/ros2_ws/install/my_robot_description:/home/matthew/ros2_ws/install/map_msgs:/home/matthew/ros2_ws/install/fake_odometry:/home/matthew/ros2_ws/install/dwb_msgs:/home/matthew/ros2_ws/install/csm:/opt/ros/iron LD_LIBRARY_PATH=/home/matthew/nav2_ws/install/nav2_costmap_2d/lib:/home/matthew/nav2_ws/install/nav2_map_server/lib:/home/matthew/nav2_ws/install/nav2_lifecycle_manager/lib:/home/matthew/nav2_ws/install/nav2_behavior_tree/lib:/home/matthew/nav2_ws/install/nav2_util/lib:/home/matthew/nav2_ws/install/nav2_voxel_grid/lib:/home/matthew/nav2_ws/install/nav2_msgs/lib:${LD_LIBRARY_PATH} PYTHONPATH=/home/matthew/nav2_ws/install/nav2_msgs/lib/python3.10/site-packages:/home/matthew/nav2_ws/install/nav2_common/lib/python3.10/site-packages:${PYTHONPATH} /usr/bin/cmake --build /home/matthew/nav2_ws/build/nav2_waypoint_follower -- -j6 -l6
[0.725s] Invoking command in '/home/matthew/nav2_ws/build/nav2_waypoint_follower': AMENT_PREFIX_PATH=/home/matthew/nav2_ws/install/nav2_core:/home/matthew/nav2_ws/install/nav2_costmap_2d:/home/matthew/nav2_ws/install/nav2_map_server:/home/matthew/nav2_ws/install/nav2_lifecycle_manager:/home/matthew/nav2_ws/install/nav2_behavior_tree:/home/matthew/nav2_ws/install/nav2_util:/home/matthew/nav2_ws/install/nav2_voxel_grid:/home/matthew/nav2_ws/install/nav2_msgs:/home/matthew/nav2_ws/install/nav2_common:${AMENT_PREFIX_PATH} CMAKE_PREFIX_PATH=/home/matthew/nav2_ws/install/nav2_core:/home/matthew/nav2_ws/install/nav2_costmap_2d:/home/matthew/nav2_ws/install/nav2_map_server:/home/matthew/nav2_ws/install/nav2_lifecycle_manager:/home/matthew/nav2_ws/install/nav2_behavior_tree:/home/matthew/nav2_ws/install/nav2_util:/home/matthew/nav2_ws/install/nav2_voxel_grid:/home/matthew/nav2_ws/install/nav2_msgs:/home/matthew/nav2_ws/install/nav2_common:/home/matthew/ros2_ws/install/ros2_laser_scan_matcher:/home/matthew/ros2_ws/install/opennav_docking_core:/home/matthew/ros2_ws/install/my_robot_description:/home/matthew/ros2_ws/install/map_msgs:/home/matthew/ros2_ws/install/fake_odometry:/home/matthew/ros2_ws/install/dwb_msgs:/home/matthew/ros2_ws/install/csm:/opt/ros/iron LD_LIBRARY_PATH=/home/matthew/nav2_ws/install/nav2_costmap_2d/lib:/home/matthew/nav2_ws/install/nav2_map_server/lib:/home/matthew/nav2_ws/install/nav2_lifecycle_manager/lib:/home/matthew/nav2_ws/install/nav2_behavior_tree/lib:/home/matthew/nav2_ws/install/nav2_util/lib:/home/matthew/nav2_ws/install/nav2_voxel_grid/lib:/home/matthew/nav2_ws/install/nav2_msgs/lib:${LD_LIBRARY_PATH} PYTHONPATH=/home/matthew/nav2_ws/install/nav2_msgs/lib/python3.10/site-packages:/home/matthew/nav2_ws/install/nav2_common/lib/python3.10/site-packages:${PYTHONPATH} /usr/bin/cmake --install /home/matthew/nav2_ws/build/nav2_waypoint_follower
[0.737s] -- Install configuration: "Release"
[0.737s] -- Execute custom install script
[0.738s] -- Up-to-date symlink: /home/matthew/nav2_ws/install/nav2_waypoint_follower/lib/libwaypoint_follower_core.so
[0.738s] -- Up-to-date symlink: /home/matthew/nav2_ws/install/nav2_waypoint_follower/lib/libwait_at_waypoint.so
[0.738s] -- Up-to-date symlink: /home/matthew/nav2_ws/install/nav2_waypoint_follower/lib/libphoto_at_waypoint.so
[0.739s] -- Up-to-date symlink: /home/matthew/nav2_ws/install/nav2_waypoint_follower/lib/libinput_at_waypoint.so
[0.739s] -- Up-to-date symlink: /home/matthew/nav2_ws/install/nav2_waypoint_follower/lib/nav2_waypoint_follower/waypoint_follower
[0.740s] -- Up-to-date symlink: /home/matthew/nav2_ws/install/nav2_waypoint_follower/include//nav2_waypoint_follower/plugins/input_at_waypoint.hpp
[0.740s] -- Up-to-date symlink: /home/matthew/nav2_ws/install/nav2_waypoint_follower/include//nav2_waypoint_follower/plugins/photo_at_waypoint.hpp
[0.741s] -- Up-to-date symlink: /home/matthew/nav2_ws/install/nav2_waypoint_follower/include//nav2_waypoint_follower/plugins/wait_at_waypoint.hpp
[0.741s] -- Up-to-date symlink: /home/matthew/nav2_ws/install/nav2_waypoint_follower/include//nav2_waypoint_follower/waypoint_follower.hpp
[0.742s] -- Up-to-date symlink: /home/matthew/nav2_ws/install/nav2_waypoint_follower/share/nav2_waypoint_follower/environment/library_path.sh
[0.742s] -- Up-to-date symlink: /home/matthew/nav2_ws/install/nav2_waypoint_follower/share/nav2_waypoint_follower/environment/library_path.dsv
[0.743s] -- Up-to-date symlink: /home/matthew/nav2_ws/install/nav2_waypoint_follower/share/nav2_waypoint_follower//plugins.xml
[0.743s] -- Up-to-date symlink: /home/matthew/nav2_ws/install/nav2_waypoint_follower/share/ament_index/resource_index/package_run_dependencies/nav2_waypoint_follower
[0.743s] -- Up-to-date symlink: /home/matthew/nav2_ws/install/nav2_waypoint_follower/share/ament_index/resource_index/parent_prefix_path/nav2_waypoint_follower
[0.743s] -- Up-to-date symlink: /home/matthew/nav2_ws/install/nav2_waypoint_follower/share/nav2_waypoint_follower/environment/ament_prefix_path.sh
[0.744s] -- Up-to-date symlink: /home/matthew/nav2_ws/install/nav2_waypoint_follower/share/nav2_waypoint_follower/environment/ament_prefix_path.dsv
[0.744s] -- Up-to-date symlink: /home/matthew/nav2_ws/install/nav2_waypoint_follower/share/nav2_waypoint_follower/environment/path.sh
[0.744s] -- Up-to-date symlink: /home/matthew/nav2_ws/install/nav2_waypoint_follower/share/nav2_waypoint_follower/environment/path.dsv
[0.744s] -- Up-to-date symlink: /home/matthew/nav2_ws/install/nav2_waypoint_follower/share/nav2_waypoint_follower/local_setup.bash
[0.745s] -- Up-to-date symlink: /home/matthew/nav2_ws/install/nav2_waypoint_follower/share/nav2_waypoint_follower/local_setup.sh
[0.745s] -- Up-to-date symlink: /home/matthew/nav2_ws/install/nav2_waypoint_follower/share/nav2_waypoint_follower/local_setup.zsh
[0.745s] -- Up-to-date symlink: /home/matthew/nav2_ws/install/nav2_waypoint_follower/share/nav2_waypoint_follower/local_setup.dsv
[0.746s] -- Symlinking: /home/matthew/nav2_ws/install/nav2_waypoint_follower/share/nav2_waypoint_follower/package.dsv
[0.758s] -- Up-to-date symlink: /home/matthew/nav2_ws/install/nav2_waypoint_follower/share/ament_index/resource_index/packages/nav2_waypoint_follower
[0.758s] -- Up-to-date symlink: /home/matthew/nav2_ws/install/nav2_waypoint_follower/share/ament_index/resource_index/nav2_waypoint_follower__pluginlib__plugin/nav2_waypoint_follower
[0.758s] -- Up-to-date symlink: /home/matthew/nav2_ws/install/nav2_waypoint_follower/share/ament_index/resource_index/rclcpp_components/nav2_waypoint_follower
[0.758s] -- Up-to-date symlink: /home/matthew/nav2_ws/install/nav2_waypoint_follower/share/nav2_waypoint_follower/cmake/ament_cmake_export_include_directories-extras.cmake
[0.758s] -- Up-to-date symlink: /home/matthew/nav2_ws/install/nav2_waypoint_follower/share/nav2_waypoint_follower/cmake/ament_cmake_export_libraries-extras.cmake
[0.759s] -- Up-to-date symlink: /home/matthew/nav2_ws/install/nav2_waypoint_follower/share/nav2_waypoint_follower/cmake/ament_cmake_export_dependencies-extras.cmake
[0.759s] -- Up-to-date symlink: /home/matthew/nav2_ws/install/nav2_waypoint_follower/share/nav2_waypoint_follower/cmake/nav2_waypoint_followerConfig.cmake
[0.759s] -- Up-to-date symlink: /home/matthew/nav2_ws/install/nav2_waypoint_follower/share/nav2_waypoint_follower/cmake/nav2_waypoint_followerConfig-version.cmake
[0.760s] -- Up-to-date symlink: /home/matthew/nav2_ws/install/nav2_waypoint_follower/share/nav2_waypoint_follower/package.xml
[0.855s] Invoked command in '/home/matthew/nav2_ws/build/nav2_waypoint_follower' returned '0': AMENT_PREFIX_PATH=/home/matthew/nav2_ws/install/nav2_core:/home/matthew/nav2_ws/install/nav2_costmap_2d:/home/matthew/nav2_ws/install/nav2_map_server:/home/matthew/nav2_ws/install/nav2_lifecycle_manager:/home/matthew/nav2_ws/install/nav2_behavior_tree:/home/matthew/nav2_ws/install/nav2_util:/home/matthew/nav2_ws/install/nav2_voxel_grid:/home/matthew/nav2_ws/install/nav2_msgs:/home/matthew/nav2_ws/install/nav2_common:${AMENT_PREFIX_PATH} CMAKE_PREFIX_PATH=/home/matthew/nav2_ws/install/nav2_core:/home/matthew/nav2_ws/install/nav2_costmap_2d:/home/matthew/nav2_ws/install/nav2_map_server:/home/matthew/nav2_ws/install/nav2_lifecycle_manager:/home/matthew/nav2_ws/install/nav2_behavior_tree:/home/matthew/nav2_ws/install/nav2_util:/home/matthew/nav2_ws/install/nav2_voxel_grid:/home/matthew/nav2_ws/install/nav2_msgs:/home/matthew/nav2_ws/install/nav2_common:/home/matthew/ros2_ws/install/ros2_laser_scan_matcher:/home/matthew/ros2_ws/install/opennav_docking_core:/home/matthew/ros2_ws/install/my_robot_description:/home/matthew/ros2_ws/install/map_msgs:/home/matthew/ros2_ws/install/fake_odometry:/home/matthew/ros2_ws/install/dwb_msgs:/home/matthew/ros2_ws/install/csm:/opt/ros/iron LD_LIBRARY_PATH=/home/matthew/nav2_ws/install/nav2_costmap_2d/lib:/home/matthew/nav2_ws/install/nav2_map_server/lib:/home/matthew/nav2_ws/install/nav2_lifecycle_manager/lib:/home/matthew/nav2_ws/install/nav2_behavior_tree/lib:/home/matthew/nav2_ws/install/nav2_util/lib:/home/matthew/nav2_ws/install/nav2_voxel_grid/lib:/home/matthew/nav2_ws/install/nav2_msgs/lib:${LD_LIBRARY_PATH} PYTHONPATH=/home/matthew/nav2_ws/install/nav2_msgs/lib/python3.10/site-packages:/home/matthew/nav2_ws/install/nav2_common/lib/python3.10/site-packages:${PYTHONPATH} /usr/bin/cmake --install /home/matthew/nav2_ws/build/nav2_waypoint_follower
