[0.074s] Invoking command in '/home/matthew/nav2_ws/build/nav2_collision_monitor': AMENT_PREFIX_PATH=/home/matthew/nav2_ws/install/nav2_costmap_2d:/home/matthew/nav2_ws/install/nav2_map_server:/home/matthew/nav2_ws/install/nav2_lifecycle_manager:/home/matthew/nav2_ws/install/nav2_util:/home/matthew/nav2_ws/install/nav2_voxel_grid:/home/matthew/nav2_ws/install/nav2_msgs:/home/matthew/nav2_ws/install/nav2_common:${AMENT_PREFIX_PATH} CMAKE_PREFIX_PATH=/home/matthew/nav2_ws/install/nav2_costmap_2d:/home/matthew/nav2_ws/install/nav2_map_server:/home/matthew/nav2_ws/install/nav2_lifecycle_manager:/home/matthew/nav2_ws/install/nav2_util:/home/matthew/nav2_ws/install/nav2_voxel_grid:/home/matthew/nav2_ws/install/nav2_msgs:/home/matthew/nav2_ws/install/nav2_common:/home/matthew/ros2_ws/install/ros2_laser_scan_matcher:/home/matthew/ros2_ws/install/opennav_docking_core:/home/matthew/ros2_ws/install/my_robot_description:/home/matthew/ros2_ws/install/map_msgs:/home/matthew/ros2_ws/install/fake_odometry:/home/matthew/ros2_ws/install/dwb_msgs:/home/matthew/ros2_ws/install/csm:/opt/ros/iron LD_LIBRARY_PATH=/home/matthew/nav2_ws/install/nav2_costmap_2d/lib:/home/matthew/nav2_ws/install/nav2_map_server/lib:/home/matthew/nav2_ws/install/nav2_lifecycle_manager/lib:/home/matthew/nav2_ws/install/nav2_util/lib:/home/matthew/nav2_ws/install/nav2_voxel_grid/lib:/home/matthew/nav2_ws/install/nav2_msgs/lib:${LD_LIBRARY_PATH} PYTHONPATH=/home/matthew/nav2_ws/install/nav2_msgs/lib/python3.10/site-packages:/home/matthew/nav2_ws/install/nav2_common/lib/python3.10/site-packages:${PYTHONPATH} /usr/bin/cmake --build /home/matthew/nav2_ws/build/nav2_collision_monitor -- -j6 -l6
[0.227s] [ 11%] Built target gtest_main
[0.227s] [ 11%] Built target gtest
[0.232s] [ 36%] Built target collision_detector_core
[0.255s] [ 61%] Built target collision_monitor_core
[0.302s] [ 72%] Built target collision_detector_node_test
[0.303s] [ 72%] Built target collision_detector
[0.328s] [ 77%] Built target kinematics_test
[0.334s] [ 83%] Built target collision_monitor
[0.339s] [ 88%] Built target polygons_test
[0.339s] [ 94%] Built target sources_test
[0.380s] [100%] Built target collision_monitor_node_test
[0.431s] Invoked command in '/home/matthew/nav2_ws/build/nav2_collision_monitor' returned '0': AMENT_PREFIX_PATH=/home/matthew/nav2_ws/install/nav2_costmap_2d:/home/matthew/nav2_ws/install/nav2_map_server:/home/matthew/nav2_ws/install/nav2_lifecycle_manager:/home/matthew/nav2_ws/install/nav2_util:/home/matthew/nav2_ws/install/nav2_voxel_grid:/home/matthew/nav2_ws/install/nav2_msgs:/home/matthew/nav2_ws/install/nav2_common:${AMENT_PREFIX_PATH} CMAKE_PREFIX_PATH=/home/matthew/nav2_ws/install/nav2_costmap_2d:/home/matthew/nav2_ws/install/nav2_map_server:/home/matthew/nav2_ws/install/nav2_lifecycle_manager:/home/matthew/nav2_ws/install/nav2_util:/home/matthew/nav2_ws/install/nav2_voxel_grid:/home/matthew/nav2_ws/install/nav2_msgs:/home/matthew/nav2_ws/install/nav2_common:/home/matthew/ros2_ws/install/ros2_laser_scan_matcher:/home/matthew/ros2_ws/install/opennav_docking_core:/home/matthew/ros2_ws/install/my_robot_description:/home/matthew/ros2_ws/install/map_msgs:/home/matthew/ros2_ws/install/fake_odometry:/home/matthew/ros2_ws/install/dwb_msgs:/home/matthew/ros2_ws/install/csm:/opt/ros/iron LD_LIBRARY_PATH=/home/matthew/nav2_ws/install/nav2_costmap_2d/lib:/home/matthew/nav2_ws/install/nav2_map_server/lib:/home/matthew/nav2_ws/install/nav2_lifecycle_manager/lib:/home/matthew/nav2_ws/install/nav2_util/lib:/home/matthew/nav2_ws/install/nav2_voxel_grid/lib:/home/matthew/nav2_ws/install/nav2_msgs/lib:${LD_LIBRARY_PATH} PYTHONPATH=/home/matthew/nav2_ws/install/nav2_msgs/lib/python3.10/site-packages:/home/matthew/nav2_ws/install/nav2_common/lib/python3.10/site-packages:${PYTHONPATH} /usr/bin/cmake --build /home/matthew/nav2_ws/build/nav2_collision_monitor -- -j6 -l6
[0.434s] Invoking command in '/home/matthew/nav2_ws/build/nav2_collision_monitor': AMENT_PREFIX_PATH=/home/matthew/nav2_ws/install/nav2_costmap_2d:/home/matthew/nav2_ws/install/nav2_map_server:/home/matthew/nav2_ws/install/nav2_lifecycle_manager:/home/matthew/nav2_ws/install/nav2_util:/home/matthew/nav2_ws/install/nav2_voxel_grid:/home/matthew/nav2_ws/install/nav2_msgs:/home/matthew/nav2_ws/install/nav2_common:${AMENT_PREFIX_PATH} CMAKE_PREFIX_PATH=/home/matthew/nav2_ws/install/nav2_costmap_2d:/home/matthew/nav2_ws/install/nav2_map_server:/home/matthew/nav2_ws/install/nav2_lifecycle_manager:/home/matthew/nav2_ws/install/nav2_util:/home/matthew/nav2_ws/install/nav2_voxel_grid:/home/matthew/nav2_ws/install/nav2_msgs:/home/matthew/nav2_ws/install/nav2_common:/home/matthew/ros2_ws/install/ros2_laser_scan_matcher:/home/matthew/ros2_ws/install/opennav_docking_core:/home/matthew/ros2_ws/install/my_robot_description:/home/matthew/ros2_ws/install/map_msgs:/home/matthew/ros2_ws/install/fake_odometry:/home/matthew/ros2_ws/install/dwb_msgs:/home/matthew/ros2_ws/install/csm:/opt/ros/iron LD_LIBRARY_PATH=/home/matthew/nav2_ws/install/nav2_costmap_2d/lib:/home/matthew/nav2_ws/install/nav2_map_server/lib:/home/matthew/nav2_ws/install/nav2_lifecycle_manager/lib:/home/matthew/nav2_ws/install/nav2_util/lib:/home/matthew/nav2_ws/install/nav2_voxel_grid/lib:/home/matthew/nav2_ws/install/nav2_msgs/lib:${LD_LIBRARY_PATH} PYTHONPATH=/home/matthew/nav2_ws/install/nav2_msgs/lib/python3.10/site-packages:/home/matthew/nav2_ws/install/nav2_common/lib/python3.10/site-packages:${PYTHONPATH} /usr/bin/cmake --install /home/matthew/nav2_ws/build/nav2_collision_monitor
[0.454s] -- Install configuration: "Release"
[0.454s] -- Execute custom install script
[0.455s] -- Up-to-date symlink: /home/matthew/nav2_ws/install/nav2_collision_monitor/lib/libcollision_monitor_core.so
[0.455s] -- Up-to-date symlink: /home/matthew/nav2_ws/install/nav2_collision_monitor/lib/libcollision_detector_core.so
[0.456s] -- Up-to-date symlink: /home/matthew/nav2_ws/install/nav2_collision_monitor/lib/nav2_collision_monitor/collision_monitor
[0.456s] -- Up-to-date symlink: /home/matthew/nav2_ws/install/nav2_collision_monitor/lib/nav2_collision_monitor/collision_detector
[0.457s] -- Up-to-date symlink: /home/matthew/nav2_ws/install/nav2_collision_monitor/include//nav2_collision_monitor/circle.hpp
[0.457s] -- Up-to-date symlink: /home/matthew/nav2_ws/install/nav2_collision_monitor/include//nav2_collision_monitor/collision_detector_node.hpp
[0.457s] -- Up-to-date symlink: /home/matthew/nav2_ws/install/nav2_collision_monitor/include//nav2_collision_monitor/collision_monitor_node.hpp
[0.457s] -- Up-to-date symlink: /home/matthew/nav2_ws/install/nav2_collision_monitor/include//nav2_collision_monitor/kinematics.hpp
[0.458s] -- Up-to-date symlink: /home/matthew/nav2_ws/install/nav2_collision_monitor/include//nav2_collision_monitor/pointcloud.hpp
[0.458s] -- Up-to-date symlink: /home/matthew/nav2_ws/install/nav2_collision_monitor/include//nav2_collision_monitor/polygon.hpp
[0.458s] -- Up-to-date symlink: /home/matthew/nav2_ws/install/nav2_collision_monitor/include//nav2_collision_monitor/range.hpp
[0.458s] -- Up-to-date symlink: /home/matthew/nav2_ws/install/nav2_collision_monitor/include//nav2_collision_monitor/scan.hpp
[0.459s] -- Up-to-date symlink: /home/matthew/nav2_ws/install/nav2_collision_monitor/include//nav2_collision_monitor/source.hpp
[0.459s] -- Up-to-date symlink: /home/matthew/nav2_ws/install/nav2_collision_monitor/include//nav2_collision_monitor/types.hpp
[0.459s] -- Up-to-date symlink: /home/matthew/nav2_ws/install/nav2_collision_monitor/share/nav2_collision_monitor/launch/collision_detector_node.launch.py
[0.460s] -- Up-to-date symlink: /home/matthew/nav2_ws/install/nav2_collision_monitor/share/nav2_collision_monitor/launch/collision_monitor_node.launch.py
[0.460s] -- Up-to-date symlink: /home/matthew/nav2_ws/install/nav2_collision_monitor/share/nav2_collision_monitor/params/collision_detector_params.yaml
[0.461s] -- Up-to-date symlink: /home/matthew/nav2_ws/install/nav2_collision_monitor/share/nav2_collision_monitor/params/collision_monitor_params.yaml
[0.461s] -- Up-to-date symlink: /home/matthew/nav2_ws/install/nav2_collision_monitor/share/nav2_collision_monitor/environment/library_path.sh
[0.461s] -- Up-to-date symlink: /home/matthew/nav2_ws/install/nav2_collision_monitor/share/nav2_collision_monitor/environment/library_path.dsv
[0.462s] -- Up-to-date symlink: /home/matthew/nav2_ws/install/nav2_collision_monitor/share/ament_index/resource_index/package_run_dependencies/nav2_collision_monitor
[0.463s] -- Up-to-date symlink: /home/matthew/nav2_ws/install/nav2_collision_monitor/share/ament_index/resource_index/parent_prefix_path/nav2_collision_monitor
[0.464s] -- Up-to-date symlink: /home/matthew/nav2_ws/install/nav2_collision_monitor/share/nav2_collision_monitor/environment/ament_prefix_path.sh
[0.464s] -- Up-to-date symlink: /home/matthew/nav2_ws/install/nav2_collision_monitor/share/nav2_collision_monitor/environment/ament_prefix_path.dsv
[0.464s] -- Up-to-date symlink: /home/matthew/nav2_ws/install/nav2_collision_monitor/share/nav2_collision_monitor/environment/path.sh
[0.465s] -- Up-to-date symlink: /home/matthew/nav2_ws/install/nav2_collision_monitor/share/nav2_collision_monitor/environment/path.dsv
[0.467s] -- Up-to-date symlink: /home/matthew/nav2_ws/install/nav2_collision_monitor/share/nav2_collision_monitor/local_setup.bash
[0.467s] -- Up-to-date symlink: /home/matthew/nav2_ws/install/nav2_collision_monitor/share/nav2_collision_monitor/local_setup.sh
[0.468s] -- Up-to-date symlink: /home/matthew/nav2_ws/install/nav2_collision_monitor/share/nav2_collision_monitor/local_setup.zsh
[0.469s] -- Up-to-date symlink: /home/matthew/nav2_ws/install/nav2_collision_monitor/share/nav2_collision_monitor/local_setup.dsv
[0.469s] -- Symlinking: /home/matthew/nav2_ws/install/nav2_collision_monitor/share/nav2_collision_monitor/package.dsv
[0.484s] -- Up-to-date symlink: /home/matthew/nav2_ws/install/nav2_collision_monitor/share/ament_index/resource_index/packages/nav2_collision_monitor
[0.484s] -- Up-to-date symlink: /home/matthew/nav2_ws/install/nav2_collision_monitor/share/ament_index/resource_index/rclcpp_components/nav2_collision_monitor
[0.485s] -- Up-to-date symlink: /home/matthew/nav2_ws/install/nav2_collision_monitor/share/nav2_collision_monitor/cmake/ament_cmake_export_include_directories-extras.cmake
[0.485s] -- Up-to-date symlink: /home/matthew/nav2_ws/install/nav2_collision_monitor/share/nav2_collision_monitor/cmake/ament_cmake_export_libraries-extras.cmake
[0.486s] -- Up-to-date symlink: /home/matthew/nav2_ws/install/nav2_collision_monitor/share/nav2_collision_monitor/cmake/ament_cmake_export_dependencies-extras.cmake
[0.486s] -- Up-to-date symlink: /home/matthew/nav2_ws/install/nav2_collision_monitor/share/nav2_collision_monitor/cmake/nav2_collision_monitorConfig.cmake
[0.487s] -- Up-to-date symlink: /home/matthew/nav2_ws/install/nav2_collision_monitor/share/nav2_collision_monitor/cmake/nav2_collision_monitorConfig-version.cmake
[0.487s] -- Up-to-date symlink: /home/matthew/nav2_ws/install/nav2_collision_monitor/share/nav2_collision_monitor/package.xml
[0.493s] Invoked command in '/home/matthew/nav2_ws/build/nav2_collision_monitor' returned '0': AMENT_PREFIX_PATH=/home/matthew/nav2_ws/install/nav2_costmap_2d:/home/matthew/nav2_ws/install/nav2_map_server:/home/matthew/nav2_ws/install/nav2_lifecycle_manager:/home/matthew/nav2_ws/install/nav2_util:/home/matthew/nav2_ws/install/nav2_voxel_grid:/home/matthew/nav2_ws/install/nav2_msgs:/home/matthew/nav2_ws/install/nav2_common:${AMENT_PREFIX_PATH} CMAKE_PREFIX_PATH=/home/matthew/nav2_ws/install/nav2_costmap_2d:/home/matthew/nav2_ws/install/nav2_map_server:/home/matthew/nav2_ws/install/nav2_lifecycle_manager:/home/matthew/nav2_ws/install/nav2_util:/home/matthew/nav2_ws/install/nav2_voxel_grid:/home/matthew/nav2_ws/install/nav2_msgs:/home/matthew/nav2_ws/install/nav2_common:/home/matthew/ros2_ws/install/ros2_laser_scan_matcher:/home/matthew/ros2_ws/install/opennav_docking_core:/home/matthew/ros2_ws/install/my_robot_description:/home/matthew/ros2_ws/install/map_msgs:/home/matthew/ros2_ws/install/fake_odometry:/home/matthew/ros2_ws/install/dwb_msgs:/home/matthew/ros2_ws/install/csm:/opt/ros/iron LD_LIBRARY_PATH=/home/matthew/nav2_ws/install/nav2_costmap_2d/lib:/home/matthew/nav2_ws/install/nav2_map_server/lib:/home/matthew/nav2_ws/install/nav2_lifecycle_manager/lib:/home/matthew/nav2_ws/install/nav2_util/lib:/home/matthew/nav2_ws/install/nav2_voxel_grid/lib:/home/matthew/nav2_ws/install/nav2_msgs/lib:${LD_LIBRARY_PATH} PYTHONPATH=/home/matthew/nav2_ws/install/nav2_msgs/lib/python3.10/site-packages:/home/matthew/nav2_ws/install/nav2_common/lib/python3.10/site-packages:${PYTHONPATH} /usr/bin/cmake --install /home/matthew/nav2_ws/build/nav2_collision_monitor
