[0.237s] DEBUG:colcon:Command line arguments: ['/usr/bin/colcon', 'build']
[0.238s] DEBUG:colcon:Parsed command line arguments: Namespace(log_base=None, log_level=None, verb_name='build', build_base='build', install_base='install', merge_install=False, symlink_install=False, test_result_base=None, continue_on_error=False, executor='parallel', parallel_workers=6, event_handlers=None, ignore_user_meta=False, metas=['./colcon.meta'], base_paths=['.'], packages_ignore=None, packages_ignore_regex=None, paths=None, packages_up_to=None, packages_up_to_regex=None, packages_above=None, packages_above_and_dependencies=None, packages_above_depth=None, packages_select_by_dep=None, packages_skip_by_dep=None, packages_skip_up_to=None, packages_select_build_failed=False, packages_skip_build_finished=False, packages_select_test_failures=False, packages_skip_test_passed=False, packages_select=None, packages_skip=None, packages_select_regex=None, packages_skip_regex=None, packages_start=None, packages_end=None, allow_overriding=[], cmake_args=None, cmake_target=None, cmake_target_skip_unavailable=False, cmake_clean_cache=False, cmake_clean_first=False, cmake_force_configure=False, ament_cmake_args=None, catkin_cmake_args=None, catkin_skip_building_tests=False, mixin_files=None, mixin=None, verb_parser=<colcon_mixin.mixin.mixin_argument.MixinArgumentDecorator object at 0xffff95d011b0>, verb_extension=<colcon_core.verb.build.BuildVerb object at 0xffff95d00760>, main=<bound method BuildVerb.main of <colcon_core.verb.build.BuildVerb object at 0xffff95d00760>>, mixin_verb=('build',))
[0.607s] Level 1:colcon.colcon_core.package_discovery:discover_packages(colcon_meta) check parameters
[0.607s] Level 1:colcon.colcon_core.package_discovery:discover_packages(recursive) check parameters
[0.607s] Level 1:colcon.colcon_core.package_discovery:discover_packages(ignore) check parameters
[0.607s] Level 1:colcon.colcon_core.package_discovery:discover_packages(path) check parameters
[0.608s] Level 1:colcon.colcon_core.package_discovery:discover_packages(colcon_meta) discover
[0.608s] Level 1:colcon.colcon_core.package_discovery:discover_packages(recursive) discover
[0.608s] INFO:colcon.colcon_core.package_discovery:Crawling recursively for packages in '/home/matthew/ros2_ws'
[0.608s] Level 1:colcon.colcon_core.package_identification:_identify(.) by extensions ['ignore', 'ignore_ament_install']
[0.608s] Level 1:colcon.colcon_core.package_identification:_identify(.) by extension 'ignore'
[0.609s] Level 1:colcon.colcon_core.package_identification:_identify(.) by extension 'ignore_ament_install'
[0.609s] Level 1:colcon.colcon_core.package_identification:_identify(.) by extensions ['colcon_pkg']
[0.609s] Level 1:colcon.colcon_core.package_identification:_identify(.) by extension 'colcon_pkg'
[0.609s] Level 1:colcon.colcon_core.package_identification:_identify(.) by extensions ['colcon_meta']
[0.609s] Level 1:colcon.colcon_core.package_identification:_identify(.) by extension 'colcon_meta'
[0.609s] Level 1:colcon.colcon_core.package_identification:_identify(.) by extensions ['ros']
[0.609s] Level 1:colcon.colcon_core.package_identification:_identify(.) by extension 'ros'
[0.631s] Level 1:colcon.colcon_core.package_identification:_identify(.) by extensions ['cmake', 'python']
[0.632s] Level 1:colcon.colcon_core.package_identification:_identify(.) by extension 'cmake'
[0.632s] Level 1:colcon.colcon_core.package_identification:_identify(.) by extension 'python'
[0.632s] Level 1:colcon.colcon_core.package_identification:_identify(.) by extensions ['python_setup_py']
[0.632s] Level 1:colcon.colcon_core.package_identification:_identify(.) by extension 'python_setup_py'
[0.632s] Level 1:colcon.colcon_core.package_identification:_identify(build) by extensions ['ignore', 'ignore_ament_install']
[0.633s] Level 1:colcon.colcon_core.package_identification:_identify(build) by extension 'ignore'
[0.633s] Level 1:colcon.colcon_core.package_identification:_identify(build) ignored
[0.633s] Level 1:colcon.colcon_core.package_identification:_identify(install) by extensions ['ignore', 'ignore_ament_install']
[0.633s] Level 1:colcon.colcon_core.package_identification:_identify(install) by extension 'ignore'
[0.633s] Level 1:colcon.colcon_core.package_identification:_identify(install) ignored
[0.634s] Level 1:colcon.colcon_core.package_identification:_identify(log) by extensions ['ignore', 'ignore_ament_install']
[0.634s] Level 1:colcon.colcon_core.package_identification:_identify(log) by extension 'ignore'
[0.634s] Level 1:colcon.colcon_core.package_identification:_identify(log) ignored
[0.634s] Level 1:colcon.colcon_core.package_identification:_identify(src) by extensions ['ignore', 'ignore_ament_install']
[0.634s] Level 1:colcon.colcon_core.package_identification:_identify(src) by extension 'ignore'
[0.634s] Level 1:colcon.colcon_core.package_identification:_identify(src) by extension 'ignore_ament_install'
[0.634s] Level 1:colcon.colcon_core.package_identification:_identify(src) by extensions ['colcon_pkg']
[0.635s] Level 1:colcon.colcon_core.package_identification:_identify(src) by extension 'colcon_pkg'
[0.635s] Level 1:colcon.colcon_core.package_identification:_identify(src) by extensions ['colcon_meta']
[0.635s] Level 1:colcon.colcon_core.package_identification:_identify(src) by extension 'colcon_meta'
[0.635s] Level 1:colcon.colcon_core.package_identification:_identify(src) by extensions ['ros']
[0.635s] Level 1:colcon.colcon_core.package_identification:_identify(src) by extension 'ros'
[0.635s] Level 1:colcon.colcon_core.package_identification:_identify(src) by extensions ['cmake', 'python']
[0.635s] Level 1:colcon.colcon_core.package_identification:_identify(src) by extension 'cmake'
[0.635s] Level 1:colcon.colcon_core.package_identification:_identify(src) by extension 'python'
[0.635s] Level 1:colcon.colcon_core.package_identification:_identify(src) by extensions ['python_setup_py']
[0.635s] Level 1:colcon.colcon_core.package_identification:_identify(src) by extension 'python_setup_py'
[0.636s] Level 1:colcon.colcon_core.package_identification:_identify(src/build) by extensions ['ignore', 'ignore_ament_install']
[0.636s] Level 1:colcon.colcon_core.package_identification:_identify(src/build) by extension 'ignore'
[0.636s] Level 1:colcon.colcon_core.package_identification:_identify(src/build) ignored
[0.636s] Level 1:colcon.colcon_core.package_identification:_identify(src/csm) by extensions ['ignore', 'ignore_ament_install']
[0.636s] Level 1:colcon.colcon_core.package_identification:_identify(src/csm) by extension 'ignore'
[0.636s] Level 1:colcon.colcon_core.package_identification:_identify(src/csm) by extension 'ignore_ament_install'
[0.636s] Level 1:colcon.colcon_core.package_identification:_identify(src/csm) by extensions ['colcon_pkg']
[0.636s] Level 1:colcon.colcon_core.package_identification:_identify(src/csm) by extension 'colcon_pkg'
[0.637s] Level 1:colcon.colcon_core.package_identification:_identify(src/csm) by extensions ['colcon_meta']
[0.637s] Level 1:colcon.colcon_core.package_identification:_identify(src/csm) by extension 'colcon_meta'
[0.637s] Level 1:colcon.colcon_core.package_identification:_identify(src/csm) by extensions ['ros']
[0.637s] Level 1:colcon.colcon_core.package_identification:_identify(src/csm) by extension 'ros'
[0.642s] DEBUG:colcon.colcon_core.package_identification:Package 'src/csm' with type 'ros.ament_cmake' and name 'csm'
[0.643s] Level 1:colcon.colcon_core.package_identification:_identify(src/install) by extensions ['ignore', 'ignore_ament_install']
[0.643s] Level 1:colcon.colcon_core.package_identification:_identify(src/install) by extension 'ignore'
[0.643s] Level 1:colcon.colcon_core.package_identification:_identify(src/install) ignored
[0.643s] Level 1:colcon.colcon_core.package_identification:_identify(src/log) by extensions ['ignore', 'ignore_ament_install']
[0.643s] Level 1:colcon.colcon_core.package_identification:_identify(src/log) by extension 'ignore'
[0.643s] Level 1:colcon.colcon_core.package_identification:_identify(src/log) ignored
[0.644s] Level 1:colcon.colcon_core.package_identification:_identify(src/motorcontrol) by extensions ['ignore', 'ignore_ament_install']
[0.644s] Level 1:colcon.colcon_core.package_identification:_identify(src/motorcontrol) by extension 'ignore'
[0.644s] Level 1:colcon.colcon_core.package_identification:_identify(src/motorcontrol) by extension 'ignore_ament_install'
[0.644s] Level 1:colcon.colcon_core.package_identification:_identify(src/motorcontrol) by extensions ['colcon_pkg']
[0.644s] Level 1:colcon.colcon_core.package_identification:_identify(src/motorcontrol) by extension 'colcon_pkg'
[0.644s] Level 1:colcon.colcon_core.package_identification:_identify(src/motorcontrol) by extensions ['colcon_meta']
[0.644s] Level 1:colcon.colcon_core.package_identification:_identify(src/motorcontrol) by extension 'colcon_meta'
[0.644s] Level 1:colcon.colcon_core.package_identification:_identify(src/motorcontrol) by extensions ['ros']
[0.644s] Level 1:colcon.colcon_core.package_identification:_identify(src/motorcontrol) by extension 'ros'
[0.645s] DEBUG:colcon.colcon_core.package_identification:Package 'src/motorcontrol' with type 'ros.ament_python' and name 'motorcontrol'
[0.646s] Level 1:colcon.colcon_core.package_identification:_identify(src/my_robot_description) by extensions ['ignore', 'ignore_ament_install']
[0.646s] Level 1:colcon.colcon_core.package_identification:_identify(src/my_robot_description) by extension 'ignore'
[0.646s] Level 1:colcon.colcon_core.package_identification:_identify(src/my_robot_description) by extension 'ignore_ament_install'
[0.646s] Level 1:colcon.colcon_core.package_identification:_identify(src/my_robot_description) by extensions ['colcon_pkg']
[0.646s] Level 1:colcon.colcon_core.package_identification:_identify(src/my_robot_description) by extension 'colcon_pkg'
[0.646s] Level 1:colcon.colcon_core.package_identification:_identify(src/my_robot_description) by extensions ['colcon_meta']
[0.646s] Level 1:colcon.colcon_core.package_identification:_identify(src/my_robot_description) by extension 'colcon_meta'
[0.646s] Level 1:colcon.colcon_core.package_identification:_identify(src/my_robot_description) by extensions ['ros']
[0.647s] Level 1:colcon.colcon_core.package_identification:_identify(src/my_robot_description) by extension 'ros'
[0.648s] DEBUG:colcon.colcon_core.package_identification:Package 'src/my_robot_description' with type 'ros.ament_cmake' and name 'my_robot_description'
[0.648s] Level 1:colcon.colcon_core.package_identification:_identify(src/ros2_laser_scan_matcher) by extensions ['ignore', 'ignore_ament_install']
[0.648s] Level 1:colcon.colcon_core.package_identification:_identify(src/ros2_laser_scan_matcher) by extension 'ignore'
[0.648s] Level 1:colcon.colcon_core.package_identification:_identify(src/ros2_laser_scan_matcher) by extension 'ignore_ament_install'
[0.648s] Level 1:colcon.colcon_core.package_identification:_identify(src/ros2_laser_scan_matcher) by extensions ['colcon_pkg']
[0.648s] Level 1:colcon.colcon_core.package_identification:_identify(src/ros2_laser_scan_matcher) by extension 'colcon_pkg'
[0.649s] Level 1:colcon.colcon_core.package_identification:_identify(src/ros2_laser_scan_matcher) by extensions ['colcon_meta']
[0.649s] Level 1:colcon.colcon_core.package_identification:_identify(src/ros2_laser_scan_matcher) by extension 'colcon_meta'
[0.649s] Level 1:colcon.colcon_core.package_identification:_identify(src/ros2_laser_scan_matcher) by extensions ['ros']
[0.649s] Level 1:colcon.colcon_core.package_identification:_identify(src/ros2_laser_scan_matcher) by extension 'ros'
[0.650s] DEBUG:colcon.colcon_core.package_identification:Package 'src/ros2_laser_scan_matcher' with type 'ros.ament_cmake' and name 'ros2_laser_scan_matcher'
[0.650s] Level 1:colcon.colcon_core.package_identification:_identify(src/rviz) by extensions ['ignore', 'ignore_ament_install']
[0.650s] Level 1:colcon.colcon_core.package_identification:_identify(src/rviz) by extension 'ignore'
[0.651s] Level 1:colcon.colcon_core.package_identification:_identify(src/rviz) by extension 'ignore_ament_install'
[0.651s] Level 1:colcon.colcon_core.package_identification:_identify(src/rviz) by extensions ['colcon_pkg']
[0.651s] Level 1:colcon.colcon_core.package_identification:_identify(src/rviz) by extension 'colcon_pkg'
[0.651s] Level 1:colcon.colcon_core.package_identification:_identify(src/rviz) by extensions ['colcon_meta']
[0.651s] Level 1:colcon.colcon_core.package_identification:_identify(src/rviz) by extension 'colcon_meta'
[0.651s] Level 1:colcon.colcon_core.package_identification:_identify(src/rviz) by extensions ['ros']
[0.651s] Level 1:colcon.colcon_core.package_identification:_identify(src/rviz) by extension 'ros'
[0.651s] Level 1:colcon.colcon_core.package_identification:_identify(src/rviz) by extensions ['cmake', 'python']
[0.651s] Level 1:colcon.colcon_core.package_identification:_identify(src/rviz) by extension 'cmake'
[0.651s] Level 1:colcon.colcon_core.package_identification:_identify(src/rviz) by extension 'python'
[0.651s] Level 1:colcon.colcon_core.package_identification:_identify(src/rviz) by extensions ['python_setup_py']
[0.652s] Level 1:colcon.colcon_core.package_identification:_identify(src/rviz) by extension 'python_setup_py'
[0.652s] Level 1:colcon.colcon_core.package_identification:_identify(src/static_tf) by extensions ['ignore', 'ignore_ament_install']
[0.652s] Level 1:colcon.colcon_core.package_identification:_identify(src/static_tf) by extension 'ignore'
[0.652s] Level 1:colcon.colcon_core.package_identification:_identify(src/static_tf) by extension 'ignore_ament_install'
[0.652s] Level 1:colcon.colcon_core.package_identification:_identify(src/static_tf) by extensions ['colcon_pkg']
[0.652s] Level 1:colcon.colcon_core.package_identification:_identify(src/static_tf) by extension 'colcon_pkg'
[0.652s] Level 1:colcon.colcon_core.package_identification:_identify(src/static_tf) by extensions ['colcon_meta']
[0.652s] Level 1:colcon.colcon_core.package_identification:_identify(src/static_tf) by extension 'colcon_meta'
[0.652s] Level 1:colcon.colcon_core.package_identification:_identify(src/static_tf) by extensions ['ros']
[0.653s] Level 1:colcon.colcon_core.package_identification:_identify(src/static_tf) by extension 'ros'
[0.657s] DEBUG:colcon.colcon_core.package_identification:Package 'src/static_tf' with type 'ros.ament_python' and name 'static_tf'
[0.657s] Level 1:colcon.colcon_core.package_identification:_identify(src/status_display) by extensions ['ignore', 'ignore_ament_install']
[0.657s] Level 1:colcon.colcon_core.package_identification:_identify(src/status_display) by extension 'ignore'
[0.657s] Level 1:colcon.colcon_core.package_identification:_identify(src/status_display) by extension 'ignore_ament_install'
[0.657s] Level 1:colcon.colcon_core.package_identification:_identify(src/status_display) by extensions ['colcon_pkg']
[0.658s] Level 1:colcon.colcon_core.package_identification:_identify(src/status_display) by extension 'colcon_pkg'
[0.658s] Level 1:colcon.colcon_core.package_identification:_identify(src/status_display) by extensions ['colcon_meta']
[0.658s] Level 1:colcon.colcon_core.package_identification:_identify(src/status_display) by extension 'colcon_meta'
[0.658s] Level 1:colcon.colcon_core.package_identification:_identify(src/status_display) by extensions ['ros']
[0.658s] Level 1:colcon.colcon_core.package_identification:_identify(src/status_display) by extension 'ros'
[0.659s] DEBUG:colcon.colcon_core.package_identification:Package 'src/status_display' with type 'ros.ament_python' and name 'status_display'
[0.659s] Level 1:colcon.colcon_core.package_identification:_identify(src/status_display_msgs) by extensions ['ignore', 'ignore_ament_install']
[0.659s] Level 1:colcon.colcon_core.package_identification:_identify(src/status_display_msgs) by extension 'ignore'
[0.660s] Level 1:colcon.colcon_core.package_identification:_identify(src/status_display_msgs) by extension 'ignore_ament_install'
[0.660s] Level 1:colcon.colcon_core.package_identification:_identify(src/status_display_msgs) by extensions ['colcon_pkg']
[0.660s] Level 1:colcon.colcon_core.package_identification:_identify(src/status_display_msgs) by extension 'colcon_pkg'
[0.660s] Level 1:colcon.colcon_core.package_identification:_identify(src/status_display_msgs) by extensions ['colcon_meta']
[0.660s] Level 1:colcon.colcon_core.package_identification:_identify(src/status_display_msgs) by extension 'colcon_meta'
[0.660s] Level 1:colcon.colcon_core.package_identification:_identify(src/status_display_msgs) by extensions ['ros']
[0.660s] Level 1:colcon.colcon_core.package_identification:_identify(src/status_display_msgs) by extension 'ros'
[0.661s] DEBUG:colcon.colcon_core.package_identification:Package 'src/status_display_msgs' with type 'ros.ament_cmake' and name 'status_display_msgs'
[0.661s] Level 1:colcon.colcon_core.package_discovery:discover_packages(recursive) using defaults
[0.661s] Level 1:colcon.colcon_core.package_discovery:discover_packages(ignore) discover
[0.661s] Level 1:colcon.colcon_core.package_discovery:discover_packages(ignore) using defaults
[0.661s] Level 1:colcon.colcon_core.package_discovery:discover_packages(path) discover
[0.662s] Level 1:colcon.colcon_core.package_discovery:discover_packages(path) using defaults
[0.733s] Level 1:colcon.colcon_core.package_discovery:discover_packages(prefix_path) check parameters
[0.733s] Level 1:colcon.colcon_core.package_discovery:discover_packages(prefix_path) discover
[0.739s] DEBUG:colcon.colcon_installed_package_information.package_discovery:Found 349 installed packages in /opt/ros/iron
[0.742s] Level 1:colcon.colcon_core.package_discovery:discover_packages(prefix_path) using defaults
[0.843s] Level 5:colcon.colcon_core.verb:set package 'csm' build argument 'cmake_args' from command line to 'None'
[0.844s] Level 5:colcon.colcon_core.verb:set package 'csm' build argument 'cmake_target' from command line to 'None'
[0.844s] Level 5:colcon.colcon_core.verb:set package 'csm' build argument 'cmake_target_skip_unavailable' from command line to 'False'
[0.844s] Level 5:colcon.colcon_core.verb:set package 'csm' build argument 'cmake_clean_cache' from command line to 'False'
[0.844s] Level 5:colcon.colcon_core.verb:set package 'csm' build argument 'cmake_clean_first' from command line to 'False'
[0.844s] Level 5:colcon.colcon_core.verb:set package 'csm' build argument 'cmake_force_configure' from command line to 'False'
[0.844s] Level 5:colcon.colcon_core.verb:set package 'csm' build argument 'ament_cmake_args' from command line to 'None'
[0.844s] Level 5:colcon.colcon_core.verb:set package 'csm' build argument 'catkin_cmake_args' from command line to 'None'
[0.844s] Level 5:colcon.colcon_core.verb:set package 'csm' build argument 'catkin_skip_building_tests' from command line to 'False'
[0.844s] DEBUG:colcon.colcon_core.verb:Building package 'csm' with the following arguments: {'ament_cmake_args': None, 'build_base': '/home/matthew/ros2_ws/build/csm', 'catkin_cmake_args': None, 'catkin_skip_building_tests': False, 'cmake_args': None, 'cmake_clean_cache': False, 'cmake_clean_first': False, 'cmake_force_configure': False, 'cmake_target': None, 'cmake_target_skip_unavailable': False, 'install_base': '/home/matthew/ros2_ws/install/csm', 'merge_install': False, 'path': '/home/matthew/ros2_ws/src/csm', 'symlink_install': False, 'test_result_base': None}
[0.845s] Level 5:colcon.colcon_core.verb:set package 'motorcontrol' build argument 'cmake_args' from command line to 'None'
[0.845s] Level 5:colcon.colcon_core.verb:set package 'motorcontrol' build argument 'cmake_target' from command line to 'None'
[0.845s] Level 5:colcon.colcon_core.verb:set package 'motorcontrol' build argument 'cmake_target_skip_unavailable' from command line to 'False'
[0.845s] Level 5:colcon.colcon_core.verb:set package 'motorcontrol' build argument 'cmake_clean_cache' from command line to 'False'
[0.845s] Level 5:colcon.colcon_core.verb:set package 'motorcontrol' build argument 'cmake_clean_first' from command line to 'False'
[0.845s] Level 5:colcon.colcon_core.verb:set package 'motorcontrol' build argument 'cmake_force_configure' from command line to 'False'
[0.845s] Level 5:colcon.colcon_core.verb:set package 'motorcontrol' build argument 'ament_cmake_args' from command line to 'None'
[0.845s] Level 5:colcon.colcon_core.verb:set package 'motorcontrol' build argument 'catkin_cmake_args' from command line to 'None'
[0.845s] Level 5:colcon.colcon_core.verb:set package 'motorcontrol' build argument 'catkin_skip_building_tests' from command line to 'False'
[0.845s] DEBUG:colcon.colcon_core.verb:Building package 'motorcontrol' with the following arguments: {'ament_cmake_args': None, 'build_base': '/home/matthew/ros2_ws/build/motorcontrol', 'catkin_cmake_args': None, 'catkin_skip_building_tests': False, 'cmake_args': None, 'cmake_clean_cache': False, 'cmake_clean_first': False, 'cmake_force_configure': False, 'cmake_target': None, 'cmake_target_skip_unavailable': False, 'install_base': '/home/matthew/ros2_ws/install/motorcontrol', 'merge_install': False, 'path': '/home/matthew/ros2_ws/src/motorcontrol', 'symlink_install': False, 'test_result_base': None}
[0.846s] Level 5:colcon.colcon_core.verb:set package 'my_robot_description' build argument 'cmake_args' from command line to 'None'
[0.846s] Level 5:colcon.colcon_core.verb:set package 'my_robot_description' build argument 'cmake_target' from command line to 'None'
[0.846s] Level 5:colcon.colcon_core.verb:set package 'my_robot_description' build argument 'cmake_target_skip_unavailable' from command line to 'False'
[0.846s] Level 5:colcon.colcon_core.verb:set package 'my_robot_description' build argument 'cmake_clean_cache' from command line to 'False'
[0.846s] Level 5:colcon.colcon_core.verb:set package 'my_robot_description' build argument 'cmake_clean_first' from command line to 'False'
[0.846s] Level 5:colcon.colcon_core.verb:set package 'my_robot_description' build argument 'cmake_force_configure' from command line to 'False'
[0.846s] Level 5:colcon.colcon_core.verb:set package 'my_robot_description' build argument 'ament_cmake_args' from command line to 'None'
[0.846s] Level 5:colcon.colcon_core.verb:set package 'my_robot_description' build argument 'catkin_cmake_args' from command line to 'None'
[0.846s] Level 5:colcon.colcon_core.verb:set package 'my_robot_description' build argument 'catkin_skip_building_tests' from command line to 'False'
[0.846s] DEBUG:colcon.colcon_core.verb:Building package 'my_robot_description' with the following arguments: {'ament_cmake_args': None, 'build_base': '/home/matthew/ros2_ws/build/my_robot_description', 'catkin_cmake_args': None, 'catkin_skip_building_tests': False, 'cmake_args': None, 'cmake_clean_cache': False, 'cmake_clean_first': False, 'cmake_force_configure': False, 'cmake_target': None, 'cmake_target_skip_unavailable': False, 'install_base': '/home/matthew/ros2_ws/install/my_robot_description', 'merge_install': False, 'path': '/home/matthew/ros2_ws/src/my_robot_description', 'symlink_install': False, 'test_result_base': None}
[0.847s] Level 5:colcon.colcon_core.verb:set package 'static_tf' build argument 'cmake_args' from command line to 'None'
[0.847s] Level 5:colcon.colcon_core.verb:set package 'static_tf' build argument 'cmake_target' from command line to 'None'
[0.847s] Level 5:colcon.colcon_core.verb:set package 'static_tf' build argument 'cmake_target_skip_unavailable' from command line to 'False'
[0.847s] Level 5:colcon.colcon_core.verb:set package 'static_tf' build argument 'cmake_clean_cache' from command line to 'False'
[0.847s] Level 5:colcon.colcon_core.verb:set package 'static_tf' build argument 'cmake_clean_first' from command line to 'False'
[0.847s] Level 5:colcon.colcon_core.verb:set package 'static_tf' build argument 'cmake_force_configure' from command line to 'False'
[0.847s] Level 5:colcon.colcon_core.verb:set package 'static_tf' build argument 'ament_cmake_args' from command line to 'None'
[0.847s] Level 5:colcon.colcon_core.verb:set package 'static_tf' build argument 'catkin_cmake_args' from command line to 'None'
[0.847s] Level 5:colcon.colcon_core.verb:set package 'static_tf' build argument 'catkin_skip_building_tests' from command line to 'False'
[0.847s] DEBUG:colcon.colcon_core.verb:Building package 'static_tf' with the following arguments: {'ament_cmake_args': None, 'build_base': '/home/matthew/ros2_ws/build/static_tf', 'catkin_cmake_args': None, 'catkin_skip_building_tests': False, 'cmake_args': None, 'cmake_clean_cache': False, 'cmake_clean_first': False, 'cmake_force_configure': False, 'cmake_target': None, 'cmake_target_skip_unavailable': False, 'install_base': '/home/matthew/ros2_ws/install/static_tf', 'merge_install': False, 'path': '/home/matthew/ros2_ws/src/static_tf', 'symlink_install': False, 'test_result_base': None}
[0.848s] Level 5:colcon.colcon_core.verb:set package 'status_display_msgs' build argument 'cmake_args' from command line to 'None'
[0.848s] Level 5:colcon.colcon_core.verb:set package 'status_display_msgs' build argument 'cmake_target' from command line to 'None'
[0.848s] Level 5:colcon.colcon_core.verb:set package 'status_display_msgs' build argument 'cmake_target_skip_unavailable' from command line to 'False'
[0.848s] Level 5:colcon.colcon_core.verb:set package 'status_display_msgs' build argument 'cmake_clean_cache' from command line to 'False'
[0.848s] Level 5:colcon.colcon_core.verb:set package 'status_display_msgs' build argument 'cmake_clean_first' from command line to 'False'
[0.848s] Level 5:colcon.colcon_core.verb:set package 'status_display_msgs' build argument 'cmake_force_configure' from command line to 'False'
[0.848s] Level 5:colcon.colcon_core.verb:set package 'status_display_msgs' build argument 'ament_cmake_args' from command line to 'None'
[0.848s] Level 5:colcon.colcon_core.verb:set package 'status_display_msgs' build argument 'catkin_cmake_args' from command line to 'None'
[0.848s] Level 5:colcon.colcon_core.verb:set package 'status_display_msgs' build argument 'catkin_skip_building_tests' from command line to 'False'
[0.849s] DEBUG:colcon.colcon_core.verb:Building package 'status_display_msgs' with the following arguments: {'ament_cmake_args': None, 'build_base': '/home/matthew/ros2_ws/build/status_display_msgs', 'catkin_cmake_args': None, 'catkin_skip_building_tests': False, 'cmake_args': None, 'cmake_clean_cache': False, 'cmake_clean_first': False, 'cmake_force_configure': False, 'cmake_target': None, 'cmake_target_skip_unavailable': False, 'install_base': '/home/matthew/ros2_ws/install/status_display_msgs', 'merge_install': False, 'path': '/home/matthew/ros2_ws/src/status_display_msgs', 'symlink_install': False, 'test_result_base': None}
[0.849s] Level 5:colcon.colcon_core.verb:set package 'ros2_laser_scan_matcher' build argument 'cmake_args' from command line to 'None'
[0.849s] Level 5:colcon.colcon_core.verb:set package 'ros2_laser_scan_matcher' build argument 'cmake_target' from command line to 'None'
[0.849s] Level 5:colcon.colcon_core.verb:set package 'ros2_laser_scan_matcher' build argument 'cmake_target_skip_unavailable' from command line to 'False'
[0.849s] Level 5:colcon.colcon_core.verb:set package 'ros2_laser_scan_matcher' build argument 'cmake_clean_cache' from command line to 'False'
[0.849s] Level 5:colcon.colcon_core.verb:set package 'ros2_laser_scan_matcher' build argument 'cmake_clean_first' from command line to 'False'
[0.849s] Level 5:colcon.colcon_core.verb:set package 'ros2_laser_scan_matcher' build argument 'cmake_force_configure' from command line to 'False'
[0.849s] Level 5:colcon.colcon_core.verb:set package 'ros2_laser_scan_matcher' build argument 'ament_cmake_args' from command line to 'None'
[0.849s] Level 5:colcon.colcon_core.verb:set package 'ros2_laser_scan_matcher' build argument 'catkin_cmake_args' from command line to 'None'
[0.850s] Level 5:colcon.colcon_core.verb:set package 'ros2_laser_scan_matcher' build argument 'catkin_skip_building_tests' from command line to 'False'
[0.850s] DEBUG:colcon.colcon_core.verb:Building package 'ros2_laser_scan_matcher' with the following arguments: {'ament_cmake_args': None, 'build_base': '/home/matthew/ros2_ws/build/ros2_laser_scan_matcher', 'catkin_cmake_args': None, 'catkin_skip_building_tests': False, 'cmake_args': None, 'cmake_clean_cache': False, 'cmake_clean_first': False, 'cmake_force_configure': False, 'cmake_target': None, 'cmake_target_skip_unavailable': False, 'install_base': '/home/matthew/ros2_ws/install/ros2_laser_scan_matcher', 'merge_install': False, 'path': '/home/matthew/ros2_ws/src/ros2_laser_scan_matcher', 'symlink_install': False, 'test_result_base': None}
[0.850s] Level 5:colcon.colcon_core.verb:set package 'status_display' build argument 'cmake_args' from command line to 'None'
[0.850s] Level 5:colcon.colcon_core.verb:set package 'status_display' build argument 'cmake_target' from command line to 'None'
[0.850s] Level 5:colcon.colcon_core.verb:set package 'status_display' build argument 'cmake_target_skip_unavailable' from command line to 'False'
[0.850s] Level 5:colcon.colcon_core.verb:set package 'status_display' build argument 'cmake_clean_cache' from command line to 'False'
[0.850s] Level 5:colcon.colcon_core.verb:set package 'status_display' build argument 'cmake_clean_first' from command line to 'False'
[0.850s] Level 5:colcon.colcon_core.verb:set package 'status_display' build argument 'cmake_force_configure' from command line to 'False'
[0.850s] Level 5:colcon.colcon_core.verb:set package 'status_display' build argument 'ament_cmake_args' from command line to 'None'
[0.851s] Level 5:colcon.colcon_core.verb:set package 'status_display' build argument 'catkin_cmake_args' from command line to 'None'
[0.851s] Level 5:colcon.colcon_core.verb:set package 'status_display' build argument 'catkin_skip_building_tests' from command line to 'False'
[0.851s] DEBUG:colcon.colcon_core.verb:Building package 'status_display' with the following arguments: {'ament_cmake_args': None, 'build_base': '/home/matthew/ros2_ws/build/status_display', 'catkin_cmake_args': None, 'catkin_skip_building_tests': False, 'cmake_args': None, 'cmake_clean_cache': False, 'cmake_clean_first': False, 'cmake_force_configure': False, 'cmake_target': None, 'cmake_target_skip_unavailable': False, 'install_base': '/home/matthew/ros2_ws/install/status_display', 'merge_install': False, 'path': '/home/matthew/ros2_ws/src/status_display', 'symlink_install': False, 'test_result_base': None}
[0.851s] INFO:colcon.colcon_core.executor:Executing jobs using 'parallel' executor
[0.854s] DEBUG:colcon.colcon_parallel_executor.executor.parallel:run_until_complete
[0.854s] INFO:colcon.colcon_ros.task.ament_cmake.build:Building ROS package in '/home/matthew/ros2_ws/src/csm' with build type 'ament_cmake'
[0.854s] INFO:colcon.colcon_cmake.task.cmake.build:Building CMake package in '/home/matthew/ros2_ws/src/csm'
[0.859s] INFO:colcon.colcon_core.plugin_system:Skipping extension 'colcon_core.shell.bat': Not used on non-Windows systems
[0.860s] INFO:colcon.colcon_core.shell:Skip shell extension 'powershell' for command environment: Not usable outside of PowerShell
[0.860s] DEBUG:colcon.colcon_core.shell:Skip shell extension 'dsv' for command environment
[0.867s] INFO:colcon.colcon_ros.task.ament_cmake.build:Building ROS package in '/home/matthew/ros2_ws/src/status_display_msgs' with build type 'ament_cmake'
[0.867s] INFO:colcon.colcon_cmake.task.cmake.build:Building CMake package in '/home/matthew/ros2_ws/src/status_display_msgs'
[0.868s] INFO:colcon.colcon_core.shell:Skip shell extension 'powershell' for command environment: Not usable outside of PowerShell
[0.868s] DEBUG:colcon.colcon_core.shell:Skip shell extension 'dsv' for command environment
[0.874s] INFO:colcon.colcon_ros.task.ament_python.build:Building ROS package in '/home/matthew/ros2_ws/src/motorcontrol' with build type 'ament_python'
[0.874s] Level 1:colcon.colcon_core.shell:create_environment_hook('motorcontrol', 'ament_prefix_path')
[0.875s] INFO:colcon.colcon_core.shell:Creating environment hook '/home/matthew/ros2_ws/install/motorcontrol/share/motorcontrol/hook/ament_prefix_path.ps1'
[0.877s] INFO:colcon.colcon_core.shell:Creating environment descriptor '/home/matthew/ros2_ws/install/motorcontrol/share/motorcontrol/hook/ament_prefix_path.dsv'
[0.878s] INFO:colcon.colcon_core.shell:Creating environment hook '/home/matthew/ros2_ws/install/motorcontrol/share/motorcontrol/hook/ament_prefix_path.sh'
[0.880s] INFO:colcon.colcon_core.shell:Skip shell extension 'powershell' for command environment: Not usable outside of PowerShell
[0.880s] DEBUG:colcon.colcon_core.shell:Skip shell extension 'dsv' for command environment
[0.886s] INFO:colcon.colcon_ros.task.ament_cmake.build:Building ROS package in '/home/matthew/ros2_ws/src/my_robot_description' with build type 'ament_cmake'
[0.886s] INFO:colcon.colcon_cmake.task.cmake.build:Building CMake package in '/home/matthew/ros2_ws/src/my_robot_description'
[0.887s] INFO:colcon.colcon_core.shell:Skip shell extension 'powershell' for command environment: Not usable outside of PowerShell
[0.887s] DEBUG:colcon.colcon_core.shell:Skip shell extension 'dsv' for command environment
[0.893s] INFO:colcon.colcon_ros.task.ament_python.build:Building ROS package in '/home/matthew/ros2_ws/src/static_tf' with build type 'ament_python'
[0.893s] Level 1:colcon.colcon_core.shell:create_environment_hook('static_tf', 'ament_prefix_path')
[0.894s] INFO:colcon.colcon_core.shell:Creating environment hook '/home/matthew/ros2_ws/install/static_tf/share/static_tf/hook/ament_prefix_path.ps1'
[0.895s] INFO:colcon.colcon_core.shell:Creating environment descriptor '/home/matthew/ros2_ws/install/static_tf/share/static_tf/hook/ament_prefix_path.dsv'
[0.896s] INFO:colcon.colcon_core.shell:Creating environment hook '/home/matthew/ros2_ws/install/static_tf/share/static_tf/hook/ament_prefix_path.sh'
[0.897s] INFO:colcon.colcon_core.shell:Skip shell extension 'powershell' for command environment: Not usable outside of PowerShell
[0.897s] DEBUG:colcon.colcon_core.shell:Skip shell extension 'dsv' for command environment
[0.916s] DEBUG:colcon.colcon_core.event_handler.log_command:Invoking command in '/home/matthew/ros2_ws/build/csm': CMAKE_PREFIX_PATH=/opt/ros/iron /usr/bin/cmake /home/matthew/ros2_ws/src/csm -DCMAKE_INSTALL_PREFIX=/home/matthew/ros2_ws/install/csm
[0.922s] DEBUG:colcon.colcon_core.event_handler.log_command:Invoking command in '/home/matthew/ros2_ws/build/status_display_msgs': CMAKE_PREFIX_PATH=/opt/ros/iron /usr/bin/cmake /home/matthew/ros2_ws/src/status_display_msgs -DCMAKE_INSTALL_PREFIX=/home/matthew/ros2_ws/install/status_display_msgs
[1.587s] INFO:colcon.colcon_core.task.python.build:Building Python package in '/home/matthew/ros2_ws/src/motorcontrol'
[1.588s] INFO:colcon.colcon_core.shell:Skip shell extension 'powershell' for command environment: Not usable outside of PowerShell
[1.592s] DEBUG:colcon.colcon_core.shell:Skip shell extension 'dsv' for command environment
[1.602s] DEBUG:colcon.colcon_core.event_handler.log_command:Invoking command in '/home/matthew/ros2_ws/build/my_robot_description': CMAKE_PREFIX_PATH=/opt/ros/iron /usr/bin/cmake /home/matthew/ros2_ws/src/my_robot_description -DCMAKE_INSTALL_PREFIX=/home/matthew/ros2_ws/install/my_robot_description
[2.234s] INFO:colcon.colcon_core.task.python.build:Building Python package in '/home/matthew/ros2_ws/src/static_tf'
[2.234s] INFO:colcon.colcon_core.shell:Skip shell extension 'powershell' for command environment: Not usable outside of PowerShell
[2.235s] DEBUG:colcon.colcon_core.shell:Skip shell extension 'dsv' for command environment
[2.639s] DEBUG:colcon.colcon_core.event_handler.log_command:Invoked command in '/home/matthew/ros2_ws/build/csm' returned '0': CMAKE_PREFIX_PATH=/opt/ros/iron /usr/bin/cmake /home/matthew/ros2_ws/src/csm -DCMAKE_INSTALL_PREFIX=/home/matthew/ros2_ws/install/csm
[2.640s] DEBUG:colcon.colcon_core.event_handler.log_command:Invoking command in '/home/matthew/ros2_ws/build/csm': CMAKE_PREFIX_PATH=/opt/ros/iron /usr/bin/cmake --build /home/matthew/ros2_ws/build/csm -- -j6 -l6
[2.884s] DEBUG:colcon.colcon_core.event_handler.log_command:Invoked command in '/home/matthew/ros2_ws/build/csm' returned '0': CMAKE_PREFIX_PATH=/opt/ros/iron /usr/bin/cmake --build /home/matthew/ros2_ws/build/csm -- -j6 -l6
[2.903s] DEBUG:colcon.colcon_core.event_handler.log_command:Invoking command in '/home/matthew/ros2_ws/build/csm': CMAKE_PREFIX_PATH=/opt/ros/iron /usr/bin/cmake --install /home/matthew/ros2_ws/build/csm
[2.960s] Level 1:colcon.colcon_core.environment:create_environment_scripts_only(csm)
[2.965s] Level 1:colcon.colcon_core.environment:checking '/home/matthew/ros2_ws/install/csm' for CMake module files
[2.967s] Level 1:colcon.colcon_core.environment:checking '/home/matthew/ros2_ws/install/csm' for CMake config files
[2.967s] Level 1:colcon.colcon_core.shell:create_environment_hook('csm', 'cmake_prefix_path')
[2.968s] INFO:colcon.colcon_core.shell:Creating environment hook '/home/matthew/ros2_ws/install/csm/share/csm/hook/cmake_prefix_path.ps1'
[2.970s] DEBUG:colcon.colcon_core.event_handler.log_command:Invoked command in '/home/matthew/ros2_ws/build/csm' returned '0': CMAKE_PREFIX_PATH=/opt/ros/iron /usr/bin/cmake --install /home/matthew/ros2_ws/build/csm
[2.971s] INFO:colcon.colcon_core.shell:Creating environment descriptor '/home/matthew/ros2_ws/install/csm/share/csm/hook/cmake_prefix_path.dsv'
[2.972s] INFO:colcon.colcon_core.shell:Creating environment hook '/home/matthew/ros2_ws/install/csm/share/csm/hook/cmake_prefix_path.sh'
[2.973s] Level 1:colcon.colcon_core.environment:checking '/home/matthew/ros2_ws/install/csm/lib'
[2.974s] Level 1:colcon.colcon_core.shell:create_environment_hook('csm', 'ld_library_path_lib')
[2.974s] INFO:colcon.colcon_core.shell:Creating environment hook '/home/matthew/ros2_ws/install/csm/share/csm/hook/ld_library_path_lib.ps1'
[2.975s] INFO:colcon.colcon_core.shell:Creating environment descriptor '/home/matthew/ros2_ws/install/csm/share/csm/hook/ld_library_path_lib.dsv'
[2.976s] INFO:colcon.colcon_core.shell:Creating environment hook '/home/matthew/ros2_ws/install/csm/share/csm/hook/ld_library_path_lib.sh'
[2.977s] Level 1:colcon.colcon_core.environment:checking '/home/matthew/ros2_ws/install/csm/bin'
[2.978s] Level 1:colcon.colcon_core.environment:checking '/home/matthew/ros2_ws/install/csm/lib/pkgconfig/csm.pc'
[2.978s] Level 1:colcon.colcon_core.environment:checking '/home/matthew/ros2_ws/install/csm/lib/python3.10/site-packages'
[2.979s] Level 1:colcon.colcon_core.environment:checking '/home/matthew/ros2_ws/install/csm/bin'
[2.979s] INFO:colcon.colcon_core.shell:Creating package script '/home/matthew/ros2_ws/install/csm/share/csm/package.ps1'
[2.982s] INFO:colcon.colcon_core.shell:Creating package descriptor '/home/matthew/ros2_ws/install/csm/share/csm/package.dsv'
[2.984s] INFO:colcon.colcon_core.shell:Creating package script '/home/matthew/ros2_ws/install/csm/share/csm/package.sh'
[2.986s] INFO:colcon.colcon_core.shell:Creating package script '/home/matthew/ros2_ws/install/csm/share/csm/package.bash'
[2.987s] INFO:colcon.colcon_core.shell:Creating package script '/home/matthew/ros2_ws/install/csm/share/csm/package.zsh'
[2.990s] Level 1:colcon.colcon_core.environment:create_file_with_runtime_dependencies(/home/matthew/ros2_ws/install/csm/share/colcon-core/packages/csm)
[2.991s] Level 1:colcon.colcon_core.environment:create_environment_scripts_only(csm)
[2.992s] Level 1:colcon.colcon_core.environment:checking '/home/matthew/ros2_ws/install/csm' for CMake module files
[2.993s] Level 1:colcon.colcon_core.environment:checking '/home/matthew/ros2_ws/install/csm' for CMake config files
[2.994s] Level 1:colcon.colcon_core.shell:create_environment_hook('csm', 'cmake_prefix_path')
[2.994s] INFO:colcon.colcon_core.shell:Creating environment hook '/home/matthew/ros2_ws/install/csm/share/csm/hook/cmake_prefix_path.ps1'
[2.995s] INFO:colcon.colcon_core.shell:Creating environment descriptor '/home/matthew/ros2_ws/install/csm/share/csm/hook/cmake_prefix_path.dsv'
[2.996s] INFO:colcon.colcon_core.shell:Creating environment hook '/home/matthew/ros2_ws/install/csm/share/csm/hook/cmake_prefix_path.sh'
[2.998s] Level 1:colcon.colcon_core.environment:checking '/home/matthew/ros2_ws/install/csm/lib'
[2.998s] Level 1:colcon.colcon_core.shell:create_environment_hook('csm', 'ld_library_path_lib')
[2.999s] INFO:colcon.colcon_core.shell:Creating environment hook '/home/matthew/ros2_ws/install/csm/share/csm/hook/ld_library_path_lib.ps1'
[3.000s] INFO:colcon.colcon_core.shell:Creating environment descriptor '/home/matthew/ros2_ws/install/csm/share/csm/hook/ld_library_path_lib.dsv'
[3.001s] INFO:colcon.colcon_core.shell:Creating environment hook '/home/matthew/ros2_ws/install/csm/share/csm/hook/ld_library_path_lib.sh'
[3.002s] Level 1:colcon.colcon_core.environment:checking '/home/matthew/ros2_ws/install/csm/bin'
[3.002s] Level 1:colcon.colcon_core.environment:checking '/home/matthew/ros2_ws/install/csm/lib/pkgconfig/csm.pc'
[3.002s] Level 1:colcon.colcon_core.environment:checking '/home/matthew/ros2_ws/install/csm/lib/python3.10/site-packages'
[3.003s] Level 1:colcon.colcon_core.environment:checking '/home/matthew/ros2_ws/install/csm/bin'
[3.004s] INFO:colcon.colcon_core.shell:Creating package script '/home/matthew/ros2_ws/install/csm/share/csm/package.ps1'
[3.005s] INFO:colcon.colcon_core.shell:Creating package descriptor '/home/matthew/ros2_ws/install/csm/share/csm/package.dsv'
[3.006s] INFO:colcon.colcon_core.shell:Creating package script '/home/matthew/ros2_ws/install/csm/share/csm/package.sh'
[3.008s] INFO:colcon.colcon_core.shell:Creating package script '/home/matthew/ros2_ws/install/csm/share/csm/package.bash'
[3.009s] INFO:colcon.colcon_core.shell:Creating package script '/home/matthew/ros2_ws/install/csm/share/csm/package.zsh'
[3.010s] Level 1:colcon.colcon_core.environment:create_file_with_runtime_dependencies(/home/matthew/ros2_ws/install/csm/share/colcon-core/packages/csm)
[3.012s] INFO:colcon.colcon_ros.task.ament_cmake.build:Building ROS package in '/home/matthew/ros2_ws/src/ros2_laser_scan_matcher' with build type 'ament_cmake'
[3.013s] INFO:colcon.colcon_cmake.task.cmake.build:Building CMake package in '/home/matthew/ros2_ws/src/ros2_laser_scan_matcher'
[3.013s] INFO:colcon.colcon_core.shell:Skip shell extension 'powershell' for command environment: Not usable outside of PowerShell
[3.014s] DEBUG:colcon.colcon_core.shell:Skip shell extension 'dsv' for command environment
[3.038s] DEBUG:colcon.colcon_core.event_handler.log_command:Invoking command in '/home/matthew/ros2_ws/build/static_tf': PYTHONPATH=/home/matthew/ros2_ws/build/static_tf/prefix_override:/usr/lib/python3/dist-packages/colcon_core/task/python/colcon_distutils_commands:/home/matthew/ros2_ws/install/static_tf/lib/python3.10/site-packages:${PYTHONPATH} /usr/bin/python3 -W ignore:setup.py install is deprecated -W ignore:easy_install command is deprecated setup.py develop --uninstall --editable --build-directory /home/matthew/ros2_ws/build/static_tf/build
[3.052s] DEBUG:colcon.colcon_core.event_handler.log_command:Invoking command in '/home/matthew/ros2_ws/build/ros2_laser_scan_matcher': AMENT_PREFIX_PATH=/home/matthew/ros2_ws/install/csm:${AMENT_PREFIX_PATH} CMAKE_PREFIX_PATH=/home/matthew/ros2_ws/install/csm:/opt/ros/iron LD_LIBRARY_PATH=/home/matthew/ros2_ws/install/csm/lib:${LD_LIBRARY_PATH} /usr/bin/cmake /home/matthew/ros2_ws/src/ros2_laser_scan_matcher -DCMAKE_INSTALL_PREFIX=/home/matthew/ros2_ws/install/ros2_laser_scan_matcher
[3.174s] DEBUG:colcon.colcon_core.event_handler.log_command:Invoking command in '/home/matthew/ros2_ws/build/motorcontrol': PYTHONPATH=/home/matthew/ros2_ws/build/motorcontrol/prefix_override:/usr/lib/python3/dist-packages/colcon_core/task/python/colcon_distutils_commands:/home/matthew/ros2_ws/install/motorcontrol/lib/python3.10/site-packages:${PYTHONPATH} /usr/bin/python3 -W ignore:setup.py install is deprecated -W ignore:easy_install command is deprecated setup.py develop --uninstall --editable --build-directory /home/matthew/ros2_ws/build/motorcontrol/build
[3.366s] DEBUG:colcon.colcon_core.event_handler.log_command:Invoked command in '/home/matthew/ros2_ws/build/my_robot_description' returned '0': CMAKE_PREFIX_PATH=/opt/ros/iron /usr/bin/cmake /home/matthew/ros2_ws/src/my_robot_description -DCMAKE_INSTALL_PREFIX=/home/matthew/ros2_ws/install/my_robot_description
[3.366s] DEBUG:colcon.colcon_core.event_handler.log_command:Invoking command in '/home/matthew/ros2_ws/build/my_robot_description': CMAKE_PREFIX_PATH=/opt/ros/iron /usr/bin/cmake --build /home/matthew/ros2_ws/build/my_robot_description -- -j6 -l6
[3.421s] DEBUG:colcon.colcon_core.event_handler.log_command:Invoked command in '/home/matthew/ros2_ws/build/status_display_msgs' returned '0': CMAKE_PREFIX_PATH=/opt/ros/iron /usr/bin/cmake /home/matthew/ros2_ws/src/status_display_msgs -DCMAKE_INSTALL_PREFIX=/home/matthew/ros2_ws/install/status_display_msgs
[3.422s] DEBUG:colcon.colcon_core.event_handler.log_command:Invoking command in '/home/matthew/ros2_ws/build/status_display_msgs': CMAKE_PREFIX_PATH=/opt/ros/iron /usr/bin/cmake --build /home/matthew/ros2_ws/build/status_display_msgs -- -j6 -l6
[3.474s] DEBUG:colcon.colcon_core.event_handler.log_command:Invoked command in '/home/matthew/ros2_ws/build/my_robot_description' returned '0': CMAKE_PREFIX_PATH=/opt/ros/iron /usr/bin/cmake --build /home/matthew/ros2_ws/build/my_robot_description -- -j6 -l6
[3.475s] DEBUG:colcon.colcon_core.event_handler.log_command:Invoking command in '/home/matthew/ros2_ws/build/my_robot_description': CMAKE_PREFIX_PATH=/opt/ros/iron /usr/bin/cmake --install /home/matthew/ros2_ws/build/my_robot_description
[3.554s] Level 1:colcon.colcon_core.environment:create_environment_scripts_only(my_robot_description)
[3.555s] Level 1:colcon.colcon_core.environment:checking '/home/matthew/ros2_ws/install/my_robot_description' for CMake module files
[3.556s] DEBUG:colcon.colcon_core.event_handler.log_command:Invoked command in '/home/matthew/ros2_ws/build/my_robot_description' returned '0': CMAKE_PREFIX_PATH=/opt/ros/iron /usr/bin/cmake --install /home/matthew/ros2_ws/build/my_robot_description
[3.557s] Level 1:colcon.colcon_core.environment:checking '/home/matthew/ros2_ws/install/my_robot_description' for CMake config files
[3.558s] Level 1:colcon.colcon_core.shell:create_environment_hook('my_robot_description', 'cmake_prefix_path')
[3.558s] INFO:colcon.colcon_core.shell:Creating environment hook '/home/matthew/ros2_ws/install/my_robot_description/share/my_robot_description/hook/cmake_prefix_path.ps1'
[3.560s] INFO:colcon.colcon_core.shell:Creating environment descriptor '/home/matthew/ros2_ws/install/my_robot_description/share/my_robot_description/hook/cmake_prefix_path.dsv'
[3.561s] INFO:colcon.colcon_core.shell:Creating environment hook '/home/matthew/ros2_ws/install/my_robot_description/share/my_robot_description/hook/cmake_prefix_path.sh'
[3.562s] Level 1:colcon.colcon_core.environment:checking '/home/matthew/ros2_ws/install/my_robot_description/bin'
[3.562s] Level 1:colcon.colcon_core.environment:checking '/home/matthew/ros2_ws/install/my_robot_description/lib/pkgconfig/my_robot_description.pc'
[3.563s] Level 1:colcon.colcon_core.environment:checking '/home/matthew/ros2_ws/install/my_robot_description/lib/python3.10/site-packages'
[3.563s] Level 1:colcon.colcon_core.environment:checking '/home/matthew/ros2_ws/install/my_robot_description/bin'
[3.564s] INFO:colcon.colcon_core.shell:Creating package script '/home/matthew/ros2_ws/install/my_robot_description/share/my_robot_description/package.ps1'
[3.565s] INFO:colcon.colcon_core.shell:Creating package descriptor '/home/matthew/ros2_ws/install/my_robot_description/share/my_robot_description/package.dsv'
[3.568s] INFO:colcon.colcon_core.shell:Creating package script '/home/matthew/ros2_ws/install/my_robot_description/share/my_robot_description/package.sh'
[3.569s] INFO:colcon.colcon_core.shell:Creating package script '/home/matthew/ros2_ws/install/my_robot_description/share/my_robot_description/package.bash'
[3.570s] INFO:colcon.colcon_core.shell:Creating package script '/home/matthew/ros2_ws/install/my_robot_description/share/my_robot_description/package.zsh'
[3.572s] Level 1:colcon.colcon_core.environment:create_file_with_runtime_dependencies(/home/matthew/ros2_ws/install/my_robot_description/share/colcon-core/packages/my_robot_description)
[3.573s] Level 1:colcon.colcon_core.environment:create_environment_scripts_only(my_robot_description)
[3.574s] Level 1:colcon.colcon_core.environment:checking '/home/matthew/ros2_ws/install/my_robot_description' for CMake module files
[3.575s] Level 1:colcon.colcon_core.environment:checking '/home/matthew/ros2_ws/install/my_robot_description' for CMake config files
[3.575s] Level 1:colcon.colcon_core.shell:create_environment_hook('my_robot_description', 'cmake_prefix_path')
[3.576s] INFO:colcon.colcon_core.shell:Creating environment hook '/home/matthew/ros2_ws/install/my_robot_description/share/my_robot_description/hook/cmake_prefix_path.ps1'
[3.577s] INFO:colcon.colcon_core.shell:Creating environment descriptor '/home/matthew/ros2_ws/install/my_robot_description/share/my_robot_description/hook/cmake_prefix_path.dsv'
[3.578s] INFO:colcon.colcon_core.shell:Creating environment hook '/home/matthew/ros2_ws/install/my_robot_description/share/my_robot_description/hook/cmake_prefix_path.sh'
[3.580s] Level 1:colcon.colcon_core.environment:checking '/home/matthew/ros2_ws/install/my_robot_description/bin'
[3.580s] Level 1:colcon.colcon_core.environment:checking '/home/matthew/ros2_ws/install/my_robot_description/lib/pkgconfig/my_robot_description.pc'
[3.581s] Level 1:colcon.colcon_core.environment:checking '/home/matthew/ros2_ws/install/my_robot_description/lib/python3.10/site-packages'
[3.581s] Level 1:colcon.colcon_core.environment:checking '/home/matthew/ros2_ws/install/my_robot_description/bin'
[3.582s] INFO:colcon.colcon_core.shell:Creating package script '/home/matthew/ros2_ws/install/my_robot_description/share/my_robot_description/package.ps1'
[3.583s] INFO:colcon.colcon_core.shell:Creating package descriptor '/home/matthew/ros2_ws/install/my_robot_description/share/my_robot_description/package.dsv'
[3.585s] INFO:colcon.colcon_core.shell:Creating package script '/home/matthew/ros2_ws/install/my_robot_description/share/my_robot_description/package.sh'
[3.586s] INFO:colcon.colcon_core.shell:Creating package script '/home/matthew/ros2_ws/install/my_robot_description/share/my_robot_description/package.bash'
[3.587s] INFO:colcon.colcon_core.shell:Creating package script '/home/matthew/ros2_ws/install/my_robot_description/share/my_robot_description/package.zsh'
[3.588s] Level 1:colcon.colcon_core.environment:create_file_with_runtime_dependencies(/home/matthew/ros2_ws/install/my_robot_description/share/colcon-core/packages/my_robot_description)
[4.225s] DEBUG:colcon.colcon_core.event_handler.log_command:Invoked command in '/home/matthew/ros2_ws/build/static_tf' returned '0': PYTHONPATH=/home/matthew/ros2_ws/build/static_tf/prefix_override:/usr/lib/python3/dist-packages/colcon_core/task/python/colcon_distutils_commands:/home/matthew/ros2_ws/install/static_tf/lib/python3.10/site-packages:${PYTHONPATH} /usr/bin/python3 -W ignore:setup.py install is deprecated -W ignore:easy_install command is deprecated setup.py develop --uninstall --editable --build-directory /home/matthew/ros2_ws/build/static_tf/build
[4.226s] DEBUG:colcon.colcon_core.event_handler.log_command:Invoking command in '/home/matthew/ros2_ws/src/static_tf': PYTHONPATH=/home/matthew/ros2_ws/build/static_tf/prefix_override:/usr/lib/python3/dist-packages/colcon_core/task/python/colcon_distutils_commands:/home/matthew/ros2_ws/install/static_tf/lib/python3.10/site-packages:${PYTHONPATH} /usr/bin/python3 -W ignore:setup.py install is deprecated -W ignore:easy_install command is deprecated setup.py egg_info --egg-base ../../build/static_tf build --build-base /home/matthew/ros2_ws/build/static_tf/build install --record /home/matthew/ros2_ws/build/static_tf/install.log --single-version-externally-managed install_data --force
[4.292s] DEBUG:colcon.colcon_core.event_handler.log_command:Invoked command in '/home/matthew/ros2_ws/build/status_display_msgs' returned '0': CMAKE_PREFIX_PATH=/opt/ros/iron /usr/bin/cmake --build /home/matthew/ros2_ws/build/status_display_msgs -- -j6 -l6
[4.296s] DEBUG:colcon.colcon_core.event_handler.log_command:Invoking command in '/home/matthew/ros2_ws/build/status_display_msgs': CMAKE_PREFIX_PATH=/opt/ros/iron /usr/bin/cmake --install /home/matthew/ros2_ws/build/status_display_msgs
[4.313s] DEBUG:colcon.colcon_core.event_handler.log_command:Invoked command in '/home/matthew/ros2_ws/build/motorcontrol' returned '0': PYTHONPATH=/home/matthew/ros2_ws/build/motorcontrol/prefix_override:/usr/lib/python3/dist-packages/colcon_core/task/python/colcon_distutils_commands:/home/matthew/ros2_ws/install/motorcontrol/lib/python3.10/site-packages:${PYTHONPATH} /usr/bin/python3 -W ignore:setup.py install is deprecated -W ignore:easy_install command is deprecated setup.py develop --uninstall --editable --build-directory /home/matthew/ros2_ws/build/motorcontrol/build
[4.317s] DEBUG:colcon.colcon_core.event_handler.log_command:Invoking command in '/home/matthew/ros2_ws/src/motorcontrol': PYTHONPATH=/home/matthew/ros2_ws/build/motorcontrol/prefix_override:/usr/lib/python3/dist-packages/colcon_core/task/python/colcon_distutils_commands:/home/matthew/ros2_ws/install/motorcontrol/lib/python3.10/site-packages:${PYTHONPATH} /usr/bin/python3 -W ignore:setup.py install is deprecated -W ignore:easy_install command is deprecated setup.py egg_info --egg-base ../../build/motorcontrol build --build-base /home/matthew/ros2_ws/build/motorcontrol/build install --record /home/matthew/ros2_ws/build/motorcontrol/install.log --single-version-externally-managed install_data --force
[4.460s] Level 1:colcon.colcon_core.environment:create_environment_scripts_only(status_display_msgs)
[4.460s] Level 1:colcon.colcon_core.environment:checking '/home/matthew/ros2_ws/install/status_display_msgs' for CMake module files
[4.462s] DEBUG:colcon.colcon_core.event_handler.log_command:Invoked command in '/home/matthew/ros2_ws/build/status_display_msgs' returned '0': CMAKE_PREFIX_PATH=/opt/ros/iron /usr/bin/cmake --install /home/matthew/ros2_ws/build/status_display_msgs
[4.463s] Level 1:colcon.colcon_core.environment:checking '/home/matthew/ros2_ws/install/status_display_msgs' for CMake config files
[4.464s] Level 1:colcon.colcon_core.shell:create_environment_hook('status_display_msgs', 'cmake_prefix_path')
[4.465s] INFO:colcon.colcon_core.shell:Creating environment hook '/home/matthew/ros2_ws/install/status_display_msgs/share/status_display_msgs/hook/cmake_prefix_path.ps1'
[4.466s] INFO:colcon.colcon_core.shell:Creating environment descriptor '/home/matthew/ros2_ws/install/status_display_msgs/share/status_display_msgs/hook/cmake_prefix_path.dsv'
[4.467s] INFO:colcon.colcon_core.shell:Creating environment hook '/home/matthew/ros2_ws/install/status_display_msgs/share/status_display_msgs/hook/cmake_prefix_path.sh'
[4.468s] Level 1:colcon.colcon_core.environment:checking '/home/matthew/ros2_ws/install/status_display_msgs/lib'
[4.468s] Level 1:colcon.colcon_core.shell:create_environment_hook('status_display_msgs', 'ld_library_path_lib')
[4.469s] INFO:colcon.colcon_core.shell:Creating environment hook '/home/matthew/ros2_ws/install/status_display_msgs/share/status_display_msgs/hook/ld_library_path_lib.ps1'
[4.470s] INFO:colcon.colcon_core.shell:Creating environment descriptor '/home/matthew/ros2_ws/install/status_display_msgs/share/status_display_msgs/hook/ld_library_path_lib.dsv'
[4.471s] INFO:colcon.colcon_core.shell:Creating environment hook '/home/matthew/ros2_ws/install/status_display_msgs/share/status_display_msgs/hook/ld_library_path_lib.sh'
[4.472s] Level 1:colcon.colcon_core.environment:checking '/home/matthew/ros2_ws/install/status_display_msgs/bin'
[4.472s] Level 1:colcon.colcon_core.environment:checking '/home/matthew/ros2_ws/install/status_display_msgs/lib/pkgconfig/status_display_msgs.pc'
[4.472s] Level 1:colcon.colcon_core.environment:checking '/home/matthew/ros2_ws/install/status_display_msgs/lib/python3.10/site-packages'
[4.472s] Level 1:colcon.colcon_core.shell:create_environment_hook('status_display_msgs', 'pythonpath')
[4.473s] INFO:colcon.colcon_core.shell:Creating environment hook '/home/matthew/ros2_ws/install/status_display_msgs/share/status_display_msgs/hook/pythonpath.ps1'
[4.474s] INFO:colcon.colcon_core.shell:Creating environment descriptor '/home/matthew/ros2_ws/install/status_display_msgs/share/status_display_msgs/hook/pythonpath.dsv'
[4.474s] INFO:colcon.colcon_core.shell:Creating environment hook '/home/matthew/ros2_ws/install/status_display_msgs/share/status_display_msgs/hook/pythonpath.sh'
[4.476s] Level 1:colcon.colcon_core.environment:checking '/home/matthew/ros2_ws/install/status_display_msgs/bin'
[4.477s] INFO:colcon.colcon_core.shell:Creating package script '/home/matthew/ros2_ws/install/status_display_msgs/share/status_display_msgs/package.ps1'
[4.478s] INFO:colcon.colcon_core.shell:Creating package descriptor '/home/matthew/ros2_ws/install/status_display_msgs/share/status_display_msgs/package.dsv'
[4.480s] INFO:colcon.colcon_core.shell:Creating package script '/home/matthew/ros2_ws/install/status_display_msgs/share/status_display_msgs/package.sh'
[4.481s] INFO:colcon.colcon_core.shell:Creating package script '/home/matthew/ros2_ws/install/status_display_msgs/share/status_display_msgs/package.bash'
[4.481s] INFO:colcon.colcon_core.shell:Creating package script '/home/matthew/ros2_ws/install/status_display_msgs/share/status_display_msgs/package.zsh'
[4.482s] Level 1:colcon.colcon_core.environment:create_file_with_runtime_dependencies(/home/matthew/ros2_ws/install/status_display_msgs/share/colcon-core/packages/status_display_msgs)
[4.483s] Level 1:colcon.colcon_core.environment:create_environment_scripts_only(status_display_msgs)
[4.484s] Level 1:colcon.colcon_core.environment:checking '/home/matthew/ros2_ws/install/status_display_msgs' for CMake module files
[4.485s] Level 1:colcon.colcon_core.environment:checking '/home/matthew/ros2_ws/install/status_display_msgs' for CMake config files
[4.486s] Level 1:colcon.colcon_core.shell:create_environment_hook('status_display_msgs', 'cmake_prefix_path')
[4.487s] INFO:colcon.colcon_core.shell:Creating environment hook '/home/matthew/ros2_ws/install/status_display_msgs/share/status_display_msgs/hook/cmake_prefix_path.ps1'
[4.488s] INFO:colcon.colcon_core.shell:Creating environment descriptor '/home/matthew/ros2_ws/install/status_display_msgs/share/status_display_msgs/hook/cmake_prefix_path.dsv'
[4.489s] INFO:colcon.colcon_core.shell:Creating environment hook '/home/matthew/ros2_ws/install/status_display_msgs/share/status_display_msgs/hook/cmake_prefix_path.sh'
[4.490s] Level 1:colcon.colcon_core.environment:checking '/home/matthew/ros2_ws/install/status_display_msgs/lib'
[4.490s] Level 1:colcon.colcon_core.shell:create_environment_hook('status_display_msgs', 'ld_library_path_lib')
[4.491s] INFO:colcon.colcon_core.shell:Creating environment hook '/home/matthew/ros2_ws/install/status_display_msgs/share/status_display_msgs/hook/ld_library_path_lib.ps1'
[4.491s] INFO:colcon.colcon_core.shell:Creating environment descriptor '/home/matthew/ros2_ws/install/status_display_msgs/share/status_display_msgs/hook/ld_library_path_lib.dsv'
[4.492s] INFO:colcon.colcon_core.shell:Creating environment hook '/home/matthew/ros2_ws/install/status_display_msgs/share/status_display_msgs/hook/ld_library_path_lib.sh'
[4.493s] Level 1:colcon.colcon_core.environment:checking '/home/matthew/ros2_ws/install/status_display_msgs/bin'
[4.493s] Level 1:colcon.colcon_core.environment:checking '/home/matthew/ros2_ws/install/status_display_msgs/lib/pkgconfig/status_display_msgs.pc'
[4.494s] Level 1:colcon.colcon_core.environment:checking '/home/matthew/ros2_ws/install/status_display_msgs/lib/python3.10/site-packages'
[4.494s] Level 1:colcon.colcon_core.shell:create_environment_hook('status_display_msgs', 'pythonpath')
[4.494s] INFO:colcon.colcon_core.shell:Creating environment hook '/home/matthew/ros2_ws/install/status_display_msgs/share/status_display_msgs/hook/pythonpath.ps1'
[4.495s] INFO:colcon.colcon_core.shell:Creating environment descriptor '/home/matthew/ros2_ws/install/status_display_msgs/share/status_display_msgs/hook/pythonpath.dsv'
[4.496s] INFO:colcon.colcon_core.shell:Creating environment hook '/home/matthew/ros2_ws/install/status_display_msgs/share/status_display_msgs/hook/pythonpath.sh'
[4.497s] Level 1:colcon.colcon_core.environment:checking '/home/matthew/ros2_ws/install/status_display_msgs/bin'
[4.498s] INFO:colcon.colcon_core.shell:Creating package script '/home/matthew/ros2_ws/install/status_display_msgs/share/status_display_msgs/package.ps1'
[4.499s] INFO:colcon.colcon_core.shell:Creating package descriptor '/home/matthew/ros2_ws/install/status_display_msgs/share/status_display_msgs/package.dsv'
[4.501s] INFO:colcon.colcon_core.shell:Creating package script '/home/matthew/ros2_ws/install/status_display_msgs/share/status_display_msgs/package.sh'
[4.502s] INFO:colcon.colcon_core.shell:Creating package script '/home/matthew/ros2_ws/install/status_display_msgs/share/status_display_msgs/package.bash'
[4.503s] INFO:colcon.colcon_core.shell:Creating package script '/home/matthew/ros2_ws/install/status_display_msgs/share/status_display_msgs/package.zsh'
[4.504s] Level 1:colcon.colcon_core.environment:create_file_with_runtime_dependencies(/home/matthew/ros2_ws/install/status_display_msgs/share/colcon-core/packages/status_display_msgs)
[4.505s] INFO:colcon.colcon_ros.task.ament_python.build:Building ROS package in '/home/matthew/ros2_ws/src/status_display' with build type 'ament_python'
[4.505s] Level 1:colcon.colcon_core.shell:create_environment_hook('status_display', 'ament_prefix_path')
[4.505s] INFO:colcon.colcon_core.shell:Creating environment hook '/home/matthew/ros2_ws/install/status_display/share/status_display/hook/ament_prefix_path.ps1'
[4.507s] INFO:colcon.colcon_core.shell:Creating environment descriptor '/home/matthew/ros2_ws/install/status_display/share/status_display/hook/ament_prefix_path.dsv'
[4.508s] INFO:colcon.colcon_core.shell:Creating environment hook '/home/matthew/ros2_ws/install/status_display/share/status_display/hook/ament_prefix_path.sh'
[4.510s] INFO:colcon.colcon_core.shell:Skip shell extension 'powershell' for command environment: Not usable outside of PowerShell
[4.510s] DEBUG:colcon.colcon_core.shell:Skip shell extension 'dsv' for command environment
[5.109s] INFO:colcon.colcon_core.task.python.build:Building Python package in '/home/matthew/ros2_ws/src/status_display'
[5.110s] INFO:colcon.colcon_core.shell:Skip shell extension 'powershell' for command environment: Not usable outside of PowerShell
[5.111s] DEBUG:colcon.colcon_core.shell:Skip shell extension 'dsv' for command environment
[5.126s] Level 1:colcon.colcon_core.environment:checking '/home/matthew/ros2_ws/install/static_tf' for CMake module files
[5.127s] DEBUG:colcon.colcon_core.event_handler.log_command:Invoked command in '/home/matthew/ros2_ws/src/static_tf' returned '0': PYTHONPATH=/home/matthew/ros2_ws/build/static_tf/prefix_override:/usr/lib/python3/dist-packages/colcon_core/task/python/colcon_distutils_commands:/home/matthew/ros2_ws/install/static_tf/lib/python3.10/site-packages:${PYTHONPATH} /usr/bin/python3 -W ignore:setup.py install is deprecated -W ignore:easy_install command is deprecated setup.py egg_info --egg-base ../../build/static_tf build --build-base /home/matthew/ros2_ws/build/static_tf/build install --record /home/matthew/ros2_ws/build/static_tf/install.log --single-version-externally-managed install_data --force
[5.128s] Level 1:colcon.colcon_core.environment:checking '/home/matthew/ros2_ws/install/static_tf' for CMake config files
[5.129s] Level 1:colcon.colcon_core.environment:checking '/home/matthew/ros2_ws/install/static_tf/lib'
[5.129s] Level 1:colcon.colcon_core.environment:checking '/home/matthew/ros2_ws/install/static_tf/bin'
[5.129s] Level 1:colcon.colcon_core.environment:checking '/home/matthew/ros2_ws/install/static_tf/lib/pkgconfig/static_tf.pc'
[5.130s] Level 1:colcon.colcon_core.environment:checking '/home/matthew/ros2_ws/install/static_tf/lib/python3.10/site-packages'
[5.130s] Level 1:colcon.colcon_core.shell:create_environment_hook('static_tf', 'pythonpath')
[5.131s] INFO:colcon.colcon_core.shell:Creating environment hook '/home/matthew/ros2_ws/install/static_tf/share/static_tf/hook/pythonpath.ps1'
[5.132s] INFO:colcon.colcon_core.shell:Creating environment descriptor '/home/matthew/ros2_ws/install/static_tf/share/static_tf/hook/pythonpath.dsv'
[5.134s] INFO:colcon.colcon_core.shell:Creating environment hook '/home/matthew/ros2_ws/install/static_tf/share/static_tf/hook/pythonpath.sh'
[5.136s] Level 1:colcon.colcon_core.environment:checking '/home/matthew/ros2_ws/install/static_tf/bin'
[5.136s] Level 1:colcon.colcon_core.environment:create_environment_scripts_only(static_tf)
[5.138s] INFO:colcon.colcon_core.shell:Creating package script '/home/matthew/ros2_ws/install/static_tf/share/static_tf/package.ps1'
[5.140s] INFO:colcon.colcon_core.shell:Creating package descriptor '/home/matthew/ros2_ws/install/static_tf/share/static_tf/package.dsv'
[5.141s] INFO:colcon.colcon_core.shell:Creating package script '/home/matthew/ros2_ws/install/static_tf/share/static_tf/package.sh'
[5.143s] INFO:colcon.colcon_core.shell:Creating package script '/home/matthew/ros2_ws/install/static_tf/share/static_tf/package.bash'
[5.147s] INFO:colcon.colcon_core.shell:Creating package script '/home/matthew/ros2_ws/install/static_tf/share/static_tf/package.zsh'
[5.149s] Level 1:colcon.colcon_core.environment:create_file_with_runtime_dependencies(/home/matthew/ros2_ws/install/static_tf/share/colcon-core/packages/static_tf)
[5.150s] Level 1:colcon.colcon_core.environment:checking '/home/matthew/ros2_ws/install/motorcontrol' for CMake module files
[5.153s] Level 1:colcon.colcon_core.environment:checking '/home/matthew/ros2_ws/install/motorcontrol' for CMake config files
[5.154s] DEBUG:colcon.colcon_core.event_handler.log_command:Invoked command in '/home/matthew/ros2_ws/src/motorcontrol' returned '0': PYTHONPATH=/home/matthew/ros2_ws/build/motorcontrol/prefix_override:/usr/lib/python3/dist-packages/colcon_core/task/python/colcon_distutils_commands:/home/matthew/ros2_ws/install/motorcontrol/lib/python3.10/site-packages:${PYTHONPATH} /usr/bin/python3 -W ignore:setup.py install is deprecated -W ignore:easy_install command is deprecated setup.py egg_info --egg-base ../../build/motorcontrol build --build-base /home/matthew/ros2_ws/build/motorcontrol/build install --record /home/matthew/ros2_ws/build/motorcontrol/install.log --single-version-externally-managed install_data --force
[5.156s] Level 1:colcon.colcon_core.environment:checking '/home/matthew/ros2_ws/install/motorcontrol/lib'
[5.157s] Level 1:colcon.colcon_core.environment:checking '/home/matthew/ros2_ws/install/motorcontrol/bin'
[5.157s] Level 1:colcon.colcon_core.environment:checking '/home/matthew/ros2_ws/install/motorcontrol/lib/pkgconfig/motorcontrol.pc'
[5.158s] Level 1:colcon.colcon_core.environment:checking '/home/matthew/ros2_ws/install/motorcontrol/lib/python3.10/site-packages'
[5.158s] Level 1:colcon.colcon_core.shell:create_environment_hook('motorcontrol', 'pythonpath')
[5.159s] INFO:colcon.colcon_core.shell:Creating environment hook '/home/matthew/ros2_ws/install/motorcontrol/share/motorcontrol/hook/pythonpath.ps1'
[5.161s] INFO:colcon.colcon_core.shell:Creating environment descriptor '/home/matthew/ros2_ws/install/motorcontrol/share/motorcontrol/hook/pythonpath.dsv'
[5.162s] INFO:colcon.colcon_core.shell:Creating environment hook '/home/matthew/ros2_ws/install/motorcontrol/share/motorcontrol/hook/pythonpath.sh'
[5.165s] Level 1:colcon.colcon_core.environment:checking '/home/matthew/ros2_ws/install/motorcontrol/bin'
[5.165s] Level 1:colcon.colcon_core.environment:create_environment_scripts_only(motorcontrol)
[5.166s] INFO:colcon.colcon_core.shell:Creating package script '/home/matthew/ros2_ws/install/motorcontrol/share/motorcontrol/package.ps1'
[5.169s] INFO:colcon.colcon_core.shell:Creating package descriptor '/home/matthew/ros2_ws/install/motorcontrol/share/motorcontrol/package.dsv'
[5.170s] INFO:colcon.colcon_core.shell:Creating package script '/home/matthew/ros2_ws/install/motorcontrol/share/motorcontrol/package.sh'
[5.172s] INFO:colcon.colcon_core.shell:Creating package script '/home/matthew/ros2_ws/install/motorcontrol/share/motorcontrol/package.bash'
[5.173s] INFO:colcon.colcon_core.shell:Creating package script '/home/matthew/ros2_ws/install/motorcontrol/share/motorcontrol/package.zsh'
[5.174s] Level 1:colcon.colcon_core.environment:create_file_with_runtime_dependencies(/home/matthew/ros2_ws/install/motorcontrol/share/colcon-core/packages/motorcontrol)
[5.929s] DEBUG:colcon.colcon_core.event_handler.log_command:Invoking command in '/home/matthew/ros2_ws/build/status_display': AMENT_PREFIX_PATH=/home/matthew/ros2_ws/install/status_display_msgs:${AMENT_PREFIX_PATH} CMAKE_PREFIX_PATH=/home/matthew/ros2_ws/install/status_display_msgs LD_LIBRARY_PATH=/home/matthew/ros2_ws/install/status_display_msgs/lib:${LD_LIBRARY_PATH} PYTHONPATH=/home/matthew/ros2_ws/build/status_display/prefix_override:/usr/lib/python3/dist-packages/colcon_core/task/python/colcon_distutils_commands:/home/matthew/ros2_ws/install/status_display/lib/python3.10/site-packages:/home/matthew/ros2_ws/install/status_display_msgs/lib/python3.10/site-packages:${PYTHONPATH} /usr/bin/python3 -W ignore:setup.py install is deprecated -W ignore:easy_install command is deprecated setup.py develop --uninstall --editable --build-directory /home/matthew/ros2_ws/build/status_display/build
[6.268s] DEBUG:colcon.colcon_core.event_handler.log_command:Invoked command in '/home/matthew/ros2_ws/build/ros2_laser_scan_matcher' returned '0': AMENT_PREFIX_PATH=/home/matthew/ros2_ws/install/csm:${AMENT_PREFIX_PATH} CMAKE_PREFIX_PATH=/home/matthew/ros2_ws/install/csm:/opt/ros/iron LD_LIBRARY_PATH=/home/matthew/ros2_ws/install/csm/lib:${LD_LIBRARY_PATH} /usr/bin/cmake /home/matthew/ros2_ws/src/ros2_laser_scan_matcher -DCMAKE_INSTALL_PREFIX=/home/matthew/ros2_ws/install/ros2_laser_scan_matcher
[6.269s] DEBUG:colcon.colcon_core.event_handler.log_command:Invoking command in '/home/matthew/ros2_ws/build/ros2_laser_scan_matcher': AMENT_PREFIX_PATH=/home/matthew/ros2_ws/install/csm:${AMENT_PREFIX_PATH} CMAKE_PREFIX_PATH=/home/matthew/ros2_ws/install/csm:/opt/ros/iron LD_LIBRARY_PATH=/home/matthew/ros2_ws/install/csm/lib:${LD_LIBRARY_PATH} /usr/bin/cmake --build /home/matthew/ros2_ws/build/ros2_laser_scan_matcher -- -j6 -l6
[6.438s] DEBUG:colcon.colcon_core.event_handler.log_command:Invoked command in '/home/matthew/ros2_ws/build/ros2_laser_scan_matcher' returned '0': AMENT_PREFIX_PATH=/home/matthew/ros2_ws/install/csm:${AMENT_PREFIX_PATH} CMAKE_PREFIX_PATH=/home/matthew/ros2_ws/install/csm:/opt/ros/iron LD_LIBRARY_PATH=/home/matthew/ros2_ws/install/csm/lib:${LD_LIBRARY_PATH} /usr/bin/cmake --build /home/matthew/ros2_ws/build/ros2_laser_scan_matcher -- -j6 -l6
[6.443s] DEBUG:colcon.colcon_core.event_handler.log_command:Invoking command in '/home/matthew/ros2_ws/build/ros2_laser_scan_matcher': AMENT_PREFIX_PATH=/home/matthew/ros2_ws/install/csm:${AMENT_PREFIX_PATH} CMAKE_PREFIX_PATH=/home/matthew/ros2_ws/install/csm:/opt/ros/iron LD_LIBRARY_PATH=/home/matthew/ros2_ws/install/csm/lib:${LD_LIBRARY_PATH} /usr/bin/cmake --install /home/matthew/ros2_ws/build/ros2_laser_scan_matcher
[6.489s] Level 1:colcon.colcon_core.environment:create_environment_scripts_only(ros2_laser_scan_matcher)
[6.490s] Level 1:colcon.colcon_core.environment:checking '/home/matthew/ros2_ws/install/ros2_laser_scan_matcher' for CMake module files
[6.492s] DEBUG:colcon.colcon_core.event_handler.log_command:Invoked command in '/home/matthew/ros2_ws/build/ros2_laser_scan_matcher' returned '0': AMENT_PREFIX_PATH=/home/matthew/ros2_ws/install/csm:${AMENT_PREFIX_PATH} CMAKE_PREFIX_PATH=/home/matthew/ros2_ws/install/csm:/opt/ros/iron LD_LIBRARY_PATH=/home/matthew/ros2_ws/install/csm/lib:${LD_LIBRARY_PATH} /usr/bin/cmake --install /home/matthew/ros2_ws/build/ros2_laser_scan_matcher
[6.494s] Level 1:colcon.colcon_core.environment:checking '/home/matthew/ros2_ws/install/ros2_laser_scan_matcher' for CMake config files
[6.494s] Level 1:colcon.colcon_core.shell:create_environment_hook('ros2_laser_scan_matcher', 'cmake_prefix_path')
[6.495s] INFO:colcon.colcon_core.shell:Creating environment hook '/home/matthew/ros2_ws/install/ros2_laser_scan_matcher/share/ros2_laser_scan_matcher/hook/cmake_prefix_path.ps1'
[6.497s] INFO:colcon.colcon_core.shell:Creating environment descriptor '/home/matthew/ros2_ws/install/ros2_laser_scan_matcher/share/ros2_laser_scan_matcher/hook/cmake_prefix_path.dsv'
[6.499s] INFO:colcon.colcon_core.shell:Creating environment hook '/home/matthew/ros2_ws/install/ros2_laser_scan_matcher/share/ros2_laser_scan_matcher/hook/cmake_prefix_path.sh'
[6.501s] Level 1:colcon.colcon_core.environment:checking '/home/matthew/ros2_ws/install/ros2_laser_scan_matcher/lib'
[6.501s] Level 1:colcon.colcon_core.environment:checking '/home/matthew/ros2_ws/install/ros2_laser_scan_matcher/bin'
[6.502s] Level 1:colcon.colcon_core.environment:checking '/home/matthew/ros2_ws/install/ros2_laser_scan_matcher/lib/pkgconfig/ros2_laser_scan_matcher.pc'
[6.503s] Level 1:colcon.colcon_core.environment:checking '/home/matthew/ros2_ws/install/ros2_laser_scan_matcher/lib/python3.10/site-packages'
[6.503s] Level 1:colcon.colcon_core.environment:checking '/home/matthew/ros2_ws/install/ros2_laser_scan_matcher/bin'
[6.505s] INFO:colcon.colcon_core.shell:Creating package script '/home/matthew/ros2_ws/install/ros2_laser_scan_matcher/share/ros2_laser_scan_matcher/package.ps1'
[6.507s] INFO:colcon.colcon_core.shell:Creating package descriptor '/home/matthew/ros2_ws/install/ros2_laser_scan_matcher/share/ros2_laser_scan_matcher/package.dsv'
[6.509s] INFO:colcon.colcon_core.shell:Creating package script '/home/matthew/ros2_ws/install/ros2_laser_scan_matcher/share/ros2_laser_scan_matcher/package.sh'
[6.511s] INFO:colcon.colcon_core.shell:Creating package script '/home/matthew/ros2_ws/install/ros2_laser_scan_matcher/share/ros2_laser_scan_matcher/package.bash'
[6.512s] INFO:colcon.colcon_core.shell:Creating package script '/home/matthew/ros2_ws/install/ros2_laser_scan_matcher/share/ros2_laser_scan_matcher/package.zsh'
[6.514s] Level 1:colcon.colcon_core.environment:create_file_with_runtime_dependencies(/home/matthew/ros2_ws/install/ros2_laser_scan_matcher/share/colcon-core/packages/ros2_laser_scan_matcher)
[6.517s] Level 1:colcon.colcon_core.environment:create_environment_scripts_only(ros2_laser_scan_matcher)
[6.518s] Level 1:colcon.colcon_core.environment:checking '/home/matthew/ros2_ws/install/ros2_laser_scan_matcher' for CMake module files
[6.520s] Level 1:colcon.colcon_core.environment:checking '/home/matthew/ros2_ws/install/ros2_laser_scan_matcher' for CMake config files
[6.520s] Level 1:colcon.colcon_core.shell:create_environment_hook('ros2_laser_scan_matcher', 'cmake_prefix_path')
[6.521s] INFO:colcon.colcon_core.shell:Creating environment hook '/home/matthew/ros2_ws/install/ros2_laser_scan_matcher/share/ros2_laser_scan_matcher/hook/cmake_prefix_path.ps1'
[6.523s] INFO:colcon.colcon_core.shell:Creating environment descriptor '/home/matthew/ros2_ws/install/ros2_laser_scan_matcher/share/ros2_laser_scan_matcher/hook/cmake_prefix_path.dsv'
[6.524s] INFO:colcon.colcon_core.shell:Creating environment hook '/home/matthew/ros2_ws/install/ros2_laser_scan_matcher/share/ros2_laser_scan_matcher/hook/cmake_prefix_path.sh'
[6.526s] Level 1:colcon.colcon_core.environment:checking '/home/matthew/ros2_ws/install/ros2_laser_scan_matcher/lib'
[6.527s] Level 1:colcon.colcon_core.environment:checking '/home/matthew/ros2_ws/install/ros2_laser_scan_matcher/bin'
[6.527s] Level 1:colcon.colcon_core.environment:checking '/home/matthew/ros2_ws/install/ros2_laser_scan_matcher/lib/pkgconfig/ros2_laser_scan_matcher.pc'
[6.528s] Level 1:colcon.colcon_core.environment:checking '/home/matthew/ros2_ws/install/ros2_laser_scan_matcher/lib/python3.10/site-packages'
[6.529s] Level 1:colcon.colcon_core.environment:checking '/home/matthew/ros2_ws/install/ros2_laser_scan_matcher/bin'
[6.530s] INFO:colcon.colcon_core.shell:Creating package script '/home/matthew/ros2_ws/install/ros2_laser_scan_matcher/share/ros2_laser_scan_matcher/package.ps1'
[6.531s] INFO:colcon.colcon_core.shell:Creating package descriptor '/home/matthew/ros2_ws/install/ros2_laser_scan_matcher/share/ros2_laser_scan_matcher/package.dsv'
[6.533s] INFO:colcon.colcon_core.shell:Creating package script '/home/matthew/ros2_ws/install/ros2_laser_scan_matcher/share/ros2_laser_scan_matcher/package.sh'
[6.535s] INFO:colcon.colcon_core.shell:Creating package script '/home/matthew/ros2_ws/install/ros2_laser_scan_matcher/share/ros2_laser_scan_matcher/package.bash'
[6.536s] INFO:colcon.colcon_core.shell:Creating package script '/home/matthew/ros2_ws/install/ros2_laser_scan_matcher/share/ros2_laser_scan_matcher/package.zsh'
[6.538s] Level 1:colcon.colcon_core.environment:create_file_with_runtime_dependencies(/home/matthew/ros2_ws/install/ros2_laser_scan_matcher/share/colcon-core/packages/ros2_laser_scan_matcher)
[6.958s] DEBUG:colcon.colcon_core.event_handler.log_command:Invoked command in '/home/matthew/ros2_ws/build/status_display' returned '0': AMENT_PREFIX_PATH=/home/matthew/ros2_ws/install/status_display_msgs:${AMENT_PREFIX_PATH} CMAKE_PREFIX_PATH=/home/matthew/ros2_ws/install/status_display_msgs LD_LIBRARY_PATH=/home/matthew/ros2_ws/install/status_display_msgs/lib:${LD_LIBRARY_PATH} PYTHONPATH=/home/matthew/ros2_ws/build/status_display/prefix_override:/usr/lib/python3/dist-packages/colcon_core/task/python/colcon_distutils_commands:/home/matthew/ros2_ws/install/status_display/lib/python3.10/site-packages:/home/matthew/ros2_ws/install/status_display_msgs/lib/python3.10/site-packages:${PYTHONPATH} /usr/bin/python3 -W ignore:setup.py install is deprecated -W ignore:easy_install command is deprecated setup.py develop --uninstall --editable --build-directory /home/matthew/ros2_ws/build/status_display/build
[6.963s] DEBUG:colcon.colcon_core.event_handler.log_command:Invoking command in '/home/matthew/ros2_ws/src/status_display': AMENT_PREFIX_PATH=/home/matthew/ros2_ws/install/status_display_msgs:${AMENT_PREFIX_PATH} CMAKE_PREFIX_PATH=/home/matthew/ros2_ws/install/status_display_msgs LD_LIBRARY_PATH=/home/matthew/ros2_ws/install/status_display_msgs/lib:${LD_LIBRARY_PATH} PYTHONPATH=/home/matthew/ros2_ws/build/status_display/prefix_override:/usr/lib/python3/dist-packages/colcon_core/task/python/colcon_distutils_commands:/home/matthew/ros2_ws/install/status_display/lib/python3.10/site-packages:/home/matthew/ros2_ws/install/status_display_msgs/lib/python3.10/site-packages:${PYTHONPATH} /usr/bin/python3 -W ignore:setup.py install is deprecated -W ignore:easy_install command is deprecated setup.py egg_info --egg-base ../../build/status_display build --build-base /home/matthew/ros2_ws/build/status_display/build install --record /home/matthew/ros2_ws/build/status_display/install.log --single-version-externally-managed install_data --force
[7.640s] Level 1:colcon.colcon_core.environment:checking '/home/matthew/ros2_ws/install/status_display' for CMake module files
[7.642s] DEBUG:colcon.colcon_core.event_handler.log_command:Invoked command in '/home/matthew/ros2_ws/src/status_display' returned '0': AMENT_PREFIX_PATH=/home/matthew/ros2_ws/install/status_display_msgs:${AMENT_PREFIX_PATH} CMAKE_PREFIX_PATH=/home/matthew/ros2_ws/install/status_display_msgs LD_LIBRARY_PATH=/home/matthew/ros2_ws/install/status_display_msgs/lib:${LD_LIBRARY_PATH} PYTHONPATH=/home/matthew/ros2_ws/build/status_display/prefix_override:/usr/lib/python3/dist-packages/colcon_core/task/python/colcon_distutils_commands:/home/matthew/ros2_ws/install/status_display/lib/python3.10/site-packages:/home/matthew/ros2_ws/install/status_display_msgs/lib/python3.10/site-packages:${PYTHONPATH} /usr/bin/python3 -W ignore:setup.py install is deprecated -W ignore:easy_install command is deprecated setup.py egg_info --egg-base ../../build/status_display build --build-base /home/matthew/ros2_ws/build/status_display/build install --record /home/matthew/ros2_ws/build/status_display/install.log --single-version-externally-managed install_data --force
[7.643s] Level 1:colcon.colcon_core.environment:checking '/home/matthew/ros2_ws/install/status_display' for CMake config files
[7.645s] Level 1:colcon.colcon_core.environment:checking '/home/matthew/ros2_ws/install/status_display/lib'
[7.645s] Level 1:colcon.colcon_core.environment:checking '/home/matthew/ros2_ws/install/status_display/bin'
[7.646s] Level 1:colcon.colcon_core.environment:checking '/home/matthew/ros2_ws/install/status_display/lib/pkgconfig/status_display.pc'
[7.646s] Level 1:colcon.colcon_core.environment:checking '/home/matthew/ros2_ws/install/status_display/lib/python3.10/site-packages'
[7.647s] Level 1:colcon.colcon_core.shell:create_environment_hook('status_display', 'pythonpath')
[7.648s] INFO:colcon.colcon_core.shell:Creating environment hook '/home/matthew/ros2_ws/install/status_display/share/status_display/hook/pythonpath.ps1'
[7.650s] INFO:colcon.colcon_core.shell:Creating environment descriptor '/home/matthew/ros2_ws/install/status_display/share/status_display/hook/pythonpath.dsv'
[7.651s] INFO:colcon.colcon_core.shell:Creating environment hook '/home/matthew/ros2_ws/install/status_display/share/status_display/hook/pythonpath.sh'
[7.653s] Level 1:colcon.colcon_core.environment:checking '/home/matthew/ros2_ws/install/status_display/bin'
[7.653s] Level 1:colcon.colcon_core.environment:create_environment_scripts_only(status_display)
[7.655s] INFO:colcon.colcon_core.shell:Creating package script '/home/matthew/ros2_ws/install/status_display/share/status_display/package.ps1'
[7.657s] INFO:colcon.colcon_core.shell:Creating package descriptor '/home/matthew/ros2_ws/install/status_display/share/status_display/package.dsv'
[7.658s] INFO:colcon.colcon_core.shell:Creating package script '/home/matthew/ros2_ws/install/status_display/share/status_display/package.sh'
[7.660s] INFO:colcon.colcon_core.shell:Creating package script '/home/matthew/ros2_ws/install/status_display/share/status_display/package.bash'
[7.661s] INFO:colcon.colcon_core.shell:Creating package script '/home/matthew/ros2_ws/install/status_display/share/status_display/package.zsh'
[7.663s] Level 1:colcon.colcon_core.environment:create_file_with_runtime_dependencies(/home/matthew/ros2_ws/install/status_display/share/colcon-core/packages/status_display)
[7.664s] DEBUG:colcon.colcon_parallel_executor.executor.parallel:closing loop
[7.665s] DEBUG:colcon.colcon_parallel_executor.executor.parallel:loop closed
[7.665s] DEBUG:colcon.colcon_parallel_executor.executor.parallel:run_until_complete finished with '0'
[7.666s] DEBUG:colcon.colcon_core.event_reactor:joining thread
[7.686s] INFO:colcon.colcon_core.plugin_system:Skipping extension 'colcon_notification.desktop_notification.terminal_notifier': Not used on non-Darwin systems
[7.686s] INFO:colcon.colcon_core.plugin_system:Skipping extension 'colcon_notification.desktop_notification.win32': Not used on non-Windows systems
[7.686s] INFO:colcon.colcon_notification.desktop_notification:Sending desktop notification using 'notify2'
[7.730s] DEBUG:colcon.colcon_core.event_reactor:joined thread
[7.731s] INFO:colcon.colcon_core.shell:Creating prefix script '/home/matthew/ros2_ws/install/local_setup.ps1'
[7.735s] INFO:colcon.colcon_core.shell:Creating prefix util module '/home/matthew/ros2_ws/install/_local_setup_util_ps1.py'
[7.740s] INFO:colcon.colcon_core.shell:Creating prefix chain script '/home/matthew/ros2_ws/install/setup.ps1'
[7.744s] INFO:colcon.colcon_core.shell:Creating prefix script '/home/matthew/ros2_ws/install/local_setup.sh'
[7.746s] INFO:colcon.colcon_core.shell:Creating prefix util module '/home/matthew/ros2_ws/install/_local_setup_util_sh.py'
[7.752s] INFO:colcon.colcon_core.shell:Creating prefix chain script '/home/matthew/ros2_ws/install/setup.sh'
[7.755s] INFO:colcon.colcon_core.shell:Creating prefix script '/home/matthew/ros2_ws/install/local_setup.bash'
[7.756s] INFO:colcon.colcon_core.shell:Creating prefix chain script '/home/matthew/ros2_ws/install/setup.bash'
[7.758s] INFO:colcon.colcon_core.shell:Creating prefix script '/home/matthew/ros2_ws/install/local_setup.zsh'
[7.759s] INFO:colcon.colcon_core.shell:Creating prefix chain script '/home/matthew/ros2_ws/install/setup.zsh'
