[0.079s] Invoking command in '/home/matthew/nav2_ws/build/nav_2d_utils': AMENT_PREFIX_PATH=/home/matthew/nav2_ws/install/nav2_util:/home/matthew/nav2_ws/install/nav2_msgs:/home/matthew/nav2_ws/install/nav_2d_msgs:/home/matthew/nav2_ws/install/nav2_common:${AMENT_PREFIX_PATH} CMAKE_PREFIX_PATH=/home/matthew/nav2_ws/install/nav2_util:/home/matthew/nav2_ws/install/nav2_msgs:/home/matthew/nav2_ws/install/nav_2d_msgs:/home/matthew/nav2_ws/install/nav2_common:/home/matthew/ros2_ws/install/ros2_laser_scan_matcher:/home/matthew/ros2_ws/install/opennav_docking_core:/home/matthew/ros2_ws/install/my_robot_description:/home/matthew/ros2_ws/install/map_msgs:/home/matthew/ros2_ws/install/fake_odometry:/home/matthew/ros2_ws/install/dwb_msgs:/home/matthew/ros2_ws/install/csm:/opt/ros/iron LD_LIBRARY_PATH=/home/matthew/nav2_ws/install/nav2_util/lib:/home/matthew/nav2_ws/install/nav2_msgs/lib:/home/matthew/nav2_ws/install/nav_2d_msgs/lib:${LD_LIBRARY_PATH} PYTHONPATH=/home/matthew/nav2_ws/install/nav2_msgs/lib/python3.10/site-packages:/home/matthew/nav2_ws/install/nav_2d_msgs/lib/python3.10/site-packages:/home/matthew/nav2_ws/install/nav2_common/lib/python3.10/site-packages:${PYTHONPATH} /usr/bin/cmake --build /home/matthew/nav2_ws/build/nav_2d_utils -- -j6 -l6
[0.257s] [ 12%] Built target path_ops
[0.290s] [ 25%] Built target gtest_main
[0.321s] [ 37%] Built target conversions
[0.353s] [ 50%] Built target gtest
[0.488s] [ 62%] Built target path_ops_tests
[0.503s] [ 87%] Built target tf_help
[0.530s] [ 87%] Built target 2d_utils_tests
[0.694s] [100%] Built target tf_help_tests
[0.722s] Invoked command in '/home/matthew/nav2_ws/build/nav_2d_utils' returned '0': AMENT_PREFIX_PATH=/home/matthew/nav2_ws/install/nav2_util:/home/matthew/nav2_ws/install/nav2_msgs:/home/matthew/nav2_ws/install/nav_2d_msgs:/home/matthew/nav2_ws/install/nav2_common:${AMENT_PREFIX_PATH} CMAKE_PREFIX_PATH=/home/matthew/nav2_ws/install/nav2_util:/home/matthew/nav2_ws/install/nav2_msgs:/home/matthew/nav2_ws/install/nav_2d_msgs:/home/matthew/nav2_ws/install/nav2_common:/home/matthew/ros2_ws/install/ros2_laser_scan_matcher:/home/matthew/ros2_ws/install/opennav_docking_core:/home/matthew/ros2_ws/install/my_robot_description:/home/matthew/ros2_ws/install/map_msgs:/home/matthew/ros2_ws/install/fake_odometry:/home/matthew/ros2_ws/install/dwb_msgs:/home/matthew/ros2_ws/install/csm:/opt/ros/iron LD_LIBRARY_PATH=/home/matthew/nav2_ws/install/nav2_util/lib:/home/matthew/nav2_ws/install/nav2_msgs/lib:/home/matthew/nav2_ws/install/nav_2d_msgs/lib:${LD_LIBRARY_PATH} PYTHONPATH=/home/matthew/nav2_ws/install/nav2_msgs/lib/python3.10/site-packages:/home/matthew/nav2_ws/install/nav_2d_msgs/lib/python3.10/site-packages:/home/matthew/nav2_ws/install/nav2_common/lib/python3.10/site-packages:${PYTHONPATH} /usr/bin/cmake --build /home/matthew/nav2_ws/build/nav_2d_utils -- -j6 -l6
[0.735s] Invoking command in '/home/matthew/nav2_ws/build/nav_2d_utils': AMENT_PREFIX_PATH=/home/matthew/nav2_ws/install/nav2_util:/home/matthew/nav2_ws/install/nav2_msgs:/home/matthew/nav2_ws/install/nav_2d_msgs:/home/matthew/nav2_ws/install/nav2_common:${AMENT_PREFIX_PATH} CMAKE_PREFIX_PATH=/home/matthew/nav2_ws/install/nav2_util:/home/matthew/nav2_ws/install/nav2_msgs:/home/matthew/nav2_ws/install/nav_2d_msgs:/home/matthew/nav2_ws/install/nav2_common:/home/matthew/ros2_ws/install/ros2_laser_scan_matcher:/home/matthew/ros2_ws/install/opennav_docking_core:/home/matthew/ros2_ws/install/my_robot_description:/home/matthew/ros2_ws/install/map_msgs:/home/matthew/ros2_ws/install/fake_odometry:/home/matthew/ros2_ws/install/dwb_msgs:/home/matthew/ros2_ws/install/csm:/opt/ros/iron LD_LIBRARY_PATH=/home/matthew/nav2_ws/install/nav2_util/lib:/home/matthew/nav2_ws/install/nav2_msgs/lib:/home/matthew/nav2_ws/install/nav_2d_msgs/lib:${LD_LIBRARY_PATH} PYTHONPATH=/home/matthew/nav2_ws/install/nav2_msgs/lib/python3.10/site-packages:/home/matthew/nav2_ws/install/nav_2d_msgs/lib/python3.10/site-packages:/home/matthew/nav2_ws/install/nav2_common/lib/python3.10/site-packages:${PYTHONPATH} /usr/bin/cmake --install /home/matthew/nav2_ws/build/nav_2d_utils
[0.761s] -- Install configuration: "Release"
[0.762s] -- Execute custom install script
[0.762s] -- Up-to-date symlink: /home/matthew/nav2_ws/install/nav_2d_utils/lib/libconversions.so
[0.762s] -- Up-to-date symlink: /home/matthew/nav2_ws/install/nav_2d_utils/lib/libpath_ops.so
[0.763s] -- Up-to-date symlink: /home/matthew/nav2_ws/install/nav_2d_utils/lib/libtf_help.so
[0.765s] -- Up-to-date symlink: /home/matthew/nav2_ws/install/nav_2d_utils/include//nav_2d_utils/conversions.hpp
[0.765s] -- Up-to-date symlink: /home/matthew/nav2_ws/install/nav_2d_utils/include//nav_2d_utils/odom_subscriber.hpp
[0.766s] -- Up-to-date symlink: /home/matthew/nav2_ws/install/nav_2d_utils/include//nav_2d_utils/parameters.hpp
[0.767s] -- Up-to-date symlink: /home/matthew/nav2_ws/install/nav_2d_utils/include//nav_2d_utils/path_ops.hpp
[0.767s] -- Up-to-date symlink: /home/matthew/nav2_ws/install/nav_2d_utils/include//nav_2d_utils/tf_help.hpp
[0.769s] -- Up-to-date symlink: /home/matthew/nav2_ws/install/nav_2d_utils/share/nav_2d_utils/environment/library_path.sh
[0.769s] -- Up-to-date symlink: /home/matthew/nav2_ws/install/nav_2d_utils/share/nav_2d_utils/environment/library_path.dsv
[0.770s] -- Up-to-date symlink: /home/matthew/nav2_ws/install/nav_2d_utils/share/ament_index/resource_index/package_run_dependencies/nav_2d_utils
[0.771s] -- Up-to-date symlink: /home/matthew/nav2_ws/install/nav_2d_utils/share/ament_index/resource_index/parent_prefix_path/nav_2d_utils
[0.772s] -- Up-to-date symlink: /home/matthew/nav2_ws/install/nav_2d_utils/share/nav_2d_utils/environment/ament_prefix_path.sh
[0.773s] -- Up-to-date symlink: /home/matthew/nav2_ws/install/nav_2d_utils/share/nav_2d_utils/environment/ament_prefix_path.dsv
[0.774s] -- Up-to-date symlink: /home/matthew/nav2_ws/install/nav_2d_utils/share/nav_2d_utils/environment/path.sh
[0.774s] -- Up-to-date symlink: /home/matthew/nav2_ws/install/nav_2d_utils/share/nav_2d_utils/environment/path.dsv
[0.775s] -- Up-to-date symlink: /home/matthew/nav2_ws/install/nav_2d_utils/share/nav_2d_utils/local_setup.bash
[0.776s] -- Up-to-date symlink: /home/matthew/nav2_ws/install/nav_2d_utils/share/nav_2d_utils/local_setup.sh
[0.776s] -- Up-to-date symlink: /home/matthew/nav2_ws/install/nav_2d_utils/share/nav_2d_utils/local_setup.zsh
[0.777s] -- Up-to-date symlink: /home/matthew/nav2_ws/install/nav_2d_utils/share/nav_2d_utils/local_setup.dsv
[0.777s] -- Symlinking: /home/matthew/nav2_ws/install/nav_2d_utils/share/nav_2d_utils/package.dsv
[0.805s] -- Up-to-date symlink: /home/matthew/nav2_ws/install/nav_2d_utils/share/ament_index/resource_index/packages/nav_2d_utils
[0.805s] -- Up-to-date symlink: /home/matthew/nav2_ws/install/nav_2d_utils/share/nav_2d_utils/cmake/ament_cmake_export_include_directories-extras.cmake
[0.806s] -- Up-to-date symlink: /home/matthew/nav2_ws/install/nav_2d_utils/share/nav_2d_utils/cmake/ament_cmake_export_libraries-extras.cmake
[0.806s] -- Up-to-date symlink: /home/matthew/nav2_ws/install/nav_2d_utils/share/nav_2d_utils/cmake/ament_cmake_export_dependencies-extras.cmake
[0.806s] -- Up-to-date symlink: /home/matthew/nav2_ws/install/nav_2d_utils/share/nav_2d_utils/cmake/nav_2d_utilsConfig.cmake
[0.806s] -- Up-to-date symlink: /home/matthew/nav2_ws/install/nav_2d_utils/share/nav_2d_utils/cmake/nav_2d_utilsConfig-version.cmake
[0.807s] -- Up-to-date symlink: /home/matthew/nav2_ws/install/nav_2d_utils/share/nav_2d_utils/package.xml
[0.816s] Invoked command in '/home/matthew/nav2_ws/build/nav_2d_utils' returned '0': AMENT_PREFIX_PATH=/home/matthew/nav2_ws/install/nav2_util:/home/matthew/nav2_ws/install/nav2_msgs:/home/matthew/nav2_ws/install/nav_2d_msgs:/home/matthew/nav2_ws/install/nav2_common:${AMENT_PREFIX_PATH} CMAKE_PREFIX_PATH=/home/matthew/nav2_ws/install/nav2_util:/home/matthew/nav2_ws/install/nav2_msgs:/home/matthew/nav2_ws/install/nav_2d_msgs:/home/matthew/nav2_ws/install/nav2_common:/home/matthew/ros2_ws/install/ros2_laser_scan_matcher:/home/matthew/ros2_ws/install/opennav_docking_core:/home/matthew/ros2_ws/install/my_robot_description:/home/matthew/ros2_ws/install/map_msgs:/home/matthew/ros2_ws/install/fake_odometry:/home/matthew/ros2_ws/install/dwb_msgs:/home/matthew/ros2_ws/install/csm:/opt/ros/iron LD_LIBRARY_PATH=/home/matthew/nav2_ws/install/nav2_util/lib:/home/matthew/nav2_ws/install/nav2_msgs/lib:/home/matthew/nav2_ws/install/nav_2d_msgs/lib:${LD_LIBRARY_PATH} PYTHONPATH=/home/matthew/nav2_ws/install/nav2_msgs/lib/python3.10/site-packages:/home/matthew/nav2_ws/install/nav_2d_msgs/lib/python3.10/site-packages:/home/matthew/nav2_ws/install/nav2_common/lib/python3.10/site-packages:${PYTHONPATH} /usr/bin/cmake --install /home/matthew/nav2_ws/build/nav_2d_utils
