[0.087s] Invoking command in '/home/matthew/nav2_ws/build/nav_2d_utils': AMENT_PREFIX_PATH=/home/matthew/nav2_ws/install/nav2_util:/home/matthew/nav2_ws/install/nav2_msgs:/home/matthew/nav2_ws/install/nav_2d_msgs:/home/matthew/nav2_ws/install/nav2_common:${AMENT_PREFIX_PATH} CMAKE_PREFIX_PATH=/home/matthew/nav2_ws/install/nav2_util:/home/matthew/nav2_ws/install/nav2_msgs:/home/matthew/nav2_ws/install/nav_2d_msgs:/home/matthew/nav2_ws/install/nav2_common:/opt/ros/iron LD_LIBRARY_PATH=/home/matthew/nav2_ws/install/nav2_util/lib:/home/matthew/nav2_ws/install/nav2_msgs/lib:/home/matthew/nav2_ws/install/nav_2d_msgs/lib:${LD_LIBRARY_PATH} PYTHONPATH=/home/matthew/nav2_ws/install/nav2_msgs/lib/python3.10/site-packages:/home/matthew/nav2_ws/install/nav_2d_msgs/lib/python3.10/site-packages:/home/matthew/nav2_ws/install/nav2_common/lib/python3.10/site-packages:${PYTHONPATH} /usr/bin/cmake --build /home/matthew/nav2_ws/build/nav_2d_utils -- -j6 -l6
[0.238s] [35m[1mConsolidate compiler generated dependencies of target conversions[0m
[0.258s] [35m[1mConsolidate compiler generated dependencies of target gtest[0m
[0.266s] [35m[1mConsolidate compiler generated dependencies of target path_ops[0m
[0.297s] [35m[1mConsolidate compiler generated dependencies of target gtest_main[0m
[0.308s] [ 12%] Built target conversions
[0.345s] [ 25%] Built target gtest
[0.362s] [ 37%] Built target path_ops
[0.408s] [ 50%] Built target gtest_main
[0.418s] [35m[1mConsolidate compiler generated dependencies of target tf_help[0m
[0.485s] [35m[1mConsolidate compiler generated dependencies of target 2d_utils_tests[0m
[0.527s] [ 62%] Built target tf_help
[0.554s] [35m[1mConsolidate compiler generated dependencies of target path_ops_tests[0m
[0.574s] [ 75%] Built target 2d_utils_tests
[0.636s] [35m[1mConsolidate compiler generated dependencies of target tf_help_tests[0m
[0.638s] [ 87%] Built target path_ops_tests
[0.727s] [100%] Built target tf_help_tests
[0.811s] Invoked command in '/home/matthew/nav2_ws/build/nav_2d_utils' returned '0': AMENT_PREFIX_PATH=/home/matthew/nav2_ws/install/nav2_util:/home/matthew/nav2_ws/install/nav2_msgs:/home/matthew/nav2_ws/install/nav_2d_msgs:/home/matthew/nav2_ws/install/nav2_common:${AMENT_PREFIX_PATH} CMAKE_PREFIX_PATH=/home/matthew/nav2_ws/install/nav2_util:/home/matthew/nav2_ws/install/nav2_msgs:/home/matthew/nav2_ws/install/nav_2d_msgs:/home/matthew/nav2_ws/install/nav2_common:/opt/ros/iron LD_LIBRARY_PATH=/home/matthew/nav2_ws/install/nav2_util/lib:/home/matthew/nav2_ws/install/nav2_msgs/lib:/home/matthew/nav2_ws/install/nav_2d_msgs/lib:${LD_LIBRARY_PATH} PYTHONPATH=/home/matthew/nav2_ws/install/nav2_msgs/lib/python3.10/site-packages:/home/matthew/nav2_ws/install/nav_2d_msgs/lib/python3.10/site-packages:/home/matthew/nav2_ws/install/nav2_common/lib/python3.10/site-packages:${PYTHONPATH} /usr/bin/cmake --build /home/matthew/nav2_ws/build/nav_2d_utils -- -j6 -l6
[0.822s] Invoking command in '/home/matthew/nav2_ws/build/nav_2d_utils': AMENT_PREFIX_PATH=/home/matthew/nav2_ws/install/nav2_util:/home/matthew/nav2_ws/install/nav2_msgs:/home/matthew/nav2_ws/install/nav_2d_msgs:/home/matthew/nav2_ws/install/nav2_common:${AMENT_PREFIX_PATH} CMAKE_PREFIX_PATH=/home/matthew/nav2_ws/install/nav2_util:/home/matthew/nav2_ws/install/nav2_msgs:/home/matthew/nav2_ws/install/nav_2d_msgs:/home/matthew/nav2_ws/install/nav2_common:/opt/ros/iron LD_LIBRARY_PATH=/home/matthew/nav2_ws/install/nav2_util/lib:/home/matthew/nav2_ws/install/nav2_msgs/lib:/home/matthew/nav2_ws/install/nav_2d_msgs/lib:${LD_LIBRARY_PATH} PYTHONPATH=/home/matthew/nav2_ws/install/nav2_msgs/lib/python3.10/site-packages:/home/matthew/nav2_ws/install/nav_2d_msgs/lib/python3.10/site-packages:/home/matthew/nav2_ws/install/nav2_common/lib/python3.10/site-packages:${PYTHONPATH} /usr/bin/cmake --install /home/matthew/nav2_ws/build/nav_2d_utils
[0.847s] -- Install configuration: "Release"
[0.848s] -- Execute custom install script
[0.850s] -- Up-to-date symlink: /home/matthew/nav2_ws/install/nav_2d_utils/lib/libconversions.so
[0.850s] -- Up-to-date symlink: /home/matthew/nav2_ws/install/nav_2d_utils/lib/libpath_ops.so
[0.850s] -- Up-to-date symlink: /home/matthew/nav2_ws/install/nav_2d_utils/lib/libtf_help.so
[0.853s] -- Up-to-date symlink: /home/matthew/nav2_ws/install/nav_2d_utils/include//nav_2d_utils/conversions.hpp
[0.855s] -- Up-to-date symlink: /home/matthew/nav2_ws/install/nav_2d_utils/include//nav_2d_utils/odom_subscriber.hpp
[0.857s] -- Up-to-date symlink: /home/matthew/nav2_ws/install/nav_2d_utils/include//nav_2d_utils/parameters.hpp
[0.857s] -- Up-to-date symlink: /home/matthew/nav2_ws/install/nav_2d_utils/include//nav_2d_utils/path_ops.hpp
[0.861s] -- Up-to-date symlink: /home/matthew/nav2_ws/install/nav_2d_utils/include//nav_2d_utils/tf_help.hpp
[0.861s] -- Up-to-date symlink: /home/matthew/nav2_ws/install/nav_2d_utils/share/nav_2d_utils/environment/library_path.sh
[0.861s] -- Up-to-date symlink: /home/matthew/nav2_ws/install/nav_2d_utils/share/nav_2d_utils/environment/library_path.dsv
[0.863s] -- Up-to-date symlink: /home/matthew/nav2_ws/install/nav_2d_utils/share/ament_index/resource_index/package_run_dependencies/nav_2d_utils
[0.865s] -- Up-to-date symlink: /home/matthew/nav2_ws/install/nav_2d_utils/share/ament_index/resource_index/parent_prefix_path/nav_2d_utils
[0.865s] -- Up-to-date symlink: /home/matthew/nav2_ws/install/nav_2d_utils/share/nav_2d_utils/environment/ament_prefix_path.sh
[0.868s] -- Up-to-date symlink: /home/matthew/nav2_ws/install/nav_2d_utils/share/nav_2d_utils/environment/ament_prefix_path.dsv
[0.868s] -- Up-to-date symlink: /home/matthew/nav2_ws/install/nav_2d_utils/share/nav_2d_utils/environment/path.sh
[0.869s] -- Up-to-date symlink: /home/matthew/nav2_ws/install/nav_2d_utils/share/nav_2d_utils/environment/path.dsv
[0.870s] -- Up-to-date symlink: /home/matthew/nav2_ws/install/nav_2d_utils/share/nav_2d_utils/local_setup.bash
[0.870s] -- Up-to-date symlink: /home/matthew/nav2_ws/install/nav_2d_utils/share/nav_2d_utils/local_setup.sh
[0.871s] -- Up-to-date symlink: /home/matthew/nav2_ws/install/nav_2d_utils/share/nav_2d_utils/local_setup.zsh
[0.872s] -- Up-to-date symlink: /home/matthew/nav2_ws/install/nav_2d_utils/share/nav_2d_utils/local_setup.dsv
[0.872s] -- Symlinking: /home/matthew/nav2_ws/install/nav_2d_utils/share/nav_2d_utils/package.dsv
[0.926s] -- Up-to-date symlink: /home/matthew/nav2_ws/install/nav_2d_utils/share/ament_index/resource_index/packages/nav_2d_utils
[0.926s] -- Up-to-date symlink: /home/matthew/nav2_ws/install/nav_2d_utils/share/nav_2d_utils/cmake/ament_cmake_export_include_directories-extras.cmake
[0.926s] -- Up-to-date symlink: /home/matthew/nav2_ws/install/nav_2d_utils/share/nav_2d_utils/cmake/ament_cmake_export_libraries-extras.cmake
[0.926s] -- Up-to-date symlink: /home/matthew/nav2_ws/install/nav_2d_utils/share/nav_2d_utils/cmake/ament_cmake_export_dependencies-extras.cmake
[0.926s] -- Up-to-date symlink: /home/matthew/nav2_ws/install/nav_2d_utils/share/nav_2d_utils/cmake/nav_2d_utilsConfig.cmake
[0.927s] -- Up-to-date symlink: /home/matthew/nav2_ws/install/nav_2d_utils/share/nav_2d_utils/cmake/nav_2d_utilsConfig-version.cmake
[0.927s] -- Up-to-date symlink: /home/matthew/nav2_ws/install/nav_2d_utils/share/nav_2d_utils/package.xml
[0.946s] Invoked command in '/home/matthew/nav2_ws/build/nav_2d_utils' returned '0': AMENT_PREFIX_PATH=/home/matthew/nav2_ws/install/nav2_util:/home/matthew/nav2_ws/install/nav2_msgs:/home/matthew/nav2_ws/install/nav_2d_msgs:/home/matthew/nav2_ws/install/nav2_common:${AMENT_PREFIX_PATH} CMAKE_PREFIX_PATH=/home/matthew/nav2_ws/install/nav2_util:/home/matthew/nav2_ws/install/nav2_msgs:/home/matthew/nav2_ws/install/nav_2d_msgs:/home/matthew/nav2_ws/install/nav2_common:/opt/ros/iron LD_LIBRARY_PATH=/home/matthew/nav2_ws/install/nav2_util/lib:/home/matthew/nav2_ws/install/nav2_msgs/lib:/home/matthew/nav2_ws/install/nav_2d_msgs/lib:${LD_LIBRARY_PATH} PYTHONPATH=/home/matthew/nav2_ws/install/nav2_msgs/lib/python3.10/site-packages:/home/matthew/nav2_ws/install/nav_2d_msgs/lib/python3.10/site-packages:/home/matthew/nav2_ws/install/nav2_common/lib/python3.10/site-packages:${PYTHONPATH} /usr/bin/cmake --install /home/matthew/nav2_ws/build/nav_2d_utils
