running develop
Removing /home/matthew/ros2_ws/install/static_tf/lib/python3.10/site-packages/static-tf.egg-link (link to .)
running egg_info
writing ../../build/static_tf/static_tf.egg-info/PKG-INFO
writing dependency_links to ../../build/static_tf/static_tf.egg-info/dependency_links.txt
writing entry points to ../../build/static_tf/static_tf.egg-info/entry_points.txt
writing requirements to ../../build/static_tf/static_tf.egg-info/requires.txt
writing top-level names to ../../build/static_tf/static_tf.egg-info/top_level.txt
reading manifest file '../../build/static_tf/static_tf.egg-info/SOURCES.txt'
writing manifest file '../../build/static_tf/static_tf.egg-info/SOURCES.txt'
running build
running build_py
creating /home/matthew/ros2_ws/build/static_tf/build
creating /home/matthew/ros2_ws/build/static_tf/build/lib
creating /home/matthew/ros2_ws/build/static_tf/build/lib/static_tf
copying static_tf/__init__.py -> /home/matthew/ros2_ws/build/static_tf/build/lib/static_tf
copying static_tf/static_tf_node.py -> /home/matthew/ros2_ws/build/static_tf/build/lib/static_tf
running install
running install_lib
creating /home/matthew/ros2_ws/install/static_tf/lib/python3.10/site-packages/static_tf
copying /home/matthew/ros2_ws/build/static_tf/build/lib/static_tf/__init__.py -> /home/matthew/ros2_ws/install/static_tf/lib/python3.10/site-packages/static_tf
copying /home/matthew/ros2_ws/build/static_tf/build/lib/static_tf/static_tf_node.py -> /home/matthew/ros2_ws/install/static_tf/lib/python3.10/site-packages/static_tf
byte-compiling /home/matthew/ros2_ws/install/static_tf/lib/python3.10/site-packages/static_tf/__init__.py to __init__.cpython-310.pyc
byte-compiling /home/matthew/ros2_ws/install/static_tf/lib/python3.10/site-packages/static_tf/static_tf_node.py to static_tf_node.cpython-310.pyc
running install_data
copying resource/static_tf -> /home/matthew/ros2_ws/install/static_tf/share/ament_index/resource_index/packages
copying package.xml -> /home/matthew/ros2_ws/install/static_tf/share/static_tf
running install_egg_info
Copying ../../build/static_tf/static_tf.egg-info to /home/matthew/ros2_ws/install/static_tf/lib/python3.10/site-packages/static_tf-0.0.0-py3.10.egg-info
running install_scripts
Installing static_tf_node script to /home/matthew/ros2_ws/install/static_tf/lib/static_tf
writing list of installed files to '/home/matthew/ros2_ws/build/static_tf/install.log'
