[2.001s] Invoking command in '/home/matthew/ros2_ws/build/static_tf': PYTHONPATH=/home/matthew/ros2_ws/build/static_tf/prefix_override:/usr/lib/python3/dist-packages/colcon_core/task/python/colcon_distutils_commands:/home/matthew/ros2_ws/install/static_tf/lib/python3.10/site-packages:${PYTHONPATH} /usr/bin/python3 -W ignore:setup.py install is deprecated -W ignore:easy_install command is deprecated setup.py develop --uninstall --editable --build-directory /home/matthew/ros2_ws/build/static_tf/build
[2.602s] running develop
[3.005s] Removing /home/matthew/ros2_ws/install/static_tf/lib/python3.10/site-packages/static-tf.egg-link (link to .)
[3.095s] Invoked command in '/home/matthew/ros2_ws/build/static_tf' returned '0': PYTHONPATH=/home/matthew/ros2_ws/build/static_tf/prefix_override:/usr/lib/python3/dist-packages/colcon_core/task/python/colcon_distutils_commands:/home/matthew/ros2_ws/install/static_tf/lib/python3.10/site-packages:${PYTHONPATH} /usr/bin/python3 -W ignore:setup.py install is deprecated -W ignore:easy_install command is deprecated setup.py develop --uninstall --editable --build-directory /home/matthew/ros2_ws/build/static_tf/build
[3.098s] Invoking command in '/home/matthew/ros2_ws/src/static_tf': PYTHONPATH=/home/matthew/ros2_ws/build/static_tf/prefix_override:/usr/lib/python3/dist-packages/colcon_core/task/python/colcon_distutils_commands:/home/matthew/ros2_ws/install/static_tf/lib/python3.10/site-packages:${PYTHONPATH} /usr/bin/python3 -W ignore:setup.py install is deprecated -W ignore:easy_install command is deprecated setup.py egg_info --egg-base ../../build/static_tf build --build-base /home/matthew/ros2_ws/build/static_tf/build install --record /home/matthew/ros2_ws/build/static_tf/install.log --single-version-externally-managed install_data --force
[3.643s] running egg_info
[3.645s] writing ../../build/static_tf/static_tf.egg-info/PKG-INFO
[3.645s] writing dependency_links to ../../build/static_tf/static_tf.egg-info/dependency_links.txt
[3.646s] writing entry points to ../../build/static_tf/static_tf.egg-info/entry_points.txt
[3.646s] writing requirements to ../../build/static_tf/static_tf.egg-info/requires.txt
[3.646s] writing top-level names to ../../build/static_tf/static_tf.egg-info/top_level.txt
[3.651s] reading manifest file '../../build/static_tf/static_tf.egg-info/SOURCES.txt'
[3.652s] writing manifest file '../../build/static_tf/static_tf.egg-info/SOURCES.txt'
[3.653s] running build
[3.653s] running build_py
[3.653s] creating /home/matthew/ros2_ws/build/static_tf/build
[3.654s] creating /home/matthew/ros2_ws/build/static_tf/build/lib
[3.654s] creating /home/matthew/ros2_ws/build/static_tf/build/lib/static_tf
[3.654s] copying static_tf/__init__.py -> /home/matthew/ros2_ws/build/static_tf/build/lib/static_tf
[3.654s] copying static_tf/static_tf_node.py -> /home/matthew/ros2_ws/build/static_tf/build/lib/static_tf
[3.655s] running install
[3.656s] running install_lib
[3.657s] creating /home/matthew/ros2_ws/install/static_tf/lib/python3.10/site-packages/static_tf
[3.658s] copying /home/matthew/ros2_ws/build/static_tf/build/lib/static_tf/__init__.py -> /home/matthew/ros2_ws/install/static_tf/lib/python3.10/site-packages/static_tf
[3.658s] copying /home/matthew/ros2_ws/build/static_tf/build/lib/static_tf/static_tf_node.py -> /home/matthew/ros2_ws/install/static_tf/lib/python3.10/site-packages/static_tf
[3.659s] byte-compiling /home/matthew/ros2_ws/install/static_tf/lib/python3.10/site-packages/static_tf/__init__.py to __init__.cpython-310.pyc
[3.660s] byte-compiling /home/matthew/ros2_ws/install/static_tf/lib/python3.10/site-packages/static_tf/static_tf_node.py to static_tf_node.cpython-310.pyc
[3.661s] running install_data
[3.661s] copying resource/static_tf -> /home/matthew/ros2_ws/install/static_tf/share/ament_index/resource_index/packages
[3.662s] copying package.xml -> /home/matthew/ros2_ws/install/static_tf/share/static_tf
[3.662s] running install_egg_info
[3.666s] Copying ../../build/static_tf/static_tf.egg-info to /home/matthew/ros2_ws/install/static_tf/lib/python3.10/site-packages/static_tf-0.0.0-py3.10.egg-info
[3.668s] running install_scripts
[3.711s] Installing static_tf_node script to /home/matthew/ros2_ws/install/static_tf/lib/static_tf
[3.712s] writing list of installed files to '/home/matthew/ros2_ws/build/static_tf/install.log'
[4.047s] Invoked command in '/home/matthew/ros2_ws/src/static_tf' returned '0': PYTHONPATH=/home/matthew/ros2_ws/build/static_tf/prefix_override:/usr/lib/python3/dist-packages/colcon_core/task/python/colcon_distutils_commands:/home/matthew/ros2_ws/install/static_tf/lib/python3.10/site-packages:${PYTHONPATH} /usr/bin/python3 -W ignore:setup.py install is deprecated -W ignore:easy_install command is deprecated setup.py egg_info --egg-base ../../build/static_tf build --build-base /home/matthew/ros2_ws/build/static_tf/build install --record /home/matthew/ros2_ws/build/static_tf/install.log --single-version-externally-managed install_data --force
