[0.078s] Invoking command in '/home/matthew/nav2_ws/build/nav2_minimal_tb4_description': CMAKE_PREFIX_PATH=${CMAKE_PREFIX_PATH}:/opt/ros/iron /usr/bin/cmake /home/matthew/nav2_ws/src/nav2_minimal_turtlebot_simulation/nav2_minimal_tb4_description -DAMENT_CMAKE_SYMLINK_INSTALL=1 -DCMAKE_INSTALL_PREFIX=/home/matthew/nav2_ws/install/nav2_minimal_tb4_description
[0.634s] -- The C compiler identification is GNU 11.4.0
[1.054s] -- The CXX compiler identification is GNU 11.4.0
[1.071s] -- Detecting C compiler ABI info
[1.211s] -- Detecting C compiler ABI info - done
[1.228s] -- Check for working C compiler: /usr/bin/cc - skipped
[1.229s] -- Detecting C compile features
[1.231s] -- Detecting C compile features - done
[1.241s] -- Detecting CXX compiler ABI info
[1.401s] -- Detecting CXX compiler ABI info - done
[1.406s] -- Check for working CXX compiler: /usr/bin/c++ - skipped
[1.408s] -- Detecting CXX compile features
[1.414s] -- Detecting CXX compile features - done
[1.429s] -- Found ament_cmake: 2.0.7 (/opt/ros/iron/share/ament_cmake/cmake)
[1.849s] -- Found Python3: /usr/bin/python3.10 (found version "3.10.12") found components: Interpreter 
[2.045s] -- Override CMake install command with custom implementation using symlinks instead of copying resources
[2.177s] -- Found urdf: 2.8.2 (/opt/ros/iron/share/urdf/cmake)
[2.378s] -- Found xacro: 2.0.11 (/opt/ros/iron/share/xacro/cmake)
[2.384s] -- Found ament_lint_auto: 0.14.4 (/opt/ros/iron/share/ament_lint_auto/cmake)
[2.584s] -- Added test 'copyright' to check source files copyright and LICENSE
[2.590s] -- Added test 'flake8' to check Python code syntax and style conventions
[2.590s] -- Configured 'flake8' exclude dirs and/or files: 
[2.595s] -- Added test 'lint_cmake' to check CMake code style
[2.597s] -- Added test 'pep257' to check Python code against some of the docstring style conventions in PEP 257
[2.611s] -- Added test 'xmllint' to check XML markup files
[2.617s] -- Configuring done
[2.631s] -- Generating done
[2.638s] -- Build files have been written to: /home/matthew/nav2_ws/build/nav2_minimal_tb4_description
[2.659s] Invoked command in '/home/matthew/nav2_ws/build/nav2_minimal_tb4_description' returned '0': CMAKE_PREFIX_PATH=${CMAKE_PREFIX_PATH}:/opt/ros/iron /usr/bin/cmake /home/matthew/nav2_ws/src/nav2_minimal_turtlebot_simulation/nav2_minimal_tb4_description -DAMENT_CMAKE_SYMLINK_INSTALL=1 -DCMAKE_INSTALL_PREFIX=/home/matthew/nav2_ws/install/nav2_minimal_tb4_description
[2.664s] Invoking command in '/home/matthew/nav2_ws/build/nav2_minimal_tb4_description': CMAKE_PREFIX_PATH=${CMAKE_PREFIX_PATH}:/opt/ros/iron /usr/bin/cmake --build /home/matthew/nav2_ws/build/nav2_minimal_tb4_description -- -j6 -l6
[2.743s] Invoked command in '/home/matthew/nav2_ws/build/nav2_minimal_tb4_description' returned '0': CMAKE_PREFIX_PATH=${CMAKE_PREFIX_PATH}:/opt/ros/iron /usr/bin/cmake --build /home/matthew/nav2_ws/build/nav2_minimal_tb4_description -- -j6 -l6
[2.746s] Invoking command in '/home/matthew/nav2_ws/build/nav2_minimal_tb4_description': CMAKE_PREFIX_PATH=${CMAKE_PREFIX_PATH}:/opt/ros/iron /usr/bin/cmake --install /home/matthew/nav2_ws/build/nav2_minimal_tb4_description
[2.760s] -- Install configuration: ""
[2.761s] -- Execute custom install script
[2.763s] -- Symlinking: /home/matthew/nav2_ws/install/nav2_minimal_tb4_description/share/nav2_minimal_tb4_description/environment/tb4_description.dsv
[2.803s] -- Symlinking: /home/matthew/nav2_ws/install/nav2_minimal_tb4_description/share/nav2_minimal_tb4_description/launch/robot_description.launch.py
[2.816s] -- Symlinking: /home/matthew/nav2_ws/install/nav2_minimal_tb4_description/share/nav2_minimal_tb4_description/meshes/body_visual.dae
[2.832s] -- Symlinking: /home/matthew/nav2_ws/install/nav2_minimal_tb4_description/share/nav2_minimal_tb4_description/meshes/bumper_collision.dae
[2.847s] -- Symlinking: /home/matthew/nav2_ws/install/nav2_minimal_tb4_description/share/nav2_minimal_tb4_description/meshes/bumper_visual.dae
[2.868s] -- Symlinking: /home/matthew/nav2_ws/install/nav2_minimal_tb4_description/share/nav2_minimal_tb4_description/meshes/camera_bracket.dae
[2.886s] -- Symlinking: /home/matthew/nav2_ws/install/nav2_minimal_tb4_description/share/nav2_minimal_tb4_description/meshes/oakd_pro.dae
[2.907s] -- Symlinking: /home/matthew/nav2_ws/install/nav2_minimal_tb4_description/share/nav2_minimal_tb4_description/meshes/rplidar.dae
[2.925s] -- Symlinking: /home/matthew/nav2_ws/install/nav2_minimal_tb4_description/share/nav2_minimal_tb4_description/meshes/shell.dae
[2.944s] -- Symlinking: /home/matthew/nav2_ws/install/nav2_minimal_tb4_description/share/nav2_minimal_tb4_description/meshes/shell_collision.dae
[2.963s] -- Symlinking: /home/matthew/nav2_ws/install/nav2_minimal_tb4_description/share/nav2_minimal_tb4_description/meshes/tower.dae
[2.979s] -- Symlinking: /home/matthew/nav2_ws/install/nav2_minimal_tb4_description/share/nav2_minimal_tb4_description/meshes/tower_sensor_plate.dae
[3.000s] -- Symlinking: /home/matthew/nav2_ws/install/nav2_minimal_tb4_description/share/nav2_minimal_tb4_description/meshes/tower_standoff.dae
[3.018s] -- Symlinking: /home/matthew/nav2_ws/install/nav2_minimal_tb4_description/share/nav2_minimal_tb4_description/meshes/weight_block.dae
[3.037s] -- Symlinking: /home/matthew/nav2_ws/install/nav2_minimal_tb4_description/share/nav2_minimal_tb4_description/urdf/icreate/bumper.urdf.xacro
[3.053s] -- Symlinking: /home/matthew/nav2_ws/install/nav2_minimal_tb4_description/share/nav2_minimal_tb4_description/urdf/icreate/caster.urdf.xacro
[3.073s] -- Symlinking: /home/matthew/nav2_ws/install/nav2_minimal_tb4_description/share/nav2_minimal_tb4_description/urdf/icreate/common_properties.urdf.xacro
[3.096s] -- Symlinking: /home/matthew/nav2_ws/install/nav2_minimal_tb4_description/share/nav2_minimal_tb4_description/urdf/icreate/create3.urdf.xacro
[3.114s] -- Symlinking: /home/matthew/nav2_ws/install/nav2_minimal_tb4_description/share/nav2_minimal_tb4_description/urdf/icreate/sensors/imu.urdf.xacro
[3.131s] -- Symlinking: /home/matthew/nav2_ws/install/nav2_minimal_tb4_description/share/nav2_minimal_tb4_description/urdf/icreate/wheel.urdf.xacro
[3.158s] -- Symlinking: /home/matthew/nav2_ws/install/nav2_minimal_tb4_description/share/nav2_minimal_tb4_description/urdf/sensors/camera_bracket.urdf.xacro
[3.176s] -- Symlinking: /home/matthew/nav2_ws/install/nav2_minimal_tb4_description/share/nav2_minimal_tb4_description/urdf/sensors/oakd.urdf.xacro
[3.200s] -- Symlinking: /home/matthew/nav2_ws/install/nav2_minimal_tb4_description/share/nav2_minimal_tb4_description/urdf/sensors/rplidar.urdf.xacro
[3.220s] -- Symlinking: /home/matthew/nav2_ws/install/nav2_minimal_tb4_description/share/nav2_minimal_tb4_description/urdf/standard/tower_sensor_plate.urdf.xacro
[3.239s] -- Symlinking: /home/matthew/nav2_ws/install/nav2_minimal_tb4_description/share/nav2_minimal_tb4_description/urdf/standard/tower_standoff.urdf.xacro
[3.257s] -- Symlinking: /home/matthew/nav2_ws/install/nav2_minimal_tb4_description/share/nav2_minimal_tb4_description/urdf/standard/turtlebot4.urdf.xacro
[3.275s] -- Symlinking: /home/matthew/nav2_ws/install/nav2_minimal_tb4_description/share/nav2_minimal_tb4_description/urdf/standard/weight_block.urdf.xacro
[3.296s] -- Symlinking: /home/matthew/nav2_ws/install/nav2_minimal_tb4_description/share/nav2_minimal_tb4_description/rviz/config.rviz
[3.326s] -- Symlinking: /home/matthew/nav2_ws/install/nav2_minimal_tb4_description/share/ament_index/resource_index/package_run_dependencies/nav2_minimal_tb4_description
[3.347s] -- Symlinking: /home/matthew/nav2_ws/install/nav2_minimal_tb4_description/share/ament_index/resource_index/parent_prefix_path/nav2_minimal_tb4_description
[3.365s] -- Symlinking: /home/matthew/nav2_ws/install/nav2_minimal_tb4_description/share/nav2_minimal_tb4_description/environment/ament_prefix_path.sh
[3.382s] -- Symlinking: /home/matthew/nav2_ws/install/nav2_minimal_tb4_description/share/nav2_minimal_tb4_description/environment/ament_prefix_path.dsv
[3.399s] -- Symlinking: /home/matthew/nav2_ws/install/nav2_minimal_tb4_description/share/nav2_minimal_tb4_description/environment/path.sh
[3.416s] -- Symlinking: /home/matthew/nav2_ws/install/nav2_minimal_tb4_description/share/nav2_minimal_tb4_description/environment/path.dsv
[3.433s] -- Symlinking: /home/matthew/nav2_ws/install/nav2_minimal_tb4_description/share/nav2_minimal_tb4_description/local_setup.bash
[3.449s] -- Symlinking: /home/matthew/nav2_ws/install/nav2_minimal_tb4_description/share/nav2_minimal_tb4_description/local_setup.sh
[3.466s] -- Symlinking: /home/matthew/nav2_ws/install/nav2_minimal_tb4_description/share/nav2_minimal_tb4_description/local_setup.zsh
[3.482s] -- Symlinking: /home/matthew/nav2_ws/install/nav2_minimal_tb4_description/share/nav2_minimal_tb4_description/local_setup.dsv
[3.499s] -- Symlinking: /home/matthew/nav2_ws/install/nav2_minimal_tb4_description/share/nav2_minimal_tb4_description/package.dsv
[3.518s] -- Symlinking: /home/matthew/nav2_ws/install/nav2_minimal_tb4_description/share/ament_index/resource_index/packages/nav2_minimal_tb4_description
[3.537s] -- Symlinking: /home/matthew/nav2_ws/install/nav2_minimal_tb4_description/share/nav2_minimal_tb4_description/cmake/nav2_minimal_tb4_descriptionConfig.cmake
[3.556s] -- Symlinking: /home/matthew/nav2_ws/install/nav2_minimal_tb4_description/share/nav2_minimal_tb4_description/cmake/nav2_minimal_tb4_descriptionConfig-version.cmake
[3.580s] -- Symlinking: /home/matthew/nav2_ws/install/nav2_minimal_tb4_description/share/nav2_minimal_tb4_description/package.xml
[3.663s] Invoked command in '/home/matthew/nav2_ws/build/nav2_minimal_tb4_description' returned '0': CMAKE_PREFIX_PATH=${CMAKE_PREFIX_PATH}:/opt/ros/iron /usr/bin/cmake --install /home/matthew/nav2_ws/build/nav2_minimal_tb4_description
