[0.064s] Invoking command in '/home/matthew/nav2_ws/build/nav2_behavior_tree': AMENT_PREFIX_PATH=/home/matthew/nav2_ws/install/nav2_util:/home/matthew/nav2_ws/install/nav2_msgs:/home/matthew/nav2_ws/install/nav2_common:${AMENT_PREFIX_PATH} CMAKE_PREFIX_PATH=/home/matthew/nav2_ws/install/nav2_util:/home/matthew/nav2_ws/install/nav2_msgs:/home/matthew/nav2_ws/install/nav2_common:/home/matthew/ros2_ws/install/ros2_laser_scan_matcher:/home/matthew/ros2_ws/install/opennav_docking_core:/home/matthew/ros2_ws/install/my_robot_description:/home/matthew/ros2_ws/install/map_msgs:/home/matthew/ros2_ws/install/fake_odometry:/home/matthew/ros2_ws/install/dwb_msgs:/home/matthew/ros2_ws/install/csm:/opt/ros/iron LD_LIBRARY_PATH=/home/matthew/nav2_ws/install/nav2_util/lib:/home/matthew/nav2_ws/install/nav2_msgs/lib:${LD_LIBRARY_PATH} PYTHONPATH=/home/matthew/nav2_ws/install/nav2_msgs/lib/python3.10/site-packages:/home/matthew/nav2_ws/install/nav2_common/lib/python3.10/site-packages:${PYTHONPATH} /usr/bin/cmake --build /home/matthew/nav2_ws/build/nav2_behavior_tree -- -j6 -l6
[0.299s] [  1%] Built target nav2_compute_path_through_poses_action_bt_node
[0.315s] [  2%] Built target nav2_compute_path_to_pose_action_bt_node
[0.338s] [  3%] Built target nav2_behavior_tree
[0.368s] [  4%] Built target nav2_controller_cancel_bt_node
[0.393s] [  5%] Built target nav2_wait_cancel_bt_node
[0.411s] [  6%] Built target nav2_spin_cancel_bt_node
[0.426s] [  7%] Built target nav2_assisted_teleop_cancel_bt_node
[0.492s] [  8%] Built target nav2_back_up_cancel_bt_node
[0.513s] [  9%] Built target nav2_drive_on_heading_cancel_bt_node
[0.529s] [  9%] Built target nav2_follow_path_action_bt_node
[0.537s] [ 10%] Built target nav2_back_up_action_bt_node
[0.544s] [ 10%] Built target nav2_smooth_path_action_bt_node
[0.575s] [ 11%] Built target nav2_drive_on_heading_bt_node
[0.618s] [ 12%] Built target nav2_spin_action_bt_node
[0.726s] [ 12%] Built target nav2_wait_action_bt_node
[0.728s] [ 13%] Built target nav2_assisted_teleop_action_bt_node
[0.728s] [ 12%] Built target nav2_clear_costmap_service_bt_node
[0.743s] [ 14%] Built target nav2_is_stuck_condition_bt_node
[0.751s] [ 15%] Built target nav2_goal_reached_condition_bt_node
[0.765s] [ 16%] Built target nav2_transform_available_condition_bt_node
[0.815s] [ 17%] Built target nav2_is_path_valid_condition_bt_node
[0.848s] [ 18%] Built target nav2_goal_updated_condition_bt_node
[0.868s] [ 19%] Built target nav2_distance_traveled_condition_bt_node
[0.872s] [ 20%] Built target nav2_globally_updated_goal_condition_bt_node
[0.890s] [ 21%] Built target nav2_path_expiring_timer_condition
[0.909s] [ 22%] Built target nav2_time_expired_condition_bt_node
[0.956s] [ 23%] Built target nav2_initial_pose_received_condition_bt_node
[0.995s] [ 23%] Built target nav2_is_battery_charging_condition_bt_node
[1.000s] [ 24%] Built target nav2_are_error_codes_active_condition_bt_node
[1.008s] [ 25%] Built target nav2_is_battery_low_condition_bt_node
[1.010s] [ 26%] Built target nav2_would_a_planner_recovery_help_condition_bt_node
[1.026s] [ 27%] Built target nav2_would_a_controller_recovery_help_condition_bt_node
[1.101s] [ 28%] Built target nav2_reinitialize_global_localization_service_bt_node
[1.106s] [ 29%] Built target nav2_would_a_smoother_recovery_help_condition_bt_node
[1.126s] [ 30%] Built target nav2_distance_controller_bt_node
[1.126s] [ 31%] Built target nav2_rate_controller_bt_node
[1.141s] [ 32%] Built target nav2_truncate_path_action_bt_node
[1.141s] [ 33%] Built target nav2_speed_controller_bt_node
[1.177s] [ 34%] Built target nav2_truncate_path_local_action_bt_node
[1.216s] [ 35%] Built target nav2_goal_updater_node_bt_node
[1.220s] [ 36%] Built target nav2_recovery_node_bt_node
[1.227s] [ 37%] Built target nav2_path_longer_on_approach_bt_node
[1.253s] [ 38%] Built target nav2_navigate_through_poses_action_bt_node
[1.274s] [ 39%] Built target nav2_navigate_to_pose_action_bt_node
[1.280s] [ 40%] Built target nav2_remove_passed_goals_action_bt_node
[1.311s] [ 41%] Built target nav2_get_pose_from_path_action_bt_node
[1.315s] [ 42%] Built target nav2_round_robin_node_bt_node
[1.326s] [ 42%] Built target nav2_pipeline_sequence_bt_node
[1.326s] [ 43%] Built target nav2_single_trigger_bt_node
[1.388s] [ 44%] Built target nav2_planner_selector_bt_node
[1.392s] [ 45%] Built target nav2_controller_selector_bt_node
[1.412s] [ 46%] Built target nav2_smoother_selector_bt_node
[1.427s] [ 47%] Built target nav2_goal_checker_selector_bt_node
[1.428s] [ 49%] Built target nav2_progress_checker_selector_bt_node
[1.429s] [ 49%] Built target nav2_goal_updated_controller_bt_node
[1.474s] [ 49%] Built target gtest
[1.476s] [ 50%] Built target gtest_main
[1.555s] [ 50%] Built target test_bt_conversions
[1.588s] [ 51%] Built target test_condition_distance_traveled
[1.600s] [ 52%] Built target test_condition_path_expiring_timer
[1.603s] [ 53%] Built target test_condition_goal_reached
[1.606s] [ 54%] Built target test_condition_time_expired
[1.620s] [ 55%] Built target test_condition_goal_updated
[1.669s] [ 56%] Built target test_condition_globally_updated_goal
[1.726s] [ 57%] Built target test_condition_transform_available
[1.735s] [ 58%] Built target test_condition_is_battery_low
[1.736s] [ 59%] Built target test_condition_initial_pose_received
[1.765s] [ 60%] Built target test_condition_is_battery_charging
[1.771s] [ 61%] Built target test_condition_is_stuck
[1.837s] [ 62%] Built target test_would_a_planner_recovery_help
[1.839s] [ 62%] Built target test_condition_is_path_valid
[1.853s] [ 63%] Built target test_are_error_codes_present
[1.885s] [ 64%] Built target test_would_a_controller_recovery_help
[1.907s] [ 65%] Built target test_would_a_smoother_recovery_help
[1.936s] [ 65%] Built target test_decorator_distance_controller
[1.981s] [ 66%] Built target test_decorator_speed_controller
[1.986s] [ 67%] Built target test_single_trigger_node
[1.990s] [ 68%] Built target test_goal_updater_node
[1.991s] [ 69%] Built target test_decorator_rate_controller
[2.018s] [ 70%] Built target test_goal_updated_controller
[2.122s] [ 71%] Built target test_decorator_path_longer_on_approach
[2.132s] [ 72%] Built target test_control_recovery_node
[2.137s] [ 73%] Built target test_control_round_robin_node
[2.138s] [ 74%] Built target test_control_pipeline_sequence
[2.154s] [ 75%] Built target test_bt_action_node
[2.179s] [ 76%] Built target test_action_spin_action
[2.218s] [ 77%] Built target test_action_back_up_action
[2.258s] [ 78%] Built target test_action_drive_on_heading
[2.265s] [ 79%] Built target test_action_controller_cancel_action
[2.272s] [ 80%] Built target test_action_assisted_teleop_action
[2.273s] [ 81%] Built target test_action_wait_action
[2.278s] [ 82%] Built target test_action_wait_cancel_action
[2.318s] [ 83%] Built target test_action_spin_cancel_action
[2.341s] [ 83%] Built target test_action_back_up_cancel_action
[2.354s] [ 84%] Built target test_action_assisted_teleop_cancel_action
[2.366s] [ 85%] Built target test_action_drive_on_heading_cancel_action
[2.369s] [ 87%] Built target test_action_clear_costmap_service
[2.370s] [ 87%] Built target test_action_reinitialize_global_localization_service
[2.414s] [ 88%] Built target test_action_compute_path_to_pose_action
[2.417s] [ 89%] Built target test_action_compute_path_through_poses_action
[2.434s] [ 90%] Built target test_action_smooth_path_action
[2.435s] [ 90%] Built target test_action_navigate_to_pose_action
[2.449s] [ 91%] Built target test_action_follow_path_action
[2.452s] [ 92%] Built target test_action_navigate_through_poses_action
[2.482s] [ 93%] Built target test_truncate_path_action
[2.505s] [ 94%] Built target test_truncate_path_local_action
[2.508s] [ 95%] Built target test_remove_passed_goals_action
[2.518s] [ 96%] Built target test_get_pose_from_path_action
[2.534s] [ 97%] Built target test_planner_selector_node
[2.550s] [ 98%] Built target test_controller_selector_node
[2.561s] [ 99%] Built target test_smoother_selector_node
[2.570s] [ 99%] Built target test_progress_checker_selector_node
[2.571s] [100%] Built target test_goal_checker_selector_node
[2.604s] Invoked command in '/home/matthew/nav2_ws/build/nav2_behavior_tree' returned '0': AMENT_PREFIX_PATH=/home/matthew/nav2_ws/install/nav2_util:/home/matthew/nav2_ws/install/nav2_msgs:/home/matthew/nav2_ws/install/nav2_common:${AMENT_PREFIX_PATH} CMAKE_PREFIX_PATH=/home/matthew/nav2_ws/install/nav2_util:/home/matthew/nav2_ws/install/nav2_msgs:/home/matthew/nav2_ws/install/nav2_common:/home/matthew/ros2_ws/install/ros2_laser_scan_matcher:/home/matthew/ros2_ws/install/opennav_docking_core:/home/matthew/ros2_ws/install/my_robot_description:/home/matthew/ros2_ws/install/map_msgs:/home/matthew/ros2_ws/install/fake_odometry:/home/matthew/ros2_ws/install/dwb_msgs:/home/matthew/ros2_ws/install/csm:/opt/ros/iron LD_LIBRARY_PATH=/home/matthew/nav2_ws/install/nav2_util/lib:/home/matthew/nav2_ws/install/nav2_msgs/lib:${LD_LIBRARY_PATH} PYTHONPATH=/home/matthew/nav2_ws/install/nav2_msgs/lib/python3.10/site-packages:/home/matthew/nav2_ws/install/nav2_common/lib/python3.10/site-packages:${PYTHONPATH} /usr/bin/cmake --build /home/matthew/nav2_ws/build/nav2_behavior_tree -- -j6 -l6
[2.606s] Invoking command in '/home/matthew/nav2_ws/build/nav2_behavior_tree': AMENT_PREFIX_PATH=/home/matthew/nav2_ws/install/nav2_util:/home/matthew/nav2_ws/install/nav2_msgs:/home/matthew/nav2_ws/install/nav2_common:${AMENT_PREFIX_PATH} CMAKE_PREFIX_PATH=/home/matthew/nav2_ws/install/nav2_util:/home/matthew/nav2_ws/install/nav2_msgs:/home/matthew/nav2_ws/install/nav2_common:/home/matthew/ros2_ws/install/ros2_laser_scan_matcher:/home/matthew/ros2_ws/install/opennav_docking_core:/home/matthew/ros2_ws/install/my_robot_description:/home/matthew/ros2_ws/install/map_msgs:/home/matthew/ros2_ws/install/fake_odometry:/home/matthew/ros2_ws/install/dwb_msgs:/home/matthew/ros2_ws/install/csm:/opt/ros/iron LD_LIBRARY_PATH=/home/matthew/nav2_ws/install/nav2_util/lib:/home/matthew/nav2_ws/install/nav2_msgs/lib:${LD_LIBRARY_PATH} PYTHONPATH=/home/matthew/nav2_ws/install/nav2_msgs/lib/python3.10/site-packages:/home/matthew/nav2_ws/install/nav2_common/lib/python3.10/site-packages:${PYTHONPATH} /usr/bin/cmake --install /home/matthew/nav2_ws/build/nav2_behavior_tree
[2.622s] -- Install configuration: "Release"
[2.624s] -- Execute custom install script
[2.626s] -- Up-to-date symlink: /home/matthew/nav2_ws/install/nav2_behavior_tree/lib/libnav2_behavior_tree.so
[2.626s] -- Up-to-date symlink: /home/matthew/nav2_ws/install/nav2_behavior_tree/lib/libnav2_compute_path_to_pose_action_bt_node.so
[2.627s] -- Up-to-date symlink: /home/matthew/nav2_ws/install/nav2_behavior_tree/lib/libnav2_compute_path_through_poses_action_bt_node.so
[2.628s] -- Up-to-date symlink: /home/matthew/nav2_ws/install/nav2_behavior_tree/lib/libnav2_controller_cancel_bt_node.so
[2.629s] -- Up-to-date symlink: /home/matthew/nav2_ws/install/nav2_behavior_tree/lib/libnav2_wait_cancel_bt_node.so
[2.629s] -- Up-to-date symlink: /home/matthew/nav2_ws/install/nav2_behavior_tree/lib/libnav2_spin_cancel_bt_node.so
[2.630s] -- Up-to-date symlink: /home/matthew/nav2_ws/install/nav2_behavior_tree/lib/libnav2_back_up_cancel_bt_node.so
[2.631s] -- Up-to-date symlink: /home/matthew/nav2_ws/install/nav2_behavior_tree/lib/libnav2_assisted_teleop_cancel_bt_node.so
[2.635s] -- Up-to-date symlink: /home/matthew/nav2_ws/install/nav2_behavior_tree/lib/libnav2_drive_on_heading_cancel_bt_node.so
[2.635s] -- Up-to-date symlink: /home/matthew/nav2_ws/install/nav2_behavior_tree/lib/libnav2_smooth_path_action_bt_node.so
[2.635s] -- Up-to-date symlink: /home/matthew/nav2_ws/install/nav2_behavior_tree/lib/libnav2_follow_path_action_bt_node.so
[2.636s] -- Up-to-date symlink: /home/matthew/nav2_ws/install/nav2_behavior_tree/lib/libnav2_back_up_action_bt_node.so
[2.636s] -- Up-to-date symlink: /home/matthew/nav2_ws/install/nav2_behavior_tree/lib/libnav2_drive_on_heading_bt_node.so
[2.636s] -- Up-to-date symlink: /home/matthew/nav2_ws/install/nav2_behavior_tree/lib/libnav2_spin_action_bt_node.so
[2.636s] -- Up-to-date symlink: /home/matthew/nav2_ws/install/nav2_behavior_tree/lib/libnav2_wait_action_bt_node.so
[2.636s] -- Up-to-date symlink: /home/matthew/nav2_ws/install/nav2_behavior_tree/lib/libnav2_assisted_teleop_action_bt_node.so
[2.636s] -- Up-to-date symlink: /home/matthew/nav2_ws/install/nav2_behavior_tree/lib/libnav2_clear_costmap_service_bt_node.so
[2.636s] -- Up-to-date symlink: /home/matthew/nav2_ws/install/nav2_behavior_tree/lib/libnav2_is_stuck_condition_bt_node.so
[2.637s] -- Up-to-date symlink: /home/matthew/nav2_ws/install/nav2_behavior_tree/lib/libnav2_transform_available_condition_bt_node.so
[2.637s] -- Up-to-date symlink: /home/matthew/nav2_ws/install/nav2_behavior_tree/lib/libnav2_goal_reached_condition_bt_node.so
[2.638s] -- Up-to-date symlink: /home/matthew/nav2_ws/install/nav2_behavior_tree/lib/libnav2_globally_updated_goal_condition_bt_node.so
[2.639s] -- Up-to-date symlink: /home/matthew/nav2_ws/install/nav2_behavior_tree/lib/libnav2_goal_updated_condition_bt_node.so
[2.639s] -- Up-to-date symlink: /home/matthew/nav2_ws/install/nav2_behavior_tree/lib/libnav2_is_path_valid_condition_bt_node.so
[2.640s] -- Up-to-date symlink: /home/matthew/nav2_ws/install/nav2_behavior_tree/lib/libnav2_time_expired_condition_bt_node.so
[2.640s] -- Up-to-date symlink: /home/matthew/nav2_ws/install/nav2_behavior_tree/lib/libnav2_path_expiring_timer_condition.so
[2.641s] -- Up-to-date symlink: /home/matthew/nav2_ws/install/nav2_behavior_tree/lib/libnav2_distance_traveled_condition_bt_node.so
[2.641s] -- Up-to-date symlink: /home/matthew/nav2_ws/install/nav2_behavior_tree/lib/libnav2_initial_pose_received_condition_bt_node.so
[2.642s] -- Up-to-date symlink: /home/matthew/nav2_ws/install/nav2_behavior_tree/lib/libnav2_is_battery_charging_condition_bt_node.so
[2.643s] -- Up-to-date symlink: /home/matthew/nav2_ws/install/nav2_behavior_tree/lib/libnav2_is_battery_low_condition_bt_node.so
[2.644s] -- Up-to-date symlink: /home/matthew/nav2_ws/install/nav2_behavior_tree/lib/libnav2_are_error_codes_active_condition_bt_node.so
[2.644s] -- Up-to-date symlink: /home/matthew/nav2_ws/install/nav2_behavior_tree/lib/libnav2_would_a_controller_recovery_help_condition_bt_node.so
[2.645s] -- Up-to-date symlink: /home/matthew/nav2_ws/install/nav2_behavior_tree/lib/libnav2_would_a_planner_recovery_help_condition_bt_node.so
[2.646s] -- Up-to-date symlink: /home/matthew/nav2_ws/install/nav2_behavior_tree/lib/libnav2_would_a_smoother_recovery_help_condition_bt_node.so
[2.646s] -- Up-to-date symlink: /home/matthew/nav2_ws/install/nav2_behavior_tree/lib/libnav2_reinitialize_global_localization_service_bt_node.so
[2.647s] -- Up-to-date symlink: /home/matthew/nav2_ws/install/nav2_behavior_tree/lib/libnav2_rate_controller_bt_node.so
[2.647s] -- Up-to-date symlink: /home/matthew/nav2_ws/install/nav2_behavior_tree/lib/libnav2_distance_controller_bt_node.so
[2.648s] -- Up-to-date symlink: /home/matthew/nav2_ws/install/nav2_behavior_tree/lib/libnav2_speed_controller_bt_node.so
[2.649s] -- Up-to-date symlink: /home/matthew/nav2_ws/install/nav2_behavior_tree/lib/libnav2_truncate_path_action_bt_node.so
[2.649s] -- Up-to-date symlink: /home/matthew/nav2_ws/install/nav2_behavior_tree/lib/libnav2_truncate_path_local_action_bt_node.so
[2.650s] -- Up-to-date symlink: /home/matthew/nav2_ws/install/nav2_behavior_tree/lib/libnav2_goal_updater_node_bt_node.so
[2.650s] -- Up-to-date symlink: /home/matthew/nav2_ws/install/nav2_behavior_tree/lib/libnav2_path_longer_on_approach_bt_node.so
[2.651s] -- Up-to-date symlink: /home/matthew/nav2_ws/install/nav2_behavior_tree/lib/libnav2_recovery_node_bt_node.so
[2.652s] -- Up-to-date symlink: /home/matthew/nav2_ws/install/nav2_behavior_tree/lib/libnav2_navigate_to_pose_action_bt_node.so
[2.652s] -- Up-to-date symlink: /home/matthew/nav2_ws/install/nav2_behavior_tree/lib/libnav2_navigate_through_poses_action_bt_node.so
[2.653s] -- Up-to-date symlink: /home/matthew/nav2_ws/install/nav2_behavior_tree/lib/libnav2_remove_passed_goals_action_bt_node.so
[2.654s] -- Up-to-date symlink: /home/matthew/nav2_ws/install/nav2_behavior_tree/lib/libnav2_get_pose_from_path_action_bt_node.so
[2.654s] -- Up-to-date symlink: /home/matthew/nav2_ws/install/nav2_behavior_tree/lib/libnav2_pipeline_sequence_bt_node.so
[2.655s] -- Up-to-date symlink: /home/matthew/nav2_ws/install/nav2_behavior_tree/lib/libnav2_round_robin_node_bt_node.so
[2.655s] -- Up-to-date symlink: /home/matthew/nav2_ws/install/nav2_behavior_tree/lib/libnav2_single_trigger_bt_node.so
[2.656s] -- Up-to-date symlink: /home/matthew/nav2_ws/install/nav2_behavior_tree/lib/libnav2_planner_selector_bt_node.so
[2.657s] -- Up-to-date symlink: /home/matthew/nav2_ws/install/nav2_behavior_tree/lib/libnav2_controller_selector_bt_node.so
[2.658s] -- Up-to-date symlink: /home/matthew/nav2_ws/install/nav2_behavior_tree/lib/libnav2_smoother_selector_bt_node.so
[2.659s] -- Up-to-date symlink: /home/matthew/nav2_ws/install/nav2_behavior_tree/lib/libnav2_goal_checker_selector_bt_node.so
[2.659s] -- Up-to-date symlink: /home/matthew/nav2_ws/install/nav2_behavior_tree/lib/libnav2_progress_checker_selector_bt_node.so
[2.660s] -- Up-to-date symlink: /home/matthew/nav2_ws/install/nav2_behavior_tree/lib/libnav2_goal_updated_controller_bt_node.so
[2.662s] -- Up-to-date symlink: /home/matthew/nav2_ws/install/nav2_behavior_tree/include//nav2_behavior_tree/behavior_tree_engine.hpp
[2.663s] -- Up-to-date symlink: /home/matthew/nav2_ws/install/nav2_behavior_tree/include//nav2_behavior_tree/bt_action_node.hpp
[2.664s] -- Up-to-date symlink: /home/matthew/nav2_ws/install/nav2_behavior_tree/include//nav2_behavior_tree/bt_action_server.hpp
[2.664s] -- Up-to-date symlink: /home/matthew/nav2_ws/install/nav2_behavior_tree/include//nav2_behavior_tree/bt_action_server_impl.hpp
[2.665s] -- Up-to-date symlink: /home/matthew/nav2_ws/install/nav2_behavior_tree/include//nav2_behavior_tree/bt_cancel_action_node.hpp
[2.665s] -- Up-to-date symlink: /home/matthew/nav2_ws/install/nav2_behavior_tree/include//nav2_behavior_tree/bt_conversions.hpp
[2.666s] -- Up-to-date symlink: /home/matthew/nav2_ws/install/nav2_behavior_tree/include//nav2_behavior_tree/bt_service_node.hpp
[2.666s] -- Up-to-date symlink: /home/matthew/nav2_ws/install/nav2_behavior_tree/include//nav2_behavior_tree/plugins/action/assisted_teleop_action.hpp
[2.667s] -- Up-to-date symlink: /home/matthew/nav2_ws/install/nav2_behavior_tree/include//nav2_behavior_tree/plugins/action/assisted_teleop_cancel_node.hpp
[2.668s] -- Up-to-date symlink: /home/matthew/nav2_ws/install/nav2_behavior_tree/include//nav2_behavior_tree/plugins/action/back_up_action.hpp
[2.668s] -- Up-to-date symlink: /home/matthew/nav2_ws/install/nav2_behavior_tree/include//nav2_behavior_tree/plugins/action/back_up_cancel_node.hpp
[2.669s] -- Up-to-date symlink: /home/matthew/nav2_ws/install/nav2_behavior_tree/include//nav2_behavior_tree/plugins/action/clear_costmap_service.hpp
[2.669s] -- Up-to-date symlink: /home/matthew/nav2_ws/install/nav2_behavior_tree/include//nav2_behavior_tree/plugins/action/compute_path_through_poses_action.hpp
[2.669s] -- Up-to-date symlink: /home/matthew/nav2_ws/install/nav2_behavior_tree/include//nav2_behavior_tree/plugins/action/compute_path_to_pose_action.hpp
[2.669s] -- Up-to-date symlink: /home/matthew/nav2_ws/install/nav2_behavior_tree/include//nav2_behavior_tree/plugins/action/controller_cancel_node.hpp
[2.669s] -- Up-to-date symlink: /home/matthew/nav2_ws/install/nav2_behavior_tree/include//nav2_behavior_tree/plugins/action/controller_selector_node.hpp
[2.670s] -- Up-to-date symlink: /home/matthew/nav2_ws/install/nav2_behavior_tree/include//nav2_behavior_tree/plugins/action/drive_on_heading_action.hpp
[2.670s] -- Up-to-date symlink: /home/matthew/nav2_ws/install/nav2_behavior_tree/include//nav2_behavior_tree/plugins/action/drive_on_heading_cancel_node.hpp
[2.670s] -- Up-to-date symlink: /home/matthew/nav2_ws/install/nav2_behavior_tree/include//nav2_behavior_tree/plugins/action/follow_path_action.hpp
[2.670s] -- Up-to-date symlink: /home/matthew/nav2_ws/install/nav2_behavior_tree/include//nav2_behavior_tree/plugins/action/get_pose_from_path_action.hpp
[2.671s] -- Up-to-date symlink: /home/matthew/nav2_ws/install/nav2_behavior_tree/include//nav2_behavior_tree/plugins/action/goal_checker_selector_node.hpp
[2.671s] -- Up-to-date symlink: /home/matthew/nav2_ws/install/nav2_behavior_tree/include//nav2_behavior_tree/plugins/action/navigate_through_poses_action.hpp
[2.671s] -- Up-to-date symlink: /home/matthew/nav2_ws/install/nav2_behavior_tree/include//nav2_behavior_tree/plugins/action/navigate_to_pose_action.hpp
[2.672s] -- Up-to-date symlink: /home/matthew/nav2_ws/install/nav2_behavior_tree/include//nav2_behavior_tree/plugins/action/planner_selector_node.hpp
[2.672s] -- Up-to-date symlink: /home/matthew/nav2_ws/install/nav2_behavior_tree/include//nav2_behavior_tree/plugins/action/progress_checker_selector_node.hpp
[2.672s] -- Up-to-date symlink: /home/matthew/nav2_ws/install/nav2_behavior_tree/include//nav2_behavior_tree/plugins/action/reinitialize_global_localization_service.hpp
[2.672s] -- Up-to-date symlink: /home/matthew/nav2_ws/install/nav2_behavior_tree/include//nav2_behavior_tree/plugins/action/remove_passed_goals_action.hpp
[2.672s] -- Up-to-date symlink: /home/matthew/nav2_ws/install/nav2_behavior_tree/include//nav2_behavior_tree/plugins/action/smooth_path_action.hpp
[2.672s] -- Up-to-date symlink: /home/matthew/nav2_ws/install/nav2_behavior_tree/include//nav2_behavior_tree/plugins/action/smoother_selector_node.hpp
[2.673s] -- Up-to-date symlink: /home/matthew/nav2_ws/install/nav2_behavior_tree/include//nav2_behavior_tree/plugins/action/spin_action.hpp
[2.673s] -- Up-to-date symlink: /home/matthew/nav2_ws/install/nav2_behavior_tree/include//nav2_behavior_tree/plugins/action/spin_cancel_node.hpp
[2.673s] -- Up-to-date symlink: /home/matthew/nav2_ws/install/nav2_behavior_tree/include//nav2_behavior_tree/plugins/action/truncate_path_action.hpp
[2.673s] -- Up-to-date symlink: /home/matthew/nav2_ws/install/nav2_behavior_tree/include//nav2_behavior_tree/plugins/action/truncate_path_local_action.hpp
[2.674s] -- Up-to-date symlink: /home/matthew/nav2_ws/install/nav2_behavior_tree/include//nav2_behavior_tree/plugins/action/wait_action.hpp
[2.674s] -- Up-to-date symlink: /home/matthew/nav2_ws/install/nav2_behavior_tree/include//nav2_behavior_tree/plugins/action/wait_cancel_node.hpp
[2.674s] -- Up-to-date symlink: /home/matthew/nav2_ws/install/nav2_behavior_tree/include//nav2_behavior_tree/plugins/condition/are_error_codes_present_condition.hpp
[2.674s] -- Up-to-date symlink: /home/matthew/nav2_ws/install/nav2_behavior_tree/include//nav2_behavior_tree/plugins/condition/distance_traveled_condition.hpp
[2.674s] -- Up-to-date symlink: /home/matthew/nav2_ws/install/nav2_behavior_tree/include//nav2_behavior_tree/plugins/condition/globally_updated_goal_condition.hpp
[2.675s] -- Up-to-date symlink: /home/matthew/nav2_ws/install/nav2_behavior_tree/include//nav2_behavior_tree/plugins/condition/goal_reached_condition.hpp
[2.675s] -- Up-to-date symlink: /home/matthew/nav2_ws/install/nav2_behavior_tree/include//nav2_behavior_tree/plugins/condition/goal_updated_condition.hpp
[2.676s] -- Up-to-date symlink: /home/matthew/nav2_ws/install/nav2_behavior_tree/include//nav2_behavior_tree/plugins/condition/initial_pose_received_condition.hpp
[2.676s] -- Up-to-date symlink: /home/matthew/nav2_ws/install/nav2_behavior_tree/include//nav2_behavior_tree/plugins/condition/is_battery_charging_condition.hpp
[2.676s] -- Up-to-date symlink: /home/matthew/nav2_ws/install/nav2_behavior_tree/include//nav2_behavior_tree/plugins/condition/is_battery_low_condition.hpp
[2.676s] -- Up-to-date symlink: /home/matthew/nav2_ws/install/nav2_behavior_tree/include//nav2_behavior_tree/plugins/condition/is_path_valid_condition.hpp
[2.677s] -- Up-to-date symlink: /home/matthew/nav2_ws/install/nav2_behavior_tree/include//nav2_behavior_tree/plugins/condition/is_stuck_condition.hpp
[2.677s] -- Up-to-date symlink: /home/matthew/nav2_ws/install/nav2_behavior_tree/include//nav2_behavior_tree/plugins/condition/path_expiring_timer_condition.hpp
[2.677s] -- Up-to-date symlink: /home/matthew/nav2_ws/install/nav2_behavior_tree/include//nav2_behavior_tree/plugins/condition/time_expired_condition.hpp
[2.677s] -- Up-to-date symlink: /home/matthew/nav2_ws/install/nav2_behavior_tree/include//nav2_behavior_tree/plugins/condition/transform_available_condition.hpp
[2.677s] -- Up-to-date symlink: /home/matthew/nav2_ws/install/nav2_behavior_tree/include//nav2_behavior_tree/plugins/condition/would_a_controller_recovery_help_condition.hpp
[2.677s] -- Up-to-date symlink: /home/matthew/nav2_ws/install/nav2_behavior_tree/include//nav2_behavior_tree/plugins/condition/would_a_planner_recovery_help_condition.hpp
[2.677s] -- Up-to-date symlink: /home/matthew/nav2_ws/install/nav2_behavior_tree/include//nav2_behavior_tree/plugins/condition/would_a_smoother_recovery_help_condition.hpp
[2.678s] -- Up-to-date symlink: /home/matthew/nav2_ws/install/nav2_behavior_tree/include//nav2_behavior_tree/plugins/control/pipeline_sequence.hpp
[2.678s] -- Up-to-date symlink: /home/matthew/nav2_ws/install/nav2_behavior_tree/include//nav2_behavior_tree/plugins/control/recovery_node.hpp
[2.678s] -- Up-to-date symlink: /home/matthew/nav2_ws/install/nav2_behavior_tree/include//nav2_behavior_tree/plugins/control/round_robin_node.hpp
[2.678s] -- Up-to-date symlink: /home/matthew/nav2_ws/install/nav2_behavior_tree/include//nav2_behavior_tree/plugins/decorator/distance_controller.hpp
[2.678s] -- Up-to-date symlink: /home/matthew/nav2_ws/install/nav2_behavior_tree/include//nav2_behavior_tree/plugins/decorator/goal_updated_controller.hpp
[2.679s] -- Up-to-date symlink: /home/matthew/nav2_ws/install/nav2_behavior_tree/include//nav2_behavior_tree/plugins/decorator/goal_updater_node.hpp
[2.679s] -- Up-to-date symlink: /home/matthew/nav2_ws/install/nav2_behavior_tree/include//nav2_behavior_tree/plugins/decorator/path_longer_on_approach.hpp
[2.679s] -- Up-to-date symlink: /home/matthew/nav2_ws/install/nav2_behavior_tree/include//nav2_behavior_tree/plugins/decorator/rate_controller.hpp
[2.680s] -- Up-to-date symlink: /home/matthew/nav2_ws/install/nav2_behavior_tree/include//nav2_behavior_tree/plugins/decorator/single_trigger_node.hpp
[2.680s] -- Up-to-date symlink: /home/matthew/nav2_ws/install/nav2_behavior_tree/include//nav2_behavior_tree/plugins/decorator/speed_controller.hpp
[2.680s] -- Up-to-date symlink: /home/matthew/nav2_ws/install/nav2_behavior_tree/include//nav2_behavior_tree/ros_topic_logger.hpp
[2.681s] -- Up-to-date symlink: /home/matthew/nav2_ws/install/nav2_behavior_tree/include/nav2_behavior_tree/utils//test_action_server.hpp
[2.681s] -- Up-to-date symlink: /home/matthew/nav2_ws/install/nav2_behavior_tree/include/nav2_behavior_tree/utils//test_behavior_tree_fixture.hpp
[2.682s] -- Up-to-date symlink: /home/matthew/nav2_ws/install/nav2_behavior_tree/include/nav2_behavior_tree/utils//test_dummy_tree_node.hpp
[2.682s] -- Up-to-date symlink: /home/matthew/nav2_ws/install/nav2_behavior_tree/include/nav2_behavior_tree/utils//test_service.hpp
[2.682s] -- Up-to-date symlink: /home/matthew/nav2_ws/install/nav2_behavior_tree/include/nav2_behavior_tree/utils//test_transform_handler.hpp
[2.682s] -- Up-to-date symlink: /home/matthew/nav2_ws/install/nav2_behavior_tree/share/nav2_behavior_tree/nav2_tree_nodes.xml
[2.682s] -- Up-to-date symlink: /home/matthew/nav2_ws/install/nav2_behavior_tree/share/nav2_behavior_tree/environment/library_path.sh
[2.683s] -- Up-to-date symlink: /home/matthew/nav2_ws/install/nav2_behavior_tree/share/nav2_behavior_tree/environment/library_path.dsv
[2.683s] -- Up-to-date symlink: /home/matthew/nav2_ws/install/nav2_behavior_tree/share/ament_index/resource_index/package_run_dependencies/nav2_behavior_tree
[2.684s] -- Up-to-date symlink: /home/matthew/nav2_ws/install/nav2_behavior_tree/share/ament_index/resource_index/parent_prefix_path/nav2_behavior_tree
[2.684s] -- Up-to-date symlink: /home/matthew/nav2_ws/install/nav2_behavior_tree/share/nav2_behavior_tree/environment/ament_prefix_path.sh
[2.684s] -- Up-to-date symlink: /home/matthew/nav2_ws/install/nav2_behavior_tree/share/nav2_behavior_tree/environment/ament_prefix_path.dsv
[2.685s] -- Up-to-date symlink: /home/matthew/nav2_ws/install/nav2_behavior_tree/share/nav2_behavior_tree/environment/path.sh
[2.685s] -- Up-to-date symlink: /home/matthew/nav2_ws/install/nav2_behavior_tree/share/nav2_behavior_tree/environment/path.dsv
[2.685s] -- Up-to-date symlink: /home/matthew/nav2_ws/install/nav2_behavior_tree/share/nav2_behavior_tree/local_setup.bash
[2.686s] -- Up-to-date symlink: /home/matthew/nav2_ws/install/nav2_behavior_tree/share/nav2_behavior_tree/local_setup.sh
[2.686s] -- Up-to-date symlink: /home/matthew/nav2_ws/install/nav2_behavior_tree/share/nav2_behavior_tree/local_setup.zsh
[2.687s] -- Up-to-date symlink: /home/matthew/nav2_ws/install/nav2_behavior_tree/share/nav2_behavior_tree/local_setup.dsv
[2.687s] -- Symlinking: /home/matthew/nav2_ws/install/nav2_behavior_tree/share/nav2_behavior_tree/package.dsv
[2.705s] -- Up-to-date symlink: /home/matthew/nav2_ws/install/nav2_behavior_tree/share/ament_index/resource_index/packages/nav2_behavior_tree
[2.705s] -- Up-to-date symlink: /home/matthew/nav2_ws/install/nav2_behavior_tree/share/nav2_behavior_tree/cmake/ament_cmake_export_include_directories-extras.cmake
[2.705s] -- Up-to-date symlink: /home/matthew/nav2_ws/install/nav2_behavior_tree/share/nav2_behavior_tree/cmake/ament_cmake_export_libraries-extras.cmake
[2.705s] -- Up-to-date symlink: /home/matthew/nav2_ws/install/nav2_behavior_tree/share/nav2_behavior_tree/cmake/ament_cmake_export_dependencies-extras.cmake
[2.706s] -- Up-to-date symlink: /home/matthew/nav2_ws/install/nav2_behavior_tree/share/nav2_behavior_tree/cmake/nav2_behavior_treeConfig.cmake
[2.706s] -- Up-to-date symlink: /home/matthew/nav2_ws/install/nav2_behavior_tree/share/nav2_behavior_tree/cmake/nav2_behavior_treeConfig-version.cmake
[2.707s] -- Up-to-date symlink: /home/matthew/nav2_ws/install/nav2_behavior_tree/share/nav2_behavior_tree/package.xml
[2.716s] Invoked command in '/home/matthew/nav2_ws/build/nav2_behavior_tree' returned '0': AMENT_PREFIX_PATH=/home/matthew/nav2_ws/install/nav2_util:/home/matthew/nav2_ws/install/nav2_msgs:/home/matthew/nav2_ws/install/nav2_common:${AMENT_PREFIX_PATH} CMAKE_PREFIX_PATH=/home/matthew/nav2_ws/install/nav2_util:/home/matthew/nav2_ws/install/nav2_msgs:/home/matthew/nav2_ws/install/nav2_common:/home/matthew/ros2_ws/install/ros2_laser_scan_matcher:/home/matthew/ros2_ws/install/opennav_docking_core:/home/matthew/ros2_ws/install/my_robot_description:/home/matthew/ros2_ws/install/map_msgs:/home/matthew/ros2_ws/install/fake_odometry:/home/matthew/ros2_ws/install/dwb_msgs:/home/matthew/ros2_ws/install/csm:/opt/ros/iron LD_LIBRARY_PATH=/home/matthew/nav2_ws/install/nav2_util/lib:/home/matthew/nav2_ws/install/nav2_msgs/lib:${LD_LIBRARY_PATH} PYTHONPATH=/home/matthew/nav2_ws/install/nav2_msgs/lib/python3.10/site-packages:/home/matthew/nav2_ws/install/nav2_common/lib/python3.10/site-packages:${PYTHONPATH} /usr/bin/cmake --install /home/matthew/nav2_ws/build/nav2_behavior_tree
