[0.099s] Invoking command in '/home/matthew/nav2_ws/build/nav2_amcl': AMENT_PREFIX_PATH=/home/matthew/nav2_ws/install/nav2_util:/home/matthew/nav2_ws/install/nav2_msgs:/home/matthew/nav2_ws/install/nav2_common:${AMENT_PREFIX_PATH} CMAKE_PREFIX_PATH=/home/matthew/nav2_ws/install/nav2_util:/home/matthew/nav2_ws/install/nav2_msgs:/home/matthew/nav2_ws/install/nav2_common:/opt/ros/iron LD_LIBRARY_PATH=/home/matthew/nav2_ws/install/nav2_util/lib:/home/matthew/nav2_ws/install/nav2_msgs/lib:${LD_LIBRARY_PATH} PYTHONPATH=/home/matthew/nav2_ws/install/nav2_msgs/lib/python3.10/site-packages:/home/matthew/nav2_ws/install/nav2_common/lib/python3.10/site-packages:${PYTHONPATH} /usr/bin/cmake --build /home/matthew/nav2_ws/build/nav2_amcl -- -j6 -l6
[0.307s] [35m[1mConsolidate compiler generated dependencies of target pf_lib[0m
[0.313s] [35m[1mConsolidate compiler generated dependencies of target map_lib[0m
[0.414s] [ 29%] Built target pf_lib
[0.443s] [ 50%] Built target map_lib
[0.485s] [35m[1mConsolidate compiler generated dependencies of target motions_lib[0m
[0.547s] [35m[1mConsolidate compiler generated dependencies of target sensors_lib[0m
[0.606s] [ 62%] Built target motions_lib
[0.658s] [ 83%] Built target sensors_lib
[0.707s] [35m[1mConsolidate compiler generated dependencies of target amcl_core[0m
[0.768s] [ 91%] Built target amcl_core
[0.836s] [35m[1mConsolidate compiler generated dependencies of target amcl[0m
[0.926s] [100%] Built target amcl
[1.088s] Invoked command in '/home/matthew/nav2_ws/build/nav2_amcl' returned '0': AMENT_PREFIX_PATH=/home/matthew/nav2_ws/install/nav2_util:/home/matthew/nav2_ws/install/nav2_msgs:/home/matthew/nav2_ws/install/nav2_common:${AMENT_PREFIX_PATH} CMAKE_PREFIX_PATH=/home/matthew/nav2_ws/install/nav2_util:/home/matthew/nav2_ws/install/nav2_msgs:/home/matthew/nav2_ws/install/nav2_common:/opt/ros/iron LD_LIBRARY_PATH=/home/matthew/nav2_ws/install/nav2_util/lib:/home/matthew/nav2_ws/install/nav2_msgs/lib:${LD_LIBRARY_PATH} PYTHONPATH=/home/matthew/nav2_ws/install/nav2_msgs/lib/python3.10/site-packages:/home/matthew/nav2_ws/install/nav2_common/lib/python3.10/site-packages:${PYTHONPATH} /usr/bin/cmake --build /home/matthew/nav2_ws/build/nav2_amcl -- -j6 -l6
[1.100s] Invoking command in '/home/matthew/nav2_ws/build/nav2_amcl': AMENT_PREFIX_PATH=/home/matthew/nav2_ws/install/nav2_util:/home/matthew/nav2_ws/install/nav2_msgs:/home/matthew/nav2_ws/install/nav2_common:${AMENT_PREFIX_PATH} CMAKE_PREFIX_PATH=/home/matthew/nav2_ws/install/nav2_util:/home/matthew/nav2_ws/install/nav2_msgs:/home/matthew/nav2_ws/install/nav2_common:/opt/ros/iron LD_LIBRARY_PATH=/home/matthew/nav2_ws/install/nav2_util/lib:/home/matthew/nav2_ws/install/nav2_msgs/lib:${LD_LIBRARY_PATH} PYTHONPATH=/home/matthew/nav2_ws/install/nav2_msgs/lib/python3.10/site-packages:/home/matthew/nav2_ws/install/nav2_common/lib/python3.10/site-packages:${PYTHONPATH} /usr/bin/cmake --install /home/matthew/nav2_ws/build/nav2_amcl
[1.157s] -- Install configuration: "Release"
[1.157s] -- Execute custom install script
[1.157s] -- Up-to-date symlink: /home/matthew/nav2_ws/install/nav2_amcl/lib/libpf_lib.so
[1.157s] -- Up-to-date symlink: /home/matthew/nav2_ws/install/nav2_amcl/lib/libmap_lib.so
[1.158s] -- Up-to-date symlink: /home/matthew/nav2_ws/install/nav2_amcl/lib/libmotions_lib.so
[1.158s] -- Up-to-date symlink: /home/matthew/nav2_ws/install/nav2_amcl/lib/libsensors_lib.so
[1.158s] -- Up-to-date symlink: /home/matthew/nav2_ws/install/nav2_amcl/lib/libamcl_core.so
[1.158s] -- Up-to-date symlink: /home/matthew/nav2_ws/install/nav2_amcl/lib/nav2_amcl/amcl
[1.158s] -- Up-to-date symlink: /home/matthew/nav2_ws/install/nav2_amcl/include//nav2_amcl/amcl_node.hpp
[1.158s] -- Up-to-date symlink: /home/matthew/nav2_ws/install/nav2_amcl/include//nav2_amcl/angleutils.hpp
[1.158s] -- Up-to-date symlink: /home/matthew/nav2_ws/install/nav2_amcl/include//nav2_amcl/map/map.hpp
[1.158s] -- Up-to-date symlink: /home/matthew/nav2_ws/install/nav2_amcl/include//nav2_amcl/motion_model/differential_motion_model.hpp
[1.159s] -- Up-to-date symlink: /home/matthew/nav2_ws/install/nav2_amcl/include//nav2_amcl/motion_model/motion_model.hpp
[1.159s] -- Up-to-date symlink: /home/matthew/nav2_ws/install/nav2_amcl/include//nav2_amcl/motion_model/omni_motion_model.hpp
[1.159s] -- Up-to-date symlink: /home/matthew/nav2_ws/install/nav2_amcl/include//nav2_amcl/pf/eig3.hpp
[1.159s] -- Up-to-date symlink: /home/matthew/nav2_ws/install/nav2_amcl/include//nav2_amcl/pf/pf.hpp
[1.159s] -- Up-to-date symlink: /home/matthew/nav2_ws/install/nav2_amcl/include//nav2_amcl/pf/pf_kdtree.hpp
[1.159s] -- Up-to-date symlink: /home/matthew/nav2_ws/install/nav2_amcl/include//nav2_amcl/pf/pf_pdf.hpp
[1.159s] -- Up-to-date symlink: /home/matthew/nav2_ws/install/nav2_amcl/include//nav2_amcl/pf/pf_vector.hpp
[1.159s] -- Up-to-date symlink: /home/matthew/nav2_ws/install/nav2_amcl/include//nav2_amcl/portable_utils.hpp
[1.160s] -- Up-to-date symlink: /home/matthew/nav2_ws/install/nav2_amcl/include//nav2_amcl/sensors/laser/laser.hpp
[1.160s] -- Up-to-date symlink: /home/matthew/nav2_ws/install/nav2_amcl/share/nav2_amcl/environment/library_path.sh
[1.160s] -- Up-to-date symlink: /home/matthew/nav2_ws/install/nav2_amcl/share/nav2_amcl/environment/library_path.dsv
[1.161s] -- Up-to-date symlink: /home/matthew/nav2_ws/install/nav2_amcl/share/nav2_amcl//plugins.xml
[1.164s] -- Up-to-date symlink: /home/matthew/nav2_ws/install/nav2_amcl/share/ament_index/resource_index/package_run_dependencies/nav2_amcl
[1.165s] -- Up-to-date symlink: /home/matthew/nav2_ws/install/nav2_amcl/share/ament_index/resource_index/parent_prefix_path/nav2_amcl
[1.165s] -- Up-to-date symlink: /home/matthew/nav2_ws/install/nav2_amcl/share/nav2_amcl/environment/ament_prefix_path.sh
[1.166s] -- Up-to-date symlink: /home/matthew/nav2_ws/install/nav2_amcl/share/nav2_amcl/environment/ament_prefix_path.dsv
[1.166s] -- Up-to-date symlink: /home/matthew/nav2_ws/install/nav2_amcl/share/nav2_amcl/environment/path.sh
[1.167s] -- Up-to-date symlink: /home/matthew/nav2_ws/install/nav2_amcl/share/nav2_amcl/environment/path.dsv
[1.168s] -- Up-to-date symlink: /home/matthew/nav2_ws/install/nav2_amcl/share/nav2_amcl/local_setup.bash
[1.168s] -- Up-to-date symlink: /home/matthew/nav2_ws/install/nav2_amcl/share/nav2_amcl/local_setup.sh
[1.168s] -- Up-to-date symlink: /home/matthew/nav2_ws/install/nav2_amcl/share/nav2_amcl/local_setup.zsh
[1.169s] -- Up-to-date symlink: /home/matthew/nav2_ws/install/nav2_amcl/share/nav2_amcl/local_setup.dsv
[1.169s] -- Symlinking: /home/matthew/nav2_ws/install/nav2_amcl/share/nav2_amcl/package.dsv
[1.206s] -- Up-to-date symlink: /home/matthew/nav2_ws/install/nav2_amcl/share/ament_index/resource_index/packages/nav2_amcl
[1.208s] -- Up-to-date symlink: /home/matthew/nav2_ws/install/nav2_amcl/share/ament_index/resource_index/nav2_amcl__pluginlib__plugin/nav2_amcl
[1.209s] -- Up-to-date symlink: /home/matthew/nav2_ws/install/nav2_amcl/share/ament_index/resource_index/rclcpp_components/nav2_amcl
[1.210s] -- Up-to-date symlink: /home/matthew/nav2_ws/install/nav2_amcl/share/nav2_amcl/cmake/ament_cmake_export_include_directories-extras.cmake
[1.212s] -- Up-to-date symlink: /home/matthew/nav2_ws/install/nav2_amcl/share/nav2_amcl/cmake/ament_cmake_export_libraries-extras.cmake
[1.213s] -- Up-to-date symlink: /home/matthew/nav2_ws/install/nav2_amcl/share/nav2_amcl/cmake/ament_cmake_export_dependencies-extras.cmake
[1.227s] -- Up-to-date symlink: /home/matthew/nav2_ws/install/nav2_amcl/share/nav2_amcl/cmake/nav2_amclConfig.cmake
[1.227s] -- Up-to-date symlink: /home/matthew/nav2_ws/install/nav2_amcl/share/nav2_amcl/cmake/nav2_amclConfig-version.cmake
[1.227s] -- Up-to-date symlink: /home/matthew/nav2_ws/install/nav2_amcl/share/nav2_amcl/package.xml
[1.230s] Invoked command in '/home/matthew/nav2_ws/build/nav2_amcl' returned '0': AMENT_PREFIX_PATH=/home/matthew/nav2_ws/install/nav2_util:/home/matthew/nav2_ws/install/nav2_msgs:/home/matthew/nav2_ws/install/nav2_common:${AMENT_PREFIX_PATH} CMAKE_PREFIX_PATH=/home/matthew/nav2_ws/install/nav2_util:/home/matthew/nav2_ws/install/nav2_msgs:/home/matthew/nav2_ws/install/nav2_common:/opt/ros/iron LD_LIBRARY_PATH=/home/matthew/nav2_ws/install/nav2_util/lib:/home/matthew/nav2_ws/install/nav2_msgs/lib:${LD_LIBRARY_PATH} PYTHONPATH=/home/matthew/nav2_ws/install/nav2_msgs/lib/python3.10/site-packages:/home/matthew/nav2_ws/install/nav2_common/lib/python3.10/site-packages:${PYTHONPATH} /usr/bin/cmake --install /home/matthew/nav2_ws/build/nav2_amcl
