[0.657s] Invoking command in '/home/matthew/ros2_ws/build/my_robot_description': CMAKE_PREFIX_PATH=/opt/ros/iron /usr/bin/cmake --build /home/matthew/ros2_ws/build/my_robot_description -- -j6 -l6
[1.253s] Invoked command in '/home/matthew/ros2_ws/build/my_robot_description' returned '0': CMAKE_PREFIX_PATH=/opt/ros/iron /usr/bin/cmake --build /home/matthew/ros2_ws/build/my_robot_description -- -j6 -l6
[1.257s] Invoking command in '/home/matthew/ros2_ws/build/my_robot_description': CMAKE_PREFIX_PATH=/opt/ros/iron /usr/bin/cmake --install /home/matthew/ros2_ws/build/my_robot_description
[1.273s] -- Install configuration: ""
[1.274s] -- Execute custom install script
[1.274s] -- Up-to-date symlink: /home/matthew/ros2_ws/install/my_robot_description/share/ament_index/resource_index/package_run_dependencies/my_robot_description
[1.274s] -- Up-to-date symlink: /home/matthew/ros2_ws/install/my_robot_description/share/ament_index/resource_index/parent_prefix_path/my_robot_description
[1.275s] -- Up-to-date symlink: /home/matthew/ros2_ws/install/my_robot_description/share/my_robot_description/environment/ament_prefix_path.sh
[1.275s] -- Up-to-date symlink: /home/matthew/ros2_ws/install/my_robot_description/share/my_robot_description/environment/ament_prefix_path.dsv
[1.275s] -- Up-to-date symlink: /home/matthew/ros2_ws/install/my_robot_description/share/my_robot_description/environment/path.sh
[1.275s] -- Up-to-date symlink: /home/matthew/ros2_ws/install/my_robot_description/share/my_robot_description/environment/path.dsv
[1.276s] -- Up-to-date symlink: /home/matthew/ros2_ws/install/my_robot_description/share/my_robot_description/local_setup.bash
[1.276s] -- Up-to-date symlink: /home/matthew/ros2_ws/install/my_robot_description/share/my_robot_description/local_setup.sh
[1.276s] -- Up-to-date symlink: /home/matthew/ros2_ws/install/my_robot_description/share/my_robot_description/local_setup.zsh
[1.276s] -- Up-to-date symlink: /home/matthew/ros2_ws/install/my_robot_description/share/my_robot_description/local_setup.dsv
[1.277s] -- Symlinking: /home/matthew/ros2_ws/install/my_robot_description/share/my_robot_description/package.dsv
[1.293s] -- Up-to-date symlink: /home/matthew/ros2_ws/install/my_robot_description/share/ament_index/resource_index/packages/my_robot_description
[1.294s] -- Up-to-date symlink: /home/matthew/ros2_ws/install/my_robot_description/share/my_robot_description/cmake/my_robot_descriptionConfig.cmake
[1.294s] -- Up-to-date symlink: /home/matthew/ros2_ws/install/my_robot_description/share/my_robot_description/cmake/my_robot_descriptionConfig-version.cmake
[1.295s] -- Up-to-date symlink: /home/matthew/ros2_ws/install/my_robot_description/share/my_robot_description/package.xml
[1.357s] Invoked command in '/home/matthew/ros2_ws/build/my_robot_description' returned '0': CMAKE_PREFIX_PATH=/opt/ros/iron /usr/bin/cmake --install /home/matthew/ros2_ws/build/my_robot_description
