[0.616s] Invoking command in '/home/matthew/ros2_ws/build/my_robot_description': CMAKE_PREFIX_PATH=${CMAKE_PREFIX_PATH}:/home/matthew/ros2_ws/install/static_tf:/home/matthew/ros2_ws/install/motorcontrol:/opt/ros/iron /usr/bin/cmake /home/matthew/ros2_ws/src/my_robot_description -DCMAKE_INSTALL_PREFIX=/home/matthew/ros2_ws/install/my_robot_description
[1.207s] -- Found ament_cmake: 2.0.7 (/opt/ros/iron/share/ament_cmake/cmake)
[1.208s] -- Override CMake install command with custom implementation using symlinks instead of copying resources
[1.208s] -- Found rclcpp: 21.0.8 (/opt/ros/iron/share/rclcpp/cmake)
[1.208s] -- Found rosidl_generator_c: 4.0.1 (/opt/ros/iron/share/rosidl_generator_c/cmake)
[1.208s] -- Found rosidl_generator_cpp: 4.0.1 (/opt/ros/iron/share/rosidl_generator_cpp/cmake)
[1.208s] -- Using all available rosidl_typesupport_c: rosidl_typesupport_fastrtps_c;rosidl_typesupport_introspection_c
[1.208s] -- Using all available rosidl_typesupport_cpp: rosidl_typesupport_fastrtps_cpp;rosidl_typesupport_introspection_cpp
[1.395s] -- Found rmw_implementation_cmake: 7.1.0 (/opt/ros/iron/share/rmw_implementation_cmake/cmake)
[1.397s] -- Found rmw_fastrtps_cpp: 7.1.4 (/opt/ros/iron/share/rmw_fastrtps_cpp/cmake)
[1.668s] -- Using RMW implementation 'rmw_fastrtps_cpp' as default
[2.013s] -- Found std_msgs: 5.0.1 (/opt/ros/iron/share/std_msgs/cmake)
[2.075s] -- Found ament_lint_auto: 0.14.4 (/opt/ros/iron/share/ament_lint_auto/cmake)
[2.239s] -- Added test 'lint_cmake' to check CMake code style
[2.241s] -- Added test 'xmllint' to check XML markup files
[2.243s] -- Configuring done
[2.255s] -- Generating done
[2.261s] -- Build files have been written to: /home/matthew/ros2_ws/build/my_robot_description
[2.285s] Invoked command in '/home/matthew/ros2_ws/build/my_robot_description' returned '0': CMAKE_PREFIX_PATH=${CMAKE_PREFIX_PATH}:/home/matthew/ros2_ws/install/static_tf:/home/matthew/ros2_ws/install/motorcontrol:/opt/ros/iron /usr/bin/cmake /home/matthew/ros2_ws/src/my_robot_description -DCMAKE_INSTALL_PREFIX=/home/matthew/ros2_ws/install/my_robot_description
[2.286s] Invoking command in '/home/matthew/ros2_ws/build/my_robot_description': CMAKE_PREFIX_PATH=${CMAKE_PREFIX_PATH}:/home/matthew/ros2_ws/install/static_tf:/home/matthew/ros2_ws/install/motorcontrol:/opt/ros/iron /usr/bin/cmake --build /home/matthew/ros2_ws/build/my_robot_description -- -j6 -l6
[2.374s] Invoked command in '/home/matthew/ros2_ws/build/my_robot_description' returned '0': CMAKE_PREFIX_PATH=${CMAKE_PREFIX_PATH}:/home/matthew/ros2_ws/install/static_tf:/home/matthew/ros2_ws/install/motorcontrol:/opt/ros/iron /usr/bin/cmake --build /home/matthew/ros2_ws/build/my_robot_description -- -j6 -l6
[2.375s] Invoking command in '/home/matthew/ros2_ws/build/my_robot_description': CMAKE_PREFIX_PATH=${CMAKE_PREFIX_PATH}:/home/matthew/ros2_ws/install/static_tf:/home/matthew/ros2_ws/install/motorcontrol:/opt/ros/iron /usr/bin/cmake --install /home/matthew/ros2_ws/build/my_robot_description
[2.388s] -- Install configuration: ""
[2.390s] -- Execute custom install script
[2.390s] -- Up-to-date symlink: /home/matthew/ros2_ws/install/my_robot_description/share/ament_index/resource_index/package_run_dependencies/my_robot_description
[2.390s] -- Up-to-date symlink: /home/matthew/ros2_ws/install/my_robot_description/share/ament_index/resource_index/parent_prefix_path/my_robot_description
[2.391s] -- Up-to-date symlink: /home/matthew/ros2_ws/install/my_robot_description/share/my_robot_description/environment/ament_prefix_path.sh
[2.391s] -- Up-to-date symlink: /home/matthew/ros2_ws/install/my_robot_description/share/my_robot_description/environment/ament_prefix_path.dsv
[2.391s] -- Up-to-date symlink: /home/matthew/ros2_ws/install/my_robot_description/share/my_robot_description/environment/path.sh
[2.392s] -- Up-to-date symlink: /home/matthew/ros2_ws/install/my_robot_description/share/my_robot_description/environment/path.dsv
[2.392s] -- Up-to-date symlink: /home/matthew/ros2_ws/install/my_robot_description/share/my_robot_description/local_setup.bash
[2.392s] -- Up-to-date symlink: /home/matthew/ros2_ws/install/my_robot_description/share/my_robot_description/local_setup.sh
[2.393s] -- Up-to-date symlink: /home/matthew/ros2_ws/install/my_robot_description/share/my_robot_description/local_setup.zsh
[2.393s] -- Up-to-date symlink: /home/matthew/ros2_ws/install/my_robot_description/share/my_robot_description/local_setup.dsv
[2.393s] -- Symlinking: /home/matthew/ros2_ws/install/my_robot_description/share/my_robot_description/package.dsv
[2.416s] -- Up-to-date symlink: /home/matthew/ros2_ws/install/my_robot_description/share/ament_index/resource_index/packages/my_robot_description
[2.416s] -- Up-to-date symlink: /home/matthew/ros2_ws/install/my_robot_description/share/my_robot_description/cmake/my_robot_descriptionConfig.cmake
[2.417s] -- Up-to-date symlink: /home/matthew/ros2_ws/install/my_robot_description/share/my_robot_description/cmake/my_robot_descriptionConfig-version.cmake
[2.417s] -- Up-to-date symlink: /home/matthew/ros2_ws/install/my_robot_description/share/my_robot_description/package.xml
[2.425s] Invoked command in '/home/matthew/ros2_ws/build/my_robot_description' returned '0': CMAKE_PREFIX_PATH=${CMAKE_PREFIX_PATH}:/home/matthew/ros2_ws/install/static_tf:/home/matthew/ros2_ws/install/motorcontrol:/opt/ros/iron /usr/bin/cmake --install /home/matthew/ros2_ws/build/my_robot_description
