[1.443s] Invoking command in '/home/matthew/ros2_ws/src/build/gazebo_robot_package': PYTHONPATH=/home/matthew/ros2_ws/src/build/gazebo_robot_package/prefix_override:/usr/lib/python3/dist-packages/colcon_core/task/python/colcon_distutils_commands:/home/matthew/ros2_ws/src/install/gazebo_robot_package/lib/python3.10/site-packages:${PYTHONPATH} /usr/bin/python3 -W ignore:setup.py install is deprecated -W ignore:easy_install command is deprecated setup.py develop --editable --build-directory /home/matthew/ros2_ws/src/build/gazebo_robot_package/build --no-deps symlink_data
[2.036s] running develop
[2.406s] running egg_info
[2.406s] creating gazebo_robot_package.egg-info
[2.406s] writing gazebo_robot_package.egg-info/PKG-INFO
[2.407s] writing dependency_links to gazebo_robot_package.egg-info/dependency_links.txt
[2.407s] writing entry points to gazebo_robot_package.egg-info/entry_points.txt
[2.407s] writing requirements to gazebo_robot_package.egg-info/requires.txt
[2.408s] writing top-level names to gazebo_robot_package.egg-info/top_level.txt
[2.408s] writing manifest file 'gazebo_robot_package.egg-info/SOURCES.txt'
[2.412s] reading manifest file 'gazebo_robot_package.egg-info/SOURCES.txt'
[2.413s] writing manifest file 'gazebo_robot_package.egg-info/SOURCES.txt'
[2.416s] running build_ext
[2.416s] Creating /home/matthew/ros2_ws/src/install/gazebo_robot_package/lib/python3.10/site-packages/gazebo-robot-package.egg-link (link to .)
[2.418s] 
[2.418s] Installed /home/matthew/ros2_ws/src/build/gazebo_robot_package
[2.419s] running symlink_data
[2.419s] creating /home/matthew/ros2_ws/src/install/gazebo_robot_package/share/ament_index
[2.419s] creating /home/matthew/ros2_ws/src/install/gazebo_robot_package/share/ament_index/resource_index
[2.420s] creating /home/matthew/ros2_ws/src/install/gazebo_robot_package/share/ament_index/resource_index/packages
[2.420s] symbolically linking /home/matthew/ros2_ws/src/build/gazebo_robot_package/resource/gazebo_robot_package -> /home/matthew/ros2_ws/src/install/gazebo_robot_package/share/ament_index/resource_index/packages
[2.420s] symbolically linking /home/matthew/ros2_ws/src/build/gazebo_robot_package/package.xml -> /home/matthew/ros2_ws/src/install/gazebo_robot_package/share/gazebo_robot_package
[2.512s] Invoked command in '/home/matthew/ros2_ws/src/build/gazebo_robot_package' returned '0': PYTHONPATH=/home/matthew/ros2_ws/src/build/gazebo_robot_package/prefix_override:/usr/lib/python3/dist-packages/colcon_core/task/python/colcon_distutils_commands:/home/matthew/ros2_ws/src/install/gazebo_robot_package/lib/python3.10/site-packages:${PYTHONPATH} /usr/bin/python3 -W ignore:setup.py install is deprecated -W ignore:easy_install command is deprecated setup.py develop --editable --build-directory /home/matthew/ros2_ws/src/build/gazebo_robot_package/build --no-deps symlink_data
