[0.060s] Invoking command in '/home/matthew/ros2_ws/build/csm': CMAKE_PREFIX_PATH=/opt/ros/iron /usr/bin/cmake /home/matthew/ros2_ws/src/csm -DCMAKE_INSTALL_PREFIX=/home/matthew/ros2_ws/install/csm
[1.387s] -- Found ament_cmake: 2.0.7 (/opt/ros/iron/share/ament_cmake/cmake)
[1.387s] -- Override CMake install command with custom implementation using symlinks instead of copying resources
[1.387s] -- Found rclcpp: 21.0.8 (/opt/ros/iron/share/rclcpp/cmake)
[1.388s] -- Found rosidl_generator_c: 4.0.1 (/opt/ros/iron/share/rosidl_generator_c/cmake)
[1.388s] -- Found rosidl_generator_cpp: 4.0.1 (/opt/ros/iron/share/rosidl_generator_cpp/cmake)
[1.388s] -- Using all available rosidl_typesupport_c: rosidl_typesupport_fastrtps_c;rosidl_typesupport_introspection_c
[1.389s] -- Using all available rosidl_typesupport_cpp: rosidl_typesupport_fastrtps_cpp;rosidl_typesupport_introspection_cpp
[1.389s] -- Found rmw_implementation_cmake: 7.1.0 (/opt/ros/iron/share/rmw_implementation_cmake/cmake)
[1.389s] -- Found rmw_fastrtps_cpp: 7.1.4 (/opt/ros/iron/share/rmw_fastrtps_cpp/cmake)
[1.389s] -- Using RMW implementation 'rmw_fastrtps_cpp' as default
[1.731s] -- Configuring done
[1.753s] -- Generating done
[1.759s] -- Build files have been written to: /home/matthew/ros2_ws/build/csm
[1.783s] Invoked command in '/home/matthew/ros2_ws/build/csm' returned '0': CMAKE_PREFIX_PATH=/opt/ros/iron /usr/bin/cmake /home/matthew/ros2_ws/src/csm -DCMAKE_INSTALL_PREFIX=/home/matthew/ros2_ws/install/csm
[1.784s] Invoking command in '/home/matthew/ros2_ws/build/csm': CMAKE_PREFIX_PATH=/opt/ros/iron /usr/bin/cmake --build /home/matthew/ros2_ws/build/csm -- -j6 -l6
[1.894s] [35m[1mConsolidate compiler generated dependencies of target csm[0m
[1.987s] [100%] Built target csm
[2.028s] Invoked command in '/home/matthew/ros2_ws/build/csm' returned '0': CMAKE_PREFIX_PATH=/opt/ros/iron /usr/bin/cmake --build /home/matthew/ros2_ws/build/csm -- -j6 -l6
[2.047s] Invoking command in '/home/matthew/ros2_ws/build/csm': CMAKE_PREFIX_PATH=/opt/ros/iron /usr/bin/cmake --install /home/matthew/ros2_ws/build/csm
[2.064s] -- Install configuration: ""
[2.065s] -- Execute custom install script
[2.066s] -- Up-to-date symlink: /home/matthew/ros2_ws/install/csm/lib/libcsm.so
[2.068s] -- Up-to-date symlink: /home/matthew/ros2_ws/install/csm/include/..//include/csm/algos.h
[2.068s] -- Up-to-date symlink: /home/matthew/ros2_ws/install/csm/include/..//include/csm/csm.h
[2.069s] -- Up-to-date symlink: /home/matthew/ros2_ws/install/csm/include/..//include/csm/laser_data.h
[2.069s] -- Up-to-date symlink: /home/matthew/ros2_ws/install/csm/include/..//include/csm/laser_data_inline.h
[2.070s] -- Up-to-date symlink: /home/matthew/ros2_ws/install/csm/include/..//include/csm/restrict.h
[2.070s] -- Up-to-date symlink: /home/matthew/ros2_ws/install/csm/include/..//include/gsl_eigen/gsl_eigen.h
[2.071s] -- Up-to-date symlink: /home/matthew/ros2_ws/install/csm/share/csm/resource/csm
[2.072s] -- Up-to-date symlink: /home/matthew/ros2_ws/install/csm/include/../gsl_eigen/gsl_eigen.h
[2.072s] -- Up-to-date symlink: /home/matthew/ros2_ws/install/csm/share/csm/environment/library_path.sh
[2.073s] -- Up-to-date symlink: /home/matthew/ros2_ws/install/csm/share/csm/environment/library_path.dsv
[2.074s] -- Up-to-date symlink: /home/matthew/ros2_ws/install/csm/share/ament_index/resource_index/package_run_dependencies/csm
[2.075s] -- Up-to-date symlink: /home/matthew/ros2_ws/install/csm/share/ament_index/resource_index/parent_prefix_path/csm
[2.075s] -- Up-to-date symlink: /home/matthew/ros2_ws/install/csm/share/csm/environment/ament_prefix_path.sh
[2.076s] -- Up-to-date symlink: /home/matthew/ros2_ws/install/csm/share/csm/environment/ament_prefix_path.dsv
[2.076s] -- Up-to-date symlink: /home/matthew/ros2_ws/install/csm/share/csm/environment/path.sh
[2.077s] -- Up-to-date symlink: /home/matthew/ros2_ws/install/csm/share/csm/environment/path.dsv
[2.078s] -- Up-to-date symlink: /home/matthew/ros2_ws/install/csm/share/csm/local_setup.bash
[2.078s] -- Up-to-date symlink: /home/matthew/ros2_ws/install/csm/share/csm/local_setup.sh
[2.079s] -- Up-to-date symlink: /home/matthew/ros2_ws/install/csm/share/csm/local_setup.zsh
[2.079s] -- Up-to-date symlink: /home/matthew/ros2_ws/install/csm/share/csm/local_setup.dsv
[2.080s] -- Symlinking: /home/matthew/ros2_ws/install/csm/share/csm/package.dsv
[2.099s] -- Up-to-date symlink: /home/matthew/ros2_ws/install/csm/share/ament_index/resource_index/packages/csm
[2.100s] -- Up-to-date symlink: /home/matthew/ros2_ws/install/csm/share/csm/cmake/ament_cmake_export_dependencies-extras.cmake
[2.101s] -- Up-to-date symlink: /home/matthew/ros2_ws/install/csm/share/csm/cmake/ament_cmake_export_include_directories-extras.cmake
[2.101s] -- Up-to-date symlink: /home/matthew/ros2_ws/install/csm/share/csm/cmake/ament_cmake_export_libraries-extras.cmake
[2.101s] -- Up-to-date symlink: /home/matthew/ros2_ws/install/csm/share/csm/cmake/csmConfig.cmake
[2.101s] -- Up-to-date symlink: /home/matthew/ros2_ws/install/csm/share/csm/cmake/csmConfig-version.cmake
[2.101s] -- Up-to-date symlink: /home/matthew/ros2_ws/install/csm/share/csm/package.xml
[2.114s] Invoked command in '/home/matthew/ros2_ws/build/csm' returned '0': CMAKE_PREFIX_PATH=/opt/ros/iron /usr/bin/cmake --install /home/matthew/ros2_ws/build/csm
