[0.049s] Invoking command in '/home/matthew/ros2_ws/build/csm': CMAKE_PREFIX_PATH=/opt/ros/iron /usr/bin/cmake --build /home/matthew/ros2_ws/build/csm -- -j6 -l6
[0.682s] [35m[1mConsolidate compiler generated dependencies of target csm[0m
[0.683s] [100%] Built target csm
[1.239s] Invoked command in '/home/matthew/ros2_ws/build/csm' returned '0': CMAKE_PREFIX_PATH=/opt/ros/iron /usr/bin/cmake --build /home/matthew/ros2_ws/build/csm -- -j6 -l6
[1.263s] Invoking command in '/home/matthew/ros2_ws/build/csm': CMAKE_PREFIX_PATH=/opt/ros/iron /usr/bin/cmake --install /home/matthew/ros2_ws/build/csm
[1.285s] -- Install configuration: ""
[1.286s] -- Execute custom install script
[1.287s] -- Up-to-date symlink: /home/matthew/ros2_ws/install/csm/lib/libcsm.so
[1.288s] -- Up-to-date symlink: /home/matthew/ros2_ws/install/csm/include/..//include/csm/algos.h
[1.288s] -- Up-to-date symlink: /home/matthew/ros2_ws/install/csm/include/..//include/csm/csm.h
[1.289s] -- Up-to-date symlink: /home/matthew/ros2_ws/install/csm/include/..//include/csm/laser_data.h
[1.289s] -- Up-to-date symlink: /home/matthew/ros2_ws/install/csm/include/..//include/csm/laser_data_inline.h
[1.289s] -- Up-to-date symlink: /home/matthew/ros2_ws/install/csm/include/..//include/csm/restrict.h
[1.289s] -- Up-to-date symlink: /home/matthew/ros2_ws/install/csm/include/..//include/gsl_eigen/gsl_eigen.h
[1.290s] -- Up-to-date symlink: /home/matthew/ros2_ws/install/csm/share/csm/resource/csm
[1.290s] -- Up-to-date symlink: /home/matthew/ros2_ws/install/csm/include/../gsl_eigen/gsl_eigen.h
[1.291s] -- Up-to-date symlink: /home/matthew/ros2_ws/install/csm/share/csm/environment/library_path.sh
[1.291s] -- Up-to-date symlink: /home/matthew/ros2_ws/install/csm/share/csm/environment/library_path.dsv
[1.291s] -- Up-to-date symlink: /home/matthew/ros2_ws/install/csm/share/ament_index/resource_index/package_run_dependencies/csm
[1.292s] -- Up-to-date symlink: /home/matthew/ros2_ws/install/csm/share/ament_index/resource_index/parent_prefix_path/csm
[1.292s] -- Up-to-date symlink: /home/matthew/ros2_ws/install/csm/share/csm/environment/ament_prefix_path.sh
[1.292s] -- Up-to-date symlink: /home/matthew/ros2_ws/install/csm/share/csm/environment/ament_prefix_path.dsv
[1.293s] -- Up-to-date symlink: /home/matthew/ros2_ws/install/csm/share/csm/environment/path.sh
[1.293s] -- Up-to-date symlink: /home/matthew/ros2_ws/install/csm/share/csm/environment/path.dsv
[1.293s] -- Up-to-date symlink: /home/matthew/ros2_ws/install/csm/share/csm/local_setup.bash
[1.294s] -- Up-to-date symlink: /home/matthew/ros2_ws/install/csm/share/csm/local_setup.sh
[1.294s] -- Up-to-date symlink: /home/matthew/ros2_ws/install/csm/share/csm/local_setup.zsh
[1.294s] -- Up-to-date symlink: /home/matthew/ros2_ws/install/csm/share/csm/local_setup.dsv
[1.295s] -- Symlinking: /home/matthew/ros2_ws/install/csm/share/csm/package.dsv
[1.315s] -- Up-to-date symlink: /home/matthew/ros2_ws/install/csm/share/ament_index/resource_index/packages/csm
[1.315s] -- Up-to-date symlink: /home/matthew/ros2_ws/install/csm/share/csm/cmake/ament_cmake_export_dependencies-extras.cmake
[1.316s] -- Up-to-date symlink: /home/matthew/ros2_ws/install/csm/share/csm/cmake/ament_cmake_export_include_directories-extras.cmake
[1.316s] -- Up-to-date symlink: /home/matthew/ros2_ws/install/csm/share/csm/cmake/ament_cmake_export_libraries-extras.cmake
[1.316s] -- Up-to-date symlink: /home/matthew/ros2_ws/install/csm/share/csm/cmake/csmConfig.cmake
[1.316s] -- Up-to-date symlink: /home/matthew/ros2_ws/install/csm/share/csm/cmake/csmConfig-version.cmake
[1.316s] -- Up-to-date symlink: /home/matthew/ros2_ws/install/csm/share/csm/package.xml
[1.322s] Invoked command in '/home/matthew/ros2_ws/build/csm' returned '0': CMAKE_PREFIX_PATH=/opt/ros/iron /usr/bin/cmake --install /home/matthew/ros2_ws/build/csm
