[0.080s] Invoking command in '/home/matthew/nav2_ws/build/nav2_bt_navigator': AMENT_PREFIX_PATH=/home/matthew/nav2_ws/install/nav2_core:/home/matthew/nav2_ws/install/nav2_costmap_2d:/home/matthew/nav2_ws/install/nav2_map_server:/home/matthew/nav2_ws/install/nav2_lifecycle_manager:/home/matthew/nav2_ws/install/nav2_behavior_tree:/home/matthew/nav2_ws/install/nav2_util:/home/matthew/nav2_ws/install/nav2_voxel_grid:/home/matthew/nav2_ws/install/nav2_msgs:/home/matthew/nav2_ws/install/nav2_common:${AMENT_PREFIX_PATH} CMAKE_PREFIX_PATH=/home/matthew/nav2_ws/install/nav2_core:/home/matthew/nav2_ws/install/nav2_costmap_2d:/home/matthew/nav2_ws/install/nav2_map_server:/home/matthew/nav2_ws/install/nav2_lifecycle_manager:/home/matthew/nav2_ws/install/nav2_behavior_tree:/home/matthew/nav2_ws/install/nav2_util:/home/matthew/nav2_ws/install/nav2_voxel_grid:/home/matthew/nav2_ws/install/nav2_msgs:/home/matthew/nav2_ws/install/nav2_common:/opt/ros/iron LD_LIBRARY_PATH=/home/matthew/nav2_ws/install/nav2_costmap_2d/lib:/home/matthew/nav2_ws/install/nav2_map_server/lib:/home/matthew/nav2_ws/install/nav2_lifecycle_manager/lib:/home/matthew/nav2_ws/install/nav2_behavior_tree/lib:/home/matthew/nav2_ws/install/nav2_util/lib:/home/matthew/nav2_ws/install/nav2_voxel_grid/lib:/home/matthew/nav2_ws/install/nav2_msgs/lib:${LD_LIBRARY_PATH} PYTHONPATH=/home/matthew/nav2_ws/install/nav2_msgs/lib/python3.10/site-packages:/home/matthew/nav2_ws/install/nav2_common/lib/python3.10/site-packages:${PYTHONPATH} /usr/bin/cmake --build /home/matthew/nav2_ws/build/nav2_bt_navigator -- -j6 -l6
[0.293s] [35m[1mConsolidate compiler generated dependencies of target bt_navigator_core[0m
[0.365s] [35m[1mConsolidate compiler generated dependencies of target nav2_navigate_to_pose_navigator[0m
[0.376s] [35m[1mConsolidate compiler generated dependencies of target nav2_navigate_through_poses[0m
[0.402s] [ 25%] Built target bt_navigator_core
[0.470s] [ 50%] Built target nav2_navigate_through_poses
[0.477s] [ 75%] Built target nav2_navigate_to_pose_navigator
[0.483s] [35m[1mConsolidate compiler generated dependencies of target bt_navigator[0m
[0.583s] [100%] Built target bt_navigator
[0.614s] Invoked command in '/home/matthew/nav2_ws/build/nav2_bt_navigator' returned '0': AMENT_PREFIX_PATH=/home/matthew/nav2_ws/install/nav2_core:/home/matthew/nav2_ws/install/nav2_costmap_2d:/home/matthew/nav2_ws/install/nav2_map_server:/home/matthew/nav2_ws/install/nav2_lifecycle_manager:/home/matthew/nav2_ws/install/nav2_behavior_tree:/home/matthew/nav2_ws/install/nav2_util:/home/matthew/nav2_ws/install/nav2_voxel_grid:/home/matthew/nav2_ws/install/nav2_msgs:/home/matthew/nav2_ws/install/nav2_common:${AMENT_PREFIX_PATH} CMAKE_PREFIX_PATH=/home/matthew/nav2_ws/install/nav2_core:/home/matthew/nav2_ws/install/nav2_costmap_2d:/home/matthew/nav2_ws/install/nav2_map_server:/home/matthew/nav2_ws/install/nav2_lifecycle_manager:/home/matthew/nav2_ws/install/nav2_behavior_tree:/home/matthew/nav2_ws/install/nav2_util:/home/matthew/nav2_ws/install/nav2_voxel_grid:/home/matthew/nav2_ws/install/nav2_msgs:/home/matthew/nav2_ws/install/nav2_common:/opt/ros/iron LD_LIBRARY_PATH=/home/matthew/nav2_ws/install/nav2_costmap_2d/lib:/home/matthew/nav2_ws/install/nav2_map_server/lib:/home/matthew/nav2_ws/install/nav2_lifecycle_manager/lib:/home/matthew/nav2_ws/install/nav2_behavior_tree/lib:/home/matthew/nav2_ws/install/nav2_util/lib:/home/matthew/nav2_ws/install/nav2_voxel_grid/lib:/home/matthew/nav2_ws/install/nav2_msgs/lib:${LD_LIBRARY_PATH} PYTHONPATH=/home/matthew/nav2_ws/install/nav2_msgs/lib/python3.10/site-packages:/home/matthew/nav2_ws/install/nav2_common/lib/python3.10/site-packages:${PYTHONPATH} /usr/bin/cmake --build /home/matthew/nav2_ws/build/nav2_bt_navigator -- -j6 -l6
[0.622s] Invoking command in '/home/matthew/nav2_ws/build/nav2_bt_navigator': AMENT_PREFIX_PATH=/home/matthew/nav2_ws/install/nav2_core:/home/matthew/nav2_ws/install/nav2_costmap_2d:/home/matthew/nav2_ws/install/nav2_map_server:/home/matthew/nav2_ws/install/nav2_lifecycle_manager:/home/matthew/nav2_ws/install/nav2_behavior_tree:/home/matthew/nav2_ws/install/nav2_util:/home/matthew/nav2_ws/install/nav2_voxel_grid:/home/matthew/nav2_ws/install/nav2_msgs:/home/matthew/nav2_ws/install/nav2_common:${AMENT_PREFIX_PATH} CMAKE_PREFIX_PATH=/home/matthew/nav2_ws/install/nav2_core:/home/matthew/nav2_ws/install/nav2_costmap_2d:/home/matthew/nav2_ws/install/nav2_map_server:/home/matthew/nav2_ws/install/nav2_lifecycle_manager:/home/matthew/nav2_ws/install/nav2_behavior_tree:/home/matthew/nav2_ws/install/nav2_util:/home/matthew/nav2_ws/install/nav2_voxel_grid:/home/matthew/nav2_ws/install/nav2_msgs:/home/matthew/nav2_ws/install/nav2_common:/opt/ros/iron LD_LIBRARY_PATH=/home/matthew/nav2_ws/install/nav2_costmap_2d/lib:/home/matthew/nav2_ws/install/nav2_map_server/lib:/home/matthew/nav2_ws/install/nav2_lifecycle_manager/lib:/home/matthew/nav2_ws/install/nav2_behavior_tree/lib:/home/matthew/nav2_ws/install/nav2_util/lib:/home/matthew/nav2_ws/install/nav2_voxel_grid/lib:/home/matthew/nav2_ws/install/nav2_msgs/lib:${LD_LIBRARY_PATH} PYTHONPATH=/home/matthew/nav2_ws/install/nav2_msgs/lib/python3.10/site-packages:/home/matthew/nav2_ws/install/nav2_common/lib/python3.10/site-packages:${PYTHONPATH} /usr/bin/cmake --install /home/matthew/nav2_ws/build/nav2_bt_navigator
[0.656s] -- Install configuration: "Release"
[0.656s] -- Execute custom install script
[0.657s] -- Up-to-date symlink: /home/matthew/nav2_ws/install/nav2_bt_navigator/share/nav2_bt_navigator//navigator_plugins.xml
[0.657s] -- Up-to-date symlink: /home/matthew/nav2_ws/install/nav2_bt_navigator/lib/libbt_navigator_core.so
[0.657s] -- Up-to-date symlink: /home/matthew/nav2_ws/install/nav2_bt_navigator/lib/libnav2_navigate_to_pose_navigator.so
[0.657s] -- Up-to-date symlink: /home/matthew/nav2_ws/install/nav2_bt_navigator/lib/libnav2_navigate_through_poses.so
[0.657s] -- Up-to-date symlink: /home/matthew/nav2_ws/install/nav2_bt_navigator/lib/nav2_bt_navigator/bt_navigator
[0.664s] -- Up-to-date symlink: /home/matthew/nav2_ws/install/nav2_bt_navigator/include//nav2_bt_navigator/bt_navigator.hpp
[0.666s] -- Up-to-date symlink: /home/matthew/nav2_ws/install/nav2_bt_navigator/include//nav2_bt_navigator/navigators/navigate_through_poses.hpp
[0.667s] -- Up-to-date symlink: /home/matthew/nav2_ws/install/nav2_bt_navigator/include//nav2_bt_navigator/navigators/navigate_to_pose.hpp
[0.674s] -- Up-to-date symlink: /home/matthew/nav2_ws/install/nav2_bt_navigator/share/nav2_bt_navigator/behavior_trees/follow_point.xml
[0.675s] -- Up-to-date symlink: /home/matthew/nav2_ws/install/nav2_bt_navigator/share/nav2_bt_navigator/behavior_trees/nav_to_pose_with_consistent_replanning_and_if_path_becomes_invalid.xml
[0.676s] -- Up-to-date symlink: /home/matthew/nav2_ws/install/nav2_bt_navigator/share/nav2_bt_navigator/behavior_trees/navigate_through_poses_w_replanning_and_recovery.xml
[0.676s] -- Up-to-date symlink: /home/matthew/nav2_ws/install/nav2_bt_navigator/share/nav2_bt_navigator/behavior_trees/navigate_to_pose_w_replanning_and_recovery.xml
[0.676s] -- Up-to-date symlink: /home/matthew/nav2_ws/install/nav2_bt_navigator/share/nav2_bt_navigator/behavior_trees/navigate_to_pose_w_replanning_goal_patience_and_recovery.xml
[0.679s] -- Up-to-date symlink: /home/matthew/nav2_ws/install/nav2_bt_navigator/share/nav2_bt_navigator/behavior_trees/navigate_w_recovery_and_replanning_only_if_path_becomes_invalid.xml
[0.680s] -- Up-to-date symlink: /home/matthew/nav2_ws/install/nav2_bt_navigator/share/nav2_bt_navigator/behavior_trees/navigate_w_replanning_distance.xml
[0.682s] -- Up-to-date symlink: /home/matthew/nav2_ws/install/nav2_bt_navigator/share/nav2_bt_navigator/behavior_trees/navigate_w_replanning_only_if_goal_is_updated.xml
[0.683s] -- Up-to-date symlink: /home/matthew/nav2_ws/install/nav2_bt_navigator/share/nav2_bt_navigator/behavior_trees/navigate_w_replanning_only_if_path_becomes_invalid.xml
[0.684s] -- Up-to-date symlink: /home/matthew/nav2_ws/install/nav2_bt_navigator/share/nav2_bt_navigator/behavior_trees/navigate_w_replanning_speed.xml
[0.693s] -- Up-to-date symlink: /home/matthew/nav2_ws/install/nav2_bt_navigator/share/nav2_bt_navigator/behavior_trees/navigate_w_replanning_time.xml
[0.693s] -- Up-to-date symlink: /home/matthew/nav2_ws/install/nav2_bt_navigator/share/nav2_bt_navigator/behavior_trees/odometry_calibration.xml
[0.693s] -- Up-to-date symlink: /home/matthew/nav2_ws/install/nav2_bt_navigator/share/nav2_bt_navigator/environment/library_path.sh
[0.699s] -- Up-to-date symlink: /home/matthew/nav2_ws/install/nav2_bt_navigator/share/nav2_bt_navigator/environment/library_path.dsv
[0.700s] -- Up-to-date symlink: /home/matthew/nav2_ws/install/nav2_bt_navigator/share/ament_index/resource_index/package_run_dependencies/nav2_bt_navigator
[0.703s] -- Up-to-date symlink: /home/matthew/nav2_ws/install/nav2_bt_navigator/share/ament_index/resource_index/parent_prefix_path/nav2_bt_navigator
[0.703s] -- Up-to-date symlink: /home/matthew/nav2_ws/install/nav2_bt_navigator/share/nav2_bt_navigator/environment/ament_prefix_path.sh
[0.704s] -- Up-to-date symlink: /home/matthew/nav2_ws/install/nav2_bt_navigator/share/nav2_bt_navigator/environment/ament_prefix_path.dsv
[0.704s] -- Up-to-date symlink: /home/matthew/nav2_ws/install/nav2_bt_navigator/share/nav2_bt_navigator/environment/path.sh
[0.705s] -- Up-to-date symlink: /home/matthew/nav2_ws/install/nav2_bt_navigator/share/nav2_bt_navigator/environment/path.dsv
[0.707s] -- Up-to-date symlink: /home/matthew/nav2_ws/install/nav2_bt_navigator/share/nav2_bt_navigator/local_setup.bash
[0.707s] -- Up-to-date symlink: /home/matthew/nav2_ws/install/nav2_bt_navigator/share/nav2_bt_navigator/local_setup.sh
[0.709s] -- Up-to-date symlink: /home/matthew/nav2_ws/install/nav2_bt_navigator/share/nav2_bt_navigator/local_setup.zsh
[0.710s] -- Up-to-date symlink: /home/matthew/nav2_ws/install/nav2_bt_navigator/share/nav2_bt_navigator/local_setup.dsv
[0.711s] -- Symlinking: /home/matthew/nav2_ws/install/nav2_bt_navigator/share/nav2_bt_navigator/package.dsv
[0.746s] -- Up-to-date symlink: /home/matthew/nav2_ws/install/nav2_bt_navigator/share/ament_index/resource_index/packages/nav2_bt_navigator
[0.758s] -- Up-to-date symlink: /home/matthew/nav2_ws/install/nav2_bt_navigator/share/ament_index/resource_index/nav2_core__pluginlib__plugin/nav2_bt_navigator
[0.767s] -- Up-to-date symlink: /home/matthew/nav2_ws/install/nav2_bt_navigator/share/ament_index/resource_index/rclcpp_components/nav2_bt_navigator
[0.783s] -- Up-to-date symlink: /home/matthew/nav2_ws/install/nav2_bt_navigator/share/nav2_bt_navigator/cmake/ament_cmake_export_include_directories-extras.cmake
[0.980s] -- Up-to-date symlink: /home/matthew/nav2_ws/install/nav2_bt_navigator/share/nav2_bt_navigator/cmake/ament_cmake_export_libraries-extras.cmake
[0.984s] -- Up-to-date symlink: /home/matthew/nav2_ws/install/nav2_bt_navigator/share/nav2_bt_navigator/cmake/ament_cmake_export_dependencies-extras.cmake
[0.990s] -- Up-to-date symlink: /home/matthew/nav2_ws/install/nav2_bt_navigator/share/nav2_bt_navigator/cmake/nav2_bt_navigatorConfig.cmake
[0.992s] -- Up-to-date symlink: /home/matthew/nav2_ws/install/nav2_bt_navigator/share/nav2_bt_navigator/cmake/nav2_bt_navigatorConfig-version.cmake
[0.995s] -- Up-to-date symlink: /home/matthew/nav2_ws/install/nav2_bt_navigator/share/nav2_bt_navigator/package.xml
[1.026s] Invoked command in '/home/matthew/nav2_ws/build/nav2_bt_navigator' returned '0': AMENT_PREFIX_PATH=/home/matthew/nav2_ws/install/nav2_core:/home/matthew/nav2_ws/install/nav2_costmap_2d:/home/matthew/nav2_ws/install/nav2_map_server:/home/matthew/nav2_ws/install/nav2_lifecycle_manager:/home/matthew/nav2_ws/install/nav2_behavior_tree:/home/matthew/nav2_ws/install/nav2_util:/home/matthew/nav2_ws/install/nav2_voxel_grid:/home/matthew/nav2_ws/install/nav2_msgs:/home/matthew/nav2_ws/install/nav2_common:${AMENT_PREFIX_PATH} CMAKE_PREFIX_PATH=/home/matthew/nav2_ws/install/nav2_core:/home/matthew/nav2_ws/install/nav2_costmap_2d:/home/matthew/nav2_ws/install/nav2_map_server:/home/matthew/nav2_ws/install/nav2_lifecycle_manager:/home/matthew/nav2_ws/install/nav2_behavior_tree:/home/matthew/nav2_ws/install/nav2_util:/home/matthew/nav2_ws/install/nav2_voxel_grid:/home/matthew/nav2_ws/install/nav2_msgs:/home/matthew/nav2_ws/install/nav2_common:/opt/ros/iron LD_LIBRARY_PATH=/home/matthew/nav2_ws/install/nav2_costmap_2d/lib:/home/matthew/nav2_ws/install/nav2_map_server/lib:/home/matthew/nav2_ws/install/nav2_lifecycle_manager/lib:/home/matthew/nav2_ws/install/nav2_behavior_tree/lib:/home/matthew/nav2_ws/install/nav2_util/lib:/home/matthew/nav2_ws/install/nav2_voxel_grid/lib:/home/matthew/nav2_ws/install/nav2_msgs/lib:${LD_LIBRARY_PATH} PYTHONPATH=/home/matthew/nav2_ws/install/nav2_msgs/lib/python3.10/site-packages:/home/matthew/nav2_ws/install/nav2_common/lib/python3.10/site-packages:${PYTHONPATH} /usr/bin/cmake --install /home/matthew/nav2_ws/build/nav2_bt_navigator
