[0.053s] Invoking command in '/home/matthew/build/my_robot': /usr/bin/cmake /home/matthew/catkin_ws/src/my_robot -DCATKIN_INSTALL_INTO_PREFIX_ROOT=0 -DCATKIN_SYMLINK_INSTALL=ON -DCMAKE_INSTALL_PREFIX=/home/matthew/install/my_robot
[0.173s] -- The C compiler identification is GNU 11.4.0
[0.306s] -- The CXX compiler identification is GNU 11.4.0
[0.322s] -- Detecting C compiler ABI info
[0.507s] -- Detecting C compiler ABI info - done
[0.522s] -- Check for working C compiler: /usr/bin/cc - skipped
[0.522s] -- Detecting C compile features
[0.522s] -- Detecting C compile features - done
[0.529s] -- Detecting CXX compiler ABI info
[0.684s] -- Detecting CXX compiler ABI info - done
[0.699s] -- Check for working CXX compiler: /usr/bin/c++ - skipped
[0.699s] -- Detecting CXX compile features
[0.700s] -- Detecting CXX compile features - done
[0.721s] [31mCMake Error at CMakeLists.txt:10 (find_package):
[0.721s]   By not providing "Findcatkin.cmake" in CMAKE_MODULE_PATH this project has
[0.721s]   asked CMake to find a package configuration file provided by "catkin", but
[0.722s]   CMake did not find one.
[0.722s] 
[0.722s]   Could not find a package configuration file provided by "catkin" with any
[0.722s]   of the following names:
[0.722s] 
[0.722s]     catkinConfig.cmake
[0.722s]     catkin-config.cmake
[0.722s] 
[0.723s]   Add the installation prefix of "catkin" to CMAKE_PREFIX_PATH or set
[0.723s]   "catkin_DIR" to a directory containing one of the above files.  If "catkin"
[0.723s]   provides a separate development package or SDK, be sure it has been
[0.723s]   installed.
[0.723s] 
[0.723s] [0m
[0.723s] -- Configuring incomplete, errors occurred!
[0.723s] See also "/home/matthew/build/my_robot/CMakeFiles/CMakeOutput.log".
[0.740s] Invoked command in '/home/matthew/build/my_robot' returned '1': /usr/bin/cmake /home/matthew/catkin_ws/src/my_robot -DCATKIN_INSTALL_INTO_PREFIX_ROOT=0 -DCATKIN_SYMLINK_INSTALL=ON -DCMAKE_INSTALL_PREFIX=/home/matthew/install/my_robot
