[0.071s] Invoking command in '/home/matthew/nav2_ws/build/nav2_map_server': AMENT_PREFIX_PATH=/home/matthew/nav2_ws/install/nav2_util:/home/matthew/nav2_ws/install/nav2_msgs:/home/matthew/nav2_ws/install/nav2_common:${AMENT_PREFIX_PATH} CMAKE_PREFIX_PATH=/home/matthew/nav2_ws/install/nav2_util:/home/matthew/nav2_ws/install/nav2_msgs:/home/matthew/nav2_ws/install/nav2_common:/opt/ros/iron LD_LIBRARY_PATH=/home/matthew/nav2_ws/install/nav2_util/lib:/home/matthew/nav2_ws/install/nav2_msgs/lib:${LD_LIBRARY_PATH} PYTHONPATH=/home/matthew/nav2_ws/install/nav2_msgs/lib/python3.10/site-packages:/home/matthew/nav2_ws/install/nav2_common/lib/python3.10/site-packages:${PYTHONPATH} /usr/bin/cmake --build /home/matthew/nav2_ws/build/nav2_map_server -- -j6 -l6
[0.210s] [35m[1mConsolidate compiler generated dependencies of target map_io[0m
[0.223s] [35m[1mConsolidate compiler generated dependencies of target gtest_main[0m
[0.242s] [35m[1mConsolidate compiler generated dependencies of target gtest[0m
[0.295s] [  5%] Built target gtest
[0.309s] [ 11%] Built target gtest_main
[0.315s] [ 19%] Built target map_io
[0.419s] [35m[1mConsolidate compiler generated dependencies of target test_map_io[0m
[0.450s] [35m[1mConsolidate compiler generated dependencies of target test_map_saver_publisher[0m
[0.471s] [35m[1mConsolidate compiler generated dependencies of target test_map_saver_cli[0m
[0.501s] [35m[1mConsolidate compiler generated dependencies of target map_server_core[0m
[0.538s] [ 27%] Built target test_map_saver_cli
[0.545s] [ 36%] Built target test_map_io
[0.560s] [ 47%] Built target map_server_core
[0.569s] [ 55%] Built target test_map_saver_publisher
[0.618s] [35m[1mConsolidate compiler generated dependencies of target map_server[0m
[0.626s] [35m[1mConsolidate compiler generated dependencies of target map_saver_cli[0m
[0.642s] [35m[1mConsolidate compiler generated dependencies of target test_costmap_filter_info_server[0m
[0.661s] [35m[1mConsolidate compiler generated dependencies of target test_map_server_node[0m
[0.668s] [35m[1mConsolidate compiler generated dependencies of target costmap_filter_info_server[0m
[0.679s] [35m[1mConsolidate compiler generated dependencies of target map_saver_server[0m
[0.719s] [ 61%] Built target map_saver_cli
[0.753s] [ 66%] Built target map_server
[0.771s] [ 72%] Built target test_costmap_filter_info_server
[0.793s] [ 77%] Built target costmap_filter_info_server
[0.800s] [ 86%] Built target test_map_server_node
[0.804s] [ 91%] Built target map_saver_server
[0.825s] [35m[1mConsolidate compiler generated dependencies of target test_map_saver_node[0m
[0.891s] [100%] Built target test_map_saver_node
[0.927s] Invoked command in '/home/matthew/nav2_ws/build/nav2_map_server' returned '0': AMENT_PREFIX_PATH=/home/matthew/nav2_ws/install/nav2_util:/home/matthew/nav2_ws/install/nav2_msgs:/home/matthew/nav2_ws/install/nav2_common:${AMENT_PREFIX_PATH} CMAKE_PREFIX_PATH=/home/matthew/nav2_ws/install/nav2_util:/home/matthew/nav2_ws/install/nav2_msgs:/home/matthew/nav2_ws/install/nav2_common:/opt/ros/iron LD_LIBRARY_PATH=/home/matthew/nav2_ws/install/nav2_util/lib:/home/matthew/nav2_ws/install/nav2_msgs/lib:${LD_LIBRARY_PATH} PYTHONPATH=/home/matthew/nav2_ws/install/nav2_msgs/lib/python3.10/site-packages:/home/matthew/nav2_ws/install/nav2_common/lib/python3.10/site-packages:${PYTHONPATH} /usr/bin/cmake --build /home/matthew/nav2_ws/build/nav2_map_server -- -j6 -l6
[0.953s] Invoking command in '/home/matthew/nav2_ws/build/nav2_map_server': AMENT_PREFIX_PATH=/home/matthew/nav2_ws/install/nav2_util:/home/matthew/nav2_ws/install/nav2_msgs:/home/matthew/nav2_ws/install/nav2_common:${AMENT_PREFIX_PATH} CMAKE_PREFIX_PATH=/home/matthew/nav2_ws/install/nav2_util:/home/matthew/nav2_ws/install/nav2_msgs:/home/matthew/nav2_ws/install/nav2_common:/opt/ros/iron LD_LIBRARY_PATH=/home/matthew/nav2_ws/install/nav2_util/lib:/home/matthew/nav2_ws/install/nav2_msgs/lib:${LD_LIBRARY_PATH} PYTHONPATH=/home/matthew/nav2_ws/install/nav2_msgs/lib/python3.10/site-packages:/home/matthew/nav2_ws/install/nav2_common/lib/python3.10/site-packages:${PYTHONPATH} /usr/bin/cmake --install /home/matthew/nav2_ws/build/nav2_map_server
[0.979s] -- Install configuration: "Release"
[0.980s] -- Execute custom install script
[0.992s] -- Up-to-date symlink: /home/matthew/nav2_ws/install/nav2_map_server/lib/libmap_server_core.so
[0.992s] -- Up-to-date symlink: /home/matthew/nav2_ws/install/nav2_map_server/lib/libmap_io.so
[0.992s] -- Up-to-date symlink: /home/matthew/nav2_ws/install/nav2_map_server/lib/nav2_map_server/map_server
[0.993s] -- Up-to-date symlink: /home/matthew/nav2_ws/install/nav2_map_server/lib/nav2_map_server/map_saver_cli
[0.993s] -- Up-to-date symlink: /home/matthew/nav2_ws/install/nav2_map_server/lib/nav2_map_server/map_saver_server
[0.993s] -- Up-to-date symlink: /home/matthew/nav2_ws/install/nav2_map_server/lib/nav2_map_server/costmap_filter_info_server
[0.993s] -- Up-to-date symlink: /home/matthew/nav2_ws/install/nav2_map_server/include//nav2_map_server/costmap_filter_info_server.hpp
[0.993s] -- Up-to-date symlink: /home/matthew/nav2_ws/install/nav2_map_server/include//nav2_map_server/map_io.hpp
[0.994s] -- Up-to-date symlink: /home/matthew/nav2_ws/install/nav2_map_server/include//nav2_map_server/map_mode.hpp
[0.994s] -- Up-to-date symlink: /home/matthew/nav2_ws/install/nav2_map_server/include//nav2_map_server/map_saver.hpp
[0.994s] -- Up-to-date symlink: /home/matthew/nav2_ws/install/nav2_map_server/include//nav2_map_server/map_server.hpp
[0.995s] -- Up-to-date symlink: /home/matthew/nav2_ws/install/nav2_map_server/share/nav2_map_server/launch/map_saver_server.launch.py
[0.995s] -- Up-to-date symlink: /home/matthew/nav2_ws/install/nav2_map_server/share/nav2_map_server/environment/library_path.sh
[0.995s] -- Up-to-date symlink: /home/matthew/nav2_ws/install/nav2_map_server/share/nav2_map_server/environment/library_path.dsv
[0.995s] -- Up-to-date symlink: /home/matthew/nav2_ws/install/nav2_map_server/share/ament_index/resource_index/package_run_dependencies/nav2_map_server
[0.996s] -- Up-to-date symlink: /home/matthew/nav2_ws/install/nav2_map_server/share/ament_index/resource_index/parent_prefix_path/nav2_map_server
[0.996s] -- Up-to-date symlink: /home/matthew/nav2_ws/install/nav2_map_server/share/nav2_map_server/environment/ament_prefix_path.sh
[0.997s] -- Up-to-date symlink: /home/matthew/nav2_ws/install/nav2_map_server/share/nav2_map_server/environment/ament_prefix_path.dsv
[0.997s] -- Up-to-date symlink: /home/matthew/nav2_ws/install/nav2_map_server/share/nav2_map_server/environment/path.sh
[0.998s] -- Up-to-date symlink: /home/matthew/nav2_ws/install/nav2_map_server/share/nav2_map_server/environment/path.dsv
[1.005s] -- Up-to-date symlink: /home/matthew/nav2_ws/install/nav2_map_server/share/nav2_map_server/local_setup.bash
[1.005s] -- Up-to-date symlink: /home/matthew/nav2_ws/install/nav2_map_server/share/nav2_map_server/local_setup.sh
[1.006s] -- Up-to-date symlink: /home/matthew/nav2_ws/install/nav2_map_server/share/nav2_map_server/local_setup.zsh
[1.007s] -- Up-to-date symlink: /home/matthew/nav2_ws/install/nav2_map_server/share/nav2_map_server/local_setup.dsv
[1.007s] -- Symlinking: /home/matthew/nav2_ws/install/nav2_map_server/share/nav2_map_server/package.dsv
[1.034s] -- Up-to-date symlink: /home/matthew/nav2_ws/install/nav2_map_server/share/ament_index/resource_index/packages/nav2_map_server
[1.034s] -- Up-to-date symlink: /home/matthew/nav2_ws/install/nav2_map_server/share/ament_index/resource_index/rclcpp_components/nav2_map_server
[1.035s] -- Up-to-date symlink: /home/matthew/nav2_ws/install/nav2_map_server/share/nav2_map_server/cmake/ament_cmake_export_include_directories-extras.cmake
[1.036s] -- Up-to-date symlink: /home/matthew/nav2_ws/install/nav2_map_server/share/nav2_map_server/cmake/ament_cmake_export_libraries-extras.cmake
[1.036s] -- Up-to-date symlink: /home/matthew/nav2_ws/install/nav2_map_server/share/nav2_map_server/cmake/ament_cmake_export_dependencies-extras.cmake
[1.036s] -- Up-to-date symlink: /home/matthew/nav2_ws/install/nav2_map_server/share/nav2_map_server/cmake/nav2_map_serverConfig.cmake
[1.036s] -- Up-to-date symlink: /home/matthew/nav2_ws/install/nav2_map_server/share/nav2_map_server/cmake/nav2_map_serverConfig-version.cmake
[1.037s] -- Up-to-date symlink: /home/matthew/nav2_ws/install/nav2_map_server/share/nav2_map_server/package.xml
[1.153s] Invoked command in '/home/matthew/nav2_ws/build/nav2_map_server' returned '0': AMENT_PREFIX_PATH=/home/matthew/nav2_ws/install/nav2_util:/home/matthew/nav2_ws/install/nav2_msgs:/home/matthew/nav2_ws/install/nav2_common:${AMENT_PREFIX_PATH} CMAKE_PREFIX_PATH=/home/matthew/nav2_ws/install/nav2_util:/home/matthew/nav2_ws/install/nav2_msgs:/home/matthew/nav2_ws/install/nav2_common:/opt/ros/iron LD_LIBRARY_PATH=/home/matthew/nav2_ws/install/nav2_util/lib:/home/matthew/nav2_ws/install/nav2_msgs/lib:${LD_LIBRARY_PATH} PYTHONPATH=/home/matthew/nav2_ws/install/nav2_msgs/lib/python3.10/site-packages:/home/matthew/nav2_ws/install/nav2_common/lib/python3.10/site-packages:${PYTHONPATH} /usr/bin/cmake --install /home/matthew/nav2_ws/build/nav2_map_server
