[0.059s] Invoking command in '/home/matthew/nav2_ws/build/nav2_behavior_tree': AMENT_PREFIX_PATH=/home/matthew/nav2_ws/install/nav2_util:/home/matthew/nav2_ws/install/nav2_msgs:/home/matthew/nav2_ws/install/nav2_common:${AMENT_PREFIX_PATH} CMAKE_PREFIX_PATH=/home/matthew/nav2_ws/install/nav2_util:/home/matthew/nav2_ws/install/nav2_msgs:/home/matthew/nav2_ws/install/nav2_common:/home/matthew/ros2_ws/install/ros2_laser_scan_matcher:/home/matthew/ros2_ws/install/opennav_docking_core:/home/matthew/ros2_ws/install/my_robot_description:/home/matthew/ros2_ws/install/map_msgs:/home/matthew/ros2_ws/install/fake_odometry:/home/matthew/ros2_ws/install/dwb_msgs:/home/matthew/ros2_ws/install/csm:/opt/ros/iron LD_LIBRARY_PATH=/home/matthew/nav2_ws/install/nav2_util/lib:/home/matthew/nav2_ws/install/nav2_msgs/lib:${LD_LIBRARY_PATH} PYTHONPATH=/home/matthew/nav2_ws/install/nav2_msgs/lib/python3.10/site-packages:/home/matthew/nav2_ws/install/nav2_common/lib/python3.10/site-packages:${PYTHONPATH} /usr/bin/cmake --build /home/matthew/nav2_ws/build/nav2_behavior_tree -- -j6 -l6
[0.310s] [  1%] Built target nav2_controller_cancel_bt_node
[0.318s] [  2%] Built target nav2_compute_path_to_pose_action_bt_node
[0.338s] [  3%] Built target nav2_behavior_tree
[0.342s] [  4%] Built target nav2_compute_path_through_poses_action_bt_node
[0.379s] [  5%] Built target nav2_wait_cancel_bt_node
[0.384s] [  6%] Built target nav2_spin_cancel_bt_node
[0.468s] [  7%] Built target nav2_back_up_cancel_bt_node
[0.528s] [  8%] Built target nav2_follow_path_action_bt_node
[0.528s] [  9%] Built target nav2_drive_on_heading_cancel_bt_node
[0.529s] [  9%] Built target nav2_smooth_path_action_bt_node
[0.535s] [  9%] Built target nav2_assisted_teleop_cancel_bt_node
[0.553s] [ 10%] Built target nav2_back_up_action_bt_node
[0.672s] [ 10%] Built target nav2_wait_action_bt_node
[0.673s] [ 11%] Built target nav2_spin_action_bt_node
[0.682s] [ 12%] Built target nav2_drive_on_heading_bt_node
[0.708s] [ 12%] Built target nav2_clear_costmap_service_bt_node
[0.724s] [ 13%] Built target nav2_assisted_teleop_action_bt_node
[0.729s] [ 14%] Built target nav2_is_stuck_condition_bt_node
[0.784s] [ 15%] Built target nav2_transform_available_condition_bt_node
[0.801s] [ 16%] Built target nav2_goal_updated_condition_bt_node
[0.806s] [ 17%] Built target nav2_globally_updated_goal_condition_bt_node
[0.830s] [ 18%] Built target nav2_goal_reached_condition_bt_node
[0.844s] [ 19%] Built target nav2_is_path_valid_condition_bt_node
[0.867s] [ 20%] Built target nav2_time_expired_condition_bt_node
[0.888s] [ 21%] Built target nav2_distance_traveled_condition_bt_node
[0.914s] [ 22%] Built target nav2_path_expiring_timer_condition
[0.976s] [ 22%] Built target nav2_is_battery_charging_condition_bt_node
[0.990s] [ 23%] Built target nav2_initial_pose_received_condition_bt_node
[1.012s] [ 24%] Built target nav2_would_a_planner_recovery_help_condition_bt_node
[1.015s] [ 25%] Built target nav2_are_error_codes_active_condition_bt_node
[1.023s] [ 26%] Built target nav2_is_battery_low_condition_bt_node
[1.032s] [ 27%] Built target nav2_would_a_controller_recovery_help_condition_bt_node
[1.086s] [ 28%] Built target nav2_rate_controller_bt_node
[1.093s] [ 29%] Built target nav2_would_a_smoother_recovery_help_condition_bt_node
[1.113s] [ 30%] Built target nav2_reinitialize_global_localization_service_bt_node
[1.143s] [ 31%] Built target nav2_distance_controller_bt_node
[1.150s] [ 32%] Built target nav2_truncate_path_action_bt_node
[1.165s] [ 33%] Built target nav2_speed_controller_bt_node
[1.225s] [ 34%] Built target nav2_truncate_path_local_action_bt_node
[1.242s] [ 36%] Built target nav2_goal_updater_node_bt_node
[1.245s] [ 36%] Built target nav2_path_longer_on_approach_bt_node
[1.268s] [ 37%] Built target nav2_recovery_node_bt_node
[1.282s] [ 38%] Built target nav2_navigate_to_pose_action_bt_node
[1.294s] [ 39%] Built target nav2_navigate_through_poses_action_bt_node
[1.333s] [ 40%] Built target nav2_remove_passed_goals_action_bt_node
[1.352s] [ 41%] Built target nav2_get_pose_from_path_action_bt_node
[1.372s] [ 41%] Built target nav2_pipeline_sequence_bt_node
[1.372s] [ 42%] Built target nav2_single_trigger_bt_node
[1.379s] [ 43%] Built target nav2_round_robin_node_bt_node
[1.450s] [ 44%] Built target nav2_planner_selector_bt_node
[1.499s] [ 45%] Built target nav2_smoother_selector_bt_node
[1.505s] [ 46%] Built target nav2_progress_checker_selector_bt_node
[1.520s] [ 47%] Built target nav2_controller_selector_bt_node
[1.533s] [ 48%] Built target nav2_goal_updated_controller_bt_node
[1.544s] [ 49%] Built target nav2_goal_checker_selector_bt_node
[1.591s] [ 49%] Built target gtest
[1.599s] [ 50%] Built target gtest_main
[1.677s] [ 50%] Built target test_bt_conversions
[1.718s] [ 51%] Built target test_condition_distance_traveled
[1.738s] [ 52%] Built target test_condition_time_expired
[1.774s] [ 53%] Built target test_condition_goal_reached
[1.800s] [ 54%] Built target test_condition_path_expiring_timer
[1.818s] [ 55%] Built target test_condition_initial_pose_received
[1.825s] [ 56%] Built target test_condition_goal_updated
[1.835s] [ 57%] Built target test_condition_globally_updated_goal
[1.873s] [ 58%] Built target test_condition_transform_available
[1.896s] [ 59%] Built target test_condition_is_stuck
[1.944s] [ 60%] Built target test_condition_is_battery_charging
[1.946s] [ 61%] Built target test_condition_is_battery_low
[1.971s] [ 62%] Built target test_are_error_codes_present
[1.978s] [ 62%] Built target test_condition_is_path_valid
[2.006s] [ 63%] Built target test_would_a_controller_recovery_help
[2.023s] [ 64%] Built target test_would_a_planner_recovery_help
[2.067s] [ 65%] Built target test_decorator_speed_controller
[2.075s] [ 65%] Built target test_decorator_distance_controller
[2.078s] [ 66%] Built target test_decorator_rate_controller
[2.095s] [ 67%] Built target test_would_a_smoother_recovery_help
[2.097s] [ 68%] Built target test_goal_updater_node
[2.129s] [ 69%] Built target test_single_trigger_node
[2.147s] [ 70%] Built target test_goal_updated_controller
[2.167s] [ 71%] Built target test_decorator_path_longer_on_approach
[2.172s] [ 72%] Built target test_control_recovery_node
[2.178s] [ 73%] Built target test_control_pipeline_sequence
[2.191s] [ 74%] Built target test_control_round_robin_node
[2.221s] [ 75%] Built target test_bt_action_node
[2.253s] [ 76%] Built target test_action_spin_action
[2.268s] [ 77%] Built target test_action_back_up_action
[2.276s] [ 78%] Built target test_action_drive_on_heading
[2.286s] [ 79%] Built target test_action_wait_action
[2.296s] [ 80%] Built target test_action_assisted_teleop_action
[2.319s] [ 81%] Built target test_action_controller_cancel_action
[2.332s] [ 82%] Built target test_action_wait_cancel_action
[2.352s] [ 83%] Built target test_action_spin_cancel_action
[2.366s] [ 84%] Built target test_action_assisted_teleop_cancel_action
[2.385s] [ 84%] Built target test_action_back_up_cancel_action
[2.386s] [ 85%] Built target test_action_clear_costmap_service
[2.389s] [ 86%] Built target test_action_drive_on_heading_cancel_action
[2.420s] [ 87%] Built target test_action_reinitialize_global_localization_service
[2.454s] [ 88%] Built target test_action_compute_path_to_pose_action
[2.470s] [ 90%] Built target test_action_smooth_path_action
[2.470s] [ 90%] Built target test_action_follow_path_action
[2.479s] [ 90%] Built target test_action_navigate_to_pose_action
[2.485s] [ 91%] Built target test_action_compute_path_through_poses_action
[2.529s] [ 92%] Built target test_action_navigate_through_poses_action
[2.551s] [ 93%] Built target test_truncate_path_action
[2.580s] [ 94%] Built target test_remove_passed_goals_action
[2.598s] [ 95%] Built target test_truncate_path_local_action
[2.604s] [ 96%] Built target test_controller_selector_node
[2.607s] [ 97%] Built target test_planner_selector_node
[2.614s] [ 98%] Built target test_get_pose_from_path_action
[2.655s] [ 99%] Built target test_smoother_selector_node
[2.672s] [ 99%] Built target test_progress_checker_selector_node
[2.684s] [100%] Built target test_goal_checker_selector_node
[2.722s] Invoked command in '/home/matthew/nav2_ws/build/nav2_behavior_tree' returned '0': AMENT_PREFIX_PATH=/home/matthew/nav2_ws/install/nav2_util:/home/matthew/nav2_ws/install/nav2_msgs:/home/matthew/nav2_ws/install/nav2_common:${AMENT_PREFIX_PATH} CMAKE_PREFIX_PATH=/home/matthew/nav2_ws/install/nav2_util:/home/matthew/nav2_ws/install/nav2_msgs:/home/matthew/nav2_ws/install/nav2_common:/home/matthew/ros2_ws/install/ros2_laser_scan_matcher:/home/matthew/ros2_ws/install/opennav_docking_core:/home/matthew/ros2_ws/install/my_robot_description:/home/matthew/ros2_ws/install/map_msgs:/home/matthew/ros2_ws/install/fake_odometry:/home/matthew/ros2_ws/install/dwb_msgs:/home/matthew/ros2_ws/install/csm:/opt/ros/iron LD_LIBRARY_PATH=/home/matthew/nav2_ws/install/nav2_util/lib:/home/matthew/nav2_ws/install/nav2_msgs/lib:${LD_LIBRARY_PATH} PYTHONPATH=/home/matthew/nav2_ws/install/nav2_msgs/lib/python3.10/site-packages:/home/matthew/nav2_ws/install/nav2_common/lib/python3.10/site-packages:${PYTHONPATH} /usr/bin/cmake --build /home/matthew/nav2_ws/build/nav2_behavior_tree -- -j6 -l6
[2.723s] Invoking command in '/home/matthew/nav2_ws/build/nav2_behavior_tree': AMENT_PREFIX_PATH=/home/matthew/nav2_ws/install/nav2_util:/home/matthew/nav2_ws/install/nav2_msgs:/home/matthew/nav2_ws/install/nav2_common:${AMENT_PREFIX_PATH} CMAKE_PREFIX_PATH=/home/matthew/nav2_ws/install/nav2_util:/home/matthew/nav2_ws/install/nav2_msgs:/home/matthew/nav2_ws/install/nav2_common:/home/matthew/ros2_ws/install/ros2_laser_scan_matcher:/home/matthew/ros2_ws/install/opennav_docking_core:/home/matthew/ros2_ws/install/my_robot_description:/home/matthew/ros2_ws/install/map_msgs:/home/matthew/ros2_ws/install/fake_odometry:/home/matthew/ros2_ws/install/dwb_msgs:/home/matthew/ros2_ws/install/csm:/opt/ros/iron LD_LIBRARY_PATH=/home/matthew/nav2_ws/install/nav2_util/lib:/home/matthew/nav2_ws/install/nav2_msgs/lib:${LD_LIBRARY_PATH} PYTHONPATH=/home/matthew/nav2_ws/install/nav2_msgs/lib/python3.10/site-packages:/home/matthew/nav2_ws/install/nav2_common/lib/python3.10/site-packages:${PYTHONPATH} /usr/bin/cmake --install /home/matthew/nav2_ws/build/nav2_behavior_tree
[2.741s] -- Install configuration: "Release"
[2.742s] -- Execute custom install script
[2.745s] -- Up-to-date symlink: /home/matthew/nav2_ws/install/nav2_behavior_tree/lib/libnav2_behavior_tree.so
[2.747s] -- Up-to-date symlink: /home/matthew/nav2_ws/install/nav2_behavior_tree/lib/libnav2_compute_path_to_pose_action_bt_node.so
[2.748s] -- Up-to-date symlink: /home/matthew/nav2_ws/install/nav2_behavior_tree/lib/libnav2_compute_path_through_poses_action_bt_node.so
[2.748s] -- Up-to-date symlink: /home/matthew/nav2_ws/install/nav2_behavior_tree/lib/libnav2_controller_cancel_bt_node.so
[2.748s] -- Up-to-date symlink: /home/matthew/nav2_ws/install/nav2_behavior_tree/lib/libnav2_wait_cancel_bt_node.so
[2.750s] -- Up-to-date symlink: /home/matthew/nav2_ws/install/nav2_behavior_tree/lib/libnav2_spin_cancel_bt_node.so
[2.750s] -- Up-to-date symlink: /home/matthew/nav2_ws/install/nav2_behavior_tree/lib/libnav2_back_up_cancel_bt_node.so
[2.751s] -- Up-to-date symlink: /home/matthew/nav2_ws/install/nav2_behavior_tree/lib/libnav2_assisted_teleop_cancel_bt_node.so
[2.752s] -- Up-to-date symlink: /home/matthew/nav2_ws/install/nav2_behavior_tree/lib/libnav2_drive_on_heading_cancel_bt_node.so
[2.752s] -- Up-to-date symlink: /home/matthew/nav2_ws/install/nav2_behavior_tree/lib/libnav2_smooth_path_action_bt_node.so
[2.752s] -- Up-to-date symlink: /home/matthew/nav2_ws/install/nav2_behavior_tree/lib/libnav2_follow_path_action_bt_node.so
[2.753s] -- Up-to-date symlink: /home/matthew/nav2_ws/install/nav2_behavior_tree/lib/libnav2_back_up_action_bt_node.so
[2.753s] -- Up-to-date symlink: /home/matthew/nav2_ws/install/nav2_behavior_tree/lib/libnav2_drive_on_heading_bt_node.so
[2.755s] -- Up-to-date symlink: /home/matthew/nav2_ws/install/nav2_behavior_tree/lib/libnav2_spin_action_bt_node.so
[2.755s] -- Up-to-date symlink: /home/matthew/nav2_ws/install/nav2_behavior_tree/lib/libnav2_wait_action_bt_node.so
[2.756s] -- Up-to-date symlink: /home/matthew/nav2_ws/install/nav2_behavior_tree/lib/libnav2_assisted_teleop_action_bt_node.so
[2.757s] -- Up-to-date symlink: /home/matthew/nav2_ws/install/nav2_behavior_tree/lib/libnav2_clear_costmap_service_bt_node.so
[2.758s] -- Up-to-date symlink: /home/matthew/nav2_ws/install/nav2_behavior_tree/lib/libnav2_is_stuck_condition_bt_node.so
[2.759s] -- Up-to-date symlink: /home/matthew/nav2_ws/install/nav2_behavior_tree/lib/libnav2_transform_available_condition_bt_node.so
[2.761s] -- Up-to-date symlink: /home/matthew/nav2_ws/install/nav2_behavior_tree/lib/libnav2_goal_reached_condition_bt_node.so
[2.762s] -- Up-to-date symlink: /home/matthew/nav2_ws/install/nav2_behavior_tree/lib/libnav2_globally_updated_goal_condition_bt_node.so
[2.763s] -- Up-to-date symlink: /home/matthew/nav2_ws/install/nav2_behavior_tree/lib/libnav2_goal_updated_condition_bt_node.so
[2.764s] -- Up-to-date symlink: /home/matthew/nav2_ws/install/nav2_behavior_tree/lib/libnav2_is_path_valid_condition_bt_node.so
[2.765s] -- Up-to-date symlink: /home/matthew/nav2_ws/install/nav2_behavior_tree/lib/libnav2_time_expired_condition_bt_node.so
[2.765s] -- Up-to-date symlink: /home/matthew/nav2_ws/install/nav2_behavior_tree/lib/libnav2_path_expiring_timer_condition.so
[2.765s] -- Up-to-date symlink: /home/matthew/nav2_ws/install/nav2_behavior_tree/lib/libnav2_distance_traveled_condition_bt_node.so
[2.768s] -- Up-to-date symlink: /home/matthew/nav2_ws/install/nav2_behavior_tree/lib/libnav2_initial_pose_received_condition_bt_node.so
[2.768s] -- Up-to-date symlink: /home/matthew/nav2_ws/install/nav2_behavior_tree/lib/libnav2_is_battery_charging_condition_bt_node.so
[2.769s] -- Up-to-date symlink: /home/matthew/nav2_ws/install/nav2_behavior_tree/lib/libnav2_is_battery_low_condition_bt_node.so
[2.769s] -- Up-to-date symlink: /home/matthew/nav2_ws/install/nav2_behavior_tree/lib/libnav2_are_error_codes_active_condition_bt_node.so
[2.769s] -- Up-to-date symlink: /home/matthew/nav2_ws/install/nav2_behavior_tree/lib/libnav2_would_a_controller_recovery_help_condition_bt_node.so
[2.769s] -- Up-to-date symlink: /home/matthew/nav2_ws/install/nav2_behavior_tree/lib/libnav2_would_a_planner_recovery_help_condition_bt_node.so
[2.769s] -- Up-to-date symlink: /home/matthew/nav2_ws/install/nav2_behavior_tree/lib/libnav2_would_a_smoother_recovery_help_condition_bt_node.so
[2.770s] -- Up-to-date symlink: /home/matthew/nav2_ws/install/nav2_behavior_tree/lib/libnav2_reinitialize_global_localization_service_bt_node.so
[2.770s] -- Up-to-date symlink: /home/matthew/nav2_ws/install/nav2_behavior_tree/lib/libnav2_rate_controller_bt_node.so
[2.770s] -- Up-to-date symlink: /home/matthew/nav2_ws/install/nav2_behavior_tree/lib/libnav2_distance_controller_bt_node.so
[2.770s] -- Up-to-date symlink: /home/matthew/nav2_ws/install/nav2_behavior_tree/lib/libnav2_speed_controller_bt_node.so
[2.770s] -- Up-to-date symlink: /home/matthew/nav2_ws/install/nav2_behavior_tree/lib/libnav2_truncate_path_action_bt_node.so
[2.771s] -- Up-to-date symlink: /home/matthew/nav2_ws/install/nav2_behavior_tree/lib/libnav2_truncate_path_local_action_bt_node.so
[2.771s] -- Up-to-date symlink: /home/matthew/nav2_ws/install/nav2_behavior_tree/lib/libnav2_goal_updater_node_bt_node.so
[2.771s] -- Up-to-date symlink: /home/matthew/nav2_ws/install/nav2_behavior_tree/lib/libnav2_path_longer_on_approach_bt_node.so
[2.771s] -- Up-to-date symlink: /home/matthew/nav2_ws/install/nav2_behavior_tree/lib/libnav2_recovery_node_bt_node.so
[2.771s] -- Up-to-date symlink: /home/matthew/nav2_ws/install/nav2_behavior_tree/lib/libnav2_navigate_to_pose_action_bt_node.so
[2.772s] -- Up-to-date symlink: /home/matthew/nav2_ws/install/nav2_behavior_tree/lib/libnav2_navigate_through_poses_action_bt_node.so
[2.772s] -- Up-to-date symlink: /home/matthew/nav2_ws/install/nav2_behavior_tree/lib/libnav2_remove_passed_goals_action_bt_node.so
[2.772s] -- Up-to-date symlink: /home/matthew/nav2_ws/install/nav2_behavior_tree/lib/libnav2_get_pose_from_path_action_bt_node.so
[2.772s] -- Up-to-date symlink: /home/matthew/nav2_ws/install/nav2_behavior_tree/lib/libnav2_pipeline_sequence_bt_node.so
[2.772s] -- Up-to-date symlink: /home/matthew/nav2_ws/install/nav2_behavior_tree/lib/libnav2_round_robin_node_bt_node.so
[2.773s] -- Up-to-date symlink: /home/matthew/nav2_ws/install/nav2_behavior_tree/lib/libnav2_single_trigger_bt_node.so
[2.775s] -- Up-to-date symlink: /home/matthew/nav2_ws/install/nav2_behavior_tree/lib/libnav2_planner_selector_bt_node.so
[2.775s] -- Up-to-date symlink: /home/matthew/nav2_ws/install/nav2_behavior_tree/lib/libnav2_controller_selector_bt_node.so
[2.775s] -- Up-to-date symlink: /home/matthew/nav2_ws/install/nav2_behavior_tree/lib/libnav2_smoother_selector_bt_node.so
[2.776s] -- Up-to-date symlink: /home/matthew/nav2_ws/install/nav2_behavior_tree/lib/libnav2_goal_checker_selector_bt_node.so
[2.776s] -- Up-to-date symlink: /home/matthew/nav2_ws/install/nav2_behavior_tree/lib/libnav2_progress_checker_selector_bt_node.so
[2.776s] -- Up-to-date symlink: /home/matthew/nav2_ws/install/nav2_behavior_tree/lib/libnav2_goal_updated_controller_bt_node.so
[2.776s] -- Up-to-date symlink: /home/matthew/nav2_ws/install/nav2_behavior_tree/include//nav2_behavior_tree/behavior_tree_engine.hpp
[2.776s] -- Up-to-date symlink: /home/matthew/nav2_ws/install/nav2_behavior_tree/include//nav2_behavior_tree/bt_action_node.hpp
[2.777s] -- Up-to-date symlink: /home/matthew/nav2_ws/install/nav2_behavior_tree/include//nav2_behavior_tree/bt_action_server.hpp
[2.777s] -- Up-to-date symlink: /home/matthew/nav2_ws/install/nav2_behavior_tree/include//nav2_behavior_tree/bt_action_server_impl.hpp
[2.782s] -- Up-to-date symlink: /home/matthew/nav2_ws/install/nav2_behavior_tree/include//nav2_behavior_tree/bt_cancel_action_node.hpp
[2.783s] -- Up-to-date symlink: /home/matthew/nav2_ws/install/nav2_behavior_tree/include//nav2_behavior_tree/bt_conversions.hpp
[2.783s] -- Up-to-date symlink: /home/matthew/nav2_ws/install/nav2_behavior_tree/include//nav2_behavior_tree/bt_service_node.hpp
[2.783s] -- Up-to-date symlink: /home/matthew/nav2_ws/install/nav2_behavior_tree/include//nav2_behavior_tree/plugins/action/assisted_teleop_action.hpp
[2.783s] -- Up-to-date symlink: /home/matthew/nav2_ws/install/nav2_behavior_tree/include//nav2_behavior_tree/plugins/action/assisted_teleop_cancel_node.hpp
[2.784s] -- Up-to-date symlink: /home/matthew/nav2_ws/install/nav2_behavior_tree/include//nav2_behavior_tree/plugins/action/back_up_action.hpp
[2.784s] -- Up-to-date symlink: /home/matthew/nav2_ws/install/nav2_behavior_tree/include//nav2_behavior_tree/plugins/action/back_up_cancel_node.hpp
[2.784s] -- Up-to-date symlink: /home/matthew/nav2_ws/install/nav2_behavior_tree/include//nav2_behavior_tree/plugins/action/clear_costmap_service.hpp
[2.785s] -- Up-to-date symlink: /home/matthew/nav2_ws/install/nav2_behavior_tree/include//nav2_behavior_tree/plugins/action/compute_path_through_poses_action.hpp
[2.785s] -- Up-to-date symlink: /home/matthew/nav2_ws/install/nav2_behavior_tree/include//nav2_behavior_tree/plugins/action/compute_path_to_pose_action.hpp
[2.785s] -- Up-to-date symlink: /home/matthew/nav2_ws/install/nav2_behavior_tree/include//nav2_behavior_tree/plugins/action/controller_cancel_node.hpp
[2.785s] -- Up-to-date symlink: /home/matthew/nav2_ws/install/nav2_behavior_tree/include//nav2_behavior_tree/plugins/action/controller_selector_node.hpp
[2.786s] -- Up-to-date symlink: /home/matthew/nav2_ws/install/nav2_behavior_tree/include//nav2_behavior_tree/plugins/action/drive_on_heading_action.hpp
[2.786s] -- Up-to-date symlink: /home/matthew/nav2_ws/install/nav2_behavior_tree/include//nav2_behavior_tree/plugins/action/drive_on_heading_cancel_node.hpp
[2.786s] -- Up-to-date symlink: /home/matthew/nav2_ws/install/nav2_behavior_tree/include//nav2_behavior_tree/plugins/action/follow_path_action.hpp
[2.786s] -- Up-to-date symlink: /home/matthew/nav2_ws/install/nav2_behavior_tree/include//nav2_behavior_tree/plugins/action/get_pose_from_path_action.hpp
[2.787s] -- Up-to-date symlink: /home/matthew/nav2_ws/install/nav2_behavior_tree/include//nav2_behavior_tree/plugins/action/goal_checker_selector_node.hpp
[2.788s] -- Up-to-date symlink: /home/matthew/nav2_ws/install/nav2_behavior_tree/include//nav2_behavior_tree/plugins/action/navigate_through_poses_action.hpp
[2.788s] -- Up-to-date symlink: /home/matthew/nav2_ws/install/nav2_behavior_tree/include//nav2_behavior_tree/plugins/action/navigate_to_pose_action.hpp
[2.789s] -- Up-to-date symlink: /home/matthew/nav2_ws/install/nav2_behavior_tree/include//nav2_behavior_tree/plugins/action/planner_selector_node.hpp
[2.789s] -- Up-to-date symlink: /home/matthew/nav2_ws/install/nav2_behavior_tree/include//nav2_behavior_tree/plugins/action/progress_checker_selector_node.hpp
[2.789s] -- Up-to-date symlink: /home/matthew/nav2_ws/install/nav2_behavior_tree/include//nav2_behavior_tree/plugins/action/reinitialize_global_localization_service.hpp
[2.790s] -- Up-to-date symlink: /home/matthew/nav2_ws/install/nav2_behavior_tree/include//nav2_behavior_tree/plugins/action/remove_passed_goals_action.hpp
[2.790s] -- Up-to-date symlink: /home/matthew/nav2_ws/install/nav2_behavior_tree/include//nav2_behavior_tree/plugins/action/smooth_path_action.hpp
[2.791s] -- Up-to-date symlink: /home/matthew/nav2_ws/install/nav2_behavior_tree/include//nav2_behavior_tree/plugins/action/smoother_selector_node.hpp
[2.791s] -- Up-to-date symlink: /home/matthew/nav2_ws/install/nav2_behavior_tree/include//nav2_behavior_tree/plugins/action/spin_action.hpp
[2.792s] -- Up-to-date symlink: /home/matthew/nav2_ws/install/nav2_behavior_tree/include//nav2_behavior_tree/plugins/action/spin_cancel_node.hpp
[2.792s] -- Up-to-date symlink: /home/matthew/nav2_ws/install/nav2_behavior_tree/include//nav2_behavior_tree/plugins/action/truncate_path_action.hpp
[2.792s] -- Up-to-date symlink: /home/matthew/nav2_ws/install/nav2_behavior_tree/include//nav2_behavior_tree/plugins/action/truncate_path_local_action.hpp
[2.793s] -- Up-to-date symlink: /home/matthew/nav2_ws/install/nav2_behavior_tree/include//nav2_behavior_tree/plugins/action/wait_action.hpp
[2.793s] -- Up-to-date symlink: /home/matthew/nav2_ws/install/nav2_behavior_tree/include//nav2_behavior_tree/plugins/action/wait_cancel_node.hpp
[2.793s] -- Up-to-date symlink: /home/matthew/nav2_ws/install/nav2_behavior_tree/include//nav2_behavior_tree/plugins/condition/are_error_codes_present_condition.hpp
[2.794s] -- Up-to-date symlink: /home/matthew/nav2_ws/install/nav2_behavior_tree/include//nav2_behavior_tree/plugins/condition/distance_traveled_condition.hpp
[2.795s] -- Up-to-date symlink: /home/matthew/nav2_ws/install/nav2_behavior_tree/include//nav2_behavior_tree/plugins/condition/globally_updated_goal_condition.hpp
[2.795s] -- Up-to-date symlink: /home/matthew/nav2_ws/install/nav2_behavior_tree/include//nav2_behavior_tree/plugins/condition/goal_reached_condition.hpp
[2.796s] -- Up-to-date symlink: /home/matthew/nav2_ws/install/nav2_behavior_tree/include//nav2_behavior_tree/plugins/condition/goal_updated_condition.hpp
[2.796s] -- Up-to-date symlink: /home/matthew/nav2_ws/install/nav2_behavior_tree/include//nav2_behavior_tree/plugins/condition/initial_pose_received_condition.hpp
[2.796s] -- Up-to-date symlink: /home/matthew/nav2_ws/install/nav2_behavior_tree/include//nav2_behavior_tree/plugins/condition/is_battery_charging_condition.hpp
[2.797s] -- Up-to-date symlink: /home/matthew/nav2_ws/install/nav2_behavior_tree/include//nav2_behavior_tree/plugins/condition/is_battery_low_condition.hpp
[2.797s] -- Up-to-date symlink: /home/matthew/nav2_ws/install/nav2_behavior_tree/include//nav2_behavior_tree/plugins/condition/is_path_valid_condition.hpp
[2.797s] -- Up-to-date symlink: /home/matthew/nav2_ws/install/nav2_behavior_tree/include//nav2_behavior_tree/plugins/condition/is_stuck_condition.hpp
[2.798s] -- Up-to-date symlink: /home/matthew/nav2_ws/install/nav2_behavior_tree/include//nav2_behavior_tree/plugins/condition/path_expiring_timer_condition.hpp
[2.799s] -- Up-to-date symlink: /home/matthew/nav2_ws/install/nav2_behavior_tree/include//nav2_behavior_tree/plugins/condition/time_expired_condition.hpp
[2.800s] -- Up-to-date symlink: /home/matthew/nav2_ws/install/nav2_behavior_tree/include//nav2_behavior_tree/plugins/condition/transform_available_condition.hpp
[2.800s] -- Up-to-date symlink: /home/matthew/nav2_ws/install/nav2_behavior_tree/include//nav2_behavior_tree/plugins/condition/would_a_controller_recovery_help_condition.hpp
[2.800s] -- Up-to-date symlink: /home/matthew/nav2_ws/install/nav2_behavior_tree/include//nav2_behavior_tree/plugins/condition/would_a_planner_recovery_help_condition.hpp
[2.800s] -- Up-to-date symlink: /home/matthew/nav2_ws/install/nav2_behavior_tree/include//nav2_behavior_tree/plugins/condition/would_a_smoother_recovery_help_condition.hpp
[2.801s] -- Up-to-date symlink: /home/matthew/nav2_ws/install/nav2_behavior_tree/include//nav2_behavior_tree/plugins/control/pipeline_sequence.hpp
[2.802s] -- Up-to-date symlink: /home/matthew/nav2_ws/install/nav2_behavior_tree/include//nav2_behavior_tree/plugins/control/recovery_node.hpp
[2.804s] -- Up-to-date symlink: /home/matthew/nav2_ws/install/nav2_behavior_tree/include//nav2_behavior_tree/plugins/control/round_robin_node.hpp
[2.804s] -- Up-to-date symlink: /home/matthew/nav2_ws/install/nav2_behavior_tree/include//nav2_behavior_tree/plugins/decorator/distance_controller.hpp
[2.805s] -- Up-to-date symlink: /home/matthew/nav2_ws/install/nav2_behavior_tree/include//nav2_behavior_tree/plugins/decorator/goal_updated_controller.hpp
[2.805s] -- Up-to-date symlink: /home/matthew/nav2_ws/install/nav2_behavior_tree/include//nav2_behavior_tree/plugins/decorator/goal_updater_node.hpp
[2.805s] -- Up-to-date symlink: /home/matthew/nav2_ws/install/nav2_behavior_tree/include//nav2_behavior_tree/plugins/decorator/path_longer_on_approach.hpp
[2.805s] -- Up-to-date symlink: /home/matthew/nav2_ws/install/nav2_behavior_tree/include//nav2_behavior_tree/plugins/decorator/rate_controller.hpp
[2.810s] -- Up-to-date symlink: /home/matthew/nav2_ws/install/nav2_behavior_tree/include//nav2_behavior_tree/plugins/decorator/single_trigger_node.hpp
[2.811s] -- Up-to-date symlink: /home/matthew/nav2_ws/install/nav2_behavior_tree/include//nav2_behavior_tree/plugins/decorator/speed_controller.hpp
[2.812s] -- Up-to-date symlink: /home/matthew/nav2_ws/install/nav2_behavior_tree/include//nav2_behavior_tree/ros_topic_logger.hpp
[2.812s] -- Up-to-date symlink: /home/matthew/nav2_ws/install/nav2_behavior_tree/include/nav2_behavior_tree/utils//test_action_server.hpp
[2.812s] -- Up-to-date symlink: /home/matthew/nav2_ws/install/nav2_behavior_tree/include/nav2_behavior_tree/utils//test_behavior_tree_fixture.hpp
[2.812s] -- Up-to-date symlink: /home/matthew/nav2_ws/install/nav2_behavior_tree/include/nav2_behavior_tree/utils//test_dummy_tree_node.hpp
[2.814s] -- Up-to-date symlink: /home/matthew/nav2_ws/install/nav2_behavior_tree/include/nav2_behavior_tree/utils//test_service.hpp
[2.815s] -- Up-to-date symlink: /home/matthew/nav2_ws/install/nav2_behavior_tree/include/nav2_behavior_tree/utils//test_transform_handler.hpp
[2.815s] -- Up-to-date symlink: /home/matthew/nav2_ws/install/nav2_behavior_tree/share/nav2_behavior_tree/nav2_tree_nodes.xml
[2.816s] -- Up-to-date symlink: /home/matthew/nav2_ws/install/nav2_behavior_tree/share/nav2_behavior_tree/environment/library_path.sh
[2.816s] -- Up-to-date symlink: /home/matthew/nav2_ws/install/nav2_behavior_tree/share/nav2_behavior_tree/environment/library_path.dsv
[2.817s] -- Up-to-date symlink: /home/matthew/nav2_ws/install/nav2_behavior_tree/share/ament_index/resource_index/package_run_dependencies/nav2_behavior_tree
[2.817s] -- Up-to-date symlink: /home/matthew/nav2_ws/install/nav2_behavior_tree/share/ament_index/resource_index/parent_prefix_path/nav2_behavior_tree
[2.817s] -- Up-to-date symlink: /home/matthew/nav2_ws/install/nav2_behavior_tree/share/nav2_behavior_tree/environment/ament_prefix_path.sh
[2.818s] -- Up-to-date symlink: /home/matthew/nav2_ws/install/nav2_behavior_tree/share/nav2_behavior_tree/environment/ament_prefix_path.dsv
[2.818s] -- Up-to-date symlink: /home/matthew/nav2_ws/install/nav2_behavior_tree/share/nav2_behavior_tree/environment/path.sh
[2.819s] -- Up-to-date symlink: /home/matthew/nav2_ws/install/nav2_behavior_tree/share/nav2_behavior_tree/environment/path.dsv
[2.820s] -- Up-to-date symlink: /home/matthew/nav2_ws/install/nav2_behavior_tree/share/nav2_behavior_tree/local_setup.bash
[2.821s] -- Up-to-date symlink: /home/matthew/nav2_ws/install/nav2_behavior_tree/share/nav2_behavior_tree/local_setup.sh
[2.821s] -- Up-to-date symlink: /home/matthew/nav2_ws/install/nav2_behavior_tree/share/nav2_behavior_tree/local_setup.zsh
[2.822s] -- Up-to-date symlink: /home/matthew/nav2_ws/install/nav2_behavior_tree/share/nav2_behavior_tree/local_setup.dsv
[2.822s] -- Symlinking: /home/matthew/nav2_ws/install/nav2_behavior_tree/share/nav2_behavior_tree/package.dsv
[2.823s] -- Up-to-date symlink: /home/matthew/nav2_ws/install/nav2_behavior_tree/share/ament_index/resource_index/packages/nav2_behavior_tree
[2.823s] -- Up-to-date symlink: /home/matthew/nav2_ws/install/nav2_behavior_tree/share/nav2_behavior_tree/cmake/ament_cmake_export_include_directories-extras.cmake
[2.825s] -- Up-to-date symlink: /home/matthew/nav2_ws/install/nav2_behavior_tree/share/nav2_behavior_tree/cmake/ament_cmake_export_libraries-extras.cmake
[2.827s] -- Up-to-date symlink: /home/matthew/nav2_ws/install/nav2_behavior_tree/share/nav2_behavior_tree/cmake/ament_cmake_export_dependencies-extras.cmake
[2.829s] -- Up-to-date symlink: /home/matthew/nav2_ws/install/nav2_behavior_tree/share/nav2_behavior_tree/cmake/nav2_behavior_treeConfig.cmake
[2.830s] -- Up-to-date symlink: /home/matthew/nav2_ws/install/nav2_behavior_tree/share/nav2_behavior_tree/cmake/nav2_behavior_treeConfig-version.cmake
[2.830s] -- Up-to-date symlink: /home/matthew/nav2_ws/install/nav2_behavior_tree/share/nav2_behavior_tree/package.xml
[2.833s] Invoked command in '/home/matthew/nav2_ws/build/nav2_behavior_tree' returned '0': AMENT_PREFIX_PATH=/home/matthew/nav2_ws/install/nav2_util:/home/matthew/nav2_ws/install/nav2_msgs:/home/matthew/nav2_ws/install/nav2_common:${AMENT_PREFIX_PATH} CMAKE_PREFIX_PATH=/home/matthew/nav2_ws/install/nav2_util:/home/matthew/nav2_ws/install/nav2_msgs:/home/matthew/nav2_ws/install/nav2_common:/home/matthew/ros2_ws/install/ros2_laser_scan_matcher:/home/matthew/ros2_ws/install/opennav_docking_core:/home/matthew/ros2_ws/install/my_robot_description:/home/matthew/ros2_ws/install/map_msgs:/home/matthew/ros2_ws/install/fake_odometry:/home/matthew/ros2_ws/install/dwb_msgs:/home/matthew/ros2_ws/install/csm:/opt/ros/iron LD_LIBRARY_PATH=/home/matthew/nav2_ws/install/nav2_util/lib:/home/matthew/nav2_ws/install/nav2_msgs/lib:${LD_LIBRARY_PATH} PYTHONPATH=/home/matthew/nav2_ws/install/nav2_msgs/lib/python3.10/site-packages:/home/matthew/nav2_ws/install/nav2_common/lib/python3.10/site-packages:${PYTHONPATH} /usr/bin/cmake --install /home/matthew/nav2_ws/build/nav2_behavior_tree
