[1.761s] Invoking command in '/home/matthew/nav2_ws/build/nav2_simple_commander': AMENT_PREFIX_PATH=/home/matthew/nav2_ws/install/nav2_msgs:/home/matthew/nav2_ws/install/nav2_common:${AMENT_PREFIX_PATH} CMAKE_PREFIX_PATH=/home/matthew/nav2_ws/install/nav2_msgs:/home/matthew/nav2_ws/install/nav2_common:${CMAKE_PREFIX_PATH} LD_LIBRARY_PATH=/home/matthew/nav2_ws/install/nav2_msgs/lib:${LD_LIBRARY_PATH} PYTHONPATH=/home/matthew/nav2_ws/build/nav2_simple_commander/prefix_override:/usr/lib/python3/dist-packages/colcon_core/task/python/colcon_distutils_commands:/home/matthew/nav2_ws/install/nav2_simple_commander/lib/python3.10/site-packages:/home/matthew/nav2_ws/install/nav2_msgs/lib/python3.10/site-packages:/home/matthew/nav2_ws/install/nav2_common/lib/python3.10/site-packages:${PYTHONPATH} /usr/bin/python3 -W ignore:setup.py install is deprecated -W ignore:easy_install command is deprecated setup.py develop --editable --build-directory /home/matthew/nav2_ws/build/nav2_simple_commander/build --no-deps symlink_data
[2.493s] running develop
[2.986s] running egg_info
[2.987s] writing nav2_simple_commander.egg-info/PKG-INFO
[2.988s] writing dependency_links to nav2_simple_commander.egg-info/dependency_links.txt
[2.989s] writing entry points to nav2_simple_commander.egg-info/entry_points.txt
[2.989s] writing requirements to nav2_simple_commander.egg-info/requires.txt
[2.989s] writing top-level names to nav2_simple_commander.egg-info/top_level.txt
[2.994s] reading manifest file 'nav2_simple_commander.egg-info/SOURCES.txt'
[2.996s] writing manifest file 'nav2_simple_commander.egg-info/SOURCES.txt'
[2.999s] running build_ext
[3.000s] Creating /home/matthew/nav2_ws/install/nav2_simple_commander/lib/python3.10/site-packages/nav2-simple-commander.egg-link (link to .)
[3.006s] Installing demo_inspection script to /home/matthew/nav2_ws/install/nav2_simple_commander/lib/nav2_simple_commander
[3.006s] Installing demo_picking script to /home/matthew/nav2_ws/install/nav2_simple_commander/lib/nav2_simple_commander
[3.006s] Installing demo_recoveries script to /home/matthew/nav2_ws/install/nav2_simple_commander/lib/nav2_simple_commander
[3.006s] Installing demo_security script to /home/matthew/nav2_ws/install/nav2_simple_commander/lib/nav2_simple_commander
[3.006s] Installing example_assisted_teleop script to /home/matthew/nav2_ws/install/nav2_simple_commander/lib/nav2_simple_commander
[3.007s] Installing example_follow_path script to /home/matthew/nav2_ws/install/nav2_simple_commander/lib/nav2_simple_commander
[3.007s] Installing example_nav_through_poses script to /home/matthew/nav2_ws/install/nav2_simple_commander/lib/nav2_simple_commander
[3.007s] Installing example_nav_to_pose script to /home/matthew/nav2_ws/install/nav2_simple_commander/lib/nav2_simple_commander
[3.007s] Installing example_waypoint_follower script to /home/matthew/nav2_ws/install/nav2_simple_commander/lib/nav2_simple_commander
[3.007s] 
[3.007s] Installed /home/matthew/nav2_ws/build/nav2_simple_commander
[3.007s] running symlink_data
[3.115s] Invoked command in '/home/matthew/nav2_ws/build/nav2_simple_commander' returned '0': AMENT_PREFIX_PATH=/home/matthew/nav2_ws/install/nav2_msgs:/home/matthew/nav2_ws/install/nav2_common:${AMENT_PREFIX_PATH} CMAKE_PREFIX_PATH=/home/matthew/nav2_ws/install/nav2_msgs:/home/matthew/nav2_ws/install/nav2_common:${CMAKE_PREFIX_PATH} LD_LIBRARY_PATH=/home/matthew/nav2_ws/install/nav2_msgs/lib:${LD_LIBRARY_PATH} PYTHONPATH=/home/matthew/nav2_ws/build/nav2_simple_commander/prefix_override:/usr/lib/python3/dist-packages/colcon_core/task/python/colcon_distutils_commands:/home/matthew/nav2_ws/install/nav2_simple_commander/lib/python3.10/site-packages:/home/matthew/nav2_ws/install/nav2_msgs/lib/python3.10/site-packages:/home/matthew/nav2_ws/install/nav2_common/lib/python3.10/site-packages:${PYTHONPATH} /usr/bin/python3 -W ignore:setup.py install is deprecated -W ignore:easy_install command is deprecated setup.py develop --editable --build-directory /home/matthew/nav2_ws/build/nav2_simple_commander/build --no-deps symlink_data
