-- The C compiler identification is GNU 11.4.0
-- The CXX compiler identification is GNU 11.4.0
-- Detecting C compiler ABI info
-- Detecting C compiler ABI info - done
-- Check for working C compiler: /usr/bin/cc - skipped
-- Detecting C compile features
-- Detecting C compile features - done
-- Detecting CXX compiler ABI info
-- Detecting CXX compiler ABI info - done
-- Check for working CXX compiler: /usr/bin/c++ - skipped
-- Detecting CXX compile features
-- Detecting CXX compile features - done
-- Found ament_cmake: 2.0.7 (/opt/ros/iron/share/ament_cmake/cmake)
-- Found Python3: /usr/bin/python3.10 (found version "3.10.12") found components: Interpreter 
-- Override CMake install command with custom implementation using symlinks instead of copying resources
-- Performing Test arch_native_supported
-- Performing Test arch_native_supported - Success
-- Found rclcpp: 21.0.8 (/opt/ros/iron/share/rclcpp/cmake)
-- Found rosidl_generator_c: 4.0.1 (/opt/ros/iron/share/rosidl_generator_c/cmake)
-- Found rosidl_generator_cpp: 4.0.1 (/opt/ros/iron/share/rosidl_generator_cpp/cmake)
-- Using all available rosidl_typesupport_c: rosidl_typesupport_fastrtps_c;rosidl_typesupport_introspection_c
-- Using all available rosidl_typesupport_cpp: rosidl_typesupport_fastrtps_cpp;rosidl_typesupport_introspection_cpp
-- Found rmw_implementation_cmake: 7.1.0 (/opt/ros/iron/share/rmw_implementation_cmake/cmake)
-- Found rmw_fastrtps_cpp: 7.1.4 (/opt/ros/iron/share/rmw_fastrtps_cpp/cmake)
-- Found OpenSSL: /usr/lib/aarch64-linux-gnu/libcrypto.so (found version "3.0.2")  
-- Found FastRTPS: /opt/ros/iron/include  
-- Using RMW implementation 'rmw_fastrtps_cpp' as default
-- Found nav2_common: 1.2.10 (/home/matthew/nav2_ws/install/nav2_common/share/nav2_common/cmake)
-- Found pluginlib: 5.2.2 (/opt/ros/iron/share/pluginlib/cmake)
-- Found tf2: 0.31.8 (/opt/ros/iron/share/tf2/cmake)
-- Found visualization_msgs: 5.0.1 (/opt/ros/iron/share/visualization_msgs/cmake)
-- Found nav_msgs: 5.0.1 (/opt/ros/iron/share/nav_msgs/cmake)
-- Found nav2_core: 1.2.10 (/home/matthew/nav2_ws/install/nav2_core/share/nav2_core/cmake)
-- Found Eigen3: TRUE (found version "3.4.0") 
-- Ensuring Eigen3 include directory is part of orocos-kdl CMake target
-- Found tf2_eigen: 0.31.8 (/opt/ros/iron/share/tf2_eigen/cmake)
-- Setting build type to Release as none was specified.
-- Performing Test COMPILER_SUPPORTS_AVX512
-- Performing Test COMPILER_SUPPORTS_AVX512 - Failed
-- Performing Test COMPILER_SUPPORTS_SSE4
-- Performing Test COMPILER_SUPPORTS_SSE4 - Failed
-- Performing Test COMPILER_SUPPORTS_AVX2
-- Performing Test COMPILER_SUPPORTS_AVX2 - Failed
-- Performing Test COMPILER_SUPPORTS_FMA
-- Performing Test COMPILER_SUPPORTS_FMA - Failed
-- Found ament_lint_auto: 0.14.4 (/opt/ros/iron/share/ament_lint_auto/cmake)
-- Found ament_cmake_gtest: 2.0.7 (/opt/ros/iron/share/ament_cmake_gtest/cmake)
-- Found gtest sources under '/opt/ros/iron/src/gtest_vendor': C++ tests using 'Google Test' will be built
-- Looking for pthread.h
-- Looking for pthread.h - found
-- Performing Test CMAKE_HAVE_LIBC_PTHREAD
-- Performing Test CMAKE_HAVE_LIBC_PTHREAD - Success
-- Found Threads: TRUE  
-- Added test 'cppcheck' to perform static code analysis on C / C++ code
-- Configured cppcheck include dirs: /home/matthew/nav2_ws/src/navigation2/nav2_mppi_controller/include
-- Configured cppcheck exclude dirs and/or files: 
-- Added test 'cpplint' to check C / C++ code against the Google style
-- Configured cpplint exclude dirs and/or files: 
-- Added test 'lint_cmake' to check CMake code style
-- Added test 'uncrustify' to check C / C++ code style
-- Configured uncrustify additional arguments: 
-- Added test 'xmllint' to check XML markup files
-- Configuring done
-- Generating done
-- Build files have been written to: /home/matthew/nav2_ws/build/nav2_mppi_controller
[  2%] [32mBuilding CXX object CMakeFiles/mppi_controller.dir/src/controller.cpp.o[0m
[  4%] [32mBuilding CXX object CMakeFiles/mppi_controller.dir/src/critic_manager.cpp.o[0m
[  6%] [32mBuilding CXX object CMakeFiles/mppi_controller.dir/src/optimizer.cpp.o[0m
[  8%] [32mBuilding CXX object CMakeFiles/mppi_controller.dir/src/path_handler.cpp.o[0m
[ 10%] [32mBuilding CXX object CMakeFiles/mppi_controller.dir/src/parameters_handler.cpp.o[0m
[ 12%] [32mBuilding CXX object CMakeFiles/mppi_controller.dir/src/noise_generator.cpp.o[0m
[ 14%] [32mBuilding CXX object CMakeFiles/mppi_controller.dir/src/trajectory_visualizer.cpp.o[0m
[ 16%] [32m[1mLinking CXX shared library libmppi_controller.so[0m
[ 16%] Built target mppi_controller
[ 18%] [32mBuilding CXX object gtest/CMakeFiles/gtest.dir/src/gtest-all.cc.o[0m
[ 20%] [32m[1mLinking CXX static library libgtest.a[0m
[ 20%] Built target gtest
[ 22%] [32mBuilding CXX object gtest/CMakeFiles/gtest_main.dir/src/gtest_main.cc.o[0m
[ 24%] [32m[1mLinking CXX static library libgtest_main.a[0m
[ 24%] Built target gtest_main
[ 26%] [32mBuilding CXX object CMakeFiles/mppi_critics.dir/src/critics/obstacles_critic.cpp.o[0m
[ 28%] [32mBuilding CXX object CMakeFiles/mppi_critics.dir/src/critics/cost_critic.cpp.o[0m
[ 30%] [32mBuilding CXX object CMakeFiles/mppi_critics.dir/src/critics/goal_critic.cpp.o[0m
[ 32%] [32mBuilding CXX object CMakeFiles/mppi_critics.dir/src/critics/goal_angle_critic.cpp.o[0m
[ 34%] [32mBuilding CXX object test/CMakeFiles/parameter_handler_test.dir/parameter_handler_test.cpp.o[0m
[ 36%] [32mBuilding CXX object test/CMakeFiles/noise_generator_test.dir/noise_generator_test.cpp.o[0m
[ 38%] [32mBuilding CXX object test/CMakeFiles/models_test.dir/models_test.cpp.o[0m
[ 40%] [32mBuilding CXX object CMakeFiles/mppi_critics.dir/src/critics/path_align_critic.cpp.o[0m
[ 42%] [32m[1mLinking CXX executable parameter_handler_test[0m
[ 42%] Built target parameter_handler_test
[ 44%] [32m[1mLinking CXX executable models_test[0m
[ 44%] Built target models_test
[ 46%] [32m[1mLinking CXX executable noise_generator_test[0m
[ 46%] Built target noise_generator_test
[ 48%] [32mBuilding CXX object CMakeFiles/mppi_critics.dir/src/critics/path_align_legacy_critic.cpp.o[0m
[ 51%] [32mBuilding CXX object CMakeFiles/mppi_critics.dir/src/critics/path_follow_critic.cpp.o[0m
[ 53%] [32mBuilding CXX object test/CMakeFiles/utils_test.dir/utils_test.cpp.o[0m
[ 55%] [32mBuilding CXX object test/CMakeFiles/trajectory_visualizer_tests.dir/trajectory_visualizer_tests.cpp.o[0m
[ 57%] [32mBuilding CXX object test/CMakeFiles/motion_model_tests.dir/motion_model_tests.cpp.o[0m
[ 59%] [32mBuilding CXX object test/CMakeFiles/controller_state_transition_test.dir/controller_state_transition_test.cpp.o[0m
[ 61%] [32mBuilding CXX object test/CMakeFiles/optimizer_smoke_test.dir/optimizer_smoke_test.cpp.o[0m
[ 63%] [32mBuilding CXX object CMakeFiles/mppi_critics.dir/src/critics/path_angle_critic.cpp.o[0m
[ 65%] [32m[1mLinking CXX executable motion_model_tests[0m
[ 65%] Built target motion_model_tests
[ 67%] [32m[1mLinking CXX executable utils_test[0m
[ 67%] Built target utils_test
[ 69%] [32m[1mLinking CXX executable controller_state_transition_test[0m
[ 69%] Built target controller_state_transition_test
[ 71%] [32m[1mLinking CXX executable optimizer_smoke_test[0m
[ 71%] Built target optimizer_smoke_test
[ 73%] [32mBuilding CXX object CMakeFiles/mppi_critics.dir/src/critics/prefer_forward_critic.cpp.o[0m
[ 75%] [32m[1mLinking CXX executable trajectory_visualizer_tests[0m
[ 75%] Built target trajectory_visualizer_tests
[ 77%] [32mBuilding CXX object CMakeFiles/mppi_critics.dir/src/critics/constraint_critic.cpp.o[0m
[ 79%] [32mBuilding CXX object CMakeFiles/mppi_critics.dir/src/critics/twirling_critic.cpp.o[0m
[ 81%] [32mBuilding CXX object CMakeFiles/mppi_critics.dir/src/critics/velocity_deadband_critic.cpp.o[0m
[ 83%] [32m[1mLinking CXX shared library libmppi_critics.so[0m
[ 83%] Built target mppi_critics
[ 85%] [32mBuilding CXX object test/CMakeFiles/optimizer_unit_tests.dir/optimizer_unit_tests.cpp.o[0m
[01m[K/home/matthew/nav2_ws/src/navigation2/nav2_mppi_controller/test/optimizer_unit_tests.cpp:[m[K In member function ‘[01m[Kstd::pair<double, double> OptimizerTester::getVelLimits()[m[K’:
[01m[K/home/matthew/nav2_ws/src/navigation2/nav2_mppi_controller/test/optimizer_unit_tests.cpp:147:3:[m[K [01;36m[Knote: [m[Kparameter passing for argument of type ‘[01m[Kstd::pair<double, double>[m[K’ when C++17 is enabled changed to match C++14 ]8;;https://gcc.gnu.org/gcc-10/changes.html#empty_basein GCC 10.1]8;;
  147 |   [01;36m[K{[m[K
      |   [01;36m[K^[m[K
[ 87%] [32m[1mLinking CXX executable optimizer_unit_tests[0m
[ 87%] Built target optimizer_unit_tests
[ 89%] [32mBuilding CXX object test/CMakeFiles/critics_tests.dir/critics_tests.cpp.o[0m
[ 91%] [32mBuilding CXX object test/CMakeFiles/critic_manager_test.dir/critic_manager_test.cpp.o[0m
[ 93%] [32m[1mLinking CXX executable critic_manager_test[0m
[ 93%] Built target critic_manager_test
[ 95%] [32mBuilding CXX object test/CMakeFiles/path_handler_test.dir/path_handler_test.cpp.o[0m
[ 97%] [32m[1mLinking CXX executable critics_tests[0m
[ 97%] Built target critics_tests
[100%] [32m[1mLinking CXX executable path_handler_test[0m
[100%] Built target path_handler_test
-- Install configuration: "Release"
-- Execute custom install script
-- Symlinking: /home/matthew/nav2_ws/install/nav2_mppi_controller/lib/libmppi_controller.so
-- Symlinking: /home/matthew/nav2_ws/install/nav2_mppi_controller/lib/libmppi_critics.so
-- Symlinking: /home/matthew/nav2_ws/install/nav2_mppi_controller/include//nav2_mppi_controller/controller.hpp
-- Symlinking: /home/matthew/nav2_ws/install/nav2_mppi_controller/include//nav2_mppi_controller/critic_data.hpp
-- Symlinking: /home/matthew/nav2_ws/install/nav2_mppi_controller/include//nav2_mppi_controller/critic_function.hpp
-- Symlinking: /home/matthew/nav2_ws/install/nav2_mppi_controller/include//nav2_mppi_controller/critic_manager.hpp
-- Symlinking: /home/matthew/nav2_ws/install/nav2_mppi_controller/include//nav2_mppi_controller/critics/constraint_critic.hpp
-- Symlinking: /home/matthew/nav2_ws/install/nav2_mppi_controller/include//nav2_mppi_controller/critics/cost_critic.hpp
-- Symlinking: /home/matthew/nav2_ws/install/nav2_mppi_controller/include//nav2_mppi_controller/critics/goal_angle_critic.hpp
-- Symlinking: /home/matthew/nav2_ws/install/nav2_mppi_controller/include//nav2_mppi_controller/critics/goal_critic.hpp
-- Symlinking: /home/matthew/nav2_ws/install/nav2_mppi_controller/include//nav2_mppi_controller/critics/obstacles_critic.hpp
-- Symlinking: /home/matthew/nav2_ws/install/nav2_mppi_controller/include//nav2_mppi_controller/critics/path_align_critic.hpp
-- Symlinking: /home/matthew/nav2_ws/install/nav2_mppi_controller/include//nav2_mppi_controller/critics/path_align_legacy_critic.hpp
-- Symlinking: /home/matthew/nav2_ws/install/nav2_mppi_controller/include//nav2_mppi_controller/critics/path_angle_critic.hpp
-- Symlinking: /home/matthew/nav2_ws/install/nav2_mppi_controller/include//nav2_mppi_controller/critics/path_follow_critic.hpp
-- Symlinking: /home/matthew/nav2_ws/install/nav2_mppi_controller/include//nav2_mppi_controller/critics/prefer_forward_critic.hpp
-- Symlinking: /home/matthew/nav2_ws/install/nav2_mppi_controller/include//nav2_mppi_controller/critics/twirling_critic.hpp
-- Symlinking: /home/matthew/nav2_ws/install/nav2_mppi_controller/include//nav2_mppi_controller/critics/velocity_deadband_critic.hpp
-- Symlinking: /home/matthew/nav2_ws/install/nav2_mppi_controller/include//nav2_mppi_controller/models/constraints.hpp
-- Symlinking: /home/matthew/nav2_ws/install/nav2_mppi_controller/include//nav2_mppi_controller/models/control_sequence.hpp
-- Symlinking: /home/matthew/nav2_ws/install/nav2_mppi_controller/include//nav2_mppi_controller/models/optimizer_settings.hpp
-- Symlinking: /home/matthew/nav2_ws/install/nav2_mppi_controller/include//nav2_mppi_controller/models/path.hpp
-- Symlinking: /home/matthew/nav2_ws/install/nav2_mppi_controller/include//nav2_mppi_controller/models/state.hpp
-- Symlinking: /home/matthew/nav2_ws/install/nav2_mppi_controller/include//nav2_mppi_controller/models/trajectories.hpp
-- Symlinking: /home/matthew/nav2_ws/install/nav2_mppi_controller/include//nav2_mppi_controller/motion_models.hpp
-- Symlinking: /home/matthew/nav2_ws/install/nav2_mppi_controller/include//nav2_mppi_controller/optimizer.hpp
-- Symlinking: /home/matthew/nav2_ws/install/nav2_mppi_controller/include//nav2_mppi_controller/tools/noise_generator.hpp
-- Symlinking: /home/matthew/nav2_ws/install/nav2_mppi_controller/include//nav2_mppi_controller/tools/parameters_handler.hpp
-- Symlinking: /home/matthew/nav2_ws/install/nav2_mppi_controller/include//nav2_mppi_controller/tools/path_handler.hpp
-- Symlinking: /home/matthew/nav2_ws/install/nav2_mppi_controller/include//nav2_mppi_controller/tools/trajectory_visualizer.hpp
-- Symlinking: /home/matthew/nav2_ws/install/nav2_mppi_controller/include//nav2_mppi_controller/tools/utils.hpp
-- Symlinking: /home/matthew/nav2_ws/install/nav2_mppi_controller/share/nav2_mppi_controller/environment/library_path.sh
-- Symlinking: /home/matthew/nav2_ws/install/nav2_mppi_controller/share/nav2_mppi_controller/environment/library_path.dsv
-- Symlinking: /home/matthew/nav2_ws/install/nav2_mppi_controller/share/nav2_mppi_controller//mppic.xml
-- Symlinking: /home/matthew/nav2_ws/install/nav2_mppi_controller/share/nav2_mppi_controller//critics.xml
-- Symlinking: /home/matthew/nav2_ws/install/nav2_mppi_controller/share/ament_index/resource_index/package_run_dependencies/nav2_mppi_controller
-- Symlinking: /home/matthew/nav2_ws/install/nav2_mppi_controller/share/ament_index/resource_index/parent_prefix_path/nav2_mppi_controller
-- Symlinking: /home/matthew/nav2_ws/install/nav2_mppi_controller/share/nav2_mppi_controller/environment/ament_prefix_path.sh
-- Symlinking: /home/matthew/nav2_ws/install/nav2_mppi_controller/share/nav2_mppi_controller/environment/ament_prefix_path.dsv
-- Symlinking: /home/matthew/nav2_ws/install/nav2_mppi_controller/share/nav2_mppi_controller/environment/path.sh
-- Symlinking: /home/matthew/nav2_ws/install/nav2_mppi_controller/share/nav2_mppi_controller/environment/path.dsv
-- Symlinking: /home/matthew/nav2_ws/install/nav2_mppi_controller/share/nav2_mppi_controller/local_setup.bash
-- Symlinking: /home/matthew/nav2_ws/install/nav2_mppi_controller/share/nav2_mppi_controller/local_setup.sh
-- Symlinking: /home/matthew/nav2_ws/install/nav2_mppi_controller/share/nav2_mppi_controller/local_setup.zsh
-- Symlinking: /home/matthew/nav2_ws/install/nav2_mppi_controller/share/nav2_mppi_controller/local_setup.dsv
-- Symlinking: /home/matthew/nav2_ws/install/nav2_mppi_controller/share/nav2_mppi_controller/package.dsv
-- Symlinking: /home/matthew/nav2_ws/install/nav2_mppi_controller/share/ament_index/resource_index/packages/nav2_mppi_controller
-- Symlinking: /home/matthew/nav2_ws/install/nav2_mppi_controller/share/ament_index/resource_index/nav2_core__pluginlib__plugin/nav2_mppi_controller
-- Symlinking: /home/matthew/nav2_ws/install/nav2_mppi_controller/share/ament_index/resource_index/nav2_mppi_controller__pluginlib__plugin/nav2_mppi_controller
-- Symlinking: /home/matthew/nav2_ws/install/nav2_mppi_controller/share/nav2_mppi_controller/cmake/ament_cmake_export_libraries-extras.cmake
-- Symlinking: /home/matthew/nav2_ws/install/nav2_mppi_controller/share/nav2_mppi_controller/cmake/ament_cmake_export_dependencies-extras.cmake
-- Symlinking: /home/matthew/nav2_ws/install/nav2_mppi_controller/share/nav2_mppi_controller/cmake/ament_cmake_export_include_directories-extras.cmake
-- Symlinking: /home/matthew/nav2_ws/install/nav2_mppi_controller/share/nav2_mppi_controller/cmake/nav2_mppi_controllerConfig.cmake
-- Symlinking: /home/matthew/nav2_ws/install/nav2_mppi_controller/share/nav2_mppi_controller/cmake/nav2_mppi_controllerConfig-version.cmake
-- Symlinking: /home/matthew/nav2_ws/install/nav2_mppi_controller/share/nav2_mppi_controller/package.xml
