[0.065s] Invoking command in '/home/matthew/nav2_ws/build/nav2_mppi_controller': AMENT_PREFIX_PATH=/home/matthew/nav2_ws/install/nav2_core:/home/matthew/nav2_ws/install/nav2_costmap_2d:/home/matthew/nav2_ws/install/nav2_map_server:/home/matthew/nav2_ws/install/nav2_lifecycle_manager:/home/matthew/nav2_ws/install/nav2_behavior_tree:/home/matthew/nav2_ws/install/nav2_util:/home/matthew/nav2_ws/install/nav2_voxel_grid:/home/matthew/nav2_ws/install/nav2_msgs:/home/matthew/nav2_ws/install/nav2_common:${AMENT_PREFIX_PATH} CMAKE_PREFIX_PATH=/home/matthew/nav2_ws/install/nav2_core:/home/matthew/nav2_ws/install/nav2_costmap_2d:/home/matthew/nav2_ws/install/nav2_map_server:/home/matthew/nav2_ws/install/nav2_lifecycle_manager:/home/matthew/nav2_ws/install/nav2_behavior_tree:/home/matthew/nav2_ws/install/nav2_util:/home/matthew/nav2_ws/install/nav2_voxel_grid:/home/matthew/nav2_ws/install/nav2_msgs:/home/matthew/nav2_ws/install/nav2_common:/opt/ros/iron LD_LIBRARY_PATH=/home/matthew/nav2_ws/install/nav2_costmap_2d/lib:/home/matthew/nav2_ws/install/nav2_map_server/lib:/home/matthew/nav2_ws/install/nav2_lifecycle_manager/lib:/home/matthew/nav2_ws/install/nav2_behavior_tree/lib:/home/matthew/nav2_ws/install/nav2_util/lib:/home/matthew/nav2_ws/install/nav2_voxel_grid/lib:/home/matthew/nav2_ws/install/nav2_msgs/lib:${LD_LIBRARY_PATH} PYTHONPATH=/home/matthew/nav2_ws/install/nav2_msgs/lib/python3.10/site-packages:/home/matthew/nav2_ws/install/nav2_common/lib/python3.10/site-packages:${PYTHONPATH} /usr/bin/cmake /home/matthew/nav2_ws/src/navigation2/nav2_mppi_controller -DAMENT_CMAKE_SYMLINK_INSTALL=1 -DCMAKE_INSTALL_PREFIX=/home/matthew/nav2_ws/install/nav2_mppi_controller
[38.398s] -- The C compiler identification is GNU 11.4.0
[38.398s] -- The CXX compiler identification is GNU 11.4.0
[38.398s] -- Detecting C compiler ABI info
[38.398s] -- Detecting C compiler ABI info - done
[38.398s] -- Check for working C compiler: /usr/bin/cc - skipped
[38.398s] -- Detecting C compile features
[38.398s] -- Detecting C compile features - done
[38.398s] -- Detecting CXX compiler ABI info
[38.399s] -- Detecting CXX compiler ABI info - done
[38.399s] -- Check for working CXX compiler: /usr/bin/c++ - skipped
[38.399s] -- Detecting CXX compile features
[38.399s] -- Detecting CXX compile features - done
[38.399s] -- Found ament_cmake: 2.0.7 (/opt/ros/iron/share/ament_cmake/cmake)
[38.399s] -- Found Python3: /usr/bin/python3.10 (found version "3.10.12") found components: Interpreter 
[38.399s] -- Override CMake install command with custom implementation using symlinks instead of copying resources
[38.399s] -- Performing Test arch_native_supported
[38.399s] -- Performing Test arch_native_supported - Success
[38.400s] -- Found rclcpp: 21.0.8 (/opt/ros/iron/share/rclcpp/cmake)
[38.400s] -- Found rosidl_generator_c: 4.0.1 (/opt/ros/iron/share/rosidl_generator_c/cmake)
[38.400s] -- Found rosidl_generator_cpp: 4.0.1 (/opt/ros/iron/share/rosidl_generator_cpp/cmake)
[38.400s] -- Using all available rosidl_typesupport_c: rosidl_typesupport_fastrtps_c;rosidl_typesupport_introspection_c
[38.400s] -- Using all available rosidl_typesupport_cpp: rosidl_typesupport_fastrtps_cpp;rosidl_typesupport_introspection_cpp
[38.400s] -- Found rmw_implementation_cmake: 7.1.0 (/opt/ros/iron/share/rmw_implementation_cmake/cmake)
[38.400s] -- Found rmw_fastrtps_cpp: 7.1.4 (/opt/ros/iron/share/rmw_fastrtps_cpp/cmake)
[38.400s] -- Found OpenSSL: /usr/lib/aarch64-linux-gnu/libcrypto.so (found version "3.0.2")  
[38.401s] -- Found FastRTPS: /opt/ros/iron/include  
[38.401s] -- Using RMW implementation 'rmw_fastrtps_cpp' as default
[38.401s] -- Found nav2_common: 1.2.10 (/home/matthew/nav2_ws/install/nav2_common/share/nav2_common/cmake)
[38.401s] -- Found pluginlib: 5.2.2 (/opt/ros/iron/share/pluginlib/cmake)
[38.401s] -- Found tf2: 0.31.8 (/opt/ros/iron/share/tf2/cmake)
[38.401s] -- Found visualization_msgs: 5.0.1 (/opt/ros/iron/share/visualization_msgs/cmake)
[38.401s] -- Found nav_msgs: 5.0.1 (/opt/ros/iron/share/nav_msgs/cmake)
[38.401s] -- Found nav2_core: 1.2.10 (/home/matthew/nav2_ws/install/nav2_core/share/nav2_core/cmake)
[38.402s] -- Found Eigen3: TRUE (found version "3.4.0") 
[38.402s] -- Ensuring Eigen3 include directory is part of orocos-kdl CMake target
[38.402s] -- Found tf2_eigen: 0.31.8 (/opt/ros/iron/share/tf2_eigen/cmake)
[38.402s] -- Setting build type to Release as none was specified.
[38.402s] -- Performing Test COMPILER_SUPPORTS_AVX512
[38.402s] -- Performing Test COMPILER_SUPPORTS_AVX512 - Failed
[38.402s] -- Performing Test COMPILER_SUPPORTS_SSE4
[38.402s] -- Performing Test COMPILER_SUPPORTS_SSE4 - Failed
[38.402s] -- Performing Test COMPILER_SUPPORTS_AVX2
[38.403s] -- Performing Test COMPILER_SUPPORTS_AVX2 - Failed
[38.403s] -- Performing Test COMPILER_SUPPORTS_FMA
[38.403s] -- Performing Test COMPILER_SUPPORTS_FMA - Failed
[38.403s] -- Found ament_lint_auto: 0.14.4 (/opt/ros/iron/share/ament_lint_auto/cmake)
[38.403s] -- Found ament_cmake_gtest: 2.0.7 (/opt/ros/iron/share/ament_cmake_gtest/cmake)
[38.403s] -- Found gtest sources under '/opt/ros/iron/src/gtest_vendor': C++ tests using 'Google Test' will be built
[38.403s] -- Looking for pthread.h
[38.403s] -- Looking for pthread.h - found
[38.403s] -- Performing Test CMAKE_HAVE_LIBC_PTHREAD
[38.404s] -- Performing Test CMAKE_HAVE_LIBC_PTHREAD - Success
[38.404s] -- Found Threads: TRUE  
[118.205s] -- Added test 'cppcheck' to perform static code analysis on C / C++ code
[118.208s] -- Configured cppcheck include dirs: /home/matthew/nav2_ws/src/navigation2/nav2_mppi_controller/include
[118.208s] -- Configured cppcheck exclude dirs and/or files: 
[118.216s] -- Added test 'cpplint' to check C / C++ code against the Google style
[118.216s] -- Configured cpplint exclude dirs and/or files: 
[118.220s] -- Added test 'lint_cmake' to check CMake code style
[118.229s] -- Added test 'uncrustify' to check C / C++ code style
[118.230s] -- Configured uncrustify additional arguments: 
[118.232s] -- Added test 'xmllint' to check XML markup files
[118.240s] -- Configuring done
[120.541s] -- Generating done
[120.774s] -- Build files have been written to: /home/matthew/nav2_ws/build/nav2_mppi_controller
[120.846s] Invoked command in '/home/matthew/nav2_ws/build/nav2_mppi_controller' returned '0': AMENT_PREFIX_PATH=/home/matthew/nav2_ws/install/nav2_core:/home/matthew/nav2_ws/install/nav2_costmap_2d:/home/matthew/nav2_ws/install/nav2_map_server:/home/matthew/nav2_ws/install/nav2_lifecycle_manager:/home/matthew/nav2_ws/install/nav2_behavior_tree:/home/matthew/nav2_ws/install/nav2_util:/home/matthew/nav2_ws/install/nav2_voxel_grid:/home/matthew/nav2_ws/install/nav2_msgs:/home/matthew/nav2_ws/install/nav2_common:${AMENT_PREFIX_PATH} CMAKE_PREFIX_PATH=/home/matthew/nav2_ws/install/nav2_core:/home/matthew/nav2_ws/install/nav2_costmap_2d:/home/matthew/nav2_ws/install/nav2_map_server:/home/matthew/nav2_ws/install/nav2_lifecycle_manager:/home/matthew/nav2_ws/install/nav2_behavior_tree:/home/matthew/nav2_ws/install/nav2_util:/home/matthew/nav2_ws/install/nav2_voxel_grid:/home/matthew/nav2_ws/install/nav2_msgs:/home/matthew/nav2_ws/install/nav2_common:/opt/ros/iron LD_LIBRARY_PATH=/home/matthew/nav2_ws/install/nav2_costmap_2d/lib:/home/matthew/nav2_ws/install/nav2_map_server/lib:/home/matthew/nav2_ws/install/nav2_lifecycle_manager/lib:/home/matthew/nav2_ws/install/nav2_behavior_tree/lib:/home/matthew/nav2_ws/install/nav2_util/lib:/home/matthew/nav2_ws/install/nav2_voxel_grid/lib:/home/matthew/nav2_ws/install/nav2_msgs/lib:${LD_LIBRARY_PATH} PYTHONPATH=/home/matthew/nav2_ws/install/nav2_msgs/lib/python3.10/site-packages:/home/matthew/nav2_ws/install/nav2_common/lib/python3.10/site-packages:${PYTHONPATH} /usr/bin/cmake /home/matthew/nav2_ws/src/navigation2/nav2_mppi_controller -DAMENT_CMAKE_SYMLINK_INSTALL=1 -DCMAKE_INSTALL_PREFIX=/home/matthew/nav2_ws/install/nav2_mppi_controller
[120.851s] Invoking command in '/home/matthew/nav2_ws/build/nav2_mppi_controller': AMENT_PREFIX_PATH=/home/matthew/nav2_ws/install/nav2_core:/home/matthew/nav2_ws/install/nav2_costmap_2d:/home/matthew/nav2_ws/install/nav2_map_server:/home/matthew/nav2_ws/install/nav2_lifecycle_manager:/home/matthew/nav2_ws/install/nav2_behavior_tree:/home/matthew/nav2_ws/install/nav2_util:/home/matthew/nav2_ws/install/nav2_voxel_grid:/home/matthew/nav2_ws/install/nav2_msgs:/home/matthew/nav2_ws/install/nav2_common:${AMENT_PREFIX_PATH} CMAKE_PREFIX_PATH=/home/matthew/nav2_ws/install/nav2_core:/home/matthew/nav2_ws/install/nav2_costmap_2d:/home/matthew/nav2_ws/install/nav2_map_server:/home/matthew/nav2_ws/install/nav2_lifecycle_manager:/home/matthew/nav2_ws/install/nav2_behavior_tree:/home/matthew/nav2_ws/install/nav2_util:/home/matthew/nav2_ws/install/nav2_voxel_grid:/home/matthew/nav2_ws/install/nav2_msgs:/home/matthew/nav2_ws/install/nav2_common:/opt/ros/iron LD_LIBRARY_PATH=/home/matthew/nav2_ws/install/nav2_costmap_2d/lib:/home/matthew/nav2_ws/install/nav2_map_server/lib:/home/matthew/nav2_ws/install/nav2_lifecycle_manager/lib:/home/matthew/nav2_ws/install/nav2_behavior_tree/lib:/home/matthew/nav2_ws/install/nav2_util/lib:/home/matthew/nav2_ws/install/nav2_voxel_grid/lib:/home/matthew/nav2_ws/install/nav2_msgs/lib:${LD_LIBRARY_PATH} PYTHONPATH=/home/matthew/nav2_ws/install/nav2_msgs/lib/python3.10/site-packages:/home/matthew/nav2_ws/install/nav2_common/lib/python3.10/site-packages:${PYTHONPATH} /usr/bin/cmake --build /home/matthew/nav2_ws/build/nav2_mppi_controller -- -j6 -l6
[124.508s] [  2%] [32mBuilding CXX object CMakeFiles/mppi_controller.dir/src/controller.cpp.o[0m
[134.023s] [  4%] [32mBuilding CXX object CMakeFiles/mppi_controller.dir/src/critic_manager.cpp.o[0m
[136.087s] [  6%] [32mBuilding CXX object CMakeFiles/mppi_controller.dir/src/optimizer.cpp.o[0m
[190.339s] [  8%] [32mBuilding CXX object CMakeFiles/mppi_controller.dir/src/path_handler.cpp.o[0m
[212.775s] [ 10%] [32mBuilding CXX object CMakeFiles/mppi_controller.dir/src/parameters_handler.cpp.o[0m
[224.785s] [ 12%] [32mBuilding CXX object CMakeFiles/mppi_controller.dir/src/noise_generator.cpp.o[0m
[224.796s] [ 14%] [32mBuilding CXX object CMakeFiles/mppi_controller.dir/src/trajectory_visualizer.cpp.o[0m
[256.405s] [ 16%] [32m[1mLinking CXX shared library libmppi_controller.so[0m
[257.533s] [ 16%] Built target mppi_controller
[257.577s] [ 18%] [32mBuilding CXX object gtest/CMakeFiles/gtest.dir/src/gtest-all.cc.o[0m
[277.680s] [ 20%] [32m[1mLinking CXX static library libgtest.a[0m
[277.775s] [ 20%] Built target gtest
[277.829s] [ 22%] [32mBuilding CXX object gtest/CMakeFiles/gtest_main.dir/src/gtest_main.cc.o[0m
[280.152s] [ 24%] [32m[1mLinking CXX static library libgtest_main.a[0m
[280.230s] [ 24%] Built target gtest_main
[280.282s] [ 26%] [32mBuilding CXX object CMakeFiles/mppi_critics.dir/src/critics/obstacles_critic.cpp.o[0m
[308.339s] [ 28%] [32mBuilding CXX object CMakeFiles/mppi_critics.dir/src/critics/cost_critic.cpp.o[0m
[335.924s] [ 30%] [32mBuilding CXX object CMakeFiles/mppi_critics.dir/src/critics/goal_critic.cpp.o[0m
[361.439s] [ 32%] [32mBuilding CXX object CMakeFiles/mppi_critics.dir/src/critics/goal_angle_critic.cpp.o[0m
[379.440s] [ 34%] [32mBuilding CXX object test/CMakeFiles/parameter_handler_test.dir/parameter_handler_test.cpp.o[0m
[381.527s] [ 36%] [32mBuilding CXX object test/CMakeFiles/noise_generator_test.dir/noise_generator_test.cpp.o[0m
[383.622s] [ 38%] [32mBuilding CXX object test/CMakeFiles/models_test.dir/models_test.cpp.o[0m
[391.464s] [ 40%] [32mBuilding CXX object CMakeFiles/mppi_critics.dir/src/critics/path_align_critic.cpp.o[0m
[406.607s] [ 42%] [32m[1mLinking CXX executable parameter_handler_test[0m
[410.583s] [ 42%] Built target parameter_handler_test
[411.666s] [ 44%] [32m[1mLinking CXX executable models_test[0m
[413.131s] [ 44%] Built target models_test
[413.153s] [ 46%] [32m[1mLinking CXX executable noise_generator_test[0m
[414.698s] [ 46%] Built target noise_generator_test
[425.135s] [ 48%] [32mBuilding CXX object CMakeFiles/mppi_critics.dir/src/critics/path_align_legacy_critic.cpp.o[0m
[450.032s] [ 51%] [32mBuilding CXX object CMakeFiles/mppi_critics.dir/src/critics/path_follow_critic.cpp.o[0m
[458.799s] [ 53%] [32mBuilding CXX object test/CMakeFiles/utils_test.dir/utils_test.cpp.o[0m
[459.845s] [ 55%] [32mBuilding CXX object test/CMakeFiles/trajectory_visualizer_tests.dir/trajectory_visualizer_tests.cpp.o[0m
[460.980s] [ 57%] [32mBuilding CXX object test/CMakeFiles/motion_model_tests.dir/motion_model_tests.cpp.o[0m
[462.064s] [ 59%] [32mBuilding CXX object test/CMakeFiles/controller_state_transition_test.dir/controller_state_transition_test.cpp.o[0m
[463.175s] [ 61%] [32mBuilding CXX object test/CMakeFiles/optimizer_smoke_test.dir/optimizer_smoke_test.cpp.o[0m
[484.698s] [ 63%] [32mBuilding CXX object CMakeFiles/mppi_critics.dir/src/critics/path_angle_critic.cpp.o[0m
[500.485s] [ 65%] [32m[1mLinking CXX executable motion_model_tests[0m
[504.828s] [ 65%] Built target motion_model_tests
[509.545s] [ 67%] [32m[1mLinking CXX executable utils_test[0m
[513.875s] [ 67%] Built target utils_test
[516.779s] [ 69%] [32m[1mLinking CXX executable controller_state_transition_test[0m
[518.524s] [ 69%] Built target controller_state_transition_test
[519.125s] [ 71%] [32m[1mLinking CXX executable optimizer_smoke_test[0m
[520.805s] [ 71%] Built target optimizer_smoke_test
[530.515s] [ 73%] [32mBuilding CXX object CMakeFiles/mppi_critics.dir/src/critics/prefer_forward_critic.cpp.o[0m
[531.730s] [ 75%] [32m[1mLinking CXX executable trajectory_visualizer_tests[0m
[533.307s] [ 75%] Built target trajectory_visualizer_tests
[544.346s] [ 77%] [32mBuilding CXX object CMakeFiles/mppi_critics.dir/src/critics/constraint_critic.cpp.o[0m
[546.372s] [ 79%] [32mBuilding CXX object CMakeFiles/mppi_critics.dir/src/critics/twirling_critic.cpp.o[0m
[580.619s] [ 81%] [32mBuilding CXX object CMakeFiles/mppi_critics.dir/src/critics/velocity_deadband_critic.cpp.o[0m
[609.596s] [ 83%] [32m[1mLinking CXX shared library libmppi_critics.so[0m
[610.989s] [ 83%] Built target mppi_critics
[611.053s] [ 85%] [32mBuilding CXX object test/CMakeFiles/optimizer_unit_tests.dir/optimizer_unit_tests.cpp.o[0m
[631.534s] [01m[K/home/matthew/nav2_ws/src/navigation2/nav2_mppi_controller/test/optimizer_unit_tests.cpp:[m[K In member function ‘[01m[Kstd::pair<double, double> OptimizerTester::getVelLimits()[m[K’:
[631.534s] [01m[K/home/matthew/nav2_ws/src/navigation2/nav2_mppi_controller/test/optimizer_unit_tests.cpp:147:3:[m[K [01;36m[Knote: [m[Kparameter passing for argument of type ‘[01m[Kstd::pair<double, double>[m[K’ when C++17 is enabled changed to match C++14 ]8;;https://gcc.gnu.org/gcc-10/changes.html#empty_basein GCC 10.1]8;;
[631.534s]   147 |   [01;36m[K{[m[K
[631.534s]       |   [01;36m[K^[m[K
[660.039s] [ 87%] [32m[1mLinking CXX executable optimizer_unit_tests[0m
[661.720s] [ 87%] Built target optimizer_unit_tests
[661.818s] [ 89%] [32mBuilding CXX object test/CMakeFiles/critics_tests.dir/critics_tests.cpp.o[0m
[661.841s] [ 91%] [32mBuilding CXX object test/CMakeFiles/critic_manager_test.dir/critic_manager_test.cpp.o[0m
[698.763s] [ 93%] [32m[1mLinking CXX executable critic_manager_test[0m
[700.247s] [ 93%] Built target critic_manager_test
[700.301s] [ 95%] [32mBuilding CXX object test/CMakeFiles/path_handler_test.dir/path_handler_test.cpp.o[0m
[708.130s] [ 97%] [32m[1mLinking CXX executable critics_tests[0m
[709.702s] [ 97%] Built target critics_tests
[720.903s] [100%] [32m[1mLinking CXX executable path_handler_test[0m
[722.700s] [100%] Built target path_handler_test
[722.742s] Invoked command in '/home/matthew/nav2_ws/build/nav2_mppi_controller' returned '0': AMENT_PREFIX_PATH=/home/matthew/nav2_ws/install/nav2_core:/home/matthew/nav2_ws/install/nav2_costmap_2d:/home/matthew/nav2_ws/install/nav2_map_server:/home/matthew/nav2_ws/install/nav2_lifecycle_manager:/home/matthew/nav2_ws/install/nav2_behavior_tree:/home/matthew/nav2_ws/install/nav2_util:/home/matthew/nav2_ws/install/nav2_voxel_grid:/home/matthew/nav2_ws/install/nav2_msgs:/home/matthew/nav2_ws/install/nav2_common:${AMENT_PREFIX_PATH} CMAKE_PREFIX_PATH=/home/matthew/nav2_ws/install/nav2_core:/home/matthew/nav2_ws/install/nav2_costmap_2d:/home/matthew/nav2_ws/install/nav2_map_server:/home/matthew/nav2_ws/install/nav2_lifecycle_manager:/home/matthew/nav2_ws/install/nav2_behavior_tree:/home/matthew/nav2_ws/install/nav2_util:/home/matthew/nav2_ws/install/nav2_voxel_grid:/home/matthew/nav2_ws/install/nav2_msgs:/home/matthew/nav2_ws/install/nav2_common:/opt/ros/iron LD_LIBRARY_PATH=/home/matthew/nav2_ws/install/nav2_costmap_2d/lib:/home/matthew/nav2_ws/install/nav2_map_server/lib:/home/matthew/nav2_ws/install/nav2_lifecycle_manager/lib:/home/matthew/nav2_ws/install/nav2_behavior_tree/lib:/home/matthew/nav2_ws/install/nav2_util/lib:/home/matthew/nav2_ws/install/nav2_voxel_grid/lib:/home/matthew/nav2_ws/install/nav2_msgs/lib:${LD_LIBRARY_PATH} PYTHONPATH=/home/matthew/nav2_ws/install/nav2_msgs/lib/python3.10/site-packages:/home/matthew/nav2_ws/install/nav2_common/lib/python3.10/site-packages:${PYTHONPATH} /usr/bin/cmake --build /home/matthew/nav2_ws/build/nav2_mppi_controller -- -j6 -l6
[722.750s] Invoking command in '/home/matthew/nav2_ws/build/nav2_mppi_controller': AMENT_PREFIX_PATH=/home/matthew/nav2_ws/install/nav2_core:/home/matthew/nav2_ws/install/nav2_costmap_2d:/home/matthew/nav2_ws/install/nav2_map_server:/home/matthew/nav2_ws/install/nav2_lifecycle_manager:/home/matthew/nav2_ws/install/nav2_behavior_tree:/home/matthew/nav2_ws/install/nav2_util:/home/matthew/nav2_ws/install/nav2_voxel_grid:/home/matthew/nav2_ws/install/nav2_msgs:/home/matthew/nav2_ws/install/nav2_common:${AMENT_PREFIX_PATH} CMAKE_PREFIX_PATH=/home/matthew/nav2_ws/install/nav2_core:/home/matthew/nav2_ws/install/nav2_costmap_2d:/home/matthew/nav2_ws/install/nav2_map_server:/home/matthew/nav2_ws/install/nav2_lifecycle_manager:/home/matthew/nav2_ws/install/nav2_behavior_tree:/home/matthew/nav2_ws/install/nav2_util:/home/matthew/nav2_ws/install/nav2_voxel_grid:/home/matthew/nav2_ws/install/nav2_msgs:/home/matthew/nav2_ws/install/nav2_common:/opt/ros/iron LD_LIBRARY_PATH=/home/matthew/nav2_ws/install/nav2_costmap_2d/lib:/home/matthew/nav2_ws/install/nav2_map_server/lib:/home/matthew/nav2_ws/install/nav2_lifecycle_manager/lib:/home/matthew/nav2_ws/install/nav2_behavior_tree/lib:/home/matthew/nav2_ws/install/nav2_util/lib:/home/matthew/nav2_ws/install/nav2_voxel_grid/lib:/home/matthew/nav2_ws/install/nav2_msgs/lib:${LD_LIBRARY_PATH} PYTHONPATH=/home/matthew/nav2_ws/install/nav2_msgs/lib/python3.10/site-packages:/home/matthew/nav2_ws/install/nav2_common/lib/python3.10/site-packages:${PYTHONPATH} /usr/bin/cmake --install /home/matthew/nav2_ws/build/nav2_mppi_controller
[722.770s] -- Install configuration: "Release"
[722.773s] -- Execute custom install script
[722.774s] -- Symlinking: /home/matthew/nav2_ws/install/nav2_mppi_controller/lib/libmppi_controller.so
[722.798s] -- Symlinking: /home/matthew/nav2_ws/install/nav2_mppi_controller/lib/libmppi_critics.so
[722.819s] -- Symlinking: /home/matthew/nav2_ws/install/nav2_mppi_controller/include//nav2_mppi_controller/controller.hpp
[722.840s] -- Symlinking: /home/matthew/nav2_ws/install/nav2_mppi_controller/include//nav2_mppi_controller/critic_data.hpp
[722.862s] -- Symlinking: /home/matthew/nav2_ws/install/nav2_mppi_controller/include//nav2_mppi_controller/critic_function.hpp
[722.885s] -- Symlinking: /home/matthew/nav2_ws/install/nav2_mppi_controller/include//nav2_mppi_controller/critic_manager.hpp
[722.905s] -- Symlinking: /home/matthew/nav2_ws/install/nav2_mppi_controller/include//nav2_mppi_controller/critics/constraint_critic.hpp
[722.932s] -- Symlinking: /home/matthew/nav2_ws/install/nav2_mppi_controller/include//nav2_mppi_controller/critics/cost_critic.hpp
[722.952s] -- Symlinking: /home/matthew/nav2_ws/install/nav2_mppi_controller/include//nav2_mppi_controller/critics/goal_angle_critic.hpp
[722.972s] -- Symlinking: /home/matthew/nav2_ws/install/nav2_mppi_controller/include//nav2_mppi_controller/critics/goal_critic.hpp
[722.992s] -- Symlinking: /home/matthew/nav2_ws/install/nav2_mppi_controller/include//nav2_mppi_controller/critics/obstacles_critic.hpp
[723.015s] -- Symlinking: /home/matthew/nav2_ws/install/nav2_mppi_controller/include//nav2_mppi_controller/critics/path_align_critic.hpp
[723.035s] -- Symlinking: /home/matthew/nav2_ws/install/nav2_mppi_controller/include//nav2_mppi_controller/critics/path_align_legacy_critic.hpp
[723.055s] -- Symlinking: /home/matthew/nav2_ws/install/nav2_mppi_controller/include//nav2_mppi_controller/critics/path_angle_critic.hpp
[723.075s] -- Symlinking: /home/matthew/nav2_ws/install/nav2_mppi_controller/include//nav2_mppi_controller/critics/path_follow_critic.hpp
[723.095s] -- Symlinking: /home/matthew/nav2_ws/install/nav2_mppi_controller/include//nav2_mppi_controller/critics/prefer_forward_critic.hpp
[723.115s] -- Symlinking: /home/matthew/nav2_ws/install/nav2_mppi_controller/include//nav2_mppi_controller/critics/twirling_critic.hpp
[723.136s] -- Symlinking: /home/matthew/nav2_ws/install/nav2_mppi_controller/include//nav2_mppi_controller/critics/velocity_deadband_critic.hpp
[723.155s] -- Symlinking: /home/matthew/nav2_ws/install/nav2_mppi_controller/include//nav2_mppi_controller/models/constraints.hpp
[723.175s] -- Symlinking: /home/matthew/nav2_ws/install/nav2_mppi_controller/include//nav2_mppi_controller/models/control_sequence.hpp
[723.195s] -- Symlinking: /home/matthew/nav2_ws/install/nav2_mppi_controller/include//nav2_mppi_controller/models/optimizer_settings.hpp
[723.215s] -- Symlinking: /home/matthew/nav2_ws/install/nav2_mppi_controller/include//nav2_mppi_controller/models/path.hpp
[723.235s] -- Symlinking: /home/matthew/nav2_ws/install/nav2_mppi_controller/include//nav2_mppi_controller/models/state.hpp
[723.255s] -- Symlinking: /home/matthew/nav2_ws/install/nav2_mppi_controller/include//nav2_mppi_controller/models/trajectories.hpp
[723.274s] -- Symlinking: /home/matthew/nav2_ws/install/nav2_mppi_controller/include//nav2_mppi_controller/motion_models.hpp
[723.293s] -- Symlinking: /home/matthew/nav2_ws/install/nav2_mppi_controller/include//nav2_mppi_controller/optimizer.hpp
[723.319s] -- Symlinking: /home/matthew/nav2_ws/install/nav2_mppi_controller/include//nav2_mppi_controller/tools/noise_generator.hpp
[723.339s] -- Symlinking: /home/matthew/nav2_ws/install/nav2_mppi_controller/include//nav2_mppi_controller/tools/parameters_handler.hpp
[723.359s] -- Symlinking: /home/matthew/nav2_ws/install/nav2_mppi_controller/include//nav2_mppi_controller/tools/path_handler.hpp
[723.379s] -- Symlinking: /home/matthew/nav2_ws/install/nav2_mppi_controller/include//nav2_mppi_controller/tools/trajectory_visualizer.hpp
[723.399s] -- Symlinking: /home/matthew/nav2_ws/install/nav2_mppi_controller/include//nav2_mppi_controller/tools/utils.hpp
[723.423s] -- Symlinking: /home/matthew/nav2_ws/install/nav2_mppi_controller/share/nav2_mppi_controller/environment/library_path.sh
[723.442s] -- Symlinking: /home/matthew/nav2_ws/install/nav2_mppi_controller/share/nav2_mppi_controller/environment/library_path.dsv
[723.465s] -- Symlinking: /home/matthew/nav2_ws/install/nav2_mppi_controller/share/nav2_mppi_controller//mppic.xml
[723.485s] -- Symlinking: /home/matthew/nav2_ws/install/nav2_mppi_controller/share/nav2_mppi_controller//critics.xml
[723.510s] -- Symlinking: /home/matthew/nav2_ws/install/nav2_mppi_controller/share/ament_index/resource_index/package_run_dependencies/nav2_mppi_controller
[723.532s] -- Symlinking: /home/matthew/nav2_ws/install/nav2_mppi_controller/share/ament_index/resource_index/parent_prefix_path/nav2_mppi_controller
[723.553s] -- Symlinking: /home/matthew/nav2_ws/install/nav2_mppi_controller/share/nav2_mppi_controller/environment/ament_prefix_path.sh
[723.573s] -- Symlinking: /home/matthew/nav2_ws/install/nav2_mppi_controller/share/nav2_mppi_controller/environment/ament_prefix_path.dsv
[723.594s] -- Symlinking: /home/matthew/nav2_ws/install/nav2_mppi_controller/share/nav2_mppi_controller/environment/path.sh
[723.621s] -- Symlinking: /home/matthew/nav2_ws/install/nav2_mppi_controller/share/nav2_mppi_controller/environment/path.dsv
[723.641s] -- Symlinking: /home/matthew/nav2_ws/install/nav2_mppi_controller/share/nav2_mppi_controller/local_setup.bash
[723.662s] -- Symlinking: /home/matthew/nav2_ws/install/nav2_mppi_controller/share/nav2_mppi_controller/local_setup.sh
[723.682s] -- Symlinking: /home/matthew/nav2_ws/install/nav2_mppi_controller/share/nav2_mppi_controller/local_setup.zsh
[723.704s] -- Symlinking: /home/matthew/nav2_ws/install/nav2_mppi_controller/share/nav2_mppi_controller/local_setup.dsv
[723.725s] -- Symlinking: /home/matthew/nav2_ws/install/nav2_mppi_controller/share/nav2_mppi_controller/package.dsv
[723.748s] -- Symlinking: /home/matthew/nav2_ws/install/nav2_mppi_controller/share/ament_index/resource_index/packages/nav2_mppi_controller
[723.768s] -- Symlinking: /home/matthew/nav2_ws/install/nav2_mppi_controller/share/ament_index/resource_index/nav2_core__pluginlib__plugin/nav2_mppi_controller
[723.789s] -- Symlinking: /home/matthew/nav2_ws/install/nav2_mppi_controller/share/ament_index/resource_index/nav2_mppi_controller__pluginlib__plugin/nav2_mppi_controller
[723.810s] -- Symlinking: /home/matthew/nav2_ws/install/nav2_mppi_controller/share/nav2_mppi_controller/cmake/ament_cmake_export_libraries-extras.cmake
[723.831s] -- Symlinking: /home/matthew/nav2_ws/install/nav2_mppi_controller/share/nav2_mppi_controller/cmake/ament_cmake_export_dependencies-extras.cmake
[723.854s] -- Symlinking: /home/matthew/nav2_ws/install/nav2_mppi_controller/share/nav2_mppi_controller/cmake/ament_cmake_export_include_directories-extras.cmake
[723.876s] -- Symlinking: /home/matthew/nav2_ws/install/nav2_mppi_controller/share/nav2_mppi_controller/cmake/nav2_mppi_controllerConfig.cmake
[723.897s] -- Symlinking: /home/matthew/nav2_ws/install/nav2_mppi_controller/share/nav2_mppi_controller/cmake/nav2_mppi_controllerConfig-version.cmake
[723.918s] -- Symlinking: /home/matthew/nav2_ws/install/nav2_mppi_controller/share/nav2_mppi_controller/package.xml
[723.948s] Invoked command in '/home/matthew/nav2_ws/build/nav2_mppi_controller' returned '0': AMENT_PREFIX_PATH=/home/matthew/nav2_ws/install/nav2_core:/home/matthew/nav2_ws/install/nav2_costmap_2d:/home/matthew/nav2_ws/install/nav2_map_server:/home/matthew/nav2_ws/install/nav2_lifecycle_manager:/home/matthew/nav2_ws/install/nav2_behavior_tree:/home/matthew/nav2_ws/install/nav2_util:/home/matthew/nav2_ws/install/nav2_voxel_grid:/home/matthew/nav2_ws/install/nav2_msgs:/home/matthew/nav2_ws/install/nav2_common:${AMENT_PREFIX_PATH} CMAKE_PREFIX_PATH=/home/matthew/nav2_ws/install/nav2_core:/home/matthew/nav2_ws/install/nav2_costmap_2d:/home/matthew/nav2_ws/install/nav2_map_server:/home/matthew/nav2_ws/install/nav2_lifecycle_manager:/home/matthew/nav2_ws/install/nav2_behavior_tree:/home/matthew/nav2_ws/install/nav2_util:/home/matthew/nav2_ws/install/nav2_voxel_grid:/home/matthew/nav2_ws/install/nav2_msgs:/home/matthew/nav2_ws/install/nav2_common:/opt/ros/iron LD_LIBRARY_PATH=/home/matthew/nav2_ws/install/nav2_costmap_2d/lib:/home/matthew/nav2_ws/install/nav2_map_server/lib:/home/matthew/nav2_ws/install/nav2_lifecycle_manager/lib:/home/matthew/nav2_ws/install/nav2_behavior_tree/lib:/home/matthew/nav2_ws/install/nav2_util/lib:/home/matthew/nav2_ws/install/nav2_voxel_grid/lib:/home/matthew/nav2_ws/install/nav2_msgs/lib:${LD_LIBRARY_PATH} PYTHONPATH=/home/matthew/nav2_ws/install/nav2_msgs/lib/python3.10/site-packages:/home/matthew/nav2_ws/install/nav2_common/lib/python3.10/site-packages:${PYTHONPATH} /usr/bin/cmake --install /home/matthew/nav2_ws/build/nav2_mppi_controller
