[0.013s] Invoking command in '/home/matthew/build/nav2_voxel_grid': CMAKE_PREFIX_PATH=/opt/ros/iron /usr/bin/cmake /home/matthew/nav2_ws/src/navigation2/nav2_voxel_grid -DAMENT_CMAKE_SYMLINK_INSTALL=1 -DCMAKE_INSTALL_PREFIX=/home/matthew/install/nav2_voxel_grid
[0.135s] -- The C compiler identification is GNU 11.4.0
[0.265s] -- The CXX compiler identification is GNU 11.4.0
[0.279s] -- Detecting C compiler ABI info
[0.432s] -- Detecting C compiler ABI info - done
[0.448s] -- Check for working C compiler: /usr/bin/cc - skipped
[0.450s] -- Detecting C compile features
[0.452s] -- Detecting C compile features - done
[0.459s] -- Detecting CXX compiler ABI info
[0.643s] -- Detecting CXX compiler ABI info - done
[0.657s] -- Check for working CXX compiler: /usr/bin/c++ - skipped
[0.657s] -- Detecting CXX compile features
[0.658s] -- Detecting CXX compile features - done
[0.663s] -- Found ament_cmake: 2.0.7 (/opt/ros/iron/share/ament_cmake/cmake)
[1.065s] -- Found Python3: /usr/bin/python3.10 (found version "3.10.12") found components: Interpreter 
[1.229s] -- Override CMake install command with custom implementation using symlinks instead of copying resources
[1.296s] -- Found nav2_common: 1.2.10 (/opt/ros/iron/share/nav2_common/cmake)
[1.299s] -- Found rclcpp: 21.0.8 (/opt/ros/iron/share/rclcpp/cmake)
[1.388s] -- Found rosidl_generator_c: 4.0.1 (/opt/ros/iron/share/rosidl_generator_c/cmake)
[1.414s] -- Found rosidl_generator_cpp: 4.0.1 (/opt/ros/iron/share/rosidl_generator_cpp/cmake)
[1.447s] -- Using all available rosidl_typesupport_c: rosidl_typesupport_fastrtps_c;rosidl_typesupport_introspection_c
[1.486s] -- Using all available rosidl_typesupport_cpp: rosidl_typesupport_fastrtps_cpp;rosidl_typesupport_introspection_cpp
[1.815s] -- Found rmw_implementation_cmake: 7.1.0 (/opt/ros/iron/share/rmw_implementation_cmake/cmake)
[1.821s] -- Found rmw_fastrtps_cpp: 7.1.4 (/opt/ros/iron/share/rmw_fastrtps_cpp/cmake)
[2.081s] -- Found OpenSSL: /usr/lib/aarch64-linux-gnu/libcrypto.so (found version "3.0.2")  
[2.139s] -- Found FastRTPS: /opt/ros/iron/include  
[2.256s] -- Using RMW implementation 'rmw_fastrtps_cpp' as default
[2.603s] -- Setting build type to Release as none was specified.
[2.608s] -- Found ament_lint_auto: 0.14.4 (/opt/ros/iron/share/ament_lint_auto/cmake)
[2.793s] -- Found gtest sources under '/opt/ros/iron/src/gtest_vendor': C++ tests using 'Google Test' will be built
[2.800s] -- Looking for pthread.h
[2.943s] -- Looking for pthread.h - found
[2.943s] -- Performing Test CMAKE_HAVE_LIBC_PTHREAD
[3.093s] -- Performing Test CMAKE_HAVE_LIBC_PTHREAD - Success
[3.097s] -- Found Threads: TRUE  
[3.129s] -- Added test 'cppcheck' to perform static code analysis on C / C++ code
[3.131s] -- Configured cppcheck include dirs: /home/matthew/nav2_ws/src/navigation2/nav2_voxel_grid/include
[3.132s] -- Configured cppcheck exclude dirs and/or files: 
[3.135s] -- Added test 'cpplint' to check C / C++ code against the Google style
[3.135s] -- Configured cpplint exclude dirs and/or files: 
[3.138s] -- Added test 'lint_cmake' to check CMake code style
[3.142s] -- Added test 'uncrustify' to check C / C++ code style
[3.142s] -- Configured uncrustify additional arguments: 
[3.143s] -- Added test 'xmllint' to check XML markup files
[3.155s] -- Configuring done
[3.204s] -- Generating done
[3.217s] -- Build files have been written to: /home/matthew/build/nav2_voxel_grid
