running develop
running egg_info
creating motorcontrol.egg-info
writing motorcontrol.egg-info/PKG-INFO
writing dependency_links to motorcontrol.egg-info/dependency_links.txt
writing entry points to motorcontrol.egg-info/entry_points.txt
writing requirements to motorcontrol.egg-info/requires.txt
writing top-level names to motorcontrol.egg-info/top_level.txt
writing manifest file 'motorcontrol.egg-info/SOURCES.txt'
reading manifest file 'motorcontrol.egg-info/SOURCES.txt'
writing manifest file 'motorcontrol.egg-info/SOURCES.txt'
running build_ext
Creating /home/matthew/ros2_ws/install/motorcontrol/lib/python3.10/site-packages/motorcontrol.egg-link (link to .)

Installed /home/matthew/ros2_ws/build/motorcontrol
running symlink_data
creating /home/matthew/ros2_ws/install/motorcontrol/share/ament_index
creating /home/matthew/ros2_ws/install/motorcontrol/share/ament_index/resource_index
creating /home/matthew/ros2_ws/install/motorcontrol/share/ament_index/resource_index/packages
symbolically linking /home/matthew/ros2_ws/build/motorcontrol/resource/motorcontrol -> /home/matthew/ros2_ws/install/motorcontrol/share/ament_index/resource_index/packages
symbolically linking /home/matthew/ros2_ws/build/motorcontrol/package.xml -> /home/matthew/ros2_ws/install/motorcontrol/share/motorcontrol
