[2.036s] Invoking command in '/home/matthew/ros2_ws/build/motorcontrol': PYTHONPATH=/home/matthew/ros2_ws/build/motorcontrol/prefix_override:/usr/lib/python3/dist-packages/colcon_core/task/python/colcon_distutils_commands:/home/matthew/ros2_ws/install/motorcontrol/lib/python3.10/site-packages:${PYTHONPATH} /usr/bin/python3 -W ignore:setup.py install is deprecated -W ignore:easy_install command is deprecated setup.py develop --editable --build-directory /home/matthew/ros2_ws/build/motorcontrol/build --no-deps symlink_data
[2.620s] running develop
[3.078s] running egg_info
[3.078s] creating motorcontrol.egg-info
[3.078s] writing motorcontrol.egg-info/PKG-INFO
[3.088s] writing dependency_links to motorcontrol.egg-info/dependency_links.txt
[3.088s] writing entry points to motorcontrol.egg-info/entry_points.txt
[3.088s] writing requirements to motorcontrol.egg-info/requires.txt
[3.089s] writing top-level names to motorcontrol.egg-info/top_level.txt
[3.089s] writing manifest file 'motorcontrol.egg-info/SOURCES.txt'
[3.093s] reading manifest file 'motorcontrol.egg-info/SOURCES.txt'
[3.095s] writing manifest file 'motorcontrol.egg-info/SOURCES.txt'
[3.115s] running build_ext
[3.116s] Creating /home/matthew/ros2_ws/install/motorcontrol/lib/python3.10/site-packages/motorcontrol.egg-link (link to .)
[3.118s] 
[3.119s] Installed /home/matthew/ros2_ws/build/motorcontrol
[3.119s] running symlink_data
[3.120s] creating /home/matthew/ros2_ws/install/motorcontrol/share/ament_index
[3.120s] creating /home/matthew/ros2_ws/install/motorcontrol/share/ament_index/resource_index
[3.120s] creating /home/matthew/ros2_ws/install/motorcontrol/share/ament_index/resource_index/packages
[3.121s] symbolically linking /home/matthew/ros2_ws/build/motorcontrol/resource/motorcontrol -> /home/matthew/ros2_ws/install/motorcontrol/share/ament_index/resource_index/packages
[3.122s] symbolically linking /home/matthew/ros2_ws/build/motorcontrol/package.xml -> /home/matthew/ros2_ws/install/motorcontrol/share/motorcontrol
[3.227s] Invoked command in '/home/matthew/ros2_ws/build/motorcontrol' returned '0': PYTHONPATH=/home/matthew/ros2_ws/build/motorcontrol/prefix_override:/usr/lib/python3/dist-packages/colcon_core/task/python/colcon_distutils_commands:/home/matthew/ros2_ws/install/motorcontrol/lib/python3.10/site-packages:${PYTHONPATH} /usr/bin/python3 -W ignore:setup.py install is deprecated -W ignore:easy_install command is deprecated setup.py develop --editable --build-directory /home/matthew/ros2_ws/build/motorcontrol/build --no-deps symlink_data
