[0.363s] Invoking command in '/home/matthew/nav2_ws/build/nav2_costmap_2d': AMENT_PREFIX_PATH=/home/matthew/nav2_ws/install/nav2_map_server:/home/matthew/nav2_ws/install/nav2_lifecycle_manager:/home/matthew/nav2_ws/install/nav2_util:/home/matthew/nav2_ws/install/nav2_voxel_grid:/home/matthew/nav2_ws/install/nav2_msgs:/home/matthew/nav2_ws/install/nav2_common:${AMENT_PREFIX_PATH} CMAKE_PREFIX_PATH=/home/matthew/nav2_ws/install/nav2_map_server:/home/matthew/nav2_ws/install/nav2_lifecycle_manager:/home/matthew/nav2_ws/install/nav2_util:/home/matthew/nav2_ws/install/nav2_voxel_grid:/home/matthew/nav2_ws/install/nav2_msgs:/home/matthew/nav2_ws/install/nav2_common:/opt/ros/iron LD_LIBRARY_PATH=/home/matthew/nav2_ws/install/nav2_map_server/lib:/home/matthew/nav2_ws/install/nav2_lifecycle_manager/lib:/home/matthew/nav2_ws/install/nav2_util/lib:/home/matthew/nav2_ws/install/nav2_voxel_grid/lib:/home/matthew/nav2_ws/install/nav2_msgs/lib:${LD_LIBRARY_PATH} PYTHONPATH=/home/matthew/nav2_ws/install/nav2_msgs/lib/python3.10/site-packages:/home/matthew/nav2_ws/install/nav2_common/lib/python3.10/site-packages:${PYTHONPATH} /usr/bin/cmake /home/matthew/nav2_ws/src/navigation2/nav2_costmap_2d -DAMENT_CMAKE_SYMLINK_INSTALL=1 -DCMAKE_INSTALL_PREFIX=/home/matthew/nav2_ws/install/nav2_costmap_2d
[0.876s] -- The C compiler identification is GNU 11.4.0
[1.154s] -- The CXX compiler identification is GNU 11.4.0
[1.186s] -- Detecting C compiler ABI info
[1.586s] -- Detecting C compiler ABI info - done
[1.601s] -- Check for working C compiler: /usr/bin/cc - skipped
[1.603s] -- Detecting C compile features
[1.614s] -- Detecting C compile features - done
[1.624s] -- Detecting CXX compiler ABI info
[2.134s] -- Detecting CXX compiler ABI info - done
[2.159s] -- Check for working CXX compiler: /usr/bin/c++ - skipped
[2.159s] -- Detecting CXX compile features
[2.170s] -- Detecting CXX compile features - done
[2.254s] -- Found ament_cmake: 2.0.7 (/opt/ros/iron/share/ament_cmake/cmake)
[3.193s] -- Found Python3: /usr/bin/python3.10 (found version "3.10.12") found components: Interpreter 
[3.609s] -- Override CMake install command with custom implementation using symlinks instead of copying resources
[3.810s] -- Found geometry_msgs: 5.0.1 (/opt/ros/iron/share/geometry_msgs/cmake)
[4.062s] -- Found rosidl_generator_c: 4.0.1 (/opt/ros/iron/share/rosidl_generator_c/cmake)
[4.142s] -- Found rosidl_generator_cpp: 4.0.1 (/opt/ros/iron/share/rosidl_generator_cpp/cmake)
[4.256s] -- Using all available rosidl_typesupport_c: rosidl_typesupport_fastrtps_c;rosidl_typesupport_introspection_c
[4.385s] -- Using all available rosidl_typesupport_cpp: rosidl_typesupport_fastrtps_cpp;rosidl_typesupport_introspection_cpp
[4.824s] -- Found laser_geometry: 2.5.0 (/opt/ros/iron/share/laser_geometry/cmake)
[5.544s] -- Found rmw_implementation_cmake: 7.1.0 (/opt/ros/iron/share/rmw_implementation_cmake/cmake)
[5.554s] -- Found rmw_fastrtps_cpp: 7.1.4 (/opt/ros/iron/share/rmw_fastrtps_cpp/cmake)
[6.364s] -- Found OpenSSL: /usr/lib/aarch64-linux-gnu/libcrypto.so (found version "3.0.2")  
[6.505s] -- Found FastRTPS: /opt/ros/iron/include  
[6.672s] -- Using RMW implementation 'rmw_fastrtps_cpp' as default
[7.878s] -- Found map_msgs: 2.2.0 (/opt/ros/iron/share/map_msgs/cmake)
[8.958s] -- Found message_filters: 4.7.1 (/opt/ros/iron/share/message_filters/cmake)
[8.986s] -- Found nav2_common: 1.2.10 (/home/matthew/nav2_ws/install/nav2_common/share/nav2_common/cmake)
[8.989s] -- Found nav2_msgs: 1.2.10 (/home/matthew/nav2_ws/install/nav2_msgs/share/nav2_msgs/cmake)
[10.686s] -- Found nav2_util: 1.2.10 (/home/matthew/nav2_ws/install/nav2_util/share/nav2_util/cmake)
[12.122s] -- Found Eigen3: TRUE (found version "3.4.0") 
[12.122s] -- Ensuring Eigen3 include directory is part of orocos-kdl CMake target
[13.040s] -- Found nav2_voxel_grid: 1.2.10 (/home/matthew/nav2_ws/install/nav2_voxel_grid/share/nav2_voxel_grid/cmake)
[13.068s] -- Found pluginlib: 5.2.2 (/opt/ros/iron/share/pluginlib/cmake)
[13.131s] -- Found std_srvs: 5.0.1 (/opt/ros/iron/share/std_srvs/cmake)
[13.262s] -- Found tf2_sensor_msgs: 0.31.8 (/opt/ros/iron/share/tf2_sensor_msgs/cmake)
[13.348s] -- Found visualization_msgs: 5.0.1 (/opt/ros/iron/share/visualization_msgs/cmake)
[13.717s] -- Found angles: 1.16.0 (/opt/ros/iron/share/angles/cmake)
[13.724s] -- Found Eigen3: TRUE (found suitable version "3.4.0", minimum required is "3.3") 
[13.724s] -- Setting build type to Release as none was specified.
[19.003s] -- Found ament_lint_auto: 0.14.4 (/opt/ros/iron/share/ament_lint_auto/cmake)
[23.427s] -- Found gtest sources under '/opt/ros/iron/src/gtest_vendor': C++ tests using 'Google Test' will be built
[23.435s] -- Looking for pthread.h
[23.581s] -- Looking for pthread.h - found
[23.581s] -- Performing Test CMAKE_HAVE_LIBC_PTHREAD
[23.742s] -- Performing Test CMAKE_HAVE_LIBC_PTHREAD - Success
[23.745s] -- Found Threads: TRUE  
[23.815s] -- Found gtest sources under '/opt/ros/iron/src/gtest_vendor': C++ tests using 'Google Test' will be built
[23.846s] -- Found gtest sources under '/opt/ros/iron/src/gtest_vendor': C++ tests using 'Google Test' will be built
[24.701s] -- Added test 'cppcheck' to perform static code analysis on C / C++ code
[24.703s] -- Configured cppcheck include dirs: $<BUILD_INTERFACE:/home/matthew/nav2_ws/src/navigation2/nav2_costmap_2d/include>
[24.703s] -- Configured cppcheck exclude dirs and/or files: 
[24.706s] -- Added test 'flake8' to check Python code syntax and style conventions
[24.706s] -- Configured 'flake8' exclude dirs and/or files: 
[24.709s] -- Added test 'lint_cmake' to check CMake code style
[24.711s] -- Added test 'pep257' to check Python code against some of the docstring style conventions in PEP 257
[24.720s] -- Added test 'uncrustify' to check C / C++ code style
[24.720s] -- Configured uncrustify additional arguments: 
[24.722s] -- Added test 'xmllint' to check XML markup files
[24.730s] -- Configuring done
[26.149s] -- Generating done
[26.353s] -- Build files have been written to: /home/matthew/nav2_ws/build/nav2_costmap_2d
[26.418s] Invoked command in '/home/matthew/nav2_ws/build/nav2_costmap_2d' returned '0': AMENT_PREFIX_PATH=/home/matthew/nav2_ws/install/nav2_map_server:/home/matthew/nav2_ws/install/nav2_lifecycle_manager:/home/matthew/nav2_ws/install/nav2_util:/home/matthew/nav2_ws/install/nav2_voxel_grid:/home/matthew/nav2_ws/install/nav2_msgs:/home/matthew/nav2_ws/install/nav2_common:${AMENT_PREFIX_PATH} CMAKE_PREFIX_PATH=/home/matthew/nav2_ws/install/nav2_map_server:/home/matthew/nav2_ws/install/nav2_lifecycle_manager:/home/matthew/nav2_ws/install/nav2_util:/home/matthew/nav2_ws/install/nav2_voxel_grid:/home/matthew/nav2_ws/install/nav2_msgs:/home/matthew/nav2_ws/install/nav2_common:/opt/ros/iron LD_LIBRARY_PATH=/home/matthew/nav2_ws/install/nav2_map_server/lib:/home/matthew/nav2_ws/install/nav2_lifecycle_manager/lib:/home/matthew/nav2_ws/install/nav2_util/lib:/home/matthew/nav2_ws/install/nav2_voxel_grid/lib:/home/matthew/nav2_ws/install/nav2_msgs/lib:${LD_LIBRARY_PATH} PYTHONPATH=/home/matthew/nav2_ws/install/nav2_msgs/lib/python3.10/site-packages:/home/matthew/nav2_ws/install/nav2_common/lib/python3.10/site-packages:${PYTHONPATH} /usr/bin/cmake /home/matthew/nav2_ws/src/navigation2/nav2_costmap_2d -DAMENT_CMAKE_SYMLINK_INSTALL=1 -DCMAKE_INSTALL_PREFIX=/home/matthew/nav2_ws/install/nav2_costmap_2d
[26.424s] Invoking command in '/home/matthew/nav2_ws/build/nav2_costmap_2d': AMENT_PREFIX_PATH=/home/matthew/nav2_ws/install/nav2_map_server:/home/matthew/nav2_ws/install/nav2_lifecycle_manager:/home/matthew/nav2_ws/install/nav2_util:/home/matthew/nav2_ws/install/nav2_voxel_grid:/home/matthew/nav2_ws/install/nav2_msgs:/home/matthew/nav2_ws/install/nav2_common:${AMENT_PREFIX_PATH} CMAKE_PREFIX_PATH=/home/matthew/nav2_ws/install/nav2_map_server:/home/matthew/nav2_ws/install/nav2_lifecycle_manager:/home/matthew/nav2_ws/install/nav2_util:/home/matthew/nav2_ws/install/nav2_voxel_grid:/home/matthew/nav2_ws/install/nav2_msgs:/home/matthew/nav2_ws/install/nav2_common:/opt/ros/iron LD_LIBRARY_PATH=/home/matthew/nav2_ws/install/nav2_map_server/lib:/home/matthew/nav2_ws/install/nav2_lifecycle_manager/lib:/home/matthew/nav2_ws/install/nav2_util/lib:/home/matthew/nav2_ws/install/nav2_voxel_grid/lib:/home/matthew/nav2_ws/install/nav2_msgs/lib:${LD_LIBRARY_PATH} PYTHONPATH=/home/matthew/nav2_ws/install/nav2_msgs/lib/python3.10/site-packages:/home/matthew/nav2_ws/install/nav2_common/lib/python3.10/site-packages:${PYTHONPATH} /usr/bin/cmake --build /home/matthew/nav2_ws/build/nav2_costmap_2d -- -j6 -l6
[26.541s] [  1%] [32mBuilding CXX object CMakeFiles/nav2_costmap_2d_core.dir/src/array_parser.cpp.o[0m
[27.741s] [  2%] [32mBuilding CXX object CMakeFiles/nav2_costmap_2d_core.dir/src/layered_costmap.cpp.o[0m
[30.765s] [  3%] [32mBuilding CXX object CMakeFiles/nav2_costmap_2d_core.dir/src/costmap_2d_ros.cpp.o[0m
[31.786s] [  4%] [32mBuilding CXX object CMakeFiles/nav2_costmap_2d_core.dir/src/layer.cpp.o[0m
[32.835s] [  5%] [32mBuilding CXX object CMakeFiles/nav2_costmap_2d_core.dir/src/costmap_2d.cpp.o[0m
[65.133s] [  6%] [32mBuilding CXX object CMakeFiles/nav2_costmap_2d_core.dir/src/footprint.cpp.o[0m
[66.154s] [  8%] [32mBuilding CXX object CMakeFiles/nav2_costmap_2d_core.dir/src/costmap_math.cpp.o[0m
[67.209s] [  9%] [32mBuilding CXX object CMakeFiles/nav2_costmap_2d_core.dir/src/costmap_2d_publisher.cpp.o[0m
[68.168s] [ 10%] [32mBuilding CXX object CMakeFiles/nav2_costmap_2d_core.dir/src/costmap_layer.cpp.o[0m
[94.584s] [ 11%] [32mBuilding CXX object CMakeFiles/nav2_costmap_2d_core.dir/src/footprint_collision_checker.cpp.o[0m
[104.490s] [ 12%] [32mBuilding CXX object CMakeFiles/nav2_costmap_2d_core.dir/plugins/costmap_filters/costmap_filter.cpp.o[0m
[119.629s] [ 13%] [32mBuilding CXX object CMakeFiles/nav2_costmap_2d_core.dir/src/clear_costmap_service.cpp.o[0m
[119.641s] [ 15%] [32mBuilding CXX object CMakeFiles/nav2_costmap_2d_core.dir/src/observation_buffer.cpp.o[0m
[143.521s] [ 16%] [32m[1mLinking CXX shared library libnav2_costmap_2d_core.so[0m
[145.290s] [ 16%] Built target nav2_costmap_2d_core
[145.434s] [ 17%] [32mBuilding CXX object gtest/CMakeFiles/gtest.dir/src/gtest-all.cc.o[0m
[155.432s] [ 19%] [32mBuilding CXX object CMakeFiles/nav2_costmap_2d_markers.dir/src/costmap_2d_markers.cpp.o[0m
[155.433s] [ 19%] [32mBuilding CXX object CMakeFiles/nav2_costmap_2d_client.dir/src/footprint_subscriber.cpp.o[0m
[156.574s] [ 20%] [32mBuilding CXX object CMakeFiles/filters.dir/plugins/costmap_filters/keepout_filter.cpp.o[0m
[157.661s] [ 22%] [32mBuilding CXX object CMakeFiles/layers.dir/plugins/inflation_layer.cpp.o[0m
[157.777s] [ 23%] [32mBuilding CXX object gtest/CMakeFiles/gtest_main.dir/src/gtest_main.cc.o[0m
[162.902s] [ 24%] [32m[1mLinking CXX static library libgtest_main.a[0m
[163.181s] [ 24%] Built target gtest_main
[172.688s] [ 25%] [32m[1mLinking CXX static library libgtest.a[0m
[172.958s] [ 25%] Built target gtest
[182.818s] [ 26%] [32mBuilding CXX object CMakeFiles/layers.dir/plugins/static_layer.cpp.o[0m
[193.155s] [ 27%] [32mBuilding CXX object CMakeFiles/nav2_costmap_2d_client.dir/src/costmap_subscriber.cpp.o[0m
[194.093s] [ 29%] [32m[1mLinking CXX executable nav2_costmap_2d_markers[0m
[194.773s] [ 29%] Built target nav2_costmap_2d_markers
[202.768s] [ 30%] [32mBuilding CXX object CMakeFiles/filters.dir/plugins/costmap_filters/speed_filter.cpp.o[0m
[218.462s] [ 31%] [32mBuilding CXX object CMakeFiles/nav2_costmap_2d_client.dir/src/costmap_topic_collision_checker.cpp.o[0m
[218.693s] [ 32%] [32mBuilding CXX object CMakeFiles/layers.dir/plugins/obstacle_layer.cpp.o[0m
[229.263s] [ 33%] [32m[1mLinking CXX shared library libnav2_costmap_2d_client.so[0m
[230.401s] [ 33%] Built target nav2_costmap_2d_client
[230.427s] [ 36%] [32mBuilding CXX object test/unit/CMakeFiles/collision_footprint_test.dir/footprint_collision_checker_test.cpp.o[0m
[230.428s] [ 36%] [32mBuilding CXX object CMakeFiles/filters.dir/plugins/costmap_filters/binary_filter.cpp.o[0m
[230.516s] [ 37%] [32mBuilding CXX object test/unit/CMakeFiles/array_parser_test.dir/array_parser_test.cpp.o[0m
[231.613s] [ 38%] [32mBuilding CXX object CMakeFiles/nav2_costmap_2d_cloud.dir/src/costmap_2d_cloud.cpp.o[0m
[236.680s] [ 39%] [32m[1mLinking CXX executable array_parser_test[0m
[238.269s] [ 39%] Built target array_parser_test
[255.157s] [ 40%] [32m[1mLinking CXX executable collision_footprint_test[0m
[256.341s] [ 40%] Built target collision_footprint_test
[267.167s] [ 41%] [32m[1mLinking CXX executable nav2_costmap_2d_cloud[0m
[267.850s] [ 41%] Built target nav2_costmap_2d_cloud
[277.910s] [ 43%] [32m[1mLinking CXX shared library libfilters.so[0m
[279.253s] [ 43%] Built target filters
[279.534s] [ 44%] [32mBuilding CXX object CMakeFiles/layers.dir/src/observation_buffer.cpp.o[0m
[280.302s] [ 45%] [32mBuilding CXX object test/unit/CMakeFiles/costmap_filter_service_test.dir/costmap_filter_service_test.cpp.o[0m
[281.330s] [ 46%] [32mBuilding CXX object test/unit/CMakeFiles/copy_window_test.dir/copy_window_test.cpp.o[0m
[282.465s] [ 47%] [32mBuilding CXX object test/unit/CMakeFiles/costmap_filter_test.dir/costmap_filter_test.cpp.o[0m
[283.552s] [ 48%] [32mBuilding CXX object test/unit/CMakeFiles/declare_parameter_test.dir/declare_parameter_test.cpp.o[0m
[284.681s] [ 50%] [32mBuilding CXX object test/unit/CMakeFiles/costmap_convesion_test.dir/costmap_conversion_test.cpp.o[0m
[299.716s] [ 51%] [32m[1mLinking CXX executable copy_window_test[0m
[300.896s] [ 51%] Built target copy_window_test
[301.789s] [ 52%] [32m[1mLinking CXX executable costmap_convesion_test[0m
[302.770s] [ 52%] Built target costmap_convesion_test
[304.484s] [ 53%] [32m[1mLinking CXX executable costmap_filter_test[0m
[304.735s] [ 54%] [32mBuilding CXX object CMakeFiles/layers.dir/plugins/voxel_layer.cpp.o[0m
[304.838s] [ 55%] [32m[1mLinking CXX executable costmap_filter_service_test[0m
[305.120s] [ 56%] [32m[1mLinking CXX executable declare_parameter_test[0m
[305.421s] [ 56%] Built target costmap_filter_test
[305.955s] [ 56%] Built target costmap_filter_service_test
[306.187s] [ 56%] Built target declare_parameter_test
[325.259s] [ 58%] [32mBuilding CXX object test/regression/CMakeFiles/costmap_bresenham_2d.dir/costmap_bresenham_2d.cpp.o[0m
[326.294s] [ 59%] [32mBuilding CXX object test/integration/CMakeFiles/dyn_params_tests.dir/dyn_params_tests.cpp.o[0m
[327.326s] [ 60%] [32mBuilding CXX object test/unit/CMakeFiles/lifecycle_test.dir/lifecycle_test.cpp.o[0m
[328.180s] [ 61%] [32mBuilding CXX object CMakeFiles/layers.dir/plugins/denoise_layer.cpp.o[0m
[328.187s] [ 62%] [32mBuilding CXX object CMakeFiles/layers.dir/plugins/range_sensor_layer.cpp.o[0m
[328.263s] [ 63%] [32mBuilding CXX object test/regression/CMakeFiles/order_layer.dir/order_layer.cpp.o[0m
[328.978s] [ 65%] [32m[1mLinking CXX executable costmap_bresenham_2d[0m
[329.733s] [ 65%] Built target costmap_bresenham_2d
[329.893s] [ 66%] [32mBuilding CXX object test/regression/CMakeFiles/plugin_api_order.dir/plugin_api_order.cpp.o[0m
[341.736s] [ 67%] [32m[1mLinking CXX shared library liborder_layer.so[0m
[342.601s] [ 67%] Built target order_layer
[346.285s] [ 68%] [32m[1mLinking CXX executable lifecycle_test[0m
[347.028s] [ 68%] Built target lifecycle_test
[347.652s] [ 69%] [32m[1mLinking CXX executable plugin_api_order[0m
[348.403s] [ 69%] Built target plugin_api_order
[349.954s] [ 70%] [32m[1mLinking CXX executable dyn_params_tests[0m
[350.724s] [ 70%] Built target dyn_params_tests
[350.773s] [ 72%] [32mBuilding CXX object test/unit/CMakeFiles/binary_filter_test.dir/binary_filter_test.cpp.o[0m
[361.536s] [ 73%] [32m[1mLinking CXX shared library liblayers.so[0m
[363.635s] [ 73%] Built target layers
[380.703s] [ 74%] [32mBuilding CXX object test/integration/CMakeFiles/footprint_tests_exec.dir/footprint_tests.cpp.o[0m
[381.745s] [ 75%] [32mBuilding CXX object test/unit/CMakeFiles/denoise_layer_test.dir/denoise_layer_test.cpp.o[0m
[382.895s] [ 76%] [32mBuilding CXX object CMakeFiles/nav2_costmap_2d.dir/src/costmap_2d_node.cpp.o[0m
[384.002s] [ 77%] [32mBuilding CXX object test/unit/CMakeFiles/speed_filter_test.dir/speed_filter_test.cpp.o[0m
[385.125s] [ 79%] [32mBuilding CXX object test/unit/CMakeFiles/keepout_filter_test.dir/keepout_filter_test.cpp.o[0m
[394.912s] [ 80%] [32m[1mLinking CXX executable binary_filter_test[0m
[398.408s] [ 80%] Built target binary_filter_test
[410.063s] [ 81%] [32m[1mLinking CXX executable nav2_costmap_2d[0m
[410.064s] [ 82%] [32m[1mLinking CXX executable footprint_tests_exec[0m
[412.946s] [ 82%] Built target footprint_tests_exec
[412.990s] [ 82%] Built target nav2_costmap_2d
[416.049s] [ 83%] [32mBuilding CXX object test/unit/CMakeFiles/denoise_layer_test.dir/image_test.cpp.o[0m
[423.027s] [ 84%] [32mBuilding CXX object test/unit/CMakeFiles/denoise_layer_test.dir/image_processing_test.cpp.o[0m
[424.144s] [ 86%] [32m[1mLinking CXX executable keepout_filter_test[0m
[425.248s] [ 86%] Built target keepout_filter_test
[431.948s] [ 87%] [32m[1mLinking CXX executable denoise_layer_test[0m
[433.168s] [ 87%] Built target denoise_layer_test
[437.127s] [ 88%] [32m[1mLinking CXX executable speed_filter_test[0m
[438.200s] [ 88%] Built target speed_filter_test
[438.253s] [ 89%] [32mBuilding CXX object test/integration/CMakeFiles/test_costmap_publisher_exec.dir/test_costmap_2d_publisher.cpp.o[0m
[466.984s] [ 90%] [32m[1mLinking CXX executable test_costmap_publisher_exec[0m
[467.994s] [ 90%] Built target test_costmap_publisher_exec
[468.047s] [ 93%] [32mBuilding CXX object test/integration/CMakeFiles/obstacle_tests_exec.dir/obstacle_tests.cpp.o[0m
[468.047s] [ 93%] [32mBuilding CXX object test/integration/CMakeFiles/range_tests_exec.dir/range_tests.cpp.o[0m
[496.855s] [ 94%] [32m[1mLinking CXX executable range_tests_exec[0m
[497.860s] [ 94%] Built target range_tests_exec
[501.001s] [ 95%] [32m[1mLinking CXX executable obstacle_tests_exec[0m
[501.957s] [ 95%] Built target obstacle_tests_exec
[502.010s] [ 96%] [32mBuilding CXX object test/integration/CMakeFiles/inflation_tests_exec.dir/inflation_tests.cpp.o[0m
[502.011s] [ 97%] [32mBuilding CXX object test/integration/CMakeFiles/test_collision_checker_exec.dir/test_costmap_topic_collision_checker.cpp.o[0m
[533.695s] [ 98%] [32m[1mLinking CXX executable test_collision_checker_exec[0m
[534.828s] [ 98%] Built target test_collision_checker_exec
[535.812s] [100%] [32m[1mLinking CXX executable inflation_tests_exec[0m
[536.753s] [100%] Built target inflation_tests_exec
[536.798s] Invoked command in '/home/matthew/nav2_ws/build/nav2_costmap_2d' returned '0': AMENT_PREFIX_PATH=/home/matthew/nav2_ws/install/nav2_map_server:/home/matthew/nav2_ws/install/nav2_lifecycle_manager:/home/matthew/nav2_ws/install/nav2_util:/home/matthew/nav2_ws/install/nav2_voxel_grid:/home/matthew/nav2_ws/install/nav2_msgs:/home/matthew/nav2_ws/install/nav2_common:${AMENT_PREFIX_PATH} CMAKE_PREFIX_PATH=/home/matthew/nav2_ws/install/nav2_map_server:/home/matthew/nav2_ws/install/nav2_lifecycle_manager:/home/matthew/nav2_ws/install/nav2_util:/home/matthew/nav2_ws/install/nav2_voxel_grid:/home/matthew/nav2_ws/install/nav2_msgs:/home/matthew/nav2_ws/install/nav2_common:/opt/ros/iron LD_LIBRARY_PATH=/home/matthew/nav2_ws/install/nav2_map_server/lib:/home/matthew/nav2_ws/install/nav2_lifecycle_manager/lib:/home/matthew/nav2_ws/install/nav2_util/lib:/home/matthew/nav2_ws/install/nav2_voxel_grid/lib:/home/matthew/nav2_ws/install/nav2_msgs/lib:${LD_LIBRARY_PATH} PYTHONPATH=/home/matthew/nav2_ws/install/nav2_msgs/lib/python3.10/site-packages:/home/matthew/nav2_ws/install/nav2_common/lib/python3.10/site-packages:${PYTHONPATH} /usr/bin/cmake --build /home/matthew/nav2_ws/build/nav2_costmap_2d -- -j6 -l6
[536.811s] Invoking command in '/home/matthew/nav2_ws/build/nav2_costmap_2d': AMENT_PREFIX_PATH=/home/matthew/nav2_ws/install/nav2_map_server:/home/matthew/nav2_ws/install/nav2_lifecycle_manager:/home/matthew/nav2_ws/install/nav2_util:/home/matthew/nav2_ws/install/nav2_voxel_grid:/home/matthew/nav2_ws/install/nav2_msgs:/home/matthew/nav2_ws/install/nav2_common:${AMENT_PREFIX_PATH} CMAKE_PREFIX_PATH=/home/matthew/nav2_ws/install/nav2_map_server:/home/matthew/nav2_ws/install/nav2_lifecycle_manager:/home/matthew/nav2_ws/install/nav2_util:/home/matthew/nav2_ws/install/nav2_voxel_grid:/home/matthew/nav2_ws/install/nav2_msgs:/home/matthew/nav2_ws/install/nav2_common:/opt/ros/iron LD_LIBRARY_PATH=/home/matthew/nav2_ws/install/nav2_map_server/lib:/home/matthew/nav2_ws/install/nav2_lifecycle_manager/lib:/home/matthew/nav2_ws/install/nav2_util/lib:/home/matthew/nav2_ws/install/nav2_voxel_grid/lib:/home/matthew/nav2_ws/install/nav2_msgs/lib:${LD_LIBRARY_PATH} PYTHONPATH=/home/matthew/nav2_ws/install/nav2_msgs/lib/python3.10/site-packages:/home/matthew/nav2_ws/install/nav2_common/lib/python3.10/site-packages:${PYTHONPATH} /usr/bin/cmake --install /home/matthew/nav2_ws/build/nav2_costmap_2d
[536.831s] -- Install configuration: "Release"
[536.832s] -- Execute custom install script
[536.834s] -- Symlinking: /home/matthew/nav2_ws/install/nav2_costmap_2d/lib/nav2_costmap_2d/nav2_costmap_2d_markers
[536.854s] -- Symlinking: /home/matthew/nav2_ws/install/nav2_costmap_2d/lib/nav2_costmap_2d/nav2_costmap_2d_cloud
[536.874s] -- Symlinking: /home/matthew/nav2_ws/install/nav2_costmap_2d/lib/nav2_costmap_2d/nav2_costmap_2d
[536.893s] -- Symlinking: /home/matthew/nav2_ws/install/nav2_costmap_2d/share/nav2_costmap_2d/costmap_plugins.xml
[536.916s] -- Symlinking: /home/matthew/nav2_ws/install/nav2_costmap_2d/include/nav2_costmap_2d/nav2_costmap_2d/array_parser.hpp
[536.935s] -- Symlinking: /home/matthew/nav2_ws/install/nav2_costmap_2d/include/nav2_costmap_2d/nav2_costmap_2d/clear_costmap_service.hpp
[536.953s] -- Symlinking: /home/matthew/nav2_ws/install/nav2_costmap_2d/include/nav2_costmap_2d/nav2_costmap_2d/cost_values.hpp
[536.972s] -- Symlinking: /home/matthew/nav2_ws/install/nav2_costmap_2d/include/nav2_costmap_2d/nav2_costmap_2d/costmap_2d.hpp
[536.990s] -- Symlinking: /home/matthew/nav2_ws/install/nav2_costmap_2d/include/nav2_costmap_2d/nav2_costmap_2d/costmap_2d_publisher.hpp
[537.009s] -- Symlinking: /home/matthew/nav2_ws/install/nav2_costmap_2d/include/nav2_costmap_2d/nav2_costmap_2d/costmap_2d_ros.hpp
[537.028s] -- Symlinking: /home/matthew/nav2_ws/install/nav2_costmap_2d/include/nav2_costmap_2d/nav2_costmap_2d/costmap_filters/binary_filter.hpp
[537.047s] -- Symlinking: /home/matthew/nav2_ws/install/nav2_costmap_2d/include/nav2_costmap_2d/nav2_costmap_2d/costmap_filters/costmap_filter.hpp
[537.068s] -- Symlinking: /home/matthew/nav2_ws/install/nav2_costmap_2d/include/nav2_costmap_2d/nav2_costmap_2d/costmap_filters/filter_values.hpp
[537.086s] -- Symlinking: /home/matthew/nav2_ws/install/nav2_costmap_2d/include/nav2_costmap_2d/nav2_costmap_2d/costmap_filters/keepout_filter.hpp
[537.104s] -- Symlinking: /home/matthew/nav2_ws/install/nav2_costmap_2d/include/nav2_costmap_2d/nav2_costmap_2d/costmap_filters/speed_filter.hpp
[537.122s] -- Symlinking: /home/matthew/nav2_ws/install/nav2_costmap_2d/include/nav2_costmap_2d/nav2_costmap_2d/costmap_layer.hpp
[537.142s] -- Symlinking: /home/matthew/nav2_ws/install/nav2_costmap_2d/include/nav2_costmap_2d/nav2_costmap_2d/costmap_math.hpp
[537.163s] -- Symlinking: /home/matthew/nav2_ws/install/nav2_costmap_2d/include/nav2_costmap_2d/nav2_costmap_2d/costmap_subscriber.hpp
[537.183s] -- Symlinking: /home/matthew/nav2_ws/install/nav2_costmap_2d/include/nav2_costmap_2d/nav2_costmap_2d/costmap_topic_collision_checker.hpp
[537.204s] -- Symlinking: /home/matthew/nav2_ws/install/nav2_costmap_2d/include/nav2_costmap_2d/nav2_costmap_2d/denoise/image.hpp
[537.223s] -- Symlinking: /home/matthew/nav2_ws/install/nav2_costmap_2d/include/nav2_costmap_2d/nav2_costmap_2d/denoise/image_processing.hpp
[537.242s] -- Symlinking: /home/matthew/nav2_ws/install/nav2_costmap_2d/include/nav2_costmap_2d/nav2_costmap_2d/denoise_layer.hpp
[537.262s] -- Symlinking: /home/matthew/nav2_ws/install/nav2_costmap_2d/include/nav2_costmap_2d/nav2_costmap_2d/exceptions.hpp
[537.281s] -- Symlinking: /home/matthew/nav2_ws/install/nav2_costmap_2d/include/nav2_costmap_2d/nav2_costmap_2d/footprint.hpp
[537.300s] -- Symlinking: /home/matthew/nav2_ws/install/nav2_costmap_2d/include/nav2_costmap_2d/nav2_costmap_2d/footprint_collision_checker.hpp
[537.320s] -- Symlinking: /home/matthew/nav2_ws/install/nav2_costmap_2d/include/nav2_costmap_2d/nav2_costmap_2d/footprint_subscriber.hpp
[537.339s] -- Symlinking: /home/matthew/nav2_ws/install/nav2_costmap_2d/include/nav2_costmap_2d/nav2_costmap_2d/inflation_layer.hpp
[537.359s] -- Symlinking: /home/matthew/nav2_ws/install/nav2_costmap_2d/include/nav2_costmap_2d/nav2_costmap_2d/layer.hpp
[537.381s] -- Symlinking: /home/matthew/nav2_ws/install/nav2_costmap_2d/include/nav2_costmap_2d/nav2_costmap_2d/layered_costmap.hpp
[537.400s] -- Symlinking: /home/matthew/nav2_ws/install/nav2_costmap_2d/include/nav2_costmap_2d/nav2_costmap_2d/observation.hpp
[537.421s] -- Symlinking: /home/matthew/nav2_ws/install/nav2_costmap_2d/include/nav2_costmap_2d/nav2_costmap_2d/observation_buffer.hpp
[537.442s] -- Symlinking: /home/matthew/nav2_ws/install/nav2_costmap_2d/include/nav2_costmap_2d/nav2_costmap_2d/obstacle_layer.hpp
[537.463s] -- Symlinking: /home/matthew/nav2_ws/install/nav2_costmap_2d/include/nav2_costmap_2d/nav2_costmap_2d/range_sensor_layer.hpp
[537.484s] -- Symlinking: /home/matthew/nav2_ws/install/nav2_costmap_2d/include/nav2_costmap_2d/nav2_costmap_2d/static_layer.hpp
[537.503s] -- Symlinking: /home/matthew/nav2_ws/install/nav2_costmap_2d/include/nav2_costmap_2d/nav2_costmap_2d/voxel_layer.hpp
[537.525s] -- Symlinking: /home/matthew/nav2_ws/install/nav2_costmap_2d/lib/liborder_layer.so
[537.547s] -- Symlinking: /home/matthew/nav2_ws/install/nav2_costmap_2d/share/nav2_costmap_2d/test/regression/order_layer.xml
[537.570s] -- Symlinking: /home/matthew/nav2_ws/install/nav2_costmap_2d/share/nav2_costmap_2d/environment/library_path.sh
[537.591s] -- Symlinking: /home/matthew/nav2_ws/install/nav2_costmap_2d/share/nav2_costmap_2d/environment/library_path.dsv
[537.610s] -- Up-to-date symlink: /home/matthew/nav2_ws/install/nav2_costmap_2d/share/nav2_costmap_2d//costmap_plugins.xml
[537.612s] -- Symlinking: /home/matthew/nav2_ws/install/nav2_costmap_2d/share/ament_index/resource_index/package_run_dependencies/nav2_costmap_2d
[537.634s] -- Symlinking: /home/matthew/nav2_ws/install/nav2_costmap_2d/share/ament_index/resource_index/parent_prefix_path/nav2_costmap_2d
[537.655s] -- Symlinking: /home/matthew/nav2_ws/install/nav2_costmap_2d/share/nav2_costmap_2d/environment/ament_prefix_path.sh
[537.677s] -- Symlinking: /home/matthew/nav2_ws/install/nav2_costmap_2d/share/nav2_costmap_2d/environment/ament_prefix_path.dsv
[537.697s] -- Symlinking: /home/matthew/nav2_ws/install/nav2_costmap_2d/share/nav2_costmap_2d/environment/path.sh
[537.716s] -- Symlinking: /home/matthew/nav2_ws/install/nav2_costmap_2d/share/nav2_costmap_2d/environment/path.dsv
[537.737s] -- Symlinking: /home/matthew/nav2_ws/install/nav2_costmap_2d/share/nav2_costmap_2d/local_setup.bash
[537.757s] -- Symlinking: /home/matthew/nav2_ws/install/nav2_costmap_2d/share/nav2_costmap_2d/local_setup.sh
[537.779s] -- Symlinking: /home/matthew/nav2_ws/install/nav2_costmap_2d/share/nav2_costmap_2d/local_setup.zsh
[537.799s] -- Symlinking: /home/matthew/nav2_ws/install/nav2_costmap_2d/share/nav2_costmap_2d/local_setup.dsv
[537.819s] -- Symlinking: /home/matthew/nav2_ws/install/nav2_costmap_2d/share/nav2_costmap_2d/package.dsv
[537.841s] -- Symlinking: /home/matthew/nav2_ws/install/nav2_costmap_2d/share/ament_index/resource_index/packages/nav2_costmap_2d
[537.863s] -- Symlinking: /home/matthew/nav2_ws/install/nav2_costmap_2d/share/ament_index/resource_index/nav2_costmap_2d__pluginlib__plugin/nav2_costmap_2d
[537.884s] -- Symlinking: /home/matthew/nav2_ws/install/nav2_costmap_2d/share/nav2_costmap_2d/cmake/ament_cmake_export_targets-extras.cmake
[537.905s] -- Symlinking: /home/matthew/nav2_ws/install/nav2_costmap_2d/share/nav2_costmap_2d/cmake/ament_cmake_export_dependencies-extras.cmake
[537.926s] -- Symlinking: /home/matthew/nav2_ws/install/nav2_costmap_2d/share/nav2_costmap_2d/cmake/nav2_costmap_2dConfig.cmake
[537.947s] -- Symlinking: /home/matthew/nav2_ws/install/nav2_costmap_2d/share/nav2_costmap_2d/cmake/nav2_costmap_2dConfig-version.cmake
[537.969s] -- Symlinking: /home/matthew/nav2_ws/install/nav2_costmap_2d/share/nav2_costmap_2d/package.xml
[537.988s] -- Installing: /home/matthew/nav2_ws/install/nav2_costmap_2d/lib/liblayers.so
[538.001s] -- Set runtime path of "/home/matthew/nav2_ws/install/nav2_costmap_2d/lib/liblayers.so" to ""
[538.002s] -- Installing: /home/matthew/nav2_ws/install/nav2_costmap_2d/lib/libfilters.so
[538.008s] -- Set runtime path of "/home/matthew/nav2_ws/install/nav2_costmap_2d/lib/libfilters.so" to ""
[538.008s] -- Installing: /home/matthew/nav2_ws/install/nav2_costmap_2d/lib/libnav2_costmap_2d_core.so
[538.025s] -- Set runtime path of "/home/matthew/nav2_ws/install/nav2_costmap_2d/lib/libnav2_costmap_2d_core.so" to ""
[538.025s] -- Installing: /home/matthew/nav2_ws/install/nav2_costmap_2d/lib/libnav2_costmap_2d_client.so
[538.031s] -- Set runtime path of "/home/matthew/nav2_ws/install/nav2_costmap_2d/lib/libnav2_costmap_2d_client.so" to ""
[538.033s] -- Installing: /home/matthew/nav2_ws/install/nav2_costmap_2d/share/nav2_costmap_2d/cmake/export_nav2_costmap_2dExport.cmake
[538.035s] -- Installing: /home/matthew/nav2_ws/install/nav2_costmap_2d/share/nav2_costmap_2d/cmake/export_nav2_costmap_2dExport-release.cmake
[538.049s] Invoked command in '/home/matthew/nav2_ws/build/nav2_costmap_2d' returned '0': AMENT_PREFIX_PATH=/home/matthew/nav2_ws/install/nav2_map_server:/home/matthew/nav2_ws/install/nav2_lifecycle_manager:/home/matthew/nav2_ws/install/nav2_util:/home/matthew/nav2_ws/install/nav2_voxel_grid:/home/matthew/nav2_ws/install/nav2_msgs:/home/matthew/nav2_ws/install/nav2_common:${AMENT_PREFIX_PATH} CMAKE_PREFIX_PATH=/home/matthew/nav2_ws/install/nav2_map_server:/home/matthew/nav2_ws/install/nav2_lifecycle_manager:/home/matthew/nav2_ws/install/nav2_util:/home/matthew/nav2_ws/install/nav2_voxel_grid:/home/matthew/nav2_ws/install/nav2_msgs:/home/matthew/nav2_ws/install/nav2_common:/opt/ros/iron LD_LIBRARY_PATH=/home/matthew/nav2_ws/install/nav2_map_server/lib:/home/matthew/nav2_ws/install/nav2_lifecycle_manager/lib:/home/matthew/nav2_ws/install/nav2_util/lib:/home/matthew/nav2_ws/install/nav2_voxel_grid/lib:/home/matthew/nav2_ws/install/nav2_msgs/lib:${LD_LIBRARY_PATH} PYTHONPATH=/home/matthew/nav2_ws/install/nav2_msgs/lib/python3.10/site-packages:/home/matthew/nav2_ws/install/nav2_common/lib/python3.10/site-packages:${PYTHONPATH} /usr/bin/cmake --install /home/matthew/nav2_ws/build/nav2_costmap_2d
