[0.052s] Invoking command in '/home/matthew/build/nav2_minimal_tb4_description': CMAKE_PREFIX_PATH=/opt/ros/iron /usr/bin/cmake /home/matthew/nav2_ws/src/nav2_minimal_turtlebot_simulation/nav2_minimal_tb4_description -DAMENT_CMAKE_SYMLINK_INSTALL=1 -DCMAKE_INSTALL_PREFIX=/home/matthew/install/nav2_minimal_tb4_description
[1.401s] -- The C compiler identification is GNU 11.4.0
[1.402s] -- The CXX compiler identification is GNU 11.4.0
[1.402s] -- Detecting C compiler ABI info
[1.403s] -- Detecting C compiler ABI info - done
[1.405s] -- Check for working C compiler: /usr/bin/cc - skipped
[1.406s] -- Detecting C compile features
[1.406s] -- Detecting C compile features - done
[1.407s] -- Detecting CXX compiler ABI info
[1.407s] -- Detecting CXX compiler ABI info - done
[1.407s] -- Check for working CXX compiler: /usr/bin/c++ - skipped
[1.410s] -- Detecting CXX compile features
[1.410s] -- Detecting CXX compile features - done
[1.410s] -- Found ament_cmake: 2.0.7 (/opt/ros/iron/share/ament_cmake/cmake)
[1.410s] -- Found Python3: /usr/bin/python3.10 (found version "3.10.12") found components: Interpreter 
[1.411s] -- Override CMake install command with custom implementation using symlinks instead of copying resources
[1.411s] -- Found urdf: 2.8.2 (/opt/ros/iron/share/urdf/cmake)
[1.411s] -- Found xacro: 2.0.11 (/opt/ros/iron/share/xacro/cmake)
[1.411s] -- Found ament_lint_auto: 0.14.4 (/opt/ros/iron/share/ament_lint_auto/cmake)
[1.604s] -- Added test 'copyright' to check source files copyright and LICENSE
[1.616s] -- Added test 'flake8' to check Python code syntax and style conventions
[1.616s] -- Configured 'flake8' exclude dirs and/or files: 
[1.617s] -- Added test 'lint_cmake' to check CMake code style
[1.619s] -- Added test 'pep257' to check Python code against some of the docstring style conventions in PEP 257
[1.624s] -- Added test 'xmllint' to check XML markup files
[1.628s] -- Configuring done
[1.637s] -- Generating done
[1.642s] -- Build files have been written to: /home/matthew/build/nav2_minimal_tb4_description
[1.663s] Invoked command in '/home/matthew/build/nav2_minimal_tb4_description' returned '0': CMAKE_PREFIX_PATH=/opt/ros/iron /usr/bin/cmake /home/matthew/nav2_ws/src/nav2_minimal_turtlebot_simulation/nav2_minimal_tb4_description -DAMENT_CMAKE_SYMLINK_INSTALL=1 -DCMAKE_INSTALL_PREFIX=/home/matthew/install/nav2_minimal_tb4_description
[1.664s] Invoking command in '/home/matthew/build/nav2_minimal_tb4_description': CMAKE_PREFIX_PATH=/opt/ros/iron /usr/bin/cmake --build /home/matthew/build/nav2_minimal_tb4_description --target clean -- -j6 -l6
[1.735s] Invoked command in '/home/matthew/build/nav2_minimal_tb4_description' returned '0': CMAKE_PREFIX_PATH=/opt/ros/iron /usr/bin/cmake --build /home/matthew/build/nav2_minimal_tb4_description --target clean -- -j6 -l6
