[2.261s] Invoking command in '/home/matthew/build/motorcontrol': PYTHONPATH=/home/matthew/build/motorcontrol/prefix_override:/usr/lib/python3/dist-packages/colcon_core/task/python/colcon_distutils_commands:/home/matthew/install/motorcontrol/lib/python3.10/site-packages:${PYTHONPATH} /usr/bin/python3 -W ignore:setup.py install is deprecated -W ignore:easy_install command is deprecated setup.py develop --editable --build-directory /home/matthew/build/motorcontrol/build --no-deps symlink_data
[2.930s] running develop
[3.207s] running egg_info
[3.208s] creating motorcontrol.egg-info
[3.208s] writing motorcontrol.egg-info/PKG-INFO
[3.208s] writing dependency_links to motorcontrol.egg-info/dependency_links.txt
[3.208s] writing entry points to motorcontrol.egg-info/entry_points.txt
[3.209s] writing requirements to motorcontrol.egg-info/requires.txt
[3.209s] writing top-level names to motorcontrol.egg-info/top_level.txt
[3.210s] writing manifest file 'motorcontrol.egg-info/SOURCES.txt'
[3.214s] reading manifest file 'motorcontrol.egg-info/SOURCES.txt'
[3.215s] writing manifest file 'motorcontrol.egg-info/SOURCES.txt'
[3.219s] running build_ext
[3.220s] Creating /home/matthew/install/motorcontrol/lib/python3.10/site-packages/motorcontrol.egg-link (link to .)
[3.222s] 
[3.222s] Installed /home/matthew/build/motorcontrol
[3.222s] running symlink_data
[3.222s] creating /home/matthew/install/motorcontrol/share/ament_index
[3.223s] creating /home/matthew/install/motorcontrol/share/ament_index/resource_index
[3.223s] creating /home/matthew/install/motorcontrol/share/ament_index/resource_index/packages
[3.223s] symbolically linking /home/matthew/build/motorcontrol/resource/motorcontrol -> /home/matthew/install/motorcontrol/share/ament_index/resource_index/packages
[3.223s] symbolically linking /home/matthew/build/motorcontrol/package.xml -> /home/matthew/install/motorcontrol/share/motorcontrol
[3.322s] Invoked command in '/home/matthew/build/motorcontrol' returned '0': PYTHONPATH=/home/matthew/build/motorcontrol/prefix_override:/usr/lib/python3/dist-packages/colcon_core/task/python/colcon_distutils_commands:/home/matthew/install/motorcontrol/lib/python3.10/site-packages:${PYTHONPATH} /usr/bin/python3 -W ignore:setup.py install is deprecated -W ignore:easy_install command is deprecated setup.py develop --editable --build-directory /home/matthew/build/motorcontrol/build --no-deps symlink_data
