[0.003s] Invoking command in '/home/matthew/ros2_ws/build/csm': CMAKE_PREFIX_PATH=/opt/ros/iron /usr/bin/cmake /home/matthew/ros2_ws/src/csm -DAMENT_CMAKE_SYMLINK_INSTALL=1 -DCMAKE_INSTALL_PREFIX=/home/matthew/ros2_ws/install/csm
[1.172s] -- Found ament_cmake: 2.0.7 (/opt/ros/iron/share/ament_cmake/cmake)
[1.173s] -- Override CMake install command with custom implementation using symlinks instead of copying resources
[1.173s] -- Found rclcpp: 21.0.8 (/opt/ros/iron/share/rclcpp/cmake)
[1.174s] -- Found rosidl_generator_c: 4.0.1 (/opt/ros/iron/share/rosidl_generator_c/cmake)
[1.175s] -- Found rosidl_generator_cpp: 4.0.1 (/opt/ros/iron/share/rosidl_generator_cpp/cmake)
[1.176s] -- Using all available rosidl_typesupport_c: rosidl_typesupport_fastrtps_c;rosidl_typesupport_introspection_c
[1.177s] -- Using all available rosidl_typesupport_cpp: rosidl_typesupport_fastrtps_cpp;rosidl_typesupport_introspection_cpp
[1.177s] -- Found rmw_implementation_cmake: 7.1.0 (/opt/ros/iron/share/rmw_implementation_cmake/cmake)
[1.177s] -- Found rmw_fastrtps_cpp: 7.1.4 (/opt/ros/iron/share/rmw_fastrtps_cpp/cmake)
[1.177s] -- Using RMW implementation 'rmw_fastrtps_cpp' as default
[1.521s] -- Configuring done
[1.540s] -- Generating done
[1.546s] -- Build files have been written to: /home/matthew/ros2_ws/build/csm
[1.566s] Invoked command in '/home/matthew/ros2_ws/build/csm' returned '0': CMAKE_PREFIX_PATH=/opt/ros/iron /usr/bin/cmake /home/matthew/ros2_ws/src/csm -DAMENT_CMAKE_SYMLINK_INSTALL=1 -DCMAKE_INSTALL_PREFIX=/home/matthew/ros2_ws/install/csm
[1.570s] Invoking command in '/home/matthew/ros2_ws/build/csm': CMAKE_PREFIX_PATH=/opt/ros/iron /usr/bin/cmake --build /home/matthew/ros2_ws/build/csm -- -j6 -l6
[1.676s] [35m[1mConsolidate compiler generated dependencies of target csm[0m
[1.785s] [100%] Built target csm
[1.818s] Invoked command in '/home/matthew/ros2_ws/build/csm' returned '0': CMAKE_PREFIX_PATH=/opt/ros/iron /usr/bin/cmake --build /home/matthew/ros2_ws/build/csm -- -j6 -l6
[1.840s] Invoking command in '/home/matthew/ros2_ws/build/csm': CMAKE_PREFIX_PATH=/opt/ros/iron /usr/bin/cmake --install /home/matthew/ros2_ws/build/csm
[1.857s] -- Install configuration: ""
[1.858s] -- Execute custom install script
[1.858s] -- Up-to-date symlink: /home/matthew/ros2_ws/install/csm/lib/libcsm.so
[1.859s] -- Up-to-date symlink: /home/matthew/ros2_ws/install/csm/include/..//include/csm/algos.h
[1.859s] -- Up-to-date symlink: /home/matthew/ros2_ws/install/csm/include/..//include/csm/csm.h
[1.859s] -- Up-to-date symlink: /home/matthew/ros2_ws/install/csm/include/..//include/csm/laser_data.h
[1.860s] -- Up-to-date symlink: /home/matthew/ros2_ws/install/csm/include/..//include/csm/laser_data_inline.h
[1.860s] -- Up-to-date symlink: /home/matthew/ros2_ws/install/csm/include/..//include/csm/restrict.h
[1.860s] -- Up-to-date symlink: /home/matthew/ros2_ws/install/csm/include/..//include/gsl_eigen/gsl_eigen.h
[1.860s] -- Up-to-date symlink: /home/matthew/ros2_ws/install/csm/share/csm/resource/csm
[1.861s] -- Up-to-date symlink: /home/matthew/ros2_ws/install/csm/include/../gsl_eigen/gsl_eigen.h
[1.861s] -- Up-to-date symlink: /home/matthew/ros2_ws/install/csm/share/csm/environment/library_path.sh
[1.861s] -- Up-to-date symlink: /home/matthew/ros2_ws/install/csm/share/csm/environment/library_path.dsv
[1.862s] -- Up-to-date symlink: /home/matthew/ros2_ws/install/csm/share/ament_index/resource_index/package_run_dependencies/csm
[1.862s] -- Up-to-date symlink: /home/matthew/ros2_ws/install/csm/share/ament_index/resource_index/parent_prefix_path/csm
[1.862s] -- Up-to-date symlink: /home/matthew/ros2_ws/install/csm/share/csm/environment/ament_prefix_path.sh
[1.863s] -- Up-to-date symlink: /home/matthew/ros2_ws/install/csm/share/csm/environment/ament_prefix_path.dsv
[1.863s] -- Up-to-date symlink: /home/matthew/ros2_ws/install/csm/share/csm/environment/path.sh
[1.863s] -- Up-to-date symlink: /home/matthew/ros2_ws/install/csm/share/csm/environment/path.dsv
[1.864s] -- Up-to-date symlink: /home/matthew/ros2_ws/install/csm/share/csm/local_setup.bash
[1.864s] -- Up-to-date symlink: /home/matthew/ros2_ws/install/csm/share/csm/local_setup.sh
[1.864s] -- Up-to-date symlink: /home/matthew/ros2_ws/install/csm/share/csm/local_setup.zsh
[1.864s] -- Up-to-date symlink: /home/matthew/ros2_ws/install/csm/share/csm/local_setup.dsv
[1.865s] -- Symlinking: /home/matthew/ros2_ws/install/csm/share/csm/package.dsv
[1.883s] -- Up-to-date symlink: /home/matthew/ros2_ws/install/csm/share/ament_index/resource_index/packages/csm
[1.884s] -- Up-to-date symlink: /home/matthew/ros2_ws/install/csm/share/csm/cmake/ament_cmake_export_dependencies-extras.cmake
[1.884s] -- Up-to-date symlink: /home/matthew/ros2_ws/install/csm/share/csm/cmake/ament_cmake_export_include_directories-extras.cmake
[1.884s] -- Up-to-date symlink: /home/matthew/ros2_ws/install/csm/share/csm/cmake/ament_cmake_export_libraries-extras.cmake
[1.884s] -- Up-to-date symlink: /home/matthew/ros2_ws/install/csm/share/csm/cmake/csmConfig.cmake
[1.885s] -- Up-to-date symlink: /home/matthew/ros2_ws/install/csm/share/csm/cmake/csmConfig-version.cmake
[1.885s] -- Up-to-date symlink: /home/matthew/ros2_ws/install/csm/share/csm/package.xml
[1.897s] Invoked command in '/home/matthew/ros2_ws/build/csm' returned '0': CMAKE_PREFIX_PATH=/opt/ros/iron /usr/bin/cmake --install /home/matthew/ros2_ws/build/csm
