[0.636s] Invoking command in '/home/matthew/ros2_ws/build/my_robot_description': CMAKE_PREFIX_PATH=${CMAKE_PREFIX_PATH}:/home/matthew/ros2_ws/install/static_tf:/home/matthew/ros2_ws/install/motorcontrol:/home/matthew/ros2_ws/src/install/gazebo_robot_package:/opt/ros/iron /usr/bin/cmake /home/matthew/ros2_ws/src/my_robot_description -DAMENT_CMAKE_SYMLINK_INSTALL=1 -DCMAKE_INSTALL_PREFIX=/home/matthew/ros2_ws/install/my_robot_description
[1.274s] -- The C compiler identification is GNU 11.4.0
[1.274s] -- The CXX compiler identification is GNU 11.4.0
[1.274s] -- Detecting C compiler ABI info
[1.274s] -- Detecting C compiler ABI info - done
[1.274s] -- Check for working C compiler: /usr/bin/cc - skipped
[1.274s] -- Detecting C compile features
[1.274s] -- Detecting C compile features - done
[1.274s] -- Detecting CXX compiler ABI info
[1.294s] -- Detecting CXX compiler ABI info - done
[1.310s] -- Check for working CXX compiler: /usr/bin/c++ - skipped
[1.311s] -- Detecting CXX compile features
[1.312s] -- Detecting CXX compile features - done
[1.318s] -- Found ament_cmake: 2.0.7 (/opt/ros/iron/share/ament_cmake/cmake)
[1.718s] -- Found Python3: /usr/bin/python3.10 (found version "3.10.12") found components: Interpreter 
[1.868s] -- Override CMake install command with custom implementation using symlinks instead of copying resources
[1.929s] -- Found rclcpp: 21.0.8 (/opt/ros/iron/share/rclcpp/cmake)
[2.031s] -- Found rosidl_generator_c: 4.0.1 (/opt/ros/iron/share/rosidl_generator_c/cmake)
[2.057s] -- Found rosidl_generator_cpp: 4.0.1 (/opt/ros/iron/share/rosidl_generator_cpp/cmake)
[2.092s] -- Using all available rosidl_typesupport_c: rosidl_typesupport_fastrtps_c;rosidl_typesupport_introspection_c
[2.133s] -- Using all available rosidl_typesupport_cpp: rosidl_typesupport_fastrtps_cpp;rosidl_typesupport_introspection_cpp
[2.468s] -- Found rmw_implementation_cmake: 7.1.0 (/opt/ros/iron/share/rmw_implementation_cmake/cmake)
[2.473s] -- Found rmw_fastrtps_cpp: 7.1.4 (/opt/ros/iron/share/rmw_fastrtps_cpp/cmake)
[2.697s] -- Found OpenSSL: /usr/lib/aarch64-linux-gnu/libcrypto.so (found version "3.0.2")  
[2.762s] -- Found FastRTPS: /opt/ros/iron/include  
[2.864s] -- Using RMW implementation 'rmw_fastrtps_cpp' as default
[3.430s] -- Found std_msgs: 5.0.1 (/opt/ros/iron/share/std_msgs/cmake)
[3.501s] -- Found ament_lint_auto: 0.14.4 (/opt/ros/iron/share/ament_lint_auto/cmake)
[3.838s] -- Added test 'lint_cmake' to check CMake code style
[3.840s] -- Added test 'xmllint' to check XML markup files
[3.844s] -- Configuring done
[3.856s] -- Generating done
[3.861s] -- Build files have been written to: /home/matthew/ros2_ws/build/my_robot_description
[3.899s] Invoked command in '/home/matthew/ros2_ws/build/my_robot_description' returned '0': CMAKE_PREFIX_PATH=${CMAKE_PREFIX_PATH}:/home/matthew/ros2_ws/install/static_tf:/home/matthew/ros2_ws/install/motorcontrol:/home/matthew/ros2_ws/src/install/gazebo_robot_package:/opt/ros/iron /usr/bin/cmake /home/matthew/ros2_ws/src/my_robot_description -DAMENT_CMAKE_SYMLINK_INSTALL=1 -DCMAKE_INSTALL_PREFIX=/home/matthew/ros2_ws/install/my_robot_description
[3.900s] Invoking command in '/home/matthew/ros2_ws/build/my_robot_description': CMAKE_PREFIX_PATH=${CMAKE_PREFIX_PATH}:/home/matthew/ros2_ws/install/static_tf:/home/matthew/ros2_ws/install/motorcontrol:/home/matthew/ros2_ws/src/install/gazebo_robot_package:/opt/ros/iron /usr/bin/cmake --build /home/matthew/ros2_ws/build/my_robot_description -- -j6 -l6
[4.120s] Invoked command in '/home/matthew/ros2_ws/build/my_robot_description' returned '0': CMAKE_PREFIX_PATH=${CMAKE_PREFIX_PATH}:/home/matthew/ros2_ws/install/static_tf:/home/matthew/ros2_ws/install/motorcontrol:/home/matthew/ros2_ws/src/install/gazebo_robot_package:/opt/ros/iron /usr/bin/cmake --build /home/matthew/ros2_ws/build/my_robot_description -- -j6 -l6
[4.167s] Invoking command in '/home/matthew/ros2_ws/build/my_robot_description': CMAKE_PREFIX_PATH=${CMAKE_PREFIX_PATH}:/home/matthew/ros2_ws/install/static_tf:/home/matthew/ros2_ws/install/motorcontrol:/home/matthew/ros2_ws/src/install/gazebo_robot_package:/opt/ros/iron /usr/bin/cmake --install /home/matthew/ros2_ws/build/my_robot_description
[4.194s] -- Install configuration: ""
[4.194s] -- Execute custom install script
[4.195s] -- Symlinking: /home/matthew/ros2_ws/install/my_robot_description/share/ament_index/resource_index/package_run_dependencies/my_robot_description
[4.242s] -- Symlinking: /home/matthew/ros2_ws/install/my_robot_description/share/ament_index/resource_index/parent_prefix_path/my_robot_description
[4.269s] -- Symlinking: /home/matthew/ros2_ws/install/my_robot_description/share/my_robot_description/environment/ament_prefix_path.sh
[4.312s] -- Symlinking: /home/matthew/ros2_ws/install/my_robot_description/share/my_robot_description/environment/ament_prefix_path.dsv
[4.357s] -- Symlinking: /home/matthew/ros2_ws/install/my_robot_description/share/my_robot_description/environment/path.sh
[4.411s] -- Symlinking: /home/matthew/ros2_ws/install/my_robot_description/share/my_robot_description/environment/path.dsv
[4.471s] -- Symlinking: /home/matthew/ros2_ws/install/my_robot_description/share/my_robot_description/local_setup.bash
[4.505s] -- Symlinking: /home/matthew/ros2_ws/install/my_robot_description/share/my_robot_description/local_setup.sh
[4.533s] -- Symlinking: /home/matthew/ros2_ws/install/my_robot_description/share/my_robot_description/local_setup.zsh
[4.573s] -- Symlinking: /home/matthew/ros2_ws/install/my_robot_description/share/my_robot_description/local_setup.dsv
[4.623s] -- Symlinking: /home/matthew/ros2_ws/install/my_robot_description/share/my_robot_description/package.dsv
[4.676s] -- Symlinking: /home/matthew/ros2_ws/install/my_robot_description/share/ament_index/resource_index/packages/my_robot_description
[4.724s] -- Symlinking: /home/matthew/ros2_ws/install/my_robot_description/share/my_robot_description/cmake/my_robot_descriptionConfig.cmake
[4.772s] -- Symlinking: /home/matthew/ros2_ws/install/my_robot_description/share/my_robot_description/cmake/my_robot_descriptionConfig-version.cmake
[4.798s] -- Symlinking: /home/matthew/ros2_ws/install/my_robot_description/share/my_robot_description/package.xml
[4.822s] Invoked command in '/home/matthew/ros2_ws/build/my_robot_description' returned '0': CMAKE_PREFIX_PATH=${CMAKE_PREFIX_PATH}:/home/matthew/ros2_ws/install/static_tf:/home/matthew/ros2_ws/install/motorcontrol:/home/matthew/ros2_ws/src/install/gazebo_robot_package:/opt/ros/iron /usr/bin/cmake --install /home/matthew/ros2_ws/build/my_robot_description
