[0.082s] Invoking command in '/home/matthew/nav2_ws/build/nav2_behaviors': AMENT_PREFIX_PATH=/home/matthew/nav2_ws/install/nav2_core:/home/matthew/nav2_ws/install/nav2_costmap_2d:/home/matthew/nav2_ws/install/nav2_map_server:/home/matthew/nav2_ws/install/nav2_lifecycle_manager:/home/matthew/nav2_ws/install/nav2_behavior_tree:/home/matthew/nav2_ws/install/nav2_util:/home/matthew/nav2_ws/install/nav2_voxel_grid:/home/matthew/nav2_ws/install/nav2_msgs:/home/matthew/nav2_ws/install/nav2_common:${AMENT_PREFIX_PATH} CMAKE_PREFIX_PATH=/home/matthew/nav2_ws/install/nav2_core:/home/matthew/nav2_ws/install/nav2_costmap_2d:/home/matthew/nav2_ws/install/nav2_map_server:/home/matthew/nav2_ws/install/nav2_lifecycle_manager:/home/matthew/nav2_ws/install/nav2_behavior_tree:/home/matthew/nav2_ws/install/nav2_util:/home/matthew/nav2_ws/install/nav2_voxel_grid:/home/matthew/nav2_ws/install/nav2_msgs:/home/matthew/nav2_ws/install/nav2_common:/opt/ros/iron LD_LIBRARY_PATH=/home/matthew/nav2_ws/install/nav2_costmap_2d/lib:/home/matthew/nav2_ws/install/nav2_map_server/lib:/home/matthew/nav2_ws/install/nav2_lifecycle_manager/lib:/home/matthew/nav2_ws/install/nav2_behavior_tree/lib:/home/matthew/nav2_ws/install/nav2_util/lib:/home/matthew/nav2_ws/install/nav2_voxel_grid/lib:/home/matthew/nav2_ws/install/nav2_msgs/lib:${LD_LIBRARY_PATH} PYTHONPATH=/home/matthew/nav2_ws/install/nav2_msgs/lib/python3.10/site-packages:/home/matthew/nav2_ws/install/nav2_common/lib/python3.10/site-packages:${PYTHONPATH} /usr/bin/cmake --build /home/matthew/nav2_ws/build/nav2_behaviors -- -j6 -l6
[0.255s] [35m[1mConsolidate compiler generated dependencies of target nav2_spin_behavior[0m
[0.257s] [35m[1mConsolidate compiler generated dependencies of target nav2_wait_behavior[0m
[0.293s] [35m[1mConsolidate compiler generated dependencies of target behavior_server_core[0m
[0.293s] [35m[1mConsolidate compiler generated dependencies of target nav2_back_up_behavior[0m
[0.320s] [35m[1mConsolidate compiler generated dependencies of target nav2_drive_on_heading_behavior[0m
[0.353s] [35m[1mConsolidate compiler generated dependencies of target nav2_assisted_teleop_behavior[0m
[0.414s] [ 10%] Built target nav2_spin_behavior
[0.419s] [ 20%] Built target nav2_wait_behavior
[0.436s] [ 30%] Built target nav2_back_up_behavior
[0.453s] [ 40%] Built target nav2_drive_on_heading_behavior
[0.468s] [ 50%] Built target nav2_assisted_teleop_behavior
[0.484s] [ 60%] Built target behavior_server_core
[0.500s] [35m[1mConsolidate compiler generated dependencies of target gtest[0m
[0.513s] [35m[1mConsolidate compiler generated dependencies of target gtest_main[0m
[0.558s] [ 70%] Built target gtest
[0.570s] [35m[1mConsolidate compiler generated dependencies of target behavior_server[0m
[0.573s] [ 80%] Built target gtest_main
[0.625s] [ 90%] Built target behavior_server
[0.633s] [35m[1mConsolidate compiler generated dependencies of target test_behaviors[0m
[0.705s] [100%] Built target test_behaviors
[0.753s] Invoked command in '/home/matthew/nav2_ws/build/nav2_behaviors' returned '0': AMENT_PREFIX_PATH=/home/matthew/nav2_ws/install/nav2_core:/home/matthew/nav2_ws/install/nav2_costmap_2d:/home/matthew/nav2_ws/install/nav2_map_server:/home/matthew/nav2_ws/install/nav2_lifecycle_manager:/home/matthew/nav2_ws/install/nav2_behavior_tree:/home/matthew/nav2_ws/install/nav2_util:/home/matthew/nav2_ws/install/nav2_voxel_grid:/home/matthew/nav2_ws/install/nav2_msgs:/home/matthew/nav2_ws/install/nav2_common:${AMENT_PREFIX_PATH} CMAKE_PREFIX_PATH=/home/matthew/nav2_ws/install/nav2_core:/home/matthew/nav2_ws/install/nav2_costmap_2d:/home/matthew/nav2_ws/install/nav2_map_server:/home/matthew/nav2_ws/install/nav2_lifecycle_manager:/home/matthew/nav2_ws/install/nav2_behavior_tree:/home/matthew/nav2_ws/install/nav2_util:/home/matthew/nav2_ws/install/nav2_voxel_grid:/home/matthew/nav2_ws/install/nav2_msgs:/home/matthew/nav2_ws/install/nav2_common:/opt/ros/iron LD_LIBRARY_PATH=/home/matthew/nav2_ws/install/nav2_costmap_2d/lib:/home/matthew/nav2_ws/install/nav2_map_server/lib:/home/matthew/nav2_ws/install/nav2_lifecycle_manager/lib:/home/matthew/nav2_ws/install/nav2_behavior_tree/lib:/home/matthew/nav2_ws/install/nav2_util/lib:/home/matthew/nav2_ws/install/nav2_voxel_grid/lib:/home/matthew/nav2_ws/install/nav2_msgs/lib:${LD_LIBRARY_PATH} PYTHONPATH=/home/matthew/nav2_ws/install/nav2_msgs/lib/python3.10/site-packages:/home/matthew/nav2_ws/install/nav2_common/lib/python3.10/site-packages:${PYTHONPATH} /usr/bin/cmake --build /home/matthew/nav2_ws/build/nav2_behaviors -- -j6 -l6
[0.793s] Invoking command in '/home/matthew/nav2_ws/build/nav2_behaviors': AMENT_PREFIX_PATH=/home/matthew/nav2_ws/install/nav2_core:/home/matthew/nav2_ws/install/nav2_costmap_2d:/home/matthew/nav2_ws/install/nav2_map_server:/home/matthew/nav2_ws/install/nav2_lifecycle_manager:/home/matthew/nav2_ws/install/nav2_behavior_tree:/home/matthew/nav2_ws/install/nav2_util:/home/matthew/nav2_ws/install/nav2_voxel_grid:/home/matthew/nav2_ws/install/nav2_msgs:/home/matthew/nav2_ws/install/nav2_common:${AMENT_PREFIX_PATH} CMAKE_PREFIX_PATH=/home/matthew/nav2_ws/install/nav2_core:/home/matthew/nav2_ws/install/nav2_costmap_2d:/home/matthew/nav2_ws/install/nav2_map_server:/home/matthew/nav2_ws/install/nav2_lifecycle_manager:/home/matthew/nav2_ws/install/nav2_behavior_tree:/home/matthew/nav2_ws/install/nav2_util:/home/matthew/nav2_ws/install/nav2_voxel_grid:/home/matthew/nav2_ws/install/nav2_msgs:/home/matthew/nav2_ws/install/nav2_common:/opt/ros/iron LD_LIBRARY_PATH=/home/matthew/nav2_ws/install/nav2_costmap_2d/lib:/home/matthew/nav2_ws/install/nav2_map_server/lib:/home/matthew/nav2_ws/install/nav2_lifecycle_manager/lib:/home/matthew/nav2_ws/install/nav2_behavior_tree/lib:/home/matthew/nav2_ws/install/nav2_util/lib:/home/matthew/nav2_ws/install/nav2_voxel_grid/lib:/home/matthew/nav2_ws/install/nav2_msgs/lib:${LD_LIBRARY_PATH} PYTHONPATH=/home/matthew/nav2_ws/install/nav2_msgs/lib/python3.10/site-packages:/home/matthew/nav2_ws/install/nav2_common/lib/python3.10/site-packages:${PYTHONPATH} /usr/bin/cmake --install /home/matthew/nav2_ws/build/nav2_behaviors
[1.006s] -- Install configuration: "Release"
[1.006s] -- Execute custom install script
[1.008s] -- Up-to-date symlink: /home/matthew/nav2_ws/install/nav2_behaviors/share/nav2_behaviors//behavior_plugin.xml
[1.008s] -- Up-to-date symlink: /home/matthew/nav2_ws/install/nav2_behaviors/lib/libbehavior_server_core.so
[1.009s] -- Up-to-date symlink: /home/matthew/nav2_ws/install/nav2_behaviors/lib/libnav2_spin_behavior.so
[1.009s] -- Up-to-date symlink: /home/matthew/nav2_ws/install/nav2_behaviors/lib/libnav2_wait_behavior.so
[1.010s] -- Up-to-date symlink: /home/matthew/nav2_ws/install/nav2_behaviors/lib/libnav2_assisted_teleop_behavior.so
[1.013s] -- Up-to-date symlink: /home/matthew/nav2_ws/install/nav2_behaviors/lib/libnav2_drive_on_heading_behavior.so
[1.013s] -- Up-to-date symlink: /home/matthew/nav2_ws/install/nav2_behaviors/lib/libnav2_back_up_behavior.so
[1.014s] -- Up-to-date symlink: /home/matthew/nav2_ws/install/nav2_behaviors/lib/nav2_behaviors/behavior_server
[1.015s] -- Up-to-date symlink: /home/matthew/nav2_ws/install/nav2_behaviors/include//nav2_behaviors/behavior_server.hpp
[1.015s] -- Up-to-date symlink: /home/matthew/nav2_ws/install/nav2_behaviors/include//nav2_behaviors/plugins/assisted_teleop.hpp
[1.025s] -- Up-to-date symlink: /home/matthew/nav2_ws/install/nav2_behaviors/include//nav2_behaviors/plugins/back_up.hpp
[1.026s] -- Up-to-date symlink: /home/matthew/nav2_ws/install/nav2_behaviors/include//nav2_behaviors/plugins/drive_on_heading.hpp
[1.028s] -- Up-to-date symlink: /home/matthew/nav2_ws/install/nav2_behaviors/include//nav2_behaviors/plugins/spin.hpp
[1.030s] -- Up-to-date symlink: /home/matthew/nav2_ws/install/nav2_behaviors/include//nav2_behaviors/plugins/wait.hpp
[1.031s] -- Up-to-date symlink: /home/matthew/nav2_ws/install/nav2_behaviors/include//nav2_behaviors/timed_behavior.hpp
[1.031s] -- Up-to-date symlink: /home/matthew/nav2_ws/install/nav2_behaviors/share/nav2_behaviors/behavior_plugin.xml
[1.031s] -- Up-to-date symlink: /home/matthew/nav2_ws/install/nav2_behaviors/share/nav2_behaviors/plugins//assisted_teleop.cpp
[1.032s] -- Up-to-date symlink: /home/matthew/nav2_ws/install/nav2_behaviors/share/nav2_behaviors/plugins//back_up.cpp
[1.032s] -- Up-to-date symlink: /home/matthew/nav2_ws/install/nav2_behaviors/share/nav2_behaviors/plugins//drive_on_heading.cpp
[1.032s] -- Up-to-date symlink: /home/matthew/nav2_ws/install/nav2_behaviors/share/nav2_behaviors/plugins//spin.cpp
[1.032s] -- Up-to-date symlink: /home/matthew/nav2_ws/install/nav2_behaviors/share/nav2_behaviors/plugins//wait.cpp
[1.033s] -- Up-to-date symlink: /home/matthew/nav2_ws/install/nav2_behaviors/share/nav2_behaviors/environment/library_path.sh
[1.033s] -- Up-to-date symlink: /home/matthew/nav2_ws/install/nav2_behaviors/share/nav2_behaviors/environment/library_path.dsv
[1.035s] -- Up-to-date symlink: /home/matthew/nav2_ws/install/nav2_behaviors/share/ament_index/resource_index/package_run_dependencies/nav2_behaviors
[1.035s] -- Up-to-date symlink: /home/matthew/nav2_ws/install/nav2_behaviors/share/ament_index/resource_index/parent_prefix_path/nav2_behaviors
[1.035s] -- Up-to-date symlink: /home/matthew/nav2_ws/install/nav2_behaviors/share/nav2_behaviors/environment/ament_prefix_path.sh
[1.035s] -- Up-to-date symlink: /home/matthew/nav2_ws/install/nav2_behaviors/share/nav2_behaviors/environment/ament_prefix_path.dsv
[1.035s] -- Up-to-date symlink: /home/matthew/nav2_ws/install/nav2_behaviors/share/nav2_behaviors/environment/path.sh
[1.036s] -- Up-to-date symlink: /home/matthew/nav2_ws/install/nav2_behaviors/share/nav2_behaviors/environment/path.dsv
[1.036s] -- Up-to-date symlink: /home/matthew/nav2_ws/install/nav2_behaviors/share/nav2_behaviors/local_setup.bash
[1.037s] -- Up-to-date symlink: /home/matthew/nav2_ws/install/nav2_behaviors/share/nav2_behaviors/local_setup.sh
[1.037s] -- Up-to-date symlink: /home/matthew/nav2_ws/install/nav2_behaviors/share/nav2_behaviors/local_setup.zsh
[1.037s] -- Up-to-date symlink: /home/matthew/nav2_ws/install/nav2_behaviors/share/nav2_behaviors/local_setup.dsv
[1.037s] -- Symlinking: /home/matthew/nav2_ws/install/nav2_behaviors/share/nav2_behaviors/package.dsv
[1.062s] -- Up-to-date symlink: /home/matthew/nav2_ws/install/nav2_behaviors/share/ament_index/resource_index/packages/nav2_behaviors
[1.063s] -- Up-to-date symlink: /home/matthew/nav2_ws/install/nav2_behaviors/share/ament_index/resource_index/nav2_core__pluginlib__plugin/nav2_behaviors
[1.069s] -- Up-to-date symlink: /home/matthew/nav2_ws/install/nav2_behaviors/share/ament_index/resource_index/rclcpp_components/nav2_behaviors
[1.073s] -- Up-to-date symlink: /home/matthew/nav2_ws/install/nav2_behaviors/share/nav2_behaviors/cmake/ament_cmake_export_include_directories-extras.cmake
[1.073s] -- Up-to-date symlink: /home/matthew/nav2_ws/install/nav2_behaviors/share/nav2_behaviors/cmake/ament_cmake_export_libraries-extras.cmake
[1.080s] -- Up-to-date symlink: /home/matthew/nav2_ws/install/nav2_behaviors/share/nav2_behaviors/cmake/ament_cmake_export_dependencies-extras.cmake
[1.081s] -- Up-to-date symlink: /home/matthew/nav2_ws/install/nav2_behaviors/share/nav2_behaviors/cmake/nav2_behaviorsConfig.cmake
[1.081s] -- Up-to-date symlink: /home/matthew/nav2_ws/install/nav2_behaviors/share/nav2_behaviors/cmake/nav2_behaviorsConfig-version.cmake
[1.081s] -- Up-to-date symlink: /home/matthew/nav2_ws/install/nav2_behaviors/share/nav2_behaviors/package.xml
[1.306s] Invoked command in '/home/matthew/nav2_ws/build/nav2_behaviors' returned '0': AMENT_PREFIX_PATH=/home/matthew/nav2_ws/install/nav2_core:/home/matthew/nav2_ws/install/nav2_costmap_2d:/home/matthew/nav2_ws/install/nav2_map_server:/home/matthew/nav2_ws/install/nav2_lifecycle_manager:/home/matthew/nav2_ws/install/nav2_behavior_tree:/home/matthew/nav2_ws/install/nav2_util:/home/matthew/nav2_ws/install/nav2_voxel_grid:/home/matthew/nav2_ws/install/nav2_msgs:/home/matthew/nav2_ws/install/nav2_common:${AMENT_PREFIX_PATH} CMAKE_PREFIX_PATH=/home/matthew/nav2_ws/install/nav2_core:/home/matthew/nav2_ws/install/nav2_costmap_2d:/home/matthew/nav2_ws/install/nav2_map_server:/home/matthew/nav2_ws/install/nav2_lifecycle_manager:/home/matthew/nav2_ws/install/nav2_behavior_tree:/home/matthew/nav2_ws/install/nav2_util:/home/matthew/nav2_ws/install/nav2_voxel_grid:/home/matthew/nav2_ws/install/nav2_msgs:/home/matthew/nav2_ws/install/nav2_common:/opt/ros/iron LD_LIBRARY_PATH=/home/matthew/nav2_ws/install/nav2_costmap_2d/lib:/home/matthew/nav2_ws/install/nav2_map_server/lib:/home/matthew/nav2_ws/install/nav2_lifecycle_manager/lib:/home/matthew/nav2_ws/install/nav2_behavior_tree/lib:/home/matthew/nav2_ws/install/nav2_util/lib:/home/matthew/nav2_ws/install/nav2_voxel_grid/lib:/home/matthew/nav2_ws/install/nav2_msgs/lib:${LD_LIBRARY_PATH} PYTHONPATH=/home/matthew/nav2_ws/install/nav2_msgs/lib/python3.10/site-packages:/home/matthew/nav2_ws/install/nav2_common/lib/python3.10/site-packages:${PYTHONPATH} /usr/bin/cmake --install /home/matthew/nav2_ws/build/nav2_behaviors
