[0.083s] Invoking command in '/home/matthew/nav2_ws/build/nav2_minimal_tb3_sim': CMAKE_PREFIX_PATH=${CMAKE_PREFIX_PATH}:/opt/ros/iron /usr/bin/cmake /home/matthew/nav2_ws/src/nav2_minimal_turtlebot_simulation/nav2_minimal_tb3_sim -DAMENT_CMAKE_SYMLINK_INSTALL=1 -DCMAKE_INSTALL_PREFIX=/home/matthew/nav2_ws/install/nav2_minimal_tb3_sim
[0.631s] -- The C compiler identification is GNU 11.4.0
[1.038s] -- The CXX compiler identification is GNU 11.4.0
[1.063s] -- Detecting C compiler ABI info
[1.204s] -- Detecting C compiler ABI info - done
[1.217s] -- Check for working C compiler: /usr/bin/cc - skipped
[1.220s] -- Detecting C compile features
[1.222s] -- Detecting C compile features - done
[1.232s] -- Detecting CXX compiler ABI info
[1.393s] -- Detecting CXX compiler ABI info - done
[1.397s] -- Check for working CXX compiler: /usr/bin/c++ - skipped
[1.399s] -- Detecting CXX compile features
[1.405s] -- Detecting CXX compile features - done
[1.418s] -- Found ament_cmake: 2.0.7 (/opt/ros/iron/share/ament_cmake/cmake)
[1.869s] -- Found Python3: /usr/bin/python3.10 (found version "3.10.12") found components: Interpreter 
[2.050s] -- Override CMake install command with custom implementation using symlinks instead of copying resources
[2.175s] -- Found ament_lint_auto: 0.14.4 (/opt/ros/iron/share/ament_lint_auto/cmake)
[2.416s] -- Added test 'copyright' to check source files copyright and LICENSE
[2.425s] -- Added test 'flake8' to check Python code syntax and style conventions
[2.426s] -- Configured 'flake8' exclude dirs and/or files: 
[2.429s] -- Added test 'lint_cmake' to check CMake code style
[2.434s] -- Added test 'pep257' to check Python code against some of the docstring style conventions in PEP 257
[2.436s] -- Added test 'xmllint' to check XML markup files
[2.442s] -- Configuring done
[2.451s] -- Generating done
[2.459s] -- Build files have been written to: /home/matthew/nav2_ws/build/nav2_minimal_tb3_sim
[2.473s] Invoked command in '/home/matthew/nav2_ws/build/nav2_minimal_tb3_sim' returned '0': CMAKE_PREFIX_PATH=${CMAKE_PREFIX_PATH}:/opt/ros/iron /usr/bin/cmake /home/matthew/nav2_ws/src/nav2_minimal_turtlebot_simulation/nav2_minimal_tb3_sim -DAMENT_CMAKE_SYMLINK_INSTALL=1 -DCMAKE_INSTALL_PREFIX=/home/matthew/nav2_ws/install/nav2_minimal_tb3_sim
[2.477s] Invoking command in '/home/matthew/nav2_ws/build/nav2_minimal_tb3_sim': CMAKE_PREFIX_PATH=${CMAKE_PREFIX_PATH}:/opt/ros/iron /usr/bin/cmake --build /home/matthew/nav2_ws/build/nav2_minimal_tb3_sim -- -j6 -l6
[2.567s] Invoked command in '/home/matthew/nav2_ws/build/nav2_minimal_tb3_sim' returned '0': CMAKE_PREFIX_PATH=${CMAKE_PREFIX_PATH}:/opt/ros/iron /usr/bin/cmake --build /home/matthew/nav2_ws/build/nav2_minimal_tb3_sim -- -j6 -l6
[2.570s] Invoking command in '/home/matthew/nav2_ws/build/nav2_minimal_tb3_sim': CMAKE_PREFIX_PATH=${CMAKE_PREFIX_PATH}:/opt/ros/iron /usr/bin/cmake --install /home/matthew/nav2_ws/build/nav2_minimal_tb3_sim
[2.580s] -- Install configuration: ""
[2.582s] -- Execute custom install script
[2.583s] -- Symlinking: /home/matthew/nav2_ws/install/nav2_minimal_tb3_sim/share/nav2_minimal_tb3_sim/configs/turtlebot3_waffle_bridge.yaml
[2.605s] -- Symlinking: /home/matthew/nav2_ws/install/nav2_minimal_tb3_sim/share/nav2_minimal_tb3_sim/configs/turtlebot3_waffle_gps_bridge.yaml
[2.620s] -- Symlinking: /home/matthew/nav2_ws/install/nav2_minimal_tb3_sim/share/nav2_minimal_tb3_sim/launch/spawn_tb3.launch.py
[2.638s] -- Symlinking: /home/matthew/nav2_ws/install/nav2_minimal_tb3_sim/share/nav2_minimal_tb3_sim/launch/spawn_tb3_gps.launch.py
[2.657s] -- Symlinking: /home/matthew/nav2_ws/install/nav2_minimal_tb3_sim/share/nav2_minimal_tb3_sim/worlds/tb3_empty_world.sdf.xacro
[2.668s] -- Symlinking: /home/matthew/nav2_ws/install/nav2_minimal_tb3_sim/share/nav2_minimal_tb3_sim/worlds/tb3_sandbox.sdf.xacro
[2.688s] -- Symlinking: /home/matthew/nav2_ws/install/nav2_minimal_tb3_sim/share/nav2_minimal_tb3_sim/urdf/gz_waffle.sdf.xacro
[2.708s] -- Symlinking: /home/matthew/nav2_ws/install/nav2_minimal_tb3_sim/share/nav2_minimal_tb3_sim/urdf/gz_waffle_gps.sdf.xacro
[2.725s] -- Symlinking: /home/matthew/nav2_ws/install/nav2_minimal_tb3_sim/share/nav2_minimal_tb3_sim/urdf/turtlebot3_waffle.urdf
[2.744s] -- Symlinking: /home/matthew/nav2_ws/install/nav2_minimal_tb3_sim/share/nav2_minimal_tb3_sim/urdf/turtlebot3_waffle_gps.urdf
[2.761s] -- Symlinking: /home/matthew/nav2_ws/install/nav2_minimal_tb3_sim/share/nav2_minimal_tb3_sim/models/turtlebot3_model/meshes/lds.dae
[2.787s] -- Symlinking: /home/matthew/nav2_ws/install/nav2_minimal_tb3_sim/share/nav2_minimal_tb3_sim/models/turtlebot3_model/meshes/r200.dae
[2.801s] -- Symlinking: /home/matthew/nav2_ws/install/nav2_minimal_tb3_sim/share/nav2_minimal_tb3_sim/models/turtlebot3_model/meshes/tire.dae
[2.820s] -- Symlinking: /home/matthew/nav2_ws/install/nav2_minimal_tb3_sim/share/nav2_minimal_tb3_sim/models/turtlebot3_model/meshes/waffle_base.dae
[2.839s] -- Symlinking: /home/matthew/nav2_ws/install/nav2_minimal_tb3_sim/share/nav2_minimal_tb3_sim/models/turtlebot3_model/model.config
[2.859s] -- Symlinking: /home/matthew/nav2_ws/install/nav2_minimal_tb3_sim/share/nav2_minimal_tb3_sim/models/turtlebot3_world/meshes/hexagon.dae
[2.888s] -- Symlinking: /home/matthew/nav2_ws/install/nav2_minimal_tb3_sim/share/nav2_minimal_tb3_sim/models/turtlebot3_world/meshes/wall.dae
[2.904s] -- Symlinking: /home/matthew/nav2_ws/install/nav2_minimal_tb3_sim/share/nav2_minimal_tb3_sim/models/turtlebot3_world/model-1_4.sdf
[2.931s] -- Symlinking: /home/matthew/nav2_ws/install/nav2_minimal_tb3_sim/share/nav2_minimal_tb3_sim/models/turtlebot3_world/model.config
[2.949s] -- Symlinking: /home/matthew/nav2_ws/install/nav2_minimal_tb3_sim/share/nav2_minimal_tb3_sim/models/turtlebot3_world/model.sdf
[2.968s] -- Symlinking: /home/matthew/nav2_ws/install/nav2_minimal_tb3_sim/share/ament_index/resource_index/package_run_dependencies/nav2_minimal_tb3_sim
[2.991s] -- Symlinking: /home/matthew/nav2_ws/install/nav2_minimal_tb3_sim/share/ament_index/resource_index/parent_prefix_path/nav2_minimal_tb3_sim
[3.011s] -- Symlinking: /home/matthew/nav2_ws/install/nav2_minimal_tb3_sim/share/nav2_minimal_tb3_sim/environment/ament_prefix_path.sh
[3.031s] -- Symlinking: /home/matthew/nav2_ws/install/nav2_minimal_tb3_sim/share/nav2_minimal_tb3_sim/environment/ament_prefix_path.dsv
[3.049s] -- Symlinking: /home/matthew/nav2_ws/install/nav2_minimal_tb3_sim/share/nav2_minimal_tb3_sim/environment/path.sh
[3.070s] -- Symlinking: /home/matthew/nav2_ws/install/nav2_minimal_tb3_sim/share/nav2_minimal_tb3_sim/environment/path.dsv
[3.088s] -- Symlinking: /home/matthew/nav2_ws/install/nav2_minimal_tb3_sim/share/nav2_minimal_tb3_sim/local_setup.bash
[3.109s] -- Symlinking: /home/matthew/nav2_ws/install/nav2_minimal_tb3_sim/share/nav2_minimal_tb3_sim/local_setup.sh
[3.128s] -- Symlinking: /home/matthew/nav2_ws/install/nav2_minimal_tb3_sim/share/nav2_minimal_tb3_sim/local_setup.zsh
[3.154s] -- Symlinking: /home/matthew/nav2_ws/install/nav2_minimal_tb3_sim/share/nav2_minimal_tb3_sim/local_setup.dsv
[3.180s] -- Symlinking: /home/matthew/nav2_ws/install/nav2_minimal_tb3_sim/share/nav2_minimal_tb3_sim/package.dsv
[3.202s] -- Symlinking: /home/matthew/nav2_ws/install/nav2_minimal_tb3_sim/share/ament_index/resource_index/packages/nav2_minimal_tb3_sim
[3.231s] -- Symlinking: /home/matthew/nav2_ws/install/nav2_minimal_tb3_sim/share/nav2_minimal_tb3_sim/cmake/nav2_minimal_tb3_simConfig.cmake
[3.248s] -- Symlinking: /home/matthew/nav2_ws/install/nav2_minimal_tb3_sim/share/nav2_minimal_tb3_sim/cmake/nav2_minimal_tb3_simConfig-version.cmake
[3.271s] -- Symlinking: /home/matthew/nav2_ws/install/nav2_minimal_tb3_sim/share/nav2_minimal_tb3_sim/package.xml
[3.620s] Invoked command in '/home/matthew/nav2_ws/build/nav2_minimal_tb3_sim' returned '0': CMAKE_PREFIX_PATH=${CMAKE_PREFIX_PATH}:/opt/ros/iron /usr/bin/cmake --install /home/matthew/nav2_ws/build/nav2_minimal_tb3_sim
