[0.040s] Invoking command in '/home/matthew/ros2_ws/build/ros2_laser_scan_matcher': AMENT_PREFIX_PATH=/home/matthew/ros2_ws/install/csm:${AMENT_PREFIX_PATH} CMAKE_PREFIX_PATH=/home/matthew/ros2_ws/install/csm:/opt/ros/iron LD_LIBRARY_PATH=/home/matthew/ros2_ws/install/csm/lib:${LD_LIBRARY_PATH} /usr/bin/cmake /home/matthew/ros2_ws/src/ros2_laser_scan_matcher -DCMAKE_INSTALL_PREFIX=/home/matthew/ros2_ws/install/ros2_laser_scan_matcher
[0.069s] -- Found ament_cmake: 2.0.7 (/opt/ros/iron/share/ament_cmake/cmake)
[0.463s] -- Override CMake install command with custom implementation using symlinks instead of copying resources
[0.465s] -- Found sensor_msgs: 5.0.1 (/opt/ros/iron/share/sensor_msgs/cmake)
[0.520s] -- Found rosidl_generator_c: 4.0.1 (/opt/ros/iron/share/rosidl_generator_c/cmake)
[0.541s] -- Found rosidl_generator_cpp: 4.0.1 (/opt/ros/iron/share/rosidl_generator_cpp/cmake)
[0.572s] -- Using all available rosidl_typesupport_c: rosidl_typesupport_fastrtps_c;rosidl_typesupport_introspection_c
[0.607s] -- Using all available rosidl_typesupport_cpp: rosidl_typesupport_fastrtps_cpp;rosidl_typesupport_introspection_cpp
[1.040s] -- Found rclcpp: 21.0.8 (/opt/ros/iron/share/rclcpp/cmake)
[1.250s] -- Found rmw_implementation_cmake: 7.1.0 (/opt/ros/iron/share/rmw_implementation_cmake/cmake)
[1.253s] -- Found rmw_fastrtps_cpp: 7.1.4 (/opt/ros/iron/share/rmw_fastrtps_cpp/cmake)
[1.550s] -- Using RMW implementation 'rmw_fastrtps_cpp' as default
[1.908s] -- Found nav_msgs: 5.0.1 (/opt/ros/iron/share/nav_msgs/cmake)
[2.142s] -- Found tf2_ros: 0.31.8 (/opt/ros/iron/share/tf2_ros/cmake)
[2.961s] -- Found tf2_geometry_msgs: 0.31.8 (/opt/ros/iron/share/tf2_geometry_msgs/cmake)
[2.969s] -- Found eigen3_cmake_module: 0.2.2 (/opt/ros/iron/share/eigen3_cmake_module/cmake)
[2.972s] -- Ensuring Eigen3 include directory is part of orocos-kdl CMake target
[2.999s] -- Found csm: 0.0.0 (/home/matthew/ros2_ws/install/csm/share/csm/cmake)
[3.180s] -- Configuring done
[3.215s] -- Generating done
[3.225s] -- Build files have been written to: /home/matthew/ros2_ws/build/ros2_laser_scan_matcher
[3.255s] Invoked command in '/home/matthew/ros2_ws/build/ros2_laser_scan_matcher' returned '0': AMENT_PREFIX_PATH=/home/matthew/ros2_ws/install/csm:${AMENT_PREFIX_PATH} CMAKE_PREFIX_PATH=/home/matthew/ros2_ws/install/csm:/opt/ros/iron LD_LIBRARY_PATH=/home/matthew/ros2_ws/install/csm/lib:${LD_LIBRARY_PATH} /usr/bin/cmake /home/matthew/ros2_ws/src/ros2_laser_scan_matcher -DCMAKE_INSTALL_PREFIX=/home/matthew/ros2_ws/install/ros2_laser_scan_matcher
[3.256s] Invoking command in '/home/matthew/ros2_ws/build/ros2_laser_scan_matcher': AMENT_PREFIX_PATH=/home/matthew/ros2_ws/install/csm:${AMENT_PREFIX_PATH} CMAKE_PREFIX_PATH=/home/matthew/ros2_ws/install/csm:/opt/ros/iron LD_LIBRARY_PATH=/home/matthew/ros2_ws/install/csm/lib:${LD_LIBRARY_PATH} /usr/bin/cmake --build /home/matthew/ros2_ws/build/ros2_laser_scan_matcher -- -j6 -l6
[3.342s] [35m[1mConsolidate compiler generated dependencies of target laser_scan_matcher[0m
[3.400s] [100%] Built target laser_scan_matcher
[3.426s] Invoked command in '/home/matthew/ros2_ws/build/ros2_laser_scan_matcher' returned '0': AMENT_PREFIX_PATH=/home/matthew/ros2_ws/install/csm:${AMENT_PREFIX_PATH} CMAKE_PREFIX_PATH=/home/matthew/ros2_ws/install/csm:/opt/ros/iron LD_LIBRARY_PATH=/home/matthew/ros2_ws/install/csm/lib:${LD_LIBRARY_PATH} /usr/bin/cmake --build /home/matthew/ros2_ws/build/ros2_laser_scan_matcher -- -j6 -l6
[3.430s] Invoking command in '/home/matthew/ros2_ws/build/ros2_laser_scan_matcher': AMENT_PREFIX_PATH=/home/matthew/ros2_ws/install/csm:${AMENT_PREFIX_PATH} CMAKE_PREFIX_PATH=/home/matthew/ros2_ws/install/csm:/opt/ros/iron LD_LIBRARY_PATH=/home/matthew/ros2_ws/install/csm/lib:${LD_LIBRARY_PATH} /usr/bin/cmake --install /home/matthew/ros2_ws/build/ros2_laser_scan_matcher
[3.445s] -- Install configuration: ""
[3.446s] -- Execute custom install script
[3.446s] -- Up-to-date symlink: /home/matthew/ros2_ws/install/ros2_laser_scan_matcher/lib/ros2_laser_scan_matcher/laser_scan_matcher
[3.447s] -- Up-to-date symlink: /home/matthew/ros2_ws/install/ros2_laser_scan_matcher/share/ament_index/resource_index/package_run_dependencies/ros2_laser_scan_matcher
[3.447s] -- Up-to-date symlink: /home/matthew/ros2_ws/install/ros2_laser_scan_matcher/share/ament_index/resource_index/parent_prefix_path/ros2_laser_scan_matcher
[3.447s] -- Up-to-date symlink: /home/matthew/ros2_ws/install/ros2_laser_scan_matcher/share/ros2_laser_scan_matcher/environment/ament_prefix_path.sh
[3.448s] -- Up-to-date symlink: /home/matthew/ros2_ws/install/ros2_laser_scan_matcher/share/ros2_laser_scan_matcher/environment/ament_prefix_path.dsv
[3.448s] -- Up-to-date symlink: /home/matthew/ros2_ws/install/ros2_laser_scan_matcher/share/ros2_laser_scan_matcher/environment/path.sh
[3.449s] -- Up-to-date symlink: /home/matthew/ros2_ws/install/ros2_laser_scan_matcher/share/ros2_laser_scan_matcher/environment/path.dsv
[3.449s] -- Up-to-date symlink: /home/matthew/ros2_ws/install/ros2_laser_scan_matcher/share/ros2_laser_scan_matcher/local_setup.bash
[3.449s] -- Up-to-date symlink: /home/matthew/ros2_ws/install/ros2_laser_scan_matcher/share/ros2_laser_scan_matcher/local_setup.sh
[3.450s] -- Up-to-date symlink: /home/matthew/ros2_ws/install/ros2_laser_scan_matcher/share/ros2_laser_scan_matcher/local_setup.zsh
[3.450s] -- Up-to-date symlink: /home/matthew/ros2_ws/install/ros2_laser_scan_matcher/share/ros2_laser_scan_matcher/local_setup.dsv
[3.450s] -- Symlinking: /home/matthew/ros2_ws/install/ros2_laser_scan_matcher/share/ros2_laser_scan_matcher/package.dsv
[3.471s] -- Up-to-date symlink: /home/matthew/ros2_ws/install/ros2_laser_scan_matcher/share/ament_index/resource_index/packages/ros2_laser_scan_matcher
[3.471s] -- Up-to-date symlink: /home/matthew/ros2_ws/install/ros2_laser_scan_matcher/share/ros2_laser_scan_matcher/cmake/ros2_laser_scan_matcherConfig.cmake
[3.472s] -- Up-to-date symlink: /home/matthew/ros2_ws/install/ros2_laser_scan_matcher/share/ros2_laser_scan_matcher/cmake/ros2_laser_scan_matcherConfig-version.cmake
[3.472s] -- Up-to-date symlink: /home/matthew/ros2_ws/install/ros2_laser_scan_matcher/share/ros2_laser_scan_matcher/package.xml
[3.473s] -- Up-to-date symlink: /home/matthew/ros2_ws/install/ros2_laser_scan_matcher/share/ros2_laser_scan_matcher//launch/laser_scan_matcher_launch.py
[3.479s] Invoked command in '/home/matthew/ros2_ws/build/ros2_laser_scan_matcher' returned '0': AMENT_PREFIX_PATH=/home/matthew/ros2_ws/install/csm:${AMENT_PREFIX_PATH} CMAKE_PREFIX_PATH=/home/matthew/ros2_ws/install/csm:/opt/ros/iron LD_LIBRARY_PATH=/home/matthew/ros2_ws/install/csm/lib:${LD_LIBRARY_PATH} /usr/bin/cmake --install /home/matthew/ros2_ws/build/ros2_laser_scan_matcher
