[0.019s] Invoking command in '/home/matthew/nav2_ws/build/nav2_minimal_tb4_sim': AMENT_PREFIX_PATH=/home/matthew/nav2_ws/install/nav2_minimal_tb4_description:${AMENT_PREFIX_PATH} CMAKE_PREFIX_PATH=/home/matthew/nav2_ws/install/nav2_minimal_tb4_description:/home/matthew/ros2_ws/install/ros2_laser_scan_matcher:/home/matthew/ros2_ws/install/opennav_docking_core:/home/matthew/ros2_ws/install/my_robot_description:/home/matthew/ros2_ws/install/map_msgs:/home/matthew/ros2_ws/install/fake_odometry:/home/matthew/ros2_ws/install/dwb_msgs:/home/matthew/ros2_ws/install/csm:/opt/ros/iron /usr/bin/cmake /home/matthew/nav2_ws/src/nav2_minimal_turtlebot_simulation/nav2_minimal_tb4_sim -DAMENT_CMAKE_SYMLINK_INSTALL=1 -DCMAKE_INSTALL_PREFIX=/home/matthew/nav2_ws/install/nav2_minimal_tb4_sim
[0.132s] -- The C compiler identification is GNU 11.4.0
[0.242s] -- The CXX compiler identification is GNU 11.4.0
[0.263s] -- Detecting C compiler ABI info
[0.616s] -- Detecting C compiler ABI info - done
[0.652s] -- Check for working C compiler: /usr/bin/cc - skipped
[0.653s] -- Detecting C compile features
[0.655s] -- Detecting C compile features - done
[0.670s] -- Detecting CXX compiler ABI info
[0.970s] -- Detecting CXX compiler ABI info - done
[0.984s] -- Check for working CXX compiler: /usr/bin/c++ - skipped
[0.984s] -- Detecting CXX compile features
[0.985s] -- Detecting CXX compile features - done
[1.003s] -- Found ament_cmake: 2.0.7 (/opt/ros/iron/share/ament_cmake/cmake)
[1.611s] -- Found Python3: /usr/bin/python3.10 (found version "3.10.12") found components: Interpreter 
[1.794s] -- Override CMake install command with custom implementation using symlinks instead of copying resources
[2.037s] -- Found ament_lint_auto: 0.14.4 (/opt/ros/iron/share/ament_lint_auto/cmake)
[2.358s] -- Added test 'copyright' to check source files copyright and LICENSE
[2.380s] -- Added test 'flake8' to check Python code syntax and style conventions
[2.380s] -- Configured 'flake8' exclude dirs and/or files: 
[2.382s] -- Added test 'lint_cmake' to check CMake code style
[2.383s] -- Added test 'pep257' to check Python code against some of the docstring style conventions in PEP 257
[2.385s] -- Added test 'xmllint' to check XML markup files
[2.389s] -- Configuring done
[2.397s] -- Generating done
[2.401s] -- Build files have been written to: /home/matthew/nav2_ws/build/nav2_minimal_tb4_sim
[2.421s] Invoked command in '/home/matthew/nav2_ws/build/nav2_minimal_tb4_sim' returned '0': AMENT_PREFIX_PATH=/home/matthew/nav2_ws/install/nav2_minimal_tb4_description:${AMENT_PREFIX_PATH} CMAKE_PREFIX_PATH=/home/matthew/nav2_ws/install/nav2_minimal_tb4_description:/home/matthew/ros2_ws/install/ros2_laser_scan_matcher:/home/matthew/ros2_ws/install/opennav_docking_core:/home/matthew/ros2_ws/install/my_robot_description:/home/matthew/ros2_ws/install/map_msgs:/home/matthew/ros2_ws/install/fake_odometry:/home/matthew/ros2_ws/install/dwb_msgs:/home/matthew/ros2_ws/install/csm:/opt/ros/iron /usr/bin/cmake /home/matthew/nav2_ws/src/nav2_minimal_turtlebot_simulation/nav2_minimal_tb4_sim -DAMENT_CMAKE_SYMLINK_INSTALL=1 -DCMAKE_INSTALL_PREFIX=/home/matthew/nav2_ws/install/nav2_minimal_tb4_sim
[2.421s] Invoking command in '/home/matthew/nav2_ws/build/nav2_minimal_tb4_sim': AMENT_PREFIX_PATH=/home/matthew/nav2_ws/install/nav2_minimal_tb4_description:${AMENT_PREFIX_PATH} CMAKE_PREFIX_PATH=/home/matthew/nav2_ws/install/nav2_minimal_tb4_description:/home/matthew/ros2_ws/install/ros2_laser_scan_matcher:/home/matthew/ros2_ws/install/opennav_docking_core:/home/matthew/ros2_ws/install/my_robot_description:/home/matthew/ros2_ws/install/map_msgs:/home/matthew/ros2_ws/install/fake_odometry:/home/matthew/ros2_ws/install/dwb_msgs:/home/matthew/ros2_ws/install/csm:/opt/ros/iron /usr/bin/cmake --build /home/matthew/nav2_ws/build/nav2_minimal_tb4_sim -- -j6 -l6
[2.595s] Invoked command in '/home/matthew/nav2_ws/build/nav2_minimal_tb4_sim' returned '0': AMENT_PREFIX_PATH=/home/matthew/nav2_ws/install/nav2_minimal_tb4_description:${AMENT_PREFIX_PATH} CMAKE_PREFIX_PATH=/home/matthew/nav2_ws/install/nav2_minimal_tb4_description:/home/matthew/ros2_ws/install/ros2_laser_scan_matcher:/home/matthew/ros2_ws/install/opennav_docking_core:/home/matthew/ros2_ws/install/my_robot_description:/home/matthew/ros2_ws/install/map_msgs:/home/matthew/ros2_ws/install/fake_odometry:/home/matthew/ros2_ws/install/dwb_msgs:/home/matthew/ros2_ws/install/csm:/opt/ros/iron /usr/bin/cmake --build /home/matthew/nav2_ws/build/nav2_minimal_tb4_sim -- -j6 -l6
[2.596s] Invoking command in '/home/matthew/nav2_ws/build/nav2_minimal_tb4_sim': AMENT_PREFIX_PATH=/home/matthew/nav2_ws/install/nav2_minimal_tb4_description:${AMENT_PREFIX_PATH} CMAKE_PREFIX_PATH=/home/matthew/nav2_ws/install/nav2_minimal_tb4_description:/home/matthew/ros2_ws/install/ros2_laser_scan_matcher:/home/matthew/ros2_ws/install/opennav_docking_core:/home/matthew/ros2_ws/install/my_robot_description:/home/matthew/ros2_ws/install/map_msgs:/home/matthew/ros2_ws/install/fake_odometry:/home/matthew/ros2_ws/install/dwb_msgs:/home/matthew/ros2_ws/install/csm:/opt/ros/iron /usr/bin/cmake --install /home/matthew/nav2_ws/build/nav2_minimal_tb4_sim
[2.610s] -- Install configuration: ""
[2.613s] -- Execute custom install script
[2.614s] -- Symlinking: /home/matthew/nav2_ws/install/nav2_minimal_tb4_sim/share/nav2_minimal_tb4_sim/configs/tb4_bridge.yaml
[2.638s] -- Symlinking: /home/matthew/nav2_ws/install/nav2_minimal_tb4_sim/share/nav2_minimal_tb4_sim/launch/simulation.launch.py
[2.695s] -- Symlinking: /home/matthew/nav2_ws/install/nav2_minimal_tb4_sim/share/nav2_minimal_tb4_sim/launch/spawn_tb4.launch.py
[2.724s] -- Symlinking: /home/matthew/nav2_ws/install/nav2_minimal_tb4_sim/share/nav2_minimal_tb4_sim/worlds/depot.sdf
[2.756s] -- Symlinking: /home/matthew/nav2_ws/install/nav2_minimal_tb4_sim/share/nav2_minimal_tb4_sim/worlds/warehouse.sdf
[2.781s] -- Symlinking: /home/matthew/nav2_ws/install/nav2_minimal_tb4_sim/share/ament_index/resource_index/package_run_dependencies/nav2_minimal_tb4_sim
[2.802s] -- Symlinking: /home/matthew/nav2_ws/install/nav2_minimal_tb4_sim/share/ament_index/resource_index/parent_prefix_path/nav2_minimal_tb4_sim
[2.835s] -- Symlinking: /home/matthew/nav2_ws/install/nav2_minimal_tb4_sim/share/nav2_minimal_tb4_sim/environment/ament_prefix_path.sh
[2.867s] -- Symlinking: /home/matthew/nav2_ws/install/nav2_minimal_tb4_sim/share/nav2_minimal_tb4_sim/environment/ament_prefix_path.dsv
[2.893s] -- Symlinking: /home/matthew/nav2_ws/install/nav2_minimal_tb4_sim/share/nav2_minimal_tb4_sim/environment/path.sh
[2.914s] -- Symlinking: /home/matthew/nav2_ws/install/nav2_minimal_tb4_sim/share/nav2_minimal_tb4_sim/environment/path.dsv
[2.931s] -- Symlinking: /home/matthew/nav2_ws/install/nav2_minimal_tb4_sim/share/nav2_minimal_tb4_sim/local_setup.bash
[2.954s] -- Symlinking: /home/matthew/nav2_ws/install/nav2_minimal_tb4_sim/share/nav2_minimal_tb4_sim/local_setup.sh
[2.982s] -- Symlinking: /home/matthew/nav2_ws/install/nav2_minimal_tb4_sim/share/nav2_minimal_tb4_sim/local_setup.zsh
[3.018s] -- Symlinking: /home/matthew/nav2_ws/install/nav2_minimal_tb4_sim/share/nav2_minimal_tb4_sim/local_setup.dsv
[3.040s] -- Symlinking: /home/matthew/nav2_ws/install/nav2_minimal_tb4_sim/share/nav2_minimal_tb4_sim/package.dsv
[3.059s] -- Symlinking: /home/matthew/nav2_ws/install/nav2_minimal_tb4_sim/share/ament_index/resource_index/packages/nav2_minimal_tb4_sim
[3.077s] -- Symlinking: /home/matthew/nav2_ws/install/nav2_minimal_tb4_sim/share/nav2_minimal_tb4_sim/cmake/nav2_minimal_tb4_simConfig.cmake
[3.100s] -- Symlinking: /home/matthew/nav2_ws/install/nav2_minimal_tb4_sim/share/nav2_minimal_tb4_sim/cmake/nav2_minimal_tb4_simConfig-version.cmake
[3.120s] -- Symlinking: /home/matthew/nav2_ws/install/nav2_minimal_tb4_sim/share/nav2_minimal_tb4_sim/package.xml
[3.178s] Invoked command in '/home/matthew/nav2_ws/build/nav2_minimal_tb4_sim' returned '0': AMENT_PREFIX_PATH=/home/matthew/nav2_ws/install/nav2_minimal_tb4_description:${AMENT_PREFIX_PATH} CMAKE_PREFIX_PATH=/home/matthew/nav2_ws/install/nav2_minimal_tb4_description:/home/matthew/ros2_ws/install/ros2_laser_scan_matcher:/home/matthew/ros2_ws/install/opennav_docking_core:/home/matthew/ros2_ws/install/my_robot_description:/home/matthew/ros2_ws/install/map_msgs:/home/matthew/ros2_ws/install/fake_odometry:/home/matthew/ros2_ws/install/dwb_msgs:/home/matthew/ros2_ws/install/csm:/opt/ros/iron /usr/bin/cmake --install /home/matthew/nav2_ws/build/nav2_minimal_tb4_sim
