[0.155s] Invoking command in '/home/matthew/nav2_ws/build/nav2_smoother': AMENT_PREFIX_PATH=/home/matthew/nav2_ws/install/nav2_core:/home/matthew/nav2_ws/install/nav2_costmap_2d:/home/matthew/nav2_ws/install/nav_2d_utils:/home/matthew/nav2_ws/install/nav2_map_server:/home/matthew/nav2_ws/install/nav2_lifecycle_manager:/home/matthew/nav2_ws/install/nav2_behavior_tree:/home/matthew/nav2_ws/install/nav2_util:/home/matthew/nav2_ws/install/nav2_voxel_grid:/home/matthew/nav2_ws/install/nav2_msgs:/home/matthew/nav2_ws/install/nav_2d_msgs:/home/matthew/nav2_ws/install/nav2_common:${AMENT_PREFIX_PATH} CMAKE_PREFIX_PATH=/home/matthew/nav2_ws/install/nav2_core:/home/matthew/nav2_ws/install/nav2_costmap_2d:/home/matthew/nav2_ws/install/nav_2d_utils:/home/matthew/nav2_ws/install/nav2_map_server:/home/matthew/nav2_ws/install/nav2_lifecycle_manager:/home/matthew/nav2_ws/install/nav2_behavior_tree:/home/matthew/nav2_ws/install/nav2_util:/home/matthew/nav2_ws/install/nav2_voxel_grid:/home/matthew/nav2_ws/install/nav2_msgs:/home/matthew/nav2_ws/install/nav_2d_msgs:/home/matthew/nav2_ws/install/nav2_common:/opt/ros/iron LD_LIBRARY_PATH=/home/matthew/nav2_ws/install/nav2_costmap_2d/lib:/home/matthew/nav2_ws/install/nav_2d_utils/lib:/home/matthew/nav2_ws/install/nav2_map_server/lib:/home/matthew/nav2_ws/install/nav2_lifecycle_manager/lib:/home/matthew/nav2_ws/install/nav2_behavior_tree/lib:/home/matthew/nav2_ws/install/nav2_util/lib:/home/matthew/nav2_ws/install/nav2_voxel_grid/lib:/home/matthew/nav2_ws/install/nav2_msgs/lib:/home/matthew/nav2_ws/install/nav_2d_msgs/lib:${LD_LIBRARY_PATH} PYTHONPATH=/home/matthew/nav2_ws/install/nav2_msgs/lib/python3.10/site-packages:/home/matthew/nav2_ws/install/nav_2d_msgs/lib/python3.10/site-packages:/home/matthew/nav2_ws/install/nav2_common/lib/python3.10/site-packages:${PYTHONPATH} /usr/bin/cmake --build /home/matthew/nav2_ws/build/nav2_smoother -- -j6 -l6
[0.320s] [35m[1mConsolidate compiler generated dependencies of target smoother_server_core[0m
[0.326s] [35m[1mConsolidate compiler generated dependencies of target gtest[0m
[0.346s] [35m[1mConsolidate compiler generated dependencies of target simple_smoother[0m
[0.347s] [35m[1mConsolidate compiler generated dependencies of target savitzky_golay_smoother[0m
[0.348s] [35m[1mConsolidate compiler generated dependencies of target gtest_main[0m
[0.386s] [ 11%] Built target gtest
[0.405s] [ 22%] Built target smoother_server_core
[0.421s] [ 33%] Built target gtest_main
[0.472s] [ 44%] Built target simple_smoother
[0.476s] [ 55%] Built target savitzky_golay_smoother
[0.482s] [35m[1mConsolidate compiler generated dependencies of target test_smoother_server[0m
[0.511s] [35m[1mConsolidate compiler generated dependencies of target smoother_server[0m
[0.569s] [ 66%] Built target test_smoother_server
[0.601s] [35m[1mConsolidate compiler generated dependencies of target test_savitzky_golay_smoother[0m
[0.601s] [35m[1mConsolidate compiler generated dependencies of target test_simple_smoother[0m
[0.626s] [ 77%] Built target smoother_server
[0.685s] [ 88%] Built target test_savitzky_golay_smoother
[0.687s] [100%] Built target test_simple_smoother
[0.717s] Invoked command in '/home/matthew/nav2_ws/build/nav2_smoother' returned '0': AMENT_PREFIX_PATH=/home/matthew/nav2_ws/install/nav2_core:/home/matthew/nav2_ws/install/nav2_costmap_2d:/home/matthew/nav2_ws/install/nav_2d_utils:/home/matthew/nav2_ws/install/nav2_map_server:/home/matthew/nav2_ws/install/nav2_lifecycle_manager:/home/matthew/nav2_ws/install/nav2_behavior_tree:/home/matthew/nav2_ws/install/nav2_util:/home/matthew/nav2_ws/install/nav2_voxel_grid:/home/matthew/nav2_ws/install/nav2_msgs:/home/matthew/nav2_ws/install/nav_2d_msgs:/home/matthew/nav2_ws/install/nav2_common:${AMENT_PREFIX_PATH} CMAKE_PREFIX_PATH=/home/matthew/nav2_ws/install/nav2_core:/home/matthew/nav2_ws/install/nav2_costmap_2d:/home/matthew/nav2_ws/install/nav_2d_utils:/home/matthew/nav2_ws/install/nav2_map_server:/home/matthew/nav2_ws/install/nav2_lifecycle_manager:/home/matthew/nav2_ws/install/nav2_behavior_tree:/home/matthew/nav2_ws/install/nav2_util:/home/matthew/nav2_ws/install/nav2_voxel_grid:/home/matthew/nav2_ws/install/nav2_msgs:/home/matthew/nav2_ws/install/nav_2d_msgs:/home/matthew/nav2_ws/install/nav2_common:/opt/ros/iron LD_LIBRARY_PATH=/home/matthew/nav2_ws/install/nav2_costmap_2d/lib:/home/matthew/nav2_ws/install/nav_2d_utils/lib:/home/matthew/nav2_ws/install/nav2_map_server/lib:/home/matthew/nav2_ws/install/nav2_lifecycle_manager/lib:/home/matthew/nav2_ws/install/nav2_behavior_tree/lib:/home/matthew/nav2_ws/install/nav2_util/lib:/home/matthew/nav2_ws/install/nav2_voxel_grid/lib:/home/matthew/nav2_ws/install/nav2_msgs/lib:/home/matthew/nav2_ws/install/nav_2d_msgs/lib:${LD_LIBRARY_PATH} PYTHONPATH=/home/matthew/nav2_ws/install/nav2_msgs/lib/python3.10/site-packages:/home/matthew/nav2_ws/install/nav_2d_msgs/lib/python3.10/site-packages:/home/matthew/nav2_ws/install/nav2_common/lib/python3.10/site-packages:${PYTHONPATH} /usr/bin/cmake --build /home/matthew/nav2_ws/build/nav2_smoother -- -j6 -l6
[0.734s] Invoking command in '/home/matthew/nav2_ws/build/nav2_smoother': AMENT_PREFIX_PATH=/home/matthew/nav2_ws/install/nav2_core:/home/matthew/nav2_ws/install/nav2_costmap_2d:/home/matthew/nav2_ws/install/nav_2d_utils:/home/matthew/nav2_ws/install/nav2_map_server:/home/matthew/nav2_ws/install/nav2_lifecycle_manager:/home/matthew/nav2_ws/install/nav2_behavior_tree:/home/matthew/nav2_ws/install/nav2_util:/home/matthew/nav2_ws/install/nav2_voxel_grid:/home/matthew/nav2_ws/install/nav2_msgs:/home/matthew/nav2_ws/install/nav_2d_msgs:/home/matthew/nav2_ws/install/nav2_common:${AMENT_PREFIX_PATH} CMAKE_PREFIX_PATH=/home/matthew/nav2_ws/install/nav2_core:/home/matthew/nav2_ws/install/nav2_costmap_2d:/home/matthew/nav2_ws/install/nav_2d_utils:/home/matthew/nav2_ws/install/nav2_map_server:/home/matthew/nav2_ws/install/nav2_lifecycle_manager:/home/matthew/nav2_ws/install/nav2_behavior_tree:/home/matthew/nav2_ws/install/nav2_util:/home/matthew/nav2_ws/install/nav2_voxel_grid:/home/matthew/nav2_ws/install/nav2_msgs:/home/matthew/nav2_ws/install/nav_2d_msgs:/home/matthew/nav2_ws/install/nav2_common:/opt/ros/iron LD_LIBRARY_PATH=/home/matthew/nav2_ws/install/nav2_costmap_2d/lib:/home/matthew/nav2_ws/install/nav_2d_utils/lib:/home/matthew/nav2_ws/install/nav2_map_server/lib:/home/matthew/nav2_ws/install/nav2_lifecycle_manager/lib:/home/matthew/nav2_ws/install/nav2_behavior_tree/lib:/home/matthew/nav2_ws/install/nav2_util/lib:/home/matthew/nav2_ws/install/nav2_voxel_grid/lib:/home/matthew/nav2_ws/install/nav2_msgs/lib:/home/matthew/nav2_ws/install/nav_2d_msgs/lib:${LD_LIBRARY_PATH} PYTHONPATH=/home/matthew/nav2_ws/install/nav2_msgs/lib/python3.10/site-packages:/home/matthew/nav2_ws/install/nav_2d_msgs/lib/python3.10/site-packages:/home/matthew/nav2_ws/install/nav2_common/lib/python3.10/site-packages:${PYTHONPATH} /usr/bin/cmake --install /home/matthew/nav2_ws/build/nav2_smoother
[0.755s] -- Install configuration: "Release"
[0.757s] -- Execute custom install script
[0.758s] -- Up-to-date symlink: /home/matthew/nav2_ws/install/nav2_smoother/share/nav2_smoother//plugins.xml
[0.760s] -- Up-to-date symlink: /home/matthew/nav2_ws/install/nav2_smoother/lib/libsmoother_server_core.so
[0.760s] -- Up-to-date symlink: /home/matthew/nav2_ws/install/nav2_smoother/lib/libsimple_smoother.so
[0.760s] -- Up-to-date symlink: /home/matthew/nav2_ws/install/nav2_smoother/lib/libsavitzky_golay_smoother.so
[0.762s] -- Up-to-date symlink: /home/matthew/nav2_ws/install/nav2_smoother/lib/nav2_smoother/smoother_server
[0.767s] -- Up-to-date symlink: /home/matthew/nav2_ws/install/nav2_smoother/include//nav2_smoother/nav2_smoother.hpp
[0.767s] -- Up-to-date symlink: /home/matthew/nav2_ws/install/nav2_smoother/include//nav2_smoother/savitzky_golay_smoother.hpp
[0.767s] -- Up-to-date symlink: /home/matthew/nav2_ws/install/nav2_smoother/include//nav2_smoother/simple_smoother.hpp
[0.768s] -- Up-to-date symlink: /home/matthew/nav2_ws/install/nav2_smoother/include//nav2_smoother/smoother_utils.hpp
[0.768s] -- Up-to-date symlink: /home/matthew/nav2_ws/install/nav2_smoother/share/nav2_smoother/environment/library_path.sh
[0.769s] -- Up-to-date symlink: /home/matthew/nav2_ws/install/nav2_smoother/share/nav2_smoother/environment/library_path.dsv
[0.771s] -- Up-to-date symlink: /home/matthew/nav2_ws/install/nav2_smoother/share/ament_index/resource_index/package_run_dependencies/nav2_smoother
[0.772s] -- Up-to-date symlink: /home/matthew/nav2_ws/install/nav2_smoother/share/ament_index/resource_index/parent_prefix_path/nav2_smoother
[0.773s] -- Up-to-date symlink: /home/matthew/nav2_ws/install/nav2_smoother/share/nav2_smoother/environment/ament_prefix_path.sh
[0.773s] -- Up-to-date symlink: /home/matthew/nav2_ws/install/nav2_smoother/share/nav2_smoother/environment/ament_prefix_path.dsv
[0.774s] -- Up-to-date symlink: /home/matthew/nav2_ws/install/nav2_smoother/share/nav2_smoother/environment/path.sh
[0.777s] -- Up-to-date symlink: /home/matthew/nav2_ws/install/nav2_smoother/share/nav2_smoother/environment/path.dsv
[0.786s] -- Up-to-date symlink: /home/matthew/nav2_ws/install/nav2_smoother/share/nav2_smoother/local_setup.bash
[0.786s] -- Up-to-date symlink: /home/matthew/nav2_ws/install/nav2_smoother/share/nav2_smoother/local_setup.sh
[0.786s] -- Up-to-date symlink: /home/matthew/nav2_ws/install/nav2_smoother/share/nav2_smoother/local_setup.zsh
[0.786s] -- Up-to-date symlink: /home/matthew/nav2_ws/install/nav2_smoother/share/nav2_smoother/local_setup.dsv
[0.787s] -- Symlinking: /home/matthew/nav2_ws/install/nav2_smoother/share/nav2_smoother/package.dsv
[0.802s] -- Up-to-date symlink: /home/matthew/nav2_ws/install/nav2_smoother/share/ament_index/resource_index/packages/nav2_smoother
[0.803s] -- Up-to-date symlink: /home/matthew/nav2_ws/install/nav2_smoother/share/ament_index/resource_index/nav2_core__pluginlib__plugin/nav2_smoother
[0.805s] -- Up-to-date symlink: /home/matthew/nav2_ws/install/nav2_smoother/share/ament_index/resource_index/rclcpp_components/nav2_smoother
[0.808s] -- Up-to-date symlink: /home/matthew/nav2_ws/install/nav2_smoother/share/nav2_smoother/cmake/ament_cmake_export_include_directories-extras.cmake
[0.810s] -- Up-to-date symlink: /home/matthew/nav2_ws/install/nav2_smoother/share/nav2_smoother/cmake/ament_cmake_export_libraries-extras.cmake
[0.811s] -- Up-to-date symlink: /home/matthew/nav2_ws/install/nav2_smoother/share/nav2_smoother/cmake/ament_cmake_export_dependencies-extras.cmake
[0.812s] -- Up-to-date symlink: /home/matthew/nav2_ws/install/nav2_smoother/share/nav2_smoother/cmake/nav2_smootherConfig.cmake
[0.812s] -- Up-to-date symlink: /home/matthew/nav2_ws/install/nav2_smoother/share/nav2_smoother/cmake/nav2_smootherConfig-version.cmake
[0.813s] -- Up-to-date symlink: /home/matthew/nav2_ws/install/nav2_smoother/share/nav2_smoother/package.xml
[0.858s] Invoked command in '/home/matthew/nav2_ws/build/nav2_smoother' returned '0': AMENT_PREFIX_PATH=/home/matthew/nav2_ws/install/nav2_core:/home/matthew/nav2_ws/install/nav2_costmap_2d:/home/matthew/nav2_ws/install/nav_2d_utils:/home/matthew/nav2_ws/install/nav2_map_server:/home/matthew/nav2_ws/install/nav2_lifecycle_manager:/home/matthew/nav2_ws/install/nav2_behavior_tree:/home/matthew/nav2_ws/install/nav2_util:/home/matthew/nav2_ws/install/nav2_voxel_grid:/home/matthew/nav2_ws/install/nav2_msgs:/home/matthew/nav2_ws/install/nav_2d_msgs:/home/matthew/nav2_ws/install/nav2_common:${AMENT_PREFIX_PATH} CMAKE_PREFIX_PATH=/home/matthew/nav2_ws/install/nav2_core:/home/matthew/nav2_ws/install/nav2_costmap_2d:/home/matthew/nav2_ws/install/nav_2d_utils:/home/matthew/nav2_ws/install/nav2_map_server:/home/matthew/nav2_ws/install/nav2_lifecycle_manager:/home/matthew/nav2_ws/install/nav2_behavior_tree:/home/matthew/nav2_ws/install/nav2_util:/home/matthew/nav2_ws/install/nav2_voxel_grid:/home/matthew/nav2_ws/install/nav2_msgs:/home/matthew/nav2_ws/install/nav_2d_msgs:/home/matthew/nav2_ws/install/nav2_common:/opt/ros/iron LD_LIBRARY_PATH=/home/matthew/nav2_ws/install/nav2_costmap_2d/lib:/home/matthew/nav2_ws/install/nav_2d_utils/lib:/home/matthew/nav2_ws/install/nav2_map_server/lib:/home/matthew/nav2_ws/install/nav2_lifecycle_manager/lib:/home/matthew/nav2_ws/install/nav2_behavior_tree/lib:/home/matthew/nav2_ws/install/nav2_util/lib:/home/matthew/nav2_ws/install/nav2_voxel_grid/lib:/home/matthew/nav2_ws/install/nav2_msgs/lib:/home/matthew/nav2_ws/install/nav_2d_msgs/lib:${LD_LIBRARY_PATH} PYTHONPATH=/home/matthew/nav2_ws/install/nav2_msgs/lib/python3.10/site-packages:/home/matthew/nav2_ws/install/nav_2d_msgs/lib/python3.10/site-packages:/home/matthew/nav2_ws/install/nav2_common/lib/python3.10/site-packages:${PYTHONPATH} /usr/bin/cmake --install /home/matthew/nav2_ws/build/nav2_smoother
