[0.078s] Invoking command in '/home/matthew/nav2_ws/build/nav2_behavior_tree': AMENT_PREFIX_PATH=/home/matthew/nav2_ws/install/nav2_util:/home/matthew/nav2_ws/install/nav2_msgs:/home/matthew/nav2_ws/install/nav2_common:${AMENT_PREFIX_PATH} CMAKE_PREFIX_PATH=/home/matthew/nav2_ws/install/nav2_util:/home/matthew/nav2_ws/install/nav2_msgs:/home/matthew/nav2_ws/install/nav2_common:/home/matthew/ros2_ws/install/ros2_laser_scan_matcher:/home/matthew/ros2_ws/install/opennav_docking_core:/home/matthew/ros2_ws/install/my_robot_description:/home/matthew/ros2_ws/install/map_msgs:/home/matthew/ros2_ws/install/fake_odometry:/home/matthew/ros2_ws/install/dwb_msgs:/home/matthew/ros2_ws/install/csm:/opt/ros/iron LD_LIBRARY_PATH=/home/matthew/nav2_ws/install/nav2_util/lib:/home/matthew/nav2_ws/install/nav2_msgs/lib:${LD_LIBRARY_PATH} PYTHONPATH=/home/matthew/nav2_ws/install/nav2_msgs/lib/python3.10/site-packages:/home/matthew/nav2_ws/install/nav2_common/lib/python3.10/site-packages:${PYTHONPATH} /usr/bin/cmake --build /home/matthew/nav2_ws/build/nav2_behavior_tree -- -j6 -l6
[0.302s] [  1%] Built target nav2_compute_path_to_pose_action_bt_node
[0.337s] [  2%] Built target nav2_behavior_tree
[0.337s] [  3%] Built target nav2_wait_cancel_bt_node
[0.342s] [  4%] Built target nav2_controller_cancel_bt_node
[0.414s] [  5%] Built target nav2_spin_cancel_bt_node
[0.414s] [  6%] Built target nav2_compute_path_through_poses_action_bt_node
[0.474s] [  7%] Built target nav2_back_up_cancel_bt_node
[0.492s] [  8%] Built target nav2_assisted_teleop_cancel_bt_node
[0.526s] [  9%] Built target nav2_drive_on_heading_cancel_bt_node
[0.527s] [  9%] Built target nav2_smooth_path_action_bt_node
[0.618s] [ 10%] Built target nav2_back_up_action_bt_node
[0.631s] [ 11%] Built target nav2_drive_on_heading_bt_node
[0.638s] [ 11%] Built target nav2_follow_path_action_bt_node
[0.668s] [ 12%] Built target nav2_spin_action_bt_node
[0.690s] [ 12%] Built target nav2_wait_action_bt_node
[0.728s] [ 13%] Built target nav2_assisted_teleop_action_bt_node
[0.790s] [ 14%] Built target nav2_is_stuck_condition_bt_node
[0.801s] [ 15%] Built target nav2_transform_available_condition_bt_node
[0.808s] [ 15%] Built target nav2_clear_costmap_service_bt_node
[0.826s] [ 16%] Built target nav2_globally_updated_goal_condition_bt_node
[0.850s] [ 17%] Built target nav2_goal_reached_condition_bt_node
[0.856s] [ 18%] Built target nav2_goal_updated_condition_bt_node
[0.916s] [ 19%] Built target nav2_is_path_valid_condition_bt_node
[0.928s] [ 20%] Built target nav2_time_expired_condition_bt_node
[0.947s] [ 21%] Built target nav2_path_expiring_timer_condition
[0.963s] [ 22%] Built target nav2_initial_pose_received_condition_bt_node
[1.014s] [ 23%] Built target nav2_distance_traveled_condition_bt_node
[1.046s] [ 23%] Built target nav2_is_battery_charging_condition_bt_node
[1.058s] [ 24%] Built target nav2_is_battery_low_condition_bt_node
[1.059s] [ 25%] Built target nav2_are_error_codes_active_condition_bt_node
[1.124s] [ 26%] Built target nav2_would_a_controller_recovery_help_condition_bt_node
[1.130s] [ 27%] Built target nav2_would_a_planner_recovery_help_condition_bt_node
[1.131s] [ 28%] Built target nav2_would_a_smoother_recovery_help_condition_bt_node
[1.170s] [ 29%] Built target nav2_rate_controller_bt_node
[1.194s] [ 30%] Built target nav2_reinitialize_global_localization_service_bt_node
[1.231s] [ 31%] Built target nav2_distance_controller_bt_node
[1.240s] [ 32%] Built target nav2_speed_controller_bt_node
[1.260s] [ 33%] Built target nav2_truncate_path_local_action_bt_node
[1.273s] [ 34%] Built target nav2_truncate_path_action_bt_node
[1.290s] [ 35%] Built target nav2_goal_updater_node_bt_node
[1.347s] [ 36%] Built target nav2_path_longer_on_approach_bt_node
[1.380s] [ 37%] Built target nav2_navigate_through_poses_action_bt_node
[1.392s] [ 38%] Built target nav2_recovery_node_bt_node
[1.398s] [ 39%] Built target nav2_navigate_to_pose_action_bt_node
[1.399s] [ 40%] Built target nav2_get_pose_from_path_action_bt_node
[1.438s] [ 41%] Built target nav2_remove_passed_goals_action_bt_node
[1.491s] [ 41%] Built target nav2_pipeline_sequence_bt_node
[1.524s] [ 42%] Built target nav2_round_robin_node_bt_node
[1.562s] [ 43%] Built target nav2_planner_selector_bt_node
[1.577s] [ 44%] Built target nav2_single_trigger_bt_node
[1.589s] [ 45%] Built target nav2_controller_selector_bt_node
[1.613s] [ 46%] Built target nav2_goal_checker_selector_bt_node
[1.626s] [ 47%] Built target nav2_smoother_selector_bt_node
[1.662s] [ 48%] Built target nav2_progress_checker_selector_bt_node
[1.700s] [ 49%] Built target nav2_goal_updated_controller_bt_node
[1.725s] [ 50%] Built target gtest_main
[1.738s] [ 50%] Built target gtest
[1.944s] [ 50%] Built target test_bt_conversions
[2.025s] [ 51%] Built target test_condition_goal_updated
[2.032s] [ 52%] Built target test_condition_time_expired
[2.040s] [ 53%] Built target test_condition_path_expiring_timer
[2.064s] [ 54%] Built target test_condition_goal_reached
[2.077s] [ 55%] Built target test_condition_distance_traveled
[2.101s] [ 56%] Built target test_condition_globally_updated_goal
[2.196s] [ 57%] Built target test_condition_is_stuck
[2.216s] [ 58%] Built target test_condition_initial_pose_received
[2.249s] [ 59%] Built target test_condition_transform_available
[2.258s] [ 60%] Built target test_condition_is_battery_charging
[2.271s] [ 61%] Built target test_condition_is_battery_low
[2.308s] [ 61%] Built target test_condition_is_path_valid
[2.364s] [ 62%] Built target test_are_error_codes_present
[2.387s] [ 63%] Built target test_would_a_controller_recovery_help
[2.419s] [ 64%] Built target test_would_a_planner_recovery_help
[2.431s] [ 65%] Built target test_would_a_smoother_recovery_help
[2.434s] [ 64%] Built target test_decorator_distance_controller
[2.504s] [ 66%] Built target test_decorator_speed_controller
[2.543s] [ 67%] Built target test_decorator_rate_controller
[2.567s] [ 68%] Built target test_single_trigger_node
[2.578s] [ 69%] Built target test_goal_updater_node
[2.601s] [ 70%] Built target test_goal_updated_controller
[2.614s] [ 71%] Built target test_decorator_path_longer_on_approach
[2.664s] [ 72%] Built target test_control_recovery_node
[2.721s] [ 73%] Built target test_control_pipeline_sequence
[2.734s] [ 74%] Built target test_bt_action_node
[2.738s] [ 75%] Built target test_action_back_up_action
[2.754s] [ 76%] Built target test_action_spin_action
[2.759s] [ 77%] Built target test_control_round_robin_node
[2.773s] [ 78%] Built target test_action_drive_on_heading
[2.834s] [ 79%] Built target test_action_wait_action
[2.841s] [ 80%] Built target test_action_assisted_teleop_action
[2.845s] [ 81%] Built target test_action_wait_cancel_action
[2.853s] [ 82%] Built target test_action_controller_cancel_action
[2.868s] [ 82%] Built target test_action_back_up_cancel_action
[2.884s] [ 83%] Built target test_action_spin_cancel_action
[2.918s] [ 84%] Built target test_action_assisted_teleop_cancel_action
[2.929s] [ 85%] Built target test_action_drive_on_heading_cancel_action
[2.939s] [ 86%] Built target test_action_clear_costmap_service
[2.958s] [ 87%] Built target test_action_reinitialize_global_localization_service
[2.976s] [ 88%] Built target test_action_compute_path_through_poses_action
[2.983s] [ 89%] Built target test_action_compute_path_to_pose_action
[3.007s] [ 90%] Built target test_action_follow_path_action
[3.012s] [ 91%] Built target test_action_smooth_path_action
[3.053s] [ 92%] Built target test_action_navigate_through_poses_action
[3.067s] [ 92%] Built target test_action_navigate_to_pose_action
[3.081s] [ 93%] Built target test_truncate_path_action
[3.101s] [ 94%] Built target test_truncate_path_local_action
[3.110s] [ 95%] Built target test_remove_passed_goals_action
[3.117s] [ 96%] Built target test_get_pose_from_path_action
[3.162s] [ 97%] Built target test_controller_selector_node
[3.163s] [ 98%] Built target test_planner_selector_node
[3.180s] [ 99%] Built target test_smoother_selector_node
[3.191s] [ 99%] Built target test_progress_checker_selector_node
[3.201s] [100%] Built target test_goal_checker_selector_node
[3.229s] Invoked command in '/home/matthew/nav2_ws/build/nav2_behavior_tree' returned '0': AMENT_PREFIX_PATH=/home/matthew/nav2_ws/install/nav2_util:/home/matthew/nav2_ws/install/nav2_msgs:/home/matthew/nav2_ws/install/nav2_common:${AMENT_PREFIX_PATH} CMAKE_PREFIX_PATH=/home/matthew/nav2_ws/install/nav2_util:/home/matthew/nav2_ws/install/nav2_msgs:/home/matthew/nav2_ws/install/nav2_common:/home/matthew/ros2_ws/install/ros2_laser_scan_matcher:/home/matthew/ros2_ws/install/opennav_docking_core:/home/matthew/ros2_ws/install/my_robot_description:/home/matthew/ros2_ws/install/map_msgs:/home/matthew/ros2_ws/install/fake_odometry:/home/matthew/ros2_ws/install/dwb_msgs:/home/matthew/ros2_ws/install/csm:/opt/ros/iron LD_LIBRARY_PATH=/home/matthew/nav2_ws/install/nav2_util/lib:/home/matthew/nav2_ws/install/nav2_msgs/lib:${LD_LIBRARY_PATH} PYTHONPATH=/home/matthew/nav2_ws/install/nav2_msgs/lib/python3.10/site-packages:/home/matthew/nav2_ws/install/nav2_common/lib/python3.10/site-packages:${PYTHONPATH} /usr/bin/cmake --build /home/matthew/nav2_ws/build/nav2_behavior_tree -- -j6 -l6
[3.240s] Invoking command in '/home/matthew/nav2_ws/build/nav2_behavior_tree': AMENT_PREFIX_PATH=/home/matthew/nav2_ws/install/nav2_util:/home/matthew/nav2_ws/install/nav2_msgs:/home/matthew/nav2_ws/install/nav2_common:${AMENT_PREFIX_PATH} CMAKE_PREFIX_PATH=/home/matthew/nav2_ws/install/nav2_util:/home/matthew/nav2_ws/install/nav2_msgs:/home/matthew/nav2_ws/install/nav2_common:/home/matthew/ros2_ws/install/ros2_laser_scan_matcher:/home/matthew/ros2_ws/install/opennav_docking_core:/home/matthew/ros2_ws/install/my_robot_description:/home/matthew/ros2_ws/install/map_msgs:/home/matthew/ros2_ws/install/fake_odometry:/home/matthew/ros2_ws/install/dwb_msgs:/home/matthew/ros2_ws/install/csm:/opt/ros/iron LD_LIBRARY_PATH=/home/matthew/nav2_ws/install/nav2_util/lib:/home/matthew/nav2_ws/install/nav2_msgs/lib:${LD_LIBRARY_PATH} PYTHONPATH=/home/matthew/nav2_ws/install/nav2_msgs/lib/python3.10/site-packages:/home/matthew/nav2_ws/install/nav2_common/lib/python3.10/site-packages:${PYTHONPATH} /usr/bin/cmake --install /home/matthew/nav2_ws/build/nav2_behavior_tree
[3.259s] -- Install configuration: "Release"
[3.261s] -- Execute custom install script
[3.264s] -- Up-to-date symlink: /home/matthew/nav2_ws/install/nav2_behavior_tree/lib/libnav2_behavior_tree.so
[3.264s] -- Up-to-date symlink: /home/matthew/nav2_ws/install/nav2_behavior_tree/lib/libnav2_compute_path_to_pose_action_bt_node.so
[3.264s] -- Up-to-date symlink: /home/matthew/nav2_ws/install/nav2_behavior_tree/lib/libnav2_compute_path_through_poses_action_bt_node.so
[3.265s] -- Up-to-date symlink: /home/matthew/nav2_ws/install/nav2_behavior_tree/lib/libnav2_controller_cancel_bt_node.so
[3.266s] -- Up-to-date symlink: /home/matthew/nav2_ws/install/nav2_behavior_tree/lib/libnav2_wait_cancel_bt_node.so
[3.266s] -- Up-to-date symlink: /home/matthew/nav2_ws/install/nav2_behavior_tree/lib/libnav2_spin_cancel_bt_node.so
[3.266s] -- Up-to-date symlink: /home/matthew/nav2_ws/install/nav2_behavior_tree/lib/libnav2_back_up_cancel_bt_node.so
[3.267s] -- Up-to-date symlink: /home/matthew/nav2_ws/install/nav2_behavior_tree/lib/libnav2_assisted_teleop_cancel_bt_node.so
[3.267s] -- Up-to-date symlink: /home/matthew/nav2_ws/install/nav2_behavior_tree/lib/libnav2_drive_on_heading_cancel_bt_node.so
[3.267s] -- Up-to-date symlink: /home/matthew/nav2_ws/install/nav2_behavior_tree/lib/libnav2_smooth_path_action_bt_node.so
[3.268s] -- Up-to-date symlink: /home/matthew/nav2_ws/install/nav2_behavior_tree/lib/libnav2_follow_path_action_bt_node.so
[3.268s] -- Up-to-date symlink: /home/matthew/nav2_ws/install/nav2_behavior_tree/lib/libnav2_back_up_action_bt_node.so
[3.268s] -- Up-to-date symlink: /home/matthew/nav2_ws/install/nav2_behavior_tree/lib/libnav2_drive_on_heading_bt_node.so
[3.269s] -- Up-to-date symlink: /home/matthew/nav2_ws/install/nav2_behavior_tree/lib/libnav2_spin_action_bt_node.so
[3.269s] -- Up-to-date symlink: /home/matthew/nav2_ws/install/nav2_behavior_tree/lib/libnav2_wait_action_bt_node.so
[3.270s] -- Up-to-date symlink: /home/matthew/nav2_ws/install/nav2_behavior_tree/lib/libnav2_assisted_teleop_action_bt_node.so
[3.270s] -- Up-to-date symlink: /home/matthew/nav2_ws/install/nav2_behavior_tree/lib/libnav2_clear_costmap_service_bt_node.so
[3.271s] -- Up-to-date symlink: /home/matthew/nav2_ws/install/nav2_behavior_tree/lib/libnav2_is_stuck_condition_bt_node.so
[3.271s] -- Up-to-date symlink: /home/matthew/nav2_ws/install/nav2_behavior_tree/lib/libnav2_transform_available_condition_bt_node.so
[3.271s] -- Up-to-date symlink: /home/matthew/nav2_ws/install/nav2_behavior_tree/lib/libnav2_goal_reached_condition_bt_node.so
[3.272s] -- Up-to-date symlink: /home/matthew/nav2_ws/install/nav2_behavior_tree/lib/libnav2_globally_updated_goal_condition_bt_node.so
[3.272s] -- Up-to-date symlink: /home/matthew/nav2_ws/install/nav2_behavior_tree/lib/libnav2_goal_updated_condition_bt_node.so
[3.272s] -- Up-to-date symlink: /home/matthew/nav2_ws/install/nav2_behavior_tree/lib/libnav2_is_path_valid_condition_bt_node.so
[3.273s] -- Up-to-date symlink: /home/matthew/nav2_ws/install/nav2_behavior_tree/lib/libnav2_time_expired_condition_bt_node.so
[3.273s] -- Up-to-date symlink: /home/matthew/nav2_ws/install/nav2_behavior_tree/lib/libnav2_path_expiring_timer_condition.so
[3.273s] -- Up-to-date symlink: /home/matthew/nav2_ws/install/nav2_behavior_tree/lib/libnav2_distance_traveled_condition_bt_node.so
[3.274s] -- Up-to-date symlink: /home/matthew/nav2_ws/install/nav2_behavior_tree/lib/libnav2_initial_pose_received_condition_bt_node.so
[3.275s] -- Up-to-date symlink: /home/matthew/nav2_ws/install/nav2_behavior_tree/lib/libnav2_is_battery_charging_condition_bt_node.so
[3.275s] -- Up-to-date symlink: /home/matthew/nav2_ws/install/nav2_behavior_tree/lib/libnav2_is_battery_low_condition_bt_node.so
[3.275s] -- Up-to-date symlink: /home/matthew/nav2_ws/install/nav2_behavior_tree/lib/libnav2_are_error_codes_active_condition_bt_node.so
[3.275s] -- Up-to-date symlink: /home/matthew/nav2_ws/install/nav2_behavior_tree/lib/libnav2_would_a_controller_recovery_help_condition_bt_node.so
[3.275s] -- Up-to-date symlink: /home/matthew/nav2_ws/install/nav2_behavior_tree/lib/libnav2_would_a_planner_recovery_help_condition_bt_node.so
[3.276s] -- Up-to-date symlink: /home/matthew/nav2_ws/install/nav2_behavior_tree/lib/libnav2_would_a_smoother_recovery_help_condition_bt_node.so
[3.276s] -- Up-to-date symlink: /home/matthew/nav2_ws/install/nav2_behavior_tree/lib/libnav2_reinitialize_global_localization_service_bt_node.so
[3.276s] -- Up-to-date symlink: /home/matthew/nav2_ws/install/nav2_behavior_tree/lib/libnav2_rate_controller_bt_node.so
[3.277s] -- Up-to-date symlink: /home/matthew/nav2_ws/install/nav2_behavior_tree/lib/libnav2_distance_controller_bt_node.so
[3.277s] -- Up-to-date symlink: /home/matthew/nav2_ws/install/nav2_behavior_tree/lib/libnav2_speed_controller_bt_node.so
[3.277s] -- Up-to-date symlink: /home/matthew/nav2_ws/install/nav2_behavior_tree/lib/libnav2_truncate_path_action_bt_node.so
[3.277s] -- Up-to-date symlink: /home/matthew/nav2_ws/install/nav2_behavior_tree/lib/libnav2_truncate_path_local_action_bt_node.so
[3.278s] -- Up-to-date symlink: /home/matthew/nav2_ws/install/nav2_behavior_tree/lib/libnav2_goal_updater_node_bt_node.so
[3.278s] -- Up-to-date symlink: /home/matthew/nav2_ws/install/nav2_behavior_tree/lib/libnav2_path_longer_on_approach_bt_node.so
[3.279s] -- Up-to-date symlink: /home/matthew/nav2_ws/install/nav2_behavior_tree/lib/libnav2_recovery_node_bt_node.so
[3.280s] -- Up-to-date symlink: /home/matthew/nav2_ws/install/nav2_behavior_tree/lib/libnav2_navigate_to_pose_action_bt_node.so
[3.280s] -- Up-to-date symlink: /home/matthew/nav2_ws/install/nav2_behavior_tree/lib/libnav2_navigate_through_poses_action_bt_node.so
[3.280s] -- Up-to-date symlink: /home/matthew/nav2_ws/install/nav2_behavior_tree/lib/libnav2_remove_passed_goals_action_bt_node.so
[3.281s] -- Up-to-date symlink: /home/matthew/nav2_ws/install/nav2_behavior_tree/lib/libnav2_get_pose_from_path_action_bt_node.so
[3.282s] -- Up-to-date symlink: /home/matthew/nav2_ws/install/nav2_behavior_tree/lib/libnav2_pipeline_sequence_bt_node.so
[3.282s] -- Up-to-date symlink: /home/matthew/nav2_ws/install/nav2_behavior_tree/lib/libnav2_round_robin_node_bt_node.so
[3.283s] -- Up-to-date symlink: /home/matthew/nav2_ws/install/nav2_behavior_tree/lib/libnav2_single_trigger_bt_node.so
[3.283s] -- Up-to-date symlink: /home/matthew/nav2_ws/install/nav2_behavior_tree/lib/libnav2_planner_selector_bt_node.so
[3.283s] -- Up-to-date symlink: /home/matthew/nav2_ws/install/nav2_behavior_tree/lib/libnav2_controller_selector_bt_node.so
[3.283s] -- Up-to-date symlink: /home/matthew/nav2_ws/install/nav2_behavior_tree/lib/libnav2_smoother_selector_bt_node.so
[3.284s] -- Up-to-date symlink: /home/matthew/nav2_ws/install/nav2_behavior_tree/lib/libnav2_goal_checker_selector_bt_node.so
[3.284s] -- Up-to-date symlink: /home/matthew/nav2_ws/install/nav2_behavior_tree/lib/libnav2_progress_checker_selector_bt_node.so
[3.284s] -- Up-to-date symlink: /home/matthew/nav2_ws/install/nav2_behavior_tree/lib/libnav2_goal_updated_controller_bt_node.so
[3.287s] -- Up-to-date symlink: /home/matthew/nav2_ws/install/nav2_behavior_tree/include//nav2_behavior_tree/behavior_tree_engine.hpp
[3.287s] -- Up-to-date symlink: /home/matthew/nav2_ws/install/nav2_behavior_tree/include//nav2_behavior_tree/bt_action_node.hpp
[3.287s] -- Up-to-date symlink: /home/matthew/nav2_ws/install/nav2_behavior_tree/include//nav2_behavior_tree/bt_action_server.hpp
[3.288s] -- Up-to-date symlink: /home/matthew/nav2_ws/install/nav2_behavior_tree/include//nav2_behavior_tree/bt_action_server_impl.hpp
[3.288s] -- Up-to-date symlink: /home/matthew/nav2_ws/install/nav2_behavior_tree/include//nav2_behavior_tree/bt_cancel_action_node.hpp
[3.288s] -- Up-to-date symlink: /home/matthew/nav2_ws/install/nav2_behavior_tree/include//nav2_behavior_tree/bt_conversions.hpp
[3.288s] -- Up-to-date symlink: /home/matthew/nav2_ws/install/nav2_behavior_tree/include//nav2_behavior_tree/bt_service_node.hpp
[3.289s] -- Up-to-date symlink: /home/matthew/nav2_ws/install/nav2_behavior_tree/include//nav2_behavior_tree/plugins/action/assisted_teleop_action.hpp
[3.289s] -- Up-to-date symlink: /home/matthew/nav2_ws/install/nav2_behavior_tree/include//nav2_behavior_tree/plugins/action/assisted_teleop_cancel_node.hpp
[3.289s] -- Up-to-date symlink: /home/matthew/nav2_ws/install/nav2_behavior_tree/include//nav2_behavior_tree/plugins/action/back_up_action.hpp
[3.290s] -- Up-to-date symlink: /home/matthew/nav2_ws/install/nav2_behavior_tree/include//nav2_behavior_tree/plugins/action/back_up_cancel_node.hpp
[3.290s] -- Up-to-date symlink: /home/matthew/nav2_ws/install/nav2_behavior_tree/include//nav2_behavior_tree/plugins/action/clear_costmap_service.hpp
[3.290s] -- Up-to-date symlink: /home/matthew/nav2_ws/install/nav2_behavior_tree/include//nav2_behavior_tree/plugins/action/compute_path_through_poses_action.hpp
[3.290s] -- Up-to-date symlink: /home/matthew/nav2_ws/install/nav2_behavior_tree/include//nav2_behavior_tree/plugins/action/compute_path_to_pose_action.hpp
[3.291s] -- Up-to-date symlink: /home/matthew/nav2_ws/install/nav2_behavior_tree/include//nav2_behavior_tree/plugins/action/controller_cancel_node.hpp
[3.291s] -- Up-to-date symlink: /home/matthew/nav2_ws/install/nav2_behavior_tree/include//nav2_behavior_tree/plugins/action/controller_selector_node.hpp
[3.291s] -- Up-to-date symlink: /home/matthew/nav2_ws/install/nav2_behavior_tree/include//nav2_behavior_tree/plugins/action/drive_on_heading_action.hpp
[3.291s] -- Up-to-date symlink: /home/matthew/nav2_ws/install/nav2_behavior_tree/include//nav2_behavior_tree/plugins/action/drive_on_heading_cancel_node.hpp
[3.292s] -- Up-to-date symlink: /home/matthew/nav2_ws/install/nav2_behavior_tree/include//nav2_behavior_tree/plugins/action/follow_path_action.hpp
[3.292s] -- Up-to-date symlink: /home/matthew/nav2_ws/install/nav2_behavior_tree/include//nav2_behavior_tree/plugins/action/get_pose_from_path_action.hpp
[3.292s] -- Up-to-date symlink: /home/matthew/nav2_ws/install/nav2_behavior_tree/include//nav2_behavior_tree/plugins/action/goal_checker_selector_node.hpp
[3.292s] -- Up-to-date symlink: /home/matthew/nav2_ws/install/nav2_behavior_tree/include//nav2_behavior_tree/plugins/action/navigate_through_poses_action.hpp
[3.293s] -- Up-to-date symlink: /home/matthew/nav2_ws/install/nav2_behavior_tree/include//nav2_behavior_tree/plugins/action/navigate_to_pose_action.hpp
[3.293s] -- Up-to-date symlink: /home/matthew/nav2_ws/install/nav2_behavior_tree/include//nav2_behavior_tree/plugins/action/planner_selector_node.hpp
[3.294s] -- Up-to-date symlink: /home/matthew/nav2_ws/install/nav2_behavior_tree/include//nav2_behavior_tree/plugins/action/progress_checker_selector_node.hpp
[3.294s] -- Up-to-date symlink: /home/matthew/nav2_ws/install/nav2_behavior_tree/include//nav2_behavior_tree/plugins/action/reinitialize_global_localization_service.hpp
[3.294s] -- Up-to-date symlink: /home/matthew/nav2_ws/install/nav2_behavior_tree/include//nav2_behavior_tree/plugins/action/remove_passed_goals_action.hpp
[3.295s] -- Up-to-date symlink: /home/matthew/nav2_ws/install/nav2_behavior_tree/include//nav2_behavior_tree/plugins/action/smooth_path_action.hpp
[3.295s] -- Up-to-date symlink: /home/matthew/nav2_ws/install/nav2_behavior_tree/include//nav2_behavior_tree/plugins/action/smoother_selector_node.hpp
[3.295s] -- Up-to-date symlink: /home/matthew/nav2_ws/install/nav2_behavior_tree/include//nav2_behavior_tree/plugins/action/spin_action.hpp
[3.295s] -- Up-to-date symlink: /home/matthew/nav2_ws/install/nav2_behavior_tree/include//nav2_behavior_tree/plugins/action/spin_cancel_node.hpp
[3.296s] -- Up-to-date symlink: /home/matthew/nav2_ws/install/nav2_behavior_tree/include//nav2_behavior_tree/plugins/action/truncate_path_action.hpp
[3.296s] -- Up-to-date symlink: /home/matthew/nav2_ws/install/nav2_behavior_tree/include//nav2_behavior_tree/plugins/action/truncate_path_local_action.hpp
[3.296s] -- Up-to-date symlink: /home/matthew/nav2_ws/install/nav2_behavior_tree/include//nav2_behavior_tree/plugins/action/wait_action.hpp
[3.296s] -- Up-to-date symlink: /home/matthew/nav2_ws/install/nav2_behavior_tree/include//nav2_behavior_tree/plugins/action/wait_cancel_node.hpp
[3.297s] -- Up-to-date symlink: /home/matthew/nav2_ws/install/nav2_behavior_tree/include//nav2_behavior_tree/plugins/condition/are_error_codes_present_condition.hpp
[3.297s] -- Up-to-date symlink: /home/matthew/nav2_ws/install/nav2_behavior_tree/include//nav2_behavior_tree/plugins/condition/distance_traveled_condition.hpp
[3.297s] -- Up-to-date symlink: /home/matthew/nav2_ws/install/nav2_behavior_tree/include//nav2_behavior_tree/plugins/condition/globally_updated_goal_condition.hpp
[3.297s] -- Up-to-date symlink: /home/matthew/nav2_ws/install/nav2_behavior_tree/include//nav2_behavior_tree/plugins/condition/goal_reached_condition.hpp
[3.297s] -- Up-to-date symlink: /home/matthew/nav2_ws/install/nav2_behavior_tree/include//nav2_behavior_tree/plugins/condition/goal_updated_condition.hpp
[3.298s] -- Up-to-date symlink: /home/matthew/nav2_ws/install/nav2_behavior_tree/include//nav2_behavior_tree/plugins/condition/initial_pose_received_condition.hpp
[3.298s] -- Up-to-date symlink: /home/matthew/nav2_ws/install/nav2_behavior_tree/include//nav2_behavior_tree/plugins/condition/is_battery_charging_condition.hpp
[3.298s] -- Up-to-date symlink: /home/matthew/nav2_ws/install/nav2_behavior_tree/include//nav2_behavior_tree/plugins/condition/is_battery_low_condition.hpp
[3.298s] -- Up-to-date symlink: /home/matthew/nav2_ws/install/nav2_behavior_tree/include//nav2_behavior_tree/plugins/condition/is_path_valid_condition.hpp
[3.299s] -- Up-to-date symlink: /home/matthew/nav2_ws/install/nav2_behavior_tree/include//nav2_behavior_tree/plugins/condition/is_stuck_condition.hpp
[3.299s] -- Up-to-date symlink: /home/matthew/nav2_ws/install/nav2_behavior_tree/include//nav2_behavior_tree/plugins/condition/path_expiring_timer_condition.hpp
[3.299s] -- Up-to-date symlink: /home/matthew/nav2_ws/install/nav2_behavior_tree/include//nav2_behavior_tree/plugins/condition/time_expired_condition.hpp
[3.299s] -- Up-to-date symlink: /home/matthew/nav2_ws/install/nav2_behavior_tree/include//nav2_behavior_tree/plugins/condition/transform_available_condition.hpp
[3.299s] -- Up-to-date symlink: /home/matthew/nav2_ws/install/nav2_behavior_tree/include//nav2_behavior_tree/plugins/condition/would_a_controller_recovery_help_condition.hpp
[3.300s] -- Up-to-date symlink: /home/matthew/nav2_ws/install/nav2_behavior_tree/include//nav2_behavior_tree/plugins/condition/would_a_planner_recovery_help_condition.hpp
[3.300s] -- Up-to-date symlink: /home/matthew/nav2_ws/install/nav2_behavior_tree/include//nav2_behavior_tree/plugins/condition/would_a_smoother_recovery_help_condition.hpp
[3.300s] -- Up-to-date symlink: /home/matthew/nav2_ws/install/nav2_behavior_tree/include//nav2_behavior_tree/plugins/control/pipeline_sequence.hpp
[3.300s] -- Up-to-date symlink: /home/matthew/nav2_ws/install/nav2_behavior_tree/include//nav2_behavior_tree/plugins/control/recovery_node.hpp
[3.301s] -- Up-to-date symlink: /home/matthew/nav2_ws/install/nav2_behavior_tree/include//nav2_behavior_tree/plugins/control/round_robin_node.hpp
[3.301s] -- Up-to-date symlink: /home/matthew/nav2_ws/install/nav2_behavior_tree/include//nav2_behavior_tree/plugins/decorator/distance_controller.hpp
[3.301s] -- Up-to-date symlink: /home/matthew/nav2_ws/install/nav2_behavior_tree/include//nav2_behavior_tree/plugins/decorator/goal_updated_controller.hpp
[3.301s] -- Up-to-date symlink: /home/matthew/nav2_ws/install/nav2_behavior_tree/include//nav2_behavior_tree/plugins/decorator/goal_updater_node.hpp
[3.302s] -- Up-to-date symlink: /home/matthew/nav2_ws/install/nav2_behavior_tree/include//nav2_behavior_tree/plugins/decorator/path_longer_on_approach.hpp
[3.302s] -- Up-to-date symlink: /home/matthew/nav2_ws/install/nav2_behavior_tree/include//nav2_behavior_tree/plugins/decorator/rate_controller.hpp
[3.302s] -- Up-to-date symlink: /home/matthew/nav2_ws/install/nav2_behavior_tree/include//nav2_behavior_tree/plugins/decorator/single_trigger_node.hpp
[3.302s] -- Up-to-date symlink: /home/matthew/nav2_ws/install/nav2_behavior_tree/include//nav2_behavior_tree/plugins/decorator/speed_controller.hpp
[3.302s] -- Up-to-date symlink: /home/matthew/nav2_ws/install/nav2_behavior_tree/include//nav2_behavior_tree/ros_topic_logger.hpp
[3.303s] -- Up-to-date symlink: /home/matthew/nav2_ws/install/nav2_behavior_tree/include/nav2_behavior_tree/utils//test_action_server.hpp
[3.303s] -- Up-to-date symlink: /home/matthew/nav2_ws/install/nav2_behavior_tree/include/nav2_behavior_tree/utils//test_behavior_tree_fixture.hpp
[3.305s] -- Up-to-date symlink: /home/matthew/nav2_ws/install/nav2_behavior_tree/include/nav2_behavior_tree/utils//test_dummy_tree_node.hpp
[3.305s] -- Up-to-date symlink: /home/matthew/nav2_ws/install/nav2_behavior_tree/include/nav2_behavior_tree/utils//test_service.hpp
[3.305s] -- Up-to-date symlink: /home/matthew/nav2_ws/install/nav2_behavior_tree/include/nav2_behavior_tree/utils//test_transform_handler.hpp
[3.305s] -- Up-to-date symlink: /home/matthew/nav2_ws/install/nav2_behavior_tree/share/nav2_behavior_tree/nav2_tree_nodes.xml
[3.306s] -- Up-to-date symlink: /home/matthew/nav2_ws/install/nav2_behavior_tree/share/nav2_behavior_tree/environment/library_path.sh
[3.306s] -- Up-to-date symlink: /home/matthew/nav2_ws/install/nav2_behavior_tree/share/nav2_behavior_tree/environment/library_path.dsv
[3.306s] -- Up-to-date symlink: /home/matthew/nav2_ws/install/nav2_behavior_tree/share/ament_index/resource_index/package_run_dependencies/nav2_behavior_tree
[3.306s] -- Up-to-date symlink: /home/matthew/nav2_ws/install/nav2_behavior_tree/share/ament_index/resource_index/parent_prefix_path/nav2_behavior_tree
[3.306s] -- Up-to-date symlink: /home/matthew/nav2_ws/install/nav2_behavior_tree/share/nav2_behavior_tree/environment/ament_prefix_path.sh
[3.307s] -- Up-to-date symlink: /home/matthew/nav2_ws/install/nav2_behavior_tree/share/nav2_behavior_tree/environment/ament_prefix_path.dsv
[3.307s] -- Up-to-date symlink: /home/matthew/nav2_ws/install/nav2_behavior_tree/share/nav2_behavior_tree/environment/path.sh
[3.307s] -- Up-to-date symlink: /home/matthew/nav2_ws/install/nav2_behavior_tree/share/nav2_behavior_tree/environment/path.dsv
[3.307s] -- Up-to-date symlink: /home/matthew/nav2_ws/install/nav2_behavior_tree/share/nav2_behavior_tree/local_setup.bash
[3.309s] -- Up-to-date symlink: /home/matthew/nav2_ws/install/nav2_behavior_tree/share/nav2_behavior_tree/local_setup.sh
[3.309s] -- Up-to-date symlink: /home/matthew/nav2_ws/install/nav2_behavior_tree/share/nav2_behavior_tree/local_setup.zsh
[3.309s] -- Up-to-date symlink: /home/matthew/nav2_ws/install/nav2_behavior_tree/share/nav2_behavior_tree/local_setup.dsv
[3.309s] -- Symlinking: /home/matthew/nav2_ws/install/nav2_behavior_tree/share/nav2_behavior_tree/package.dsv
[3.328s] -- Up-to-date symlink: /home/matthew/nav2_ws/install/nav2_behavior_tree/share/ament_index/resource_index/packages/nav2_behavior_tree
[3.329s] -- Up-to-date symlink: /home/matthew/nav2_ws/install/nav2_behavior_tree/share/nav2_behavior_tree/cmake/ament_cmake_export_include_directories-extras.cmake
[3.329s] -- Up-to-date symlink: /home/matthew/nav2_ws/install/nav2_behavior_tree/share/nav2_behavior_tree/cmake/ament_cmake_export_libraries-extras.cmake
[3.329s] -- Up-to-date symlink: /home/matthew/nav2_ws/install/nav2_behavior_tree/share/nav2_behavior_tree/cmake/ament_cmake_export_dependencies-extras.cmake
[3.329s] -- Up-to-date symlink: /home/matthew/nav2_ws/install/nav2_behavior_tree/share/nav2_behavior_tree/cmake/nav2_behavior_treeConfig.cmake
[3.329s] -- Up-to-date symlink: /home/matthew/nav2_ws/install/nav2_behavior_tree/share/nav2_behavior_tree/cmake/nav2_behavior_treeConfig-version.cmake
[3.330s] -- Up-to-date symlink: /home/matthew/nav2_ws/install/nav2_behavior_tree/share/nav2_behavior_tree/package.xml
[3.342s] Invoked command in '/home/matthew/nav2_ws/build/nav2_behavior_tree' returned '0': AMENT_PREFIX_PATH=/home/matthew/nav2_ws/install/nav2_util:/home/matthew/nav2_ws/install/nav2_msgs:/home/matthew/nav2_ws/install/nav2_common:${AMENT_PREFIX_PATH} CMAKE_PREFIX_PATH=/home/matthew/nav2_ws/install/nav2_util:/home/matthew/nav2_ws/install/nav2_msgs:/home/matthew/nav2_ws/install/nav2_common:/home/matthew/ros2_ws/install/ros2_laser_scan_matcher:/home/matthew/ros2_ws/install/opennav_docking_core:/home/matthew/ros2_ws/install/my_robot_description:/home/matthew/ros2_ws/install/map_msgs:/home/matthew/ros2_ws/install/fake_odometry:/home/matthew/ros2_ws/install/dwb_msgs:/home/matthew/ros2_ws/install/csm:/opt/ros/iron LD_LIBRARY_PATH=/home/matthew/nav2_ws/install/nav2_util/lib:/home/matthew/nav2_ws/install/nav2_msgs/lib:${LD_LIBRARY_PATH} PYTHONPATH=/home/matthew/nav2_ws/install/nav2_msgs/lib/python3.10/site-packages:/home/matthew/nav2_ws/install/nav2_common/lib/python3.10/site-packages:${PYTHONPATH} /usr/bin/cmake --install /home/matthew/nav2_ws/build/nav2_behavior_tree
