[0.092s] Invoking command in '/home/matthew/nav2_ws/build/nav2_smac_planner': AMENT_PREFIX_PATH=/home/matthew/nav2_ws/install/nav2_core:/home/matthew/nav2_ws/install/nav2_costmap_2d:/home/matthew/nav2_ws/install/nav2_map_server:/home/matthew/nav2_ws/install/nav2_lifecycle_manager:/home/matthew/nav2_ws/install/nav2_behavior_tree:/home/matthew/nav2_ws/install/nav2_util:/home/matthew/nav2_ws/install/nav2_voxel_grid:/home/matthew/nav2_ws/install/nav2_msgs:/home/matthew/nav2_ws/install/nav2_common:${AMENT_PREFIX_PATH} CMAKE_PREFIX_PATH=/home/matthew/nav2_ws/install/nav2_core:/home/matthew/nav2_ws/install/nav2_costmap_2d:/home/matthew/nav2_ws/install/nav2_map_server:/home/matthew/nav2_ws/install/nav2_lifecycle_manager:/home/matthew/nav2_ws/install/nav2_behavior_tree:/home/matthew/nav2_ws/install/nav2_util:/home/matthew/nav2_ws/install/nav2_voxel_grid:/home/matthew/nav2_ws/install/nav2_msgs:/home/matthew/nav2_ws/install/nav2_common:/home/matthew/ros2_ws/install/ros2_laser_scan_matcher:/home/matthew/ros2_ws/install/opennav_docking_core:/home/matthew/ros2_ws/install/my_robot_description:/home/matthew/ros2_ws/install/map_msgs:/home/matthew/ros2_ws/install/fake_odometry:/home/matthew/ros2_ws/install/dwb_msgs:/home/matthew/ros2_ws/install/csm:/opt/ros/iron LD_LIBRARY_PATH=/home/matthew/nav2_ws/install/nav2_costmap_2d/lib:/home/matthew/nav2_ws/install/nav2_map_server/lib:/home/matthew/nav2_ws/install/nav2_lifecycle_manager/lib:/home/matthew/nav2_ws/install/nav2_behavior_tree/lib:/home/matthew/nav2_ws/install/nav2_util/lib:/home/matthew/nav2_ws/install/nav2_voxel_grid/lib:/home/matthew/nav2_ws/install/nav2_msgs/lib:${LD_LIBRARY_PATH} PYTHONPATH=/home/matthew/nav2_ws/install/nav2_msgs/lib/python3.10/site-packages:/home/matthew/nav2_ws/install/nav2_common/lib/python3.10/site-packages:${PYTHONPATH} /usr/bin/cmake --build /home/matthew/nav2_ws/build/nav2_smac_planner -- -j6 -l6
[0.413s] [  3%] Built target gtest_main
[0.426s] [  6%] Built target gtest
[0.442s] [ 24%] Built target nav2_smac_planner
[0.501s] [ 42%] Built target nav2_smac_planner_2d
[0.512s] [ 60%] Built target nav2_smac_planner_lattice
[0.655s] [ 63%] Built target test_costmap_downsampler
[0.658s] [ 67%] Built target test_node2d
[0.668s] [ 70%] Built target test_nodebasic
[0.674s] [ 73%] Built target test_nodehybrid
[0.676s] [ 77%] Built target test_utils
[0.724s] [ 80%] Built target test_collision_checker
[0.796s] [ 83%] Built target test_a_star
[0.826s] [ 86%] Built target test_smac_lattice
[0.839s] [ 90%] Built target test_smac_hybrid
[0.859s] [ 93%] Built target test_smac_2d
[0.861s] [ 96%] Built target test_lattice_node
[0.880s] [100%] Built target test_smoother
[1.007s] Invoked command in '/home/matthew/nav2_ws/build/nav2_smac_planner' returned '0': AMENT_PREFIX_PATH=/home/matthew/nav2_ws/install/nav2_core:/home/matthew/nav2_ws/install/nav2_costmap_2d:/home/matthew/nav2_ws/install/nav2_map_server:/home/matthew/nav2_ws/install/nav2_lifecycle_manager:/home/matthew/nav2_ws/install/nav2_behavior_tree:/home/matthew/nav2_ws/install/nav2_util:/home/matthew/nav2_ws/install/nav2_voxel_grid:/home/matthew/nav2_ws/install/nav2_msgs:/home/matthew/nav2_ws/install/nav2_common:${AMENT_PREFIX_PATH} CMAKE_PREFIX_PATH=/home/matthew/nav2_ws/install/nav2_core:/home/matthew/nav2_ws/install/nav2_costmap_2d:/home/matthew/nav2_ws/install/nav2_map_server:/home/matthew/nav2_ws/install/nav2_lifecycle_manager:/home/matthew/nav2_ws/install/nav2_behavior_tree:/home/matthew/nav2_ws/install/nav2_util:/home/matthew/nav2_ws/install/nav2_voxel_grid:/home/matthew/nav2_ws/install/nav2_msgs:/home/matthew/nav2_ws/install/nav2_common:/home/matthew/ros2_ws/install/ros2_laser_scan_matcher:/home/matthew/ros2_ws/install/opennav_docking_core:/home/matthew/ros2_ws/install/my_robot_description:/home/matthew/ros2_ws/install/map_msgs:/home/matthew/ros2_ws/install/fake_odometry:/home/matthew/ros2_ws/install/dwb_msgs:/home/matthew/ros2_ws/install/csm:/opt/ros/iron LD_LIBRARY_PATH=/home/matthew/nav2_ws/install/nav2_costmap_2d/lib:/home/matthew/nav2_ws/install/nav2_map_server/lib:/home/matthew/nav2_ws/install/nav2_lifecycle_manager/lib:/home/matthew/nav2_ws/install/nav2_behavior_tree/lib:/home/matthew/nav2_ws/install/nav2_util/lib:/home/matthew/nav2_ws/install/nav2_voxel_grid/lib:/home/matthew/nav2_ws/install/nav2_msgs/lib:${LD_LIBRARY_PATH} PYTHONPATH=/home/matthew/nav2_ws/install/nav2_msgs/lib/python3.10/site-packages:/home/matthew/nav2_ws/install/nav2_common/lib/python3.10/site-packages:${PYTHONPATH} /usr/bin/cmake --build /home/matthew/nav2_ws/build/nav2_smac_planner -- -j6 -l6
[1.010s] Invoking command in '/home/matthew/nav2_ws/build/nav2_smac_planner': AMENT_PREFIX_PATH=/home/matthew/nav2_ws/install/nav2_core:/home/matthew/nav2_ws/install/nav2_costmap_2d:/home/matthew/nav2_ws/install/nav2_map_server:/home/matthew/nav2_ws/install/nav2_lifecycle_manager:/home/matthew/nav2_ws/install/nav2_behavior_tree:/home/matthew/nav2_ws/install/nav2_util:/home/matthew/nav2_ws/install/nav2_voxel_grid:/home/matthew/nav2_ws/install/nav2_msgs:/home/matthew/nav2_ws/install/nav2_common:${AMENT_PREFIX_PATH} CMAKE_PREFIX_PATH=/home/matthew/nav2_ws/install/nav2_core:/home/matthew/nav2_ws/install/nav2_costmap_2d:/home/matthew/nav2_ws/install/nav2_map_server:/home/matthew/nav2_ws/install/nav2_lifecycle_manager:/home/matthew/nav2_ws/install/nav2_behavior_tree:/home/matthew/nav2_ws/install/nav2_util:/home/matthew/nav2_ws/install/nav2_voxel_grid:/home/matthew/nav2_ws/install/nav2_msgs:/home/matthew/nav2_ws/install/nav2_common:/home/matthew/ros2_ws/install/ros2_laser_scan_matcher:/home/matthew/ros2_ws/install/opennav_docking_core:/home/matthew/ros2_ws/install/my_robot_description:/home/matthew/ros2_ws/install/map_msgs:/home/matthew/ros2_ws/install/fake_odometry:/home/matthew/ros2_ws/install/dwb_msgs:/home/matthew/ros2_ws/install/csm:/opt/ros/iron LD_LIBRARY_PATH=/home/matthew/nav2_ws/install/nav2_costmap_2d/lib:/home/matthew/nav2_ws/install/nav2_map_server/lib:/home/matthew/nav2_ws/install/nav2_lifecycle_manager/lib:/home/matthew/nav2_ws/install/nav2_behavior_tree/lib:/home/matthew/nav2_ws/install/nav2_util/lib:/home/matthew/nav2_ws/install/nav2_voxel_grid/lib:/home/matthew/nav2_ws/install/nav2_msgs/lib:${LD_LIBRARY_PATH} PYTHONPATH=/home/matthew/nav2_ws/install/nav2_msgs/lib/python3.10/site-packages:/home/matthew/nav2_ws/install/nav2_common/lib/python3.10/site-packages:${PYTHONPATH} /usr/bin/cmake --install /home/matthew/nav2_ws/build/nav2_smac_planner
[1.029s] -- Install configuration: "Release"
[1.029s] -- Execute custom install script
[1.029s] -- Up-to-date symlink: /home/matthew/nav2_ws/install/nav2_smac_planner/share/nav2_smac_planner//smac_plugin_hybrid.xml
[1.030s] -- Up-to-date symlink: /home/matthew/nav2_ws/install/nav2_smac_planner/share/nav2_smac_planner//smac_plugin_2d.xml
[1.030s] -- Up-to-date symlink: /home/matthew/nav2_ws/install/nav2_smac_planner/share/nav2_smac_planner//smac_plugin_lattice.xml
[1.031s] -- Up-to-date symlink: /home/matthew/nav2_ws/install/nav2_smac_planner/lib/libnav2_smac_planner.so
[1.031s] -- Up-to-date symlink: /home/matthew/nav2_ws/install/nav2_smac_planner/lib/libnav2_smac_planner_2d.so
[1.032s] -- Up-to-date symlink: /home/matthew/nav2_ws/install/nav2_smac_planner/lib/libnav2_smac_planner_lattice.so
[1.033s] -- Up-to-date symlink: /home/matthew/nav2_ws/install/nav2_smac_planner/include//nav2_smac_planner/a_star.hpp
[1.033s] -- Up-to-date symlink: /home/matthew/nav2_ws/install/nav2_smac_planner/include//nav2_smac_planner/analytic_expansion.hpp
[1.034s] -- Up-to-date symlink: /home/matthew/nav2_ws/install/nav2_smac_planner/include//nav2_smac_planner/collision_checker.hpp
[1.034s] -- Up-to-date symlink: /home/matthew/nav2_ws/install/nav2_smac_planner/include//nav2_smac_planner/constants.hpp
[1.035s] -- Up-to-date symlink: /home/matthew/nav2_ws/install/nav2_smac_planner/include//nav2_smac_planner/costmap_downsampler.hpp
[1.035s] -- Up-to-date symlink: /home/matthew/nav2_ws/install/nav2_smac_planner/include//nav2_smac_planner/node_2d.hpp
[1.036s] -- Up-to-date symlink: /home/matthew/nav2_ws/install/nav2_smac_planner/include//nav2_smac_planner/node_basic.hpp
[1.036s] -- Up-to-date symlink: /home/matthew/nav2_ws/install/nav2_smac_planner/include//nav2_smac_planner/node_hybrid.hpp
[1.037s] -- Up-to-date symlink: /home/matthew/nav2_ws/install/nav2_smac_planner/include//nav2_smac_planner/node_lattice.hpp
[1.038s] -- Up-to-date symlink: /home/matthew/nav2_ws/install/nav2_smac_planner/include//nav2_smac_planner/smac_planner_2d.hpp
[1.038s] -- Up-to-date symlink: /home/matthew/nav2_ws/install/nav2_smac_planner/include//nav2_smac_planner/smac_planner_hybrid.hpp
[1.039s] -- Up-to-date symlink: /home/matthew/nav2_ws/install/nav2_smac_planner/include//nav2_smac_planner/smac_planner_lattice.hpp
[1.039s] -- Up-to-date symlink: /home/matthew/nav2_ws/install/nav2_smac_planner/include//nav2_smac_planner/smoother.hpp
[1.039s] -- Up-to-date symlink: /home/matthew/nav2_ws/install/nav2_smac_planner/include//nav2_smac_planner/thirdparty/robin_hood.h
[1.040s] -- Up-to-date symlink: /home/matthew/nav2_ws/install/nav2_smac_planner/include//nav2_smac_planner/types.hpp
[1.040s] -- Up-to-date symlink: /home/matthew/nav2_ws/install/nav2_smac_planner/include//nav2_smac_planner/utils.hpp
[1.040s] -- Up-to-date symlink: /home/matthew/nav2_ws/install/nav2_smac_planner/share/nav2_smac_planner/sample_primitives/5cm_resolution/0.5m_turning_radius/ackermann/output.json
[1.041s] -- Up-to-date symlink: /home/matthew/nav2_ws/install/nav2_smac_planner/share/nav2_smac_planner/sample_primitives/5cm_resolution/0.5m_turning_radius/all_trajectories.png
[1.041s] -- Up-to-date symlink: /home/matthew/nav2_ws/install/nav2_smac_planner/share/nav2_smac_planner/sample_primitives/5cm_resolution/0.5m_turning_radius/diff/output.json
[1.042s] -- Up-to-date symlink: /home/matthew/nav2_ws/install/nav2_smac_planner/share/nav2_smac_planner/sample_primitives/5cm_resolution/0.5m_turning_radius/omni/output.json
[1.043s] -- Up-to-date symlink: /home/matthew/nav2_ws/install/nav2_smac_planner/share/nav2_smac_planner/sample_primitives/5cm_resolution/1m_turning_radius/ackermann/output.json
[1.043s] -- Up-to-date symlink: /home/matthew/nav2_ws/install/nav2_smac_planner/share/nav2_smac_planner/sample_primitives/5cm_resolution/1m_turning_radius/all_trajectories.png
[1.044s] -- Up-to-date symlink: /home/matthew/nav2_ws/install/nav2_smac_planner/share/nav2_smac_planner/sample_primitives/5cm_resolution/1m_turning_radius/diff/output.json
[1.044s] -- Up-to-date symlink: /home/matthew/nav2_ws/install/nav2_smac_planner/share/nav2_smac_planner/sample_primitives/5cm_resolution/1m_turning_radius/omni/output.json
[1.044s] -- Up-to-date symlink: /home/matthew/nav2_ws/install/nav2_smac_planner/share/nav2_smac_planner/environment/library_path.sh
[1.044s] -- Up-to-date symlink: /home/matthew/nav2_ws/install/nav2_smac_planner/share/nav2_smac_planner/environment/library_path.dsv
[1.044s] -- Up-to-date symlink: /home/matthew/nav2_ws/install/nav2_smac_planner/share/ament_index/resource_index/package_run_dependencies/nav2_smac_planner
[1.044s] -- Up-to-date symlink: /home/matthew/nav2_ws/install/nav2_smac_planner/share/ament_index/resource_index/parent_prefix_path/nav2_smac_planner
[1.044s] -- Up-to-date symlink: /home/matthew/nav2_ws/install/nav2_smac_planner/share/nav2_smac_planner/environment/ament_prefix_path.sh
[1.045s] -- Up-to-date symlink: /home/matthew/nav2_ws/install/nav2_smac_planner/share/nav2_smac_planner/environment/ament_prefix_path.dsv
[1.045s] -- Up-to-date symlink: /home/matthew/nav2_ws/install/nav2_smac_planner/share/nav2_smac_planner/environment/path.sh
[1.045s] -- Up-to-date symlink: /home/matthew/nav2_ws/install/nav2_smac_planner/share/nav2_smac_planner/environment/path.dsv
[1.045s] -- Up-to-date symlink: /home/matthew/nav2_ws/install/nav2_smac_planner/share/nav2_smac_planner/local_setup.bash
[1.045s] -- Up-to-date symlink: /home/matthew/nav2_ws/install/nav2_smac_planner/share/nav2_smac_planner/local_setup.sh
[1.045s] -- Up-to-date symlink: /home/matthew/nav2_ws/install/nav2_smac_planner/share/nav2_smac_planner/local_setup.zsh
[1.045s] -- Up-to-date symlink: /home/matthew/nav2_ws/install/nav2_smac_planner/share/nav2_smac_planner/local_setup.dsv
[1.045s] -- Symlinking: /home/matthew/nav2_ws/install/nav2_smac_planner/share/nav2_smac_planner/package.dsv
[1.062s] -- Up-to-date symlink: /home/matthew/nav2_ws/install/nav2_smac_planner/share/ament_index/resource_index/packages/nav2_smac_planner
[1.062s] -- Up-to-date symlink: /home/matthew/nav2_ws/install/nav2_smac_planner/share/ament_index/resource_index/nav2_core__pluginlib__plugin/nav2_smac_planner
[1.063s] -- Up-to-date symlink: /home/matthew/nav2_ws/install/nav2_smac_planner/share/nav2_smac_planner/cmake/ament_cmake_export_include_directories-extras.cmake
[1.064s] -- Up-to-date symlink: /home/matthew/nav2_ws/install/nav2_smac_planner/share/nav2_smac_planner/cmake/ament_cmake_export_libraries-extras.cmake
[1.064s] -- Up-to-date symlink: /home/matthew/nav2_ws/install/nav2_smac_planner/share/nav2_smac_planner/cmake/ament_cmake_export_dependencies-extras.cmake
[1.064s] -- Up-to-date symlink: /home/matthew/nav2_ws/install/nav2_smac_planner/share/nav2_smac_planner/cmake/nav2_smac_plannerConfig.cmake
[1.064s] -- Up-to-date symlink: /home/matthew/nav2_ws/install/nav2_smac_planner/share/nav2_smac_planner/cmake/nav2_smac_plannerConfig-version.cmake
[1.064s] -- Up-to-date symlink: /home/matthew/nav2_ws/install/nav2_smac_planner/share/nav2_smac_planner/package.xml
[1.118s] Invoked command in '/home/matthew/nav2_ws/build/nav2_smac_planner' returned '0': AMENT_PREFIX_PATH=/home/matthew/nav2_ws/install/nav2_core:/home/matthew/nav2_ws/install/nav2_costmap_2d:/home/matthew/nav2_ws/install/nav2_map_server:/home/matthew/nav2_ws/install/nav2_lifecycle_manager:/home/matthew/nav2_ws/install/nav2_behavior_tree:/home/matthew/nav2_ws/install/nav2_util:/home/matthew/nav2_ws/install/nav2_voxel_grid:/home/matthew/nav2_ws/install/nav2_msgs:/home/matthew/nav2_ws/install/nav2_common:${AMENT_PREFIX_PATH} CMAKE_PREFIX_PATH=/home/matthew/nav2_ws/install/nav2_core:/home/matthew/nav2_ws/install/nav2_costmap_2d:/home/matthew/nav2_ws/install/nav2_map_server:/home/matthew/nav2_ws/install/nav2_lifecycle_manager:/home/matthew/nav2_ws/install/nav2_behavior_tree:/home/matthew/nav2_ws/install/nav2_util:/home/matthew/nav2_ws/install/nav2_voxel_grid:/home/matthew/nav2_ws/install/nav2_msgs:/home/matthew/nav2_ws/install/nav2_common:/home/matthew/ros2_ws/install/ros2_laser_scan_matcher:/home/matthew/ros2_ws/install/opennav_docking_core:/home/matthew/ros2_ws/install/my_robot_description:/home/matthew/ros2_ws/install/map_msgs:/home/matthew/ros2_ws/install/fake_odometry:/home/matthew/ros2_ws/install/dwb_msgs:/home/matthew/ros2_ws/install/csm:/opt/ros/iron LD_LIBRARY_PATH=/home/matthew/nav2_ws/install/nav2_costmap_2d/lib:/home/matthew/nav2_ws/install/nav2_map_server/lib:/home/matthew/nav2_ws/install/nav2_lifecycle_manager/lib:/home/matthew/nav2_ws/install/nav2_behavior_tree/lib:/home/matthew/nav2_ws/install/nav2_util/lib:/home/matthew/nav2_ws/install/nav2_voxel_grid/lib:/home/matthew/nav2_ws/install/nav2_msgs/lib:${LD_LIBRARY_PATH} PYTHONPATH=/home/matthew/nav2_ws/install/nav2_msgs/lib/python3.10/site-packages:/home/matthew/nav2_ws/install/nav2_common/lib/python3.10/site-packages:${PYTHONPATH} /usr/bin/cmake --install /home/matthew/nav2_ws/build/nav2_smac_planner
